Your k-statistics (sorted by length):
Length (M.)	k_1	k_2	k_3
0.63	0.26143542	0.07767216	0.01595025
0.74	0.23740662	0.08455654	0.01455399
1.08	0.19209996	0.02792002	0.00063393
1.08	0.17176626	0.04378512	0.02110248
1.18	0.17363959	0.06926969	0.03206651
1.20	0.19638792	0.04906531	0.01101158
1.26	0.18354327	0.03234936	0.00600815
1.28	0.20862622	0.05270633	0.00216534
1.34	0.19705658	0.08136610	0.03681995
1.42	0.15681862	0.02929141	0.00736216
1.58	0.20068963	0.02933607	0.00541770
1.66	0.22332396	0.01942162	0.00140799
1.68	0.18643835	0.06348681	0.01797056
1.75	0.20192413	0.03205387	-0.00187740
1.81	0.20360870	0.02885146	0.00539892
1.87	0.17738737	0.01432698	-0.00136441
1.92	0.21968153	0.05646835	0.01429901
2.04	0.18206839	0.03205348	-0.00312808
2.15	0.17984511	0.03319912	0.00371051
2.23	0.20831338	0.05483325	0.01407813
2.69	0.19554197	0.03857242	0.00470212
2.86	0.21578104	0.04584817	0.01602886
1.752574607889148 6.921785584579151
1.7525746340045447 6.921785584579151
1.752574607889148 6.921785687721794
1.7574744627123344 6.7195737570660246
1.7574744889007448 6.7195737570660246
1.7574744627123344 6.719573857195476
1.906842748937808 6.3131364775396
1.9068427773519792 6.3131364775396
1.906842748937808 6.313136571612664
1.9128435577587684 6.305577389709459
1.9128435862623585 6.305577389709459
1.9128435577587684 6.305577483669884
1.9136076142048217 6.303623334100166
1.9136076427197972 6.303623334100166
1.9136076142048217 6.303623428031473
0.03454861263454889 1.9136076142048217 6.303623334100166 0.004280860974596311
0.07355849386049869 0.06722231322416083 0.05381416971035337 0.05364803800077631 0.05088313447129897 0.05020490526291966 0.04877720338226947 0.048089040379151675 0.046781050340059256 0.0450945188803338 0.041906409767860114 0.040514684172978 0.040246459288617455 0.039198478082225055 0.03824235728660589 0.03739212484265101 0.03675166586803911 0.03524909346452652 0.03404734155818596 0.03313087004075977 0.029167320493351013 0.02793792510138897
0.02743650948739788 0.02348581653184236 0.015895574556966583 0.015808687565759247 0.014390254479101009 0.01405039667785315 0.013345610486262729 0.013011108538691597 0.012384803779011971 0.011595878694685645 0.010163449166503446 0.009562960933209618 0.009449000035028299 0.009009291691796383 0.00861590881691679 0.008272407240308461 0.00801762304687383 0.007433429544845938 0.006980068669115979 0.00664274650789078 0.005269949069739109 0.0048732786452529275
