Your k-statistics (sorted by length):
Length (M.)	k_1	k_2	k_3
0.63	0.22981832	0.07081335	0.02603943
0.74	0.23823848	0.07968691	0.01178258
1.08	0.19372417	0.03384044	-0.00026755
1.08	0.16772890	0.05140225	0.02226184
1.18	0.18796887	0.07359265	0.02171426
1.20	0.18010761	0.04058044	0.00830416
1.26	0.18363001	0.03099006	0.00624358
1.28	0.17811811	0.04079608	0.00246343
1.34	0.19241043	0.06154402	0.02069878
1.42	0.18940219	0.04626808	0.01516565
1.58	0.21037487	0.03798369	0.01259577
1.66	0.21485771	0.03146413	0.00617446
1.68	0.18379674	0.05907475	0.01312530
1.75	0.21454999	0.03932473	0.00534669
1.81	0.21169755	0.02920602	0.00536859
1.87	0.17808409	0.02717285	0.00250237
1.92	0.18941253	0.04025770	0.00560632
2.04	0.19913140	0.05070706	0.00196654
2.15	0.17269280	0.03768294	0.00666722
2.23	0.19213768	0.04812612	0.02148903
2.69	0.19578797	0.03873042	0.00670981
2.86	0.20599196	0.04210952	0.00521905
1.752574607889148 6.921785584579151
1.7525746340045447 6.921785584579151
1.752574607889148 6.921785687721794
1.65949858319916 6.695189595427628
1.659498607927616 6.695189595427628
1.65949858319916 6.6951896951937275
1.429720824181661 7.316791146371851
1.4297208454861614 7.316791146371851
1.429720824181661 7.316791255400535
1.3952874679735359 7.431404460213685
1.3952874887649394 7.431404460213685
1.3952874679735359 7.4314045709502405
1.3973981567129434 7.4255986933370375
1.3973981775357986 7.4255986933370375
1.3973981567129434 7.42559880398708
0.028934265523940295 1.3973981567129434 7.4255986933370375 0.0021505728717747187
0.07304448660364429 0.06689238305721837 0.05387845935046674 0.05371716676650465 0.05103238252390833 0.05037367035452001 0.048986850202175435 0.04831828704941803 0.047047345394606324 0.045408155645352895 0.04230806086803738 0.04095408965330627 0.04069309145068829 0.03967318693139203 0.038742456065130215 0.037914615785627874 0.03729090627884911 0.03582722261663534 0.03465615425543315 0.03376282707877028 0.029896779676970527 0.028696765832432438
0.02794847785019809 0.02409888689507239 0.016667739440596876 0.016582193442547265 0.01518335968976782 0.014847499892698433 0.014150043387766776 0.013818536834655603 0.013196937401557909 0.012412121650351451 0.010981221866396804 0.010378767798635712 0.010264240712223883 0.009821735321832612 0.009424983649522949 0.009077827990902702 0.008819880595212078 0.0082268775529601 0.007765068946389687 0.007420468722997772 0.006007960525348586 0.005596305877255045
