Your k-statistics (sorted by length):
Length (M.)	k_1	k_2	k_3
0.63	0.25198756	0.07304189	0.00582073
0.74	0.25173655	0.09844739	0.01482319
1.08	0.18563100	0.02380161	-0.00220698
1.08	0.16576114	0.04096972	0.01098148
1.18	0.19545577	0.06105498	0.00540867
1.20	0.19714207	0.03321497	-0.00314333
1.26	0.18230504	0.04466888	0.00950391
1.28	0.18359537	0.04334041	0.00249340
1.34	0.18790665	0.07145763	0.03886035
1.42	0.18640504	0.03712614	0.01271351
1.58	0.20390027	0.02556625	0.00493275
1.66	0.21623496	0.02617153	0.00060022
1.68	0.20089444	0.05523681	0.01862749
1.75	0.21625624	0.03545615	-0.00008598
1.81	0.20617622	0.03478825	0.00675521
1.87	0.18544596	0.02246748	-0.00102188
1.92	0.20065559	0.04364690	0.01031802
2.04	0.17611080	0.03748530	-0.00002874
2.15	0.19232291	0.03841030	0.00562948
2.23	0.18751053	0.04686866	0.00918154
2.69	0.20228988	0.03894331	0.00453027
2.86	0.21805079	0.03931917	0.00171971
1.752574607889148 6.921785584579151
1.7525746340045447 6.921785584579151
1.752574607889148 6.921785687721794
3.5172624300317947 2.6437339371053064
2.33650052201614 5.923025808749411
2.336500556832711 5.923025808749411
2.33650052201614 5.923025897009373
3.2150594662386296 3.7824426093514707
3.215059514146749 3.7824426093514707
3.2150594662386296 3.7824426657142576
4.33989506504339 1.7603874351092852
3.554090604391081 3.313741715268494
3.5540906573511584 3.313741715268494
3.554090604391081 3.3137417646470935
4.1170317296775 2.303005423021216
3.7012332572178366 3.064734285847428
3.70123331237051 3.064734285847428
3.7012332572178366 3.0647343315155275
3.9907786100269442 2.563948773459362
3.9907786694941794 2.563948773459362
3.9907786100269442 2.563948811665176
4.313658378703858 2.083978674671665
4.079810866926094 2.4499874981137895
4.079810927720013 2.4499874981137895
4.079810866926094 2.449987534621448
4.048068401385413 2.5000859814427168
4.072547585029801 2.4629136294181952
4.072547645715489 2.4629136294181952
4.072547585029801 2.4629136661184683
4.09371503937219 2.4306539295579794
4.077838527912965 2.4548472470075366
4.077838588677494 2.4548472470075366
4.077838527912965 2.454847283587611
4.08192461648658 2.4486614638097914
4.081924677311997 2.4486614638097914
4.08192461648658 2.448661500297691
4.080911488097844 2.4502134215952984
4.080911548908165 2.4502134215952984
4.080911488097844 2.4502134581063237
0.0869153948861362 4.080911488097844 2.4502134215952984 0.0034645462088214746
0.07251895835058651 0.06593932521150667 0.05204824435270357 0.051876602859103574 0.04902228498576437 0.048322816085595986 0.04685135683780427 0.046142580208398246 0.044796301153582234 0.043062192575594745 0.03978999687754564 0.03836408917944485 0.03808945888889931 0.03701702567951709 0.03603940424293962 0.03517070899805189 0.03451675493513949 0.032983927835247825 0.03175941039440344 0.030826438972830713 0.026800133610594877 0.025554092305965566
0.02593405569964907 0.021836279537314183 0.014084516120410333 0.013997202631533182 0.012578064459298051 0.012239911710928246 0.011541187591173953 0.011210818004290813 0.010594562004172832 0.00982287656146875 0.008436322543080745 0.007861311270268451 0.007752639150593201 0.007334760450336271 0.00696290226251156 0.0066398173095369335 0.006401196903151027 0.005857528603472052 0.005439151634672049 0.00513000364858515 0.0038931014178025126 0.0035428904315932654
