Your k-statistics (sorted by length):
Length (M.)	k_1	k_2	k_3
0.63	0.24033047	0.07173941	0.02484666
0.74	0.23663527	0.10248848	0.03667118
1.08	0.19606185	0.02592103	-0.00257029
1.08	0.17546139	0.04149074	0.01337225
1.18	0.17646669	0.06780048	0.02920367
1.20	0.17838745	0.02656233	-0.00556286
1.26	0.20183467	0.04441702	0.01271955
1.28	0.19507605	0.04170542	0.00160941
1.34	0.19659317	0.07187810	0.03029507
1.42	0.17592180	0.02942684	0.00934773
1.58	0.20937146	0.02815114	0.00412940
1.66	0.21068005	0.03782031	0.00378734
1.68	0.18245341	0.06127978	0.01361967
1.75	0.21085843	0.04072164	0.00683103
1.81	0.19959658	0.04241634	0.01919339
1.87	0.17383232	0.02714087	0.00518184
1.92	0.20974388	0.04501857	0.00412032
2.04	0.17433556	0.05026117	0.00955437
2.15	0.19059697	0.04293902	0.00957794
2.23	0.21284176	0.04521828	0.00740999
2.69	0.20521321	0.03398674	0.00284069
2.86	0.20978932	0.03992682	0.00628063
1.752574607889148 6.921785584579151
1.7525746340045447 6.921785584579151
1.752574607889148 6.921785687721794
1.6793648062186026 6.507289079916767
1.6793648312430882 6.507289079916767
1.6793648062186026 6.50728917688293
1.953555905604837 5.763541114303511
1.9535559347150886 5.763541114303511
1.953555905604837 5.763541200186966
2.0075328167107 5.65252898877789
2.0075328466252698 5.65252898877789
2.0075328167107 5.652529073007136
2.0083228686462196 5.651479527594897
2.0083228985725623 5.651479527594897
2.0083228686462196 5.651479611808504
0.03834862165063091 2.0083228686462196 5.651479527594897 0.0035981853657288385
0.07524031828969094 0.06886792238700988 0.055307383922368974 0.05513875025452836 0.052330108288613106 0.051640552728465045 0.05018825253630363 0.049487870694020344 0.04815601518448408 0.046437489276500946 0.04318523536618161 0.04176404670607276 0.0414900436737962 0.04041918166309196 0.03944176685523961 0.03857226798622789 0.03791709324601363 0.036379323682567605 0.03514875550949145 0.03420991945044426 0.030145926591465186 0.02888420097319411
0.028458957640983922 0.024403744167476607 0.01655738973582565 0.01646716963378943 0.014993126035422456 0.014639615938715354 0.013906126980053807 0.013557821460548465 0.01290536731463883 0.012082957377782089 0.010588274472255212 0.009961174295794682 0.00984213116518598 0.009382722911057344 0.00897159912259008 0.008612521757975706 0.00834613675763118 0.007735202583196606 0.007260968601324044 0.0069080567409349584 0.005471452176688635 0.0050562920311544995
