Your k-statistics (sorted by length):
Length (M.)	k_1	k_2	k_3
0.63	0.25174923	0.07424130	0.01849916
0.74	0.23374824	0.10066117	0.03104888
1.08	0.19772894	0.02021913	-0.00393352
1.08	0.17174176	0.04125265	0.01135507
1.18	0.17265813	0.05701722	0.02133488
1.20	0.18718763	0.03312421	0.00113582
1.26	0.17835849	0.02690691	0.00531319
1.28	0.19107230	0.04184531	-0.00097709
1.34	0.17940759	0.07571870	0.03392054
1.42	0.17932187	0.03208801	0.00358189
1.58	0.20109330	0.03818838	0.00703636
1.66	0.21212910	0.02488433	0.00061293
1.68	0.19864879	0.06522706	0.01760912
1.75	0.20625406	0.03221545	-0.00175376
1.81	0.20274464	0.03409412	0.00700318
1.87	0.18053158	0.02267843	0.00155452
1.92	0.19019494	0.03190445	0.00366235
2.04	0.16927347	0.03524225	-0.00063676
2.15	0.19002612	0.03924217	0.00861338
2.23	0.21242150	0.04966519	0.00954847
2.69	0.21630934	0.04242556	0.00364865
2.86	0.20526321	0.04003309	0.01004808
1.752574607889148 6.921785584579151
1.7525746340045447 6.921785584579151
1.752574607889148 6.921785687721794
3.333413817784512 2.9267756170100987
2.240987814488814 5.965150927224814
2.2409878478821343 5.965150927224814
2.240987814488814 5.96515101611249
3.045558098931706 3.973303551163798
3.0455581443140582 3.973303551163798
3.045558098931706 3.973303610370635
4.06095907501755 2.080224004527264
3.348922615627639 3.530139583745476
3.3489226655304747 3.530139583745476
3.348922615627639 3.5301396363486552
3.855286756235107 2.5828842405885863
3.480630335338343 3.2961328326235635
3.4806303872037767 3.2961328326235635
3.480630335338343 3.29613288173977
3.7401011471084233 2.8259209337444733
3.7401012028402736 2.8259209337444733
3.7401011471084233 2.8259209758539767
4.025049137970486 2.370696841113406
4.025049197948392 2.370696841113406
4.025049137970486 2.370696876439542
4.110564491032489 2.2671901015203373
4.110564552284673 2.2671901015203373
4.110564491032489 2.2671901353041024
3.9582721822663327 2.4883532442288354
4.073088246557712 2.3228871507033357
4.0730883072514565 2.3228871507033357
4.073088246557712 2.3228871853170516
4.035455004291507 2.378478240494414
4.063829894834008 2.336885268794238
4.063829955389792 2.336885268794238
4.063829894834008 2.3368853036165422
4.073268168049632 2.323007827191626
4.066194796591237 2.3334195417638632
4.066194857182261 2.3334195417638632
4.066194796591237 2.333419576534524
0.08960482782093382 4.066194796591237 2.3334195417638632 0.003970611249106221
0.07250553391472926 0.06599351886710904 0.052210531177664554 0.05203992907939697 0.04920183560715914 0.048506037778258786 0.04704191034204435 0.04633647648437117 0.044996209489046174 0.04326919549953314 0.040008408072782144 0.038586669056256497 0.03831278613059303 0.037243100503510915 0.03626774778771174 0.035400880873054624 0.034748187408855144 0.03321792855767022 0.031995077427434904 0.031063148666906383 0.027039147345178323 0.025793117858013786
0.026408430724011896 0.02228086820290053 0.014439074622244103 0.014350459841679783 0.01290915811839446 0.012565434487158827 0.011854831775729428 0.011518669262634468 0.010891295579240371 0.010105097138888932 0.008690718696812308 0.008103468683285186 0.007992435109164005 0.007565328220063266 0.007185056105671872 0.00685450127426441 0.006610265847847463 0.006053481893414815 0.005624693352692415 0.005307665165929186 0.004037497114720679 0.0036773088092619593
