Your k-statistics (sorted by length):
Length (M.)	k_1	k_2	k_3
0.63	0.23221854	0.07857718	0.02306339
0.74	0.21804428	0.06057275	0.00290238
1.08	0.18302402	0.02379679	0.00297700
1.08	0.17046526	0.05048412	0.02151741
1.18	0.18457222	0.06405151	0.01571849
1.20	0.15784318	0.03103089	-0.00192791
1.26	0.17604220	0.02723787	0.00791990
1.28	0.19645420	0.03871331	0.00102597
1.34	0.20646635	0.09104675	0.05911344
1.42	0.17064571	0.03889698	0.01796048
1.58	0.20886208	0.04273754	0.00934910
1.66	0.22564005	0.01929257	-0.00342990
1.68	0.19041492	0.05632758	0.01656325
1.75	0.19979092	0.04133442	0.00518303
1.81	0.20164344	0.03414477	0.00985451
1.87	0.17585587	0.03032721	0.00926690
1.92	0.21580293	0.04353219	0.00681136
2.04	0.17598644	0.03799274	0.00130060
2.15	0.18039018	0.03485484	0.00174861
2.23	0.21823952	0.04929911	0.00855096
2.69	0.19248914	0.03588500	0.00466488
2.86	0.21976736	0.03832665	0.00311237
1.752574607889148 6.921785584579151
1.7525746340045447 6.921785584579151
1.752574607889148 6.921785687721794
0.3789930569200126 10.799172792695925
1.4218127254625001 7.8955156252272145
1.4218127466491608 7.8955156252272145
1.4218127254625001 7.8955157428795655
0.7863962781968357 9.85164966926711
0.7863962930979969 9.85164966926711
0.7863962781968357 9.851649816068129
0.779556341806722 10.037270394740741
0.7795563567078831 10.037270394740741
0.779556341806722 10.037270544307725
0.7829150147491124 10.027954882400007
0.7829150296502736 10.027954882400007
0.7829150147491124 10.02795503182818
0.021457311841306503 0.7829150147491124 10.027954882400007 0.0044197373570109885
0.06936475073301179 0.06348993542459822 0.051213596297527156 0.05106255329210081 0.04855182719437322 0.047936780525128904 0.04664306977910676 0.04601994767331729 0.044836349044037785 0.04331159322108852 0.04043304387812116 0.0391777858959648 0.03893594471826759 0.037991285376733575 0.03712974069004341 0.03636383997718179 0.03578703880228113 0.03443422155355222 0.033352613246417785 0.03252796006556645 0.02896307206399306 0.02785774013282216
0.026473652983088253 0.022970531470124626 0.016263816999296368 0.01618676066962394 0.014926275416387275 0.01462343015098475 0.013994156254743404 0.01369484297918216 0.01313315436613683 0.012422960798921688 0.011124267987489531 0.010575588156439943 0.010471133749409039 0.010067054796837813 0.009704041321305349 0.009385799903768382 0.009148941580820184 0.008603023138889472 0.008176392897802616 0.007857098733951342 0.006538268112565425 0.006150287039853527
