Your k-statistics (sorted by length):
Length (M.)	k_1	k_2	k_3
0.63	0.24119805	0.06667375	-0.00433147
0.74	0.21193164	0.08563142	0.03283937
1.08	0.18020409	0.02546093	-0.00013493
1.08	0.17094347	0.04440735	0.02023333
1.18	0.19028709	0.06127763	0.01278873
1.20	0.19067977	0.03405571	-0.00316034
1.26	0.16847930	0.03252496	0.01012365
1.28	0.20963701	0.03509145	-0.00641402
1.34	0.18908771	0.08168866	0.04470676
1.42	0.17687841	0.03441727	0.00909723
1.58	0.19421395	0.03294699	0.00709088
1.66	0.22108326	0.02297995	-0.00192394
1.68	0.18858614	0.05321413	0.01226896
1.75	0.19646819	0.02863085	-0.00003784
1.81	0.21321556	0.04719625	0.02596764
1.87	0.17947155	0.03165788	0.00895211
1.92	0.20093492	0.03628140	0.00595203
2.04	0.18474967	0.04565883	0.00116316
2.15	0.18060751	0.03037727	0.00178247
2.23	0.20518780	0.04089593	0.01048963
2.69	0.19960264	0.03373310	0.00143807
2.86	0.21549612	0.03703164	0.00571404
1.752574607889148 6.921785584579151
1.7525746340045447 6.921785584579151
1.752574607889148 6.921785687721794
1.542994703438236 8.101659605952706
1.542994726430649 8.101659605952706
1.542994703438236 8.101659726676843
1.613604076302671 7.959748231374123
1.6136041003472457 7.959748231374123
1.613604076302671 7.959748349983614
1.6169491145198331 7.951778039163605
1.6169491386142525 7.951778039163605
1.6169491145198331 7.951778157654331
1.6169669303435152 7.9517619643449855
1.6169669544382002 7.9517619643449855
1.6169669303435152 7.951762082835472
0.027040868627752013 1.6169669303435152 7.9517619643449855 0.004018959948548182
0.06929006432144863 0.06317214517030252 0.05036353142779313 0.050205895805549655 0.04758590667007997 0.04694421701039267 0.04559467351852452 0.04494477434630467 0.04371054961813618 0.04212109181852123 0.03912227685896412 0.037815461404429214 0.037563754762365675 0.036580778753807226 0.03568460284422981 0.03488817682875632 0.03428855416693176 0.03288279324126198 0.03175945946624111 0.030903364034207244 0.02720635592555904 0.026061332180507112
0.02560025090696165 0.021894185597028958 0.014853268244677292 0.014773157032595284 0.013466493087630238 0.013153708636310154 0.012505374960402714 0.012197796739288804 0.011622094587052196 0.010897195319259426 0.009581451157011561 0.009029883176703843 0.008925197416943495 0.008521232926558377 0.008159749813766113 0.00784402239076006 0.0076097793926051555 0.007072446899995149 0.0066551709631004876 0.0063445027680980245 0.00507786764210531 0.004710969540836659
