Your k-statistics (sorted by length):
Length (M.)	k_1	k_2	k_3
0.63	0.23134692	0.06135688	0.00781031
0.74	0.22939276	0.08026812	0.01473067
1.08	0.19424977	0.04350287	0.01413021
1.08	0.16322959	0.03525654	0.01240365
1.18	0.17837608	0.05696763	0.01469684
1.20	0.18860895	0.03646312	0.00002453
1.26	0.16770364	0.02932096	0.00376189
1.28	0.19028791	0.03355120	-0.00332800
1.34	0.19352229	0.07537610	0.03046470
1.42	0.17102430	0.02979768	0.00570495
1.58	0.19441931	0.03238675	0.00743532
1.66	0.21461488	0.02288957	-0.00302433
1.68	0.17503355	0.05691296	0.01655439
1.75	0.20688664	0.05047100	0.00285019
1.81	0.21001245	0.03263973	0.00543601
1.87	0.17487319	0.02792333	0.00528359
1.92	0.19732779	0.04407473	0.01142942
2.04	0.18740267	0.04034394	-0.00051545
2.15	0.16627164	0.03834498	0.00331116
2.23	0.20533342	0.04102461	0.00735196
2.69	0.19891542	0.03865053	0.00178936
2.86	0.20988056	0.04567259	0.00714640
1.752574607889148 6.921785584579151
1.7525746340045447 6.921785584579151
1.752574607889148 6.921785687721794
1.6754203606367448 7.694865909133801
1.6754203856024537 7.694865909133801
1.6754203606367448 7.694866023796238
1.7281281953826741 7.5822592126117625
1.728128221133791 7.5822592126117625
1.7281281953826741 7.58225932559623
1.7263148871803498 7.588695887495076
1.7263149129044462 7.588695887495076
1.7263148871803498 7.588696000575457
1.726558557781222 7.587987724985862
1.7265585835089492 7.587987724985862
1.726558557781222 7.58798783805569
0.027883374650110593 1.726558557781222 7.587987724985862 0.0028506349685719734
0.06890443350260231 0.06281647143171758 0.05005499682441179 0.049897833648914335 0.04728538519654769 0.04664545735694094 0.045299517869643674 0.044651307470234 0.0434202108648892 0.041834638698977154 0.03884276570258551 0.03753883591333949 0.037287676377819885 0.036306811724920174 0.035412527644908036 0.03461775828334328 0.034019368593698765 0.0326164539015513 0.03149535393500337 0.030640939185729917 0.02695101051516428 0.02580813128202206
0.025668720764914332 0.021927501329852394 0.014817678880444725 0.01473681510542752 0.013418141090439218 0.013102567761636777 0.012448580645246982 0.012138386605906592 0.0115579167582957 0.010827281575050562 0.009502040497615914 0.008946908477449386 0.008841577901808988 0.008435226619279996 0.008071752459794905 0.007754406203507263 0.007519039145935069 0.006979394982320292 0.0065606022978193426 0.006248977689282235 0.004980219589174515 0.004613328994621938
