Your k-statistics (sorted by length):
Length (M.)	k_1	k_2	k_3
0.63	0.23242913	0.05616729	0.00552483
0.74	0.26225983	0.12266237	0.05619967
1.08	0.18762896	0.03654097	0.00128027
1.08	0.18130659	0.04187588	0.01633930
1.18	0.18475672	0.05591543	0.01101773
1.20	0.19779972	0.05326422	0.02439104
1.26	0.16987054	0.03710548	0.01057395
1.28	0.17607861	0.03523352	0.00168244
1.34	0.17435064	0.07693606	0.04560583
1.42	0.18373996	0.05349854	0.01266797
1.58	0.19645706	0.03681291	0.01019249
1.66	0.21843192	0.02762778	0.00306294
1.68	0.18948437	0.05483868	0.00623481
1.75	0.20235773	0.03913486	0.01311996
1.81	0.19138385	0.03118226	0.00703797
1.87	0.18218670	0.02110993	0.00248337
1.92	0.20745080	0.04995226	0.00852892
2.04	0.17353397	0.03630998	0.00091605
2.15	0.17471867	0.03272709	0.00761660
2.23	0.20859291	0.05084246	0.01280984
2.69	0.20887345	0.03987747	0.00324340
2.86	0.20767641	0.02510523	-0.00051116
1.752574607889148 6.921785584579151
1.7525746340045447 6.921785584579151
1.752574607889148 6.921785687721794
1.6670933383542248 6.274819652553608
1.6670933631958513 6.274819652553608
1.6670933383542248 6.274819746055708
2.639438309582355 3.6955642387884633
1.910311297768712 5.630315052975639
1.9103113262345686 5.630315052975639
1.910311297768712 5.630315136873872
2.1820731501000283 4.974809182962805
2.182073182615452 4.974809182962805
2.1820731501000283 4.974809257093239
2.748112194953389 3.6733601444995934
2.7481122359034518 3.6733601444995934
2.748112194953389 3.673360199236925
3.4279989280008776 2.427597795477382
2.9447684322727943 3.3780434723926303
2.9447684761532633 3.3780434723926303
2.9447684322727943 3.3780435227294006
3.28232118766279 2.753863540536076
3.282321236573187 2.753863540536076
3.28232118766279 2.7538635815718404
3.6653904821384886 2.1565358535553685
3.389055517180411 2.6121624959821865
3.3890555676812735 2.6121624959821865
3.389055517180411 2.612162534906441
3.5788509399641177 2.3123903992298174
3.5788509932931527 2.3123903992298174
3.5788509399641177 2.3123904336871193
3.784251195406704 2.0230871887998636
3.784251251796441 2.0230871887998636
3.784251195406704 2.023087218946212
4.003846263342713 1.74440525784786
3.843600180462416 1.9571664124530492
3.843600237736522 1.9571664124530492
3.843600180462416 1.9571664416171015
3.952452847175672 1.817086078092182
3.9524529060718088 1.817086078092182
3.952452847175672 1.8170861051688745
3.982418830797935 1.784390474092902
3.9824188901406 1.784390474092902
3.982418830797935 1.7843905006823921
4.039226975011653 1.7162678968346736
4.039227035200825 1.7162678968346736
4.039226975011653 1.7162679224090582
4.0253214175179215 1.7335414646369662
4.025321477499885 1.7335414646369662
4.0253214175179215 1.733541490468747
4.0540932591431655 1.6997902598463317
4.032538740889657 1.7251244929840632
4.032538800979166 1.7251244929840632
4.032538740889657 1.7251245186904214
0.11877071523398652 4.032538740889657 1.7251244929840632 0.004848524756540628
0.07678976042524002 0.0702910130986081 0.056344800788726106 0.05617051764845085 0.05326516550861607 0.05255114216254947 0.051046428645047645 0.050320358002211844 0.04893894492594187 0.047155170725017785 0.04377576094883346 0.042297636209123975 0.04201256746376093 0.040898196170109334 0.039880718542264874 0.038975313061668626 0.038292923447162786 0.03669076974909744 0.03540819788177152 0.03442941811115461 0.03019013340168206 0.02887328591183067
0.02933511845185217 0.025036135245540905 0.016671563903745124 0.016575313347603014 0.01500356688014937 0.014626936625814303 0.013846004769345185 0.013475462370654931 0.012781954348300735 0.011909115711574741 0.010327620165867697 0.00966642729126793 0.009541094993760614 0.009058011500926322 0.00862656178279596 0.008250457201279824 0.007971910493368546 0.00733473502463661 0.006841876563989915 0.006476202120963539 0.004999124256555858 0.004576352813921802
