Your k-statistics (sorted by length):
Length (M.)	k_1	k_2	k_3
0.63	0.23780840	0.06652288	0.02974058
0.74	0.24677464	0.10419431	0.03089696
1.08	0.18035766	0.02144196	-0.00458604
1.08	0.17781261	0.04041341	0.00973528
1.18	0.16664896	0.05832168	0.01696391
1.20	0.16667957	0.02179985	-0.00202457
1.26	0.19484933	0.03522459	0.01074026
1.28	0.20039809	0.04178917	0.00001104
1.34	0.19543478	0.06991012	0.02906526
1.42	0.18133181	0.03563513	0.00735532
1.58	0.22257553	0.03049582	0.00330414
1.66	0.22564183	0.02213420	0.00002828
1.68	0.20120111	0.05738431	0.00799622
1.75	0.19625655	0.04028255	0.01037765
1.81	0.20649197	0.02873111	0.00590536
1.87	0.18226820	0.02773839	0.00731093
1.92	0.19836931	0.03849512	0.00464762
2.04	0.17811150	0.04029332	0.00172225
2.15	0.17347723	0.03109134	0.00338333
2.23	0.19717620	0.03533891	0.00756616
2.69	0.20661551	0.04502873	0.00340917
2.86	0.19905334	0.03455908	0.00462468
1.752574607889148 6.921785584579151
1.7525746340045447 6.921785584579151
1.752574607889148 6.921785687721794
3.644008670426527 2.4335836752908877
2.400342630825203 5.890771987225506
2.4003426665930956 5.890771987225506
2.400342630825203 5.890772075004849
3.3306271426807665 3.640229713712737
3.3306271923109785 3.640229713712737
3.3306271426807665 3.6402297679563866
4.536921165754105 1.5247570649262054
3.6955210488270347 3.152889432570324
3.6955211038945897 3.152889432570324
3.6955210488270347 3.1528894795520377
4.301342993180057 2.0966829086334027
3.853931144919445 2.8929504598331537
3.8539312023474945 2.8929504598331537
3.853931144919445 2.8929505029414746
4.166795370720087 2.370682244659367
4.166795432810177 2.370682244659367
4.166795370720087 2.370682279985285
4.52037474278592 1.8750717725987183
4.265013535218096 2.2544123036360846
4.26501359877175 2.2544123036360846
4.265013535218096 2.2544123372294456
4.44005254675901 2.005367382928109
4.440052612920949 2.005367382928109
4.44005254675901 2.0053674128104113
4.398983079118307 2.0694351250721716
4.398983144668263 2.0694351250721716
4.398983079118307 2.069435155909158
4.489961252061988 1.947416769605688
4.421968365105841 2.039111523422574
4.421968430998304 2.039111523422574
4.421968365105841 2.0391115538077034
4.444883129922406 2.0087345956264038
4.427764721004423 2.0315688103758482
4.427764786983259 2.0315688103758482
4.427764721004423 2.031568840648583
0.10240185480945552 4.427764721004423 2.0315688103758482 0.003412689638911005
0.07137442922512698 0.06485874349265576 0.05112036372562436 0.05095076548364632 0.048131001192492945 0.047440166212055775 0.045987084957247876 0.045287264979589584 0.043958185822692744 0.04224659448770261 0.03901800238465692 0.03761155149883813 0.03734070033620661 0.036283122661705705 0.03531917912072078 0.03446274605534336 0.033818089961556434 0.032307281125139205 0.031100577758573233 0.030181311722523165 0.02621544344029793 0.024988519961102736
0.025626102916412954 0.021547911908922312 0.013852218788870078 0.013765707410015095 0.012360233885383041 0.01202551838843025 0.011334129541821622 0.0110073409135837 0.010397965635842088 0.009635281243828136 0.008266057345550415 0.007698704394938469 0.007591512704294064 0.007179428296213426 0.006812866150207704 0.006494493938198469 0.0062594230797791695 0.005724070539946879 0.005312320760624792 0.0050082048077074335 0.0037927133176710046 0.0034489825775014553
