Your k-statistics (sorted by length):
Length (M.)	k_1	k_2	k_3
0.63	0.23458360	0.04449182	-0.00900801
0.74	0.23302138	0.07683721	0.01143452
1.08	0.17479078	0.02770914	-0.00085722
1.08	0.15483416	0.04161253	0.01227253
1.18	0.19438450	0.08279953	0.02560096
1.20	0.18742470	0.04604908	0.01589471
1.26	0.18048346	0.02419514	0.01006530
1.28	0.19273614	0.04228788	-0.00343365
1.34	0.18416497	0.07329762	0.03459523
1.42	0.18068442	0.03484274	0.01260115
1.58	0.21149880	0.03378220	0.00198923
1.66	0.22726322	0.03254676	-0.00212838
1.68	0.18627501	0.05950630	0.01544660
1.75	0.20810801	0.04005416	-0.00179109
1.81	0.19336209	0.02456015	0.00065050
1.87	0.16829594	0.01916416	0.00101050
1.92	0.19250080	0.03822427	0.00758238
2.04	0.18272451	0.04171532	0.00137000
2.15	0.17396826	0.03254812	0.00796233
2.23	0.19873726	0.04443927	0.00740563
2.69	0.21214947	0.03983880	0.00373320
2.86	0.21677662	0.03721065	0.00515621
1.752574607889148 6.921785584579151
1.7525746340045447 6.921785584579151
1.752574607889148 6.921785687721794
0.7518112755502897 10.61756137099871
0.7518112904514509 10.61756137099871
0.7518112755502897 10.617561529212702
1.0485257028392911 10.157725662128193
1.0485257184635417 10.157725662128193
1.0485257028392911 10.157725813490101
1.0544158396951138 10.173088773012305
1.0544158554071341 10.173088773012305
1.0544158396951138 10.17308892460314
1.0543749939288578 10.173566764818704
1.0543750096402695 10.173566764818704
1.0543749939288578 10.173566916416663
0.02108885086918766 1.0543749939288578 10.173566764818704 0.004216404147639031
0.06659583962912385 0.06072863845219415 0.04854464679572723 0.048395395572892734 0.045916816294116036 0.04531032553739462 0.044035488099464934 0.043421880721315226 0.04225711512116155 0.04075808877911846 0.03793261333098417 0.036702335269326036 0.03646543433462197 0.03554046569774118 0.034697423828543156 0.03394840596334783 0.0333845877346222 0.03206311907501361 0.03100747313142831 0.03020314494864705 0.026731276434825427 0.025656438140890254
0.024715665039730755 0.021275542662308043 0.014759610952109339 0.014685376770294925 0.013473422435127709 0.013182926625181644 0.012580212112973409 0.012293970700605186 0.011757605786419286 0.011080975901462948 0.00984845746625178 0.009329748843583653 0.00923114434114196 0.008850145582639845 0.0085084954818598 0.008209491689639564 0.007987270917434406 0.007476173712139587 0.007077861987439752 0.00678043258536496 0.0055586258646295105 0.005201472718335524
