Your k-statistics (sorted by length):
Length (M.)	k_1	k_2	k_3
0.63	0.24168907	0.07434740	0.01638563
0.74	0.22168571	0.08065156	0.03616581
1.08	0.18752150	0.03109469	-0.00047681
1.08	0.19058053	0.03856374	0.01104313
1.18	0.20177059	0.08409848	0.03409283
1.20	0.16576464	0.02283519	-0.00492886
1.26	0.18445171	0.04129680	0.01384627
1.28	0.17224726	0.03764656	0.00163773
1.34	0.18717377	0.06632704	0.03352318
1.42	0.18852939	0.04915534	0.01061562
1.58	0.22022061	0.03805363	0.00283094
1.66	0.20388501	0.02376114	-0.00057238
1.68	0.19625889	0.05662179	0.00860218
1.75	0.20951631	0.03947136	-0.00287398
1.81	0.19260376	0.03128110	0.00754734
1.87	0.16354888	0.01342732	-0.00093331
1.92	0.19537521	0.03672103	0.00515038
2.04	0.16899471	0.03125024	-0.00227998
2.15	0.17454306	0.04197605	0.00755663
2.23	0.20100858	0.03979651	0.00688275
2.69	0.18807592	0.03781788	0.00578874
2.86	0.21298285	0.04525085	0.00699392
1.752574607889148 6.921785584579151
1.7525746340045447 6.921785584579151
1.752574607889148 6.921785687721794
3.3940624653204683 2.4882831239152168
2.195725916043034 5.826103800708042
2.1957259487618996 5.826103800708042
2.195725916043034 5.826103887523754
3.0843440513629514 3.6356781746521243
3.0843440973232594 3.6356781746521243
3.0843440513629514 3.6356782288279508
3.437088154795931 3.1615505432598665
3.4370882060125356 3.1615505432598665
3.437088154795931 3.161550590370641
4.022660584403207 2.134902315720702
3.590269793981526 2.908881315304608
3.590269847480715 2.908881315304608
3.590269793981526 2.908881358650317
3.892384759770924 2.400991602076982
3.8923848177719766 2.400991602076982
3.892384759770924 2.4009916378545446
3.9867291103724685 2.2873002134657687
3.9867291697793616 2.2873002134657687
3.9867291103724685 2.2873002475491977
4.155280904338218 2.0446139013465645
4.029556511519908 2.227113331218475
4.029556571564979 2.227113331218475
4.029556511519908 2.22711336440505
4.019227675275934 2.2424220079926447
4.019227735167093 2.2424220079926447
4.019227675275934 2.2424220414073366
3.9980872406168313 2.2727080409673928
3.9980873001929735 2.2727080409673928
3.9980872406168313 2.2727080748333814
4.006905559734541 2.260090542628231
4.000335430848072 2.2695845986821586
4.000335490457715 2.2695845986821586
4.000335430848072 2.2695846325016045
0.09066117688146402 4.000335430848072 2.2695845986821586 0.0036710583640386695
0.0727036940185175 0.0662546879609448 0.05256425540721125 0.05239444806441347 0.04956831346290133 0.04887508413963443 0.04741589467187781 0.046712614319393934 0.045376035227368 0.043652995457237526 0.040397336583945925 0.03897686865148248 0.03870316375064595 0.0376339675780253 0.03665877675478553 0.03579182744061339 0.0351389322239572 0.03360773356955679 0.032383665699264194 0.031450535244996025 0.027418686551546993 0.026169377432336736
0.026983918861952602 0.022822913837289342 0.014876683526522976 0.014786536049436083 0.013319049324414448 0.012968721021664305 0.012244005851806706 0.011900946708879527 0.01126031146444082 0.010456751658782444 0.009008934405260993 0.008406913376894372 0.008293025371151517 0.007854750260981378 0.00746427655246548 0.007124649684724692 0.006873585555100727 0.006300819517207183 0.005859312253642919 0.005532638744903457 0.004221567892113681 0.0038490505367171496
