Your k-statistics (sorted by length):
Length (M.)	k_1	k_2	k_3
0.63	0.24177366	0.06089078	-0.00695124
0.74	0.23915240	0.08366356	0.01053966
1.08	0.18981000	0.02437887	-0.00029056
1.08	0.18624326	0.04455642	0.01173538
1.18	0.17081035	0.06282520	0.02151663
1.20	0.16560668	0.02218184	-0.00416288
1.26	0.17693582	0.03720916	0.01952015
1.28	0.20790565	0.03796976	0.00038328
1.34	0.18875169	0.06886884	0.02731223
1.42	0.17800091	0.04500439	0.02196251
1.58	0.19330075	0.03058241	0.00706783
1.66	0.23514650	0.02691370	-0.00025709
1.68	0.16989275	0.04796175	0.01334960
1.75	0.19975160	0.03560866	0.00350021
1.81	0.20732014	0.04309204	0.01302897
1.87	0.17710856	0.02510150	0.00064228
1.92	0.21049962	0.04844554	0.00614347
2.04	0.17713004	0.03725186	-0.00122473
2.15	0.17490162	0.03568062	0.00373487
2.23	0.19592888	0.04628249	0.00508574
2.69	0.20673910	0.04430896	0.00623598
2.86	0.21658476	0.04000393	0.00727795
1.752574607889148 6.921785584579151
1.7525746340045447 6.921785584579151
1.752574607889148 6.921785687721794
0.5925393261973027 10.94509246269428
0.5925393410984638 10.94509246269428
0.5925393261973027 10.945092625788867
0.9117174970304558 10.461913141953525
0.911717511931617 10.461913141953525
0.9117174970304558 10.461913297848179
0.9581546772700854 10.342414359946018
0.9581546921712466 10.342414359946018
0.9581546772700854 10.342414514060001
0.9580502016494514 10.344377873816686
0.9580502165506126 10.344377873816686
0.9580502016494514 10.344378027959928
0.020854030514833366 0.9580502016494514 10.344377873816686 0.0034172496848606255
0.06708781759544204 0.06122044285304788 0.04903114043557417 0.048881767645447015 0.04640092530174625 0.04579380790550086 0.044517555222537836 0.043903218030800974 0.04273697748446508 0.04123587486249169 0.03840591530470441 0.037173442045028794 0.03693610102737923 0.03600935965600122 0.03516462578982467 0.03441404291756486 0.03384900800793593 0.03252455658116693 0.03146639484763304 0.030660070093026036 0.027178792070566983 0.026100782404584806
0.024968365433490913 0.021538312766847846 0.015030168009430822 0.014955896267866276 0.01374278345933251 0.01345184679784011 0.012847997585085208 0.012561107839610107 0.012023326089684986 0.011344507076602835 0.010106711661400902 0.009585224030494303 0.009486050360489596 0.009102723315490578 0.00875880341675561 0.008457664172271881 0.008233761957340472 0.007718474087934486 0.007316562844467729 0.0070162408396518055 0.005780471183640819 0.005418516248374398
