Your k-statistics (sorted by length):
Length (M.)	k_1	k_2	k_3
0.63	0.24993764	0.05637678	-0.00213496
0.74	0.23970925	0.08294626	0.01171507
1.08	0.19192629	0.03299360	-0.00014384
1.08	0.17079331	0.05194219	0.01763307
1.18	0.20591246	0.07862628	0.02353850
1.20	0.18578855	0.03514234	-0.00364853
1.26	0.16523669	0.01914292	0.00360143
1.28	0.20564253	0.04368265	-0.00196102
1.34	0.19452500	0.08085156	0.04030359
1.42	0.18700776	0.04554768	0.01412596
1.58	0.18120182	0.03018307	0.00701614
1.66	0.21059016	0.02322224	0.00281870
1.68	0.19070037	0.05699286	0.01607863
1.75	0.21136376	0.04139711	0.01470087
1.81	0.19996085	0.02049020	0.00113852
1.87	0.16514722	0.02445062	0.00257197
1.92	0.18976217	0.03867438	0.00699085
2.04	0.18407394	0.04315171	-0.00123729
2.15	0.18182373	0.04067866	0.00685194
2.23	0.21257586	0.04673992	0.00782476
2.69	0.19028127	0.03786585	0.00585721
2.86	0.21328288	0.03416277	0.00633916
1.752574607889148 6.921785584579151
1.7525746340045447 6.921785584579151
1.752574607889148 6.921785687721794
1.3835206668063413 8.417244406368237
1.3835206874224057 8.417244406368237
1.3835206668063413 8.417244531794953
1.4699746500873956 8.247686405324314
1.4699746719917248 8.247686405324314
1.4699746500873956 8.247686528224419
1.4735312265049954 8.23991236048402
1.4735312484623218 8.23991236048402
1.4735312265049954 8.239912483268283
1.473548241814695 8.239908762513808
1.473548263772275 8.239908762513808
1.473548241814695 8.239908885298018
0.026230027089867325 1.473548241814695 8.239908762513808 0.004300246813877807
0.06972069687603213 0.06361337101833851 0.050822936716458086 0.05066546749348278 0.04804797050120794 0.04740680828495009 0.04605826030795139 0.045408783570587 0.04417525491268208 0.042586480150945745 0.03958825876342254 0.0382814021309655 0.03802966588737672 0.037046506049688406 0.036150066604288884 0.03535332841714822 0.03475342174736411 0.03334682807552484 0.03222265883364486 0.03136582439618892 0.02766460351638308 0.0265179400266821
0.025849399309931003 0.02216169321153972 0.015140928107998563 0.015060873295589878 0.013754365345373887 0.013441388907781278 0.01279234702630184 0.012484278273201237 0.011907372414878747 0.01118038913993233 0.009859039649628951 0.009304333243650225 0.009198994061084056 0.008792326023983043 0.008428167296439304 0.008109893351075955 0.007873628474950356 0.007331204830921633 0.006909509104198353 0.006595264962810259 0.005311176012567272 0.004938232078327915
