Your k-statistics (sorted by length):
Length (M.)	k_1	k_2	k_3
0.63	0.25450581	0.09539373	0.03461285
0.74	0.21995598	0.07839980	0.01221348
1.08	0.16604954	0.02053896	-0.00134492
1.08	0.15448606	0.04580212	0.02599717
1.18	0.17689410	0.06058067	0.02092257
1.20	0.18827331	0.03844750	-0.00229160
1.26	0.16780207	0.02148134	0.00794165
1.28	0.20038098	0.04303455	0.00569253
1.34	0.19361755	0.06597212	0.03276615
1.42	0.16969890	0.04136970	0.01398593
1.58	0.18995174	0.04071141	0.01155094
1.66	0.19836246	0.01507580	0.00248095
1.68	0.18513211	0.04995167	0.00875968
1.75	0.21650491	0.03357590	-0.00249693
1.81	0.19977452	0.02893324	0.00475598
1.87	0.18046119	0.02418112	0.00166919
1.92	0.21075312	0.04541361	0.00826257
2.04	0.19658202	0.04799483	0.00081983
2.15	0.18310765	0.04101600	0.00844208
2.23	0.19817286	0.03917790	0.00976440
2.69	0.20889828	0.03709281	0.00120384
2.86	0.21692225	0.04351319	0.01115085
1.752574607889148 6.921785584579151
1.7525746340045447 6.921785584579151
1.752574607889148 6.921785687721794
3.0474524272449415 3.4172301143152746
2.100352975747727 6.054915463078458
2.1003530070454253 6.054915463078458
2.100352975747727 6.054915553303729
2.787910930393511 4.317987582650682
2.787910971936621 4.317987582650682
2.787910930393511 4.317987646993711
3.630743367552493 2.6508679451691153
3.0359989246353574 3.9223163210100256
3.0359989698752665 3.9223163210100256
3.0359989246353574 3.922316379457093
3.4543003078509202 3.0871890531634105
3.454300359324006 3.0871890531634105
3.4543003078509202 3.087189099166112
3.93615377059645 2.2870447904575237
3.5903316055243004 2.897396176328928
3.5903316590244105 2.897396176328928
3.5903316055243004 2.8973962195034955
3.8291385580849346 2.496055124872745
3.8291386151435454 2.496055124872745
3.8291385580849346 2.496055162066865
3.9005653736295867 2.4036988985958803
3.9005654317525402 2.4036988985958803
3.9005653736295867 2.403698934413785
4.030516898829851 2.2096925813226074
3.9334809198765086 2.3554865304420023
3.933480978489942 2.3554865304420023
3.9334809198765086 2.355486565541487
3.998966401792728 2.258826744754501
3.998966461381971 2.258826744754501
3.998966401792728 2.2588267784136424
3.9829893389258215 2.2832541856577455
3.9829893982769877 2.2832541856577455
3.9829893389258215 2.283254219680884
3.995364963658334 2.2653902559193506
3.986110145764981 2.2788069596404625
3.98379615532192 2.2821615394597496
3.9837962146851087 2.2821615394597496
3.98379615532192 2.2821615734666065
0.09036151417590255 3.98379615532192 2.2821615394597496 0.0032562881937273865
0.07287273353837981 0.06641469788007168 0.05270223238966438 0.05253212691291679 0.04970094030266777 0.0490064457804922 0.047544559725713115 0.04683996351726701 0.04550085464741139 0.043774497637574246 0.04051239941050687 0.03908905209698701 0.038814787532865394 0.03774339016178988 0.03676617101481239 0.03589740205806413 0.035243126311198296 0.033708655974395825 0.03248193870253989 0.03154676852901845 0.02750591228711005 0.026253749893939582
0.02703438862532779 0.022869855601577803 0.014913933930248488 0.014823650672505526 0.013353860331455993 0.013002955270972805 0.012277012690279601 0.011933355984341542 0.01129157544493829 0.010486522979025378 0.009035848625749618 0.008432571714664563 0.008318441391556491 0.007879219269019718 0.00748788190763811 0.007147488032779976 0.006895847144508618 0.006321733009988271 0.005879154480961528 0.005551669373957067 0.004237162678942169 0.0038636110091855467
