Your k-statistics (sorted by length):
Length (M.)	k_1	k_2	k_3
0.63	0.21619592	0.05633886	0.00912490
0.74	0.22121621	0.07947460	0.02075317
1.08	0.16047277	0.02412793	0.00036048
1.08	0.17452127	0.04162765	0.01546102
1.18	0.18485568	0.06401252	0.02188462
1.20	0.17638702	0.02504251	-0.00353717
1.26	0.19333388	0.03038349	0.00232856
1.28	0.19912379	0.05467543	0.01039251
1.34	0.19191095	0.07734301	0.04333114
1.42	0.17680657	0.04802906	0.02017908
1.58	0.19641915	0.03708064	0.01271219
1.66	0.21620881	0.03310233	0.00345436
1.68	0.19673857	0.06986002	0.02949456
1.75	0.20576343	0.03052390	0.00160691
1.81	0.17940764	0.03332042	0.01712973
1.87	0.18392799	0.02363303	-0.00221231
1.92	0.18814588	0.03107822	0.00312518
2.04	0.18455508	0.04483406	0.00220870
2.15	0.18838566	0.03697464	0.01166242
2.23	0.19610856	0.04864961	0.00911162
2.69	0.19510624	0.03806390	0.00513044
2.86	0.21937850	0.03987964	0.00536764
1.752574607889148 6.921785584579151
1.7525746340045447 6.921785584579151
1.752574607889148 6.921785687721794
0.9262440513047464 9.159647658619228
0.9262440662059076 9.159647658619228
0.9262440513047464 9.159647795108615
0.12635196136930227 12.003042925441772
0.12635197627046346 12.003042925441772
0.12635196136930227 12.00304310430105
0.12478624799657764 12.345177734999204
0.12478626289773884 12.345177734999204
0.12478624799657764 12.345177918956688
0.12717628988400367 12.343780041578901
0.12717630478516487 12.343780041578901
0.12717628988400367 12.343780225515557
0.1270573091916954 12.344318421487237
0.12705732409285658 12.344318421487237
0.1270573091916954 12.344318605431916
0.01721625049998643 0.1270573091916954 12.344318421487237 0.004046804023810854
0.0673171547151025 0.061781203106358054 0.0502970145593792 0.05015628514579476 0.04781859851856005 0.04724637500004624 0.046043251982493344 0.04546399704162452 0.044364116349483736 0.042947913890753295 0.040276183505785566 0.03911177292932765 0.03888747482265118 0.03801145547228364 0.03721265999356011 0.036502650657102335 0.0359680031616786 0.034714238963210804 0.03371199115338791 0.0329479297102822 0.02964561209168911 0.02862184569161393
0.02644110805771297 0.023233659224220438 0.017102267144808912 0.017031635294907584 0.015874747221861073 0.015596306524459896 0.015017021681887987 0.01474110965775144 0.014222603554703582 0.013565475026749605 0.012358496664919802 0.011846102275949608 0.011748367033639365 0.01136967096029611 0.011028583827108123 0.010728829758996423 0.010505256818025947 0.009988295900718855 0.009582538549437218 0.00927776095347376 0.008007189657171326 0.007629209598268956
