Your k-statistics (sorted by length):
Length (M.)	k_1	k_2	k_3
0.63	0.24689226	0.05962018	0.00138674
0.74	0.23283426	0.08985202	0.04600604
1.08	0.17174565	0.01843068	-0.00018612
1.08	0.17143266	0.04001846	0.01068972
1.18	0.17907615	0.04436355	-0.00250010
1.20	0.19488112	0.03800690	0.00138633
1.26	0.15857295	0.03494104	0.01646437
1.28	0.19867888	0.04752488	0.00136702
1.34	0.18963432	0.05513475	0.01781106
1.42	0.18550120	0.04065682	0.01020023
1.58	0.18033159	0.02697818	0.01028946
1.66	0.21596714	0.02206518	0.00352379
1.68	0.18960602	0.05658458	0.01550002
1.75	0.18762126	0.03280353	0.00033122
1.81	0.20875436	0.04248594	0.01236667
1.87	0.16769475	0.01673538	-0.00119249
1.92	0.19728388	0.03815829	0.00265430
2.04	0.17934210	0.03670118	-0.00254040
2.15	0.18696657	0.03939569	0.01023662
2.23	0.20485179	0.05261061	0.00912953
2.69	0.19748582	0.03740889	0.00941975
2.86	0.21406853	0.03867592	0.00236539
1.752574607889148 6.921785584579151
1.7525746340045447 6.921785584579151
1.752574607889148 6.921785687721794
1.6981931712205955 8.128399630714963
1.6981931965256458 8.128399630714963
1.6981931712205955 8.128399751837556
1.7973345345199019 7.951842938821279
1.7973345613022735 7.951842938821279
1.7973345345199019 7.951843057312972
1.8033786733623614 7.937429090786197
1.8033787002347976 7.937429090786197
1.8033786733623614 7.937429209063107
1.803352722273065 7.9375690193134085
1.8033527491451147 7.9375690193134085
1.803352722273065 7.937569137592404
0.026744497783906418 1.803352722273065 7.9375690193134085 0.003280466870785646
0.06725385288239023 0.061187999644320694 0.048537667138516025 0.04838240754505262 0.04580346492200953 0.045172277377005965 0.04384539983033818 0.043206696349657146 0.04199423629476265 0.04043377958681278 0.03749266391715594 0.03621221105799978 0.035965666879482265 0.03500311312879137 0.03412591817127146 0.03334664912765381 0.03276012240247899 0.03138566172125914 0.03028793782365513 0.02945171300146609 0.0258439500558762 0.024727668246171924
0.024602552552369514 0.020943292939365515 0.014041387905592907 0.013963310008708023 0.012691497612598367 0.01238754575750706 0.011758155632328175 0.011459873837189286 0.010902128315358556 0.010200915831641072 0.008931468061542965 0.008400678931589009 0.008300034385979975 0.007911966624451552 0.0075651287092695935 0.007262530804351431 0.0070382398471320684 0.006524446625263798 0.006126168931296574 0.005830077316543696 0.004627105814741464 0.004280069518696222
