Your k-statistics (sorted by length):
Length (M.)	k_1	k_2	k_3
0.63	0.25004036	0.05995960	0.00477597
0.74	0.25560001	0.10060154	0.02633636
1.08	0.18303762	0.02706452	-0.00024076
1.08	0.16984769	0.04376366	0.01118057
1.18	0.17833081	0.06408878	0.02212957
1.20	0.18049580	0.03792512	0.00256699
1.26	0.18498418	0.02657123	0.01254500
1.28	0.19726462	0.04899694	0.00076211
1.34	0.19260188	0.08426812	0.05546850
1.42	0.17485070	0.03958966	0.01284178
1.58	0.21019961	0.02914978	0.00374540
1.66	0.22288302	0.02449838	-0.00271072
1.68	0.17557170	0.04885847	0.00873136
1.75	0.20172141	0.04852742	0.02296725
1.81	0.20994329	0.04417773	0.01804622
1.87	0.18456337	0.02565337	-0.00126175
1.92	0.18669362	0.04411143	0.01057867
2.04	0.18333160	0.04320985	0.00033083
2.15	0.17011558	0.03341848	0.00220757
2.23	0.20489846	0.05403794	0.01252956
2.69	0.19896286	0.03788267	0.00284759
2.86	0.22026010	0.04724652	0.01118190
1.752574607889148 6.921785584579151
1.7525746340045447 6.921785584579151
1.752574607889148 6.921785687721794
1.5830407658616232 6.92715423024029
1.5830407894507688 6.92715423024029
1.5830407658616232 6.927154333462932
0.8438512831325077 8.984489999761418
0.8438512980336689 8.984489999761418
0.8438512831325077 8.984490133640753
0.6447548493488162 9.81955190723751
0.6447548642499774 9.81955190723751
0.6447548493488162 9.819552053560237
0.6651529224762815 9.772749318629856
0.6651529373774427 9.772749318629856
0.6651529224762815 9.772749464255169
0.6651222334082771 9.77322258625387
0.6651222483094383 9.77322258625387
0.6651222334082771 9.773222731886236
0.022211495616357935 0.6651222334082771 9.77322258625387 0.0048943972530806484
0.07161196825441239 0.06569260582052781 0.0532689102874273 0.053115598039912046 0.05056553438512402 0.04994038698884331 0.0486248353458388 0.04799090638923493 0.046786267963477256 0.045233421482704664 0.042298834449916466 0.04101792045190809 0.0407710519490824 0.03980649555165998 0.03892644565274957 0.038143808710420384 0.037554227313414096 0.036170847216135976 0.03506421630713066 0.03422013938007092 0.030567935490011525 0.029434460693537577
0.027659338999269544 0.02410062707299492 0.017242672899902618 0.017163494496178162 0.01586690374018843 0.015554981002611643 0.01490632522085047 0.01459754034038864 0.014017623696195823 0.013283504784573113 0.011938360033545354 0.011368931453425086 0.011260447067833046 0.010840529432206236 0.010462940063775702 0.010131640387046312 0.009884887752639428 0.00931557079082329 0.008870050396997554 0.00853625278306499 0.00715386470654266 0.006745944834475049
