Your k-statistics (sorted by length):
Length (M.)	k_1	k_2	k_3
0.63	0.22530042	0.06021782	0.00405536
0.74	0.22559997	0.10004883	0.04995234
1.08	0.17825937	0.02495243	0.00013975
1.08	0.16250492	0.05297173	0.02574320
1.18	0.17236928	0.06500851	0.01966036
1.20	0.20459165	0.04534790	-0.00237794
1.26	0.18173936	0.03116446	0.01249591
1.28	0.19061016	0.04401523	0.00397173
1.34	0.17610751	0.05627491	0.01569186
1.42	0.17947593	0.03263201	0.00835241
1.58	0.19674671	0.02882058	-0.00074199
1.66	0.20909792	0.02619410	0.00133566
1.68	0.17781910	0.06441915	0.01920866
1.75	0.22127480	0.04473118	0.01222121
1.81	0.18444031	0.01998882	0.00112321
1.87	0.16786302	0.03002123	0.00861621
1.92	0.19453421	0.04192021	0.00401557
2.04	0.19026138	0.04140462	-0.00205672
2.15	0.19388725	0.04624766	0.01632603
2.23	0.21112725	0.04356880	0.00622238
2.69	0.21040681	0.03660525	0.00288269
2.86	0.20104941	0.03610550	0.00881176
1.752574607889148 6.921785584579151
1.7525746340045447 6.921785584579151
1.752574607889148 6.921785687721794
1.8924121327656256 6.402812851290606
1.8924121609647637 6.402812851290606
1.8924121327656256 6.402812946699952
2.483769152615383 4.843024788326349
2.4837691896264276 4.843024788326349
2.483769152615383 4.843024860493042
2.577801211021205 4.733563866326197
2.577801249433436 4.733563866326197
2.577801211021205 4.7335639368617946
2.581593539227323 4.726998995494941
2.5815935776960646 4.726998995494941
2.581593539227323 4.726999065932715
0.04445290103381183 2.581593539227323 4.726998995494941 0.0036303176959427445
0.07268268153360745 0.06635332575546535 0.052920618356959354 0.05275394829653227 0.049979543367278736 0.049298846382780474 0.04786580598355003 0.04717500915141385 0.04586192380191137 0.04416868970348947 0.04096770087161263 0.03957034568680737 0.03930103936633578 0.03824885046864167 0.037288922613804426 0.03643533735990629 0.03579237669044444 0.03428402964409216 0.03307776916920644 0.03215793360953524 0.028180691212779326 0.026947360427546384
0.02737680506854243 0.023303609845348596 0.015487815041456788 0.015398642054897155 0.013944620749125756 0.013596778316573127 0.012876205517504577 0.012534605349001289 0.011895759923594054 0.011092571667722114 0.00963936236667716 0.009032451973005342 0.008917443615360263 0.008474239752537818 0.00807850472724133 0.007733588973052995 0.007478163562720885 0.006893904827897641 0.00644195052231872 0.006106573918510638 0.004750836918144711 0.0043622709620382265
