Your k-statistics (sorted by length):
Length (M.)	k_1	k_2	k_3
0.63	0.25174607	0.08588678	0.01307677
0.74	0.23555248	0.09024505	0.02117897
1.08	0.18291397	0.03552716	0.00332702
1.08	0.17202715	0.05067189	0.01721893
1.18	0.17991976	0.05783584	0.00961034
1.20	0.20353072	0.04610189	0.00553919
1.26	0.17002740	0.02828767	0.00549453
1.28	0.17807348	0.03989281	0.00415147
1.34	0.19605373	0.09010615	0.05439296
1.42	0.18954324	0.03798164	0.01456519
1.58	0.18569196	0.03564304	0.01169166
1.66	0.19483317	0.01499328	-0.00334490
1.68	0.20039285	0.05658583	0.01645567
1.75	0.21701230	0.03907315	0.00324292
1.81	0.20675421	0.02304598	0.00336586
1.87	0.17423801	0.02711900	0.00153222
1.92	0.19734934	0.05201508	0.01445827
2.04	0.19694686	0.04539525	-0.00056768
2.15	0.17477034	0.03478263	0.00421098
2.23	0.17704886	0.04818266	0.01217661
2.69	0.19422424	0.03543306	0.00523401
2.86	0.21036727	0.02783971	0.00216504
1.752574607889148 6.921785584579151
1.7525746340045447 6.921785584579151
1.752574607889148 6.921785687721794
1.8147000336741679 6.253956963121492
1.8147000607153057 6.253956963121492
1.8147000336741679 6.253957056312713
3.4735835086554605 1.9040371728721128
2.2321460579174865 5.172965103358887
2.2321460911790547 5.172965103358887
2.2321460579174865 5.172965180442074
2.7216275527402316 4.0725693923755735
2.7216275932956426 4.0725693923755735
2.7216275527402316 4.072569453061586
3.7901968928172387 1.913863533870317
3.0069107098708443 3.5422588853245767
3.0069107546773055 3.5422588853245767
3.0069107098708443 3.5422589381083474
3.571291243286492 2.4783333860409797
3.1539270124954277 3.2795039897082043
3.1539270594926023 3.2795039897082043
3.1539270124954277 3.279504038576622
3.4445271444741845 2.7520883311190563
3.444527195801639 2.7520883311190563
3.4445271444741845 2.752088372128368
3.7685056463962825 2.244492385584216
3.7685057025513924 2.244492385584216
3.7685056463962825 2.2444924190297586
4.127393152679153 1.7609476912020339
3.8685132697120723 2.131967022306995
3.868513327357412 2.131967022306995
3.8685132697120723 2.131967054075779
4.046129500825928 1.8888489381324864
3.913659758910089 2.0717369215385317
3.913659817228164 2.0717369215385317
3.913659758910089 2.0717369524098177
4.0035237765654115 1.9509563749559495
4.0035238362225645 1.9509563749559495
4.0035237765654115 1.950956404027465
3.9818333715820855 1.9817133898148527
3.9818334309160264 1.9817133898148527
3.9818333715820855 1.9817134193446833
4.027645168062213 1.9219877686062856
3.993339013529243 1.96682254997196
3.9847621136117373 1.9780317085597832
3.9847621729893197 1.9780317085597832
3.9847621136117373 1.9780317380347525
0.1038370197335694 3.9847621136117373 1.9780317085597832 0.004119096573557573
0.07502706923001536 0.06854997616762544 0.05471210490905308 0.054539710562793144 0.051667781309352095 0.05096253000147896 0.04947702068327724 0.04876056424821685 0.047398065646971584 0.04563991728482167 0.04231273878950569 0.0408589582673813 0.04057868837392864 0.039483396602797184 0.03848378224779081 0.037594624928624726 0.03692469901672803 0.03535253646237531 0.034094700384339226 0.0331352259652924 0.02898371546383324 0.02769546215323693
0.0283444407536425 0.024099702215090387 0.015904290391009494 0.015810540547817956 0.014281628658422129 0.013915837314554395 0.013158114494398524 0.01279893908523898 0.012127336040620508 0.011283271190214479 0.00975751951147902 0.009121092728202143 0.0090005567699219 0.008536272432566308 0.008122041578949446 0.007761287710266884 0.007494320099860658 0.006884328353439296 0.006413189294859194 0.006064038616867246 0.004657570952111841 0.004256266377000798
