Your k-statistics (sorted by length):
Length (M.)	k_1	k_2	k_3
0.63	0.25026887	0.06708320	0.00144658
0.74	0.24545010	0.11672744	0.06951378
1.08	0.18884264	0.03139545	0.00094613
1.08	0.17456529	0.05351597	0.02304352
1.18	0.20278193	0.09837764	0.03995494
1.20	0.17862993	0.04138974	0.00134758
1.26	0.18977075	0.02869700	0.01076742
1.28	0.21055550	0.05410000	0.00722675
1.34	0.17960706	0.06060882	0.02186218
1.42	0.18522811	0.04243873	0.01806662
1.58	0.21239857	0.03190553	0.00766643
1.66	0.22181786	0.02550502	-0.00139304
1.68	0.18346046	0.04988739	0.00809149
1.75	0.21368270	0.03600105	0.00354706
1.81	0.20123213	0.03485688	0.00414154
1.87	0.17563541	0.01764829	0.00147438
1.92	0.20391369	0.03546121	0.00704177
2.04	0.18635675	0.03998492	-0.00224891
2.15	0.18579389	0.03746191	0.00501444
2.23	0.21774072	0.04616431	0.01501059
2.69	0.20492676	0.03336266	0.00405844
2.86	0.20925285	0.04293566	0.00828818
1.752574607889148 6.921785584579151
1.7525746340045447 6.921785584579151
1.752574607889148 6.921785687721794
1.728289182595921 6.168636315988819
1.7282892083494368 6.168636315988819
1.728289182595921 6.1686364079086635
3.601647970301438 1.2794134546027012
2.199177631618946 4.9523369676230695
2.1991776643892464 4.9523369676230695
2.199177631618946 4.952337041418641
2.7645749967157056 3.7136268475853687
2.7645750379110834 3.7136268475853687
2.7645749967157056 3.713626902922721
4.02731869197513 1.300789072712953
3.104244119143272 3.1235894566050764
3.104244165400114 3.1235894566050764
3.104244119143272 3.1235895031501864
3.781887787706955 1.942540769887324
3.2819431480773416 2.8332399017797334
3.2819431969821053 2.8332399017797334
3.2819431480773416 2.833239943998298
3.634261703627775 2.2506672703419017
3.6342617577824945 2.2506672703419017
3.634261703627775 2.2506673038794576
4.041529866150411 1.7050924548665358
3.7489206998128415 2.1248767030815565
3.7489207556761133 2.1248767030815565
3.7489206998128415 2.124876734744687
3.9502080156981054 1.8503530696087862
3.9502080745607917 1.8503530696087862
3.9502080156981054 1.8503530971811957
4.170634943590694 1.5909464807733802
4.009997184589289 1.7897911728603924
4.0099972443429035 1.7897911728603924
4.009997184589289 1.789791199530359
4.119020518769548 1.6590859135091862
4.037516215996864 1.7573362052282364
4.037516276160544 1.7573362052282364
4.037516215996864 1.7573362314145864
4.0650519671026135 1.7248954218736747
4.044497430638446 1.749309592120634
4.039356262197902 1.7554160562187244
4.039356322389001 1.7554160562187244
4.039356262197902 1.755416082376462
0.11999427139856711 4.039356262197902 1.7554160562187244 0.005735021726266561
0.07795440897605206 0.07132929346448338 0.057125059782965344 0.056947666507540996 0.05399088277049898 0.05326433930306627 0.051733395563286 0.050994742768015675 0.04958952501036688 0.04777527146607235 0.04433891166727692 0.042836200992864525 0.042546413084760516 0.041413663171829325 0.04037950066185504 0.039459324346758466 0.03876584931344117 0.037137826297422204 0.03583470276280829 0.034840332109076846 0.0305344224033674 0.029197167661778704
0.029200527712035428 0.024901673627757047 0.016550793792021914 0.01645481867594478 0.014887997738410978 0.01451267090241548 0.013734599406199284 0.013365490418222862 0.012674800852183973 0.011805769070198983 0.010231950810341648 0.009574284041577766 0.009449642230300445 0.008969287963818155 0.00854036907288502 0.008166544846088891 0.007889732813210882 0.007256677442830059 0.006767157300953662 0.00640404928316423 0.004938186585781413 0.004518901811168407
