Your k-statistics (sorted by length):
Length (M.)	k_1	k_2	k_3
0.63	0.23125307	0.06488878	-0.01056970
0.74	0.24032993	0.09068140	0.01711062
1.08	0.18492082	0.02962188	0.00099887
1.08	0.17893809	0.05767195	0.02788878
1.18	0.18141510	0.05917072	0.01303467
1.20	0.17839163	0.03531973	0.00197199
1.26	0.17549165	0.02130440	0.00606183
1.28	0.20047171	0.04632886	-0.00031781
1.34	0.19576284	0.08746389	0.04786233
1.42	0.18638292	0.03552410	0.00607752
1.58	0.19069436	0.02556946	0.00267408
1.66	0.22569301	0.01843522	0.00022393
1.68	0.18305318	0.04981725	0.01096988
1.75	0.19810105	0.03625671	0.00112816
1.81	0.17856361	0.02757978	0.00774345
1.87	0.16480311	0.02284096	0.00119884
1.92	0.20280886	0.03890309	0.00621227
2.04	0.18221815	0.04480443	-0.00127785
2.15	0.17799167	0.03769169	0.00557841
2.23	0.20482337	0.03967729	0.00826037
2.69	0.19491967	0.03228392	0.00198376
2.86	0.20378357	0.03884137	0.00676663
1.752574607889148 6.921785584579151
1.7525746340045447 6.921785584579151
1.752574607889148 6.921785687721794
3.0400749115402395 4.0542894902267905
3.040074956840886 4.0542894902267905
3.0400749115402395 4.054289550640412
3.7379970295938616 2.976749277302912
3.737997085294358 2.976749277302912
3.7379970295938616 2.976749321659933
3.1605826969905277 4.062715500125853
3.6250052059402296 3.262718628065247
3.6250052599570166 3.262718628065247
3.6250052059402296 3.262718676683543
3.7166863322627286 3.104867686003192
3.716686387645671 3.104867686003192
3.7166863322627286 3.104867732269326
3.5099138674269903 3.4724106341408283
3.665790014459454 3.1971971599961435
3.665790069083982 3.1971971599961435
3.665790014459454 3.197197207638094
3.6485872351937814 3.2287921035420433
3.6617130473415753 3.2052136644480846
3.6617131019053515 3.2052136644480846
3.6617130473415753 3.20521371220949
0.06495560367355946 3.6617130473415753 3.2052136644480846 0.0045560497474706856
0.07044475235458947 0.06403862284331567 0.05053237369616032 0.050365627916408286 0.047593174939294436 0.04691389410854847 0.045485060859301964 0.044796890630094274 0.04348988144435603 0.041806597490879165 0.03863101021029987 0.03724747345807948 0.03698102198295489 0.03594058185409406 0.03499219937351881 0.03414954314606936 0.03351522632808119 0.03202854226809651 0.030840998338798057 0.029936261488800412 0.02603240164625541 0.02482443840792612
0.025637619964627045 0.0215871061260546 0.01393538098734924 0.013849252118351288 0.012449468283599928 0.0121159489673584 0.011426814169315182 0.01110098249068726 0.010493190636286209 0.009732087212424995 0.008364417181176123 0.007797152055938586 0.0076899361750929 0.007277630496030422 0.006910691404957867 0.006591844952669628 0.006356331260605102 0.005819655233129379 0.005406565254838626 0.005101263111960228 0.0038790908017649673 0.003532808663572072
