Your k-statistics (sorted by length):
Length (M.)	k_1	k_2	k_3
0.63	0.23099779	0.05441566	0.00765518
0.74	0.23772541	0.07980564	0.01546312
1.08	0.19135173	0.02244908	-0.00286178
1.08	0.18444558	0.05277639	0.01721178
1.18	0.19547892	0.06382602	0.01451471
1.20	0.17909715	0.03497290	0.00056476
1.26	0.18627734	0.03255412	0.00912203
1.28	0.20746029	0.03736837	-0.00548527
1.34	0.20785135	0.08342064	0.03590039
1.42	0.18074087	0.03220640	0.01012576
1.58	0.18648230	0.03866786	0.01450333
1.66	0.21129556	0.02812647	0.00278687
1.68	0.19381140	0.05494222	0.00931653
1.75	0.19336973	0.04544422	0.00449010
1.81	0.21338868	0.02891984	0.00090426
1.87	0.16681686	0.02214558	0.00072057
1.92	0.19939297	0.04421083	0.01175677
2.04	0.17466469	0.04204472	0.00235031
2.15	0.16972230	0.04399250	0.00991144
2.23	0.20206649	0.04061534	0.00468248
2.69	0.19177210	0.03574847	0.00373983
2.86	0.22083690	0.03227445	0.00298228
1.752574607889148 6.921785584579151
1.7525746340045447 6.921785584579151
1.752574607889148 6.921785687721794
1.4881468695467448 8.343739818170768
1.4881468917218612 8.343739818170768
1.4881468695467448 8.34373994250218
1.5640204887840177 8.217207741215383
1.564020512089739 8.217207741215383
1.5640204887840177 8.21720786366132
1.5625460055621747 8.223965493877714
1.5625460288459245 8.223965493877714
1.5625460055621747 8.22396561642435
0.026265484573553266 1.5625460055621747 8.223965493877714 0.0034027557758842196
0.0690167143396015 0.06290819212070396 0.05013775100479308 0.04998072484850911 0.047371312743791985 0.0467323390589133 0.04538866301260899 0.04474166303929091 0.04351307251694878 0.04193111117984741 0.03894714132706085 0.03764706712198096 0.03739667709596122 0.0364188976892186 0.03552753411811901 0.03473544297369558 0.034139119309807536 0.032741208171766956 0.03162425990652836 0.030773095826314423 0.027097990773523456 0.02595993867603447
0.025390745592825857 0.02171997033785979 0.014754463769940973 0.014675249420829897 0.013383253161317237 0.013073984665580657 0.012432933900218088 0.012128805347863522 0.011559543634817022 0.01084270871641155 0.009541396465104908 0.008995766320492694 0.00889219816381993 0.008492514851098846 0.008134816284502914 0.007822354358419919 0.007590507714610375 0.007058577942209674 0.006645396092186082 0.006337711111472559 0.005082543155900906 0.004718714190247374
