Your k-statistics (sorted by length):
Length (M.)	k_1	k_2	k_3
0.63	0.22704590	0.05544029	0.00354682
0.74	0.21875150	0.08744604	0.03984875
1.08	0.19810250	0.02725182	0.00091942
1.08	0.17178308	0.04546501	0.01116582
1.18	0.18834145	0.07186926	0.02285666
1.20	0.20178945	0.03514113	0.00204328
1.26	0.18062888	0.03015325	0.00519026
1.28	0.18573794	0.04193010	0.00765385
1.34	0.17591845	0.07521176	0.04136575
1.42	0.18248048	0.03982341	0.01116250
1.58	0.20913862	0.04115261	0.01163228
1.66	0.21283795	0.03591387	0.00210574
1.68	0.17955676	0.04808292	0.00789394
1.75	0.21567648	0.04939826	0.01269540
1.81	0.22918782	0.03130527	0.00390193
1.87	0.18106672	0.01870475	-0.00257758
1.92	0.20621985	0.04442306	0.00360197
2.04	0.18313216	0.04055291	-0.00153367
2.15	0.18627569	0.03571347	0.00826343
2.23	0.21001541	0.05103533	0.01300900
2.69	0.20417147	0.03174746	0.00052749
2.86	0.20824634	0.03470897	0.00455007
1.752574607889148 6.921785584579151
1.7525746340045447 6.921785584579151
1.752574607889148 6.921785687721794
1.3573937390104 8.165807234777212
1.357393759237143 8.165807234777212
1.3573937390104 8.165807356457222
1.4294234395828695 8.01349587472247
1.4294234608829386 8.01349587472247
1.4294234395828695 8.013495994132864
1.4234409073447103 8.032917548860038
1.4234409285556326 8.032917548860038
1.4234409073447103 8.032917668559836
1.4240125883644594 8.031237025559259
1.4240126095839005 8.031237025559259
1.4240125883644594 8.031237145234016
0.02710031426322801 1.4240125883644594 8.031237025559259 0.003509989047666667
0.07119618078748541 0.06504132104418756 0.052111465560601714 0.05195194846607293 0.04929924983823689 0.048649132340181464 0.0472813245473588 0.04662236769339237 0.04537046993451669 0.043757337885052684 0.040711035161016165 0.03938236696958069 0.039126370365744914 0.03812639081656441 0.037214365967069264 0.03640357792126338 0.03579297046238747 0.034360880476928105 0.03321592987430012 0.032343018393190835 0.02857005694930053 0.02740043735649874
0.026550333453548687 0.022812797172377813 0.015664758381666234 0.015582986370010267 0.01424753484093706 0.013927362648408777 0.013263065906600752 0.012947596640213437 0.012356549334969633 0.011611207312248585 0.010254880487912779 0.009684840128296953 0.009576543704723776 0.009158319955406788 0.008783621780656965 0.008455983806263822 0.008212673311081154 0.007653759728985981 0.007218929783657492 0.006894711210447705 0.005568064617405592 0.005182166925582186
