Your k-statistics (sorted by length):
Length (M.)	k_1	k_2	k_3
0.63	0.21985501	0.06883250	0.01928064
0.74	0.21873570	0.07485141	0.01265565
1.08	0.18923985	0.02126552	-0.00376114
1.08	0.19082470	0.05694000	0.02006525
1.18	0.16895057	0.05847415	0.01325653
1.20	0.16992966	0.02926628	-0.00448097
1.26	0.17613930	0.02909365	0.00508445
1.28	0.20547272	0.04187975	0.00441450
1.34	0.18126805	0.06727696	0.02757770
1.42	0.16669792	0.02890601	0.00500725
1.58	0.19005502	0.02744189	0.00473256
1.66	0.21252360	0.01713381	0.00016615
1.68	0.18892416	0.06426220	0.02284319
1.75	0.20121496	0.05102287	0.02208345
1.81	0.21313233	0.02941792	0.00178387
1.87	0.16106795	0.01948857	0.00418088
1.92	0.20472508	0.04819526	0.01068228
2.04	0.16860399	0.03858995	-0.00045512
2.15	0.18208527	0.04224228	0.00921814
2.23	0.22719337	0.04328647	0.00662067
2.69	0.21176677	0.04165522	0.00658450
2.86	0.20520638	0.04253306	0.00641506
1.752574607889148 6.921785584579151
1.7525746340045447 6.921785584579151
1.752574607889148 6.921785687721794
0.8278368821581584 10.043842225475656
0.8278368970593196 10.043842225475656
0.8278368821581584 10.043842375140567
1.0197292842241936 9.786741456829882
1.019729299419344 9.786741456829882
1.0197292842241936 9.786741602663694
1.0502712531628133 9.69904439881711
1.0502712688130746 9.69904439881711
1.0502712531628133 9.699044543344133
1.0511558921173605 9.696844448280498
1.051155907780804 9.696844448280498
1.0511558921173605 9.69684459277474
0.021914091965431037 1.0511558921173605 9.696844448280498 0.003515300598098854
0.06763526510218613 0.06175922390858122 0.04950766931854371 0.049357196626041176 0.04685699665863799 0.046244835565224754 0.04495759905082437 0.04433779373084763 0.0431608562756105 0.041645390207732405 0.038786606534402544 0.037540898755285664 0.03730096335529021 0.03636395311912911 0.035509670183506696 0.03475045478996763 0.03417883143405627 0.03283864120679062 0.031767615737063375 0.03095132151170865 0.027425427133940042 0.02633311178404124
0.02550151378681671 0.021987430489206497 0.015299634915111741 0.015223210217157683 0.013974774202218269 0.013675334003486729 0.013053817320718695 0.012758531356031501 0.012205020304173956 0.011506393746458921 0.010232765337957675 0.009696356321260877 0.009594360417945822 0.009200177809492331 0.00884659775093113 0.008537069633910377 0.008306976634929075 0.007777610051483706 0.007364901942513236 0.007056631391238594 0.0057894628670611 0.005418792934216868
