Your k-statistics (sorted by length):
Length (M.)	k_1	k_2	k_3
0.63	0.25926428	0.07014025	-0.00077165
0.74	0.23185677	0.08772451	0.03280335
1.08	0.18006287	0.02209586	0.00041538
1.08	0.16742724	0.04894888	0.01885520
1.18	0.18030464	0.07091712	0.02613330
1.20	0.18627032	0.03145178	-0.00342709
1.26	0.17414676	0.03504009	0.01864220
1.28	0.21206506	0.04541713	0.00342170
1.34	0.19158447	0.08112674	0.05220781
1.42	0.16378928	0.03419147	0.00711596
1.58	0.21603356	0.04280202	0.00789338
1.66	0.21349908	0.02742277	0.00098203
1.68	0.18349684	0.05848722	0.02003561
1.75	0.20470928	0.03715802	0.00023697
1.81	0.20264755	0.03637640	0.00634967
1.87	0.16449704	0.02209790	0.00725734
1.92	0.20038931	0.04369424	0.01101794
2.04	0.19528241	0.04682080	-0.00159304
2.15	0.18201271	0.03718943	0.00346612
2.23	0.21222738	0.04864676	0.01119602
2.69	0.20597995	0.04027394	0.00534252
2.86	0.20375478	0.03936944	0.01173082
1.752574607889148 6.921785584579151
1.7525746340045447 6.921785584579151
1.752574607889148 6.921785687721794
1.604373943284702 6.888155814333057
1.6043739671917367 6.888155814333057
1.604373943284702 6.888155916974577
0.9708928473731433 8.643792075344702
0.9708928622743045 8.643792075344702
0.9708928473731433 8.64379220414724
0.8435649847733551 9.182541198753714
0.8435649996745163 9.182541198753714
0.8435649847733551 9.182541335584242
0.8560636581721113 9.151211779510344
0.8560636730732725 9.151211779510344
0.8560636581721113 9.151211915874025
0.8558230955147617 9.152163986506771
0.8558231104159228 9.152163986506771
0.8558230955147617 9.152164122884642
0.02367118215956765 0.8558230955147617 9.152163986506771 0.004422655537439433
0.07195760866709121 0.06596960869481859 0.05337645638855033 0.053220881465069446 0.05063270164415669 0.04999808012362451 0.04866243875740315 0.04801875931759349 0.04679547602649467 0.04521838848722081 0.042237445257831255 0.04093611015071896 0.04068529473801022 0.0397052855928641 0.03881109654357602 0.03801585670785887 0.03741676507324699 0.036011022893214305 0.03488646298374003 0.03402869108651957 0.03031709959284545 0.029165168515377708
0.02768133049884344 0.024043451437196908 0.017030698432787806 0.016949803755003795 0.015625647261359687 0.01530726727692967 0.014645440248500141 0.014330518925244458 0.013739336770104658 0.01299149779173469 0.011623077872056152 0.011044652702816583 0.010934519523061582 0.010508429883557484 0.01012559180209829 0.009789938190699643 0.009540104394941875 0.008964243011205741 0.008514194763822246 0.00817737577209672 0.006786367453448204 0.006377284274371933
