Your k-statistics (sorted by length):
Length (M.)	k_1	k_2	k_3
0.63	0.23222666	0.05541094	-0.00895487
0.74	0.22083999	0.07774579	0.01454457
1.08	0.18258194	0.02565204	-0.00268170
1.08	0.17179224	0.04377869	0.01535825
1.18	0.19270436	0.07354653	0.01633696
1.20	0.19365183	0.03845888	0.00239608
1.26	0.17401669	0.03253417	0.00718043
1.28	0.20794146	0.05271922	0.00833087
1.34	0.19069149	0.07486447	0.03156158
1.42	0.16347025	0.02396605	0.00577999
1.58	0.20128048	0.03897794	0.00784967
1.66	0.22151336	0.02278769	-0.00335336
1.68	0.18810795	0.04990317	0.01133413
1.75	0.18668710	0.03602912	0.00364483
1.81	0.21793958	0.03310163	0.00372027
1.87	0.16860296	0.02578316	0.00495296
1.92	0.20552838	0.03872143	0.00680238
2.04	0.18677022	0.04077651	-0.00039491
2.15	0.18028445	0.03143545	0.00218202
2.23	0.20442304	0.05197224	0.01612766
2.69	0.21020496	0.04550068	0.00661187
2.86	0.21812336	0.04462282	0.00898778
1.752574607889148 6.921785584579151
1.7525746340045447 6.921785584579151
1.752574607889148 6.921785687721794
0.7231707994944554 10.541918858257066
0.7231708143956166 10.541918858257066
0.7231707994944554 10.541919015343899
0.988453787832054 10.152994393291435
0.9884538027332151 10.152994393291435
0.988453787832054 10.15299454458284
1.025253505124883 10.05669023510054
1.0252535204023507 10.05669023510054
1.025253505124883 10.056690384956902
1.0254380005989896 10.057167997946015
1.0254380158792065 10.057167997946015
1.0254380005989896 10.057168147809497
0.02149864235961252 1.0254380005989896 10.057167997946015 0.003768311154933662
0.06751814488557556 0.06160920332133415 0.0493206897103464 0.049170011034244045 0.0466672138570299 0.04605465051379602 0.04476686169021572 0.044146930566238696 0.04297000101713846 0.04145501312072906 0.03859852300095076 0.0373543655786897 0.03711476621570949 0.036179182342736885 0.035326356064971705 0.03456855822580662 0.03399807744037851 0.0326608149126992 0.03159237473592938 0.03077819397312049 0.027262790723434332 0.026174154162783604
0.025079242621613734 0.021613820869336532 0.015036109902720649 0.014961057047699757 0.013735333914309611 0.013441422149668762 0.012831472480984948 0.01254172357951178 0.011998659107417412 0.011313333762678911 0.010064237304436018 0.009538248905005004 0.009438239215310328 0.009051745008820526 0.008705075638349347 0.008401605830532666 0.008176020277916054 0.00765703102844398 0.007252414191354493 0.006950183816562344 0.005707745297000514 0.005344256294035621
