Your k-statistics (sorted by length):
Length (M.)	k_1	k_2	k_3
0.63	0.25400176	0.08330890	0.01988009
0.74	0.22953403	0.08511619	0.01615139
1.08	0.19785217	0.02515263	-0.00227790
1.08	0.15382803	0.04345766	0.01836948
1.18	0.18499491	0.06446149	0.01489366
1.20	0.20207458	0.03857509	0.00038950
1.26	0.16157446	0.03011538	0.00845257
1.28	0.17220673	0.04221677	0.00407609
1.34	0.19220137	0.06824145	0.04368604
1.42	0.17302274	0.03659506	0.00730419
1.58	0.20497361	0.03815004	0.01066174
1.66	0.22545046	0.02637738	-0.00195833
1.68	0.16483167	0.05571581	0.01941578
1.75	0.18315363	0.03308375	0.00874377
1.81	0.20082808	0.02962814	0.00415163
1.87	0.16745065	0.02944541	0.00533849
1.92	0.20724897	0.03973127	0.00592734
2.04	0.18154059	0.03943016	-0.00433575
2.15	0.17411789	0.03434678	0.00239576
2.23	0.21054770	0.04418408	0.00848524
2.69	0.20774293	0.04874378	0.00884045
2.86	0.21194508	0.02964599	0.00249211
1.752574607889148 6.921785584579151
1.7525746340045447 6.921785584579151
1.752574607889148 6.921785687721794
3.0836629442971066 3.3029119745594047
2.1065025480956607 6.025131994317092
2.106502579484995 6.025131994317092
2.1065025480956607 6.025132084098555
2.817667831538067 4.233134636400249
2.8176678735245897 4.233134636400249
2.817667831538067 4.23313469947887
3.6964059235392055 2.5170839504294458
3.077261997957387 3.8270262386685285
3.077262043812164 3.8270262386685285
3.077261997957387 3.8270262956956635
3.5138863254894983 2.96760093976478
3.513886377850485 2.96760093976478
3.5138863254894983 2.96760098398548
3.657860797475689 2.774340385323142
3.657860851982062 2.774340385323142
3.657860797475689 2.7743404266640352
3.9094138026710485 2.3632026376954762
3.722209656818323 2.6724640047288166
3.7222097122835693 2.6724640047288166
3.722209656818323 2.6724640445516337
3.849783859585692 2.4680059081049315
3.7545354869097896 2.621621759849955
3.754535542856728 2.621621759849955
3.7545354869097896 2.6216217989151636
3.7867340539351515 2.570698823593905
3.7627064089319076 2.60896852486745
3.762706465000602 2.60896852486745
3.7627064089319076 2.6089685637441105
3.7707479266143005 2.5962326575794403
3.764727458491629 2.605791320307538
3.7647275145904397 2.605791320307538
3.764727458491629 2.6057913591368544
0.07929666768153443 3.764727458491629 2.605791320307538 0.0029397580355258715
0.07269183848545217 0.06625717905604211 0.052594172545163534 0.05242467358286286 0.04960354001921213 0.04891149852855674 0.04745475756565673 0.04675263177488643 0.045418200161433386 0.04369783644939978 0.040446940856987475 0.03902842771023772 0.03875509069285725 0.03768730420526879 0.03671336083354717 0.03584748963117305 0.0351953870599737 0.03366598212164558 0.03244328221931188 0.03151115519821371 0.027483252744263633 0.02623503983455063
0.027046242319238925 0.022887829600824413 0.014941229178743012 0.014851021358510654 0.01338231951318585 0.013031632168546295 0.012306082596732444 0.011962583263328457 0.011321043501665564 0.010516187208850425 0.009065527034255833 0.008462109184912853 0.008347941435532413 0.007908541410571228 0.007516997955468936 0.007176385998081742 0.006924559380548 0.00634993811004542 0.005906883210341049 0.00557899352594354 0.004262346185529433 0.0038880095196768645
