Your k-statistics (sorted by length):
Length (M.)	k_1	k_2	k_3
0.63	0.24845790	0.06791060	0.02253898
0.74	0.24487981	0.08474931	0.02361059
1.08	0.19745809	0.02359766	-0.00425096
1.08	0.17048490	0.04153931	0.01094968
1.18	0.18713819	0.06619671	0.02574688
1.20	0.18363808	0.03306525	-0.00364148
1.26	0.18109256	0.03467975	0.01389810
1.28	0.18798607	0.05454984	0.00429169
1.34	0.18856379	0.07334047	0.03015059
1.42	0.18658317	0.03531073	0.00786485
1.58	0.20214727	0.03135209	0.00668847
1.66	0.21848730	0.02425588	0.00357139
1.68	0.17979148	0.06055170	0.02108310
1.75	0.19804797	0.02415914	-0.00410040
1.81	0.20772392	0.04110486	0.01130163
1.87	0.16892509	0.02292043	0.00400396
1.92	0.18983954	0.04582787	0.01097293
2.04	0.18975510	0.05106765	0.00294422
2.15	0.17463926	0.03663466	0.00765362
2.23	0.20571735	0.03845176	0.00546457
2.69	0.20284165	0.03779515	0.00520987
2.86	0.21501388	0.04146785	0.00694273
1.752574607889148 6.921785584579151
1.7525746340045447 6.921785584579151
1.752574607889148 6.921785687721794
1.6488955239648262 7.33314768966652
1.648895548535284 7.33314768966652
1.6488955239648262 7.333147798938936
1.6621298332571783 7.302391483398881
1.662129858024843 7.302391483398881
1.6621298332571783 7.302391592212993
1.6620742200199654 7.3026795150799835
1.6620742447868013 7.3026795150799835
1.6620742200199654 7.302679623898388
0.029561005536337448 1.6620742200199654 7.3026795150799835 0.003254467962377042
0.07142445072598898 0.0652255802309525 0.0521751316775421 0.052013939384100094 0.0493328673505693 0.04867565757437971 0.04729276685177344 0.04662647028157305 0.045360507160021664 0.04372903770073777 0.04064755430355101 0.039303357506304225 0.03904435827619687 0.0380326202199916 0.03710983403925765 0.03628945341709639 0.035671607739921105 0.034222502198845706 0.03306391634052212 0.03218059562005093 0.02836257859438975 0.0271789906687028
0.026662388531922245 0.022845513640425107 0.015544758507718902 0.01546133619511812 0.014099606712446233 0.013773349810141004 0.013096741689558166 0.012775587623734812 0.01217420071194876 0.011416463567461307 0.010039764309304344 0.009462151600428001 0.00935249131214336 0.00892923989041115 0.008550378502218764 0.008219383185720141 0.007973760542728001 0.00741016306688235 0.00697234339555554 0.006646301493115399 0.005316370691356988 0.004930980414480799
