Your k-statistics (sorted by length):
Length (M.)	k_1	k_2	k_3
0.63	0.23470162	0.06577740	0.01372662
0.74	0.22657300	0.08841935	0.01403398
1.08	0.17564256	0.01805495	-0.00154059
1.08	0.17347098	0.04553053	0.02050675
1.18	0.19520218	0.07230258	0.03392075
1.20	0.16600793	0.03700269	0.00876965
1.26	0.18234131	0.04179752	0.02165131
1.28	0.18839311	0.03660625	-0.00088420
1.34	0.17506400	0.06048245	0.02906755
1.42	0.18121832	0.03079943	0.00773430
1.58	0.19500477	0.03071852	0.00544449
1.66	0.18934090	0.02971709	0.00344793
1.68	0.17833552	0.04267576	0.00884324
1.75	0.21141960	0.04003630	0.00561641
1.81	0.18518296	0.03477484	0.01295360
1.87	0.17548454	0.02720309	0.00212613
1.92	0.20583549	0.04157907	0.00394019
2.04	0.18871342	0.04848535	0.00091679
2.15	0.17398275	0.03286729	0.00481641
2.23	0.21473673	0.05559320	0.01398889
2.69	0.19642958	0.03617768	0.00549562
2.86	0.20421133	0.03825050	0.00489664
1.752574607889148 6.921785584579151
1.7525746340045447 6.921785584579151
1.752574607889148 6.921785687721794
0.9707193980951516 9.167476606217361
0.9707194129963128 9.167476606217361
0.9707193980951516 9.167476742823409
1.1303962724806718 8.856044173004609
1.130396289324889 8.856044173004609
1.1303962724806718 8.85604430496995
1.1358711067798242 8.84703960849774
1.1358711237056227 8.84703960849774
1.1358711067798242 8.847039740328903
1.135845424870059 8.84718004071489
1.1358454417954746 8.84718004071489
1.135845424870059 8.847180172548146
0.02376765858640595 1.135845424870059 8.84718004071489 0.0030063933972671814
0.06918891652253686 0.06327006810531433 0.05085609997242509 0.05070305863872019 0.048158270642262115 0.047534652379356224 0.04622264618839564 0.04559059081879858 0.04438982275292414 0.04284259306680279 0.03992068847382844 0.03864621037471772 0.038400647691552596 0.03744140005461621 0.03656648521935364 0.03578865245787184 0.03520283971755175 0.033828813391297 0.032730187015922084 0.031892530343784205 0.028271263092704075 0.027148427453277564
0.026527585168077312 0.022889956584630073 0.015924345379102936 0.01584447031567777 0.014538955492618251 0.014225636344593565 0.013575101032182974 0.013265934173736267 0.012686253876135626 0.011954346976863511 0.010619474998252807 0.010057114011510566 0.009950176378628111 0.009536880564698445 0.009166143261279316 0.008841593117971289 0.008600335897412263 0.00804530979819167 0.007612641069185256 0.007289499153430083 0.005961757833647093 0.005573613812915183
