Your k-statistics (sorted by length):
Length (M.)	k_1	k_2	k_3
0.63	0.24109162	0.06539111	0.00371656
0.74	0.24181049	0.09851885	0.03772718
1.08	0.19516113	0.03309058	-0.00238534
1.08	0.15905011	0.03573440	0.01071271
1.18	0.18989490	0.07143627	0.02502799
1.20	0.16091338	0.02866038	0.00044059
1.26	0.16596749	0.02785660	0.00540035
1.28	0.21008731	0.04667158	-0.00154549
1.34	0.19446581	0.08827736	0.05699158
1.42	0.17784076	0.05089072	0.02852829
1.58	0.18418890	0.03490637	0.00714989
1.66	0.22892554	0.02649230	-0.00123229
1.68	0.17386976	0.04578698	0.01455872
1.75	0.21505842	0.03299833	-0.00294993
1.81	0.20750779	0.03066962	0.00752157
1.87	0.16354333	0.02249830	0.00217632
1.92	0.19818719	0.03843045	0.00095186
2.04	0.18943908	0.04300484	0.00124831
2.15	0.18166744	0.04422248	0.00859655
2.23	0.21071475	0.04220111	0.00741947
2.69	0.19569057	0.03054742	0.00043905
2.86	0.21033292	0.02887330	0.00444112
1.752574607889148 6.921785584579151
1.7525746340045447 6.921785584579151
1.752574607889148 6.921785687721794
2.5237810941049976 4.769687405704898
2.5237811317122665 4.769687405704898
2.5237810941049976 4.769687476778779
3.3452056751162083 3.0915778318302425
3.345205724963657 3.0915778318302425
3.3452056751162083 3.091577877898342
3.5672700635572965 2.8593137951863943
3.567270116713763 2.8593137951863943
3.5672700635572965 2.85931383779349
3.4544028138060465 3.0573400536522426
3.4544028652806595 3.0573400536522426
3.4544028138060465 3.0573400992101596
3.592819693973468 2.8186779531490114
3.4903499326280865 2.998473835991876
3.490349984638353 2.998473835991876
3.4903499326280865 2.9984738806726177
3.5594279553644075 2.8790672427576056
3.507738956651339 2.9686916504302077
3.5077390089207223 2.9686916504302077
3.507738956651339 2.9686916946671604
3.542400175156912 2.909059219111734
3.542400227942788 2.909059219111734
3.542400175156912 2.9090592624600946
3.533833984156617 2.9240244974276957
3.533834036814847 2.9240244974276957
3.533833984156617 2.924024540999056
3.51641229174159 2.953787584745833
3.5294849917377182 2.9314690297012698
3.529485044331143 2.9314690297012698
3.5294849917377182 2.931469073383562
0.07142009048532194 3.5294849917377182 2.9314690297012698 0.005061501068857897
0.07341100092569491 0.06694537040684592 0.053205698975704555 0.053035146830199116 0.05019609181278204 0.049499539591099866 0.04803315380276916 0.04732630621111013 0.045982768098737886 0.044250405621082414 0.040976030388065465 0.039546938005316626 0.0392715389817485 0.038195624472000866 0.03721416616160907 0.03634153273133646 0.035684286980560524 0.03414264978860195 0.032910000027966846 0.031970186386804024 0.027908075306713187 0.026648940867635484
0.027275481803895683 0.023109609456608143 0.015134345130883058 0.015043671797552215 0.013566840018388211 0.013214050047101744 0.012483938632054697 0.012138175962274489 0.011492221653408635 0.010681462459773881 0.009219037939066135 0.008610256561356583 0.008495040427739735 0.008051501144456881 0.0076561242682617586 0.007312060817340705 0.007057609492846768 0.006476754255912581 0.006028645347424097 0.005696866672093695 0.004363160951037767 0.003983491692253422
