Your k-statistics (sorted by length):
Length (M.)	k_1	k_2	k_3
0.63	0.22699383	0.06820867	0.01689396
0.74	0.21821806	0.09174718	0.03790987
1.08	0.19419227	0.04919703	0.00631967
1.08	0.17064959	0.03515849	0.00689744
1.18	0.18247925	0.08032012	0.03018232
1.20	0.18821963	0.04262090	0.01066227
1.26	0.17728990	0.02842058	0.00631368
1.28	0.20413670	0.03540949	-0.00437842
1.34	0.18041948	0.08594260	0.04681122
1.42	0.18620800	0.04227980	0.01374010
1.58	0.22145808	0.03552717	0.00546033
1.66	0.20249362	0.02289017	-0.00225869
1.68	0.17479604	0.05000678	0.01402485
1.75	0.21332195	0.03238028	-0.00316933
1.81	0.19718555	0.03131945	0.00799487
1.87	0.17917864	0.02248896	0.00249900
1.92	0.19003381	0.03992300	0.00668801
2.04	0.18689086	0.04361723	-0.00056196
2.15	0.19188797	0.03797570	0.00887743
2.23	0.21774574	0.04896994	0.00847597
2.69	0.20268278	0.03582570	0.00373063
2.86	0.22157289	0.04091568	0.00607789
1.752574607889148 6.921785584579151
1.7525746340045447 6.921785584579151
1.752574607889148 6.921785687721794
1.7699719875358033 6.395357207987072
1.7699720139104411 6.395357207987072
1.7699719875358033 6.39535730328532
2.818549638853553 3.6093245970381744
2.033312614210025 5.701718279574848
2.033312644508744 5.701718279574848
2.033312614210025 5.701718364537071
2.3252718894792332 4.997834892390182
2.3252719241284843 4.997834892390182
2.3252718894792332 4.997834966863726
2.9352098911802313 3.601144590726242
2.935209934918267 3.601144590726242
2.9352098911802313 3.6011446443874777
3.6760002010014703 2.269229472726574
3.15090270071576 3.2870592166521853
3.150902747667869 3.2870592166521853
3.15090270071576 3.2870592656331845
3.519139471612258 2.61990576973761
3.2457697449196883 3.121851781900742
3.2457697932854264 3.121851781900742
3.2457697449196883 3.1218518284199583
3.433444369760889 2.7902628112106957
3.4334444209231973 2.7902628112106957
3.433444369760889 2.7902628527888518
3.6348048563388335 2.4668018943479884
3.6348049105016464 2.4668018943479884
3.6348048563388335 2.466801931106201
3.7971632337840364 2.2304925078466407
3.797163290366178 2.2304925078466407
3.7971632337840364 2.230492541083569
3.5821182319143166 2.5450217711329395
3.7462161509216156 2.3109767168015356
3.7462162067445863 2.3109767168015356
3.7462161509216156 2.310976751237772
3.639172086720013 2.4685673919455478
3.6391721409479025 2.4685673919455478
3.639172086720013 2.4685674287300685
3.6668964149298255 2.429841561920408
3.66689646957084 2.429841561920408
3.6668964149298255 2.4298415981278687
3.640140676469629 2.4705857496739614
3.660283856416399 2.4400773554129502
3.6602839109588787 2.4400773554129502
3.660283856416399 2.4400773917729364
0.08586545579174742 3.660283856416399 2.4400773554129502 0.004031928771980369
0.0754815763370038 0.06896605505884702 0.05504933128645718 0.05487597706989621 0.051988122119236965 0.051278977637058125 0.049785288852823045 0.04906489713284951 0.04769493094420901 0.04592717566722597 0.042581895213179476 0.0411202328648702 0.04083844515413963 0.03973722663087783 0.03873220955548407 0.03783825113760444 0.03716471054022108 0.03558407320361907 0.03431946391481992 0.033354826624648316 0.0291810057162622 0.027885836315318213
0.028343920533524143 0.024101937433986347 0.015913129993320493 0.015819457613154866 0.01429178655715715 0.013926283643790366 0.01316914404814365 0.012810237250743005 0.012139120374304294 0.011295631334158195 0.009770792270836987 0.009134684690075758 0.00901420437600211 0.008550118715284686 0.008136042536459543 0.00777540437766531 0.007508510102898676 0.006898642870216102 0.006427554559517062 0.0060784129648234365 0.004671685351602326 0.004270201058502799
