Your k-statistics (sorted by length):
Length (M.)	k_1	k_2	k_3
0.63	0.23599133	0.07345143	0.01810463
0.74	0.22400943	0.07466386	0.02086027
1.08	0.20154468	0.02712541	0.00340137
1.08	0.15978376	0.04216427	0.01469963
1.18	0.21076690	0.09696554	0.04188029
1.20	0.19587354	0.05389333	0.01208200
1.26	0.18476846	0.02598662	0.00537559
1.28	0.18582058	0.04771299	0.00460382
1.34	0.20269706	0.07266005	0.02508158
1.42	0.17747583	0.02862190	0.00499772
1.58	0.20889680	0.03756042	0.00553152
1.66	0.22379387	0.02241909	-0.00398962
1.68	0.18607232	0.05966342	0.01785708
1.75	0.21508818	0.03072279	0.00087203
1.81	0.20375236	0.02272886	0.00486308
1.87	0.16997472	0.01779442	0.00253662
1.92	0.20692468	0.05221193	0.01169889
2.04	0.19626372	0.04584492	0.00144363
2.15	0.18224732	0.03929814	0.00949997
2.23	0.19230360	0.04205785	0.01179766
2.69	0.20965375	0.03855885	0.00195995
2.86	0.22087560	0.04475885	0.00510899
1.752574607889148 6.921785584579151
1.7525746340045447 6.921785584579151
1.752574607889148 6.921785687721794
1.7679733737389753 6.713082314870171
1.7679734000838316 6.713082314870171
1.7679733737389753 6.7130824149028925
1.9401629639142146 6.24493945532152
1.9401629928248956 6.24493945532152
1.9401629639142146 6.244939548378369
1.94141597304682 6.251127140960126
1.9414160019761724 6.251127140960126
1.94141597304682 6.251127234109179
1.9416393319940684 6.250576270290972
1.941639360926749 6.250576270290972
1.9416393319940684 6.250576363431817
0.03502241165769193 1.9416393319940684 6.250576270290972 0.004287662767944754
0.07378247423703219 0.06741815717998975 0.05395150466924748 0.05378466093958003 0.05100796596504172 0.050326861948848 0.048893132430195385 0.0482020760026333 0.046888608579292355 0.04519505882396405 0.041993826044305946 0.04059643288044985 0.04032712011083753 0.039274902302112516 0.03831493573825576 0.03746129923270938 0.036818285968844545 0.03530975468429005 0.034103271154091265 0.03318321181504831 0.029204350683418433 0.027970273068401816
0.027405374736757672 0.023449966664439707 0.01585345418552597 0.01576652752300006 0.01434758757203848 0.01400765052490542 0.013302756993035464 0.012968232464637875 0.012341937777751935 0.011553129451324032 0.010121244933040017 0.009521128904216612 0.009407249150371822 0.00896788698291103 0.00857486034684051 0.008231707828249694 0.00797720654443084 0.007393743638980225 0.006941033854986595 0.0066042475292164785 0.005234146209777448 0.004838431778352702
