Your k-statistics (sorted by length):
Length (M.)	k_1	k_2	k_3
0.63	0.26365534	0.06677957	0.00498820
0.74	0.21457591	0.06572475	0.00786952
1.08	0.20258293	0.03182994	0.00081351
1.08	0.15329910	0.04211135	0.01713071
1.18	0.17764208	0.06114693	0.01441154
1.20	0.18856174	0.04072242	0.00089348
1.26	0.18217491	0.03438542	0.01694290
1.28	0.20065875	0.03711974	-0.00080229
1.34	0.18383088	0.09283504	0.05896709
1.42	0.18554738	0.03909744	0.01622226
1.58	0.19117839	0.03823750	0.01227424
1.66	0.22148120	0.03361020	0.00434975
1.68	0.18483832	0.04889344	0.00785526
1.75	0.21211275	0.03386050	0.00793078
1.81	0.22082210	0.05003837	0.02113018
1.87	0.16554773	0.02130420	0.00473505
1.92	0.19423818	0.03566365	0.00480647
2.04	0.17847851	0.04112989	-0.00162352
2.15	0.17406067	0.03004014	0.00283906
2.23	0.19795354	0.04665870	0.01124945
2.69	0.20333696	0.03539046	0.00403893
2.86	0.21434445	0.03091584	0.00158419
1.752574607889148 6.921785584579151
1.7525746340045447 6.921785584579151
1.752574607889148 6.921785687721794
0.0021668585615288727 12.062221638682605
1.3790809807867526 8.226968768165253
1.3790810013366606 8.226968768165253
1.3790809807867526 8.226968890756641
0.5631842457911357 10.816624159647237
0.5631842606922969 10.816624159647237
0.5631842457911357 10.816624320827497
0.5399370107708679 11.18505286294642
0.5399370256720291 11.18505286294642
0.5399370107708679 11.185053029616697
0.5463406333214561 11.168258799399128
0.5463406482226173 11.168258799399128
0.5463406333214561 11.168258965819152
0.5459428830774093 11.16983562428147
0.5459428979785705 11.16983562428147
0.5459428830774093 11.16983579072499
0.019335974134193856 0.5459428830774093 11.16983562428147 0.003955283682037142
0.06800213775181682 0.06224260017043088 0.050267902795280255 0.0501210144365012 0.047680722364779056 0.0470833116409079 0.04582716483339853 0.045222355634060574 0.0440739220449191 0.042595173440627715 0.03980550505338648 0.038589776622027755 0.038355602034229615 0.03744104113248855 0.03660715162712655 0.035865994241959784 0.035307922589194386 0.033999341987911866 0.03295339990148174 0.0321561092696597 0.028711061156977677 0.02764335880032903
0.02591969039611416 0.022564753786619818 0.016161478651335645 0.016087949301929486 0.014884912705696914 0.01459577386534589 0.013994812370938085 0.013708872314208066 0.013172085608274571 0.012492948275428229 0.01124945374683095 0.01072332167687905 0.010623098934840175 0.010235190820282793 0.009886415704453498 0.009580411887054075 0.009352502530510665 0.008826647374109205 0.008415097493590222 0.008106710472172417 0.006828883338973415 0.006451505366043936
