Your k-statistics (sorted by length):
Length (M.)	k_1	k_2	k_3
0.63	0.22004987	0.04988813	-0.00291127
0.74	0.21822844	0.08005418	0.01989602
1.08	0.19355695	0.03934632	0.00829766
1.08	0.16221410	0.04755211	0.02065930
1.18	0.19384272	0.07075832	0.01711764
1.20	0.19702200	0.03723886	-0.00039103
1.26	0.18882068	0.03770246	0.02104026
1.28	0.20541391	0.05238103	0.00509070
1.34	0.20248654	0.08242601	0.03759025
1.42	0.16401730	0.03367315	0.01267219
1.58	0.20802443	0.03693465	0.00721682
1.66	0.20371835	0.02031495	0.00167113
1.68	0.17962950	0.05521274	0.00988706
1.75	0.20341753	0.02456194	-0.00521129
1.81	0.20706611	0.03691952	0.00721108
1.87	0.17165598	0.02503357	0.00668157
1.92	0.18657867	0.03857862	0.00844427
2.04	0.18093414	0.04047707	0.00020513
2.15	0.17507276	0.03197651	0.00364789
2.23	0.20070478	0.05819751	0.02280411
2.69	0.21837614	0.03989195	0.00852118
2.86	0.20339863	0.03897585	0.01205831
1.752574607889148 6.921785584579151
1.7525746340045447 6.921785584579151
1.752574607889148 6.921785687721794
0.6203336079774289 10.062104128519035
0.6203336228785901 10.062104128519035
0.6203336079774289 10.06210427845607
0.38937684533301975 11.311540091159785
0.38937686023418094 11.311540091159785
0.38937684533301975 11.311540259714867
0.41133120246131233 11.284833180692987
0.4113312173624735 11.284833180692987
0.41133120246131233 11.284833348850105
0.41159093899065907 11.284422572101649
0.41159095389182027 11.284422572101649
0.41159093899065907 11.284422740252648
0.01901044791141815 0.41159093899065907 11.284422572101649 0.0037644719541609526
0.06845820370200462 0.06275170480216864 0.05087138657028409 0.05072550798054919 0.048301423851317235 0.04770781524901758 0.046459445903577944 0.045858275286716335 0.04471655847404274 0.04324608266476302 0.04047084643758987 0.039260919265120056 0.0390278277273541 0.03811738975322511 0.037287110731875274 0.03654904289006999 0.035993223287614076 0.03468967295611173 0.03364749939802784 0.032852931438304464 0.02941817444174089 0.028353185052094408
0.026490008587816583 0.02314345674680164 0.016737524156152185 0.016663774531304316 0.015456351522689395 0.015165925826554906 0.014561978144901669 0.0142744627977444 0.013734434589328812 0.013050631649403774 0.011796783428146527 0.01126548670366652 0.01116422272001988 0.010772102925559838 0.010419284520480911 0.010109522810124618 0.009878681041538537 0.00934560041510523 0.008927919768399645 0.008614645527364554 0.007313551980255873 0.00692825048972413
