Your k-statistics (sorted by length):
Length (M.)	k_1	k_2	k_3
0.63	0.23835016	0.05958214	-0.00104008
0.74	0.24187758	0.09695587	0.01831334
1.08	0.18725210	0.02972070	-0.00420347
1.08	0.16606346	0.03332897	0.00968216
1.18	0.19258347	0.05587058	0.00966139
1.20	0.18013872	0.04806400	0.00554468
1.26	0.17985906	0.03666130	0.01403276
1.28	0.21246957	0.04268685	-0.00243814
1.34	0.18494286	0.08827911	0.05638578
1.42	0.16605502	0.03628629	0.01497295
1.58	0.22084388	0.03460582	0.00219765
1.66	0.20786818	0.01645411	-0.00289820
1.68	0.18943877	0.06025498	0.01981421
1.75	0.20286179	0.03130935	0.00115665
1.81	0.20113190	0.02695564	0.00221821
1.87	0.17443708	0.02097146	0.00127141
1.92	0.19236415	0.03626760	0.00419074
2.04	0.17946875	0.04029220	0.00195115
2.15	0.17949106	0.03619588	0.00614054
2.23	0.21242074	0.04913717	0.01526285
2.69	0.19494223	0.04245555	0.00698935
2.86	0.22277625	0.03907245	0.00055105
1.752574607889148 6.921785584579151
1.7525746340045447 6.921785584579151
1.752574607889148 6.921785687721794
1.924425223977105 6.941110115189722
1.9244252526532755 6.941110115189722
1.924425223977105 6.941110218620323
1.983369670969874 6.796981159023488
1.9833697005243853 6.796981159023488
1.983369670969874 6.7969812603064
1.981745774975116 6.80289125289358
1.9817458045054293 6.80289125289358
1.981745774975116 6.802891354264559
1.982051898987013 6.802050033001668
1.9820519285218878 6.802050033001668
1.982051898987013 6.802050134360113
0.031689152836358425 1.982051898987013 6.802050033001668 0.005107515506604601
0.0705134155141955 0.06426670670737772 0.05114271138860728 0.05098088447495864 0.048290361103929424 0.04763115986594524 0.04624450962821599 0.04557661353959512 0.04430799797456189 0.04267387130047249 0.03958977216819609 0.03824544222763629 0.03798648877118204 0.036975152212058986 0.036053042949707514 0.03523351431235754 0.03461646626364121 0.03316975863116596 0.032013622203140565 0.03113248637365461 0.027327044048994727 0.026148370003110894
0.02591716958106161 0.022085202562197318 0.014800662827015266 0.01471789716155353 0.013368835483719097 0.013046191408377669 0.01237784503702289 0.012060992309878761 0.011468354807910008 0.010723010272480455 0.009373143366768666 0.008808626626322275 0.008701585660631946 0.00828886074274999 0.007920005642635812 0.007598226576256042 0.007359741389842381 0.006813534436149365 0.006390259106341397 0.006075676976783017 0.004798746020193543 0.0044308429990701625
