Your k-statistics (sorted by length):
Length (M.)	k_1	k_2	k_3
0.63	0.23562185	0.07193809	0.02740185
0.74	0.23036136	0.08011177	0.01445673
1.08	0.20022351	0.03252659	0.00063853
1.08	0.17440490	0.05213499	0.02280541
1.18	0.19761483	0.06454215	0.01836830
1.20	0.18662251	0.04536972	0.00293598
1.26	0.17937979	0.03321126	0.00762867
1.28	0.18237688	0.03463653	0.00059978
1.34	0.20594477	0.07365015	0.02682320
1.42	0.18954498	0.04637700	0.02838306
1.58	0.19879546	0.03786210	0.00577101
1.66	0.20890633	0.01811517	0.00031595
1.68	0.17438491	0.07005994	0.01990373
1.75	0.22077121	0.03458447	-0.00381785
1.81	0.18899016	0.02841834	0.00309003
1.87	0.16815887	0.02077570	0.00184870
1.92	0.19917128	0.04217888	0.00633441
2.04	0.18040073	0.03933025	-0.00189045
2.15	0.19410854	0.03744443	0.00989691
2.23	0.20996671	0.04804176	0.01191038
2.69	0.20187656	0.03794026	0.00531351
2.86	0.22019419	0.03643570	-0.00014553
1.752574607889148 6.921785584579151
1.7525746340045447 6.921785584579151
1.752574607889148 6.921785687721794
2.0588978876318467 5.996113977629815
2.058897918311816 5.996113977629815
2.0588978876318467 5.996114066978875
2.832310008581999 4.054477760976342
2.2622000915268914 5.51478710526839
2.2622001252362995 5.51478710526839
2.2622000915268914 5.514787187445121
2.6617204709766615 4.5491718386805164
2.6617205106393875 4.5491718386805164
2.6617204709766615 4.54917190646846
3.0077497426049087 3.8335891944688902
3.0077497874238723 3.8335891944688902
3.0077497426049087 3.833589251593821
2.961125874305541 3.958015246834446
2.961125918429755 3.958015246834446
2.961125874305541 3.958015305813469
2.9877759427053103 3.904957677822319
2.9877759872266414 3.904957677822319
2.9877759427053103 3.904957736010723
2.978294877958029 3.924336116591389
2.978294922338081 3.924336116591389
2.978294877958029 3.9243361750685537
2.982031155083864 3.9167852779774632
2.982031199519591 3.9167852779774632
2.982031155083864 3.916785336342112
0.054664398352243015 2.982031155083864 3.9167852779774632 0.0029898830977079225
0.07399486217735894 0.0675119757264428 0.05374354876389669 0.053572670676967034 0.05072819169981693 0.05003030232485311 0.04856108144834931 0.04785285427163255 0.046506663642496546 0.04477080821538659 0.041489536502145534 0.04005728586947935 0.03978126646680481 0.03870288962745474 0.037719128968493866 0.03684440106964651 0.03618554716563874 0.034640030038217404 0.03340416461735492 0.032461828958416664 0.028388085579514364 0.027125097566659224
0.027372743102832886 0.023241577839931322 0.015324162142445029 0.01523399869400614 0.01376470656487035 0.013413481993638406 0.012686281417333536 0.012341730845675351 0.011697728143876379 0.01088878560389537 0.00942756195021044 0.008818363420752918 0.00870300014807201 0.008258678161851949 0.00786229777479957 0.007517109691399518 0.007261666940981981 0.006678000888050302 0.006227158062632136 0.0058930075507112835 0.004546270777481548 0.0041616818844184625
