Your k-statistics (sorted by length):
Length (M.)	k_1	k_2	k_3
0.63	0.23149204	0.07910121	0.02247291
0.74	0.23445247	0.07980738	0.01681764
1.08	0.19609050	0.03173455	0.00446440
1.08	0.16744153	0.04103033	0.01083425
1.18	0.18656212	0.07186282	0.02934389
1.20	0.17443165	0.04183908	0.00784554
1.26	0.17802448	0.05186175	0.01773184
1.28	0.19768475	0.04584796	0.00269937
1.34	0.17524373	0.08050242	0.05244061
1.42	0.16329709	0.03536771	0.01169293
1.58	0.20640446	0.03868543	0.01275441
1.66	0.20701216	0.02365758	0.00074541
1.68	0.17833499	0.06079908	0.01559043
1.75	0.21773969	0.03446066	0.00331847
1.81	0.19371410	0.02990964	0.00530091
1.87	0.17734785	0.02409048	0.00353530
1.92	0.19110369	0.04918502	0.00997099
2.04	0.19234296	0.03809979	-0.00034379
2.15	0.18644399	0.04331334	0.00845474
2.23	0.19712904	0.04984316	0.00674578
2.69	0.21218548	0.03960442	0.00498937
2.86	0.20137658	0.04398813	0.00570144
1.752574607889148 6.921785584579151
1.7525746340045447 6.921785584579151
1.752574607889148 6.921785687721794
1.5952454335059174 6.328370803510458
1.5952454572769268 6.328370803510458
1.5952454335059174 6.328370897810531
1.5387142181590168 6.45652610519037
1.5387142410876453 6.45652610519037
1.5387142181590168 6.456526201400107
1.5042433038023812 6.550488920810446
1.5042433262173531 6.550488920810446
1.5042433038023812 6.550489018420338
1.5070850877768514 6.543063878237372
1.5070851102341691 6.543063878237372
1.5070850877768514 6.543063975736621
0.03240665046032165 1.5070850877768514 6.543063878237372 0.003423738228114317
0.07492435955609547 0.0687523492895844 0.05559746070513017 0.05543362374789811 0.05270377133793791 0.05203322929276846 0.05062052678250538 0.049939018521347196 0.048642641094979074 0.04696907033317086 0.04379923475711427 0.04241292498485711 0.042145564897444046 0.04110040850575757 0.04014609629189711 0.039296857539916914 0.03865676609032283 0.037153776657115396 0.035950408305979405 0.03503194429646254 0.03105235681286999 0.029815600373511653
0.02929513793005647 0.02530704361324352 0.01753835307310466 0.01744842361050397 0.015976467170620127 0.015622657789823627 0.014887463471568992 0.014537807270502814 0.013881821682468851 0.013052962954959856 0.011540127905577955 0.01090261846480565 0.010781394117001793 0.010312919982398935 0.00989276915703371 0.00952505891065222 0.009251795163597091 0.00862346043645581 0.008134044262851753 0.007768806246624743 0.00627163404339763 0.005835375474074395
