Your k-statistics (sorted by length):
Length (M.)	k_1	k_2	k_3
0.63	0.24528292	0.07336959	0.01920442
0.74	0.22496238	0.06654960	-0.01414845
1.08	0.18828027	0.02880021	0.00007526
1.08	0.16507436	0.03121690	0.00771693
1.18	0.17384566	0.05476185	0.01649242
1.20	0.20823077	0.05045956	0.00688112
1.26	0.16977355	0.03147347	0.01078499
1.28	0.19378783	0.04600143	0.00489556
1.34	0.19692022	0.07113828	0.02813891
1.42	0.16885015	0.04185418	0.01199962
1.58	0.19937489	0.03496867	0.00994461
1.66	0.21194841	0.01822128	-0.00308628
1.68	0.18037076	0.05270516	0.01241973
1.75	0.19824938	0.03279545	0.00090515
1.81	0.20513720	0.03372551	0.00887236
1.87	0.16938954	0.01985495	0.00188455
1.92	0.21213266	0.04830734	0.00540021
2.04	0.18843791	0.05303155	0.00303303
2.15	0.17709123	0.03805530	0.00687971
2.23	0.21213366	0.04698582	0.00919299
2.69	0.19798113	0.04394870	0.00479125
2.86	0.21106231	0.03795988	0.00722935
1.752574607889148 6.921785584579151
1.7525746340045447 6.921785584579151
1.752574607889148 6.921785687721794
1.1871001789141824 9.21595250696426
1.1871001966033534 9.21595250696426
1.1871001789141824 9.215952644292654
1.3458653921456865 8.928107259037862
1.3458654122006437 8.928107259037862
1.3458653921456865 8.928107392077028
1.3635477781706642 8.881994238048266
1.3635477984891093 8.881994238048266
1.3635477781706642 8.881994370400294
1.3636222346441835 8.882173046930404
1.3636222549637382 8.882173046930404
1.3636222346441835 8.882173179285097
0.024176988463568083 1.3636222346441835 8.882173046930404 0.0031702701834654093
0.06818200328537723 0.0621691193401342 0.04962193897181394 0.049467809983036126 0.046906949642565976 0.04627997376089535 0.04496165272994073 0.04432691817351618 0.043121711191623883 0.041570020408279125 0.03864355538845201 0.0373686668555539 0.03712313488309919 0.03616434615215418 0.03529031908086733 0.034513649784899646 0.03392894478233776 0.03255829197572708 0.03146313844977238 0.030628587749490056 0.027025204015458958 0.025909341807438587
0.025251408251765813 0.021655144415799632 0.014830500382201703 0.014752797510128052 0.013484867417133948 0.013181173973769366 0.012551411771619678 0.012252501345106522 0.011692743985636314 0.010987336503102123 0.009704949030417926 0.009166433376176234 0.009064153886554233 0.008669246263567834 0.008315540660282596 0.008006333957615085 0.007776753899728706 0.00724950964555801 0.006839431099868423 0.006533724684951259 0.005283214806556759 0.004919540313361494
