Your k-statistics (sorted by length):
Length (M.)	k_1	k_2	k_3
0.63	0.22508884	0.05801269	0.01842708
0.74	0.24240393	0.09720591	0.03840638
1.08	0.19729768	0.03433170	0.00471817
1.08	0.18267461	0.04664490	0.01651889
1.18	0.17436340	0.08305099	0.03680597
1.20	0.20296042	0.03991568	-0.00227884
1.26	0.19433842	0.04051738	0.01217924
1.28	0.18760955	0.04606663	0.00509990
1.34	0.19463598	0.06537211	0.02369801
1.42	0.16465954	0.02718993	0.00687548
1.58	0.18219783	0.02881954	0.00374690
1.66	0.21877744	0.03267138	0.00575465
1.68	0.19681888	0.05601737	0.00816723
1.75	0.19464873	0.03149273	0.00615760
1.81	0.20471569	0.03718215	0.01166854
1.87	0.17388487	0.02684290	0.00488956
1.92	0.19373518	0.03882288	0.00824219
2.04	0.19532768	0.04376359	-0.00098881
2.15	0.17522814	0.03173198	0.00503896
2.23	0.22480813	0.05044258	0.00906112
2.69	0.21258298	0.04302426	0.00539828
2.86	0.20322509	0.03584149	0.00571414
1.752574607889148 6.921785584579151
1.7525746340045447 6.921785584579151
1.752574607889148 6.921785687721794
1.7479073086680292 6.5589622880091945
1.7479073347138778 6.5589622880091945
1.7479073086680292 6.558962385745349
2.245225746456606 5.218529142794778
2.245225779913077 5.218529142794778
2.245225746456606 5.218529220556922
2.375440425862491 4.9840465127661115
2.3754404612593114 4.9840465127661115
2.375440425862491 4.984046587034192
2.371439506853475 4.996876065258676
2.3714395421906773 4.996876065258676
2.371439506853475 4.996876139717932
2.37180939880469 4.9960374954514855
2.371809434147404 4.9960374954514855
2.37180939880469 4.996037569898245
0.04305119571468463 2.37180939880469 4.9960374954514855 0.0031567062055165474
0.07449441720803554 0.06808836661744039 0.05446787026658336 0.05429863655267399 0.05148066023925671 0.05078901143274341 0.04933257236412722 0.04863032902526466 0.047295183121140255 0.045572910600569595 0.04231518199949669 0.0408922934515004 0.040618012490176346 0.03954622078574243 0.03856817716821993 0.03769829716306426 0.03704294701937114 0.03550514617943786 0.03427493979572533 0.033336612022314534 0.0292771344271633 0.028017567692859704
0.027957148330874617 0.02386913798192772 0.015991767664318784 0.015901566315981414 0.014429481570600327 0.014076936983177683 0.013346121598515887 0.012999419372422875 0.012350584881283225 0.011533963428526733 0.010053726973356518 0.009434382713372075 0.009316935773653938 0.008864077559958588 0.008459363915896906 0.008106332897665597 0.007844716228410232 0.007245682534702198 0.006781676237185633 0.0064369799347594745 0.005039870907880891 0.004638198061445412
