Your k-statistics (sorted by length):
Length (M.)	k_1	k_2	k_3
0.63	0.25507553	0.07756947	0.01011366
0.74	0.25873604	0.10913340	0.03671426
1.08	0.18903785	0.02956437	0.00266034
1.08	0.17074721	0.04313114	0.01827721
1.18	0.19181431	0.06796238	0.02536153
1.20	0.17141063	0.03693106	0.00355984
1.26	0.19092377	0.03434601	0.00938124
1.28	0.19903237	0.04817689	0.00284936
1.34	0.19165672	0.07541721	0.04195487
1.42	0.17138932	0.03246214	0.00936462
1.58	0.19189712	0.03269824	0.00827794
1.66	0.21788117	0.02629886	-0.00244008
1.68	0.19226197	0.05983474	0.00730103
1.75	0.20932710	0.04425759	0.01566040
1.81	0.19315078	0.03996090	0.02107739
1.87	0.16362801	0.02681087	0.00154626
1.92	0.18863530	0.04725738	0.01520547
2.04	0.17904379	0.03514516	-0.00307354
2.15	0.16651933	0.03516665	0.00573496
2.23	0.20430457	0.05098351	0.00741579
2.69	0.20828583	0.04081585	0.00413368
2.86	0.20116251	0.03300483	0.00501941
1.752574607889148 6.921785584579151
1.7525746340045447 6.921785584579151
1.752574607889148 6.921785687721794
1.66774426807488 6.271612727427001
1.667744292926206 6.271612727427001
1.66774426807488 6.2716128208813124
2.614181725789146 3.7619236596507557
1.9045853361701977 5.6447345982112935
1.9045853645507307 5.6447345982112935
1.9045853361701977 5.644734682324394
2.1691165987274315 5.006729679961561
2.1691166310497874 5.006729679961561
2.1691165987274315 5.006729754567647
2.7186918722933267 3.739419427099674
2.7186919128049927 3.739419427099674
2.7186918722933267 3.739419482821366
3.3747840398531954 2.52383260338428
2.908333558799773 3.4508145122346745
2.9083336021373203 3.4508145122346745
2.908333558799773 3.450814563655818
3.233722748772543 2.841594568675834
3.2337227969587667 2.841594568675834
3.233722748772543 2.841594611018893
3.600658052242125 2.2564573645530253
3.3357048452361324 2.702260999363906
3.335704894942008 2.702260999363906
3.3357048452361324 2.702261039630733
3.517471665665666 2.408632681355951
3.5174717180800785 2.408632681355951
3.517471665665666 2.408632717247375
3.713280246945297 2.1241757151158867
3.569998574239785 2.3401164660509313
3.569998627436909 2.3401164660509313
3.569998574239785 2.340116500921384
3.6671370541886565 2.197363857494963
3.667137108833257 2.197363857494963
3.6671370541886565 2.197363890238236
3.643689059392833 2.233607181170841
3.643689113688031 2.233607181170841
3.643689059392833 2.2336072144541816
3.6932880584436076 2.1629425706699763
3.6561589718125376 2.215990483778885
3.656159026293552 2.215990483778885
3.6561589718125376 2.2159905167997165
0.09361508953676867 3.6561589718125376 2.215990483778885 0.003944390014073618
0.07667424100184823 0.07018492668760289 0.05626112296050265 0.05608713554772612 0.053186761103561034 0.05247397430473221 0.0509718827055805 0.05024708472250166 0.04886810585821298 0.04708749854503671 0.04371415516034236 0.042238708594501906 0.04195415795449592 0.04084181672690935 0.039826198959837196 0.03892245328505032 0.03824131749446637 0.03664211670469194 0.035361917355128815 0.034384952945995265 0.030153573451694213 0.028839193999486354
0.029304504613032058 0.02500981783649348 0.016654994815517635 0.016558864588518983 0.014989100262300374 0.014612949114085508 0.01383301454702917 0.013462946825259264 0.01277032896516139 0.01189861222518885 0.010319144898187948 0.00965879430816081 0.009533621064348827 0.009051148411166582 0.00862024076610741 0.008244605533262114 0.007966404233087865 0.007330010667984454 0.006837747785267297 0.006472509090902357 0.004997122115563549 0.004574808333907713
