Your k-statistics (sorted by length):
Length (M.)	k_1	k_2	k_3
0.63	0.24382230	0.06344420	0.00778703
0.74	0.24168366	0.10245777	0.03459193
1.08	0.18638812	0.01967677	-0.00112170
1.08	0.17089561	0.03926924	0.00747792
1.18	0.20000400	0.07827080	0.03198231
1.20	0.18330133	0.05004399	0.01526149
1.26	0.16956309	0.01359280	0.00047392
1.28	0.19089949	0.03481102	-0.00150340
1.34	0.19047130	0.07884999	0.03650129
1.42	0.16792203	0.04863264	0.02550955
1.58	0.21441439	0.03793016	0.00874947
1.66	0.20762060	0.02394912	-0.00102538
1.68	0.20097402	0.06629071	0.01612126
1.75	0.21467210	0.04368183	0.00759055
1.81	0.21137982	0.03371923	0.00352110
1.87	0.16426596	0.02170670	0.00242368
1.92	0.21359051	0.04914657	0.00669964
2.04	0.18134580	0.03600645	-0.00151721
2.15	0.17460554	0.02679391	0.00087327
2.23	0.21095441	0.04613477	0.00860152
2.69	0.20098507	0.03614524	0.00380224
2.86	0.20076068	0.03790545	0.00441378
1.752574607889148 6.921785584579151
1.7525746340045447 6.921785584579151
1.752574607889148 6.921785687721794
1.8375195656439531 6.509581763475266
1.8375195930251285 6.509581763475266
1.8375195656439531 6.509581860475593
2.364390822940317 5.104612594394653
2.3643908581724857 5.104612594394653
2.364390822940317 5.104612670459308
2.4333138010836244 5.026927031067002
2.4333138373428254 5.026927031067002
2.4333138010836244 5.026927105974052
2.4313596301782656 5.032596454034637
2.431359666408347 5.032596454034637
2.4313596301782656 5.0325965290261685
0.04272947407272398 2.4313596301782656 5.032596454034637 0.0051895988841643825
0.0737807472285945 0.06737701551690965 0.05378903525487853 0.05362044249374286 0.050813991991528355 0.050125417710114854 0.04867576852795459 0.04797695171000402 0.04664859371923002 0.04493560426616095 0.041697046361263417 0.04028318630644518 0.040010691101651834 0.038946017361214884 0.037974662430641196 0.03711088527075094 0.0364602279137372 0.03493375651671669 0.033712930496051896 0.03278194435956139 0.0287560410043263 0.0275074706806825
0.02750591225885368 0.02344303606218079 0.015641003954055394 0.015551898000606317 0.014098526035374447 0.013750703259771619 0.013029983476590868 0.012688219040377775 0.012048889379784143 0.011244735631307215 0.009788615605997692 0.009179978134439548 0.009064604621028627 0.008619873595740889 0.008222605488076712 0.007876214390713954 0.007619608114711424 0.0070323456192009845 0.006577755466539397 0.006240231126902243 0.004873880641718381 0.004481605339480457
