Your k-statistics (sorted by length):
Length (M.)	k_1	k_2	k_3
0.63	0.25161675	0.06531714	-0.00029886
0.74	0.22608660	0.08312003	0.02183323
1.08	0.17650984	0.02634238	-0.00167119
1.08	0.16883402	0.04389341	0.01420771
1.18	0.18995791	0.06582418	0.02067555
1.20	0.19485018	0.04688737	0.00372542
1.26	0.19495401	0.03464560	0.00608262
1.28	0.19269148	0.04114189	0.00064977
1.34	0.18779795	0.07459823	0.03600300
1.42	0.17803072	0.03674507	0.01759567
1.58	0.19614265	0.02804838	0.00506255
1.66	0.20528723	0.02112585	-0.00175073
1.68	0.19310525	0.06206383	0.01601043
1.75	0.22166176	0.03451646	0.00173269
1.81	0.19309143	0.02479555	0.00661030
1.87	0.17538195	0.02013839	0.00207373
1.92	0.19246072	0.03984020	0.00782536
2.04	0.20107179	0.04577834	-0.00181357
2.15	0.18202110	0.04054941	0.00213882
2.23	0.21452478	0.05446627	0.01057894
2.69	0.19708054	0.03475560	0.00652367
2.86	0.21078378	0.03644910	0.00366845
1.752574607889148 6.921785584579151
1.7525746340045447 6.921785584579151
1.752574607889148 6.921785687721794
1.9958233842251327 6.77793043957318
1.9958234139652187 6.77793043957318
1.9958233842251327 6.777930540572214
2.0446435049543026 6.668287076052618
2.044643535421865 6.668287076052618
2.0446435049543026 6.668287175417839
2.0425087780345565 6.674952801840305
2.042508808470309 6.674952801840305
2.0425087780345565 6.674952901304852
2.0428092304536314 6.674138881038182
2.042809260893861 6.674138881038182
2.0428092304536314 6.674138980490602
0.03242040502481092 2.0428092304536314 6.674138881038182 0.0035407963773802314
0.07066854645730444 0.06439266123016854 0.051208049484159926 0.051045490397155294 0.04834287637479913 0.04768073826000598 0.046287945825574495 0.045617109299234924 0.04434294257752025 0.04270173437810295 0.03960449864217092 0.03825454241159685 0.0379945124610302 0.03697899469381314 0.03605310558994386 0.035230244094400676 0.034610703328540916 0.033158208457212936 0.03199750551981442 0.031112924614089106 0.027292957273913707 0.02610990075616728
0.0258620712145382 0.022020337299334766 0.014722233643277514 0.01463937511693329 0.013289075490309573 0.012966218302020844 0.012297542994242178 0.011980590435753658 0.011387869982699798 0.010642627739775735 0.009293608384408751 0.008729732464566743 0.008622833971681901 0.008210724416019444 0.007842512115693293 0.007521369610335851 0.007283404100299357 0.006738550715387515 0.006316491967454645 0.006002916398850044 0.004731095670312986 0.004365016266347499
