Your k-statistics (sorted by length):
Length (M.)	k_1	k_2	k_3
0.63	0.23961803	0.06165840	-0.00837599
0.74	0.24357929	0.10136363	0.05854576
1.08	0.18472091	0.02376771	-0.00311772
1.08	0.16880543	0.04137587	0.01167406
1.18	0.18409332	0.06539314	0.02254601
1.20	0.19552479	0.04036602	0.01161162
1.26	0.16388594	0.02889655	0.00836297
1.28	0.20767599	0.03979678	-0.00144181
1.34	0.18991038	0.08964756	0.04455083
1.42	0.18683197	0.04138404	0.02134121
1.58	0.18760288	0.02946514	0.00633240
1.66	0.21714670	0.03726809	0.00128859
1.68	0.18377938	0.05933191	0.01707132
1.75	0.20554380	0.03438729	-0.00147169
1.81	0.21914058	0.03403020	0.00504266
1.87	0.18382195	0.02361222	-0.00005279
1.92	0.20842254	0.04000843	0.00562029
2.04	0.17488557	0.03717659	0.00141999
2.15	0.17431070	0.03761037	0.00810726
2.23	0.21609405	0.04983146	0.00996422
2.69	0.21266404	0.03973570	0.00460667
2.86	0.19641099	0.03849731	0.00315852
1.752574607889148 6.921785584579151
1.7525746340045447 6.921785584579151
1.752574607889148 6.921785687721794
1.7087748015663544 6.763490130561455
1.7087748270290832 6.763490130561455
1.7087748015663544 6.763490231345312
1.6972706771120194 6.792663774539136
1.6972707024033233 6.792663774539136
1.6972706771120194 6.792663875757714
1.6975189089270684 6.792014412390782
1.6975189342220713 6.792014412390782
1.6975189089270684 6.792014513599684
0.031871063835154256 1.6975189089270684 6.792014412390782 0.005496299722154814
0.07321160964145582 0.06695379860335192 0.05371663257400386 0.05355262712453737 0.05082303108671472 0.05015343314781067 0.04874385078159125 0.04806439431975967 0.04677289723387713 0.04510751072302908 0.04195893208290438 0.04058425595167991 0.04031930119456787 0.039284045676095745 0.03833946189991633 0.03749942789636641 0.03686661221736834 0.03538183624313844 0.03419417712482614 0.03328836663007189 0.02937003807754821 0.0281543723725093
0.02757836012066303 0.02367184107837966 0.016154571921794036 0.01606834379789857 0.01465979829624207 0.014322043961346335 0.013621252245207483 0.013288460812782 0.012665011595081611 0.011878983129853823 0.010449520619388501 0.009849266521277064 0.0097352751920299 0.009295211914289905 0.008901175430372648 0.008556826758217612 0.008301238587329724 0.0077145979701440355 0.007258713469516966 0.0069191290860476685 0.005533221596963046 0.00513140797135724
