Your k-statistics (sorted by length):
Length (M.)	k_1	k_2	k_3
0.63	0.21715513	0.05754886	0.01117097
0.74	0.23787351	0.09395095	0.02309577
1.08	0.18459086	0.02808939	0.00143453
1.08	0.18727443	0.04101918	0.00714442
1.18	0.19655573	0.07764661	0.02418146
1.20	0.18014062	0.03706528	0.00139550
1.26	0.18732507	0.04289671	0.01415891
1.28	0.20943350	0.06131331	0.00799873
1.34	0.17787629	0.06032053	0.02618456
1.42	0.17045342	0.03890071	0.01587437
1.58	0.19901528	0.02904390	0.00330467
1.66	0.23143187	0.02948917	-0.00016134
1.68	0.16400707	0.04017596	0.00473188
1.75	0.19592031	0.02503450	-0.00299514
1.81	0.19484737	0.02826567	0.00805421
1.87	0.16821381	0.02143836	0.00203557
1.92	0.19034516	0.03863614	0.01009097
2.04	0.18142594	0.03873932	-0.00058218
2.15	0.16958006	0.02857361	0.00147946
2.23	0.20658729	0.04217211	0.00798242
2.69	0.19455564	0.03871905	0.00683372
2.86	0.20993070	0.03878514	0.00971360
1.752574607889148 6.921785584579151
1.7525746340045447 6.921785584579151
1.752574607889148 6.921785687721794
3.338041895207885 3.042863609651127
2.271758096944904 6.0118776812103665
2.2717581307967376 6.0118776812103665
2.271758096944904 6.0118777707943245
3.055793926052665 4.068884276599933
3.055793971587543 4.068884276599933
3.055793926052665 4.068884337231033
4.033303088184604 2.2156677782834366
3.3461708754992534 3.632934509757049
3.346170925361085 3.632934509757049
3.3461708754992534 3.632934563891992
3.833343629840404 2.7054936246604613
3.4725869457199687 3.403562061139045
3.4725869974655468 3.403562061139045
3.4725869457199687 3.403562111856072
3.721865631764486 2.9428765841982254
3.7218656872246054 2.9428765841982254
3.721865631764486 2.9428766280505037
3.9940390627312854 2.4953359765925778
3.9940391222471052 2.4953359765925778
3.9940390627312854 2.4953360137759812
4.288987267935428 2.062465871102344
4.074829893680527 2.392277607775203
4.074829954400224 2.392277607775203
4.074829893680527 2.392277643422917
4.221043099203935 2.174988764238224
4.111915704423037 2.3383175384761143
4.111915765695356 2.3383175384761143
4.111915704423037 2.338317573319761
4.102936575737588 2.352003869261779
4.102936636876107 2.352003869261779
4.102936575737588 2.3520039043093677
4.084610236274811 2.379131473121925
4.084610297140246 2.379131473121925
4.084610236274811 2.3791315085737463
4.089209284446937 2.372361402480375
4.089209345380904 2.372361402480375
4.089209284446937 2.3723614378313145
4.093779578276369 2.365571887409784
4.093779639278438 2.365571887409784
4.093779578276369 2.365571922659552
0.08684551338039304 4.093779578276369 2.365571887409784 0.002802285105389397
0.07115282550364227 0.06472745321025744 0.05114584641658148 0.0509778910049362 0.04818437940753391 0.047499670272507226 0.04605907995683911 0.045365085037160816 0.04404672708200352 0.04234828313983037 0.03914247270107072 0.037745123721385034 0.03747596830304632 0.03642483592666215 0.035466523698159405 0.03461490004345468 0.033973744314279075 0.032470738289801 0.03126986698467409 0.030354807734098044 0.026404797733463506 0.02518204691787715
0.026084358177023807 0.021983394622633802 0.014209923055259727 0.014122232432744412 0.012696500099658744 0.012356643490343844 0.011654230895122335 0.011322036846599161 0.010702235637594827 0.009925842187673258 0.008530037350646181 0.00795087381483046 0.007841395145062787 0.007420348628145916 0.007045580784394911 0.006719896297410894 0.006479312087479615 0.0059310253826289246 0.0055089523028715535 0.005196990021460676 0.003948057593018905 0.003594193714959101
