Your k-statistics (sorted by length):
Length (M.)	k_1	k_2	k_3
0.63	0.26566673	0.07248563	0.00491434
0.74	0.23691254	0.08025306	0.02043028
1.08	0.17859991	0.03943096	0.00408894
1.08	0.16657950	0.04232738	0.01419540
1.18	0.19663149	0.07292692	0.01742199
1.20	0.16918463	0.03305733	-0.00016585
1.26	0.17488919	0.03454166	0.01376802
1.28	0.20852057	0.03883720	-0.00057717
1.34	0.19714870	0.09268808	0.05199395
1.42	0.16874166	0.02350327	0.00407798
1.58	0.19236062	0.03929474	0.01567830
1.66	0.20844371	0.02244572	0.00269643
1.68	0.17833829	0.04842356	0.01037494
1.75	0.20237118	0.03926485	0.00075065
1.81	0.20823229	0.03656850	0.00658362
1.87	0.17373058	0.02298155	0.00206423
1.92	0.18956811	0.03906151	0.00939636
2.04	0.18556995	0.04722275	0.00410756
2.15	0.18896117	0.03762479	0.00540313
2.23	0.20236288	0.04129743	0.01060151
2.69	0.20768911	0.04016727	0.00791117
2.86	0.20925566	0.04028295	0.00698781
1.752574607889148 6.921785584579151
1.7525746340045447 6.921785584579151
1.752574607889148 6.921785687721794
1.655059663786528 7.132236373996582
1.6550596884488389 7.132236373996582
1.655059663786528 7.132236480275186
1.5258110124761628 7.497427834114864
1.5258110352125187 7.497427834114864
1.5258110124761628 7.497427945835245
1.5299996108139173 7.489542163297994
1.5299996336126882 7.489542163297994
1.5299996108139173 7.489542274900869
1.5301816222662046 7.489062174612708
1.5301816450676875 7.489062174612708
1.5301816222662046 7.489062286208431
0.028693328424072462 1.5301816222662046 7.489062174612708 0.004085148938087759
0.07164629692458101 0.06548986746238425 0.05251502573067656 0.052354632863475845 0.04968632500333319 0.04903208771089575 0.04765524535091572 0.046991761751333454 0.04573095901807479 0.044105778064922656 0.041035034110131034 0.03969504629201602 0.039436824407637294 0.038428018172754104 0.037507760020096835 0.036689509428489406 0.036073194759461066 0.034627433063815716 0.03347127151665066 0.032589650688606586 0.0287775191771929 0.027595282025133425
0.027020743071548784 0.023210398979439925 0.01590147026141343 0.015817741411386445 0.014450131184327718 0.014122205409119248 0.013441790205383653 0.013118658153342146 0.012513254484618451 0.011749839671057897 0.010360876124348328 0.009777285873045456 0.009666430390652842 0.009238376562621577 0.008854950851430843 0.00851975176827917 0.008270873435815168 0.007699342060112954 0.007254884456396885 0.006923610140532876 0.005569443491296567 0.005176039995885173
