Your k-statistics (sorted by length):
Length (M.)	k_1	k_2	k_3
0.63	0.21937897	0.06123109	0.00727097
0.74	0.23739013	0.12964386	0.07457516
1.08	0.18847124	0.02536602	-0.00024899
1.08	0.16616820	0.04018068	0.01136692
1.18	0.18051760	0.06149392	0.01664238
1.20	0.17451751	0.03487153	0.00652485
1.26	0.16479354	0.03385146	0.00859687
1.28	0.20225690	0.05464989	0.00389805
1.34	0.18627376	0.09034046	0.04576267
1.42	0.18212436	0.03601810	0.01029450
1.58	0.19770953	0.03431331	0.01065088
1.66	0.22826667	0.01899286	-0.00172583
1.68	0.18338947	0.05636195	0.02219262
1.75	0.21021971	0.03161874	-0.00047511
1.81	0.19014318	0.03241762	0.00726953
1.87	0.16216416	0.02283729	0.00663527
1.92	0.18830629	0.03348897	0.00492246
2.04	0.16982377	0.04394590	0.00190407
2.15	0.17464059	0.03889959	0.00643262
2.23	0.20277904	0.04694406	0.01350029
2.69	0.19361272	0.03323797	0.00037057
2.86	0.21661121	0.04285803	0.00758534
1.752574607889148 6.921785584579151
1.7525746340045447 6.921785584579151
1.752574607889148 6.921785687721794
1.669590873253654 6.168113128842318
1.6695908981324967 6.168113128842318
1.669590873253654 6.168113220754366
3.096773304281017 2.4148347108954455
2.0275760858888376 5.2325697534352855
2.0275761161020758 5.2325697534352855
2.0275760858888376 5.232569831406651
2.4439026560113315 4.27783656051712
2.4439026924283187 4.27783656051712
2.4439026560113315 4.277836624261852
3.3399443912635634 2.397282828425194
2.680806511657499 3.814061416894266
2.680806551604629 3.814061416894266
2.680806511657499 3.8140614737282097
3.1495234217601857 2.8839282324343922
3.1495234686917417 2.8839282324343922
3.1495234217601857 2.883928275408272
3.70533800009233 2.0030687446821536
3.3086597868392094 2.677825533580058
3.3086598361420823 2.677825533580058
3.3086597868392094 2.677825573482768
3.5842474809259115 2.235940657701291
3.584247534335361 2.235940657701291
3.5842474809259115 2.2359406910194033
3.8938727146422027 1.8172008395462091
3.8938727726654276 1.8172008395462091
3.8938727146422027 1.8172008666246118
3.989529047899589 1.728880161338028
3.989529107348204 1.728880161338028
3.989529047899589 1.72888018710035
3.8214485496314166 1.9277561308957594
3.9481301598406295 1.7791176089277696
3.9481302186723535 1.7791176089277696
3.9481301598406295 1.779117635438688
3.9588134488935216 1.7668407342413723
3.958813507884439 1.7668407342413723
3.9588134488935216 1.766840760569351
3.97972781097959 1.7419006715560985
3.9797278702821557 1.7419006715560985
3.97972781097959 1.7419006975124411
3.9587702252238395 1.7668044236329028
3.9745486680954816 1.7481768215104316
3.974548727320872 1.7481768215104316
3.9745486680954816 1.7481768475602963
0.11468241304903015 3.9745486680954816 1.7481768215104316 0.007120814395872765
0.0759037541293743 0.0695122809261582 0.05578115323807973 0.055609426357222054 0.0527462088822747 0.0520424024209316 0.05055904154034852 0.0498431879136829 0.04848105888469376 0.046721886470104605 0.04338816770257242 0.04192965364756711 0.04164834102227644 0.04054857280179802 0.039544317714727543 0.03865059006622546 0.03797694728217596 0.03639514729203517 0.03512868673196084 0.03416209449750341 0.029974550739837888 0.028673441100525898
0.02949805660623977 0.025198569207314284 0.0168170470887502 0.016720461147208602 0.015142728123824596 0.014764516508481965 0.013980117552240184 0.013607839130581343 0.012910920024470777 0.012033478331467546 0.010442711240379234 0.00977726401493031 0.009651098868600001 0.009164724150140689 0.008730223386390974 0.00835137040674965 0.00807073338300243 0.007428594373337497 0.006931715347627959 0.006562950604427587 0.0050723734173828946 0.0046454065631176015
