Your k-statistics (sorted by length):
Length (M.)	k_1	k_2	k_3
0.63	0.23494501	0.07338198	0.01810581
0.74	0.24497727	0.12204634	0.07391037
1.08	0.16948871	0.02932798	0.00225019
1.08	0.14745811	0.05412237	0.03262054
1.18	0.18425372	0.07256727	0.03025167
1.20	0.19522818	0.04640849	0.00850168
1.26	0.17567790	0.03601039	0.01365638
1.28	0.18196228	0.03017158	0.00109148
1.34	0.19814783	0.07572873	0.03138700
1.42	0.16247879	0.03738511	0.01210048
1.58	0.19802333	0.03998186	0.01343191
1.66	0.22724271	0.02948898	0.00047587
1.68	0.16543384	0.05800886	0.02258726
1.75	0.20643544	0.03576879	0.00129538
1.81	0.21643204	0.02941300	0.00483278
1.87	0.16389220	0.02407279	0.00217089
1.92	0.18856284	0.04629240	0.01234826
2.04	0.19661009	0.04678680	-0.00123839
2.15	0.18076946	0.04227865	0.01139545
2.23	0.19984947	0.04354729	0.00671857
2.69	0.20042599	0.03839252	0.00463580
2.86	0.20835553	0.03610572	0.00205574
1.752574607889148 6.921785584579151
1.7525746340045447 6.921785584579151
1.752574607889148 6.921785687721794
1.5426988349641768 5.8465135968616995
1.5426988579521808 5.8465135968616995
1.5426988349641768 5.846513683981541
2.781519462685531 2.6400732757295953
1.8503687983864363 5.040373465322751
1.85036882595908 5.040373465322751
1.8503687983864363 5.040373540430168
2.2164292298392194 4.207851285415557
2.2164292628665887 4.207851285415557
2.2164292298392194 4.207851348117427
2.998639496800519 2.5657426482323684
2.4218388946713203 3.8021664021973502
2.4218389307595323 3.8021664021973502
2.4218388946713203 3.8021664588540447
3.0529252421483206 2.5336960991060087
3.0529252876404516 2.5336960991060087
3.0529252421483206 2.5336961368610225
3.226136128413092 2.3864163394683593
3.2261361764862664 2.3864163394683593
3.226136128413092 2.386416375028734
3.479954037159988 2.009123583007865
3.479954089015344 2.009123583007865
3.479954037159988 2.0091236129461394
3.764447076271688 1.654388378136408
3.7644471323663207 1.654388378136408
3.764447076271688 1.654388402788716
3.7018684390330856 1.7492949049996709
3.701868494195224 1.7492949049996709
3.7018684390330856 1.7492949310661963
3.849521756107152 1.5764023468122905
3.739508498961234 1.706703126936559
3.739508554684253 1.706703126936559
3.739508498961234 1.7067031523684173
3.813934018252985 1.6207718942092142
3.7582795712059758 1.6853640720306902
3.7582796272087053 1.6853640720306902
3.7582795712059758 1.6853640971445718
3.795666925149923 1.642550295801047
3.795666981709768 1.642550295801047
3.795666925149923 1.6425503202769536
3.7864700956153734 1.6533829054074938
3.7864701520381745 1.6533829054074938
3.7864700956153734 1.653382930044819
3.767645114164487 1.6746744175864532
3.781769240510542 1.658710544413347
3.781769296863295 1.658710544413347
3.781769240510542 1.65871056913006
3.776060244368031 1.665180739094545
3.7760603006357134 1.665180739094545
3.776060244368031 1.6651807639076717
3.7772367265963704 1.6638499496400356
3.777236782881584 1.6638499496400356
3.7772367265963704 1.663849974433332
0.12093707950350152 3.7772367265963704 1.6638499496400356 0.005292012227075649
0.0788988534331454 0.07249880520024381 0.05863984242967591 0.058465558071802856 0.05555619064733732 0.05484002640884793 0.05332931094097319 0.05259962165644251 0.05121002681486151 0.04941317766265045 0.046001279596340025 0.044505792402254725 0.04421715610044751 0.04308816249660373 0.04205639781075635 0.04113753252028761 0.04044453684386556 0.03881593564760301 0.03751064596247668 0.03651361678503447 0.03218641345730733 0.03083941379185124
0.03131326977147708 0.026929841000028803 0.018266524009682258 0.018165638602556745 0.016513805639102205 0.016116713656572787 0.015291719757763925 0.014899478623527954 0.014163945030199956 0.013235499017741847 0.01154504887875009 0.010834957203250123 0.01070012107172141 0.010179683333065176 0.009713875448810035 0.009307025725588496 0.00900521696797929 0.00831319266419211 0.0077762727217717395 0.007376935805144426 0.0057546258385648185 0.005287248119479334
