Your k-statistics (sorted by length):
Length (M.)	k_1	k_2	k_3
0.63	0.23834131	0.08484373	0.01327636
0.74	0.23114505	0.08578368	0.01193746
1.08	0.18146506	0.02408735	-0.00202214
1.08	0.15057836	0.03682407	0.01101264
1.18	0.19874195	0.07984770	0.02518272
1.20	0.19305221	0.04383108	0.00580542
1.26	0.16922824	0.03325533	0.00875872
1.28	0.18747338	0.04495940	0.00358125
1.34	0.20462573	0.07776094	0.03390154
1.42	0.19847419	0.04626165	0.01254211
1.58	0.19576252	0.03899870	0.01437614
1.66	0.21011268	0.03434183	0.00537798
1.68	0.17642703	0.04344355	0.00864448
1.75	0.20623305	0.03451699	-0.00018192
1.81	0.19116968	0.02077926	0.00017854
1.87	0.16094782	0.02138696	0.00456358
1.92	0.20475516	0.04959103	0.00774753
2.04	0.17648936	0.04463614	0.00235782
2.15	0.16969734	0.03695298	0.00728101
2.23	0.21933625	0.04676624	0.00830020
2.69	0.19775980	0.03515344	0.00692415
2.86	0.21710300	0.04215084	0.00677048
1.752574607889148 6.921785584579151
1.7525746340045447 6.921785584579151
1.752574607889148 6.921785687721794
1.861251783538521 6.271321464293198
1.8612518112733338 6.271321464293198
1.861251783538521 6.27132155774317
3.3236774267362934 2.4396344484781505
2.2295192858470783 5.319762515552436
2.2295193190695044 5.319762515552436
2.2295192858470783 5.319762594823075
2.6539638886692387 4.347909055451616
2.6539639282163825 4.347909055451616
2.6539638886692387 4.34790912024051
3.5659490858599394 2.4329958785153276
2.8957091860881126 3.875974416577164
2.895709229237542 3.875974416577164
2.8957091860881126 3.8759744743336837
3.3722637937877584 2.928584278009618
3.3722638440384047 2.928584278009618
3.3722637937877584 2.9285843216489242
3.935638304481321 2.0301069385760697
3.5336804163659186 2.718262032386658
3.53368046902186 2.718262032386658
3.5336804163659186 2.718262072891919
3.813081160603642 2.2675977268186376
3.605329420444119 2.606731258710922
3.6053294741677138 2.606731258710922
3.605329420444119 2.6067312975542447
3.7473155081750336 2.3828323441550587
3.747315564014386 2.3828323441550587
3.7473155081750336 2.3828323796620277
3.860067572961796 2.220932755018
3.7777295250352827 2.344002340991253
3.777729581327839 2.344002340991253
3.7777295250352827 2.34400237591961
3.722562064352003 2.4257805627306963
3.7640280155298136 2.3645075605484953
3.7640280716182017 2.3645075605484953
3.7640280155298136 2.3645075957824035
3.7502823662721045 2.3849832172730845
3.760605654016892 2.3696358793435364
3.7606057100542833 2.3696358793435364
3.760605654016892 2.3696359146538626
3.7527776369144803 2.381287238563516
3.758646815937006 2.372548391356623
3.758646871945208 2.372548391356623
3.758646815937006 2.3725484267103494
0.08713067011013242 3.758646815937006 2.372548391356623 0.003371993186571132
0.07435467531458335 0.06789341523898729 0.05411266691809962 0.0539411813233543 0.05108509147799923 0.05038393086375864 0.048907295376609795 0.04819524293526032 0.046841341054456614 0.04509471182701576 0.0417906286756297 0.04034746367584834 0.04006927648378722 0.03898223508892709 0.03799030383978559 0.03710810249682883 0.03644349260125306 0.03488405607436716 0.033636651178060306 0.03268528032823139 0.02857025042636035 0.02729376892117627
0.027988754167166372 0.0237688807690187 0.015643798689154192 0.015551040575260865 0.014038953887114089 0.013677373751772266 0.012928609052014033 0.012573792458769132 0.011910537979971585 0.011077340533302943 0.00957233722489987 0.00894500436388375 0.008826220961287079 0.008368779036158994 0.007960778359405618 0.007605549085610838 0.007342730299532294 0.006742416621290134 0.006278947850259181 0.005935595443346854 0.004553538695227614 0.004159534865905934
