Your k-statistics (sorted by length):
Length (M.)	k_1	k_2	k_3
0.63	0.23217010	0.06011591	0.00754092
0.74	0.21280203	0.06628744	0.00636053
1.08	0.19228404	0.03039481	-0.00142848
1.08	0.16923973	0.04099242	0.01009166
1.18	0.18277548	0.06402931	0.02032212
1.20	0.19498107	0.05443717	0.01105177
1.26	0.17939188	0.02751765	0.00193039
1.28	0.19886062	0.05222172	0.00799884
1.34	0.17858389	0.07224136	0.03675410
1.42	0.17803715	0.04178277	0.01003201
1.58	0.20728685	0.03150505	0.00604003
1.66	0.21049312	0.02637208	0.00047853
1.68	0.18017474	0.05753497	0.01776522
1.75	0.21003147	0.02880414	-0.00074648
1.81	0.21189016	0.03332083	0.00665184
1.87	0.17233679	0.02045368	-0.00121426
1.92	0.19979524	0.04765941	0.01392420
2.04	0.16823647	0.03959107	0.00159927
2.15	0.16941213	0.02887902	0.00314611
2.23	0.22766381	0.05032545	0.00454531
2.69	0.19837620	0.04188740	0.00329638
2.86	0.20423704	0.04311322	0.00864574
1.752574607889148 6.921785584579151
1.7525746340045447 6.921785584579151
1.752574607889148 6.921785687721794
0.8150496240041445 10.029530170085621
0.8150496389053057 10.029530170085621
0.8150496240041445 10.029530319537267
1.0595484346342605 9.593200027509752
1.0595484504227626 9.593200027509752
1.0595484346342605 9.593200170459571
1.0682377369825677 9.58639856752614
1.0682377529005505 9.58639856752614
1.0682377369825677 9.586398710374612
1.0681105090769971 9.587032500801604
1.068110524993084 9.587032500801604
1.0681105090769971 9.587032643659521
0.02230865098159529 1.0681105090769971 9.587032500801604 0.0030897867868014926
0.06813471132321193 0.06222082940922524 0.04988317704427648 0.04973159256445565 0.047212745359766356 0.04659596972409775 0.04529896927315872 0.044674433900825955 0.04348846455062834 0.04196127472007033 0.03908010085602879 0.03782452999824348 0.03758268774030276 0.036638209169209 0.035777087943752055 0.035011772364606765 0.034435542197613626 0.03308450559761415 0.0320047676491746 0.031181807461069688 0.027626879884580513 0.026525495621258693
0.025615448880607034 0.02208415451765376 0.015360154188521345 0.015283297605265813 0.014027775642270267 0.013726629162266874 0.013101566116315399 0.012804593972381519 0.012247922179663933 0.011545310879949313 0.010264455862064717 0.009725028394613694 0.009622460833439608 0.009226076894686672 0.008870534281355433 0.008559298769838354 0.008327943707611498 0.007795699713480795 0.00738077707192998 0.007070871143405788 0.005797188026335302 0.005424689638855926
