Your k-statistics (sorted by length):
Length (M.)	k_1	k_2	k_3
0.63	0.22037928	0.06937357	0.01461905
0.74	0.20292156	0.08491027	0.03302695
1.08	0.18561952	0.03583940	0.00486124
1.08	0.18506339	0.03797793	0.00621260
1.18	0.18209738	0.06264435	0.01302264
1.20	0.19568205	0.04804279	0.00270967
1.26	0.17202068	0.02543792	0.00868132
1.28	0.18855314	0.04613522	-0.00071591
1.34	0.20365787	0.07470367	0.03481296
1.42	0.17880018	0.03906950	0.02128905
1.58	0.18487660	0.02745678	0.00600804
1.66	0.20653701	0.02434758	0.00366719
1.68	0.17363013	0.04953358	0.00789813
1.75	0.19886849	0.03635307	0.00356373
1.81	0.19182537	0.03143678	0.01004284
1.87	0.17082379	0.02406092	0.00072076
1.92	0.21090355	0.04422808	0.00458387
2.04	0.17491395	0.03933507	-0.00012124
2.15	0.18584711	0.04174087	0.00807173
2.23	0.20679678	0.04362912	0.00754849
2.69	0.21050204	0.04131859	0.00471248
2.86	0.20369423	0.03296317	0.00472282
1.752574607889148 6.921785584579151
1.7525746340045447 6.921785584579151
1.752574607889148 6.921785687721794
2.8555833270993856 3.9408224919829484
2.050361230821343 6.18507247771034
2.050361261374106 6.18507247771034
2.050361230821343 6.185072569875102
3.0235337016394537 3.671490654526068
2.2955767697515124 5.561278214177105
2.295576803958272 5.561278214177105
2.2955767697515124 5.561278297046608
2.5688113223491635 4.913538275349694
2.568811360627435 4.913538275349694
2.5688113223491635 4.91353834856712
3.138394375519387 3.628053253312177
2.7167056551457844 4.594660079798498
2.7167056956278532 4.594660079798498
2.7167056551457844 4.594660148264269
3.0086600274137294 3.955139326734918
3.0086600722462573 3.955139326734918
3.0086600274137294 3.955139385671087
3.3280740227570726 3.328881513478924
3.32807407234924 3.328881513478924
3.3280740227570726 3.3288815630831237
3.2671792866653093 3.469383366860882
3.2671793353500744 3.469383366860882
3.2671792866653093 3.4693834185587225
3.3399346120060738 3.3335239890332904
3.339934661774978 3.3335239890332904
3.3399346120060738 3.3335240387066687
3.3222823513759194 3.3677707690128216
3.322282400881784 3.3677707690128216
3.3222823513759194 3.3677708191965166
3.29540958920966 3.4178053657102225
3.2954096383150895 3.4178053657102225
3.29540958920966 3.4178054166394913
3.3021666459896886 3.4053176688852984
3.302166695195806 3.4053176688852984
3.3021666459896886 3.405317719628486
3.3139128288217856 3.3833648315686227
3.313912878202935 3.3833648315686227
3.3139128288217856 3.3833648819846873
3.310993474291257 3.3888622047105126
3.310993523628904 3.3888622047105126
3.310993474291257 3.3888622552084944
0.06112812072789309 3.310993474291257 3.3888622047105126 0.0025890293091173845
0.07218772595489595 0.06580965493320531 0.052275397640551106 0.05210754743427561 0.04931397510362957 0.048628724779877466 0.04718631087201852 0.046491103872311965 0.04516984153273152 0.04346648514279242 0.040247774123480885 0.0388433063512746 0.03857267501002482 0.03751545438263389 0.036551141357468536 0.035693824765495055 0.035048159599312456 0.03353383191576426 0.032323161627687155 0.031400189139778045 0.027411657661935308 0.026175577110536558
0.02699247479064896 0.022865190154047442 0.01497697897242345 0.014887380964804131 0.013428279165351543 0.013079780358002894 0.012358610025190156 0.012017107683885076 0.011379152070386462 0.010578493741181697 0.009134400891067497 0.008533266085097689 0.008419496558260905 0.007981521620792673 0.007591095326159214 0.007251329066827265 0.007000047244048215 0.006426392026977226 0.005983794616727634 0.005656066041723505 0.004338270044475492 0.00396298189276114
