Your k-statistics (sorted by length):
Length (M.)	k_1	k_2	k_3
0.63	0.23916246	0.07358869	0.00727412
0.74	0.22096147	0.09276644	0.02256502
1.08	0.20386955	0.03621915	0.00294833
1.08	0.16398108	0.03333772	0.00885526
1.18	0.17221607	0.06645381	0.02919840
1.20	0.18222523	0.03430038	-0.00672144
1.26	0.18970695	0.02832307	0.00513051
1.28	0.21644824	0.06448486	0.00547816
1.34	0.18595652	0.06765591	0.02280201
1.42	0.17163883	0.03441717	0.01578971
1.58	0.18853926	0.02938087	0.00475175
1.66	0.20972133	0.02686494	0.00153760
1.68	0.19443919	0.05493323	0.00884431
1.75	0.22573578	0.03463413	-0.00202103
1.81	0.19406805	0.03158045	0.01002460
1.87	0.17333245	0.02902301	0.00556997
1.92	0.19789135	0.04738992	0.01308613
2.04	0.18846783	0.04283976	0.00404657
2.15	0.17405599	0.03221230	0.00279547
2.23	0.20563444	0.04675475	0.00934746
2.69	0.20090245	0.03822329	0.00419958
2.86	0.20233085	0.03058097	0.00369324
1.752574607889148 6.921785584579151
1.7525746340045447 6.921785584579151
1.752574607889148 6.921785687721794
3.548412395769226 2.121674396623585
2.248395018317842 5.740348570104
2.2483950518215385 5.740348570104
2.248395018317842 5.740348655641859
3.2225857289545696 3.370226705391626
2.5066085651335004 5.154060595740473
2.506608602484879 5.154060595740473
2.5066085651335004 5.154060672541961
3.3979001379833536 3.074561502726394
2.730618807684549 4.6367967987427114
2.7306188483739398 4.6367967987427114
2.730618807684549 4.636796867836368
3.001543112013883 4.056273030094023
3.0015431567403605 4.056273030094023
3.001543112013883 4.056273090537202
3.5684779965917404 2.9072664438560114
3.568478049766206 2.9072664438560114
3.5684779965917404 2.9072664871776572
3.7684424887475005 2.657034235622356
3.7684425449016694 2.657034235622356
3.7684424887475005 2.657034275215252
4.110596337900354 2.1154268426223197
3.8565556503665066 2.5232935918761354
3.856555707833664 2.5232935918761354
3.8565556503665066 2.52329362947614
4.031121638421899 2.254725775533881
4.031121698490292 2.254725775533881
4.031121638421899 2.2547258091319136
3.9901093470754367 2.3235052362656328
3.9901094065326994 2.3235052362656328
3.9901093470754367 2.3235052708885586
4.0806250494867635 2.1913787943354315
4.012967988995384 2.290632176557339
4.012968048793267 2.290632176557339
4.012967988995384 2.2906322106904184
4.007384119365311 2.2989398611184804
4.007384179079987 2.2989398611184804
4.007384119365311 2.2989398953753537
3.9943769604992907 2.3178758132366677
3.9943770200201456 2.3178758132366677
3.9943769604992907 2.3178758477757087
3.997217530677269 2.31375507704428
3.9972175902404516 2.31375507704428
3.997217530677269 2.313755111521917
4.004396406606469 2.303259530249949
3.9990134655698255 2.311133074365112
3.9990135251597696 2.311133074365112
3.9990134655698255 2.311133108803679
0.08983693727540432 3.9990134655698255 2.311133074365112 0.002998062865523287
0.07288466307911129 0.0663994527752357 0.05264257304033021 0.05247203061703981 0.04963398136759961 0.04893792134261725 0.047472891389983396 0.04676685308770546 0.04542513435133429 0.04369566497690412 0.04042845574806614 0.03900319109026157 0.03872857872233679 0.0376558893442062 0.036677583858987416 0.035807922390055716 0.03515301971372935 0.03361723013558441 0.03238960893129129 0.03145383844387405 0.027411248297684224 0.02615882334337345
0.026852383235109977 0.022697826912110433 0.014774151839544038 0.014684347800141256 0.013222761717805611 0.01287393076158969 0.012152425786489392 0.011810940416967619 0.01117333986603479 0.010373768444000692 0.00893367646443845 0.00833508399286544 0.008221859572655706 0.007786183859719966 0.007398088657884625 0.007060580064298072 0.0068111122648535985 0.006242088284876451 0.005803564667113789 0.005479157004433264 0.004177723055332152 0.0038081188055022696
