Your k-statistics (sorted by length):
Length (M.)	k_1	k_2	k_3
0.63	0.25239932	0.08102806	0.01513218
0.74	0.25362972	0.09399073	0.02661437
1.08	0.18223917	0.03003843	0.00253325
1.08	0.15911365	0.04010436	0.01578255
1.18	0.18589747	0.09035431	0.05586861
1.20	0.20235357	0.05291448	0.02323919
1.26	0.16244635	0.02694851	0.00761198
1.28	0.19233949	0.03705733	0.00048515
1.34	0.20137453	0.07501501	0.02723253
1.42	0.16032097	0.03166466	0.00694492
1.58	0.19853864	0.03306974	0.00400125
1.66	0.22272190	0.03473413	0.00887005
1.68	0.18157660	0.05884082	0.01705533
1.75	0.19039275	0.03360475	0.00827983
1.81	0.19693445	0.03677538	0.01844289
1.87	0.16803648	0.02498995	0.00033762
1.92	0.19722828	0.04873147	0.01153053
2.04	0.17204599	0.03202979	-0.00159955
2.15	0.18180804	0.02693434	0.00159735
2.23	0.20070403	0.04858035	0.01330607
2.69	0.20600025	0.02334297	0.00033289
2.86	0.19779632	0.03747120	0.00782435
1.752574607889148 6.921785584579151
1.7525746340045447 6.921785584579151
1.752574607889148 6.921785687721794
1.6668613661813312 6.328359557168442
1.6668613910195011 6.328359557168442
1.6668613661813312 6.328359651468348
2.4218062065141175 4.31513438775039
2.4218062426018423 4.31513438775039
2.4218062065141175 4.315134452050903
2.9742271196696444 3.2989330193893895
2.9742271639890823 3.2989330193893895
2.9742271196696444 3.2989330685473224
3.3261376656708883 2.7196764530929016
3.3261377152342018 2.7196764530929016
3.3261376656708883 2.719676493619239
3.8529431327352692 1.889122771856394
3.4680437527434123 2.51887399780838
3.468043804421291 2.51887399780838
3.4680437527434123 2.5188740353425274
3.736348216985202 2.106747113397723
3.5368012617185003 2.416956649635105
3.536801314420946 2.416956649635105
3.5368012617185003 2.416956685650566
3.673139523968659 2.2123329905848035
3.673139578702703 2.2123329905848035
3.673139523968659 2.212333023551134
3.8175733048744367 2.013340914034532
3.817573361760712 2.013340914034532
3.8175733048744367 2.0133409440356496
3.968914299063563 1.8195501323281411
3.968914358204995 1.8195501323281411
3.968914299063563 1.8195501594415509
4.128018799671683 1.6320808775614783
4.128018861183956 1.6320808775614783
4.128018799671683 1.6320809018813787
4.295710994007741 1.4522523716029268
4.2957110580188225 1.4522523716029268
4.295710994007741 1.4522523932431735
4.342879514641247 1.4128339002217396
4.342879579355195 1.4128339002217396
4.342879514641247 1.4128339212746053
4.4306504409072955 1.3267467037199858
4.365003243282762 1.3914982039079944
4.365003308326378 1.3914982039079944
4.365003243282762 1.3914982246429335
4.409135508562175 1.3487076864293461
4.409135574263414 1.3487076864293461
4.409135508562175 1.3487077065266568
4.3982758791667695 1.3595813369637062
4.398275944706187 1.3595813369637062
4.3982758791667695 1.3595813572230468
4.376041563120587 1.380801763353254
4.3927308938664344 1.3649006503269419
4.3927309593232255 1.3649006503269419
4.3927308938664344 1.3649006706655464
4.3941232198752616 1.3635771887389194
4.3941232853528 1.3635771887389194
4.3941232198752616 1.3635772090578029
0.1462177206414106 4.3941232198752616 1.3635771887389194 0.0044306322797312775
0.07596670748878906 0.0695202317897037 0.05569512962773202 0.055522436561559134 0.05264386662599886 0.05193650449211432 0.05044593033328475 0.04972673152271666 0.04835848062483286 0.04659187180337378 0.04324550008677015 0.041782036089126416 0.041499809328429914 0.04039659249434215 0.039389361299509706 0.03849312282606836 0.0378176725950146 0.036231913001116445 0.034962566249811707 0.03399393862557095 0.02979920184008425 0.028496376350951532
0.029165523697430598 0.024880514807936783 0.016551722001331284 0.01645595541742104 0.014892364253399506 0.014517760132678631 0.013741120331580314 0.013372658038210012 0.012683119977333221 0.011815423279325095 0.010243672926105873 0.009586724777939938 0.009462208803783916 0.00898230738391607 0.008553748263969615 0.008180201761418683 0.0079035730338714 0.007270861886324667 0.00678153229114551 0.0064185202567930465 0.0049526056992817 0.00453315965722936
