Your k-statistics (sorted by length):
Length (M.)	k_1	k_2	k_3
0.63	0.23306168	0.07519268	0.01641909
0.74	0.25330973	0.10350877	0.01817018
1.08	0.19144833	0.02883170	-0.00440253
1.08	0.18127340	0.04394237	0.01476913
1.18	0.17508650	0.09664289	0.06121707
1.20	0.17570994	0.03253736	-0.00239707
1.26	0.17893666	0.03360630	0.02597868
1.28	0.19378064	0.04923915	0.00088477
1.34	0.19714761	0.07032030	0.03099566
1.42	0.18414577	0.04902266	0.01675663
1.58	0.21154587	0.03755968	0.00876530
1.66	0.21424910	0.03254417	0.00556814
1.68	0.17132940	0.05304499	0.01827805
1.75	0.20452185	0.02847250	-0.00202480
1.81	0.19569246	0.02948226	0.01101603
1.87	0.18442040	0.02428446	0.00658660
1.92	0.21564565	0.04534004	0.00325539
2.04	0.19814708	0.04853151	0.00201063
2.15	0.19214183	0.03687359	0.00202578
2.23	0.21891242	0.04691928	0.00635781
2.69	0.20125582	0.04026616	0.00529511
2.86	0.19980114	0.04395074	0.00979272
1.752574607889148 6.921785584579151
1.7525746340045447 6.921785584579151
1.752574607889148 6.921785687721794
1.6166323504480251 6.256154243733856
1.6166323745377245 6.256154243733856
1.6166323504480251 6.2561543369578185
2.0398318737692285 5.12058424486517
2.039831904165092 5.12058424486517
2.0398318737692285 5.120584321167821
2.2892800025066924 4.587187399058285
2.2892800366196226 4.587187399058285
2.2892800025066924 4.587187467412704
2.2984154495681897 4.583562281309122
2.298415483817249 4.583562281309122
2.2984154495681897 4.583562349609522
2.299948373132799 4.580193572466874
2.2999484074047003 4.580193572466874
2.299948373132799 4.580193640717077
0.047215721768188224 2.299948373132799 4.580193572466874 0.005253017537044401
0.0774583043188315 0.0710040397261266 0.05717543951382694 0.05700272313916386 0.05412355766633055 0.05341597176891109 0.05192479581576705 0.05120523518454866 0.04983614966170387 0.04806814337254769 0.044717957267658544 0.04325227515943602 0.04296957863669005 0.041864389605792265 0.04085516263664185 0.039956985845582056 0.039279970811692246 0.03769017548373067 0.03641722162663022 0.03544561023894331 0.03123557522714474 0.029927201407953706
0.029596070550718476 0.025399445304426234 0.01721519830227716 0.017120665470881657 0.01557504461415062 0.015204077104956306 0.014434044228855438 0.014068244394001233 0.013382800371851016 0.012518454626652614 0.010946839774954755 0.010287316157505017 0.010162115751416137 0.009678952218396217 0.009246595178691799 0.008869008873136323 0.008588923867820328 0.007946708123707432 0.007448369551208146 0.007077650360604814 0.0055702139039102636 0.005135260974460644
