Your k-statistics (sorted by length):
Length (M.)	k_1	k_2	k_3
0.63	0.25488809	0.06882421	-0.00147325
0.74	0.23240365	0.08623807	0.03664227
1.08	0.17875035	0.03335594	-0.00154807
1.08	0.16587983	0.04438334	0.02190756
1.18	0.18675132	0.06130297	0.01315123
1.20	0.19023014	0.03551815	0.00283488
1.26	0.17469911	0.03420778	0.01138742
1.28	0.19702098	0.05246050	0.00795736
1.34	0.19491728	0.07734847	0.04045781
1.42	0.18626974	0.04853945	0.01948853
1.58	0.19317594	0.02889241	0.00681308
1.66	0.20066388	0.02153130	0.00065621
1.68	0.19196478	0.06549741	0.01669943
1.75	0.20173883	0.03293177	0.00011985
1.81	0.19540032	0.02904112	0.00251753
1.87	0.16664644	0.02163338	0.00059691
1.92	0.18319924	0.04280644	0.01098994
2.04	0.18379402	0.03704671	0.00082114
2.15	0.19118661	0.04338298	0.00899318
2.23	0.19003871	0.04211808	0.00724606
2.69	0.20745983	0.04231061	0.00713706
2.86	0.21971397	0.03618692	0.00453194
1.752574607889148 6.921785584579151
1.7525746340045447 6.921785584579151
1.752574607889148 6.921785687721794
1.7345794382908848 6.769533246879454
1.7345794641381327 6.769533246879454
1.7345794382908848 6.76953334775336
1.7917031014666631 6.612074958922142
1.79170312816512 6.612074958922142
1.7917031014666631 6.612075057449737
1.7896377896695501 6.618910308723591
1.7896378163372313 6.618910308723591
1.7896377896695501 6.618910407353041
1.78985509291667 6.618318933996012
1.7898551195875894 6.618318933996012
1.78985509291667 6.618319032616649
0.03221689210198686 1.78985509291667 6.618318933996012 0.003564117534344557
0.07234282459027586 0.06613031241438948 0.05299151937577165 0.052828768240328804 0.05012021622785929 0.049455831529832225 0.048057293463291566 0.047383195607698936 0.04610194919706379 0.04444991187928956 0.04132699800927058 0.03996371125047192 0.03970096497712248 0.0386743805261259 0.037737767266459936 0.03690486944120802 0.03627745966591946 0.03480547006550428 0.03362814306944735 0.03273027555104798 0.02884693408670839 0.02764232889197168
0.02738988820439866 0.023476972833501128 0.01595650279687718 0.015870345872246457 0.014463444348606871 0.014126228859854392 0.013426751353395243 0.013094681863936445 0.01247276624409945 0.011689032426892787 0.010264904354187745 0.009667393662513407 0.009553960219322106 0.009116167065254548 0.008724327234978778 0.008382032311634561 0.008128053351778448 0.007545396400493388 0.007092906141715507 0.0067560328054996075 0.0053830298999759055 0.004985591002662339
