Your k-statistics (sorted by length):
Length (M.)	k_1	k_2	k_3
0.63	0.21535239	0.04932894	-0.00353277
0.74	0.22057063	0.06974916	0.00599896
1.08	0.18489398	0.03602335	0.00782215
1.08	0.16063323	0.03918583	0.00904048
1.18	0.18309212	0.07240974	0.03191659
1.20	0.18348070	0.04008543	0.00643390
1.26	0.18101606	0.02841892	0.01409914
1.28	0.19575701	0.03742206	-0.00200884
1.34	0.20733777	0.07605517	0.03046393
1.42	0.18826706	0.05622041	0.03852777
1.58	0.19601696	0.04065049	0.00847687
1.66	0.21348605	0.02591834	0.00329267
1.68	0.17581002	0.06465726	0.02766436
1.75	0.21095571	0.03234535	-0.00293557
1.81	0.20064089	0.03111670	0.00911876
1.87	0.18567572	0.02418961	0.00337624
1.92	0.19817323	0.04538549	0.00724573
2.04	0.18582913	0.03520690	-0.00390007
2.15	0.18816991	0.03871504	0.01133714
2.23	0.20535215	0.04449336	0.01011436
2.69	0.20496264	0.03956075	0.00680043
2.86	0.21058407	0.02948891	0.00234891
1.752574607889148 6.921785584579151
1.7525746340045447 6.921785584579151
1.752574607889148 6.921785687721794
0.016081975981392382 12.059574222597242
0.016081990882553576 12.059574222597242
0.016081975981392382 12.059574402298901
0.015225551416224758 13.28628549421041
0.015225566317385952 13.28628549421041
0.015225551416224758 13.286285692191493
0.007923234377350612 13.418428943471513
0.007923249278511806 13.418428943471513
0.007923234377350612 13.418429143421685
3.3291018893389854e-05 13.458765547709326
3.33059200545837e-05 13.458765547709326
3.3291018893389854e-05 13.45876574826056
5.1455021692202885e-06 13.4620427612234
5.160403330414136e-06 13.4620427612234
5.1455021692202885e-06 13.46204296182347
2.592259631777061e-16 13.462342831345241
1.490116145307362e-08 13.462342831345241
2.592259631777061e-16 13.462343031949782
0.016008465980716258 2.592259631777061e-16 13.462342831345241 0.003991114105148422
0.06593510158838903 0.06046446869628694 0.04918308187421165 0.049045352208628816 0.04675917182441929 0.046200028671451614 0.045024997610233874 0.04445954845929263 0.043386374106989915 0.04200548747078351 0.03940312244909443 0.038270019606513994 0.03805182491420734 0.03719986379656673 0.03642330724474575 0.03573330152877954 0.035213861395867 0.033996234538670476 0.03302334210122291 0.032281930861058794 0.02908007579341758 0.028088257257559996
0.025567082258601506 0.02249953370081102 0.016666349101796606 0.01659933022694314 0.015502007387103348 0.015237998884532821 0.014688835742290752 0.014427309600702806 0.013935891349004428 0.013313161205039468 0.012169399977814695 0.011683786105465045 0.011591151163084458 0.011232186229967916 0.010908819830961035 0.010624590466059375 0.010412562261162097 0.009922162966860024 0.009537100127352139 0.009247762455029916 0.008040323867414021 0.00768064543969138
