Your k-statistics (sorted by length):
Length (M.)	k_1	k_2	k_3
0.63	0.22982472	0.05902646	0.01114504
0.74	0.26237967	0.09602952	0.01754153
1.08	0.18053922	0.03010574	-0.00003763
1.08	0.15288261	0.03000018	0.00947222
1.18	0.17411758	0.06875620	0.02493665
1.20	0.20549285	0.04350540	0.00594956
1.26	0.17786836	0.01662599	0.00290974
1.28	0.17630630	0.03584210	0.00602620
1.34	0.17605508	0.07112405	0.04422509
1.42	0.19546004	0.04309688	0.02140400
1.58	0.19932976	0.03353885	0.00988324
1.66	0.20706224	0.01555405	-0.00026080
1.68	0.18027193	0.04782185	0.01171658
1.75	0.20618892	0.02866375	-0.00091407
1.81	0.21463787	0.03740269	0.01424046
1.87	0.17889320	0.02435385	0.00174082
1.92	0.20446540	0.04195041	0.01176724
2.04	0.17723591	0.04367841	0.00149846
2.15	0.18824999	0.04717521	0.00736642
2.23	0.21265296	0.04800841	0.00536405
2.69	0.20975737	0.04532854	0.00641646
2.86	0.21704257	0.04593239	0.00830618
1.752574607889148 6.921785584579151
1.7525746340045447 6.921785584579151
1.752574607889148 6.921785687721794
0.0078537959282583 12.148146582458647
1.4050301355436132 8.25469371690951
1.4050301564801937 8.25469371690951
1.4050301355436132 8.254693839914031
0.5776111955020058 10.882449964285163
0.577611210403167 10.882449964285163
0.5776111955020058 10.882450126446304
0.4238437403074463 11.743583530794226
0.4238437552086075 11.743583530794226
0.4238437403074463 11.743583705787257
0.4399273884339567 11.704557685263168
0.4399274033351179 11.704557685263168
0.4399273884339567 11.704557859674669
0.43991976601847743 11.704922157302953
0.4399197809196386 11.704922157302953
0.43991976601847743 11.704922331719885
0.018535145308251955 0.43991976601847743 11.704922157302953 0.004289980866248072
0.06751072197153779 0.061795343232532496 0.0499398896168775 0.04979466442815873 0.04738262481303305 0.04679230365457367 0.045551275920429984 0.044953846099662895 0.04381959743010748 0.04235943459631772 0.03960574989156126 0.03840605454301153 0.038174991429634396 0.03727265171093777 0.03644999913786515 0.035718901580004535 0.035168448387491176 0.033877873480061334 0.032846460209032174 0.032060322458836284 0.0286641823664864 0.027611855989492843
0.02568624177560626 0.02239893154931604 0.01613336278815542 0.01606143234319514 0.014884448394423806 0.014601529002443171 0.014013421074709665 0.013733555976901686 0.013208088888895833 0.012543085603381571 0.011324774950480105 0.010808960747841911 0.010710676864103347 0.010330185907432017 0.009987953225836598 0.009687582423080083 0.009463798800302549 0.008947216337168815 0.008542660756117353 0.008239348285566817 0.006980764956465894 0.006608426491041497
