Your k-statistics (sorted by length):
Length (M.)	k_1	k_2	k_3
0.63	0.23134805	0.07231178	0.01820528
0.74	0.23227695	0.09162295	0.01983186
1.08	0.18593016	0.03137238	0.00319526
1.08	0.16431245	0.04227326	0.01372296
1.18	0.19367255	0.08001352	0.02642448
1.20	0.19143933	0.04313308	0.00108976
1.26	0.18148888	0.02582964	0.00543669
1.28	0.18931580	0.03089373	0.00079271
1.34	0.19742909	0.07671307	0.03786311
1.42	0.16520852	0.02805904	0.00752438
1.58	0.19558801	0.02228748	0.00313138
1.66	0.22548007	0.02641488	-0.00124989
1.68	0.17421627	0.05592476	0.01666943
1.75	0.20676235	0.04001865	0.01183410
1.81	0.20660491	0.03562521	0.00574611
1.87	0.18103263	0.02566166	0.00167949
1.92	0.19050695	0.03656781	0.00422214
2.04	0.18183713	0.03418110	-0.00182850
2.15	0.18318889	0.03911679	0.01013839
2.23	0.19420530	0.04274625	0.00987791
2.69	0.19477111	0.04199074	0.01076821
2.86	0.20639903	0.03387084	0.00438830
1.752574607889148 6.921785584579151
1.7525746340045447 6.921785584579151
1.752574607889148 6.921785687721794
2.803412651987302 4.171654424382733
2.0565280953036145 6.2514648389177605
2.056528125948271 6.2514648389177605
2.0565280953036145 6.251464932071846
2.5894356720638516 4.879284088093232
2.58943571064945 4.879284088093232
2.5894356720638516 4.879284160800231
3.2108568384566603 3.5448530361985178
3.2108568863021554 3.5448530361985178
3.2108568384566603 3.544853089020944
3.38824096584471 3.305423262884079
3.388241016333435 3.305423262884079
3.38824096584471 3.305423312138724
3.386137452019615 3.315339392282158
3.386137502476995 3.315339392282158
3.386137452019615 3.3153394416845647
0.06306178337388635 3.386137452019615 3.315339392282158 0.0036277386433440488
0.07239969003128836 0.06597473549517976 0.05235302643744786 0.05218419808325108 0.04937473798839707 0.04868570380049027 0.04723547163010845 0.04653656754656262 0.045208406565865784 0.04349640402329416 0.040262116816569285 0.03885116431518164 0.03857930512746405 0.03751735500815147 0.03654882103308198 0.03568782598271103 0.03503943637686298 0.03351887264576715 0.03230337068893167 0.03137680567040889 0.027373634949606047 0.026133301653605112
0.026824790693872804 0.022701544647798784 0.014834383230134864 0.014745145077771506 0.013292353067949972 0.012945491532263596 0.012227877415994943 0.011888140659410504 0.011253629318818879 0.01045757456056011 0.009022636103711023 0.008425661275162546 0.008312703680213281 0.007877930307774242 0.007490462842724971 0.007153355250154079 0.006904091679352632 0.006335217234876648 0.005896481947745598 0.0055717165281137385 0.004266823838112384 0.003895536461850708
