Your k-statistics (sorted by length):
Length (M.)	k_1	k_2	k_3
0.63	0.20470506	0.05769974	0.00433361
0.74	0.23048291	0.10606451	0.02871368
1.08	0.19182256	0.02556369	0.00167673
1.08	0.15632043	0.04129991	0.01455690
1.18	0.18115651	0.08142700	0.03163482
1.20	0.19214148	0.04280899	0.01146322
1.26	0.18759328	0.03182298	0.01088725
1.28	0.19505980	0.03568448	-0.00025627
1.34	0.18436119	0.07839328	0.04432421
1.42	0.16798416	0.04756835	0.01541043
1.58	0.19546174	0.03552648	0.00688873
1.66	0.21299303	0.02089010	-0.00178631
1.68	0.19164216	0.05294793	0.00868128
1.75	0.21193399	0.03731368	0.01742153
1.81	0.19684480	0.02913825	0.01124754
1.87	0.16240374	0.01867032	0.00440682
1.92	0.19057390	0.03325775	0.00412549
2.04	0.17964972	0.03726635	0.00122808
2.15	0.18459529	0.03809591	0.00339803
2.23	0.19519115	0.04056069	0.00389103
2.69	0.20973018	0.04467120	0.00202408
2.86	0.19731058	0.03424178	0.00772920
1.752574607889148 6.921785584579151
1.7525746340045447 6.921785584579151
1.752574607889148 6.921785687721794
1.7519749312593478 6.625630948479649
1.7519749573658085 6.625630948479649
1.7519749312593478 6.625631047209244
2.0816818567624766 5.731294504611533
2.0816818877819534 5.731294504611533
2.0816818567624766 5.7312945900144765
2.1163136823932978 5.679363583913214
2.1163137139288293 5.679363583913214
2.1163136823932978 5.679363668542327
2.116475375603858 5.679303273076433
2.116475407141799 5.679303273076433
2.116475375603858 5.679303357704646
0.036804220372581575 2.116475375603858 5.679303273076433 0.004583104731621366
0.07232706596401371 0.06610916948073589 0.05291722780916029 0.05275352208769873 0.05002820290767532 0.049359463448290765 0.04795146762785923 0.047272675904999756 0.04598227787932944 0.04431802099622379 0.04117084634833122 0.03979654443041084 0.039531648296330144 0.03849658524627609 0.03755213215696223 0.03671218411991155 0.03607941733634479 0.03459471410520973 0.0334070830194625 0.03250128324200094 0.028583000024021255 0.027367376878193336
0.02763679068055528 0.023630076325806677 0.015918299096004108 0.015829985908594815 0.014388415006691857 0.014043073169319641 0.013327022539706468 0.012987235434055245 0.012351163306471664 0.011550220831036082 0.010097039241845778 0.009488371571899953 0.009372899415398645 0.008927494208692963 0.008529209000606284 0.008181590846076569 0.007923859811060061 0.007333284271511392 0.0068753676038552265 0.006534905760145393 0.005151953820075085 0.004753285011910373
