Your k-statistics (sorted by length):
Length (M.)	k_1	k_2	k_3
0.63	0.23784759	0.07446613	0.00637676
0.74	0.23120615	0.06830100	0.00068716
1.08	0.18342809	0.02919763	0.00310593
1.08	0.16816883	0.04234780	0.01230069
1.18	0.19048117	0.06969344	0.01843203
1.20	0.17897370	0.03847819	0.00974051
1.26	0.17186819	0.03690281	0.01534166
1.28	0.19139008	0.04823550	0.00147679
1.34	0.20795827	0.09127506	0.04995238
1.42	0.17519158	0.03898689	0.00618131
1.58	0.18993319	0.03805620	0.00938438
1.66	0.21286057	0.03114785	0.00476287
1.68	0.19727191	0.06521575	0.02183057
1.75	0.21280439	0.03853750	0.00423995
1.81	0.20853883	0.03247947	0.00893727
1.87	0.14878309	0.01374758	0.00046600
1.92	0.19781933	0.03578180	0.00612395
2.04	0.17677640	0.03075267	-0.00149249
2.15	0.18537488	0.03565487	0.00230145
2.23	0.21502745	0.04753804	0.01121082
2.69	0.20550697	0.04037089	0.00431346
2.86	0.20814843	0.03932458	0.00100864
1.752574607889148 6.921785584579151
1.7525746340045447 6.921785584579151
1.752574607889148 6.921785687721794
1.4594430196997277 7.733038784871971
1.4594430414471233 7.733038784871971
1.4594430196997277 7.733038900103228
1.4788286681055647 7.701542526098071
1.478828690141829 7.701542526098071
1.4788286681055647 7.701542640859997
1.4785634876473528 7.702622827855021
1.4785635096796657 7.702622827855021
1.4785634876473528 7.702622942633045
0.027806304283002792 1.4785634876473528 7.702622827855021 0.0041688255480807545
0.07114812985760087 0.06502757914541499 0.05214186615912483 0.051982676007802216 0.049334695760226976 0.04868553172263358 0.047319475971076656 0.04666124220642256 0.04541050573198989 0.043798468458308384 0.04075304577734549 0.03942429438028544 0.03916825019371664 0.03816798890060299 0.03725557608171136 0.036444340315896974 0.035833332926035286 0.034400098130580495 0.03325402891297608 0.032380146618537754 0.028601872022499267 0.027430255862748408
0.026866327255930387 0.023085339083773256 0.01583859780602202 0.015755603952634055 0.01439999326120278 0.01407493736371121 0.013400457511798004 0.013080132051829277 0.012479958982140419 0.011723074332006025 0.010345729883429104 0.009766888322922036 0.009656924111334463 0.009232276209401025 0.008851849329946572 0.00851922755062079 0.008272233820138261 0.0077049274105941215 0.007263645467645597 0.006934668298784992 0.005589148584174844 0.0051979890975219125
