Your k-statistics (sorted by length):
Length (M.)	k_1	k_2	k_3
0.63	0.23266497	0.05808619	-0.00140232
0.74	0.22451311	0.06994807	0.02390588
1.08	0.19106288	0.03152099	0.00245060
1.08	0.16647074	0.04114073	0.01747796
1.18	0.20353983	0.07980300	0.03652017
1.20	0.18515648	0.03614806	0.00008757
1.26	0.17024419	0.01738690	0.00433338
1.28	0.18664354	0.03766279	0.00018084
1.34	0.19258778	0.08128656	0.05838383
1.42	0.19018102	0.04636640	0.01844027
1.58	0.20772097	0.03435615	0.00706632
1.66	0.20002327	0.02724404	0.00405882
1.68	0.19107853	0.07162825	0.02565161
1.75	0.20812092	0.03548163	-0.00089569
1.81	0.19581210	0.03527018	0.00677330
1.87	0.18922934	0.02937073	0.00567087
1.92	0.20023427	0.04312833	0.00985966
2.04	0.17445017	0.03712977	0.00218914
2.15	0.18395340	0.03260987	0.00098815
2.23	0.19973306	0.04015622	0.00892676
2.69	0.20380164	0.04417740	0.01123176
2.86	0.21543109	0.04405373	0.00596268
1.752574607889148 6.921785584579151
1.7525746340045447 6.921785584579151
1.752574607889148 6.921785687721794
0.3920259832090571 10.690952271571753
0.3920259981102183 10.690952271571753
0.3920259832090571 10.690952430879356
0.030871743074706248 12.64035937563627
0.030871757975867442 12.64035937563627
0.030871743074706248 12.640359563992304
0.013256419668728363 12.856085634312164
0.013256434569889557 12.856085634312164
0.013256419668728363 12.856085825882769
0.0001681834260308674 12.928554558746598
0.00016819832719206125 12.928554558746598
0.0001681834260308674 12.928554751397073
2.1588182616811468e-05 12.93926905824358
2.1603083778005315e-05 12.93926905824358
2.1588182616811468e-05 12.939269251053714
2.1896343787609907e-15 12.940563116954396
1.4901163383482035e-08 12.940563116954396
2.1896343787609907e-15 12.940563309783812
0.016719809143590836 2.1896343787609907e-15 12.940563116954396 0.005207007933545516
0.06750058368076574 0.06196922053301275 0.050523796283600375 0.05038375807432851 0.04805823234381542 0.04748917523049021 0.0462929433408276 0.04571711646090756 0.0446239363165206 0.043216718658025406 0.04056297168415289 0.039406796037604025 0.03918411056835074 0.038314468822728244 0.037521596152632196 0.03681693469604905 0.036286364660391555 0.035042326575087185 0.03404801331724643 0.033290092132197406 0.030015160293027646 0.02900014381682862
0.026334799559957274 0.02320099251621227 0.01722059219309805 0.01715173094035667 0.016023783563345384 0.01575227969190797 0.015187370098348883 0.014918272062081713 0.014412500050005638 0.01377134770884811 0.012593086271458769 0.012092569467041528 0.011997074659669128 0.011626976541340516 0.011293511948215732 0.011000352892063213 0.01078163083715879 0.010275643591745064 0.009878238200549087 0.00957956710402892 0.008332634249537193 0.00796102142472254
