Your k-statistics (sorted by length):
Length (M.)	k_1	k_2	k_3
0.63	0.25437519	0.07125871	0.01185496
0.74	0.25513352	0.09371968	0.02130590
1.08	0.20106826	0.04041639	0.00867939
1.08	0.14880465	0.03014676	0.00983070
1.18	0.21182572	0.09633225	0.03093937
1.20	0.17751209	0.04916327	0.00933551
1.26	0.19325055	0.04178767	0.01732812
1.28	0.19824226	0.04221266	0.00102066
1.34	0.19934923	0.07012002	0.02582748
1.42	0.16527808	0.03233419	0.01195633
1.58	0.19870942	0.03482910	0.00572673
1.66	0.21782681	0.02193070	-0.00030138
1.68	0.19732184	0.05971386	0.01807869
1.75	0.21040035	0.04322490	0.00216524
1.81	0.19779580	0.03378640	0.01009415
1.87	0.17827431	0.02244620	0.00174646
1.92	0.20695411	0.03871768	0.00276635
2.04	0.17846278	0.04175638	0.00143431
2.15	0.17981341	0.04196634	0.01167642
2.23	0.19138076	0.04474691	0.01419612
2.69	0.20651355	0.03933005	0.00768166
2.86	0.20475358	0.03458513	0.00594805
1.752574607889148 6.921785584579151
1.7525746340045447 6.921785584579151
1.752574607889148 6.921785687721794
1.7137280678751226 6.4301893150894465
1.7137280934116608 6.4301893150894465
1.7137280678751226 6.430189410906734
2.4345086011400046 4.503324840441447
2.4345086374170095 4.503324840441447
2.4345086011400046 4.503324907546217
2.7842079095397447 3.8935527163966306
2.7842079510276756 3.8935527163966306
2.7842079095397447 3.8935527744150873
2.8118812451526 3.8640446292239035
2.8118812870528958 3.8640446292239035
2.8118812451526 3.8640446868026554
2.814316285735367 3.859349971850477
2.8143163276719476 3.859349971850477
2.814316285735367 3.859350029359273
0.055804873013571066 2.814316285735367 3.859349971850477 0.0035358264034658156
0.07612984712356834 0.06961875407982275 0.05571579797292774 0.055542604507587356 0.0526572456983365 0.05194865279446516 0.05045603133659951 0.0497361044112923 0.04836692341440453 0.04659997193048672 0.04325547718958995 0.04179382127320981 0.041512009503744306 0.04041061576039427 0.039405322881539646 0.03851102332963476 0.03783716471335042 0.036255569974264816 0.03498997637898572 0.034024454974092413 0.029845449200920617 0.028548217710972993
0.028562752909898435 0.024363509601852795 0.016240667773087365 0.016147510372629334 0.014627064457035243 0.014262931513301259 0.013508133795150151 0.013150087185211453 0.012480110992516268 0.011637113053102267 0.010110085743290254 0.009471712634185064 0.00935070295126444 0.008884260477581826 0.008467632530206886 0.008104403215083105 0.007835357206667311 0.007219770575679581 0.006743435835835824 0.006389896692357089 0.004960323485911065 0.004550544031281804
