Your k-statistics (sorted by length):
Length (M.)	k_1	k_2	k_3
0.63	0.24592869	0.07299932	0.01874331
0.74	0.23464046	0.09907316	0.02974092
1.08	0.17832258	0.02277836	-0.00424928
1.08	0.16215749	0.04267090	0.01712013
1.18	0.18090477	0.06939446	0.02272854
1.20	0.20406805	0.03948861	0.00324276
1.26	0.18459092	0.03712210	0.01302962
1.28	0.17918495	0.03529893	0.00112342
1.34	0.18836932	0.07916549	0.03602787
1.42	0.17862840	0.02988586	0.00593399
1.58	0.20072809	0.02903148	0.00407691
1.66	0.19905761	0.01969292	-0.00303906
1.68	0.18581416	0.06156987	0.01132941
1.75	0.20981996	0.04272402	0.00591607
1.81	0.22304248	0.03320020	0.00427864
1.87	0.17986386	0.02349857	0.00208052
1.92	0.20567940	0.05475175	0.01386649
2.04	0.17488273	0.03973969	0.00188672
2.15	0.17428453	0.03983298	0.00825190
2.23	0.18743752	0.04522561	0.00743036
2.69	0.19060893	0.03256974	0.00242708
2.86	0.20031989	0.03076603	0.00495648
1.752574607889148 6.921785584579151
1.7525746340045447 6.921785584579151
1.752574607889148 6.921785687721794
2.036593117675364 5.938000564255882
2.036593148022966 5.938000564255882
2.036593117675364 5.938000652738985
3.1307762053910517 3.194373882382582
2.3234792631605257 5.2575657110467
2.3234792977830647 5.2575657110467
2.3234792631605257 5.257565789390535
3.347723370539842 2.82949832685625
2.5809715365780974 4.653709950834655
2.5809715750375704 4.653709950834655
2.5809715365780974 4.653710020180337
2.892306962130961 3.984108948200287
2.8923070052296933 3.984108948200287
2.892306962130961 3.984109007568137
3.5501802694520785 2.6618443335157274
3.064137029521747 3.657308947551938
3.064137075180947 3.657308947551938
3.064137029521747 3.657309002050088
3.403824506247279 3.0016355013235776
3.4038245569682166 3.0016355013235776
3.403824506247279 3.001635546051432
3.7866626379601316 2.3701846205420667
3.786662694385802 2.3701846205420667
3.7866626379601316 2.37018465586057
4.217431457627808 1.7704067667201289
3.9080410689894043 2.2310867068204985
3.908041127223754 2.2310867068204985
3.9080410689894043 2.231086740066281
4.121369450109046 1.9297317428790421
3.962425587747652 2.1565041190426597
3.9624256467923944 2.1565041190426597
3.962425587747652 2.1565041511770753
4.070583062637137 2.0068949156280596
3.989802271840696 2.119348005977365
3.9898023312933826 2.119348005977365
3.989802271840696 2.1193480375581113
4.0442338023168025 2.044799721153139
4.044233862580582 2.044799721153139
4.0442338023168025 2.044799751623029
3.9894812503505825 2.1191125486689293
4.030922979725651 2.06365010296518
4.030923039791085 2.06365010296518
4.030922979725651 2.0636501337159627
4.044695782416398 2.0451345743863203
4.034381930315184 2.059032978145422
4.031803364098513 2.062507710889359
4.031803424177065 2.062507710889359
4.031803364098513 2.062507741623119
0.09929436243381906 4.031803364098513 2.062507710889359 0.0038605247439871316
0.07374860814417014 0.0672954182699991 0.05355132257946183 0.05338046479007482 0.050535462851592994 0.049837207012843346 0.04836692523018871 0.04765805127269121 0.04631039895843405 0.04457223106130449 0.04128538219176315 0.039850247324475625 0.03957364301012999 0.03849289488399915 0.037506855894717896 0.036630014372566064 0.035969516190898616 0.034419974888399964 0.03318073292619557 0.032235734120570556 0.02814969013849572 0.02688265677619173
0.027665277806712178 0.02346121859253473 0.015387815442314755 0.015295837931774553 0.013797180497681378 0.013439015280187781 0.012697584486045826 0.012346370276373168 0.011690076731467679 0.010866059736930533 0.009378956046107093 0.008759622530377585 0.008642391594144318 0.008191044675658643 0.007788640761557204 0.007438412355162813 0.00717937278463817 0.006587955177400181 0.006131618246095502 0.005793705979273879 0.004435038677949656 0.004048192813958371
