Your k-statistics (sorted by length):
Length (M.)	k_1	k_2	k_3
0.63	0.24092295	0.06903034	0.00881080
0.74	0.24566106	0.11772938	0.05207196
1.08	0.18917213	0.02518468	-0.00148717
1.08	0.17367616	0.03357489	0.00661164
1.18	0.18712148	0.07204507	0.02949529
1.20	0.17064531	0.02392430	-0.00485652
1.26	0.18648508	0.02057777	0.00611288
1.28	0.19717858	0.03394836	-0.00097331
1.34	0.21328898	0.07992797	0.02885133
1.42	0.15799889	0.04187107	0.01908604
1.58	0.18329526	0.02751843	0.00754731
1.66	0.20891123	0.02417759	0.00029731
1.68	0.18723667	0.04883691	0.01014164
1.75	0.21686040	0.03895223	0.01031710
1.81	0.20225664	0.02252500	-0.00204416
1.87	0.16897557	0.02301877	0.00247537
1.92	0.20222135	0.03711787	0.00463284
2.04	0.18913016	0.03585177	-0.00149470
2.15	0.17678338	0.03622435	0.00719087
2.23	0.19397208	0.04091470	0.00709941
2.69	0.20045221	0.04051032	0.00757743
2.86	0.22064724	0.04732296	0.01519461
1.752574607889148 6.921785584579151
1.7525746340045447 6.921785584579151
1.752574607889148 6.921785687721794
3.3024538378455257 3.0236153898844833
2.2358092760571884 5.991006187314941
2.2358093093733427 5.991006187314941
2.2358092760571884 5.99100627658789
3.0197217426006566 4.0455125819896125
3.019721787598017 4.0455125819896125
3.0197217426006566 4.045512642272447
4.0021244084439624 2.1923128826296177
3.312510831766175 3.6104941260726515
3.3125108811264328 3.6104941260726515
3.312510831766175 3.6104941798732066
3.8015957840174432 2.682775450841643
3.8015958406656347 2.682775450841643
3.8015957840174432 2.6827754908181123
3.9689441747324405 2.48094348346336
3.9689442338743173 2.48094348346336
3.9689441747324405 2.4809435204322985
4.2578320659340525 2.0433245921437138
4.042992676775036 2.372766655640024
4.042992737020321 2.372766655640024
4.042992676775036 2.372766690997002
4.190026620579379 2.1556891434467316
4.190026683015641 2.1556891434467316
4.190026620579379 2.155689175569003
4.346436108472546 1.9452664758757574
4.346436173239491 1.9452664758757574
4.346436108472546 1.9452665048624866
4.510904344242055 1.7410807115493656
4.390218376168206 1.8964867186132048
4.390218441587558 1.8964867186132048
4.390218376168206 1.896486746873059
4.309059814796461 1.9994366804817776
4.370102392482161 1.922360162936193
4.370102457601761 1.922360162936193
4.370102392482161 1.9223601915815918
4.349945361971906 1.9482016420308705
4.349945426791143 1.9482016420308705
4.349945361971906 1.9482016710613372
4.370090059744891 1.922350547809792
4.355024519443936 1.9417725943234867
4.355024584338858 1.9417725943234867
4.355024519443936 1.9417726232581531
0.10629085014058881 4.355024519443936 1.9417725943234867 0.005814158337865947
0.07229783493755354 0.0657989717451399 0.05204437793271744 0.05187413581232081 0.0490420724344586 0.04834776561709316 0.04688679304542942 0.04618288797555059 0.04484554186571386 0.043122324452767945 0.03986881261315333 0.03845029216691866 0.038177032616406176 0.037109792220574735 0.036136683948594525 0.03527182390855144 0.034620649074741584 0.03309397656033403 0.03187401767483867 0.030944308939278575 0.026930051940071215 0.025687091749742978
0.02638064994210498 0.02225253904305689 0.014411489594944012 0.014322904235701072 0.012882173261008057 0.012538613327475917 0.01182838614163192 0.011492419690926094 0.010865445750167681 0.010079815114710773 0.008666669558189113 0.008080021780402253 0.007969108636799959 0.007542485550126041 0.007162672933751931 0.006832540855265503 0.00658863245394533 0.006032643663875785 0.0056045180570975526 0.005288010670573022 0.004020230215737079 0.0036608210340932836
