Your k-statistics (sorted by length):
Length (M.)	k_1	k_2	k_3
0.63	0.24403407	0.06939768	0.00336088
0.74	0.23159073	0.08001759	0.01596673
1.08	0.19935102	0.03124808	0.00353480
1.08	0.16693880	0.04980877	0.01919124
1.18	0.18489590	0.07685925	0.04744192
1.20	0.16035897	0.01855032	-0.00456052
1.26	0.17749266	0.03794944	0.00863503
1.28	0.19558377	0.04549710	0.00477859
1.34	0.19343184	0.08716777	0.04093525
1.42	0.16342916	0.02958963	0.00813550
1.58	0.18248459	0.02105560	0.00455338
1.66	0.21838882	0.03197488	-0.00015649
1.68	0.18882053	0.05777779	0.01473009
1.75	0.21916330	0.04178352	0.00548617
1.81	0.20626883	0.02962402	0.00360668
1.87	0.16157524	0.01600421	-0.00113929
1.92	0.19666642	0.04102530	0.00610264
2.04	0.19085446	0.04440200	0.00193545
2.15	0.18134747	0.03658938	0.00124250
2.23	0.21452756	0.06301404	0.01937264
2.69	0.21250738	0.04419356	0.00764802
2.86	0.20545632	0.04672774	0.01004087
1.752574607889148 6.921785584579151
1.7525746340045447 6.921785584579151
1.752574607889148 6.921785687721794
1.5528336136448697 7.204208398120515
1.5528336367838937 7.204208398120515
1.5528336136448697 7.204208505471585
0.8192031621491301 9.295999003507594
0.8192031770502913 9.295999003507594
0.8192031621491301 9.295999142028775
0.7207437111971805 9.808608244853692
0.7207437260983417 9.808608244853692
0.7207437111971805 9.808608391013346
0.7328666897544128 9.775981986090722
0.732866704655574 9.775981986090722
0.7328666897544128 9.775982131764206
0.732523640011432 9.777356863465611
0.7325236549125932 9.777356863465611
0.732523640011432 9.777357009159582
0.021970150534406874 0.732523640011432 9.777356863465611 0.005483368449868768
0.07051927931930221 0.06463423610917263 0.05229810667809519 0.052146010903517025 0.049616678711897386 0.048996757571063906 0.047692390132894405 0.04706394089044427 0.04586987780098161 0.044330978220087906 0.04142371828047773 0.040155130041204655 0.039910664799012355 0.03895558410154146 0.038084298591433786 0.03730955085357586 0.03672597141456665 0.03535687144244768 0.034261861503633216 0.03342676532218303 0.029814560174729714 0.02869386528628729
0.027217361805131013 0.023669052391815038 0.016846738411933123 0.016768117390152625 0.015481220660905976 0.015171796339955449 0.014528555171432863 0.01422245545075186 0.013647777537484373 0.012920674742859599 0.011589595684268579 0.011026635397365876 0.010919420446846129 0.01050453302306909 0.010131630363716063 0.009804575982632728 0.00956106919823993 0.008999527702115344 0.008560386159230021 0.008231547356718915 0.0068715139965883085 0.006470815854498072
