Your k-statistics (sorted by length):
Length (M.)	k_1	k_2	k_3
0.63	0.23636668	0.07890814	0.02139585
0.74	0.23358950	0.08344672	0.02117824
1.08	0.18886712	0.02555787	0.00015503
1.08	0.16320114	0.04456278	0.01936471
1.18	0.19256252	0.06030219	0.01333906
1.20	0.18979066	0.05052967	0.02495207
1.26	0.19991575	0.02518977	0.00504340
1.28	0.18210792	0.04250191	0.00159199
1.34	0.19123682	0.07648051	0.03552141
1.42	0.19040794	0.03721733	0.01073187
1.58	0.19908999	0.03293220	0.00812531
1.66	0.20340593	0.02147985	0.00036911
1.68	0.18018914	0.06183099	0.01949884
1.75	0.22306046	0.03281559	-0.00388294
1.81	0.20520168	0.02582195	0.00207296
1.87	0.17659707	0.02430626	0.00320538
1.92	0.19376549	0.04063360	0.01068605
2.04	0.18322812	0.04468703	0.00330318
2.15	0.18143044	0.03072209	0.00290406
2.23	0.19189707	0.04531535	0.00917702
2.69	0.20437648	0.04123242	0.00057651
2.86	0.21126145	0.03793112	0.00527439
1.752574607889148 6.921785584579151
1.7525746340045447 6.921785584579151
1.752574607889148 6.921785687721794
2.6613874263413098 4.499937288428468
2.6613874659990726 4.499937288428468
2.6613874263413098 4.499937355482759
2.9445759099751694 4.11346276475681
2.9445759538527696 4.11346276475681
2.9445759099751694 4.1134628260521815
2.973102939218893 4.068658734750358
2.9731029835215788 4.068658734750358
2.973102939218893 4.068658795378098
2.970590924817162 4.074058377551467
2.970590969082416 4.074058377551467
2.970590924817162 4.074058438259668
0.052264801461920585 2.970590924817162 4.074058377551467 0.0030966319582754202
0.07302795743555601 0.06658365266797112 0.052923839908867586 0.0527545326738792 0.04993698583574814 0.04924592855531242 0.04779137708525623 0.047090359041720826 0.04575811687226379 0.044040718158511766 0.04079576143399109 0.03937993692278094 0.03910712268488144 0.03804138954192928 0.03706933063146545 0.03620514030930041 0.03555430515995453 0.03402787043867941 0.03280753491574106 0.03187719960837543 0.02785686640132614 0.026610924471427783
0.026970032627581783 0.02287227746264128 0.015042355276943767 0.014953378038040168 0.013504054801901973 0.013157784242324626 0.012441066398073023 0.012101589964861206 0.011467259027486246 0.01067081701048237 0.009233192501788464 0.008634231393751938 0.008520833830905523 0.008084164428474965 0.007694721684444961 0.007355661715947867 0.007104806415329524 0.0065317933349117235 0.006089345764455152 0.005761513704293742 0.004441114685463465 0.004064319346838411
