Your k-statistics (sorted by length):
Length (M.)	k_1	k_2	k_3
0.63	0.22003791	0.05053778	-0.00275232
0.74	0.24032296	0.08336336	0.02665078
1.08	0.18240511	0.02472761	-0.00098358
1.08	0.18103655	0.04579422	0.01039352
1.18	0.17100044	0.06236101	0.02432275
1.20	0.19525485	0.03964023	-0.00095035
1.26	0.16548523	0.03116001	0.00498864
1.28	0.16740673	0.03974879	0.00477777
1.34	0.18416586	0.08505423	0.05644316
1.42	0.18872729	0.04191769	0.01860971
1.58	0.20705248	0.02989822	0.00427799
1.66	0.21042528	0.03201586	0.00855444
1.68	0.18432367	0.05588633	0.00993249
1.75	0.21540446	0.03944195	0.00265092
1.81	0.19862492	0.02942404	0.00765040
1.87	0.16565602	0.02438776	0.00230876
1.92	0.20397525	0.03452778	0.00375902
2.04	0.18272683	0.04888967	0.00843810
2.15	0.18259347	0.03297694	0.00327033
2.23	0.21184618	0.04334391	0.00157407
2.69	0.19740102	0.03793979	0.00563845
2.86	0.22728932	0.04867743	0.00835222
1.752574607889148 6.921785584579151
1.7525746340045447 6.921785584579151
1.752574607889148 6.921785687721794
0.0067198773836678605 12.037437613321673
1.3756071768163336 8.219481458854295
1.375607197314478 8.219481458854295
1.3756071768163336 8.219481581334113
0.5635145927943377 10.797267667944944
0.5635146076954989 10.797267667944944
0.5635145927943377 10.79726782883677
0.44094020785834614 11.540980366525787
0.44094022275950734 11.540980366525787
0.44094020785834614 11.540980538499795
0.4563106048394368 11.502519656142328
0.456310619740598 11.502519656142328
0.4563106048394368 11.502519827543226
0.45514077749171467 11.507266524157357
0.45514079239287586 11.507266524157357
0.45514077749171467 11.50726669562899
0.018640615430835616 0.45514077749171467 11.507266524157357 0.004488690866288691
0.06744778157970031 0.061756530361834774 0.04993616572395093 0.049791253769901456 0.047384030382143214 0.04679477868317763 0.045555862183224265 0.04495938330979176 0.04382682498130678 0.042368620169595556 0.03961798074246741 0.03841935618649544 0.03818848194251114 0.03728682689388447 0.0364647261046502 0.03573406193682274 0.0351839001926802 0.033893893417332455 0.03286282060935192 0.03207687624682549 0.028680942683555324 0.02762848261382145
0.025879519831878327 0.02256790742928393 0.016248595688268884 0.01617600282454877 0.014988069686634258 0.014702489932614134 0.014108821035800297 0.013826296247785752 0.013295814877075894 0.012624433198531154 0.011394372570779104 0.010873571193273113 0.010774336922398913 0.010390167573916548 0.010044629051661506 0.009741360387913402 0.009515420798255179 0.008993874708863316 0.0085854486751763 0.008279246576247104 0.007008827600862953 0.006633050448425919
