Your k-statistics (sorted by length):
Length (M.)	k_1	k_2	k_3
0.63	0.24474541	0.07453239	0.01461612
0.74	0.23831007	0.07587908	-0.00520839
1.08	0.17559009	0.03122741	-0.00378784
1.08	0.17847996	0.04490402	0.01439943
1.18	0.18211762	0.07143449	0.02281382
1.20	0.17530376	0.02910138	-0.00138493
1.26	0.18167955	0.03274107	0.01223092
1.28	0.18442443	0.03823952	0.00420142
1.34	0.20130951	0.08512649	0.04306543
1.42	0.17084347	0.03466864	0.01181443
1.58	0.21374217	0.03694347	0.00390666
1.66	0.22311024	0.02583669	0.00041460
1.68	0.17977140	0.06044421	0.02666796
1.75	0.19624324	0.02970830	0.00121117
1.81	0.18061562	0.02283822	0.00218483
1.87	0.17055116	0.02393810	0.00159772
1.92	0.20482128	0.04860392	0.01347292
2.04	0.17948968	0.04174197	0.00328487
2.15	0.17126369	0.03963964	0.00853992
2.23	0.19245846	0.04921341	0.01326784
2.69	0.19617697	0.04074891	0.00796258
2.86	0.22018011	0.04323860	0.00713542
1.752574607889148 6.921785584579151
1.7525746340045447 6.921785584579151
1.752574607889148 6.921785687721794
0.8002642856883431 9.610498038829626
0.8002643005895043 9.610498038829626
0.8002642856883431 9.610498182037206
0.9666797139334469 9.346309013593979
0.9666797288346081 9.346309013593979
0.9666797139334469 9.346309152864837
0.9957576343458242 9.261265190600824
0.9957576492469854 9.261265190600824
0.9957576343458242 9.261265328604429
0.9967686215079173 9.258798943334542
0.9967686364090785 9.258798943334542
0.9967686215079173 9.258799081301397
0.9968479968269157 9.258554854284263
0.9968480117280769 9.258554854284263
0.9968479968269157 9.25855499224748
0.02298478695388273 0.9968479968269157 9.258554854284263 0.004397968937228098
0.06954595194129483 0.06362628713337655 0.05122311739273332 0.05107028557312895 0.048529165863011786 0.047906494053614454 0.04659653054521991 0.045965481508948546 0.04476665945383303 0.04322199169779108 0.04030503435555072 0.039032735817218514 0.03878759341451455 0.03782998661272929 0.03695656491881867 0.0361800547658337 0.03559523404894175 0.034223516643707694 0.03312671406252797 0.032290432065303645 0.028674914396700224 0.027553788724269102
0.026594770847337877 0.0229995845211819 0.016112210226206902 0.016033145737284215 0.014740379537772953 0.014429963581904 0.013785233616284484 0.013478712050223765 0.012903775263374714 0.012177414132225221 0.01085116971324071 0.01029177507791614 0.010185351322402534 0.009773881029345803 0.009404552626745133 0.009081046408326767 0.008840444031612577 0.008286504491952954 0.007854244580108674 0.007531135952229601 0.006200718967805712 0.005810804459813742
