Your k-statistics (sorted by length):
Length (M.)	k_1	k_2	k_3
0.63	0.26049903	0.08942209	0.02843387
0.74	0.23383877	0.08368399	0.02658430
1.08	0.18172157	0.01855739	-0.00325203
1.08	0.17293177	0.03507881	0.01050079
1.18	0.18686333	0.06736440	0.02423967
1.20	0.17889063	0.04646858	0.00772356
1.26	0.16912267	0.02303231	0.00372861
1.28	0.19629595	0.04431039	0.00327888
1.34	0.20325589	0.08199679	0.03858406
1.42	0.16752489	0.03195408	0.00461374
1.58	0.19990524	0.02801460	0.00447102
1.66	0.20522031	0.02566866	0.00408979
1.68	0.19739801	0.05680019	0.01545863
1.75	0.21075722	0.03317112	-0.00105717
1.81	0.19152916	0.02940130	0.00934531
1.87	0.16691512	0.02088473	0.00539604
1.92	0.18756385	0.03227147	0.00312953
2.04	0.17511669	0.03369634	-0.00170637
2.15	0.17785413	0.03087464	0.00149713
2.23	0.20668681	0.04280482	0.00965905
2.69	0.19194507	0.03561147	0.00565653
2.86	0.20740400	0.03597436	0.00409676
1.752574607889148 6.921785584579151
1.7525746340045447 6.921785584579151
1.752574607889148 6.921785687721794
4.2714778010998105 0.396646304626036
2.4965206494820102 5.339322620661691
2.4965206866830667 5.339322620661691
2.4965206494820102 5.339322700223798
3.885994257356694 2.1299703382052777
2.872351879477717 4.54991646866961
2.8723519222790954 4.54991646866961
2.872351879477717 4.549916536468649
3.6099036841748755 2.964463195829289
3.6099037379666323 2.964463195829289
3.6099036841748755 2.964463240003233
4.550927818091416 1.4906523788114652
3.88942528105458 2.6283523905305346
3.889425339011533 2.6283523905305346
3.88942528105458 2.6283524296960374
4.359864578439633 1.8914005239076945
4.011270909126581 2.4468879530780985
4.011270968899175 2.4468879530780985
4.011270909126581 2.44688798953957
4.253482783629616 2.0829700991460838
4.2534828470114485 2.0829700991460838
4.253482783629616 2.082970130184757
4.521870472300275 1.7379036633242566
4.327024058070785 2.0021270058194673
4.327024122548468 2.0021270058194673
4.327024058070785 2.0021270356534844
4.459767810140985 1.82847564410147
4.459767876596704 1.82847564410147
4.459767810140985 1.8284756713478802
4.3246384189581715 2.000277119004195
4.428249906476581 1.8731142254506035
4.4282499724626465 1.8731142254506035
4.428249906476581 1.8731142533621805
4.496642996466604 1.7878715716517923
4.445460190318963 1.8518939184516434
4.445460256561482 1.8518939184516434
4.445460190318963 1.8518939460470132
4.462671728856298 1.830674629108141
4.4626717953552895 1.830674629108141
4.462671728856298 1.8306746563873189
4.445482817895561 1.8519122523049423
4.458419378274514 1.836020044968595
4.461654251314745 1.8320460286540101
4.461654317798574 1.8320460286540101
4.461654251314745 1.8320460559536234
0.11109050618560301 4.461654251314745 1.8320460286540101 0.003699776819124143
0.07157915841543447 0.06513069861514363 0.05148978117251988 0.05132100655433373 0.04851357452294647 0.04782536931948203 0.04637731691159246 0.04567967605750221 0.044354301477763196 0.042646645174636455 0.03942292735566977 0.03801756542106674 0.03774685236345175 0.0366895935120447 0.0357256361325488 0.034868948636386225 0.03422395157260812 0.03271184452963009 0.03150360647890661 0.03058287809898527 0.026607862651177344 0.025377202303748986
0.026243580524657598 0.02212716166740972 0.014315355893376236 0.014227161753586879 0.012793010714617428 0.01245108214562646 0.011744306735712825 0.011410011300833304 0.010786223427354535 0.010004713773046132 0.008599363180691516 0.008016105272894402 0.007905843719807425 0.007481759620332385 0.00710425219597837 0.006776159238728851 0.0065337792081302205 0.005981346355033447 0.005556030246058116 0.0052416418678037655 0.003982741819753302 0.0036259771513811796
