Your k-statistics (sorted by length):
Length (M.)	k_1	k_2	k_3
0.63	0.23794740	0.06788011	0.01259916
0.74	0.21684192	0.08015397	0.01173582
1.08	0.19708608	0.03596982	0.00182271
1.08	0.16227821	0.04495012	0.01760344
1.18	0.18258089	0.05939307	0.01517383
1.20	0.18230171	0.03574066	0.01047473
1.26	0.17366335	0.02682254	0.00739507
1.28	0.19425567	0.04342953	-0.00131471
1.34	0.18550453	0.07491999	0.04091104
1.42	0.18246763	0.03818179	0.00703719
1.58	0.19696192	0.03265013	0.01081744
1.66	0.20359295	0.02171164	-0.00003270
1.68	0.18634967	0.05460765	0.01349278
1.75	0.19427647	0.02854697	-0.00328797
1.81	0.19407884	0.03926406	0.00306813
1.87	0.18152753	0.02693375	0.00455170
1.92	0.20703938	0.03810766	0.00354255
2.04	0.17259434	0.04291374	0.00328329
2.15	0.18740808	0.03939080	0.00543087
2.23	0.21598504	0.05723975	0.02028788
2.69	0.20384051	0.03224777	0.00638244
2.86	0.21338113	0.03917848	0.00475722
1.752574607889148 6.921785584579151
1.7525746340045447 6.921785584579151
1.752574607889148 6.921785687721794
1.488306939494474 7.953342051732347
1.4883069616719755 7.953342051732347
1.488306939494474 7.95334217024638
1.538664519757917 7.847224679399213
1.538664542685805 7.847224679399213
1.538664519757917 7.847224796331973
1.5402106044143251 7.843824204937814
1.5402106273652516 7.843824204937814
1.5402106044143251 7.843824321819903
0.027148871148111042 1.5402106044143251 7.843824204937814 0.0029912170204693805
0.06984802184193145 0.06376210330065712 0.05098496051980864 0.050827410983743014 0.04820777925556284 0.047565868644190434 0.04621546496713785 0.04556496053615838 0.04432924513280734 0.042737210662435805 0.039731531404629525 0.03842091165762358 0.038168415992164244 0.03718218538568472 0.03628280293201865 0.03548333689017257 0.034881307887110656 0.033469512905536944 0.032340965704021514 0.03148066636834385 0.027763268918074232 0.02661121610413454
0.02621260748793791 0.022472789829890243 0.015335962625580584 0.015254488135162824 0.013924613869456754 0.013605992931263 0.012945201968450915 0.012631539991276971 0.012044140574778685 0.011303917360659534 0.0099585569652749 0.00939383507334261 0.009286600729518982 0.00887264109306043 0.008501991649280114 0.008178080155444307 0.007937654590922235 0.007385769115724675 0.006956818583976981 0.006637235095085717 0.005332078769900209 0.004953297968443872
