Your k-statistics (sorted by length):
Length (M.)	k_1	k_2	k_3
0.63	0.24431129	0.06084884	0.00146417
0.74	0.22760165	0.07775111	0.01152486
1.08	0.18724669	0.03050975	0.00337276
1.08	0.15792936	0.04623661	0.02081767
1.18	0.18603460	0.07200127	0.02801356
1.20	0.20636187	0.04014080	0.00094404
1.26	0.16873296	0.02013075	0.00392547
1.28	0.20457968	0.04246679	-0.00111776
1.34	0.18479199	0.06600097	0.04106008
1.42	0.15457149	0.03281906	0.01093920
1.58	0.20124874	0.03959243	0.00953976
1.66	0.21772469	0.04379996	0.00407141
1.68	0.19428514	0.06148629	0.01849411
1.75	0.19955715	0.04197644	0.00687547
1.81	0.19372069	0.03332168	0.00900205
1.87	0.17081712	0.02767910	0.00722839
1.92	0.19993781	0.04009186	0.00779550
2.04	0.18651223	0.04624927	0.00651671
2.15	0.18010586	0.03784467	0.01015595
2.23	0.21462120	0.04066398	0.00659172
2.69	0.19754150	0.03552884	0.00451143
2.86	0.21082196	0.04048675	0.00580471
1.752574607889148 6.921785584579151
1.7525746340045447 6.921785584579151
1.752574607889148 6.921785687721794
0.001959396611428854 11.825617639112528
1.3196855139968742 8.149434123332506
1.3196855336617208 8.149434123332506
1.3196855139968742 8.149434244768537
0.533157356797226 10.6312538321729
0.5331573716983872 10.6312538321729
0.533157356797226 10.631253990590928
0.3258567337081638 11.665381783567483
0.325856748609325 11.665381783567483
0.3258567337081638 11.665381957395217
0.34961650835678565 11.60763360308206
0.34961652325794684 11.60763360308206
0.34961650835678565 11.60763377604928
0.3490509771910888 11.610418192457864
0.34905099209225 11.610418192457864
0.3490509771910888 11.610418365466577
0.018504671631222158 0.3490509771910888 11.610418192457864 0.0031151143433665865
0.06808424662828846 0.062409313994563946 0.050612406951059515 0.05046768353986281 0.048063206906910655 0.047474514745539736 0.046236626399249886 0.04564056990328702 0.044508681624740566 0.04305108100399543 0.04030077034696378 0.039101950732901535 0.03887101502147727 0.03796904555143562 0.03714655446254531 0.03641546010315885 0.035864922569580925 0.03457385960464105 0.0335417661076028 0.032754938598879506 0.029354154350363128 0.02829985576860618
0.026330418549007726 0.02302648009685999 0.016708631712869817 0.016635918043575792 0.01544543072454414 0.015159064716697736 0.014563529672753931 0.01428000165330636 0.013747424045715148 0.013072966028996493 0.011835904369311997 0.011311545447373119 0.011211589721188717 0.010824489282317216 0.010476119083912069 0.01017020461686365 0.009942191844955057 0.009415508521070056 0.009002694676556936 0.008692977789617317 0.007405652306184515 0.007024061574487435
