Your k-statistics (sorted by length):
Length (M.)	k_1	k_2	k_3
0.63	0.23232373	0.05655960	0.00339081
0.74	0.22769478	0.06058276	0.00369787
1.08	0.18959470	0.03107186	0.00052309
1.08	0.17231469	0.04295366	0.01223958
1.18	0.18478264	0.06379894	0.02005163
1.20	0.18673520	0.03127369	-0.00166755
1.26	0.18498938	0.02805816	0.00274601
1.28	0.18684604	0.03822833	0.00269177
1.34	0.19976550	0.07150416	0.03360310
1.42	0.18297113	0.03427896	0.00749992
1.58	0.19846772	0.03662934	0.00551710
1.66	0.22875592	0.03668893	0.00573371
1.68	0.19563609	0.05028331	0.01222119
1.75	0.18548474	0.02597079	-0.00088517
1.81	0.19540154	0.02171334	0.00331936
1.87	0.16228955	0.02961422	0.00733248
1.92	0.19146726	0.03933002	0.00588275
2.04	0.18055288	0.04244775	0.00005212
2.15	0.18747830	0.04086830	0.00535781
2.23	0.20537832	0.05101299	0.01335571
2.69	0.21264357	0.03649735	0.00543691
2.86	0.21586571	0.03889197	0.00618383
1.752574607889148 6.921785584579151
1.7525746340045447 6.921785584579151
1.752574607889148 6.921785687721794
0.0131695104359979 13.186126680232892
0.013169525337159094 13.186126680232892
0.0131695104359979 13.186126876721492
0.4655557473885205 12.991933922534539
0.4655557622896817 12.991933922534539
0.4655557473885205 12.99193411612944
0.5737920158145036 12.709820498528362
0.5737920307156648 12.709820498528362
0.5737920158145036 12.709820687919446
0.5751076131530078 12.71145419232035
0.575107628054169 12.71145419232035
0.5751076131530078 12.711454381735777
0.5752116407528 12.711088379002161
0.5752116556539612 12.711088379002161
0.5752116407528 12.711088568412139
0.016996277579229502 0.5752116407528 12.711088379002161 0.002829543862184262
0.06358617786871293 0.057974487550308755 0.04643754359581002 0.04629705240750228 0.04396648706491739 0.043396917555433526 0.042200545234104776 0.04162510669762118 0.04053348597458803 0.0391298745337144 0.03648788389769051 0.03533887498674499 0.03511771314838059 0.03425446559495414 0.033468039290868674 0.03276960073130701 0.03224402260779727 0.03101271926531077 0.030029618921220733 0.029280858466885232 0.02605151447798661 0.025052562577411126
0.023507153834176845 0.02037034389904543 0.014458277367734368 0.014390931108701512 0.013290740460066407 0.013026789089341328 0.012478755529574843 0.012218271165946632 0.011729743742787384 0.011112542680849035 0.009984986700693593 0.009508894412243169 0.009418270246552793 0.009067714067924866 0.008752796200413068 0.00847671171354356 0.008271216632750482 0.0077975060853037745 0.007427186647460745 0.007149939770011098 0.006003440544189341 0.005665579990992732
