Your k-statistics (sorted by length):
Length (M.)	k_1	k_2	k_3
0.63	0.23010210	0.04000337	-0.00676819
0.74	0.23357993	0.10128948	0.04458085
1.08	0.17517217	0.02834265	0.00473980
1.08	0.19276366	0.04689381	0.00771160
1.18	0.17946639	0.05696697	0.01195351
1.20	0.17917777	0.03622865	0.00479149
1.26	0.17745852	0.03376306	0.01592712
1.28	0.19565594	0.03607841	0.00085625
1.34	0.18691866	0.06419136	0.02764343
1.42	0.16786438	0.03780166	0.02376599
1.58	0.18552073	0.02783841	0.00519633
1.66	0.22599276	0.03277777	0.00077567
1.68	0.18289769	0.05035263	0.00539344
1.75	0.21913406	0.03884508	-0.00085030
1.81	0.19937109	0.02522985	0.00342250
1.87	0.16423473	0.02238432	0.00131513
1.92	0.19285046	0.04568330	0.01590120
2.04	0.17833750	0.03750845	-0.00231914
2.15	0.18866041	0.04279533	0.01058515
2.23	0.19918911	0.05046343	0.01597515
2.69	0.20952054	0.03817464	0.00224131
2.86	0.21957412	0.04936081	0.00478395
1.752574607889148 6.921785584579151
1.7525746340045447 6.921785584579151
1.752574607889148 6.921785687721794
0.1338360002849972 11.977144826403698
1.4817191113149866 8.220899911323965
1.4817191333943218 8.220899911323965
1.4817191113149866 8.22090003382492
0.6847946754903493 10.752530686041688
0.6847946903915105 10.752530686041688
0.6847946754903493 10.75253084626688
0.6466665673158262 11.161037993627176
0.6466665822169874 11.161037993627176
0.6466665673158262 11.161038159939602
0.651899646249382 11.150257212747574
0.6518996611505432 11.150257212747574
0.651899646249382 11.150257378899354
0.6515701680766316 11.151555213765514
0.6515701829777928 11.151555213765514
0.6515701680766316 11.151555379936635
0.019230853257981906 0.6515701680766316 11.151555213765514 0.004203174724759749
0.06689007787182583 0.061146585114150276 0.04922433240576152 0.04907825597252199 0.0466520750119713 0.0460582991779417 0.04481002900470861 0.044209125838873965 0.043068313631573124 0.041599775334641174 0.03883059495618392 0.03762429945782981 0.037391977103235184 0.03648475915531131 0.035657716279637035 0.03492276520703967 0.03436944179778252 0.03307224701901268 0.032035658344506605 0.031245647286476996 0.027833516481768787 0.026776486630924818
0.025338357048473772 0.02199273239971972 0.015626718192394827 0.015553803124067815 0.014361553057945129 0.014075223540105167 0.013480388135099528 0.013197504283024786 0.01266671307519419 0.011995669672594394 0.010768604648369174 0.010250111794367885 0.010151394146327954 0.009769468402957159 0.009426292875783497 0.009125382077339022 0.008901379759141388 0.008384928658944479 0.007981139449062131 0.00767881310397396 0.00642859533497705 0.006060233279634537
