Your k-statistics (sorted by length):
Length (M.)	k_1	k_2	k_3
0.63	0.24163369	0.08096584	0.01942820
0.74	0.24831876	0.13092836	0.08209473
1.08	0.18699248	0.04169661	0.01520089
1.08	0.15500105	0.03898078	0.01501710
1.18	0.18698972	0.07387199	0.03120708
1.20	0.19355719	0.03818141	0.00433501
1.26	0.16537012	0.03033934	0.00854854
1.28	0.19091963	0.04028665	0.00708487
1.34	0.18830340	0.06166569	0.01698059
1.42	0.19301161	0.03889705	0.01465468
1.58	0.20715430	0.03414388	0.00353742
1.66	0.24393818	0.03316109	-0.00115095
1.68	0.17464506	0.05074294	0.01445637
1.75	0.21075188	0.04011094	0.00297653
1.81	0.21604458	0.03444424	0.00907891
1.87	0.17750470	0.02266218	0.00412750
1.92	0.19819434	0.04835732	0.01531412
2.04	0.18262651	0.03298398	-0.00140937
2.15	0.17292451	0.03226516	0.00420325
2.23	0.20017839	0.04204064	0.00801174
2.69	0.22297833	0.03865606	0.00327736
2.86	0.20364871	0.04428546	0.01722459
1.752574607889148 6.921785584579151
1.7525746340045447 6.921785584579151
1.752574607889148 6.921785687721794
1.64426483745418 5.984976852497867
1.6442648619556353 5.984976852497867
1.64426483745418 5.984976941680971
3.670361340034344 0.7487991310124285
2.1535939829554516 4.682407978378688
2.1535940150465027 4.682407978378688
2.1535939829554516 4.682408048152004
2.782879489080059 3.346301413948279
2.782879530548195 3.346301413948279
2.782879489080059 3.346301463812056
3.5231554678932566 2.0683450473517135
2.9983104274816665 3.0464459099756387
2.9983104721599734 3.0464459099756387
2.9983104274816665 3.04644595537122
3.5176422949065524 2.1377162946532877
3.5176423473235072 2.1377162946532877
3.5176422949065524 2.137716326507743
3.663045521379873 2.0239672073955473
3.6630455759635048 2.0239672073955473
3.663045521379873 2.023967237555009
3.8860631976641624 1.7297106381434075
3.8860632555710164 1.7297106381434075
3.8860631976641624 1.7297106639181046
3.9538451252428786 1.667054045721549
3.953845184159762 1.667054045721549
3.9538451252428786 1.66705407056259
3.832329478208127 1.8060321038693967
3.923742410406265 1.7020381296672067
3.946600217194724 1.6760340251481398
3.9466002760036503 1.6760340251481398
3.946600217194724 1.676034050122993
3.9578208691963317 1.6632044235762409
3.949401676780156 1.672825291427899
3.9472968760198746 1.6752305132201504
3.9472969348391818 1.6752305132201504
3.9472968760198746 1.6752305381830304
0.1235449215150286 3.9472968760198746 1.6752305132201504 0.005470206579619693
0.07869724381396229 0.07215028589204632 0.058048310619326964 0.05787162473194614 0.054924554781615884 0.05419979870642804 0.05267184804819065 0.05193426472152218 0.05053040954886653 0.04871661581134533 0.04527713740982918 0.04377143543461371 0.04348095767512359 0.042345162551391924 0.04130773742905437 0.04038427363357065 0.03968808337068879 0.03805289041765487 0.03674323274250601 0.03574340695899311 0.031409315270178366 0.030061849299168785
0.030198566331996524 0.02585453170361048 0.01734763644018552 0.01724926515753648 0.01564112447677199 0.01525526479123365 0.014454543234397743 0.014074295192979907 0.013362059192806626 0.012464571191437547 0.01083516514955846 0.01015261995184674 0.010023147696883864 0.009523822805858534 0.009077476013282224 0.008688073590986499 0.00839948558319642 0.007738700094377975 0.007226940238328876 0.0068468633164011005 0.005308011324275271 0.0048663822649057985
