Your k-statistics (sorted by length):
Length (M.)	k_1	k_2	k_3
0.63	0.23676968	0.06692460	0.00623688
0.74	0.23185441	0.10672970	0.03362385
1.08	0.17314840	0.02847667	0.00179248
1.08	0.15847593	0.03909954	0.01650783
1.18	0.19186705	0.05874330	0.01853960
1.20	0.18609131	0.03592667	0.00135419
1.26	0.16743505	0.02847779	0.01332211
1.28	0.17995424	0.04055108	0.00311456
1.34	0.18406400	0.06858771	0.03620376
1.42	0.16219514	0.03746616	0.01391239
1.58	0.19589914	0.03688005	0.00942329
1.66	0.20991243	0.02569570	0.00341904
1.68	0.18054615	0.05450755	0.01109825
1.75	0.22619963	0.04164017	0.00725112
1.81	0.21141416	0.04214738	0.01987571
1.87	0.16648174	0.02185518	0.00177452
1.92	0.20181818	0.03608608	0.00695663
2.04	0.18884959	0.04925482	0.00674373
2.15	0.18668628	0.03705307	0.00281681
2.23	0.21556346	0.04082958	0.00743981
2.69	0.20978481	0.03822552	0.00164869
2.86	0.21757290	0.04852599	0.01078057
1.752574607889148 6.921785584579151
1.7525746340045447 6.921785584579151
1.752574607889148 6.921785687721794
1.652722795385277 6.950951663810048
1.6527228200127657 6.950951663810048
1.652722795385277 6.9509517673872985
1.30147891983032 7.927846261042719
1.3014789392238673 7.927846261042719
1.30147891983032 7.927846379176834
1.2793561446160515 8.031763295418441
1.2793561636799438 8.031763295418441
1.2793561446160515 8.031763415101041
1.2821974028628822 8.023292037909377
1.2821974219691123 8.023292037909377
1.2821974028628822 8.023292157465745
1.2821535726221291 8.02345845080553
1.2821535917277063 8.02345845080553
1.2821535726221291 8.023458570364378
0.026621889243322983 1.2821535726221291 8.02345845080553 0.0035451362637700158
0.07154774467831358 0.06547990644216449 0.05269137624623214 0.05253324047596025 0.04990219010860303 0.04925699601139983 0.04789905336893788 0.047244609910752626 0.0460008572878523 0.04439738942526828 0.041366780893429225 0.04004391203545002 0.039788959988697324 0.03879283581285629 0.03788401575829247 0.03707582821602738 0.03646702537647876 0.03503865238302283 0.033896157613435986 0.03302481355409487 0.029255658377586626 0.028086266409296644
0.027348761545825336 0.023587598118958546 0.016352887649717113 0.016269748424778636 0.014910555598990911 0.01458428025135388 0.01390678545439351 0.013584787504193624 0.012981037658843732 0.012218762885425224 0.01082879956950986 0.010243443110682579 0.010132152717198905 0.009702104574921818 0.009316447224863578 0.008978931454675886 0.008728100749218886 0.008151287845186959 0.007701897626607304 0.007366438831253006 0.005989998443479945 0.005588329041738457
