Your k-statistics (sorted by length):
Length (M.)	k_1	k_2	k_3
0.63	0.22838578	0.06896523	0.00329718
0.74	0.23294420	0.09115809	0.03705810
1.08	0.18453967	0.02593757	0.00619333
1.08	0.16709040	0.04050830	0.01206410
1.18	0.18446438	0.06574201	0.02635229
1.20	0.19377996	0.04311765	0.01244700
1.26	0.19335232	0.02172942	0.00129289
1.28	0.20252349	0.03920791	-0.00271203
1.34	0.17921465	0.06648951	0.02942802
1.42	0.18393249	0.04980104	0.01876287
1.58	0.19027273	0.04232179	0.01084065
1.66	0.21713548	0.02771984	0.00131957
1.68	0.19263890	0.05108052	0.01543370
1.75	0.21655410	0.04492201	0.01007723
1.81	0.20942408	0.03955307	0.01760553
1.87	0.17076708	0.01857983	0.00343158
1.92	0.19193582	0.03929126	0.01087015
2.04	0.17429848	0.04366300	0.00633970
2.15	0.19376133	0.03752019	0.00055439
2.23	0.21264954	0.04937861	0.01285078
2.69	0.20603105	0.04015727	0.00808619
2.86	0.20685293	0.02831439	0.00115977
1.752574607889148 6.921785584579151
1.7525746340045447 6.921785584579151
1.752574607889148 6.921785687721794
1.4720932330893781 7.598921665556819
1.4720932550252768 7.598921665556819
1.4720932330893781 7.598921778789576
0.8801051802675335 9.350219046901593
0.8801051951686947 9.350219046901593
0.8801051802675335 9.350219186230714
0.9392685547517982 9.276357751672034
0.9392685696529594 9.276357751672034
0.9392685547517982 9.276357889900536
0.9422642695625157 9.268032768752596
0.9422642844636769 9.268032768752596
0.9422642695625157 9.268032906857046
0.9422300940079058 9.268173129737589
0.942230108909067 9.268173129737589
0.9422300940079058 9.26817326784413
0.023385821256291517 0.9422300940079058 9.268173129737589 0.0031089072361481737
0.07083550641691204 0.06484659814979399 0.0522866696716086 0.05213180311507924 0.04955647145865702 0.04892530618493374 0.047597331513042546 0.04695753657754452 0.045741974853122806 0.0441754960360025 0.041216602724051345 0.039925705592986936 0.03967695821706071 0.03870520282076726 0.03781878429998475 0.03703064581205426 0.036437021728222975 0.035044502650691825 0.033930913944966584 0.03308174213552618 0.02940961078096776 0.02827064481065216
0.02694334393717412 0.02333623822577266 0.01641333615794722 0.016333743035756815 0.0150318599144353 0.01471911571768438 0.014069366618055 0.01376036869851693 0.013180623017924267 0.01244786460961005 0.011108928257453058 0.010543751130192845 0.010436196274544488 0.010020255620301417 0.009646778514547063 0.00931952759029707 0.009076070412932596 0.008515320745514147 0.008077503314318253 0.007750092252752462 0.0064004683250045435 0.006004413689856886
