Your k-statistics (sorted by length):
Length (M.)	k_1	k_2	k_3
0.63	0.23953729	0.04788699	-0.00707990
0.74	0.24350701	0.09286036	0.01766364
1.08	0.19717981	0.04043753	0.01123441
1.08	0.16508769	0.04110811	0.01607544
1.18	0.18884284	0.06797471	0.02381404
1.20	0.18864692	0.02883887	-0.00426421
1.26	0.17590913	0.03972688	0.00864076
1.28	0.19264917	0.03740093	-0.00163866
1.34	0.19805919	0.08242578	0.04230147
1.42	0.17486211	0.03689192	0.01430585
1.58	0.21309420	0.02987752	0.00232144
1.66	0.20860699	0.02403352	-0.00313539
1.68	0.19539800	0.05233067	0.01031418
1.75	0.19350925	0.03176504	0.00041769
1.81	0.18912201	0.03180099	0.00308390
1.87	0.17916199	0.02272873	0.00317864
1.92	0.19849134	0.04455269	0.00959423
2.04	0.17383123	0.04109457	0.00165159
2.15	0.17696026	0.03492153	0.00608340
2.23	0.19159685	0.04023892	0.00557078
2.69	0.20437432	0.04372158	0.00930203
2.86	0.20861750	0.03845149	0.00372072
1.752574607889148 6.921785584579151
1.7525746340045447 6.921785584579151
1.752574607889148 6.921785687721794
1.4626296289055942 8.3466527960103
1.4626296507004741 8.3466527960103
1.4626296289055942 8.346652920385118
1.5447915870493065 8.194616138466182
1.544791610068495 8.194616138466182
1.5447915870493065 8.194616260575478
1.5439331412180177 8.19979528294528
1.5439331642244143 8.19979528294528
1.5439331412180177 8.19979540513175
0.026153893054298938 1.5439331412180177 8.19979528294528 0.004150293765740313
0.06891744394303687 0.06283686289418151 0.05011652165577811 0.049960041075051344 0.0473594442000832 0.04672255699659179 0.04538317607456922 0.04473819960818812 0.04351337175608323 0.04193610173895181 0.03896051266126489 0.037663899784094554 0.03741416324116228 0.036438895191664614 0.03554976506602831 0.034759614109096316 0.034164723628943856 0.03277008038068483 0.03165565161733354 0.030806353551427648 0.0271387828070717 0.026002896795883752
0.025520503828459978 0.02184343483358945 0.014858758921309235 0.014779265030738634 0.01348248974936759 0.013172014094691924 0.01252838019694709 0.012222987027926442 0.011651288470485688 0.010931251151231858 0.009623720396161084 0.009075316963134981 0.008971210716443441 0.008569414778515314 0.00820977558966055 0.007895578492399491 0.007662419496548358 0.007127395505079486 0.006711726353865601 0.006402138958494996 0.005138721828906973 0.004772338705402126
