Your k-statistics (sorted by length):
Length (M.)	k_1	k_2	k_3
0.63	0.24588804	0.07970454	0.02594641
0.74	0.22511128	0.09158685	0.03757871
1.08	0.19369812	0.03236051	0.00000445
1.08	0.17775053	0.03778656	0.01236343
1.18	0.19063202	0.06875329	0.02073695
1.20	0.17777218	0.02814123	0.00114362
1.26	0.20139468	0.03657349	0.01213189
1.28	0.19010520	0.03453091	-0.00094612
1.34	0.18949983	0.07530092	0.04404652
1.42	0.18397581	0.04439977	0.02024194
1.58	0.19161514	0.03951893	0.00906179
1.66	0.21762026	0.02654595	0.00027441
1.68	0.18391810	0.05452917	0.01454020
1.75	0.19016987	0.03179545	0.00545422
1.81	0.22217620	0.03630785	0.00694716
1.87	0.16491461	0.01545517	-0.00065256
1.92	0.19212707	0.03662829	0.00594730
2.04	0.18133353	0.03791429	-0.00052057
2.15	0.17577182	0.03089243	0.00432949
2.23	0.21509766	0.04593941	0.00881420
2.69	0.20176103	0.03924249	0.00626923
2.86	0.22500423	0.04477284	0.00863299
1.752574607889148 6.921785584579151
1.7525746340045447 6.921785584579151
1.752574607889148 6.921785687721794
1.9223103713746734 6.320998265041932
1.92231040001933 6.320998265041932
1.9223103713746734 6.320998359232146
2.642683725997097 4.439619530025245
2.642683765376153 4.439619530025245
2.642683725997097 4.439619596180731
2.877847746624856 4.081732404072471
2.8778477895081296 4.081732404072471
2.877847746624856 4.0817324648950235
2.9272281087709127 3.9898817158090125
2.9272281523900108 3.9898817158090125
2.9272281087709127 3.9898817752628832
2.9299770250222688 3.9849324092556793
2.9299770686823288 3.9849324092556793
2.9299770250222688 3.9849324686357996
0.05361417755542386 2.9299770250222688 3.9849324092556793 0.0035220682397945277
0.07400363018608083 0.06753621908128594 0.05379514637932341 0.053624556855441416 0.050784687493897314 0.05008787260568024 0.048620840058323345 0.04791363179179539 0.04656931288826714 0.04483574423426368 0.041558400954891966 0.04012770206354437 0.03985197027608578 0.038774681663594456 0.03779186449194422 0.03691793605206222 0.036259659810679475 0.03471541535020035 0.033480484835664605 0.032538812921722594 0.028467458036049928 0.027205055503177585
0.027470487739656116 0.023338379975653353 0.015412124763825122 0.015321792780600883 0.01384948850048331 0.013497466049847534 0.012768511442001664 0.012423079851829583 0.01177734006176211 0.010966039668794702 0.009500013466318702 0.008888585467761667 0.008772783755187448 0.008326722625867315 0.007928720520572892 0.007582063582797608 0.007325498505545107 0.0067391490839868225 0.006286113222842361 0.005950264901377283 0.00459598046039345 0.004208999723704479
