Your k-statistics (sorted by length):
Length (M.)	k_1	k_2	k_3
0.63	0.21935483	0.04837599	0.00383912
0.74	0.21856399	0.10758789	0.05171917
1.08	0.18230758	0.02804831	-0.00041823
1.08	0.16924633	0.03538495	0.01033852
1.18	0.18594974	0.05659497	0.01903357
1.20	0.18212649	0.02965361	0.00298563
1.26	0.16733370	0.03686990	0.01539497
1.28	0.20320432	0.03863826	0.00236547
1.34	0.19098396	0.07631315	0.03945736
1.42	0.17387937	0.03461872	0.00652946
1.58	0.21216761	0.03826831	0.01514726
1.66	0.18190153	0.01411441	0.00078599
1.68	0.17331203	0.04523953	0.01271491
1.75	0.21720409	0.03415255	-0.00265137
1.81	0.20230217	0.03330294	0.00937495
1.87	0.17563845	0.02970442	0.00348945
1.92	0.18636400	0.03314516	0.00374935
2.04	0.17784647	0.03508691	-0.00062778
2.15	0.17453151	0.02945528	0.00076853
2.23	0.20480193	0.05456971	0.02062243
2.69	0.19606680	0.04242553	0.00738837
2.86	0.21639775	0.03450835	0.00291962
1.752574607889148 6.921785584579151
1.7525746340045447 6.921785584579151
1.752574607889148 6.921785687721794
1.2316159465504 8.838119771964404
1.2316159649029077 8.838119771964404
1.2316159465504 8.838119903662651
1.3174800516772667 8.72314189830399
1.3174800713092494 8.72314189830399
1.3174800516772667 8.723142028288933
1.3187979182875227 8.721548954284602
1.318797937939143 8.721548954284602
1.3187979182875227 8.721549084245808
0.024069324061090636 1.3187979182875227 8.721548954284602 0.004752916314355442
0.06802435892506994 0.062090544199657496 0.04967777619051261 0.04952504389121049 0.04698649704005474 0.04636472849312489 0.0450570303967039 0.044427253250134156 0.04323117915611389 0.04169070944426832 0.03878377712466046 0.03751673940211847 0.037272674009052945 0.036319472631715484 0.035450346497382636 0.03467787941218326 0.03409624380450749 0.03273247218398975 0.031642504094624296 0.03081172108650884 0.027222830270052352 0.02611089038067352
0.025725029176113252 0.022100173588680105 0.015196836695983712 0.015118038264706824 0.013831543324104936 0.0135232068548734 0.012883567487219588 0.012579849272539608 0.012010876578814217 0.01129345205337591 0.009988009868804257 0.009439323305684281 0.009335077906341804 0.00893247476322509 0.008571731684769884 0.008256257391244843 0.00802195221688706 0.007483617705482604 0.007064674092490069 0.006752216321169591 0.005472709834515813 0.005100145094229056
