Your k-statistics (sorted by length):
Length (M.)	k_1	k_2	k_3
0.63	0.22232867	0.06938988	0.02478036
0.74	0.24694227	0.10449737	0.02338763
1.08	0.17188021	0.02254753	0.00083226
1.08	0.17628430	0.03891026	0.00608813
1.18	0.18526647	0.07951820	0.03426032
1.20	0.17726457	0.03162362	0.00257680
1.26	0.17669615	0.02959665	0.00602891
1.28	0.18055769	0.05471528	0.00410062
1.34	0.19229004	0.07766035	0.03818231
1.42	0.20684025	0.06508457	0.02218388
1.58	0.21523443	0.04321897	0.01229817
1.66	0.21153070	0.02300593	-0.00080436
1.68	0.19952645	0.05516243	0.00805490
1.75	0.20602613	0.03119513	-0.00020830
1.81	0.20238668	0.03427396	0.00699372
1.87	0.17058179	0.02111912	0.00452444
1.92	0.19390644	0.03895206	0.00744883
2.04	0.17387380	0.03168829	-0.00275688
2.15	0.17543823	0.03713771	0.00828744
2.23	0.20585111	0.04876219	0.00407444
2.69	0.20122822	0.03978687	0.00445533
2.86	0.21218126	0.04774009	0.01538399
1.752574607889148 6.921785584579151
1.7525746340045447 6.921785584579151
1.752574607889148 6.921785687721794
1.6940363919131196 6.313102278750234
1.694036417156229 6.313102278750234
1.6940363919131196 6.313102372822789
2.6965303836642525 3.65132406847897
1.945155783843491 5.648829652476438
1.9451558128285709 5.648829652476438
1.945155783843491 5.648829736650559
2.2255271042470186 4.9739591974689725
2.225527137409957 4.9739591974689725
2.2255271042470186 4.9739592715867404
2.809825190437772 3.6342470717266435
2.8098252323074298 3.6342470717266435
2.809825190437772 3.634247125881145
3.515404653206636 2.354250800206289
3.0149283162359266 3.3318445917855444
3.0149283611618594 3.3318445917855444
3.0149283162359266 3.331844641433898
3.3652882969618223 2.690513092284271
3.1051622278112 3.1729846559190684
3.105162274081723 3.1729846559190684
3.1051622278112 3.1729847032002243
3.283543049848919 2.854088380594555
3.2835430987775234 2.854088380594555
3.283543049848919 2.8540884231237857
3.4742667440452375 2.54241703998267
3.474266795815846 2.54241703998267
3.4742667440452375 2.5424170778676363
3.6697593751454125 2.24786454225024
3.526815699189378 2.4713553327544497
3.5268157517430274 2.4713553327544497
3.526815699189378 2.4713553695805137
3.430604859955935 2.619639216227055
3.5030146907909483 2.5085884058139007
3.5030147429899348 2.5085884058139007
3.5030146907909483 2.508588443194781
3.5270550325150642 2.4715094131088624
3.5090818055941364 2.499355883076075
3.50908185788353 2.499355883076075
3.5090818055941364 2.49935592031938
3.5034696972574286 2.508046672991978
3.5076847774052298 2.501532442648768
3.508738571072552 2.499903841807708
3.508738623356831 2.499903841807708
3.508738571072552 2.499903879059178
0.08340311022544811 3.508738571072552 2.499903841807708 0.004665454849412514
0.07620311542106026 0.06971911340335542 0.055826156005135186 0.0556527182624213 0.05276208964407075 0.05205186517998063 0.05055538731846541 0.049833401326964864 0.048459956605590694 0.04668684926373319 0.043328791166687544 0.041860465271211025 0.04157731790193704 0.040470554429937855 0.03946015660388122 0.038561156871217694 0.037883660238028596 0.03629321116849058 0.035020224383290076 0.03404888553836389 0.029843044126529227 0.02853697074856191
0.029016563561671826 0.02474165617627613 0.016443665672227808 0.016348341900213243 0.014792272987872808 0.014419553293701995 0.013646922320449655 0.013280410249833268 0.012594605737005929 0.011731763410018858 0.01016925293947212 0.009516338707252986 0.009392598802809507 0.008915722835276262 0.008489911755115173 0.008118796265737117 0.007843989329467465 0.007215514090230376 0.006729526672063648 0.006369031525407541 0.004913608078622008 0.004497261382650799
