Your k-statistics (sorted by length):
Length (M.)	k_1	k_2	k_3
0.63	0.23824490	0.05728182	0.00799578
0.74	0.22985748	0.09670145	0.04755455
1.08	0.18291050	0.02628444	-0.00218915
1.08	0.17272107	0.04041057	0.01635532
1.18	0.18596395	0.06853978	0.01512516
1.20	0.18065497	0.03237742	-0.00088505
1.26	0.19071971	0.03513131	0.00669449
1.28	0.20001000	0.05118425	-0.00026984
1.34	0.18182423	0.07216808	0.03624567
1.42	0.19792875	0.04645028	0.01482761
1.58	0.18680656	0.02851936	0.00630708
1.66	0.22923575	0.03567976	0.00217405
1.68	0.20751356	0.05866364	0.01484554
1.75	0.19473140	0.05215763	0.02283406
1.81	0.22937550	0.04159179	0.01166332
1.87	0.17104052	0.02451746	0.00572028
1.92	0.19073172	0.04434581	0.01345466
2.04	0.18707608	0.04151239	0.00033168
2.15	0.17548403	0.03696153	0.00482596
2.23	0.20729739	0.04278548	0.01151876
2.69	0.19945519	0.04192798	0.00987696
2.86	0.19691625	0.03313826	0.00125085
1.752574607889148 6.921785584579151
1.7525746340045447 6.921785584579151
1.752574607889148 6.921785687721794
1.6099082936568958 6.803435668946143
1.6099083176463989 6.803435668946143
1.6099082936568958 6.803435770325235
1.0223175971713072 8.419122884191356
1.0223176124050266 8.419122884191356
1.0223175971713072 8.419123009646064
0.8862599695457568 8.96114922033739
0.886259984446918 8.96114922033739
0.8862599695457568 8.961149353868919
0.8958853407076576 8.940846783210615
0.8958853556088188 8.940846783210615
0.8958853407076576 8.940846916439614
0.8957198914531768 8.94147045098159
0.895719906354338 8.94147045098159
0.8957198914531768 8.941470584219884
0.024254260485901402 0.8957198914531768 8.94147045098159 0.003760480430254167
0.07239090606168827 0.06637610986622758 0.0537114801964177 0.05355490711779113 0.05094975018260521 0.050310861510095506 0.048966109728164876 0.048317978266836994 0.04708612673911334 0.04549779107423757 0.04249499683774935 0.04118389308699181 0.040931179531077395 0.039943707332761584 0.039042645567755434 0.038241244198662656 0.037637480817539634 0.036220678337488765 0.035087174452344036 0.034222525098498 0.030480656087363975 0.0293191674025007
0.02785572019845943 0.024187510056573193 0.01710902989012626 0.017027341228596102 0.01569014198786069 0.015368618151236186 0.014700255245696861 0.014382226234109242 0.01378522012597691 0.013030044946031412 0.011648356403229924 0.01106441164809357 0.010953235153816656 0.010523134985819114 0.010136732086452388 0.009797986664382752 0.00954587393546843 0.008964840570038195 0.008510838368733717 0.008171117106904538 0.006768747081610874 0.006356552353741574
