Your k-statistics (sorted by length):
Length (M.)	k_1	k_2	k_3
0.63	0.24033052	0.08110234	0.03144323
0.74	0.25594967	0.10861940	0.03630981
1.08	0.19832380	0.03336484	0.00033321
1.08	0.17112405	0.04139158	0.01364397
1.18	0.18829176	0.06424821	0.02296722
1.20	0.19473903	0.04457563	0.00356448
1.26	0.18683583	0.04719850	0.02094624
1.28	0.20346911	0.04291393	0.00306183
1.34	0.18134389	0.07458579	0.04061212
1.42	0.16070818	0.04040821	0.02302790
1.58	0.20685429	0.03459002	0.00315335
1.66	0.21584865	0.02582830	0.00051350
1.68	0.17777158	0.06881635	0.02911860
1.75	0.22079908	0.03827506	0.01445090
1.81	0.19979250	0.02824328	-0.00031286
1.87	0.15819191	0.02240481	0.00560990
1.92	0.19939822	0.03890420	0.00361572
2.04	0.18689181	0.04217630	-0.00141310
2.15	0.18632867	0.03719370	0.00020767
2.23	0.20208017	0.04664962	0.01377508
2.69	0.21541120	0.03716274	0.00348280
2.86	0.19512143	0.04384166	0.00844150
1.752574607889148 6.921785584579151
1.7525746340045447 6.921785584579151
1.752574607889148 6.921785687721794
1.6141517494779627 6.102585804394654
1.614151773530698 6.102585804394654
1.6141517494779627 6.102585895330269
2.6868329385707277 3.2868574489269893
1.881865593535686 5.397602907596117
1.8818656215776686 5.397602907596117
1.881865593535686 5.3976029880266685
2.1885395773290277 4.675737878988431
2.1885396099408085 4.675737878988431
2.1885395773290277 4.675737948662355
2.832447016842334 3.245375890962591
2.8324470590490836 3.245375890962591
2.832447016842334 3.2453759393224604
3.6343895932298778 1.8972511520653612
3.0688943580720314 2.932522622175096
3.068894403802121 2.932522622175096
3.0688943580720314 2.9325226658730883
3.4679197486768962 2.257306516387409
3.17196278996615 2.7657202643131917
3.171962837232079 2.7657202643131917
3.17196278996615 2.7657203055256354
3.37615963503342 2.4309245632801786
3.376159685342119 2.4309245632801786
3.37615963503342 2.4309245995037774
3.5980810026569126 2.107605186258429
3.5980810562724974 2.107605186258429
3.5980810026569126 2.1076052176641937
3.836494386555929 1.796247560137864
3.8364944437241504 1.796247560137864
3.836494386555929 1.7962475869040384
3.907023059693711 1.7281502890781895
3.9070231179128916 1.7281502890781895
3.907023059693711 1.7281503148296355
4.034788830648641 1.5794155049364302
3.939339261382373 1.6912918284008167
3.939339320083102 1.6912918284008167
3.939339261382373 1.6912918536030288
3.9073624666871782 1.7284451272598558
3.9314701694231706 1.7006863789584856
3.931470228006641 1.7006863789584856
3.9314701694231706 1.7006864043006875
3.9394926085764617 1.691422434956349
3.933481669356931 1.698375506873283
3.9334817279703755 1.698375506873283
3.933481669356931 1.6983755321810503
0.12152649179709585 3.933481669356931 1.698375506873283 0.0037918411984221405
0.0784302108640289 0.07189982763768361 0.05783614265808632 0.05765995909779121 0.05472135019387481 0.05399869867523768 0.05247521558155244 0.05173980373652199 0.050340108255429485 0.04853174047147908 0.04510270975185296 0.04360164613263511 0.04331206768719846 0.042179802818945816 0.04114562137200738 0.04022506021300672 0.039531067664728615 0.03790106826687547 0.03659560181446115 0.035598994363137154 0.03127903494541521 0.029936020675524807
0.030146394955247933 0.025805702989388012 0.017308095472835194 0.01720985591965212 0.015603957945608227 0.015218662142253737 0.014419143869915316 0.014039483289169619 0.013328376300150699 0.01243236596136703 0.010805808804230994 0.010124524774796917 0.009995296504387277 0.009496927191009195 0.009051454759020649 0.008662831223168861 0.008374830405212915 0.007715422542276015 0.007204762716267036 0.006825522418554745 0.005290245143483771 0.004849703415500413
