Your k-statistics (sorted by length):
Length (M.)	k_1	k_2	k_3
0.63	0.23113371	0.04703836	-0.00891264
0.74	0.22373860	0.08675860	0.02662340
1.08	0.17358266	0.02748954	0.00695122
1.08	0.17368212	0.04116823	0.01555501
1.18	0.20760064	0.08344408	0.03129386
1.20	0.17316435	0.03937068	0.00376530
1.26	0.16975569	0.03335293	0.01802063
1.28	0.19414201	0.04712774	0.00487206
1.34	0.18201506	0.07439392	0.04572524
1.42	0.17811035	0.03426212	0.00915140
1.58	0.21409702	0.03643247	0.00519562
1.66	0.20768773	0.03153559	0.00405623
1.68	0.18954957	0.06967358	0.02581358
1.75	0.22437203	0.05317421	0.01242962
1.81	0.20189221	0.03105445	0.01380048
1.87	0.17558494	0.02745961	0.00219573
1.92	0.19935046	0.03603443	0.00564061
2.04	0.19513375	0.03902660	-0.00222274
2.15	0.18073413	0.03850697	0.00752697
2.23	0.20552858	0.03882452	0.01446261
2.69	0.20023251	0.04376145	0.00907515
2.86	0.21106115	0.03583697	0.00276266
1.752574607889148 6.921785584579151
1.7525746340045447 6.921785584579151
1.752574607889148 6.921785687721794
1.4105339065455662 7.524336080035176
1.4105339275641593 7.524336080035176
1.4105339065455662 7.524336192156521
0.4435646435379277 10.36367288259191
0.4435646584390889 10.36367288259191
0.4435646435379277 10.36367303702267
0.012851020307759253 12.279009606674808
0.012851035208920447 12.279009606674808
0.012851020307759253 12.27900978964631
0.012574025524920663 12.418096579153307
0.012574040426081857 12.418096579153307
0.012574025524920663 12.418096764197365
4.79078813884256e-05 12.478731603901704
4.7922782549619444e-05 12.478731603901704
4.79078813884256e-05 12.478731789849295
7.824297060768147e-06 12.483488706069128
7.839198221961994e-06 12.483488706069128
7.824297060768147e-06 12.483488892087605
1.9950167006680536e-16 12.48391504289767
1.4901161393349326e-08 12.48391504289767
1.9950167006680536e-16 12.483915228922502
0.01732383002082305 1.9950167006680536e-16 12.48391504289767 0.004611128689350203
0.06875735777859486 0.06318862342483544 0.05162940560971031 0.05148768648456389 0.049133275816792076 0.048556874832775744 0.047344857414714565 0.046761265468054605 0.045653049711941604 0.04422591777683673 0.04153294315188445 0.0403590103623252 0.04013285927612798 0.03924954440637983 0.03844401475527353 0.0377279537758513 0.03718870810385174 0.03592402154264906 0.0349129013408939 0.03414199168942374 0.030809240971698862 0.029775768303632405
0.02703414775625704 0.02384146831692567 0.01772828062253455 0.017657744871471526 0.016501927961950325 0.016223593355668472 0.015644322146985322 0.015368312856364677 0.014849430544138209 0.014191435873164602 0.012981589317328618 0.012467413106964833 0.012369296079756929 0.011988987036550621 0.011646256997796426 0.011344901817194252 0.011120034157463005 0.010599730523069869 0.01019098467251414 0.009883735379442208 0.008600482940622047 0.008217889317775806
