Your k-statistics (sorted by length):
Length (M.)	k_1	k_2	k_3
0.63	0.22142403	0.06104494	0.02359820
0.74	0.23872318	0.09405707	0.02163230
1.08	0.19364441	0.03176390	0.00302744
1.08	0.16307277	0.03734153	0.01494860
1.18	0.19507734	0.07394004	0.03756176
1.20	0.19463857	0.03956196	-0.00217057
1.26	0.18425524	0.03257518	0.01072021
1.28	0.19964169	0.04411024	0.00048966
1.34	0.20125968	0.07717151	0.03480123
1.42	0.18284214	0.03160145	0.00717585
1.58	0.21328992	0.04258917	0.00782868
1.66	0.21452573	0.01824867	-0.00036027
1.68	0.20310419	0.06486575	0.01523212
1.75	0.21496147	0.04237061	0.00642942
1.81	0.20971952	0.03637220	0.00937810
1.87	0.17516650	0.01879936	-0.00080920
1.92	0.21087273	0.05284137	0.01502472
2.04	0.16417802	0.03970880	0.00199757
2.15	0.18887892	0.04335377	0.00950973
2.23	0.20096183	0.04734999	0.01345675
2.69	0.20408356	0.03680377	0.00447776
2.86	0.20983958	0.03798483	0.00006999
1.752574607889148 6.921785584579151
1.7525746340045447 6.921785584579151
1.752574607889148 6.921785687721794
1.656836839726411 6.84960955404262
1.6568368644152038 6.84960955404262
1.656836839726411 6.849609656109756
1.3298318465549142 7.748875552727082
1.329831866370953 7.748875552727082
1.3298318465549142 7.748875668194326
1.3130352598569937 7.833134024695359
1.3130352794227438 7.833134024695359
1.3130352598569937 7.833134141418151
1.3144303595553848 7.829363052169901
1.3144303791419234 7.829363052169901
1.3144303595553848 7.829363168836502
0.027986867128986237 1.3144303595553848 7.829363052169901 0.003940197620152618
0.07321355453047712 0.06701919217417394 0.053948325262251295 0.05378657716166625 0.05109502850327324 0.050434887049477926 0.04904534510160197 0.0483756063944244 0.04710266924361879 0.045461356783497026 0.042358574389876065 0.04100394829486303 0.040742858740982844 0.039722702993768594 0.038791887058662766 0.037964083969524144 0.03734047119690574 0.03587724041746212 0.034706755769991694 0.03381400186296653 0.029951641372677543 0.028753147264283654
0.027621120645752034 0.023823674511168885 0.016510080669989893 0.01642597888375631 0.015050916959904037 0.01472079849548096 0.014035288213641616 0.01370946572189825 0.013098522878214587 0.012327134179098575 0.01092050435831604 0.010328130176831986 0.010215506730281572 0.009780312969743427 0.009390051045250054 0.00904851560632597 0.008794705061843894 0.008211069352041725 0.007756398628874147 0.007417022391018121 0.006024798556640779 0.00561863723434403
