Your k-statistics (sorted by length):
Length (M.)	k_1	k_2	k_3
0.63	0.23359863	0.07381216	0.01755180
0.74	0.23907165	0.13221670	0.06583652
1.08	0.18706191	0.02829008	0.00355062
1.08	0.16953931	0.04280367	0.01432305
1.18	0.16812979	0.04607194	0.01282086
1.20	0.18495736	0.03208142	-0.00284446
1.26	0.19093547	0.03582295	0.01712885
1.28	0.19593182	0.03704720	-0.00285549
1.34	0.19489373	0.08109722	0.03758571
1.42	0.16987149	0.03689573	0.01276270
1.58	0.19510859	0.02643774	0.00440756
1.66	0.21571697	0.01779544	-0.00222385
1.68	0.18406166	0.05306265	0.01348763
1.75	0.21488579	0.03582248	-0.00277386
1.81	0.18626744	0.02858551	0.00979285
1.87	0.16740046	0.02172684	0.00133331
1.92	0.19905984	0.03644422	0.00453122
2.04	0.19416735	0.04750252	0.00153948
2.15	0.17936657	0.03323397	0.00431370
2.23	0.20504662	0.04526181	0.00978020
2.69	0.19650833	0.03642645	0.00722807
2.86	0.20641799	0.03991392	0.00301126
1.752574607889148 6.921785584579151
1.7525746340045447 6.921785584579151
1.752574607889148 6.921785687721794
2.0965606270312755 5.659203222014493
2.0965606582724634 5.659203222014493
2.0965606270312755 5.659203306343192
3.2272442247527513 2.930416201968086
3.2272442728424378 2.930416201968086
3.2272442247527513 2.93041624563469
3.733365240202525 2.392701809699083
3.7333652958340022 2.392701809699083
3.733365240202525 2.3927018453531184
4.5696704399131285 1.1754201608315995
3.9547051653419656 2.0971811674039125
3.954705224271665 2.0971811674039125
3.9547051653419656 2.097181198654347
4.39745949280448 1.5061956722804286
4.0698944659227285 1.9529162092451984
4.069894526568882 1.9529162092451984
4.0698944659227285 1.9529162383459175
4.297694331523471 1.6623460220002453
4.128208122592003 1.8813637409015898
4.1282081841070974 1.8813637409015898
4.128208122592003 1.881363768936094
4.243771194246236 1.737398017235644
4.243771257483354 1.737398017235644
4.243771194246236 1.7373980431248919
4.21626338548445 1.7744571595243743
4.216263448311671 1.7744571595243743
4.21626338548445 1.7744571859658465
4.15719296514188 1.8453861643161893
4.201552628271063 1.792236600312026
4.212642914033991 1.7789487480249453
4.215416965616333 1.7756249393434047
4.215417028430941 1.7756249393434047
4.215416965616333 1.7756249658022782
0.11465686381318141 4.215416965616333 1.7756249393434047 0.006114985479358957
0.07425759740282206 0.06779179734418206 0.05400446951943411 0.05383293401775407 0.05097614371825399 0.05027484976282159 0.04879798477296569 0.048085846934222166 0.046731828890732525 0.0449851409580659 0.041681235516835974 0.040238269522721845 0.039960129305667384 0.03887329835095208 0.0378815966640257 0.036999629734002094 0.036335215302450485 0.03477630122791542 0.03352937872992041 0.03257841427726437 0.028465522247291004 0.02718982729548121
0.02792484221828455 0.023704209889876867 0.015582498275698216 0.01548982834924759 0.013979381961513453 0.013618253907862038 0.012870504591614245 0.01251620812985059 0.011853996856367977 0.011022248779902646 0.009520296512829417 0.008894417970295356 0.008775923065591388 0.008319633075337434 0.007912716863537778 0.007558477866463012 0.00729642060448622 0.006697943676621552 0.006235991671683037 0.0058938225042581985 0.004517110765248971 0.004124826867476156
