Your k-statistics (sorted by length):
Length (M.)	k_1	k_2	k_3
0.63	0.23836680	0.06566591	0.00391622
0.74	0.23553382	0.10548733	0.02196284
1.08	0.17899270	0.02129120	-0.00050539
1.08	0.16427096	0.03934172	0.01354498
1.18	0.17081760	0.06275191	0.02046034
1.20	0.18675798	0.03841438	-0.00064236
1.26	0.17407357	0.02821077	0.00541430
1.28	0.19267901	0.04971473	0.00821149
1.34	0.19364386	0.07701584	0.03007314
1.42	0.19002472	0.03601778	0.00862356
1.58	0.20941685	0.02830099	0.00580751
1.66	0.22447389	0.03481410	0.00331348
1.68	0.18995359	0.05400985	0.01065680
1.75	0.21640931	0.03021344	-0.00205158
1.81	0.19707615	0.03641165	0.01011624
1.87	0.16237816	0.02471873	0.00711250
1.92	0.19538671	0.04563677	0.00916030
2.04	0.17634020	0.03753380	0.00378037
2.15	0.17465681	0.03015475	0.00057103
2.23	0.19908441	0.03735164	0.00675858
2.69	0.20286944	0.04668837	0.01094652
2.86	0.22367393	0.04605332	0.00922488
1.752574607889148 6.921785584579151
1.7525746340045447 6.921785584579151
1.752574607889148 6.921785687721794
2.516658291114484 5.00227987911813
2.516658328615615 5.00227987911813
2.516658291114484 5.002279953657909
2.700811150239679 4.736389077126599
2.7008111904849015 4.736389077126599
2.700811150239679 4.736389147704297
2.7363037010799975 4.664506143924348
2.7363037418541 4.664506143924348
2.7363037010799975 4.664506213430906
2.731628579875759 4.675453781669761
2.7316286205801967 4.675453781669761
2.731628579875759 4.6754538513394515
2.732976405731971 4.672430997714867
2.732976446456493 4.672430997714867
2.732976405731971 4.672431067339514
0.04544229223733731 2.732976405731971 4.672430997714867 0.003818103529975027
0.07213056685381794 0.0657504883027127 0.052253641552320214 0.05208655467267298 0.04930659100782529 0.04862492836303563 0.04719036838340101 0.046499087745983325 0.045185528736864676 0.04349254590853009 0.04029467721831826 0.038899763430628224 0.03863100260671178 0.03758117632072693 0.03662372401411929 0.03577259519932368 0.03513164258196858 0.03362853431947754 0.03242699119168864 0.03151106436231578 0.027553750021124087 0.02632756823558912
0.026680798013422373 0.02263856854340433 0.01492745134848208 0.01483987431185389 0.013413349161857017 0.013072510085472196 0.012366992576301762 0.012032794815832956 0.011408266771524272 0.010623988813537197 0.00920774540118589 0.008617399026098874 0.008505608685524869 0.00807504986543288 0.007690942331123668 0.007356429804038963 0.007108875220282797 0.006543176258034248 0.0061061358867237625 0.005782157940642341 0.004475678012937854 0.0041022782027205894
