Your k-statistics (sorted by length):
Length (M.)	k_1	k_2	k_3
0.63	0.24604314	0.06580814	0.00386816
0.74	0.21617143	0.07279841	0.02247190
1.08	0.17262399	0.02705282	0.00126715
1.08	0.16556739	0.03868309	0.01282311
1.18	0.18073151	0.05713000	0.01299613
1.20	0.17910992	0.03103665	-0.00375655
1.26	0.18319687	0.02885727	0.00915979
1.28	0.19316807	0.04290568	-0.00062157
1.34	0.18990318	0.07248916	0.03647943
1.42	0.17550395	0.03604677	0.01226619
1.58	0.19770553	0.03980113	0.00972981
1.66	0.21902745	0.02335034	0.00272132
1.68	0.19346234	0.05221825	0.01110339
1.75	0.20282582	0.02858612	0.00242847
1.81	0.21265551	0.03967621	0.01507678
1.87	0.18625622	0.02230243	0.00073875
1.92	0.19052760	0.03633652	0.00726112
2.04	0.17879716	0.03815823	0.00022046
2.15	0.18245290	0.03401090	0.00149978
2.23	0.22582265	0.04727280	0.00919859
2.69	0.19727150	0.03343618	0.00187347
2.86	0.18961825	0.04205537	0.00718868
1.752574607889148 6.921785584579151
1.7525746340045447 6.921785584579151
1.752574607889148 6.921785687721794
1.0775336532032576 9.89913561388648
1.0775336692597601 9.89913561388648
1.0775336532032576 9.899135761395096
1.2670583512490838 9.668069511656535
1.2670583701297247 9.668069511656535
1.2670583512490838 9.668069655721997
1.287137095805479 9.616556566601778
1.2871371149853164 9.616556566601778
1.287137095805479 9.616556709899637
1.286932012913813 9.617603000855146
1.2869320320905944 9.617603000855146
1.286932012913813 9.617603144168598
0.022234991873614218 1.286932012913813 9.617603000855146 0.002742781932311086
0.0663042909879347 0.060386340890857655 0.048096061157700445 0.047945542905311785 0.04544617138728391 0.04483467221577168 0.04354942203248212 0.04293086187480586 0.04175680816044709 0.04024606236386062 0.037399289703796565 0.036160091293081176 0.03592149871611897 0.034990007999010614 0.0341411391598612 0.033387040525243133 0.032819458729297375 0.031489378479253635 0.030427068293841626 0.029617792866651768 0.026125886551991287 0.025045280777309258
0.024389925869299105 0.02090317466926322 0.014318376135521393 0.014243604914518723 0.013024016165858378 0.01273203274661582 0.012126698376518237 0.011839446087497233 0.01130162020097426 0.010624013923091986 0.009392519724982092 0.008875462873745623 0.008777262113698905 0.008398107136731017 0.00805851088756035 0.007761632843941355 0.007541200031389526 0.007034928768571164 0.006641114615886656 0.006347495827102879 0.005145935041729358 0.004796288108379943
