Your k-statistics (sorted by length):
Length (M.)	k_1	k_2	k_3
0.63	0.24034637	0.06941878	0.00888061
0.74	0.22732256	0.07446271	0.01693033
1.08	0.15954840	0.02133974	-0.00155274
1.08	0.15909572	0.04379493	0.01841371
1.18	0.17313852	0.06530607	0.02201631
1.20	0.17858383	0.04102123	0.00713118
1.26	0.17484298	0.03481188	0.01263590
1.28	0.20301116	0.03507968	-0.00215053
1.34	0.19114161	0.09002122	0.05810300
1.42	0.18930841	0.03015296	0.00533382
1.58	0.20564112	0.03400648	0.00971332
1.66	0.21403219	0.03073394	0.00370569
1.68	0.18777008	0.06036311	0.01918953
1.75	0.20024714	0.03709572	-0.00036951
1.81	0.20554503	0.04200169	0.01287751
1.87	0.15830309	0.02238954	0.00331384
1.92	0.19275881	0.04060100	0.01325750
2.04	0.18580319	0.04141414	-0.00130126
2.15	0.16944638	0.03274258	0.00286299
2.23	0.20877863	0.05933468	0.01358683
2.69	0.19963715	0.03899905	0.00805612
2.86	0.22189970	0.03756317	0.00568423
1.752574607889148 6.921785584579151
1.7525746340045447 6.921785584579151
1.752574607889148 6.921785687721794
1.4643431232027957 7.475195689228222
1.4643431450232087 7.475195689228222
1.4643431232027957 7.4751958006173185
0.5228604407677906 10.232939710613184
0.5228604556689518 10.232939710613184
0.5228604407677906 10.232939863095869
0.3820572892310335 11.061008027675843
0.3820573041321947 11.061008027675843
0.3820572892310335 11.061008192497706
0.39846133441297693 11.02382983700819
0.3984613493141381 11.02382983700819
0.39846133441297693 11.023830001276055
0.39797828513053707 11.025946751206662
0.39797830003169826 11.025946751206662
0.39797828513053707 11.025946915506072
0.019261030939728085 0.39797828513053707 11.025946751206662 0.004598981257995482
0.06888548489911696 0.06319769855692402 0.05132923168136074 0.05118328016713189 0.048757237713717226 0.04816293688622189 0.046912842309816585 0.04631071159115345 0.04516694227315662 0.043693385497975266 0.04091101882773125 0.03969745601659105 0.03946362796715664 0.03855020264953153 0.0377170472115064 0.03697630206920643 0.03641839230664568 0.035109694197366 0.03406316123787206 0.033265126809014105 0.029814013272537573 0.0287435175370013
0.026972634741721162 0.023590578981994778 0.017099340692474464 0.01702447916432021 0.015798438096156064 0.015503417879897143 0.014889771601348422 0.014597570727250308 0.014048622515745039 0.013353300793755808 0.012077677170330257 0.01153689560772221 0.011433806233322122 0.01103456450436914 0.01067526469813399 0.010359754747450496 0.010124593763461665 0.009581421438357706 0.00915571729643697 0.00883635662389135 0.0075093287536527435 0.007116133430759507
