Your k-statistics (sorted by length):
Length (M.)	k_1	k_2	k_3
0.63	0.21596258	0.05540018	0.00652905
0.74	0.23765370	0.11987923	0.06604485
1.08	0.19182910	0.02772776	0.00058814
1.08	0.17436651	0.04122457	0.01064046
1.18	0.19114457	0.06928950	0.02934897
1.20	0.18991295	0.03743450	0.00351848
1.26	0.17792025	0.03449073	0.01912004
1.28	0.17398694	0.03645308	0.00269628
1.34	0.19325042	0.07214796	0.04730038
1.42	0.17414754	0.03700972	0.00823590
1.58	0.19501470	0.02528948	0.00521328
1.66	0.20471713	0.02635383	0.00382930
1.68	0.19592342	0.05726152	0.01157380
1.75	0.20661348	0.03025892	0.00085270
1.81	0.21158664	0.03803121	0.00880632
1.87	0.17843758	0.02831733	0.00217042
1.92	0.19142316	0.03758325	0.00493852
2.04	0.17542678	0.03475113	-0.00025388
2.15	0.18202036	0.03669124	-0.00003311
2.23	0.21658485	0.05328949	0.01591476
2.69	0.19911491	0.02985239	0.00551908
2.86	0.21991910	0.03911661	0.00190525
1.752574607889148 6.921785584579151
1.7525746340045447 6.921785584579151
1.752574607889148 6.921785687721794
1.7831645872470365 6.502322986179167
1.7831646138182595 6.502322986179167
1.7831645872470365 6.50232308307133
2.485405451375206 4.621957810455587
2.4854054884106334 4.621957810455587
2.485405451375206 4.621957879328126
2.814591458856341 4.035033122454591
2.814591500797022 4.035033122454591
2.814591458856341 4.0350331825812695
2.867416520759969 3.948286219242885
2.867416563487805 3.948286219242885
2.867416520759969 3.9482862780769343
2.8693036527809315 3.944963461768985
2.8693036955368876 3.944963461768985
2.8693036527809315 3.944963520553521
0.05359471869622434 2.8693036527809315 3.944963461768985 0.005768432824050308
0.07421943978761886 0.06779619500804299 0.054118511285980844 0.053948446607567986 0.05111636984814104 0.05042119498597524 0.04895726554099513 0.048251384046450636 0.0469092845211209 0.04517799410676904 0.04190317306893709 0.04047284952044973 0.040197139791039484 0.03911978244131978 0.038136688447782195 0.037262343438598515 0.03660364817887323 0.03505806896131509 0.03382171993572035 0.0328787594359958 0.028799826904328987 0.027534433535231797
0.027921280661145652 0.023765115922620622 0.015762414703499233 0.01567094960925514 0.014179239280832652 0.013822307680393041 0.013082843814690456 0.012732266562034867 0.012076613573670288 0.011252297484856216 0.009761075711001078 0.009138461894138852 0.009020494419671237 0.008565946249102164 0.008160172678415479 0.007806589019837135 0.0075447999948274475 0.006946189201778196 0.006483358858637012 0.006140059995410894 0.004753939806609888 0.0043572785339920025
