Your k-statistics (sorted by length):
Length (M.)	k_1	k_2	k_3
0.63	0.24243155	0.07084211	0.01706976
0.74	0.23219486	0.08933114	0.02402101
1.08	0.18919447	0.02357989	0.00268110
1.08	0.14925370	0.03480191	0.01189100
1.18	0.18649422	0.07379266	0.03280590
1.20	0.17978554	0.03754259	0.01512502
1.26	0.18475730	0.03048364	0.01111853
1.28	0.17983686	0.03725792	-0.00053494
1.34	0.18548173	0.07790228	0.05861028
1.42	0.16832222	0.02717062	0.00474707
1.58	0.20021565	0.02029513	0.00201822
1.66	0.22419776	0.02011670	0.00192102
1.68	0.19036291	0.06108537	0.01548257
1.75	0.19164922	0.02693524	0.00029463
1.81	0.21175656	0.04703140	0.01709535
1.87	0.18039669	0.02788266	0.00439230
1.92	0.21207639	0.04724657	0.01003321
2.04	0.18134519	0.04164622	-0.00118619
2.15	0.16853981	0.04054545	0.00636612
2.23	0.18847704	0.04164030	0.01088823
2.69	0.20190688	0.03516425	0.00639620
2.86	0.19755112	0.03996379	0.00694551
1.752574607889148 6.921785584579151
1.7525746340045447 6.921785584579151
1.752574607889148 6.921785687721794
1.3680040037479142 7.891881779552336
1.3680040241327625 7.891881779552336
1.3680040037479142 7.8918818971505384
0.5437170469324135 10.404128919702389
0.5437170618335747 10.404128919702389
0.5437170469324135 10.404129074735991
0.6915936880504492 10.128911781942007
0.6915937029516104 10.128911781942007
0.6915936880504492 10.128911932874553
0.6980581155461364 10.114278744862078
0.6980581304472976 10.114278744862078
0.6980581155461364 10.114278895576577
0.6979992338951793 10.114539863947174
0.6979992487963405 10.114539863947174
0.6979992338951793 10.114540014665563
0.020978426693628704 0.6979992338951793 10.114539863947174 0.004806246625389101
0.0691541650308466 0.06335212139392958 0.05121714609276437 0.05106774174084757 0.048583865777060344 0.04797528293518605 0.04669501948055886 0.04607830147236066 0.04490673505856032 0.043397221069840265 0.04054663761915726 0.03930323834266787 0.03906365818139542 0.03812775691585732 0.03727409711786775 0.036515123551404495 0.0359434879576577 0.034602613131003185 0.03353037900467119 0.032712769466026206 0.029177312790647586 0.0280807772647113
0.026776481953684508 0.023281495478483388 0.0165771815866578 0.016500019838858293 0.015237266284213225 0.014933714732749022 0.01430275800818971 0.014002537800250021 0.013438951784070896 0.012725972242311933 0.01142095078651461 0.01086906600881176 0.010763962709657569 0.010357251324074356 0.009991700734179357 0.009671094225486761 0.009432386428018247 0.008881899388288995 0.008451383180866082 0.008128986923656371 0.00679536555651929 0.006402347227848178
