Your k-statistics (sorted by length):
Length (M.)	k_1	k_2	k_3
0.63	0.26163085	0.07958173	0.02000032
0.74	0.25742158	0.11571028	0.04921997
1.08	0.18907875	0.04318216	0.01048686
1.08	0.17240186	0.05569747	0.02023998
1.18	0.16801804	0.05477683	0.02180578
1.20	0.18763384	0.03071394	-0.00422402
1.26	0.18189322	0.02608818	0.00659428
1.28	0.18810615	0.03987486	-0.00087207
1.34	0.20694306	0.07644141	0.03364772
1.42	0.16787264	0.04056178	0.01253189
1.58	0.20467856	0.03732062	0.01113091
1.66	0.22418652	0.02952608	0.00834579
1.68	0.18959305	0.05799780	0.01998494
1.75	0.21129711	0.04974217	0.00613044
1.81	0.20069371	0.03230813	0.00400046
1.87	0.17657180	0.02346164	0.00274089
1.92	0.19180819	0.02869471	0.00160023
2.04	0.19312723	0.04476465	-0.00021877
2.15	0.17774030	0.03727332	0.00525236
2.23	0.19547327	0.04703557	0.00988547
2.69	0.19820118	0.03989268	0.00592844
2.86	0.21548179	0.04514408	0.00945302
1.752574607889148 6.921785584579151
1.7525746340045447 6.921785584579151
1.752574607889148 6.921785687721794
1.6788635050961087 6.141077296832221
1.6788635301131245 6.141077296832221
1.6788635050961087 6.141077388341404
3.2985559693958804 1.9055444055916793
2.08552974254366 5.0862708500736
2.085529773620475 5.0862708500736
2.08552974254366 5.086270925864942
2.566609943683435 4.008901372341311
2.5666099819289037 4.008901372341311
2.566609943683435 4.008901432078597
3.6178545698081237 1.8961928401591543
2.847028836726814 3.489857990441702
2.84702887915085 3.489857990441702
2.847028836726814 3.489858042444639
3.4025413637436435 2.4489117940390224
3.402541414445461 2.4489117940390224
3.4025413637436435 2.4489118305306516
3.604050215271099 2.2334950358156886
3.6040502689756324 2.2334950358156886
3.604050215271099 2.233495069097358
3.9457063099419063 1.7525460771477754
3.6918914141720296 2.115019413776856
3.6918914691854985 2.115019413776856
3.6918914141720296 2.1150194452931013
3.866730592185015 1.8774453015526746
3.8667306498037908 1.8774453015526746
3.866730592185015 1.8774453295287896
4.055674055290675 1.6509269475126447
3.9175277199030836 1.8239870082198857
3.9175277782787954 1.8239870082198857
3.9175277199030836 1.82398703539941
4.011103807618261 1.709986722914266
3.9411307539678893 1.7956597932040976
3.923634249321061 1.8170818511656748
3.9236343077877676 1.8170818511656748
3.923634249321061 1.8170818782423044
3.9119566288635657 1.8313477812914836
3.9207190624629344 1.8206517824606987
3.9229096783746664 1.8179777681179936
3.922909736830576 1.8179777681179936
3.9229096783746664 1.8179777952079734
0.1143995714971281 3.9229096783746664 1.8179777681179936 0.003938737644430074
0.07774834292055555 0.07119624397997726 0.0571225793244566 0.056946590553283306 0.054012393966154384 0.05329116314739753 0.051771107843074565 0.05103756022255806 0.04964178867052214 0.04783921695630758 0.044423406354947764 0.042929038705816956 0.04264081506572443 0.04151404203552451 0.04048514575312174 0.039569503461952364 0.038879351622076785 0.03725881633940103 0.03596137260672799 0.03497115100995075 0.0306814103594729 0.02934860214430078
0.029572019352704766 0.025257792880372186 0.016850188110531676 0.016753324952816874 0.015171148746496086 0.014791896569016657 0.014005371036839307 0.01363209857751896 0.01293334577748124 0.012053647508159848 0.01045894631101888 0.009791917282166227 0.009665456708749917 0.009177956850078401 0.008742469895547706 0.008362772116516317 0.008081518637098327 0.007438000108227241 0.006940084583887126 0.006570568943446685 0.0050771310978253515 0.004649401919971331
