Your k-statistics (sorted by length):
Length (M.)	k_1	k_2	k_3
0.63	0.25211227	0.06898726	0.00296806
0.74	0.23707823	0.09182617	0.02878884
1.08	0.17960294	0.02724916	-0.00079841
1.08	0.19992087	0.04889594	0.01412094
1.18	0.16597644	0.03821045	0.00208320
1.20	0.19874486	0.04251468	0.00052118
1.26	0.20010854	0.04734254	0.01700129
1.28	0.19425273	0.03890511	0.00086115
1.34	0.19170657	0.08974628	0.06847379
1.42	0.17303247	0.03906016	0.02089897
1.58	0.19749934	0.04167306	0.01549708
1.66	0.22295190	0.02432042	0.00063440
1.68	0.18825146	0.05464115	0.00901263
1.75	0.20824044	0.03222772	0.00465966
1.81	0.21012030	0.03522456	0.00580805
1.87	0.17070475	0.01853355	-0.00097070
1.92	0.19058556	0.03569404	0.00895567
2.04	0.18996074	0.04127791	-0.00053840
2.15	0.19116421	0.03524641	0.00495841
2.23	0.19477284	0.04994577	0.01892887
2.69	0.20400734	0.04075862	0.00541875
2.86	0.20405977	0.03720441	0.00662807
1.752574607889148 6.921785584579151
1.7525746340045447 6.921785584579151
1.752574607889148 6.921785687721794
1.1871296202287454 8.472565958465484
1.1871296379183551 8.472565958465484
1.1871296202287454 8.472566084716556
1.0257550594727347 9.074487664089984
1.0257550747576762 9.074487664089984
1.0257550594727347 9.074487799310388
1.038435067736047 9.044699264309537
1.0384350832099354 9.044699264309537
1.038435067736047 9.04469939908606
1.0387613434709193 9.043817039437792
1.0387613589496696 9.043817039437792
1.0387613434709193 9.043817174201168
0.024156467376358903 1.0387613434709193 9.043817039437792 0.005006936772439222
0.07114044799314331 0.06508997523650661 0.05239970666929223 0.05224324073070569 0.04964139391535123 0.04900375710710505 0.04766220653806375 0.04701589200999759 0.045787984608936814 0.04420568220755812 0.04121719802820391 0.039913526090621806 0.039662327163789424 0.038681026756917966 0.037785947284405826 0.03699014589429852 0.03639077412700395 0.03498485498832727 0.03386063575692202 0.03300340960917568 0.029296976770026933 0.028147547329901386
0.026818043799171777 0.02318591861086639 0.016221905108381618 0.01614193419604342 0.014834324479205432 0.014520342514798066 0.013868211888363728 0.013558176993212415 0.012976664506549059 0.012242033416951736 0.010900855989718522 0.010335252972137875 0.010227655602303945 0.009811672962651577 0.009438331657031552 0.00911134262212755 0.00886817122586865 0.0083083933983952 0.007871660211865724 0.007545260891715596 0.0062018706906454965 0.005808365101353693
