Your k-statistics (sorted by length):
Length (M.)	k_1	k_2	k_3
0.63	0.24545851	0.06174375	0.00366424
0.74	0.24399362	0.09788736	0.05558015
1.08	0.18904402	0.03166357	0.00274047
1.08	0.16191837	0.04720607	0.01854044
1.18	0.18748870	0.08258511	0.04317384
1.20	0.17127473	0.05540864	0.01944245
1.26	0.15352500	0.03956651	0.02519671
1.28	0.20476371	0.05186236	0.00175254
1.34	0.19943762	0.08024532	0.03248962
1.42	0.16957745	0.03638463	0.01380742
1.58	0.20461244	0.03219646	0.00951497
1.66	0.22996708	0.03184357	0.00043294
1.68	0.18195837	0.04737817	0.00783587
1.75	0.20297201	0.03971603	0.00114439
1.81	0.19192431	0.02374294	0.00323630
1.87	0.18964987	0.02989450	0.00890265
1.92	0.20865871	0.05332043	0.00665365
2.04	0.17683405	0.03501769	-0.00059340
2.15	0.16399574	0.03050820	0.00172632
2.23	0.19977703	0.03189415	0.00179731
2.69	0.18885072	0.04582684	0.01002313
2.86	0.21655190	0.04963791	0.01153655
1.752574607889148 6.921785584579151
1.7525746340045447 6.921785584579151
1.752574607889148 6.921785687721794
1.5752047688222088 6.182681673256248
1.575204792294589 6.182681673256248
1.5752047688222088 6.182681765385384
1.762362666546206 5.6601511165720355
1.7623626928074563 5.6601511165720355
1.762362666546206 5.66015120091486
1.9550999341898618 5.185996631729988
1.9550999633231212 5.185996631729988
1.9550999341898618 5.18599670900736
1.960376702214454 5.1839454202400645
1.9603767314263432 5.1839454202400645
1.960376702214454 5.183945497486871
0.040898772715497356 1.960376702214454 5.1839454202400645 0.004457162633526807
0.07670789078532476 0.07040599898389215 0.05689461202836206 0.05672573784095564 0.053910068062311835 0.05321791986790965 0.05175904936059007 0.05105496354266183 0.04971510931506476 0.04798442588150155 0.04470357732652289 0.043267633670914525 0.04299063001402595 0.04190756163530096 0.04091834432766806 0.04003782086484216 0.03937401525410499 0.03781490807013621 0.03656618945848354 0.035612873643397235 0.0314800905637169 0.03019506198102128
0.029980781253146467 0.025827907105624645 0.01770142050842096 0.017607227849046395 0.016065700179312414 0.01569527238611611 0.014925757356430432 0.014559902436424604 0.013873796524532451 0.01300749918102988 0.01142872766846848 0.010764629853816465 0.010638445522135602 0.010151119558988148 0.009714522364803836 0.009332810653415046 0.009049397770745446 0.008398634181234791 0.007892716853797721 0.007515779205323993 0.005977193281125624 0.0055312250085291685
