Your k-statistics (sorted by length):
Length (M.)	k_1	k_2	k_3
0.63	0.26041923	0.06632478	0.00371032
0.74	0.21342053	0.08035805	0.02673504
1.08	0.20780380	0.04470898	0.00939289
1.08	0.16752628	0.04457694	0.01144795
1.18	0.18103189	0.06515328	0.01807677
1.20	0.19764846	0.04410347	0.00423538
1.26	0.19530199	0.02199445	0.00107693
1.28	0.17855610	0.04031374	0.00035421
1.34	0.20027568	0.06640688	0.02975294
1.42	0.20037489	0.04394458	0.00559855
1.58	0.19631699	0.03897605	0.01588655
1.66	0.22849473	0.02112775	-0.00090421
1.68	0.19196125	0.06989002	0.02962231
1.75	0.20963111	0.04673175	0.01116478
1.81	0.20260280	0.02525590	0.00359471
1.87	0.16639295	0.01662165	-0.00042647
1.92	0.18912727	0.03724594	0.00616546
2.04	0.18755014	0.04032125	0.00110756
2.15	0.16675685	0.02947947	0.00430494
2.23	0.20474923	0.05116301	0.01059300
2.69	0.20180683	0.04135821	0.00359005
2.86	0.19859379	0.03075334	0.00124715
1.752574607889148 6.921785584579151
1.7525746340045447 6.921785584579151
1.752574607889148 6.921785687721794
2.036090828475055 6.439260753520029
2.0360908588151725 6.439260753520029
2.036090828475055 6.439260849472491
2.0606522806594056 6.39354924910651
2.0606523113655175 6.39354924910651
2.0606522806594056 6.393549344377818
2.0601554910183935 6.395135486212347
2.0601555217171024 6.395135486212347
2.0601554910183935 6.395135581507291
0.0338311853852139 2.0601554910183935 6.395135486212347 0.003156236554842812
0.07159195397653081 0.06528908421989686 0.05201234073073834 0.05184835835351925 0.049121097432831586 0.04845264059313385 0.04704620197762129 0.046368622602305995 0.045081347350071375 0.04342267972439378 0.04029076976691716 0.03892501107011034 0.03866189007746485 0.037634156341647476 0.03669693123730305 0.035863838507861415 0.03523649837558709 0.03376539894737126 0.03258951272734343 0.031693175570417995 0.02782066785830221 0.026620778511636262
0.02637102166829679 0.022479072199255982 0.01505959035460933 0.014975159863523515 0.013598640170702362 0.01326934651748487 0.0125871370680589 0.012263673980822117 0.011658615098325562 0.010897559916319728 0.0095190808999224 0.008942577800732059 0.008833264954055692 0.008411787046466297 0.00803512343644099 0.007706548301671929 0.007463038498910389 0.006905374260012491 0.006473281864161462 0.006152190349724699 0.0048493634053178875 0.00447420778818831
