Your k-statistics (sorted by length):
Length (M.)	k_1	k_2	k_3
0.63	0.24206847	0.05018507	-0.00231275
0.74	0.23934954	0.10187549	0.04640712
1.08	0.18933559	0.03871912	0.00510984
1.08	0.17690912	0.03887655	0.00990579
1.18	0.19603785	0.07102526	0.02072691
1.20	0.19136145	0.03258832	-0.00307744
1.26	0.19580067	0.03294139	0.00927253
1.28	0.19494791	0.03591102	-0.00003155
1.34	0.18677617	0.07189664	0.03484619
1.42	0.18149158	0.02813609	0.00638478
1.58	0.19345620	0.02625577	0.00558614
1.66	0.21584917	0.02293146	-0.00064748
1.68	0.18724389	0.05952304	0.01906553
1.75	0.23840545	0.04278639	-0.00403452
1.81	0.20380313	0.02804087	0.00176225
1.87	0.19005982	0.02264652	0.00058554
1.92	0.19912283	0.04059692	0.00944524
2.04	0.18527692	0.04538103	0.00094299
2.15	0.18227907	0.03519619	0.00540893
2.23	0.21809340	0.04500027	0.01149009
2.69	0.19812812	0.03871070	0.00398408
2.86	0.21183807	0.03600031	0.00487782
1.752574607889148 6.921785584579151
1.7525746340045447 6.921785584579151
1.752574607889148 6.921785687721794
2.1600914657975916 6.5581221185316325
2.1600914979854626 6.5581221185316325
2.1600914657975916 6.558122216255267
2.2269283036247716 6.42985470069133
2.226928336808589 6.42985470069133
2.2269283036247716 6.429854796503631
2.2244775754799044 6.437454966189035
2.2244776086272036 6.437454966189035
2.2244775754799044 6.437455062114589
0.0342198330892004 2.2244775754799044 6.437454966189035 0.0044499868790862
0.0709007989525159 0.06452560686102314 0.05115574564880279 0.050991121711242926 0.04825502088074483 0.0475849243476892 0.046175713182048786 0.045497125691820885 0.04420852145060896 0.04254927211672147 0.039419720965439074 0.038056397518567445 0.037793843215330795 0.03676862348832656 0.03583410647430353 0.03500375174737362 0.03437867775205192 0.03291357560760885 0.03174316534577838 0.030851404560268206 0.027002570203894877 0.02581126398607467
0.02541059830132802 0.021568405586021275 0.014299930743117828 0.014217707859226086 0.01287895169602655 0.012559202559305958 0.011897422242643762 0.01158396251170132 0.01099818130090985 0.010262459405326997 0.008933146257164256 0.00837854680878379 0.008273481519417428 0.007868671638091431 0.007507305470859867 0.007192395699087128 0.006959212586856229 0.006425862631908145 0.00601327666972052 0.005707078380974918 0.004468513055396578 0.0041131305740076925
