Your k-statistics (sorted by length):
Length (M.)	k_1	k_2	k_3
0.63	0.23018367	0.05688797	0.01542881
0.74	0.25046544	0.10234406	0.02744446
1.08	0.18221778	0.02486659	0.00075901
1.08	0.16952506	0.05614935	0.02871570
1.18	0.19314641	0.08147403	0.03254390
1.20	0.17851672	0.02581586	-0.00379442
1.26	0.17364219	0.03523583	0.01998570
1.28	0.17885436	0.03861396	0.00108295
1.34	0.20323748	0.08296717	0.05735763
1.42	0.16091842	0.05280239	0.03832058
1.58	0.20117592	0.03745557	0.01472455
1.66	0.21216846	0.01785436	-0.00198991
1.68	0.19883127	0.06503931	0.01594319
1.75	0.22068850	0.04291773	-0.00056596
1.81	0.19566174	0.02601325	0.00436717
1.87	0.16860703	0.02283213	0.00172304
1.92	0.20040137	0.04843401	0.01193870
2.04	0.18131147	0.03643791	-0.00191584
2.15	0.17696495	0.03273993	0.00343131
2.23	0.21928559	0.04493049	0.00732279
2.69	0.20741014	0.04628824	0.00670784
2.86	0.22709950	0.03965871	0.00457922
1.752574607889148 6.921785584579151
1.7525746340045447 6.921785584579151
1.752574607889148 6.921785687721794
1.5710548468818408 6.515224662031113
1.5710548702923823 6.515224662031113
1.5710548468818408 6.515224759115526
1.0355637573041085 7.945267319836056
1.035563772735211 7.945267319836056
1.0355637573041085 7.945267438229765
0.7211910441108882 9.003931415568037
0.7211910590120494 9.003931415568037
0.7211910441108882 9.00393154973707
0.7678504942067513 8.896130791060695
0.7678505091079125 8.896130791060695
0.7678504942067513 8.896130923623375
0.7638338030605711 8.90992305249236
0.7638338179617323 8.90992305249236
0.7638338030605711 8.90992318526056
0.7641761981862052 8.90882252581724
0.7641762130873664 8.90882252581724
0.7641761981862052 8.90882265856904
0.024303705339519976 0.7641761981862052 8.90882252581724 0.006094702124025055
0.07360871481390943 0.06761577144514187 0.05495945101595752 0.05480265210244992 0.0521925382650488 0.0515520874086219 0.05020359986824627 0.04955345077388066 0.04831737461461612 0.04672283683557002 0.04370599369647601 0.04238780454383737 0.042133659043153956 0.041140386871267136 0.04023374910842346 0.03942716212478273 0.038819351871244794 0.03739258322868559 0.036250635766574016 0.03537926759488298 0.03160561375846381 0.030433390154881074
0.028739463347754596 0.025050636898176517 0.017895811006161062 0.017812907218947852 0.016454545057971736 0.016127561016603835 0.015447361215663655 0.015123461643098024 0.014515003616395999 0.013744499127737243 0.01233212961993811 0.011734106879103366 0.011620170192745983 0.011179141848716326 0.010782570970820343 0.010434627444053188 0.010175490199048445 0.009577659348120616 0.009109909395249834 0.008759521860642314 0.00730930564358136 0.006881740247568236
