Your k-statistics (sorted by length):
Length (M.)	k_1	k_2	k_3
0.63	0.20991179	0.04917250	-0.00545621
0.74	0.23282466	0.09442538	0.04750699
1.08	0.19622363	0.03708993	0.00108182
1.08	0.16692040	0.05423170	0.02794413
1.18	0.18223419	0.05209229	0.00486675
1.20	0.18635372	0.03066501	-0.00451419
1.26	0.17187721	0.03141443	0.01020822
1.28	0.17747820	0.04004767	0.00661701
1.34	0.18951326	0.09281471	0.05139315
1.42	0.19914215	0.05411515	0.01779494
1.58	0.19534189	0.02437910	0.00438879
1.66	0.22593112	0.03628486	0.00075204
1.68	0.17581834	0.04758624	0.01420814
1.75	0.20354136	0.03785698	0.00058543
1.81	0.22343510	0.04420021	0.01125435
1.87	0.17940769	0.01692212	0.00224164
1.92	0.19002838	0.03259141	0.00493371
2.04	0.18196966	0.03700863	-0.00101730
2.15	0.17583814	0.03795884	0.00714625
2.23	0.20493093	0.04622064	0.01017106
2.69	0.19313868	0.02892933	0.00575927
2.86	0.19766134	0.03812410	0.00645900
1.752574607889148 6.921785584579151
1.7525746340045447 6.921785584579151
1.752574607889148 6.921785687721794
1.5621676239062106 7.40597888583091
1.5621676471843222 7.40597888583091
1.5621676239062106 7.405978996188595
1.382429264830673 7.934202137127855
1.3824292854304745 7.934202137127855
1.382429264830673 7.93420225535668
1.4015269240909247 7.888504447072774
1.4015269449753034 7.888504447072774
1.4015269240909247 7.88850456462065
1.4004063055016 7.891975145924997
1.40040632636928 7.891975145924997
1.4004063055016 7.891975263524591
0.026898985670703812 1.4004063055016 7.891975145924997 0.0050470377014270006
0.070707943369517 0.06464619938142033 0.05188645015931352 0.051728820005804366 0.04910675955783078 0.048463938741949174 0.04711121230101983 0.046459390847360484 0.04522081729178851 0.04362440965574832 0.04060834330518686 0.03929231989487344 0.03903872218268847 0.038047998389535494 0.03714425688764019 0.03634070712620306 0.03573547349018827 0.03431572926272314 0.03318039263956106 0.032314660255644494 0.028571275930446727 0.027410362929487647
0.02690669899970381 0.0231471210009286 0.015936811659654566 0.015854166674896895 0.014503918557634408 0.014180045866113062 0.013507879083642938 0.01318858055948773 0.012590197486808882 0.011835299588839391 0.010460683886779652 0.009882598378720252 0.009772748825462318 0.009348451726458854 0.008968208899718411 0.00863564088984531 0.00838861893944223 0.007821013212976296 0.007379255542234526 0.007049774011119648 0.005700664917074272 0.005307931034851393
