Your k-statistics (sorted by length):
Length (M.)	k_1	k_2	k_3
0.63	0.23906125	0.05279821	-0.00275352
0.74	0.23548878	0.08877053	0.02565036
1.08	0.17522308	0.03305902	0.00136913
1.08	0.18944848	0.04958964	0.01090931
1.18	0.18977365	0.06943668	0.02563470
1.20	0.16817966	0.02642233	-0.00613262
1.26	0.17715240	0.02977571	0.00315066
1.28	0.17397050	0.03729311	-0.00272765
1.34	0.20164136	0.07197708	0.03223737
1.42	0.16403813	0.02621947	0.00183507
1.58	0.19974803	0.02990124	0.00999248
1.66	0.20864167	0.02802025	0.00258976
1.68	0.18358352	0.05855971	0.01451244
1.75	0.20621883	0.04207494	0.00639278
1.81	0.20442844	0.03658062	0.01378508
1.87	0.17858736	0.02966694	0.00267094
1.92	0.20052028	0.03967130	0.00637672
2.04	0.18484262	0.05496665	0.00762386
2.15	0.18539267	0.03002445	0.00335520
2.23	0.19237001	0.05193042	0.01601219
2.69	0.21044406	0.04045232	0.00396480
2.86	0.22071846	0.03296491	0.00270835
1.752574607889148 6.921785584579151
1.7525746340045447 6.921785584579151
1.752574607889148 6.921785687721794
0.908773493332015 9.762397900007873
0.9087735082331762 9.762397900007873
0.908773493332015 9.762398045478937
1.100223703389567 9.45036088055715
1.1002237197841778 9.45036088055715
1.100223703389567 9.450361021378502
1.1178533196408407 9.406486903237434
1.117853336298153 9.406486903237434
1.1178533196408407 9.406487043405011
1.1178289816910962 9.406909663581649
1.117828998348046 9.406909663581649
1.1178289816910962 9.406909803755527
0.022791986757256577 1.1178289816910962 9.406909663581649 0.003974107891763257
0.0684135839742009 0.06246932603462442 0.050061210460147346 0.04990871250639317 0.04737455247923979 0.046753991075804545 0.04544898708443027 0.044820578326148844 0.04362722101099365 0.04209045956176145 0.03919107413531517 0.037927513629243105 0.037684129222015215 0.03673361888049856 0.0358669864835414 0.035096764390707594 0.034516835144297715 0.03315711126646749 0.03207041798566678 0.03124215025886415 0.027664250584013377 0.026555739098556533
0.02566191290115778 0.0221085593439743 0.015342004178402558 0.015264679686152909 0.014001651376560587 0.013698748620566152 0.013070104898874932 0.01277146505453565 0.01221173184512499 0.01150539081948591 0.010218194828741062 0.009676305727375552 0.009573285929574694 0.009175205073131569 0.008818212963289962 0.008505768940024808 0.008273554240688541 0.0077394671444271125 0.007323248469903584 0.007012462183170325 0.005736070565671927 0.005363100668176725
