Your k-statistics (sorted by length):
Length (M.)	k_1	k_2	k_3
0.63	0.22909304	0.05296409	0.00050514
0.74	0.24528726	0.10082068	0.03585924
1.08	0.19201317	0.03270605	0.00880137
1.08	0.17305495	0.04571929	0.01373907
1.18	0.17852358	0.05661109	0.01285953
1.20	0.19614406	0.03324600	0.00004103
1.26	0.17117155	0.02540504	0.00969574
1.28	0.19579423	0.03463053	-0.00022271
1.34	0.20286977	0.08245639	0.04298994
1.42	0.18112504	0.03448072	0.02547243
1.58	0.21493022	0.03765915	0.01032952
1.66	0.20553439	0.02077437	-0.00033257
1.68	0.18766434	0.05379887	0.01896464
1.75	0.20739447	0.03719124	0.00492557
1.81	0.17807992	0.02260421	0.00669680
1.87	0.16952535	0.02482250	0.00202217
1.92	0.18462031	0.04746547	0.01402257
2.04	0.18665440	0.04487976	0.00152575
2.15	0.17677661	0.03381024	0.00470261
2.23	0.19444594	0.05151639	0.01461947
2.69	0.20664690	0.03745345	0.00498421
2.86	0.21609884	0.03571329	0.00649070
1.752574607889148 6.921785584579151
1.7525746340045447 6.921785584579151
1.752574607889148 6.921785687721794
0.021318651900232855 11.959682750985358
1.371898771827785 8.19798672394391
1.3718987922706698 8.19798672394391
1.371898771827785 8.197986846103431
0.5695404754786825 10.737796741521496
0.5695404903798437 10.737796741521496
0.5695404754786825 10.737796901527137
0.5412519906124443 11.110612297330336
0.5412520055136055 11.110612297330336
0.5412519906124443 11.11061246289136
0.5470938076563984 11.095090679913213
0.5470938225575596 11.095090679913213
0.5470938076563984 11.095090845242947
0.5470630561988419 11.09527367586648
0.5470630711000031 11.09527367586648
0.5470630561988419 11.095273841198942
0.01937738425945379 0.5470630561988419 11.09527367586648 0.004419319552440426
0.0680075303115779 0.0622588708418773 0.05029992991995771 0.05015318035545012 0.04771501039240496 0.04711806700780942 0.045862837019814896 0.045258437740710734 0.044110726852058274 0.042632802874367354 0.039844373260171415 0.03862905844542546 0.038394954913625504 0.03748064519426856 0.03664694857771174 0.03590593410358541 0.035347952560674384 0.034039525233537114 0.03299364824494627 0.03219637369259888 0.028751074127937364 0.027683192446114602
0.026022066083188335 0.022657419214418505 0.016231681993095506 0.016157867451031968 0.014950085182516802 0.014659783963520207 0.01405638043146922 0.013769266334172863 0.013230255112750111 0.012548266111215525 0.011299448053000047 0.0107710260627748 0.010670364708592762 0.010280751912470451 0.009930434754846763 0.009623070955731403 0.009394144538189085 0.008865929662893018 0.00845252082133778 0.008142734150468298 0.006859051618825617 0.006479928775650012
