Your k-statistics (sorted by length):
Length (M.)	k_1	k_2	k_3
0.63	0.23577772	0.06447194	0.00237202
0.74	0.25352446	0.09844123	0.01727749
1.08	0.17832796	0.02428094	-0.00080990
1.08	0.16627409	0.04091812	0.01666978
1.18	0.18339213	0.06183260	0.01807039
1.20	0.17140718	0.03487133	-0.00675815
1.26	0.16876506	0.02989666	0.01037009
1.28	0.17452264	0.04344937	0.00342242
1.34	0.19067004	0.07703086	0.03020180
1.42	0.16997100	0.03812057	0.01821488
1.58	0.18411218	0.03303825	0.01223679
1.66	0.19963626	0.01840564	0.00063931
1.68	0.19176940	0.06097728	0.01466565
1.75	0.21007760	0.04804767	0.01933298
1.81	0.20196140	0.02823011	0.00077357
1.87	0.17205433	0.02810158	0.00346114
1.92	0.20391230	0.04057889	0.00721289
2.04	0.17670649	0.03742910	-0.00198264
2.15	0.18224334	0.04616668	0.01271379
2.23	0.19252339	0.03947678	0.00866784
2.69	0.19416799	0.03453550	0.00399039
2.86	0.19996681	0.03530956	0.00214790
1.752574607889148 6.921785584579151
1.7525746340045447 6.921785584579151
1.752574607889148 6.921785687721794
2.077932314262866 6.132441120940519
2.0779323452264706 6.132441120940519
2.077932314262866 6.132441212321012
2.1000871479882357 6.106174675711349
2.1000871792819726 6.106174675711349
2.1000871479882357 6.106174766700442
2.103397975834938 6.097987019890304
2.10339800717801 6.097987019890304
2.103397975834938 6.0979871107573915
2.103186557764524 6.098565407866944
2.1031865891044457 6.098565407866944
2.103186557764524 6.09856549874265
0.034155993773432036 2.103186557764524 6.098565407866944 0.0037994437107356045
0.0705603104480481 0.06439310568265962 0.05137020159101852 0.05120909780713452 0.04852884062789127 0.0478716568479944 0.046488624121468744 0.04582217127653918 0.044555769785308376 0.042923494666931586 0.039839913324612994 0.038494630363527974 0.03823541327303499 0.03722280313854669 0.036299198532375274 0.03547807788835851 0.03485967023751625 0.033409242939117914 0.0322496091979815 0.03136550239967809 0.027544321580080675 0.026359858418889184
0.02669753004688509 0.022773288442843848 0.015269869879606058 0.01518432685602994 0.013789215829062245 0.013455351809498646 0.012763529328981298 0.01243544214229984 0.011821623606791712 0.011049356046683551 0.009650065337794328 0.009064687222861747 0.008953681365612955 0.008525647470378017 0.008143089552448041 0.007809347954664433 0.0075619958227456496 0.006995495068702703 0.006556527083042128 0.006230314412161614 0.004906678237036061 0.004525547283032275
