1.1112699456426625 8.18910653767701
1.1112699622018751 8.18910653767701
1.1112699456426625 8.189106659704207
1.8598417391266313 14.460890755710789
1.8598417668404328 14.460890755710789
1.8598417391266313 14.460890971194853
3.8557443956111213 14.832993338007203
3.85574445306619 14.832993338007203
3.8557443956111213 14.832993559036028
6.77731037922481 8.012347854492262
6.777310480214604 8.012347854492262
6.77731037922481 8.012347973885548
10.435800704915536 0.6020958132766365
8.00144979943551 6.34801409785546
8.001449918666404 6.34801409785546
8.00144979943551 6.348014192448241
9.79836544079287 2.627101458162945
8.489714143050833 5.437668573259145
8.489714269557432 5.437668573259145
8.489714143050833 5.437668654286721
9.410057643916112 3.5879410219669
8.72671982338787 4.978744757863128
8.726719953426128 4.978744757863128
8.72671982338787 4.978744832052206
9.196176053257807 4.058558965952089
9.196176190291508 4.058558965952089
9.196176053257807 4.05855902642933
9.703766197920723 3.158846073724952
9.703766342518108 3.158846073724952
9.703766197920723 3.1588461207954266
10.256839412882648 2.2863547773269186
9.855115652786163 2.9495877818358385
9.85511579963883 2.9495877818358385
9.855115652786163 2.9495878257881216
10.130533875180769 2.5126351944505987
10.130534026137488 2.5126351944505987
10.130533875180769 2.512635231891781
10.428364828534857 2.090640545107915
10.21050524117873 2.411252241378971
10.210505393327114 2.411252241378971
10.21050524117873 2.4112522773094294
10.358492058714154 2.199602549557433
10.358492213067713 2.199602549557433
10.358492058714154 2.199602582334065
10.513923861060745 1.9933584101698976
10.51392401773042 1.9933584101698976
10.513923861060745 1.9933584398732525
10.477171511601854 2.0464408502751485
10.477171667723876 2.0464408502751485
10.477171511601854 2.0464408807694934
10.556074725786333 1.9442243870979183
10.497059919813754 2.0210130824146813
10.48230420386294 2.040212850586159
10.482304360061445 2.040212850586159
10.48230420386294 2.0402128809876996
0.16652414329648013 10.48230420386294 2.040212850586159 5.407043621813121e-05
0.036758404690961345 0.03529213366566302 0.03393739902175006 0.03268206619104737 0.03151568177839455 0.03042919504638384 0.02941473245102056 0.028465413915258572 0.027575202177071052 0.026738778526493978 0.025951439734383408 0.025209012104315438 0.024507779441391053 0.023844422395215 0.023215967148302714 0.02261974182190374 0.02205333928560247 0.021514585305137723 0.021001511159760324 0.020512330017538032 0.020045416483011426 0.019599288833161636
0.003514442957733671 0.0032440172215678124 0.003003290937742783 0.002788122634470794 0.0025950592932891675 0.00242120517255863 0.0022641185274687088 0.0021217297300382522 0.001992275925924077 0.0018742485596687463 0.0017663509809669195 0.0016674639989998443 0.0015766177416610856 0.0014929685455989613 0.0014157798830465621 0.001344406545270035 0.0012782814668051913 0.0012169047016992692 0.0011598341617609636 0.001106677804062539 0.001057087015656604 0.0010107509914478263
