4.600563644248827 10.075867582857393
4.600563712802567 10.075867582857393
4.600563644248827 10.07586773299952
5.728582929483055 16.69537552568744
5.728583014845593 16.69537552568744
5.728582929483055 16.69537577446792
8.380476854216614 14.501105045300127
8.38047697909545 14.501105045300127
8.380476854216614 14.501105261383431
10.994564389134492 8.845201377264464
10.994564552966269 8.845201377264464
10.994564389134492 8.845201509068236
12.601140169340493 5.787139926964877
12.601140357112113 5.787139926964877
12.601140169340493 5.787140013199982
13.215183740122347 4.735170210046428
13.21518393704393 4.735170210046428
13.215183740122347 4.735170280605963
13.298234109877225 4.6080253038632435
13.298234308036355 4.6080253038632435
13.298234109877225 4.6080253725281715
0.07386031471422139 13.298234109877225 4.6080253038632435 4.370169012641384e-05
0.026034522392208326 0.02494361987970986 0.02393997920202075 0.023013590745054942 0.022155910831450774 0.021359604354869322 0.020618339488332776 0.019926622644717052 0.019279664821145626 0.018673272612226 0.018103758762486263 0.017567868306771907 0.017062717231083397 0.016585741254673502 0.01613465284372505 0.015707404958298088 0.015302160337027242 0.014917265359918773 0.01455122771453024 0.014202697236712044 0.013870449412869652 0.013553371123102394
0.0019490499106455273 0.0017903862042227068 0.0016502159984072783 0.0015257916579958467 0.0014148541038527646 0.0013155328656428806 0.0012262690369487707 0.0011457553670926677 0.0010728892957202394 0.001006735849174092 0.0009464981139972392 0.0008914935782882486 0.0008411350512827733 0.0007949151803438568 0.0007523938137154847 0.0007131876288431684 0.0006769615753187063 0.0006434217796647774 0.0006123096342408969 0.0005833968503420352 0.0005564813003347397 0.0005313835085761483
