10.765554274383842 7.62004617630123
10.765554434803102 7.62004617630123
10.765554274383842 7.620046289848767
9.400552585290013 6.657170460845485
9.400552725369163 6.657170460845485
9.400552585290013 6.6571705600450555
11.223436226224791 2.7696229137055535
9.858197058624416 5.686187863290147
9.858197205523 5.686187863290147
9.858197058624416 5.686187948020949
10.814354345684826 3.7640156760715806
10.103855183240753 5.208994503118202
10.103855333799928 5.208994503118202
10.103855183240753 5.208994580738269
10.590758082456015 4.252348677608778
10.590758240270608 4.252348677608778
10.590758082456015 4.252348740973711
11.113761296165862 3.314951586095259
10.730566462914368 4.023287613590547
10.730566622812269 4.023287613590547
10.730566462914368 4.023287673542204
10.990853470541357 3.5539134655563838
10.990853634317835 3.5539134655563838
10.990853470541357 3.5539135185138213
11.264135412724967 3.0919844696505603
11.264135580573663 3.0919844696505603
11.264135412724967 3.0919845157247194
11.550479698296916 2.6380369315996335
11.33984317474874 2.9812046278776103
11.33984334372557 2.9812046278776103
11.33984317474874 2.981204672301021
11.482342041360978 2.75380755817402
11.482342212461207 2.75380755817402
11.482342041360978 2.75380759920895
11.630222196118389 2.5298727146938775
11.630222369422205 2.5298727146938775
11.630222196118389 2.5298727523919187
11.782897684828082 2.3091793766820374
11.669985560964028 2.475837222102206
11.669985734860363 2.475837222102206
11.669985560964028 2.4758372589950555
11.74599799150847 2.3652662088274123
11.745998166537479 2.3652662088274123
11.74599799150847 2.3652662440726253
11.765934629014327 2.338288988884875
11.765934804340414 2.338288988884875
11.765934629014327 2.338289023728096
0.14157791911716244 11.765934629014327 2.338288988884875 4.013895481266525e-05
0.03196132944190497 0.030657579850134852 0.029455237940479665 0.02834301193152531 0.02731121265807581 0.02635148134769653 0.025456570605958666 0.024620166958314364 0.023836746100943555 0.023101454086116413 0.022410009213860126 0.02175862056466831 0.021143919989674256 0.02056290504825037 0.020012890901269984 0.01949146956982605 0.018996475282380694 0.018525954879108318 0.0180781424362533 0.017651437427416827 0.017244385861719086 0.016855663937528565
0.002863505852234124 0.002637329591122159 0.002436678179523536 0.0022578886786911744 0.0020979257016111273 0.0019542580090063486 0.0018247622236327156 0.0017076471298981043 0.001601393726569563 0.0015047074278845339 0.0014164797022227069 0.0013357570938510638 0.0012617160591302755 0.0011936424110397634 0.0011309144382976248 0.0010729889715523845 0.0010193898262691814 0.0009696981724787617 0.0009235444746091521 0.0008806017168812155 0.0008405796861902794 0.0008032201287254113
