12.758781943176611 12.320979481622565
12.758782133297277 12.320979481622565
12.758781943176611 12.320979665219467
10.209825624872426 9.869092571477582
10.209825777010684 9.869092571477582
10.209825624872426 9.869092718538521
11.712517769938964 6.374926230461099
10.587518353713232 8.996422339415746
10.58751851147955 8.996422339415746
10.587518353713232 8.996422473472885
11.360467542989264 7.258788869381913
11.360467712273422 7.258788869381913
11.360467542989264 7.258788977546296
12.188661926883873 5.5467974593947815
11.581893891150735 6.8380494545698545
11.581894063734403 6.8380494545698545
11.581893891150735 6.838049556464732
11.99329150487719 5.980753044472243
11.99329168359116 5.980753044472243
11.99329150487719 5.980753133592408
12.421734622837215 5.131846909485126
12.421734807935485 5.131846909485126
12.421734622837215 5.131846985955604
12.538088129236183 4.924543551437565
12.538088316068254 4.924543551437565
12.538088129236183 4.924543624818982
12.61487639755951 4.779336193961543
12.614876585535816 4.779336193961543
12.61487639755951 4.779336265179202
12.625183913085836 4.760495574868571
12.625184101215737 4.760495574868571
12.625183913085836 4.7604956458054835
0.07231451477319606 12.625183913085836 4.760495574868571 3.585043032862519e-05
0.027179845937173194 0.026046222583367307 0.025002839522233148 0.024039398439550132 0.02314710111829724 0.022318387560996727 0.021546726787550503 0.020826448423037346 0.02015260614079199 0.019520866182421784 0.01892741576765061 0.018368887392004193 0.01784229590077619 0.017344985902282867 0.016874587598490635 0.01642897950733327 0.016006256858015364 0.015604704680033225 0.015222774794599752 0.01485906606560336 0.014512307385156664 0.014181342962990558
0.0020877577893832766 0.0019187491853304111 0.0017693230221590738 0.0016365882814834622 0.001518164544083726 0.0014120782732852367 0.0013166826878691148 0.0012305953318247143 0.0011526490417306486 0.0010818531447589843 0.0010173625329095938 0.0009584528479322113 0.0009045004420102429 0.0008549660969317359 0.0008093817207415675 0.0007673394179972165 0.0007284824635449315 0.0006924978115226684 0.0006591098492697994 0.0006280751659453383 0.0005991781523045727 0.0005722272844952161
