5.915989176049045 3.343995239479165
5.915989264204153 3.343995239479165
5.915989176049045 3.343995289308577
4.383229306190021 9.964560115238523
4.3832293715052275 9.964560115238523
4.383229306190021 9.96456026372204
5.042704792736851 11.936612305495453
5.042704867879008 11.936612305495453
5.042704792736851 11.936612483364836
5.504940802348735 11.342729751580595
5.504940884378746 11.342729751580595
5.504940802348735 11.34272992060044
5.572705022170042 11.190235224955137
5.572705105209818 11.190235224955137
5.572705022170042 11.190235391702636
5.5745829115236205 11.185771258429718
5.574582994591379 11.185771258429718
5.5745829115236205 11.185771425110698
0.03132828844915303 5.5745829115236205 11.185771258429718 7.843073543860347e-05
0.03742403179977955 0.035978702365599434 0.03464098029236451 0.033399355478485826 0.03224389282112515 0.031165973354809567 0.03015808452224136 0.029213649091860642 0.028326884704935856 0.027492687871516548 0.02670653761326907 0.025964414994868942 0.025262735581934495 0.024598292475657223 0.02396820804824781 0.0233698928727763 0.02280101063083343 0.02225944801022969 0.021743288786602057 0.021250791427825752 0.020780369676535928 0.02033057565997221
0.004393390823839844 0.004080126650821625 0.003799188145056195 0.003546300528582174 0.003317869130193297 0.0031108541852312003 0.0029226716091959827 0.0027511137871156035 0.0025942859101814072 0.0024505544794034754 0.002318505398425041 0.002196909674414927 0.002084695193485889 0.001980923375321813 0.0018847697692301044 0.0017955078513071474 0.0017124954348385383 0.0016351632244753856 0.0015630051372832244 0.001495570086519659 0.0014324549815119402 0.0013732987427100107
