7.643472784373216 4.751168198538885
7.643472898269836 4.751168198538885
7.643472784373216 4.751168269336808
11.570935530282513 1.1886040028978884
11.570935702702888 1.1886040028978884
11.570935530282513 1.1886040206094681
5.193706203804998 7.538975769477892
10.400835605035688 3.1103566875463855
10.400835760020216 3.1103566875463855
10.400835605035688 3.110356733894312
12.099468144384915 1.6349195617154235
12.09946832468104 1.6349195617154235
12.099468144384915 1.6349195860776236
9.210014215016647 5.084575320501162
11.472709126654372 2.569125073205014
11.472709297611061 2.569125073205014
11.472709126654372 2.569125111487961
12.1853951707658 1.698696784066335
12.185395352342336 1.698696784066335
12.1853951707658 1.6986968093788894
11.488044582997494 2.58145890476663
12.046031019317716 1.9429825972880839
12.046031198817566 1.9429825972880839
12.046031019317716 1.9429826262407808
12.402376481639486 1.5077704507621572
12.139806476876524 1.838194025047595
12.139806657773738 1.838194025047595
12.139806476876524 1.8381940524388205
12.319789560295206 1.6220829079495631
12.185502804225692 1.7847574645768958
12.185502985803833 1.7847574645768958
12.185502804225692 1.7847574911718544
12.276407023876327 1.6774685827564906
12.208431583250901 1.7581083337383792
12.208431765170708 1.7581083337383792
12.208431583250901 1.7581083599362348
0.1842092940036807 12.208431583250901 1.7581083337383792 0.00011065961735995486
0.03201628096566989 0.030710293011092446 0.029505884931596744 0.02839174613296992 0.027358171233037343 0.026396787414078027 0.025500335062685855 0.02466249002887237 0.023877718644184323 0.023141158714543652 0.022448521251863907 0.021796008873067627 0.021180247678070592 0.020598230092819237 0.02004726668250806 0.019524945342265274 0.019029096586251272 0.018557763902280776 0.018109178333440404 0.01768173660250823 0.0172739822182086 0.0168845891012379
0.00285961224118443 0.002633746054162318 0.002433369108338007 0.0022548237090404205 0.002095078783383517 0.001951606667165236 0.001822286965909812 0.001705330968362113 0.001599221788342769 0.0015026666362258241 0.0014145585135818726 0.0013339452797669611 0.001260004524302354 0.0011920230407658832 0.0011293799698959936 0.001071532885483514 0.0010180062535261644 0.0009683818154804747 0.0009222905393552538 0.0008794058545428777 0.0008394379426411767 0.0008021289007822438
