10.541511029620045 8.679320906355994
10.5415111867008 8.679320906355994
10.541511029620045 8.679321035687954
7.423483796836008 6.127733827979357
7.4234839074545365 6.127733827979357
7.423483796836008 6.127733919289707
9.214278539192367 2.284885862629807
7.876056808757195 5.169308394125355
7.8760569261195865 5.169308394125355
7.876056808757195 5.169308471154052
8.824307616979647 3.2734109870339116
8.121120798716541 4.699421118633011
8.121120919730672 4.699421118633011
8.121120798716541 4.6994211886598425
8.606336693635765 3.757101014477642
8.606336821880175 3.757101014477642
8.606336693635765 3.7571010704628103
8.75051701192508 3.5347844866865334
8.750517142317944 3.5347844866865334
8.75051701192508 3.534784539358927
9.014786138999604 3.0754238012554866
9.014786273330385 3.0754238012554866
9.014786138999604 3.0754238470828725
9.29631793774531 2.6264357645112772
9.296318076271241 2.6264357645112772
9.29631793774531 2.62643580364822
9.376602437519926 2.5210434034327087
9.37660257724219 2.5210434034327087
9.376602437519926 2.5210434409991826
9.525378464532725 2.3017757667477885
9.414204229817596 2.4665054085534797
9.41420437010017 2.4665054085534797
9.414204229817596 2.4665054453072743
9.489103943817254 2.3572205353067894
9.48910408521592 2.3572205353067894
9.489103943817254 2.3572205704321125
9.565843027574228 2.2492193144714867
9.565843170116397 2.2492193144714867
9.565843027574228 2.2492193479874665
9.644065803952612 2.1422878039919606
9.644065947660392 2.1422878039919606
9.644065803952612 2.1422878359145363
9.723891060246292 2.036547182018075
9.723891205143559 2.036547182018075
9.723891060246292 2.036547212364993
9.704526627396103 2.063418926616286
9.704526772004819 2.063418926616286
9.704526627396103 2.063418957363624
9.6644302342658 2.1161500078434354
9.694544306343346 2.0766333598519546
9.702073075392608 2.066753867586516
9.702073219964763 2.066753867586516
9.702073075392608 2.0667538983835483
0.1569702142941063 9.702073075392608 2.066753867586516 0.00012144952311602868
0.0383585294513518 0.036850802718127317 0.035456155321195795 0.034162462781484014 0.03295925541247482 0.03183744836326885 0.03078912227733584 0.029807343945920595 0.02888601878213296 0.028019768778558402 0.0272038310006996 0.026433972727455405 0.02570642016255333 0.025017798268850217 0.02436507976584072 0.0237455417129496 0.02315672840210023 0.022596419521299684 0.02206260274064508 0.021553450023933496 0.021067297091128624 0.020602625555589216
0.004178653019824497 0.003862631034037706 0.0035807112250854545 0.00332822436307149 0.003101262788463731 0.002896538130470035 0.0027112686768439253 0.002543089631781594 0.002389981163347988 0.0022502103692125545 0.0021222842010353003 0.002004911069710278 0.0018969693672403105 0.0017974815303936549 0.001705592568401931 0.0016205522050620686 0.001541699961771484 0.0014684526448603922 0.001400293807456628 0.0013367648400321687 0.0012774574100066667 0.0012220070233087566
