7.7673490805146725 9.390385495019235
7.767349196257193 9.390385495019235
7.7673490805146725 9.390385634946883
12.246906503095405 0.16193945129520415
9.28344369863443 7.3219627138485075
9.283443836968521 7.3219627138485075
9.28344369863443 7.321962822954254
11.485161087933644 2.689457634662041
9.886779484083807 6.190496915343923
9.8867796314083 6.190496915343923
9.886779484083807 6.190497007589515
11.010536064467672 3.8852665926208982
11.010536228537445 3.8852665926208982
11.010536064467672 3.885266650515882
11.381981569380706 3.362690791729525
11.381981738985449 3.362690791729525
11.381981569380706 3.3626908418375225
12.042877760466665 2.2638527018375214
11.551911773082962 3.0908672578531338
11.551911945219862 3.0908672578531338
11.551911773082962 3.090867303910645
11.890114806027938 2.546187591164374
11.890114983204455 2.546187591164374
11.890114806027938 2.5461876291055257
12.259891585611625 2.022429666090131
11.990208461522963 2.4209983861406257
11.990208640190993 2.4209983861406257
11.990208461522963 2.420998422216313
12.174022110872588 2.158363944354875
12.174022292279654 2.158363944354875
12.174022110872588 2.158363976517004
12.369225932846934 1.9040810790533618
12.225684594582729 2.097096032621993
12.225684776759627 2.097096032621993
12.225684594582729 2.097096063871159
12.322696730097848 1.969504016854425
12.322696913720337 1.969504016854425
12.322696730097848 1.969504046202322
12.299125643260561 2.00190920429581
12.299125826531816 2.00190920429581
12.299125643260561 2.0019092341265816
0.16730960138275786 12.299125643260561 2.00190920429581 8.128274407479163e-05
0.031674848503319364 0.030378249113942237 0.02918286104326003 0.028077372245385937 0.027052082431262888 0.02609862818189084 0.025209762016437248 0.024379173548636102 0.02360134373360203 0.022871425324535996 0.022185144235633454 0.021538717691832764 0.020928785942790525 0.020352355002708926 0.019806748403565454 0.019289566356363762 0.018798651032197345 0.018332056923615947 0.01788802544297676 0.0174649630701269 0.017061422485957763 0.016676086227981
0.002686089437317055 0.0024730550762560696 0.0022841664115187876 0.002115942517498112 0.0019655017296487747 0.0018304432032287949 0.0017087546381772153 0.0015987398317701851 0.0014989613801537514 0.0014081950449151641 0.0013253931692227376 0.001249655164479235 0.0011802035586987527 0.0011163644480524533 0.001057551455842124 0.001003252501801531 0.0009530188358045168 0.0009064559058806176 0.000863215719738119 0.0008229904282648786 0.0007855069135261193 0.0007505222061872699
