2.650610614602896 8.582189881428842
2.6506106541000722 8.582189881428842
2.650610614602896 8.582190009313438
3.0314135662329194 16.098121540941953
3.0314136114045014 16.098121540941953
3.0314135662329194 16.09812178082266
4.603636314212377 17.402911691517595
4.603636382811904 17.402911691517595
4.603636314212377 17.402911950841187
6.07192532286588 14.342067200171478
6.071925413344618 14.342067200171478
6.07192532286588 14.342067413884934
6.628133069734334 13.071234445258245
6.628133168501213 13.071234445258245
6.628133069734334 13.071234640034817
6.675260086606026 12.980141495909942
6.675260186075152 12.980141495909942
6.675260086606026 12.980141689329123
0.026913006504620585 6.675260086606026 12.980141495909942 8.641780959051498e-05
0.031963055950184394 0.030685441822842243 0.02950579466567585 0.028413326653403608 0.027398769090840956 0.026454115518907605 0.025572414983419826 0.02474760445350553 0.023974372043436044 0.023248044656465745 0.02256449513066885 0.021920065063551302 0.021311500322388766 0.020735896880667404 0.020190655107997134 0.01967344101798101 0.019182153272552398 0.018714894972026275 0.018269949442302563 0.01784575937536007 0.017440908794754382 0.017054107410634747
0.0032813018159918816 0.0030360227758267693 0.0028171232800662887 0.002620976799659406 0.0024445553982535436 0.002285315608909211 0.00214110879395645 0.0020101101875140003 0.0018907623165740114 0.0017817295771895272 0.0016818615304967511 0.0015901630636084559 0.0015057699914517914 0.0014279289984707295 0.0013559810628418646 0.001289347691231804 0.0012275194341276158 0.0011700462612817793 0.001116529461808889 0.0010666147998428792 0.001019986708794245 0.0009763633484197944
