8.739560485559632 5.388784397520523
8.739560615789232 5.388784397520523
8.739560485559632 5.3887844778196685
8.42609997459364 5.209977155568768
8.426100100152315 5.209977155568768
8.42609997459364 5.209977233203477
6.581463756401691 8.921444064617054
7.964678083034435 6.137828374951062
7.964678201717387 6.137828374951062
7.964678083034435 6.137828466411832
7.175322970935068 7.847103600191447
7.175323077855712 7.847103600191447
7.175322970935068 7.847103717122403
7.018943655347016 8.291051193038662
7.018943759937427 8.291051193038662
7.018943655347016 8.291051316584952
6.812668914194334 8.785182435448391
6.812669015711012 8.785182435448391
6.812668914194334 8.785182566357811
6.81515191793238 8.784722367993277
6.8151520194860575 8.784722367993277
6.81515191793238 8.78472249889584
0.04088527101895956 6.81515191793238 8.784722367993277 7.423208023915773e-05
0.03698928182448872 0.035536325623674 0.03419275698898822 0.03294676958861379 0.03178818378501972 0.030708177967394133 0.029699071030203132 0.028754145069759433 0.02786749994170705 0.027033933236806862 0.02624884067031173 0.025508132969023097 0.0248081661709908 0.024145682891537585 0.023517762603743008 0.022921779366854432 0.022355365738293106 0.021816381843369995 0.021302888766053307 0.020813125575130837 0.020345489421242945 0.01989851823792555
0.0038886699504233034 0.003600704067946317 0.003343360136270877 0.003112485169442033 0.0029046007291454847 0.0027167767183211974 0.002546531668298399 0.0023917533960759077 0.0022506354447158388 0.0021216258422958076 0.002003385542133588 0.0018947545217676632 0.0017947239786473015 0.0017024134079837304 0.0016170516123403154 0.0015379608946725647 0.001464543842230601 0.001396272229422274 0.0013326776618381077 0.0012733436574341585 0.001217898919054992 0.0011660115985982467
