2.5761988857429916 8.132996941472665
2.5761989241313463 8.132996941472665
2.5761988857429916 8.132997062663764
3.1563191142695257 15.107776383561486
3.1563191613023456 15.107776383561486
3.1563191142695257 15.107776608684897
5.230212711934989 15.072602323526523
5.230212789871231 15.072602323526523
5.230212711934989 15.072602548125799
7.8937816636343126 8.983937719528804
7.8937817812608255 8.983937719528804
7.8937816636343126 8.983937853399908
10.50277563601305 3.626602370024333
10.502775792516603 3.626602370024333
10.50277563601305 3.6266024240649197
11.48238089072906 2.5042758713539577
11.482381061829868 2.5042758713539577
11.48238089072906 2.504275908670576
13.201448942937503 0.07080552417157282
11.942985120416605 1.9189088499347686
11.942985298380952 1.9189088499347686
11.942985120416605 1.9189088785287387
12.427719643420469 1.353361992124165
12.0776536933291 1.7903007208938189
12.077653873300164 1.7903007208938189
12.0776536933291 1.7903007475713786
11.839452479793833 2.076592326452091
12.019237072983042 1.8628018747727049
12.01923725208363 1.8628018747727049
12.019237072983042 1.862801902530616
12.137623475691365 1.7190648404374824
12.049214145703626 1.827184395598693
12.049214325250908 1.827184395598693
12.049214145703626 1.8271844228258622
12.10874637714216 1.7555964617943542
12.064184830424074 1.8093606466411205
12.064185010194436 1.8093606466411205
12.064184830424074 1.8093606736026953
0.1787278704153461 12.064184830424074 1.8093606466411205 8.245490322826308e-05
0.03219249262601229 0.030880999576447764 0.029671381836620322 0.028552311399124414 0.027514065647085306 0.026548255081085048 0.025647604178450415 0.02480577376913183 0.024017216103199703 0.02327705584943334 0.02258099180509678 0.021925215256339576 0.021306341808050678 0.020721354174093536 0.020167553936237946 0.019642520681136384 0.01914407723757738 0.01867025998189216 0.018219293373396374 0.017789568035848167 0.017379621823974546 0.01698812341292142
0.002914140873990949 0.0026843101444627955 0.0024803754293340466 0.0022986268462639524 0.00213598895610728 0.0019898962429576905 0.0018581959025210338 0.0017390713739469175 0.0016309817555361307 0.0015326134766577041 0.0014428414959549707 0.001360697955637456 0.0012853467103585523 0.00121606251399226 0.0011522139219669201 0.0010932491745877357 0.0010386844852062823 0.0009880942786820589 0.0009411030194784563 0.0008973783416843386 0.0008566252502528143 0.0008185812075339387
