6.2934948767011 7.267305103308869
6.293494970481482 7.267305103308869
6.2934948767011 7.267305211600154
11.373253158042175 0.3104958227706449
8.440974972116656 7.1063688971315475
8.440975097896985 7.1063688971315475
8.440974972116656 7.106369003024696
10.667435240720968 3.4194786678210214
10.66743539967814 3.4194786678210214
10.667435240720968 3.419478718775224
12.815474848735253 0.15151781993840263
11.321773948492865 2.6930535190154856
11.321774117200444 2.6930535190154856
11.321773948492865 2.69305355914511
12.413540122588735 1.070876837416644
11.60841461301636 2.2970733556638794
11.608414785995217 2.2970733556638794
11.60841461301636 2.29707338989294
12.185005506404202 1.5075193151017716
11.757984194617839 2.1037608357869533
11.757984369825456 2.1037608357869533
11.757984194617839 2.1037608671354326
12.054987046400278 1.7154922865075481
11.833977828182906 2.0080520839510814
11.833978004522917 2.0080520839510814
11.833977828182906 2.008052113873389
11.984783181089117 1.8157020498558358
11.872186285129233 1.9603665180230019
11.872186462038595 1.9603665180230019
11.872186285129233 1.9603665472347394
11.94817620669717 1.864654818944462
11.891323499635844 1.9365502029017845
11.891323676830371 1.9365502029017845
11.891323499635844 1.9365502317586312
0.172870655742406 11.891323499635844 1.9365502029017845 9.403433273937277e-05
0.032840320031038074 0.03150364087114079 0.030270698758073897 0.029129969681363485 0.028071561172125108 0.02708693588112733 0.026168689041081564 0.02531036804601035 0.02450632520451341 0.02375159681358651 0.0230418032598009 0.022373066029103973 0.021741938397642005 0.02114534725729114 0.020580544054189066 0.020045063225293144 0.019536686835402692 0.01905341436633582 0.0185934368068519 0.01815511434833919 0.017736957116242704 0.017337608467541243
0.002870933719926136 0.002644745743694716 0.0024440155116384633 0.002265100154773557 0.0021049790237178062 0.0019611317251048304 0.0018314428697086306 0.001714127119801977 0.0016076697865734324 0.0015107794306954575 0.0014223497957384134 0.0013414290486216253 0.0012671947789381882 0.0011989335657004614 0.0011360241884102802 0.0010779237626720023 0.0010241562356456753 0.0009743027956937665 0.0009279938425454821 0.0008849022357747163 0.0008447375952488227 0.0008072414711063221
