13.626917489705793 8.769372352364957
13.626917692762687 8.769372352364957
13.626917489705793 8.769372483038788
9.61960570232866 6.20445225630988
9.619605845671954 6.20445225630988
9.61960570232866 6.204452348763423
11.679441969365872 1.9378785591901382
10.147310795439024 5.144056872642722
10.147310946645739 5.144056872642722
10.147310795439024 5.144056949295142
11.23007533038807 3.0371005129035047
10.426660046319293 4.621857911726538
10.426660201688636 4.621857911726538
10.426660046319293 4.621857980597588
10.980900009273748 3.575087116154994
10.98090017290191 3.575087116154994
10.980900009273748 3.5750871694279436
11.590748003256488 2.559707158093744
11.146781870653127 3.329801267087748
11.146782036753121 3.329801267087748
11.146781870653127 3.3298013167056535
11.450623732569564 2.821462913531318
11.450623903197155 2.821462913531318
11.450623732569564 2.8214629555743915
11.777634325066337 2.32771010984893
11.777634500566766 2.32771010984893
11.777634325066337 2.327710144534514
11.873426047029504 2.214818874913868
11.87342622395734 2.214818874913868
11.873426047029504 2.214818907917241
12.048820218649222 1.9762422116603975
11.917853650091413 2.1556047776343226
11.91785382768127 2.1556047776343226
11.917853650091413 2.155604809755337
12.006340085943338 2.036900794583816
12.006340264851746 2.036900794583816
12.006340085943338 2.0369008249360028
12.097625097740112 1.92033522701305
12.029895984954429 2.00834996395853
12.029896164213849 2.00834996395853
12.029895984954429 2.0083499938852762
0.15998278255661447 12.029895984954429 2.00834996395853 9.049227362426982e-05
0.031618889956068895 0.030328726899946135 0.02913894366208963 0.028038359642788085 0.02701738154802154 0.02606773368652988 0.02518224099858261 0.024354653265429346 0.02357950172931133 0.022851981409528755 0.022167853933041194 0.02152336685094839 0.02091518628616816 0.02034034042522283 0.019796171880705007 0.019280297348949746 0.01879057329778884 0.01832506666281471 0.01788202972286269 0.017459878478093792 0.017057173975951953 0.016672606128094646
0.0028964075624850604 0.002667549664193239 0.002464528797216795 0.0022836358080762166 0.002121797261878686 0.0019764503824036463 0.001845445485476455 0.001726969279638304 0.0016194841337669893 0.0015216796566438148 0.0014324338401246652 0.0013507816832535244 0.0012758897073710505 0.0012070351397970001 0.001143588819853115 0.0010850010900240292 0.0010307900943399987 0.0009805320282413028 0.00093385297848553 0.0008904220648846248 0.0008499456528481267 0.000812162450622912
