14.42802222517668 4.699863531028909
14.428022440170965 4.699863531028909
14.42802222517668 4.699863601062334
10.890468782037114 3.5598223602766286
10.890468944317746 3.5598223602766286
10.890468782037114 3.5598224133221152
12.950979518335217 0.05219794645603004
11.426147315216129 2.6953170946662586
11.426147485478992 2.6953170946662586
11.426147315216129 2.695317134829613
12.003775833070621 1.8582590676824058
11.585652961856846 2.4973196161134203
11.585653134496528 2.4973196161134203
11.585652961856846 2.4973196533263824
11.873739482530866 2.0782893452496594
11.659024770682679 2.3935032355392827
11.659024944415686 2.3935032355392827
11.659024770682679 2.3935032712052604
11.80503162534792 2.185351725301384
11.69594540429685 2.3417617375420243
11.695945578580018 2.3417617375420243
11.69594540429685 2.3417617724369935
11.769431223481327 2.238026027274657
11.769431398859519 2.238026027274657
11.769431223481327 2.2380260606238433
11.844709233946311 2.135583436784556
11.844709410446233 2.135583436784556
11.844709233946311 2.135583468607229
11.921433978350041 2.0342198496239243
11.92143415599325 2.0342198496239243
11.921433978350041 2.0342198799361624
11.999721852923651 1.9340586200955505
11.941550342170494 2.0096147514324674
11.941550520113461 2.0096147514324674
11.941550342170494 2.009614781378061
0.1589362190787318 11.941550342170494 2.0096147514324674 4.646716613636901e-05
0.0317293133337093 0.03043606981651969 0.029243333221392952 0.028139921930578304 0.027116239829170535 0.026164007252624445 0.02527604446913108 0.024446096204684076 0.023668688481510106 0.022939011083841977 0.02225282048953127 0.02160635925300071 0.020996288694909007 0.020419632418614744 0.01987372868514855 0.019356190074907992 0.01886486917360187 0.018397829262777502 0.017953319187008283 0.017529751722103804 0.01712568489031456 0.016739805766123612
0.0029485044409740535 0.0027158291655099333 0.002509386376964487 0.00232541555820602 0.002160799734789187 0.0020129390781518557 0.0018796522496032104 0.0017590988110575646 0.0016497177635160102 0.0015501785273123565 0.001459341590990159 0.0013762267263107593 0.0012999871635546484 0.0012298884919452855 0.0011652913287095007 0.0011056370113061314 0.001050435728223351 0.000999256627184279 0.000951719534912276 0.0009074879966434438 0.0008662634014152826 0.0008277800046002149
