8.296767423005363 13.028241569190115
8.296767546636833 13.028241569190115
8.296767423005363 13.028241763326042
7.4357329000821295 11.64919130733763
7.435733010883184 11.64919130733763
7.4357329000821295 11.649191480924106
8.748250943959494 8.234542181991321
7.763370861910914 10.793341906813183
7.763370977594155 10.793341906813183
7.763370861910914 10.79334206764651
8.073527629028199 10.027975580101158
8.073527749333135 10.027975580101158
8.073527629028199 10.027975729529638
8.701720703819376 8.500459688924371
8.701720833485119 8.500459688924371
8.701720703819376 8.50045981559109
9.898903563533013 5.780435907766291
9.012672140290185 7.82570401850704
9.012672274589466 7.82570401850704
9.012672140290185 7.825704135119118
9.620838655158607 6.469946837959136
9.620838798520275 6.469946837959136
9.620838655158607 6.469946934368857
10.271034697242897 5.133837130909475
10.27103485029324 5.133837130909475
10.271034697242897 5.133837207409609
10.438840866698927 4.848106783256155
10.438841022249777 4.848106783256155
10.438840866698927 4.848106855498576
10.438732096437649 4.8510538102948955
10.43873225198688 4.8510538102948955
10.438732096437649 4.851053882581231
0.07078564625854333 10.438732096437649 4.8510538102948955 5.808527484400704e-05
0.03155123812859854 0.030263770928522973 0.029076519824039443 0.02797831373649718 0.02695956933176127 0.026012020838244016 0.025128502790104944 0.02430277407559952 0.023529374475666956 0.02280350694905515 0.0221209404633845 0.021477929331034255 0.02087114588704491 0.020297624016688248 0.019754711555908626 0.019240029987046985 0.018751440163436058 0.01828701304055151 0.01784500458404134 0.017423834177859178 0.01702206597776439 0.016638392753366243
0.0028300517435091016 0.0026069163332914226 0.0024089284086000256 0.00223248254785103 0.00207459075869147 0.0019327610477048102 0.0018049026954985905 0.0016892517941646005 0.0015843122851432203 0.0014888089474594168 0.0014016496679233187 0.0013218949717634933 0.0012487332707091451 0.0011814606423531896 0.0011194642226855106 0.0010622084965176998 0.0010092239250590377 0.0009600974684261663 0.0009144646523457871 0.0008720028993412233 0.0008324259001710495 0.0007954788448588112
