11.00566378354698 12.605622447368747
11.00566394754415 12.605622447368747
11.00566378354698 12.605622635207158
8.161296512945079 9.358337337565573
8.161296634557873 9.358337337565573
8.161296512945079 9.358337477015665
10.030381569491254 4.867456978850264
8.630297970758846 8.236338912154576
8.630298099360308 8.236338912154576
8.630297970758846 8.236339034885589
9.60857036548313 6.009602632766016
9.608570508661986 6.009602632766016
9.60857036548313 6.009602722316073
9.910742888563094 5.481964049254975
9.910743036244671 5.481964049254975
9.910742888563094 5.481964130942605
10.453629849500029 4.393792839517804
10.453630005271252 4.393792839517804
10.453629849500029 4.39379290499042
11.040089655463929 3.3284723572004014
10.611152902491279 4.133765600743041
10.611153060609778 4.133765600743041
10.611152902491279 4.133765662340948
10.903013296422627 3.600353734575547
10.903013458890186 3.600353734575547
10.903013296422627 3.6003537882249987
11.211027275680351 3.076103701579963
11.211027442737675 3.076103701579963
11.211027275680351 3.0761037474174797
11.535890998369279 2.562124839957483
11.29746026299306 2.9510586777432297
11.297460431338337 2.9510586777432297
11.29746026299306 2.951058721717431
11.459108545119337 2.693575649148847
11.459108715873361 2.693575649148847
11.459108545119337 2.693575689286252
11.627906475493917 2.4407220633926414
11.627906648763226 2.4407220633926414
11.627906475493917 2.4407220997622345
11.803268661483724 2.192375972516644
11.673887173371773 2.380203427889208
11.673887347326247 2.380203427889208
11.673887173371773 2.380203463357003
11.761146440307384 2.255733593728525
11.761146615562122 2.255733593728525
11.761146440307384 2.255733627341575
11.850932480645259 2.133073957977503
11.850932657237914 2.133073957977503
11.850932480645259 2.133073989762782
11.874614001774548 2.1033524504091434
11.874614178720085 2.1033524504091434
11.874614001774548 2.1033524817515374
0.14876010007728446 11.874614001774548 2.1033524504091434 8.403024955235866e-05
0.03130587820773801 0.030029831401398914 0.02885296020217079 0.027764230479185914 0.02675417278743528 0.025814616830268478 0.024938477774101263 0.024119583071633137 0.023352531177248 0.02263257555527807 0.021955528886668234 0.02131768351176047 0.020715745005530577 0.020146776437705717 0.019608151375170836 0.019097514075421936 0.01861274562511007 0.01815193501736187 0.017713354350804938 0.017295437483522042 0.01689676159517844 0.016516031206909476
0.00299891941430667 0.0027622522453335844 0.0025522692802676717 0.0023651449867451986 0.002197708549647055 0.0020473152692470366 0.0019117461865250376 0.0017891291439624186 0.0016778762559384415 0.0015766340380203052 0.0014842433733996518 0.0013997071771741246 0.0013221641245677585 0.001250867186357653 0.00118516599834413 0.0011244923064127068 0.001068347892417165 0.0010162945117074148 0.0009679454700999919 0.0009229585434150639 0.0008810300015520576 0.0008418895453059945
