4.048338921916523 14.466122971246508
4.048338982241474 14.466122971246508
4.048338921916523 14.466123186808538
5.662059682486237 17.86160765817356
5.6620597668575 17.86160765817356
5.662059682486237 17.861607924332255
7.849651304652969 14.004729690039534
7.849651421621888 14.004729690039534
7.849651304652969 14.00472989872627
9.494564632691388 10.203603433026547
9.494564774171426 10.203603433026547
9.494564632691388 10.203603585072086
10.247385794449297 8.664715016344507
10.247385947147244 8.664715016344507
10.247385794449297 8.664715145458823
10.41907341932728 8.321700826123264
10.419073574583573 8.321700826123264
10.41907341932728 8.321700950126269
10.434519482440475 8.28962153328984
10.434519637926932 8.28962153328984
10.434519482440475 8.289621656814827
0.04239643723201769 10.434519482440475 8.28962153328984 7.75544257548556e-05
0.028103561837340474 0.026939844945247645 0.025868128527587304 0.024877984312494848 0.0239604930618508 0.023107982801663506 0.0223138193897492 0.02157223767780579 0.020878204425386085 0.02022730624637521 0.01961565743789353 0.019039823712240948 0.01849675873345239 0.01798375102843674 0.01749837935377438 0.017038474992972886 0.01660208976442152 0.016187468758823195 0.01579302701236255 0.015417329470108777 0.015059073712047823 0.014717075008413712
0.002276743292365622 0.0020949339000882 0.0019339040772701076 0.0017906279041436932 0.0016626066541900932 0.0015477631230431774 0.00144435968600786 0.0013509342278353023 0.0012662496544878213 0.001189253813921957 0.001119047458042619 0.001054858463686491 0.0009960209604332956 0.0009419583313577348 0.0008921692904313853 0.0008462164190105929 0.000803716679286387 0.0007643335259334155 0.000727770316607362 0.000693764783344674 0.0006620843746905062 0.0006325223157653523
