4.164143198510017 1.4460485967624517
4.164143260560586 1.4460485967624517
4.164143198510017 1.446048618310255
8.37698507099864 0.14870188932359096
8.376985195825444 0.14870188932359096
8.37698507099864 0.14870190422475216
10.17121058187963 0.3474915905544943
10.171210733442477 0.3474915905544943
10.17121058187963 0.3474916054556555
12.211480370232058 0.24241272675101594
12.211480552197296 0.24241272675101594
12.211480370232058 0.24241274165217713
13.482042727028094 0.06051603849506165
12.531684659464842 0.26321314474025537
12.531684846201495 0.26321314474025537
12.531684659464842 0.26321315964141656
13.158966045088036 0.12767038330667194
12.689110091083696 0.23226004251257512
12.68911028016617 0.23226004251257512
12.689110091083696 0.23226005741373631
13.003579263398048 0.16844324303527664
13.00357945716648 0.16844324303527664
13.003579263398048 0.16844325793643783
13.32070364792039 0.11949869305343475
13.083320409755546 0.15969310920389
13.083320604712211 0.15969310920389
13.083320409755546 0.15969312410505118
13.241716556513836 0.13416818510946782
13.241716753830788 0.13416818510946782
13.241716556513836 0.134168200010629
13.560089857046806 0.09414462030894605
13.321464276581734 0.12547816736224898
13.321464475087021 0.12547816736224898
13.321464276581734 0.12547818226341018
13.480880081188742 0.1073822479492941
13.480880282069508 0.1073822479492941
13.480880081188742 0.1073822628504553
13.641029115778242 0.0977309382997721
13.641029319045415 0.0977309382997721
13.641029115778242 0.0977309532009333
13.961538554573218 0.08233146184996222
13.721197201425229 0.0948511278594154
13.721197405887 0.0948511278594154
13.721197201425229 0.09485114276057659
13.881479513930417 0.08774892004148448
13.88147972078058 0.08774892004148448
13.881479513930417 0.08774893494264567
14.041871609871267 0.08384550902024245
14.04187181911146 0.08384550902024245
14.041871609871267 0.08384552392140364
14.3626694597608 0.07662167777556841
14.12207760440995 0.08235765669702674
14.122077814845305 0.08235765669702674
14.12207760440995 0.08235767159818794
14.282481927212594 0.07899398546972884
14.282482140038159 0.07899398546972884
14.282481927212594 0.07899400037089004
14.442904831234392 0.07668034696893025
14.442905046450445 0.07668034696893025
14.442904831234392 0.07668036187009145
14.763756166374133 0.07245364960042606
14.523119507847815 0.07577430045860734
14.523119724259159 0.07577430045860734
14.523119507847815 0.07577431535976853
14.683546509096534 0.07376474124242331
14.683546727898428 0.07376474124242331
14.683546509096534 0.0737647561435845
14.843978626710612 0.07221661470939515
14.84397884790313 0.07221661470939515
14.843978626710612 0.07221662961055635
15.164845108518726 0.0693626554100576
14.924195933511069 0.07158498653051595
14.924196155898917 0.07158498653051595
14.924195933511069 0.07158500143167715
15.084629664626588 0.07021422825390165
14.96430450318243 0.07125871205051793
14.964304726167942 0.07125871205051793
14.96430450318243 0.07125872695167912
15.044521518298188 0.07059106664081206
14.984358797861164 0.07109678932782172
14.98435902114551 0.07109678932782172
14.984358797861164 0.07109680422898292
15.021837255896731 0.07078880636902396
14.993728424848213 0.07102132733252232
14.993728648272176 0.07102132733252232
14.993728424848213 0.07102134223368352
15.01067619107125 0.07088281681213113
14.997965370285133 0.07098717789263241
14.997965593772232 0.07098717789263241
14.997965370285133 0.0709871927937936
15.005658251224679 0.0709244502881776
14.999888591858875 0.07097166105677617
14.999888815374632 0.07097166105677617
14.999888591858875 0.07097167595793737
15.003391014810813 0.07094313214994244
15.000764198118679 0.07096459318288936
15.000764421647485 0.07096459318288936
15.000764198118679 0.07096460808405056
0.993905021956095 15.000764198118679 0.07096459318288936 0.0001304983183290328
0.03913400599634888 0.03753924739608987 0.03606834008281928 0.034707521770889475 0.033444978188030376 0.032270513295664494 0.031175283701531175 0.030151583277289604 0.02919266734032335 0.02829260823898247 0.02744617603415512 0.026648739366783417 0.025896182661623496 0.025184836629027596 0.024511419651708388 0.02387298812845456 0.02326689422533687 0.022690749782421745 0.02214239535898442 0.021619873586997657 0.021121406151874803 0.020645373839288158
0.0036652977307595354 0.0033716032838530985 0.003111551111031688 0.0028802380269901343 0.002673614372655705 0.0024883134357882868 0.002321518970437999 0.002170861488216782 0.0020343364609312978 0.0019102393439634933 0.0017971136112310993 0.0016937089284825273 0.0015989472809668764 0.0015118953832393275 0.0014317420816818188 0.0013577797488209084 0.0012893888874843556 0.001226025330144749 0.0011672095474683673 0.0011125176796597815 0.001061573981708099 0.001014044434331726
