12.154528654627123 9.876011384422585
12.154528835743713 9.876011384422585
12.154528654627123 9.876011531586622
8.859230969264207 7.211023136802336
8.859231101277036 7.211023136802336
8.859230969264207 7.211023244254954
10.814122804115897 2.9379455129092875
9.354264247498405 6.145663241014869
9.354264386887804 6.145663241014869
9.354264247498405 6.145663332592388
10.379131760181668 4.031462399587372
9.61787295139842 5.62076052168866
9.617873094715895 5.62076052168866
9.61787295139842 5.620760605444518
10.139999104764708 4.568413652028992
10.13999925586247 4.568413652028992
10.139999104764708 4.568413720103661
10.701380296529614 3.536473338035884
10.701380455992606 3.536473338035884
10.701380296529614 3.5364733907334434
11.309025123787222 2.531079177510447
10.866784579258828 3.293791392607701
10.866784741186537 3.293791392607701
10.866784579258828 3.2937914416890175
11.169542954155409 2.790452759123367
11.169543120594568 2.790452759123367
11.169542954155409 2.790452800704353
11.256822055945042 2.6723611242109473
11.256822223684763 2.6723611242109473
11.256822055945042 2.6723611640322313
11.418982877185055 2.4274999973722062
11.41898304734116 2.4274999973722062
11.418982877185055 2.427500033544775
11.589128641070825 2.1881184558663884
11.589128813762299 2.1881184558663884
11.589128641070825 2.1881184884718943
11.766578369834377 1.9540998729638424
11.635852195166617 2.1314816440384705
11.635852368554326 2.1314816440384705
11.635852195166617 2.131481675800022
11.724100880817488 2.0141128009565556
11.724101055520205 2.0141128009565556
11.724100880817488 2.014112830969175
11.74759482226014 1.9859039467467061
11.747594997312945 1.9859039467467061
11.74759482226014 1.985903976338981
0.1681181236562903 11.74759482226014 1.9859039467467061 0.00010186121976975316
0.03302401199750006 0.03168171477935966 0.030443445027110553 0.02929766337421736 0.028234461676881668 0.027245287084443588 0.026322719809741293 0.02546029289235907 0.024652345052365316 0.02389389980899214 0.023180565590062086 0.022508452726422712 0.021874104112678764 0.021274436993968936 0.020706693861186284 0.02016840084242352 0.019657332294899316 0.019171480550227257 0.018709029962341712 0.01826833456351638 0.017847898758657263 0.01744636058824518
0.0029309297055676847 0.00270038672260267 0.0024957477829709225 0.0023133127972942394 0.0021500124732058796 0.002003284916165081 0.00187097920036755 0.001751279449166942 0.0016426446364866583 0.0015437605303574664 0.0014535010824208905 0.0013708972167100432 0.0012951114526897722 0.0012254171574886516 0.0011611814932148414 0.0011018513306499875 0.001046941557370113 0.0009960253287445173 0.0009487259033170494 0.0009047097764189 0.0008636808824283717 0.0008253756805649764
