4.723327798432471 7.8189710753421275
4.72332786881554 7.8189710753421275
4.723327798432471 7.818971191853876
6.030778258158497 8.93526046076764
6.0307783480240955 8.93526046076764
6.030778258158497 8.935260593913396
7.294563035639325 6.872860262083513
7.294563144336785 6.872860262083513
7.294563035639325 6.872860364497112
7.747363461190333 6.025771999445092
7.747363576635045 6.025771999445092
7.747363461190333 6.025772089236091
7.791460816152801 5.952905866376382
7.791460932254615 5.952905866376382
7.791460816152801 5.952905955081592
7.790405507233575 5.955316423771318
7.790405623319663 5.955316423771318
7.790405507233575 5.955316512512448
0.05918931598639543 7.790405507233575 5.955316423771318 9.195941806339279e-05
0.03783599713087061 0.03634741372467932 0.03497078127024477 0.033694048467000005 0.032506817456191425 0.03140007232167521 0.03036595889410387 0.029397604994884752 0.02848897278534715 0.027634736777516305 0.026830182488326866 0.026071121801989387 0.02535382193398067 0.02467494552888397 0.024031499919942422 0.023420793965251742 0.022840401179651332 0.022288128121747807 0.021761987186558092 0.02126017310692669 0.02078104258949492 0.020323096609976887
0.00396774382394839 0.0036697049240450564 0.003403692908147609 0.0031653314396893986 0.0029509581954593007 0.002757491105985553 0.002582322617236364 0.0024232355322830685 0.002278335593535771 0.002145997141760061 0.002024819057714929 0.0019135888404932936 0.0018112531634180533 0.0017168936164493342 0.0016297066243069474 0.0015489867442593965 0.001474112713111515 0.001404535741357077 0.0013397696526561242 0.0012793825453901366 0.0012229897150250314 0.0011702476251345794
