7.2509546660466695 9.972138009695755
7.250954774094314 9.972138009695755
7.2509546660466695 9.972138158292191
6.187714228201582 8.505746854290958
6.187714320405709 8.505746854290958
6.187714228201582 8.505746981036463
6.862826480693873 6.839610191416176
6.862826582957957 6.839610191416176
6.862826480693873 6.83961029333431
7.777459492932792 4.840744014290168
7.109335547544891 6.348453901340181
7.109335653482246 6.348453901340181
7.109335547544891 6.348453995939516
7.567789272638896 5.349541959659973
7.567789385407743 5.349541959659973
7.567789272638896 5.34954203937436
8.038069648108701 4.408890700716416
8.038069767885272 4.408890700716416
8.038069648108701 4.408890766414007
8.10983532970069 4.302290843891716
8.109835450546655 4.302290843891716
8.10983532970069 4.302290908000845
8.107551025376475 4.307199429820406
8.1075511461884 4.307199429820406
8.107551025376475 4.3071994940026785
0.07779848821093016 8.107551025376475 4.307199429820406 7.008921190345733e-05
0.03890258636534691 0.03738435132879081 0.035979323473200917 0.03467543019972234 0.03346223840320053 0.03233068823373007 0.031272876569761576 0.030281879810077857 0.02935160797863638 0.028476683929410673 0.027652342796050285 0.026874347866796645 0.02613891986065199 0.02544267719609172 0.024782585322568995 0.024155913560207867 0.023560198188660824 0.022993210760319027 0.02245293079966047 0.02193752219995852 0.021445312748850136 0.020974776311535184
0.004419764757612151 0.004089330787570608 0.0037941886598848945 0.003529552304786549 0.0032914094134312856 0.003076378035716592 0.002881592849348682 0.002704614374601162 0.0025433560558813387 0.0023960253471069044 0.0022610758423886462 0.002137168171191763 0.0020231378883932886 0.0019179689779038295 0.0018207718852537441 0.0017307652227262211 0.0016472604671283237 0.0015696491076069787 0.0014973918083297211 0.0014300092353163728 0.0013670742634685872 0.0013082053328700846
