10.877567883370068 10.341893742042434
10.87756804545846 10.341893742042434
10.877567883370068 10.34189389614866
9.768902014615716 9.312795092947368
9.7689021601837 9.312795092947368
9.768902014615716 9.312795231718829
7.794924477747423 13.881255210256299
9.27375090974092 10.454836718526323
9.273751047930578 10.454836718526323
9.27375090974092 10.45483687431553
8.397856861155844 12.587964879095074
8.397856986293663 12.587964879095074
8.397856861155844 12.587965066670368
6.984890558327871 16.324987824454688
8.064326018664161 13.529437432491488
8.064326138831984 13.529437432491488
8.064326018664161 13.529437634095816
7.3684508026849995 15.401925416579465
7.368450912483473 15.401925416579465
7.3684508026849995 15.401925646086038
7.223242392833833 15.875428596301736
7.223242500468532 15.875428596301736
7.223242392833833 15.875428832864056
7.227069451853606 15.867919215608065
7.227069559545333 15.867919215608065
7.227069451853606 15.867919452058487
0.022131232278084445 7.227069451853606 15.867919215608065 6.927831476309583e-05
0.028244528950800863 0.027094224312707287 0.026033692828139037 0.025052869489691487 0.024143132938033555 0.023297056691181612 0.022508209896803247 0.021770996517865394 0.02108052460226988 0.02043249929091259 0.019823134698787943 0.019249080907641714 0.01870736313934078 0.018195330809511138 0.017710614643218527 0.017251090406144177 0.01681484809323794 0.01640016564233174 0.016005486417574863 0.015629399847930305 0.01527062471771563 0.014927994695614176
0.0026332474689629492 0.0024321255777637095 0.0022530776768840675 0.0020930077615906274 0.0019493411264221868 0.0018199229846202545 0.0017029392736845205 0.0015968542846851452 0.001500361164529665 0.0014123423516438167 0.0013318377377212795 0.0012580188836298623 0.0011901680127792845 0.001127660799548899 0.0010699521913394526 0.0010165646700238263 0.0009670784860456121 0.0009211234962788023 0.0008783723123965688 0.0008385345253227646 0.0008013518173683789 0.0007665938098793796
