9.41983359539916 12.186011028300076
9.419833735765618 12.186011028300076
9.41983359539916 12.186011209885791
7.7275703365945185 10.0230841255135
7.72757045174429 10.0230841255135
7.7275703365945185 10.023084274869094
6.717546773164215 12.488443450133154
6.717546873263462 12.488443450133154
6.717546773164215 12.488443636225464
5.640885942600386 15.527575561308753
5.640886026656137 15.527575561308753
5.640885942600386 15.52757579268766
5.742487403964221 15.401080260835746
5.742487489533952 15.401080260835746
5.742487403964221 15.401080490329726
5.754817710136593 15.365906541293418
5.75481779589006 15.365906541293418
5.754817710136593 15.365906770263269
0.02380733341879715 5.754817710136593 15.365906541293418 0.00010438347001015838
0.032744893396913 0.03144912915084995 0.030252110284452776 0.02914301259022177 0.028112531640798882 0.027152626150678896 0.02625631145114586 0.025417492061189092 0.024630825012111682 0.02389160755156086 0.023195684314865194 0.022539370147934543 0.021919385595228838 0.021332802698669658 0.02077699923933214 0.020249619929950908 0.019748543359520816 0.01927185372136167 0.018817816537684065 0.018384857737977336 0.017971545563787304 0.017576574864996575
0.0033763644864541337 0.0031312797612781463 0.0029119368318185792 0.0027148670657570085 0.002537164971832809 0.002376382222903672 0.0022304441998739735 0.002097583753058502 0.0019762882419224925 0.001865256899340679 0.0017633662853463506 0.0016696421249463524 0.001583236218353578 0.0015034074072998835 0.0014295058043618523 0.001360959662331297 0.0012972643911918428 0.0012379733311176822 0.0011826899683425839 0.0011310613421193713 0.0010827724392950785 0.0010375414112598026
