3.616121342493164 3.984911434141233
3.6161213963775714 3.984911434141233
3.616121342493164 3.984911493521041
3.7131928921717123 9.365100075427625
3.713192947502598 9.365100075427625
3.7131928921717123 9.36510021497849
5.2546062980187545 10.533194701989931
5.25460637631849 10.533194701989931
5.2546062980187545 10.533194858946763
7.113881825829171 7.1393776913170015
7.113881931834271 7.1393776913170015
7.113881825829171 7.13937779770202
8.433509961321485 4.5421855924696874
8.433510086990577 4.5421855924696874
8.433509961321485 4.542185660153527
9.30042351232551 3.059656038135827
9.30042365091262 3.059656038135827
9.30042351232551 3.0596560837282545
10.593326388161085 1.0488115803910212
9.655587930091803 2.57897780238252
9.655588073971275 2.57897780238252
9.655587930091803 2.578977840812284
10.328821478512475 1.5912886259825578
9.83047036476176 2.336667120534911
9.830470511247183 2.336667120534911
9.83047036476176 2.3366671553539646
10.178494579003146 1.8507942191750528
9.91969731177224 2.216820822925951
9.919697459587248 2.216820822925951
9.91969731177224 2.216820855959156
10.096732319122147 1.976078349178248
9.964605829438398 2.1571184710302775
9.964605977922595 2.1571184710302775
9.964605829438398 2.1571185031738476
10.053899597947593 2.037321951761926
10.053899747762372 2.037321951761926
10.053899597947593 2.037321982120389
10.146073960957189 1.9197274368934107
10.146074112145472 1.9197274368934107
10.146073960957189 1.9197274654995786
10.240599936393325 1.8040147621717826
10.240600088990156 1.8040147621717826
10.240599936393325 1.8040147890536973
10.337683298420696 1.6904392192901891
10.337683452464182 1.6904392192901891
10.337683298420696 1.6904392444796965
10.437526022977403 1.5792816128186582
10.43752617850866 1.5792816128186582
10.437526022977403 1.579281636351788
10.464222048973644 1.5531548326645768
10.464222204902704 1.5531548326645768
10.464222048973644 1.5531548558083872
10.51538553611363 1.4987173146781447
10.515385692805085 1.4987173146781447
10.51538553611363 1.498717337010773
10.567608416923694 1.4452952546210434
10.567608574393331 1.4452952546210434
10.567608416923694 1.445295276157621
10.620626206250263 1.3926619971143104
10.620626364509926 1.3926619971143104
10.620626206250263 1.3926620178665914
10.634374924238067 1.3800210175243122
10.634375082702602 1.3800210175243122
10.634374924238067 1.3800210380882278
0.23332081067056876 10.634374924238067 1.3800210175243122 9.401684081087606e-05
0.03791707225401871 0.03641659055885844 0.03502937136950636 0.03374318998195426 0.0325475015242995 0.03143316500152935 0.03039221945038232 0.02941770118991525 0.02850349370993602 0.027644203653629747 0.02683505779531541 0.026071817012780555 0.025350704095034555 0.02466834287524094 0.02402170668238208 0.023408074498809738 0.022824993520207795 0.022270247059073905 0.021741826927258626 0.02123790958848913 0.02075683549662352 0.020297091136136102
0.0038270269781949884 0.0035353386456614564 0.0032753757291235927 0.0030427586729988164 0.0028338283561419437 0.002645510303221929 0.0024752074527129918 0.0023207149068980456 0.0021801517230747107 0.0020519060054789394 0.001934590446035017 0.0018270061246985912 0.001728112877827632 0.0016370049193230088 0.0015528906856890014 0.0014750760955291086 0.0014029505830305234 0.0013359753960113267 0.0012736737512314765 0.0012156225197067706 0.0011614451778204538 0.0011108058099542077
