2.8063309122416946 4.982367607356684
2.806330954059284 4.982367607356684
2.8063309122416946 4.982367681599747
3.0519270167654966 10.695437072826468
3.0519270622427532 10.695437072826468
3.0519270167654966 10.6954372322009
4.232146879455022 13.04958848231378
4.232146942518924 13.04958848231378
4.232146879455022 13.0495886767678
5.433377539690695 11.282860737061261
5.43337762065433 11.282860737061261
5.433377539690695 11.282860905188988
5.85356117550348 10.373866319753832
5.853561262728339 10.373866319753832
5.85356117550348 10.373866474336486
5.8789957825745445 10.329830901980385
5.878995870178408 10.329830901980385
5.8789957825745445 10.32983105590686
0.03407492779578669 5.8789957825745445 10.329830901980385 0.00010870712950964715
0.037622717979579404 0.03616500185862421 0.03481597455086568 0.033564001935911296 0.03239904183244687 0.03131238253906092 0.030296430932509083 0.029344539568202554 0.02845086470598032 0.027610249030234724 0.02681812422052957 0.02607042957970204 0.025363543728814098 0.024694226995529547 0.024059572600619826 0.02345696512017735 0.02288404499376554 0.022338678079817882 0.021818929443126554 0.02132304070582651 0.020849410410948534 0.02039657694255786
0.004320603763999174 0.004009484960785279 0.0037307046225848383 0.0034799621402703414 0.0032536439202502277 0.0030486965874639976 0.002862526522147848 0.002692919691679588 0.0025379772460670464 0.0023960634479643006 0.002265763321529893 0.0021458480098139783 0.0020352462845412847 0.001933020995524401 0.001838349508430252 0.00175050738014066 0.001668854675729315 0.001592824451307769 0.001521913020946745 0.0014556716997204612 0.0013936997732745292 0.0013356384906735613
