3.800759626301593 5.611467098029421
3.8007596829373247 5.611467098029421
3.800759626301593 5.611467181646797
5.373714336384683 7.582063139131345
5.373714416459267 7.582063139131345
5.373714336384683 7.58206325211289
8.903028630778085 1.796289355349379
8.90302876344355 1.796289355349379
8.903028630778085 1.7962893821161763
10.957921560842376 0.3319354397834806
9.410366422877246 2.171176936781179
9.410366563102633 2.171176936781179
9.410366422877246 2.1711769691342364
10.221085580078327 1.2045002668638194
9.654292716071948 1.9712193237996993
9.65429285993212 1.9712193237996993
9.654292716071948 1.9712193531731563
10.047770059698188 1.4781595768555034
9.755085336752206 1.8499278628816054
9.755085482114305 1.8499278628816054
9.755085336752206 1.8499278904476786
9.956696183661494 1.6073662214180828
9.80641714284565 1.7900718823784418
9.806417288972652 1.7900718823784418
9.80641714284565 1.7900719090525916
9.908336607220647 1.6697257413653066
9.832151679268573 1.7602028881737533
9.83215182577905 1.7602028881737533
9.832151679268573 1.7602029144028202
9.806667574834483 1.7902858335231506
9.825849593055487 1.7677814868631045
9.825849739472057 1.7677814868631045
9.825849593055487 1.7677815132051014
0.18917373248500524 9.825849593055487 1.7677814868631045 0.00014019924009318804
0.03967106049093568 0.03811559235669517 0.03667651069043952 0.03534136652870317 0.03409940577377744 0.032941293403962686 0.03185888925794929 0.030845064600132883 0.029893551153605816 0.02899881615077012 0.02815595836217215 0.027360621140063088 0.02660891933957289 0.025897377619399267 0.025222878121233416 0.024582615916581688 0.023974060916406522 0.02339492518202016 0.022843134769219457 0.022316805392616233 0.02181422132180952 0.0213338170218604
0.004099027159457658 0.0037899446390105875 0.003514116080428422 0.0032670024195455586 0.0030448025727111664 0.002844316015201725 0.0026628339017086286 0.0024980522410242333 0.0023480022284220244 0.002210994013940701 0.002085571058293803 0.0019704728822640635 0.001864604508642467 0.001767011270078499 0.001676857942083839 0.001593411380104154 0.001516026009369223 0.0014441316482208697 0.0013772232487812318 0.001314852219882329 0.0012566190611925908 0.001202167088279161
