3.593351625760331 5.355469972046049
3.5933516793054427 5.355469972046049
3.593351625760331 5.355470051848771
4.013696138301451 11.791038712928078
4.013696198110184 11.791038712928078
4.013696138301451 11.791038888628247
5.680528713589799 13.982029073424458
5.680528798236272 13.982029073424458
5.680528713589799 13.982029281772927
7.89211786653803 9.972239733160066
7.89211798413975 9.972239733160066
7.89211786653803 9.972239881758018
9.5822112692043 6.402252436546627
9.582211411990375 6.402252436546627
9.5822112692043 6.402252531947623
10.505796243421985 4.711834411614974
10.505796399970547 4.711834411614974
10.505796243421985 4.711834481826778
10.79530840542638 4.235185796367501
10.79530856628901 4.235185796367501
10.79530840542638 4.235185859476688
10.795255086626309 4.243874109532042
10.795255247488145 4.243874109532042
10.795255086626309 4.243874172770695
0.08190759691391791 10.795255086626309 4.243874109532042 5.913331377350232e-05
0.03174024234056066 0.03044378702013618 0.029248333945941427 0.028142615451452156 0.02711696650062015 0.026163051797880376 0.025273646383204743 0.02444245796397536 0.0236639820724787 0.022933383232429754 0.02224639687832986 0.021599247943820458 0.020988582923167638 0.020411412887772398 0.01986506546071258 0.019347144155789878 0.018855493802018026 0.018388171021134974 0.017943418920351235 0.017519645317014502 0.01711540393514363 0.01672937811268106
0.002765055030045333 0.002546611125950666 0.002352832638680851 0.002180176819212211 0.002025708659265657 0.0018869811765776369 0.0017619420657789852 0.001648860345997493 0.001546268299696287 0.001452915196108974 0.0013677301644551005 0.0012897922215865318 0.0012183059316199687 0.001152581527595833 0.0010920185899152988 0.0010360925765382023 0.0009843436524290803 0.0009363673826620621 0.0008918069438082475 0.0008503465782567925 0.0008117060707971022 0.0007756360697181563
