8.791669230610873 12.608976151458593
8.791669361616954 12.608976151458593
8.791669230610873 12.60897633934698
13.742673865230469 0.05412182311392044
10.058438283258292 9.481861339306905
10.058438433140703 9.481861339306905
10.058438283258292 9.481861480597649
11.45161505527333 6.408978431833616
11.451615225915692 6.408978431833616
11.45161505527333 6.4089785273348365
12.986108426767712 3.4041687916128693
11.880075701485195 5.682415699017003
11.880075878512118 5.682415699017003
11.880075701485195 5.682415783691596
12.642611709044168 4.177614530271791
12.642611897433763 4.177614530271791
12.642611709044168 4.177614592523098
13.483151173143504 2.714952187291521
12.871483748115944 3.8233751024144653
12.871483939915999 3.8233751024144653
12.871483748115944 3.823375159387194
13.290910573131 3.0915601882947668
13.290910771181002 3.0915601882947668
13.290910573131 3.0915602343626034
13.746598200001253 2.381756893862013
13.413612204083211 2.9200629422788116
13.41361240396161 2.9200629422788116
13.413612204083211 2.92006298579114
13.640514189874429 2.5645584115600593
13.640514393133929 2.5645584115600593
13.640514189874429 2.5645584497749576
13.881420658436186 2.218390741315333
13.881420865285472 2.218390741315333
13.881420658436186 2.218390774371931
14.136543544961834 1.8825629650841529
13.9495522039155 2.1379243420051393
13.949552411780026 2.1379243420051393
13.9495522039155 2.1379243738626945
14.076353746058809 1.969435871956093
14.076353955812825 1.969435871956093
14.076353746058809 1.9694359013029743
14.20894125826408 1.8054616446012846
14.208941469993803 1.8054616446012846
14.20894125826408 1.8054616715047596
14.244959472003993 1.7669665084692645
14.24495968427043 1.7669665084692645
14.244959472003993 1.7669665347991172
14.176837983946369 1.8474414224000193
14.228036287783027 1.7871754827760533
14.22803649979729 1.7871754827760533
14.228036287783027 1.7871755094070432
0.18410594019897442 14.228036287783027 1.7871754827760533 6.453345900594027e-05
0.027891335793027938 0.02672955373147477 0.025660113312662353 0.02467249468395808 0.023757707341657452 0.02290802373989673 0.022116766349666857 0.02137813614093168 0.02068707343773212 0.02003914427418684 0.019430446988304675 0.018857534990066954 0.018317352542291977 0.0178071810767216 0.017324594090367573 0.01686741906944131 0.016433705200044633 0.016021695868170198 0.01562980514270026 0.01525659758612184 0.014900770857706115 0.014561140669818713
0.0021168210335917766 0.0019455187861096045 0.0017940538449348386 0.001659499854443533 0.0015394467524083328 0.001431896041377501 0.001335179838233562 0.0012478977748629169 0.0011688674215029793 0.001097085041615997 0.0010316943042670509 0.0009719611726550332 0.00091725362120392 0.0008670251538140611 0.0008208013341767054 0.0007781687178038436 0.000738765710506566 0.0007022749808662142 0.0006684171330265478 0.0006369454069015241 0.0006076412200547496 0.0005803104023278697
