5.260717955409799 14.30778825717252
5.260718033800605 14.30778825717252
5.260717955409799 14.30778847037518
7.560107618635159 9.075762627321623
7.560107731289541 9.075762627321623
7.560107618635159 9.075762762561025
9.30453715857746 5.52619839641641
9.304537297225869 5.52619839641641
9.30453715857746 5.526198478763183
10.490401989452815 3.399710854952091
10.490402145771986 3.399710854952091
10.490401989452815 3.3997109056117307
12.54766300636665 0.052146420292133566
11.052134677989567 2.5938800444689774
11.052134842679207 2.5938800444689774
11.052134677989567 2.593880083120802
12.1645394234791 0.9745643506678077
11.345258735782181 2.1997924731515828
11.34525890483971 2.1997924731515828
11.345258735782181 2.199792505931045
11.934529369049635 1.4138745198872655
11.498380239672017 2.007801622256475
11.498380411011233 2.007801622256475
11.498380239672017 2.0078016521750506
11.80248077801715 1.6221209386568811
11.576269225496295 1.9128807271253532
11.57626939799615 1.9128807271253532
11.576269225496295 1.9128807556294973
11.7308197354008 1.7220383270430601
11.615445216903849 1.865611188217698
11.615445389987471 1.865611188217698
11.615445216903849 1.8656112160174712
11.69335714613601 1.7707091243383983
11.69335732038061 1.7707091243383983
11.69335714613601 1.7707091507240205
11.77361542099612 1.6777829183375748
11.773615596436661 1.6777829183375748
11.77361542099612 1.6777829433384885
11.855738358601545 1.5865004251404493
11.855738535265814 1.5865004251404493
11.855738358601545 1.5865004487811478
11.939849180489333 1.497046302336696
11.93984935840695 1.497046302336696
11.939849180489333 1.4970463246444243
12.026058036234124 1.409612306451789
12.026058215436354 1.409612306451789
12.026058036234124 1.4096123274566492
12.048908613841572 1.389114916231745
12.048908793384301 1.389114916231745
12.048908613841572 1.3891149369311704
12.092927204223294 1.3463185225505805
12.059960023232312 1.3784641262993051
12.05996020293972 1.3784641262993051
12.059960023232312 1.3784641468400214
0.23261255174528328 12.059960023232312 1.3784641262993051 7.150816973419227e-05
0.03359548941159511 0.032234220319711286 0.03097811787011271 0.02981555461925524 0.028736541175430477 0.027732450098261727 0.02679579333396862 0.025920041559306866 0.025099476581780123 0.024329070001231228 0.023604382876809087 0.022921482303760086 0.02227687168642551 0.021667432169082436 0.02109037320695228 0.020543190663921712 0.020023631139353456 0.019529661474660412 0.019059442586668886 0.01861130693094631 0.018183739023118248 0.01777535854653698
0.003041253467041244 0.002802927409375314 0.002591275257743644 0.002402502677608354 0.002233459391305373 0.002081513756589797 0.0019444546280297792 0.0018204139975684748 0.001707805585372155 0.001605275766085316 0.0015116641031017713 0.0014259714175589746 0.0013473338046305345 0.001275001373314301 0.0012083207600133274 0.0011467206742567595 0.0010896998938737551 0.0010368172491713999 0.0009876832302392364 0.0009419529251008698 0.0008993200540325917 0.0008595119106925961
