9.518339359821578 9.848929540768633
9.518339501655888 9.848929540768633
9.518339359821578 9.84892968752912
6.919349483752407 7.1651821980825705
6.91934958685875 7.1651821980825705
6.919349483752407 7.165182304852105
8.69146407462117 3.1306891806974804
7.367575196737768 6.158857716553401
7.367575306523193 6.158857716553401
7.367575196737768 6.158857808327532
8.301226760277217 4.163193474872178
8.301226883975135 4.163193474872178
8.301226760277217 4.163193536908595
9.387008782201967 2.246044965108327
8.608149521239985 3.705812635986749
8.60814964951141 3.705812635986749
8.608149521239985 3.7058126912076603
9.150578760522933 2.7469770023784075
9.150578896877182 2.7469770023784075
9.150578760522933 2.7469770433115546
9.32395766106791 2.532992283087632
9.323957800005706 2.532992283087632
9.32395766106791 2.5329923208321583
9.633403031370822 2.077314353213208
9.402890581631125 2.4201560306578593
9.402890721745113 2.4201560306578593
9.402890581631125 2.4201560667209945
9.559973420434552 2.1939378063752137
9.559973562889258 2.1939378063752137
9.559973420434552 2.1939378390674347
9.725642978959577 1.9739303050888704
9.72564312388295 1.9739303050888704
9.725642978959577 1.973930334502724
9.899022274349438 1.7599459057176725
9.771484677965242 1.922557694827832
9.771484823571711 1.922557694827832
9.771484677965242 1.9225577234761742
9.857637644239016 1.8151328736119507
9.857637791129264 1.8151328736119507
9.857637644239016 1.8151329006595383
9.836684712382924 1.8424481854319468
9.836684858960949 1.8424481854319468
9.836684712382924 1.8424482128865642
9.88049834471985 1.7893353614230203
9.847687437628222 1.8292108163400955
9.8476875843702 1.8292108163400955
9.847687437628222 1.8292108435974608
0.1727410778828421 9.847687437628222 1.8292108163400955 8.290730334838127e-05
0.03818735054890794 0.036687667443901624 0.03530036583920913 0.03401340656735532 0.032816392131151256 0.03170029913649976 0.030657260844710384 0.029680389337783362 0.02876362920835513 0.027901636501790946 0.02708967801192607 0.026323547079386327 0.025599492845551564 0.024914160536757865 0.024264540836848137 0.023647926784659705 0.023061876931059582 0.022504183726142102 0.021972846295116456 0.021466046911815126 0.020982130599739475 0.020519587388349032
0.004263088323214037 0.003941023482079751 0.0036536755326146988 0.003396296383486048 0.0031649114796528347 0.0029561754581908448 0.0027672578483071415 0.002595751971279597 0.0024396018785777973 0.0022970434074278553 0.0021665563551968438 0.0020468254640176884 0.0019367084270033405 0.0018352095217425168 0.0017414577777705614 0.001654688815875409 0.001574229675684781 0.0014994860867345357 0.001429931746617614 0.0013650992549482804 0.0013045724190825748 0.0012479797008507888
