14.267522033153336 13.067301924471382
14.26752224575598 13.067301924471382
14.267522033153336 13.067302119189353
8.633673953510069 7.928293739950972
8.633674082161836 7.928293739950972
8.633673953510069 7.928293858091755
10.764037270334095 3.148485360105383
9.180008131133743 6.739562287112594
9.180008267926524 6.739562287112594
9.180008131133743 6.739562387539898
10.294343917506255 4.372177705419657
10.294344070903934 4.372177705419657
10.294343917506255 4.372177770570182
10.657764905775604 3.828287955160403
10.657765064588677 3.828287955160403
10.657764905775604 3.828288012206339
11.303869912834028 2.6906975981069476
10.82335421537547 3.5462367198605462
10.823354376656017 3.5462367198605462
10.82335421537547 3.5462367727035913
11.152716705979367 2.9810719430609462
11.152716872167797 2.9810719430609462
11.152716705979367 2.98107198748238
11.50746398016507 2.431485510723359
11.507464151639645 2.431485510723359
11.50746398016507 2.4314855469553165
11.891380973898004 1.9018643092266574
11.611865680903046 2.3056146857479014
11.611865853933327 2.3056146857479014
11.611865680903046 2.3056147201042374
11.802721939462703 2.040008572571745
11.802722115336966 2.040008572571745
11.802721939462703 2.0400086029702416
12.00659308682255 1.7842562039373264
12.006593265734729 1.7842562039373264
12.00659308682255 1.7842562305248157
12.06434306454648 1.7263706703634563
12.0643432443192 1.7263706703634563
12.06434306454648 1.726370696088384
12.171556772456103 1.6028862562325477
12.09139279170943 1.6957151489770663
12.091392971885222 1.6957151489770663
12.09139279170943 1.695715174245191
12.14534121993007 1.6342711743597922
12.145341400909759 1.6342711743597922
12.14534121993007 1.6342711987123304
12.132093021285737 1.649838685896503
12.132093202068011 1.649838685896503
12.132093021285737 1.6498387104810153
0.19506736356353582 12.132093021285737 1.649838685896503 0.00011931234237545202
0.03244100587078106 0.031120580033921964 0.02990262966203082 0.028775770929294234 0.027730231696731743 0.026757578455900197 0.025850496500301714 0.02500261170083687 0.02420834505114202 0.023462793212987065 0.02276162983303311 0.02210102356238295 0.021477569590634436 0.020888232179129544 0.02033029619630689 0.019801326059843707 0.01929913080381926 0.01882173423534954 0.018367349339645855 0.01793435624697405 0.017521283198425643 0.017126790046524776
0.002934346110092576 0.0027031714199956458 0.0024980146969958497 0.0023151530542918444 0.002151499467656299 0.0020044781422173035 0.00187192717469762 0.0017520219587066654 0.001643214480228322 0.001544184878927231 0.0014538025466189057 0.00137109469280925 0.0012952207952820903 0.0012254517182142303 0.0011611525545180692 0.0011017684568699626 0.0010468128803527586 0.0009958577813014271 0.0009485254109238831 0.0009044814153056836 0.0008634290104916764 0.0008251040462002707
