10.976387523852651 9.547879489264975
10.97638768741357 9.547879489264975
10.976387523852651 9.547879631539466
7.785808104617237 6.792319976180104
7.785808220634818 6.792319976180104
7.785808104617237 6.792320077393558
6.236146939372037 10.206172896047407
7.396866284140029 7.645181740879453
7.3968663943619255 7.645181740879453
7.396866284140029 7.645181854801538
7.118958383663866 8.30245858968625
7.118958489744612 8.30245858968625
7.118958383663866 8.302458713402524
6.568238796107602 9.619155428134533
6.568238893981987 9.619155428134533
6.568238796107602 9.619155571471119
6.048644769337349 10.96730746404763
6.04864485946918 10.96730746404763
6.048644769337349 10.967307627473247
6.077593777054922 10.929743319149875
6.077593867618127 10.929743319149875
6.077593777054922 10.929743482015741
6.080604701119115 10.921907500469755
6.080604791727185 10.921907500469755
6.080604701119115 10.92190766321886
0.0322626976363527 6.080604701119115 10.921907500469755 0.0001355682676082685
0.036162888934729735 0.034749517459854606 0.03344233955501063 0.032229899934893336 0.03110232308301458 0.03005105172426377 0.029068635269747848 0.028148557502471985 0.027285095313247347 0.02647320218327133 0.02570841152389646 0.024986756052720594 0.024304700199160974 0.02365908315748992 0.02304707068834175 0.022466114145689775 0.021913915500856654 0.02138839736733037 0.020887677214289968 0.02041004510357495 0.019953944402547788 0.019517955020156335
0.0040224321739942516 0.0037297846623512623 0.0034678397084933164 0.0032324772683894366 0.0030202413445091555 0.002828216339613575 0.0026539293186069496 0.002495272183954959 0.002350439280073817 0.002217877042558939 0.0020962431176114265 0.001984372977695038 0.0018812525088845158 0.001785995384279867 0.0016978242953464555 0.0016160553100511678 0.0015400847784220264 0.0014693783238087276 0.0014034615498889973 0.0013419121654626473 0.0012843532858769673 0.0012304477149786002
