9.899187011258853 6.812794287374999
9.899187158768234 6.812794287374999
9.899187011258853 6.812794388893544
12.250838923103213 4.259263118830092
12.250839105654938 4.259263118830092
12.250838923103213 4.259263182298058
14.737282035170821 0.08844506936178931
12.987262500769972 3.2942175376713942
12.987262694295264 3.2942175376713942
12.987262500769972 3.2942175867590606
14.257259943654786 1.2250058199161056
13.319609722791698 2.786326320107238
13.31960992126935 2.786326320107238
13.319609722791698 2.7863263616267355
13.986716053355039 1.7721262396597188
13.492154574651845 2.5366659201383004
13.492154775700616 2.5366659201383004
13.492154574651845 2.536665957937568
13.835370115264615 2.036055035771765
13.579873096459696 2.4128476208612217
13.579873298815574 2.4128476208612217
13.579873096459696 2.412847656815453
13.75408919427935 2.164350553521217
13.623991355808604 2.351122773611284
13.623991558821896 2.351122773611284
13.623991355808604 2.3511228086457434
13.71177066294742 2.2273475598475745
13.646090863118612 2.3202892501237504
13.646091066461212 2.3202892501237504
13.646090863118612 2.3202892846987546
0.14043883522386724 13.646090863118612 2.3202892501237504 6.364276469910667e-05
0.027747410438086758 0.02659333558903257 0.02553084768907757 0.024549529975888548 0.023640477431509346 0.022796033935029186 0.02200958205460196 0.021275373657487336 0.020588392436829278 0.019944241591965773 0.01933905147966451 0.01876940323280849 0.018232265230287245 0.01772493997491092 0.017245019450720565 0.016790347427352557 0.01635898748645121 0.015949195785067708 0.015559397759504079 0.015188168122073577 0.014834213621715588 0.014496358134102723
0.0022252954178864333 0.0020455214793446016 0.0018865279686645752 0.0017452553926421727 0.0016191829147046142 0.0015062193318953825 0.001404618747266637 0.0013129147970381062 0.0012298689439006188 0.0011544295243609954 0.001085699084175592 0.0010229081501965916 0.0009653940369008111 0.0009125836182675329 0.0008639792432340729 0.0008191471587734215 0.0007777079451451798 0.00073932857487197 0.0007037157890311566 0.0006706105477585071 0.0006397833610158849 0.0006110303440693574
