3.132916815261978 2.5312904682995265
3.1329168619460765 2.5312904682995265
3.132916815261978 2.531290506018694
3.408802951447193 6.5495595043542405
3.4088030022423155 6.5495595043542405
3.408802951447193 6.549559601950283
4.507338037299014 9.88932422508041
4.507338104463585 9.88932422508041
4.507338037299014 9.889324372442823
7.006446896722708 6.2706159030320965
7.006447001126903 6.2706159030320965
7.006446896722708 6.270615996471554
10.20517957982751 0.0856257341286657
8.02178956958944 4.856595432134301
8.02178968912342 4.856595432134301
8.02178956958944 4.856595504503213
9.628362360248008 1.7678380104250029
8.451000397760012 4.099382302396922
8.451000523689732 4.099382302396922
8.451000397760012 4.099382363482478
9.28594943806911 2.5718893447866096
8.666778264030823 3.7214427210561976
8.666778393175882 3.7214427210561976
8.666778264030823 3.7214427765100155
9.095087430888285 2.9637192118185514
9.095087566415648 2.9637192118185514
9.095087430888285 2.963719255981409
9.569130846517204 2.2337353085957385
9.224596082122181 2.7888560855320934
9.224596219579373 2.7888560855320934
9.224596082122181 2.7888561270892875
9.460365090383828 2.4230536942609238
9.460365231354253 2.4230536942609238
9.460365090383828 2.4230537303672373
9.713687570259218 2.0691806437100677
9.713687715004442 2.0691806437100677
9.713687570259218 2.069180674543262
9.78674974874674 1.9885622897549555
9.786749894580675 1.9885622897549555
9.78674974874674 1.9885623193868427
9.921246432526345 1.8175060249430945
9.820749107603508 1.9460959050810491
9.820749253944074 1.9460959050810491
9.820749107603508 1.9460959340801378
9.888504713765206 1.8609690658736937
9.88850486111541 1.8609690658736937
9.888504713765206 1.8609690936042937
9.958023980731076 1.7772763395451632
9.958024129117197 1.7772763395451632
9.958023980731076 1.7772763660286444
10.02892766493391 1.6947532004492774
9.976238352711535 1.757075492759858
9.976238501369071 1.757075492759858
9.976238352711535 1.757075518942323
9.94098742792277 1.7985088432336054
9.96745687208756 1.7674603368810873
9.96745702061424 1.7674603368810873
9.96745687208756 1.7674603632182986
0.1835103876156281 9.96745687208756 1.7674603368810873 0.00014372144552166687
0.038551383253551445 0.03703521402115092 0.035632817129116354 0.03433198730768207 0.03312218599984454 0.03199426931270062 0.030940267004445313 0.02995320179201346 0.029026940734417726 0.028156072300574018 0.02733580413244719 0.02656187758265245 0.025830495925454378 0.02513826377349634 0.02448213572514782 0.023859372652775226 0.023267504345627642 0.022704297461205097 0.02216772793015538 0.021655957112719917 0.021167311127770348 0.020700262874888815
0.004112342082212639 0.0038011438645873794 0.0035235480081334605 0.0032749507826603766 0.0030514998402756824 0.0028499537418202434 0.0026675707783061953 0.002502020400579413 0.00235131221754308 0.0022137387372868 0.0020878289269020936 0.001972310340904073 0.0018660780758158221 0.001768169193274443 0.0016777415475794795 0.001594056178943958 0.0015164626077104027 0.0014443864999259632 0.0013773192801961823 0.0013148093505818868 0.00125645463967737 0.0012018962578506998
