12.327196967888371 11.697498650538767
12.32719715157792 11.697498650538767
12.327196967888371 11.69749882484508
9.8706038493588 9.376585712870952
9.870603996442258 9.376585712870952
9.8706038493588 9.376585852592967
11.59086988620196 5.402818733999699
10.303186257745434 8.384236901994884
10.303186411274874 8.384236901994884
10.303186257745434 8.38423702692975
11.19329084812289 6.41059847812898
10.530301400989035 7.892922707886246
10.530301557902755 7.892922707886246
10.530301400989035 7.8929228254999595
10.980606096197782 6.908489173326556
10.980606259821563 6.908489173326556
10.980606096197782 6.908489276271067
11.913816278573297 4.954863424755053
11.219101222241429 6.422597209535626
11.219101389419064 6.422597209535626
11.219101222241429 6.4225973052397825
11.692054605756347 5.448842209797746
11.692054779981538 5.448842209797746
11.692054605756347 5.448842290991823
12.189855840122073 4.487552641791994
12.18985602176508 4.487552641791994
12.189855840122073 4.487552708661739
12.328665016151573 4.255227989514612
12.328665199862998 4.255227989514612
12.328665016151573 4.25522805292245
12.589196723761221 3.7807871028351614
12.394422828675188 4.136963062577003
12.39442301336648 4.136963062577003
12.394422828675188 4.136963124222556
12.525448479299207 3.9001614361375974
12.525448665942934 3.9001614361375974
12.525448479299207 3.9001614942545317
12.792143712843552 3.429157637821799
12.592867619360543 3.7828356401469505
12.592867807008894 3.7828356401469505
12.592867619360543 3.782835696515594
12.727094502660718 3.5478337780153564
12.727094692309205 3.5478337780153564
12.727094502660718 3.5478338308821993
13.001044954318182 3.081012532076557
12.796461172490238 3.431648804941335
12.79646136317237 3.431648804941335
12.796461172490238 3.4316488560768867
12.934492192404019 3.198860985355866
12.934492385142972 3.198860985355866
12.934492192404019 3.198861033022609
13.076550448182815 2.968508682630493
13.076550643038601 2.968508682630493
13.076550448182815 2.9685087268647194
13.222162592383677 2.740386270607863
13.222162789409253 2.740386270607863
13.222162592383677 2.740386311442801
13.371905665981805 2.5149539230727735
13.371905865238727 2.5149539230727735
13.371905665981805 2.514953960548507
13.52647807465329 2.2928050948442844
13.52647827621352 2.2928050948442844
13.52647807465329 2.292805129009743
13.686727795079173 2.074716217298404
13.68672799902731 2.074716217298404
13.686727795079173 2.074716248214085
13.730613182909204 2.0232211355150915
13.730613387511285 2.0232211355150915
13.730613182909204 2.023221165663436
13.813644786682811 1.916373413844334
13.813644992522159 1.916373413844334
13.813644786682811 1.9163734424005232
13.8992172890624 1.8115496107844187
13.899217496176878 1.8115496107844187
13.8992172890624 1.8115496377786113
13.986841596369931 1.7084348028258902
13.986841804790112 1.7084348028258902
13.986841596369931 1.7084348282835526
14.07668619951274 1.607248686497807
14.076686409271709 1.607248686497807
14.07668619951274 1.607248710447679
14.16891237264363 1.5082284065493055
14.168912583776878 1.5082284065493055
14.16891237264363 1.50822842902366
14.26367706827111 1.4116347457113392
14.263677280816461 1.4116347457113392
14.26367706827111 1.411634766746336
14.288940941324753 1.3891368703328757
14.288941154246565 1.3891368703328757
14.288940941324753 1.389136891032628
0.2262079479607242 14.288940941324753 1.3891368703328757 0.00012064973095850251
0.02819696998799599 0.027025546262811225 0.025946973689634886 0.024950705344400855 0.024027722843059617 0.023170270957832924 0.022371645300152274 0.021626021171879783 0.020928314620644824 0.02027406888494105 0.01965936100481325 0.019080724560865955 0.018535085397838824 0.018019707867122915 0.017532149641236113 0.017070223552861318 0.016631965221056758 0.01621560546935607 0.015819546730754634 0.015442342785024616 0.015082681293438698 0.01473936869164269
0.0022420405243996594 0.0020611609524045045 0.0019011589764128664 0.0017589656413379816 0.0016320514030128534 0.0015183171485007485 0.0014160098551453907 0.001323656774027708 0.0012400136650116938 0.0011640237806223167 0.0010947851381796667 0.0010315242314597492 0.0009735747816218713 0.0009203604586560938 0.0008713807516511513 0.0008261993517110787 0.0007844345517073486 0.0007457512739902683 0.0007098544192068681 0.0006764832926933807 0.000645406914094932 0.0006164200542952672
