11.439638649526021 2.219736588222361
11.43963881998992 2.219736588222361
11.439638649526021 2.2197366212990137
13.15086320459406 0.15538412170618
11.955733041435552 1.791938019814303
11.955733219589858 1.791938019814303
11.955733041435552 1.7919380465162602
12.833112420452762 0.7781996061960814
12.18567125217331 1.5480739626721496
12.185671433753962 1.5480739626721496
12.18567125217331 1.5480739857402492
11.732882626044638 2.0423891420273486
12.077090513074266 1.6757279398036253
12.077090693036938 1.6757279398036253
12.077090513074266 1.6757279647739174
11.857262600398023 1.9287436466906078
12.023698963755374 1.7403086734362099
12.02369914292245 1.7403086734362099
12.023698963755374 1.74030869936883
12.133347259628112 1.6135704945279474
12.051450207771696 1.7089207676547595
12.051450387352299 1.7089207676547595
12.051450207771696 1.7089207931196633
11.99653783037114 1.772213417333957
12.037799789618596 1.7248109887890037
12.037799968995792 1.7248109887890037
12.037799789618596 1.7248110144906903
0.1900340315320086 12.037799789618596 1.7248109887890037 7.771279350746434e-05
0.03274704831572789 0.0314146620029304 0.03018564038446719 0.02904850539076012 0.027993403310899237 0.027011829707686133 0.026096407931961472 0.025240709536790466 0.024439107698434895 0.023686656828205768 0.022978993110234835 0.022312251867898557 0.021682998547763305 0.021088170787467584 0.020525029555745776 0.01999111775739309 0.019484225011746542 0.019002357561248955 0.018543712462585207 0.018106655368544368 0.01768970133311692 0.017291498172195243
0.0029109229711703453 0.002681690646651745 0.0024782461817805194 0.0022969013651316047 0.002134597608849844 0.001988782603649556 0.0018573139721695371 0.0017383834433386245 0.0016304567494828998 0.0015322256618734618 0.0014425694657490568 0.0013605238269031902 0.0012852554845272778 0.0012160415654795993 0.0011522525863881976 0.0010933384155258877 0.0010388166231884404 0.0009882627696957008 0.0009413022731475902 0.000897603571357297 0.0008568723488912986 0.0008188466445592443
