8.364913313434538 1.1841879682640435
8.36491343808146 1.1841879682640435
8.364913313434538 1.1841879859098192
2.888428580929764 7.617087070542722
8.022300506629335 3.2682935815797514
8.022300626170928 3.2682935815797514
8.022300506629335 3.268293630281121
6.946029754429356 7.3530408490765815
6.946029857933265 7.3530408490765815
6.946029754429356 7.353040958645429
7.933095601587867 6.328679478752912
7.933095719800203 6.328679478752912
7.933095601587867 6.3286795730575856
8.275827820972616 5.692197329461356
8.27582794429206 5.692197329461356
8.275827820972616 5.692197414281706
8.299634766346632 5.654771920191357
8.299634890020828 5.654771920191357
8.299634766346632 5.654772004454025
0.060170055225793107 8.299634766346632 5.654771920191357 0.00010422592540534164
0.0360575951053325 0.034627569974286246 0.03330586589955016 0.03208073907865067 0.03094206835907897 0.029881086926900443 0.028890165048456734 0.027962632980349074 0.027092635714029787 0.02627501312451426 0.025505200524338755 0.024779145709294674 0.024093239411596388 0.02344425671404534 0.022829307472899834 0.022245794182447622 0.02169137601656135 0.021163938021090515 0.020661564620309075 0.02018251675176365 0.01972521206510354 0.01928820771822048
0.0038125723219729945 0.0035229063740153266 0.0032647037450583634 0.0030336197078872987 0.002826025715616846 0.002638873884819187 0.002469590145546081 0.002315989406273465 0.002176207751175371 0.002048647908329022 0.0019319351280816595 0.0018248812802160363 0.001726455479827171 0.0016357599298929663 0.001552009955631517 0.0014745174252127169 0.0014026769202273982 0.00133595414998757 0.0012738762054542493 0.0012160233282217398 0.0011620219326623103 0.0011115386689195933
