11.153989410976404 10.601693370432162
11.153989577183799 10.601693370432162
11.153989410976404 10.601693528409704
8.661049113363212 8.23783900336238
8.661049242422902 8.23783900336238
8.661049113363212 8.237839126115746
10.53737107743333 3.9617034118087098
9.133406106301601 7.170248794944397
9.133406242399959 7.170248794944397
9.133406106301601 7.170248901789431
10.11401720556053 5.051314676204225
10.114017356271132 5.051314676204225
10.11401720556053 5.051314751474679
10.419905236654383 4.55417283738409
10.41990539192307 4.55417283738409
10.419905236654383 4.554172905246554
10.969567163737773 3.5242496617041157
10.969567327197062 3.5242496617041157
10.969567163737773 3.524249714219528
11.134190619602233 3.2832548658117013
11.134190785514603 3.2832548658117013
11.134190619602233 3.2832549147360113
11.435621648453985 2.7833980559978198
11.435621818858026 2.7833980559978198
11.435621648453985 2.783398097473683
11.76008697016999 2.29817671426225
11.522425623105484 2.666095398518554
11.522425794803006 2.666095398518554
11.522425623105484 2.6660954382464714
11.68378634871228 2.4229039305357474
11.683786522814264 2.4229039305357474
11.68378634871228 2.4229039666398293
11.85303192602438 2.1851323838185714
11.853032102648319 2.1851323838185714
11.85303192602438 2.1851324163795813
11.899480023090469 2.1288626304364193
11.899480200406538 2.1288626304364193
11.899480023090469 2.1288626621589444
11.987235750578716 2.0122702818023663
11.921580264721907 2.0998366586780213
11.921580442367297 2.0998366586780213
11.921580264721907 2.0998366899680256
0.15995686273293452 11.921580264721907 2.0998366586780213 7.570355956585326e-05
0.03238427270550303 0.031063524084669523 0.029845484239956758 0.028718719068582164 0.027673416890851 0.026701112934039106 0.02579446765353573 0.024947087105033846 0.024153376417358 0.023408419512174598 0.022707879780733745 0.022047917604137674 0.021425121495551463 0.020836450324188988 0.020279184605282247 0.019750885246555685 0.01924935845863695 0.01877262578556524 0.018318898407951492 0.01788655502729902 0.01747412276451725 0.017080260605608744
0.0028134851893983027 0.002591305295275743 0.0023941935901718833 0.002218553564747657 0.002061404711645666 0.0019202614289037733 0.001793038525971721 0.0016779769258337567 0.0015735848239258844 0.0014785907680574526 0.0013919060000129558 0.0013125940431901529 0.0012398459971788211 0.00117296035573353 0.0011113264318382949 0.0010544106758635043 0.0010017453270032757 0.0009529189564673441 0.0009075685522152544 0.0008653728659371096 0.0008260467983791259 0.0007893366426217929
