3.3967092555120284 8.886930447941374
3.3967093061269407 8.886930447941374
3.3967092555120284 8.886930580366958
4.278826634002903 12.540099221699
4.278826697762389 12.540099221699
4.278826634002903 12.54009940856104
5.681160608469088 10.82531481433133
5.681160693124978 10.82531481433133
5.681160608469088 10.82531497564109
6.525112583467691 8.913691562975705
6.525112680699445 8.913691562975705
6.525112583467691 8.91369169580006
6.763447356972832 8.416226322564551
6.763447457756051 8.416226322564551
6.763447356972832 8.416226447976095
6.792889731397085 8.351941285191833
6.7928898326190295 8.351941285191833
6.792889731397085 8.351941409645455
0.041102308837867585 6.792889731397085 8.351941285191833 0.00014138426309334606
0.036921352248569225 0.03547618576045296 0.03413944282979995 0.03289946417617285 0.03174619071174242 0.030670900334966576 0.02966599461425465 0.028724824750224306 0.027841548689835453 0.027011013118996587 0.026228655454370836 0.025490422012279728 0.02479269934040395 0.02413225631972483 0.02350619512601168 0.022911909516073775 0.022347049199101344 0.02180948928647769 0.021297303998558084 0.020808743954743057 0.020342216491856586 0.019896268551592784
0.004153721270169533 0.003846818439135755 0.0035724706071816434 0.003326275055796202 0.0031045418791329324 0.0029041611051961657 0.0027224975964341884 0.002557307338667658 0.0024066703226466807 0.002268936390514705 0.002142681281859252 0.0020266707559819072 0.0019198311485821389 0.0018212250849671899 0.001730031348855267 0.001645528118033434 0.0015670789417552866 0.0014941209617114683 0.001426154977479669 0.0013627370351167213 0.0013034712789107843 0.0012480038549765866
