9.322521834549505 9.706456117163413
9.322521973465905 9.706456117163413
9.322521834549505 9.706456261800879
7.463281548623956 7.776563788519106
7.463281659835518 7.776563788519106
7.463281548623956 7.7765639043989365
8.339405636039833 5.7517331844135775
8.339405760306661 5.7517331844135775
8.339405636039833 5.751733270121081
8.460677850097964 5.593981968093662
8.460677976171889 5.593981968093662
8.460677850097964 5.59398205145049
8.635071766900428 5.236272104664947
8.635071895573024 5.236272104664947
8.635071766900428 5.236272182691482
8.990758856692146 4.524257334731713
8.990758990664894 4.524257334731713
8.990758856692146 4.524257402148401
9.366635829722329 3.822691343827617
9.366635969296079 3.822691343827617
9.366635829722329 3.822691400790157
9.472137987150397 3.6539854134902496
9.472138128296251 3.6539854134902496
9.472137987150397 3.6539854679388752
9.596362924329442 3.436701523395107
9.50369521262462 3.599953947982918
9.503695354240715 3.599953947982918
9.50369521262462 3.599954001626412
9.541452607035508 3.5340157572903363
9.51319000070299 3.5835012699827025
9.513190142460568 3.5835012699827025
9.51319000070299 3.5835013233810327
0.0955665836517019 9.51319000070299 3.5835012699827025 6.807826158869277e-05
0.03610842565425177 0.0346685159195439 0.03333813775680965 0.032105372327414214 0.030959952748859307 0.029892990250216866 0.028896752532598196 0.02796448319014535 0.02709025366064241 0.026268841124668287 0.0254956272388104 0.024766513700236678 0.024077851489037266 0.0234263812878742 0.022809183084282956 0.022223633355227906 0.021667368542737864 0.021138253773418568 0.020634355968220684 0.02015392064327843 0.01969535182648234 0.019257194614265356
0.003602969926114502 0.0033261266821538703 0.0030796548372718432 0.0028593225429179455 0.0026616011009766723 0.0024835310023022398 0.0023226164614096796 0.002176741806834528 0.002044104757962795 0.0019231628410630636 0.0018125900977860317 0.0017112419081686224 0.0016181262505042106 0.0015323800974019336 0.0014532499333107488 0.0013800755971219685 0.00131227682122567 0.001249341968078259 0.0011908185661682986 0.0011363053261038121 0.0010854453795165083 0.0010379205324468263
