14.732539221266887 10.248651402183038
14.732539440798828 10.248651402183038
14.732539221266887 10.248651554899844
11.070296375413578 7.710855894550484
11.07029654037385 7.710855894550484
11.070296375413578 7.710856009451191
13.181426444660794 3.174936408424278
11.60765963823685 6.581384576461076
11.607659811204458 6.581384576461076
11.60765963823685 6.581384674531349
12.704610854970362 4.333150387907388
12.704611044283816 4.333150387907388
12.704610854970362 4.33315045247636
13.05057649415222 3.812166741177318
13.050576688620964 3.812166741177318
13.05057649415222 3.8121667979830294
13.674635277357366 2.7281854822419014
13.210111080734375 3.5432285296904977
13.210111277580369 3.5432285296904977
13.210111080734375 3.5432285824887173
13.527605772870244 3.004421231929763
13.527605974447278 3.004421231929763
13.527605772870244 3.0044212766991283
13.867022402453113 2.479147460247529
13.867022609087849 2.479147460247529
13.867022402453113 2.479147497189705
14.231514005439045 1.970952561603889
13.965464869427057 2.357682065280481
13.9654650775287 2.357682065280481
13.965464869427057 2.357682100412682
14.14675392654778 2.1029011325520917
14.14675413735084 2.1029011325520917
14.14675392654778 2.1029011638877604
14.339169485833658 1.856415233445528
14.339169699503934 1.856415233445528
14.339169485833658 1.8564152611082705
14.393119591744878 1.7998415961064596
14.393119806219072 1.7998415961064596
14.393119591744878 1.7998416229261893
14.493860513997724 1.6802755973356418
14.418522907984483 1.7701352143605846
14.418523122837218 1.7701352143605846
14.418522907984483 1.7701352407376547
0.1851163820164179 14.418522907984483 1.7701352143605846 3.8371469564849246e-05
0.027523799990000892 0.026375674660169417 0.025318943893187593 0.024343178943588163 0.023439469757073603 0.022600159960387913 0.0218186351243534 0.02108915228935171 0.020406701721434835 0.01976689404508166 0.019165867506334918 0.018600211317858363 0.01806690193766176 0.017563249815391344 0.017086854661058117 0.01663556769192147 0.016207459623847394 0.015800793415755042 0.015414000965987582 0.015045663109694074 0.01469449238568053 0.014359318136551589
0.0020744610948980934 0.0019063089156049757 0.00175766388520386 0.001625642845216583 0.0015078723522230768 0.0014023850578451862 0.001307539669591668 0.0012219586003860685 0.0011444790078654393 0.0010741140567848899 0.0010100220505731723 0.0009514816670191459 0.0008978719637351261 0.0008486561367100162 0.0008033682515225702 0.0007616023438840812 0.0007230034199336101 0.0006872599884530691 0.0006540978350955456 0.0006232748087961239 0.0005945764371391492 0.0005678122238272235
