10.434934527404035 6.233396291407427
10.434934682896676 6.233396291407427
10.434934527404035 6.23339638429227
8.289919411029059 4.9621944033462935
8.289919534558484 4.9621944033462935
8.289919411029059 4.962194477288752
10.134038203335525 1.3128162361477447
8.758478882092591 4.053694008444415
8.758479012604097 4.053694008444415
8.758478882092591 4.053694068849163
9.257810006999303 3.1617358406138814
9.257810144951423 3.1617358406138814
9.257810006999303 3.1617358877274166
9.802437274711327 2.296691284117083
9.407013039349579 2.9542605065889767
9.407013179524997 2.9542605065889767
9.407013039349579 2.9542605506108885
9.678167648923248 2.521010677885026
9.678167793139185 2.521010677885026
9.678167648923248 2.521010715451012
9.7569418689043 2.4204049522070488
9.756942014294065 2.4204049522070488
9.7569418689043 2.420404988273893
9.90268680113453 2.210485982553354
9.902686948696063 2.210485982553354
9.90268680113453 2.210486015492162
10.055765776928977 2.0058536628651242
10.055765926771564 2.0058536628651242
10.055765776928977 2.005853692754673
10.2153234081734 1.806231716669493
10.215323560393582 1.806231716669493
10.2153234081734 1.806231743584443
10.259480256888986 1.7600592664993668
10.259480409767155 1.7600592664993668
10.259480256888986 1.7600592927262937
10.34247917742699 1.6629095420409716
10.34247933154194 1.6629095420409716
10.34247917742699 1.6629095668202547
10.364650646684739 1.6399126604751237
10.364650801130068 1.6399126604751237
10.364650646684739 1.6399126849117267
10.407372509290198 1.5924093458673596
10.407372664372133 1.5924093458673596
10.407372509290198 1.592409369596108
10.450837051367728 1.5455846085462104
10.418435604804817 1.5808891214626581
10.418435760051604 1.5808891214626581
10.418435604804817 1.5808891450197418
0.19722089821588495 10.418435604804817 1.5808891214626581 0.00012622404158058552
0.03701521437265601 0.03555095395174282 0.03419718271851606 0.032941979702184335 0.03177506139889584 0.030687512883148246 0.029671569673925986 0.0287204396322322 0.02782815665457261 0.026989459790002227 0.02619969281457662 0.02545472036651513 0.024750857564629712 0.024084810664483106 0.023453626797379702 0.02285465122065356 0.022285490809071374 0.02174398275542864 0.02122816763784103 0.02073626616263025 0.0202666590133252 0.019817869334479914
0.004004113864103174 0.003699038816143276 0.0034271325789642995 0.0031838182067261325 0.0029652713305704233 0.002768278377563475 0.002590124591809045 0.0024285049999198983 0.002281453166281389 0.0021472838351464995 0.002024546483334821 0.0019119874985296765 0.0018085192173729941 0.0017131944502092968 0.0016251854182215684 0.001543766257657856 0.0014682984222979774 0.0013982184520915646 0.001333027682527928 0.001272283552873187 0.0012155922372582817 0.0011626023747443985
