7.386309498729281 3.6501979286009845
7.386309608793869 3.6501979286009845
7.386309498729281 3.650197982993172
5.860094866468523 11.012605764947667
5.860094953790741 11.012605764947667
5.860094866468523 11.01260592904828
8.076208398943038 8.949874221237666
8.07620851928792 8.949874221237666
8.076208398943038 8.949874354601183
9.997156716761545 5.135695626579907
9.997156865730789 5.135695626579907
9.997156716761545 5.135695703107736
11.359605883665576 2.758474508781141
11.359606052936895 2.758474508781141
11.359605883665576 2.758474549885614
13.203584916838388 0.11117687854290859
11.886846690389564 2.1481099903657874
11.886846867517383 2.1481099903657874
11.886846690389564 2.148110022375121
12.86732017348131 0.8671796240244265
12.14515550625802 1.8384190411139905
12.14515568723494 1.8384190411139905
12.14515550625802 1.8384190685085688
12.665188132733016 1.2219015790604943
12.280297316417213 1.688770542131017
12.280297499407903 1.688770542131017
12.280297316417213 1.6887705672956592
12.548331393379382 1.3874573130970418
12.348892973131028 1.6148846070334588
12.348893157143872 1.6148846070334588
12.348892973131028 1.6148846310971146
12.484990392452824 1.4661046535622075
12.38336730823351 1.5781062968418287
12.383367492760062 1.5781062968418287
12.38336730823351 1.578106320357445
12.451940633152189 1.5041996352013696
12.400631430521242 1.5597424450682564
12.40063161530505 1.5597424450682564
12.400631430521242 1.5597424683102301
0.1990103502685756 12.400631430521242 1.5597424450682564 7.936972283245526e-05
0.03146326235381036 0.030179580951526987 0.028995764434226554 0.02790069081992728 0.02688481691989309 0.0259399101163408 0.02505883257529396 0.024235366410147997 0.0234640710759732 0.022740166318156164 0.02205943552305852 0.021418145464600056 0.020812979309642522 0.020240980408852603 0.01969950491048275 0.019186181630230677 0.018698877918955453 0.018235670512227558 0.017794820536909166 0.017374752001794367 0.016974033220563504 0.016591360712597106
0.0029244876186760743 0.0026934510160990504 0.002488492720858967 0.002305869644080543 0.0021424801071046103 0.0019957376870888754 0.0018634727908654514 0.0017438552758120343 0.0016353331761684003 0.001536583848795136 0.0014464747665468894 0.0013640318586758357 0.001288413794545951 0.0012188909775838535 0.0011548282949399146 0.0010956708791620624 0.0010409322988491848 0.000990184718490192 0.0009430506628210606 0.0008991960949015743 0.0008583245748081055 0.0008201723111510718
