6.7313065694750565 6.284911451702028
6.7313066697793404 6.284911451702028
6.7313065694750565 6.284911545354507
10.174340561083252 0.7708179840685654
8.076309689773614 5.3726623238810625
8.076309810120007 5.3726623238810625
8.076309689773614 5.3726624039399695
9.598151777125437 2.5005682933074604
8.52330348981785 4.694057498575675
8.52330361682497 4.694057498575675
8.52330348981785 4.694057568522583
9.274531165331327 3.252915991170664
8.716570333340554 4.336671266683334
8.716570463227574 4.336671266683334
8.716570333340554 4.336671331304772
9.09918711801852 3.6197944555864505
9.099187253606974 3.6197944555864505
9.09918711801852 3.6197945095255912
9.511015339398618 2.919290720920712
9.51101548112379 2.919290720920712
9.511015339398618 2.919290764421534
9.956208424146158 2.239503192718913
9.632070612098511 2.7561500796340805
9.632070755627549 2.7561500796340805
9.632070612098511 2.756150120703917
9.853535941921686 2.4155181679790685
9.853536088750813 2.4155181679790685
9.853535941921686 2.415518203973094
10.090342911562534 2.0853675195154406
10.09034306192036 2.0853675195154406
10.090342911562534 2.0853675505898384
10.342267310203617 1.7666025764605875
10.157949758479878 2.0095610143733396
10.157949909845126 2.0095610143733396
10.157949758479878 2.009561044318132
10.28304555773748 1.8494976241307224
10.2830457109668 1.8494976241307224
10.28304555773748 1.8494976516903847
10.414184666018233 1.6943467873067213
10.414184821201678 1.6943467873067213
10.414184666018233 1.6943468125544559
10.449893270018382 1.658232751346284
10.449893425733926 1.658232751346284
10.449893270018382 1.6582327760558775
10.382473728520583 1.7342058873628485
10.433145098669536 1.6773202015352817
10.44581426427177 1.6630972875019299
10.445814419926531 1.6630972875019299
10.44581426427177 1.6630973122840107
0.1984159262482974 10.44581426427177 1.6630972875019299 0.00011517449388264316
0.03770106468000253 0.036206734995354525 0.0348253766348787 0.03354477708581832 0.03235440470749026 0.03124513214748676 0.03020901207516678 0.02923909415516281 0.02832927475927657 0.027474172842464933 0.026669026862347123 0.025909608726535343 0.025192151597943427 0.02451328904028983 0.023870003492027687 0.023259582452112616 0.022679581071516318 0.022127790089775036 0.021602208250866402 0.021101018488504757 0.020622567296054484 0.020165346797221966
0.003762368264597443 0.0034750438564677823 0.003219032267985206 0.0029900020370026885 0.002784335731737459 0.002598995076794553 0.0024314145064301585 0.0022794165854607027 0.0021411443720131857 0.0020150069956353144 0.0018996356114406243 0.0017938475520622701 0.0016966169953418222 0.0016070508405951049 0.0015243687714714103 0.0014478867017153957 0.0013770029682608968 0.0013111867663277237 0.0012499684226630109 0.0011929311825556626 0.0011397042488464953 0.0010899568606980066
