6.39334426548842 7.960442229343588
6.393344360756673 7.960442229343588
6.39334426548842 7.960442347963421
9.670100044662322 3.941911529651721
9.670100188758042 3.941911529651721
9.670100044662322 3.94191158839078
12.217640334671433 0.31166633180393255
10.574030090408295 3.29988304098866
10.57403024797362 3.29988304098866
10.574030090408295 3.299883090160749
11.734972405482491 1.4106045087178558
10.8860576507099 2.8416676674179437
10.886057812924799 2.8416676674179437
10.8860576507099 2.841667709762092
11.4873365584424 1.9101346390323153
11.041252379715075 2.6120043751179107
11.041252544242557 2.6120043751179107
11.041252379715075 2.612004414039809
11.349877872358652 2.1514907138060755
11.1200070891698 2.497963357611173
11.120007254870817 2.497963357611173
11.1200070891698 2.497963394833728
11.276429868895205 2.2691347192722233
11.276430036927104 2.2691347192722233
11.276429868895205 2.2691347530849657
11.440897630779865 2.046018186846383
11.440897801262524 2.046018186846383
11.440897630779865 2.0460182173344297
11.612678384286506 1.8284819726985502
11.612678557328898 1.8284819726985502
11.612678384286506 1.8284819999450548
11.660500442674053 1.7783325438344484
11.660500616429049 1.7783325438344484
11.660500442674053 1.7783325703336683
11.75011187906822 1.6726090913622345
11.683083084817616 1.7520551220665102
11.68308325890912 1.7520551220665102
11.683083084817616 1.752055148174166
11.728122761947118 1.6993925929980376
11.728122936709765 1.6993925929980376
11.728122761947118 1.6993926183209604
11.773970379754028 1.6474319307115635
11.773970555199858 1.6474319307115635
11.773970379754028 1.6474319552602121
11.762732448549244 1.6606163365561648
11.762732623827617 1.6606163365561648
11.762732448549244 1.6606163613012765
0.18528256040210855 11.762732448549244 1.6606163365561648 6.532137329303909e-05
0.032550813095363375 0.03123235319040004 0.030015715057832536 0.02888964544233024 0.027844475779619106 0.02687185520392585 0.025964535302203842 0.025116195381754296 0.024321299697319238 0.023574980070957676 0.022872938824577572 0.022211368066153148 0.021586882222840307 0.020996461366762528 0.02043740338248489 0.01990728341591578 0.01940391934969318 0.01892534229016419 0.0184697712409156 0.018035591288804546 0.017621334749172265 0.01722566481396116
0.0032158253715463634 0.002963911448189173 0.0027401811771268375 0.002540627157632287 0.0023619219027443887 0.0022012854996429935 0.002056382042852678 0.0019252379851766755 0.0018061773155375574 0.0016977697520555314 0.001598789074009845 0.001508179405810679 0.001425027778352159 0.0013485416765428207 0.001278030570882238 0.0012128906503981623 0.0011525921419542255 0.0010966687299047374 0.001044708689861961 0.0009963474280075746 0.0009512611781696406 0.0009091616567247961
