8.2612604996354 1.1690281447864317
8.261260622737774 1.1690281447864317
8.2612604996354 1.1690281622063086
11.052135794322911 0.5868952742476309
11.052135959012569 0.5868952742476309
11.052135794322911 0.5868952891487921
12.949689873603477 0.1370726743820616
12.949690066568893 0.1370726743820616
12.949689873603477 0.1370726892832228
10.94722770421911 0.5127866771159146
12.468302523916261 0.30351997547232695
12.468302709708446 0.30351997547232695
12.468302523916261 0.30351999037348815
12.976644574633768 0.27147556954189006
12.97664476800084 0.27147556954189006
12.976644574633768 0.27147558444305125
13.93218403714387 0.06003408409451538
13.216213397870217 0.2218068991399519
13.216213594807142 0.2218068991399519
13.216213397870217 0.2218069140411131
13.456679240066793 0.17668066926103956
13.276681971865813 0.21259745144539932
13.276682169703792 0.21259745144539932
13.276681971865813 0.21259746634656052
13.396787776878412 0.18936718941773742
13.306727691521028 0.20689040997234961
13.306727889806721 0.20689040997234961
13.306727691521028 0.2068904248735108
13.36681306511389 0.19544443914826518
13.366813264294926 0.19544443914826518
13.36681306511389 0.19544445404942637
13.351817910926139 0.19844014422041317
13.35181810988373 0.19844014422041317
13.351817910926139 0.19844015912157437
13.318379483784241 0.2046892048677594
13.34346178844544 0.2000038048583374
13.343461987278515 0.2000038048583374
13.34346178844544 0.2000038197594986
0.8377075057978486 13.34346178844544 0.2000038048583374 0.00013237162076649213
0.03727037195735418 0.03578358941403617 0.034409813347709095 0.033136767512680375 0.03195387261247728 0.03085196605257803 0.029823074854865895 0.02886023045582006 0.027957316735158742 0.027108944585856498 0.026310347817892543 0.02555729631378677 0.024846023215518258 0.024173163586325156 0.023535702505866365 0.02293093095921312 0.022356408195825257 0.021809929484017564 0.021289498384471674 0.020793302824492207 0.02031969438162953 0.019867170287658224
0.0035922035408338755 0.0033130856331403053 0.0030649030308861204 0.0028433050746409943 0.0026446698600361574 0.0024659644897274836 0.002304635189834133 0.002158520315138515 0.0020257810225363187 0.0019048456770207275 0.0017943650019598073 0.001693175689208605 0.0016002707110431315 0.0015147749723813033 0.0014359252423222933 0.0013630535333463726 0.0012955732725436892 0.0012329677451687416 0.0011747803963853506 0.0011206066595107406 0.001070087043797037 0.0010229012658727276
