6.118216247002567 10.504636963259353
6.118216338171094 10.504636963259353
6.118216247002567 10.504637119790642
10.137477517870186 0.052701181936711805
7.150808105831485 7.902504573400115
7.1508082123868295 7.902504573400115
7.150808105831485 7.90250469115661
9.401503894379985 2.7757391065090005
7.748792781007608 6.636902322069515
7.748792896473618 6.636902322069515
7.748792781007608 6.636902420967067
8.924430118191086 4.096190655489766
8.924430251175458 4.096190655489766
8.924430118191086 4.0961907165277625
9.327036601168636 3.523703360919753
9.327036740152312 3.523703360919753
9.327036601168636 3.523703413427025
10.032478033069463 2.3147008313623125
9.508850889265137 3.224701713284035
9.508851030958057 3.224701713284035
9.508850889265137 3.224701761335835
9.87051672909955 2.6255093377680305
9.870516876181712 2.6255093377680305
9.87051672909955 2.6255093768911686
10.268907237918574 2.050080206542852
9.978944797599723 2.4881850532348513
9.978944946297588 2.4881850532348513
9.978944797599723 2.4881850903116978
10.17693525699813 2.199640085106625
10.176935408646283 2.199640085106625
10.17693525699813 2.1996401178838165
10.388363468679477 1.9207915026283584
10.388363623478156 1.9207915026283584
10.388363468679477 1.9207915312503823
10.612486786108072 1.6520403924358378
10.448339026873203 1.8571001868179755
10.448339182565586 1.8571001868179755
10.448339026873203 1.8571002144909248
10.559590014887013 1.722052703216174
10.476414192068257 1.823556216840538
10.476414348178993 1.823556216840538
10.476414192068257 1.823556244013643
10.532400308895438 1.7563311767667673
10.532400465840432 1.7563311767667673
10.532400308895438 1.7563312029381413
10.476079913263595 1.8232764105491626
10.51866155953718 1.7733488138446694
10.518661716277453 1.7733488138446694
10.51866155953718 1.7733488402696258
0.18344258773376243 10.51866155953718 1.7733488138446694 7.823010463465768e-05
0.03675249469687316 0.03529113798510148 0.03394059837311549 0.03268885834330167 0.031525559798781876 0.030441730094658805 0.029429560070040977 0.028482223031869598 0.027593726219852337 0.02675878820874217 0.025972737155968574 0.025231425904833103 0.02453116079645232 0.0238686416928668 0.023240911217119024 0.02264531160890506 0.02207944790279776 0.021541156379582968 0.02102847743466281 0.020539632161906383 0.020073002075263007 0.019627111490409136
0.0037263011205837674 0.0034406593746549646 0.0031862664999528227 0.0029587826168341177 0.002754586233988566 0.0025706379681586034 0.0024043731146091893 0.0022536163808419265 0.002116513769400577 0.0019914778218890544 0.0018771433419674927 0.0017723313889569164 0.0016760198387063352 0.0015873191894914956 0.0015054525802453427 0.0014297392097899677 0.0013595805160425414 0.0012944486059646013 0.0012338765296063452 0.001177450071881932 0.0011248007988791655 0.0010756001454612495
