3.0624530978985023 8.03187554594811
3.0624531435326094 8.03187554594811
3.0624530978985023 8.03187566563238
3.941505199771658 12.39725243427813
3.9415052585046624 12.39725243427813
3.941505199771658 12.397252619011587
5.779226151978802 10.444735578898236
5.7792262380959825 10.444735578898236
5.779226151978802 10.444735734536923
7.401151808979292 6.851547163152803
7.401151919265049 6.851547163152803
7.401151808979292 6.851547265248812
8.34854914480239 5.043409375268004
8.348549269205467 5.043409375268004
8.34854914480239 5.0434094504206595
8.64406645104327 4.546357655491578
8.644066579849898 4.546357655491578
8.64406645104327 4.546357723237586
8.625880802904362 4.590976570950397
8.625880931440003 4.590976570950397
8.625880802904362 4.590976639361279
0.07423010976500366 8.625880802904362 4.590976570950397 0.00021371428330415668
0.036887211491212595 0.035427475108488024 0.034078016809703446 0.03282691763516609 0.03166389962944328 0.03058005558376905 0.029567629971641873 0.028619840216851097 0.027730729964929497 0.026895047921519973 0.026108147247287015 0.025365901582041453 0.02466463459930725 0.024001060630902904 0.023372234396218848 0.022775508257353774 0.022208495724815137 0.02166904017828969 0.021155187957501792 0.020665165130343683 0.020197357367628725 0.019750292452384775
0.0038900522195006804 0.003594465907061551 0.0033309643812480757 0.003095123392023288 0.00288324636069619 0.0026922271101335856 0.002519441518387392 0.002362661416639976 0.0022199857189685434 0.0020897849935438487 0.001970656588128824 0.0018613880953869805 0.001760927448072386 0.0016683583153016815 0.001582879760934914 0.0015037893469115673 0.001430469035212193 0.0013623733744530452 0.001299019560230483 0.0012399790391119294 0.0011848703897925337 0.0011333532653015998
