5.857610448378676 3.4973585906507756
5.8576105356638735 3.4973585906507756
5.857610448378676 3.4973586427654797
4.4639908844119445 10.175752243879295
4.463990950930592 10.175752243879295
4.4639908844119445 10.17575239550982
6.138185114535226 9.394990532101946
6.138185206001312 9.394990532101946
6.138185114535226 9.394990672098215
7.375794733027372 6.984995290399846
7.375794842935278 6.984995290399846
7.375794733027372 6.984995394484387
7.746726711353395 6.312468555026512
7.746726826788618 6.312468555026512
7.746726711353395 6.312468649089623
7.759363624478981 6.298533935129498
7.7593637401025095 6.298533935129498
7.759363624478981 6.298534028984967
0.053111295775213785 7.759363624478981 6.298533935129498 5.924332726483463e-05
0.03643599335849513 0.03499988379017599 0.03367198529943172 0.03244062485090362 0.03129573458696035 0.03022858760680476 0.029231583805406622 0.02829807514205394 0.027422222190458374 0.026598875676251403 0.025823478103828613 0.025091981634158364 0.024400779185480923 0.023746646352884464 0.023126692226636963 0.022538317566796792 0.021979179088177 0.021447158843990354 0.020940337882590036 0.02045697350034971 0.019995479533049584 0.019554409224409607
0.0040576645398366805 0.003752412157687466 0.00348001825744488 0.0032359840092456176 0.0030165462292192184 0.0028185392188364716 0.0026392856291791223 0.00247650965729385 0.00232826755197235 0.0021928916303153387 0.0020689449107806302 0.001955184141780033 0.0018505295100121736 0.0017540396943425917 0.0016648912213371738 0.0015823613008264141 0.001505813491136732 0.001434685676375473 0.0013684799416533368 0.0013067540132669694 0.001249113994815261 0.0011952081808854589
