4.772791859840572 3.9906776087893845
4.772791930960713 3.9906776087893845
4.772791859840572 3.9906776682551146
4.660011795605463 9.972634062654542
4.66001186504505 9.972634062654542
4.660011795605463 9.97263421125837
7.893452335430782 6.4489238975092
7.8934524530523875 6.4489238975092
7.893452335430782 6.448923993605654
11.432080935839394 0.3581287182830044
9.17814705417943 5.244436715115169
9.178147190944479 5.244436715115169
9.17814705417943 5.244436793263366
10.812461367396015 2.1245110273232113
9.630740930047574 4.489144548626137
9.630741073556797 4.489144548626137
9.630740930047574 4.489144615519604
10.460202361968378 2.9356891659749103
9.84402116001767 4.103997288721351
9.844021306705017 4.103997288721351
9.84402116001767 4.1039973498756765
10.267699056550523 3.3321135453878474
10.26769920955116 3.3321135453878474
10.267699056550523 3.3321135950402083
10.728582660291478 2.581851073291718
10.728582820159817 2.581851073291718
10.728582660291478 2.581851111764297
11.236119397247649 1.8623276658386128
10.86840415670263 2.411831467897483
10.868404318654472 2.411831467897483
10.86840415670263 2.4118315038365723
11.121034739506689 2.0512698823946143
11.12103490522302 2.0512698823946143
11.121034739506689 2.0512699129609175
11.195381183623265 1.9701108686223467
11.195381350447445 1.9701108686223467
11.195381183623265 1.9701108979792863
11.33203601439653 1.7975357420733697
11.332036183257026 1.7975357420733697
11.33203601439653 1.7975357688587397
11.369875390690824 1.7575766827879538
11.36987556011517 1.7575766827879538
11.369875390690824 1.7575767089778873
11.441430658873141 1.6739464079789892
11.387880388587488 1.7367690818914
11.38788055828013 1.7367690818914
11.387880388587488 1.736769107771276
0.1867124304890151 11.387880388587488 1.7367690818914 9.52316891616337e-05
0.03424289810598375 0.03286214155174645 0.03158753828553735 0.030407411365444347 0.029311720184926806 0.028291786172970478 0.0273400713796773 0.026449998528388703 0.025615803824159435 0.0248324158212671 0.024095355160913396 0.023400651129872614 0.022744771858403096 0.02212456564104124 0.021537211377670458 0.02098017653165969 0.02045118131433766 0.019948168051019326 0.01946927487851843 0.019012813079094554 0.01857724747984881 0.018161179446383725
0.00324971444086423 0.0029964841111217305 0.0027714294613452334 0.002570567396967508 0.0023905865008741487 0.002228717129276301 0.0020826295638861907 0.0019503535817725147 0.0018302145008027965 0.001720781991979827 0.0016208288541346282 0.0015292976145318906 0.0014452733163945958 0.0013679612274761443 0.0012966684856542188 0.0012307889118656514 0.0011697903847753784 0.0011132042979525884 0.0010606167182592601 0.0010116609404831295 0.0009660111930661073 0.0009233772969113711
