2.052367165409566 13.338299885517051
2.0523671959922196 13.338299885517051
2.052367165409566 13.338300084273207
3.491479674613802 17.772645353752544
3.4914797266409034 17.772645353752544
3.491479674613802 17.772645618585596
5.803839524349667 14.339092180652242
5.803839610833615 14.339092180652242
5.803839524349667 14.339092394321366
8.150359089118583 8.659775783564985
8.150359210568396 8.659775783564985
8.150359089118583 8.6597759126057
9.945386413487219 5.097022339315085
9.945386561685025 5.097022339315085
9.945386413487219 5.097022415266637
11.300060266616427 2.714057708505377
11.300060435000447 2.714057708505377
11.300060266616427 2.7140577489479885
11.765182390735346 2.210803036735975
11.765182566050225 2.210803036735975
11.765182390735346 2.2108030696795073
12.588020566904344 1.1147406498941619
11.980290584842082 1.944102027028861
11.980290763362323 1.944102027028861
11.980290584842082 1.9441020559982387
12.411657264191751 1.4116298278020238
12.091705839596024 1.813960250700971
12.091706019776481 1.813960250700971
12.091705839596024 1.8139602777310853
12.31261995955764 1.5520482132680946
12.148009775830499 1.749404639024524
12.14800995684995 1.749404639024524
12.148009775830499 1.7494046650926844
12.259818113488068 1.619600415025784
12.176261780915633 1.7172143568376044
12.176261962356072 1.7172143568376044
12.176261780915633 1.7172143824260924
12.232506425507053 1.6526070802412267
12.232506607785602 1.6526070802412267
12.232506425507053 1.6526071048669912
12.289998826620149 1.5891075995451855
12.289999009755402 1.5891075995451855
12.289998826620149 1.589107623224734
12.348451558684578 1.5264910015170265
12.348451742690846 1.5264910015170265
12.348451558684578 1.526491024263515
12.363667036069682 1.5114216033009595
12.363667220302677 1.5114216033009595
12.363667036069682 1.5114216258228965
0.21605292549448563 12.363667036069682 1.5114216033009595 9.193110063258024e-05
0.032596071915947954 0.03126757452660417 0.03004231785214087 0.028908816854511996 0.027857214912863172 0.02687900750845558 0.025966819858435415 0.025114226697912207 0.024315605246549632 0.02356601449389169 0.02286109550303354 0.02219698861002866 0.02157026428966007 0.020977865140786686 0.02041705696986178 0.019885387358401504 0.019380650417826273 0.01890085668445023 0.018444207304309807 0.018009071813917105 0.017593968947917097 0.01719755000488536
0.00282481735002943 0.002601933013967338 0.0024041738117928173 0.0022279384807892483 0.002070241958973699 0.001928594375848735 0.0018009065977448134 0.0016854159399801692 0.0015806273184661805 0.0014852663125524764 0.0013982414845686777 0.001318613943392449 0.0012455726147570243 0.0011784140358120957 0.001116525758218514 0.00105937264605782 0.001006485508837833 0.0009574516280481705 0.0009119068269678743 0.0008695288043091478 0.0008300315076599218 0.0007931603661942273
