5.1433149990225235 2.269383022000757
5.14331507566389 2.269383022000757
5.1433149990225235 2.2693830558171992
3.9881204723177994 7.771138567750387
3.9881205317454254 7.771138567750387
3.9881204723177994 7.771138683549375
5.070708914730613 10.42069508119316
5.070708990290064 10.42069508119316
5.070708914730613 10.420695236473616
6.5923217211978695 8.27517731780424
6.592321819431118 8.27517731780424
6.5923217211978695 8.275177441113991
7.389558700505251 6.663515600140024
7.389558810618256 6.663515600140024
7.389558700505251 6.663515699434145
7.553162935501302 6.3704017312236525
7.5531630480522 6.3704017312236525
7.553162935501302 6.370401826150036
7.556406447855819 6.366026793298389
7.556406560455049 6.366026793298389
7.556406447855819 6.366026888159581
0.05441935754306704 7.556406447855819 6.366026793298389 7.009388541994775e-05
0.03762546847019472 0.03614804484209776 0.034781573365734515 0.03351412502851491 0.0323354057940075 0.03123648835691281 0.03020959455495897 0.029247917715450326 0.028345476709831386 0.02749699535559663 0.026697802211508845 0.025943746880732692 0.025231129754402986 0.024556642758591138 0.02391731915686416 0.02331049084272599 0.022733751856491596 0.022184927098483877 0.021662045399104612 0.021163316257104218 0.020687109678489878 0.02023193864628419
0.004080343759926542 0.0037750393727171852 0.0035024336835485993 0.00325807166359853 0.003038223288449533 0.0028397480086500204 0.0026599875641693015 0.0024966806354062817 0.0023478944404806317 0.002211969575376363 0.0020874752716173125 0.0019731729008632946 0.0018679860475726419 0.0017709758428575827 0.0016813205359482281 0.0015982984968303286 0.001521274011112408 0.0014496853581394751 0.0013830347647920084 0.0013208799069946596 0.0012628266937416168 0.0012085231182249623
