6.8668656774093355 12.035163036499466
6.866865779733608 12.035163036499466
6.8668656774093355 12.03516321583737
9.975541115570111 4.552932519532389
7.836827273581116 10.256919019918646
7.836827390358943 10.256919019918646
7.836827273581116 10.25691917275865
9.38815755963959 6.514555666932715
8.24808971188333 9.331388076632514
8.248089834789443 9.331388076632514
8.24808971188333 9.331388215681033
9.037783505818563 7.466083545899322
9.037783640492032 7.466083545899322
9.037783505818563 7.4660836571526366
10.732853819277882 3.7865936689403843
9.479688427022804 6.554785372547772
9.47968856828117 6.554785372547772
9.479688427022804 6.5547854702216855
10.351112974667664 4.7262349799374
10.351113128911267 4.7262349799374
10.351112974667664 4.7262350503637895
10.618930372094708 4.29645605808338
10.6189305303291 4.29645605808338
10.618930372094708 4.296456122105564
11.103531749924509 3.407127196107195
11.103531915380024 3.407127196107195
11.103531749924509 3.4071272468773466
11.246909462662224 3.19843639252747
11.246909630254235 3.19843639252747
11.246909462662224 3.198436440187886
11.510663824202588 2.766152091629283
11.510663995724846 2.766152091629283
11.510663824202588 2.7661521328481613
11.79224919254342 2.3452652180266993
11.792249368261626 2.3452652180266993
11.79224919254342 2.3452652529738742
11.873018743165598 2.2477791436650056
11.873018920087365 2.2477791436650056
11.873018743165598 2.247779177159525
12.022321085211667 2.043285058987212
11.910766887751095 2.196966828908708
11.910767065235351 2.196966828908708
11.910766887751095 2.196966861646065
11.985968462324935 2.0951239195640827
11.985968640929784 2.0951239195640827
11.985968462324935 2.095123950783862
11.96756014034038 2.1208695428687947
11.967560318670923 2.1208695428687947
11.96756014034038 2.1208695744722137
0.16016234339392987 11.96756014034038 2.1208695428687947 9.082148121949108e-05
0.03240072136769438 0.031078281968669706 0.029858763633006016 0.028730699171617788 0.027684249917655317 0.026710928925870243 0.02580337831072995 0.02495518885963611 0.024160752914868324 0.023415143629638598 0.02271401527829621 0.022053520484790354 0.021430241131017578 0.0208411303921958 0.02028346387380396 0.01975479823318943 0.019252935987540035 0.01877589545992129 0.018321885012440434 0.0178892808722949 0.01747660798155853 0.017082523401949386
0.002760067596940059 0.002541909888403692 0.0023483899110809 0.002175969346727293 0.002021716559669019 0.0018831871981660443 0.0017583310562176537 0.001645418863982218 0.0015429843248195869 0.0014497779073649637 0.001364729767551717 0.0012869198115937337 0.0012155533816805616 0.001149941397225488 0.001089484048305905 0.0010336573375653985 0.000982001918952168 0.0009341137983239369 0.0008896365509809255 0.0008482547810919563 0.0008096886025689669 0.0007736889638141515
