14.251735551515418 5.992798690253622
14.251735763882827 5.992798690253622
14.251735551515418 5.992798779553281
10.139137578301497 4.277369723238699
10.139137729386421 4.277369723238699
10.139137578301497 4.277369786976475
12.301231199461158 0.3251164302013776
10.70275174735056 3.302293443718162
10.702751906833988 3.302293443718162
10.70275174735056 3.302293492926169
11.296613144821121 2.345338208071901
10.864882645207281 3.072096268208876
10.864882807106648 3.072096268208876
10.864882645207281 3.0720963139866777
11.160940790169997 2.593078267074936
11.160940956480975 2.593078267074936
11.160940790169997 2.5930783057148132
11.481594913421453 2.1301640159970945
11.247128309210428 2.4817633827389884
11.2471284768057 2.4817633827389884
11.247128309210428 2.481763419720145
11.406515279708188 2.2496578867079253
11.40651544967851 2.2496578867079253
11.406515279708188 2.2496579202304403
11.574329083831437 2.0235700834146835
11.57432925630238 2.0235700834146835
11.574329083831437 2.0235701135682276
11.74978339653752 1.8033589306428135
11.620656382609946 1.9705738159408865
11.62065655577122 1.9705738159408865
11.620656382609946 1.9705738453047246
11.707870941989231 1.8600617688810888
11.642626982096784 1.9430783889982872
11.642627155585446 1.9430783889982872
11.642626982096784 1.9430784179524114
0.16315892339741833 11.642626982096784 1.9430783889982872 6.786143718108804e-05
0.032525336839758764 0.031205783071084497 0.029988301053658104 0.02886159073797939 0.02781594617425912 0.026842986440155776 0.02593543881777214 0.025086962855156297 0.024292006663819577 0.023545688816867867 0.022843700717235686 0.022182225439793746 0.02155786991276522 0.02096760796335311 0.020408732260800335 0.019878813584582933 0.01937566615355532 0.018897317994022823 0.018441985516157857 0.01800805162037813 0.017594046776967638 0.017198632619973002
0.0031221989725592368 0.002877148480507563 0.0026595689332737683 0.0024655459652299975 0.0022918308261034924 0.002135710520944055 0.001994906252609934 0.0018674934067344196 0.001751838063453922 0.001646546283590993 0.0015504233399249994 0.0014624407439489905 0.001381709423125651 0.001307457781084275 0.0012390136575507649 0.0011757894205207925 0.0011172695879316538 0.0010630005027125957 0.0010125816830169 0.0009656585456147682 0.0009219162600205958 0.000881074537805099
