10.964468502588097 10.322224429833348
10.96446866597141 10.322224429833348
10.964468502588097 10.322224583646477
10.402362449362244 9.761071640948709
10.402362604369523 9.761071640948709
10.402362449362244 9.761071786400011
13.392559728331433 2.8320276360706416
11.149890819319802 8.02872284748418
11.149890985466122 8.02872284748418
11.149890819319802 8.028722967121475
11.943123848360804 6.342868701088705
11.943124026327217 6.342868701088705
11.943123848360804 6.342868795604813
12.7802778637249 4.67838800254031
12.78027805416588 4.67838800254031
12.7802778637249 4.678388072253724
13.682064319019416 3.048018709917399
13.025077528083218 4.282116880819236
13.025077722171998 4.282116880819236
13.025077528083218 4.28211694462775
13.47472964095492 3.4662469845060366
13.474729841744038 3.4662469845060366
13.47472964095492 3.466247036157142
13.95981199002601 2.6709320626418935
13.604679579493457 3.272979209466232
13.60467978221898 3.272979209466232
13.604679579493457 3.272979258237423
13.846299840530913 2.874761521466044
13.846300046856859 2.874761521466044
13.846299840530913 2.874761564303329
14.10161267102815 2.4851809313906235
14.101612881158553 2.4851809313906235
14.10161267102815 2.4851809684227053
14.371085465578638 2.1052571356405094
14.173331447990108 2.3934406900576493
14.173331659189206 2.3934406900576493
14.173331447990108 2.393440725722695
14.30735972620859 2.2029785152491184
14.307359939404863 2.2029785152491184
14.30735972620859 2.2029785480760564
14.447243897553166 2.0167747612529987
14.447244112833877 2.0167747612529987
14.447243897553166 2.0167747913052847
14.485199801377929 1.9726237354774492
14.485200017224226 1.9726237354774492
14.485199801377929 1.9726237648718334
0.16374730511816404 14.485199801377929 1.9726237354774492 4.9332463559820976e-05
0.02676703136549876 0.025648436112391 0.02461905611023796 0.023668690434094797 0.022788626898323328 0.021971381678354763 0.021210491400206692 0.02050034583896396 0.01983605231631639 0.019213325040992303 0.018628394224423146 0.018077930986470876 0.017558984954072286 0.01706893212809453 0.016605431106919706 0.01616638614991955 0.01574991586960572 0.015354326579528411 0.014978089511982252 0.01461982126720566 0.014278266972997805 0.013952285727298978
0.002055515741182421 0.001888548517113236 0.0017409948245081458 0.0016099783477976093 0.0014931326054077533 0.001388497016896656 0.0012944366919336483 0.0012095799953023365 0.001132769555106549 0.0010630235260485777 0.0009995047402538764 0.0009414959720837751 0.0008883799772626135 0.0008396232863739654 0.0007947629703571149 0.0007533957735746331 0.0007151691443077756 0.0006797737946122651 0.0006469374995961272 0.0006164199063763401 0.0005880081696418221 0.0005615132671537878
