14.222007231785893 14.61871544892236
14.222007443710316 14.61871544892236
14.222007231785893 14.618715666758195
9.715727111141133 10.01298352187573
9.715727255916748 10.01298352187573
9.715727111141133 10.012983671080812
7.297434203132344 15.697660099013905
9.108037259617703 11.432788937019694
9.108037395338034 11.432788937019694
9.108037259617703 11.432789107381526
8.751130199868662 12.346018900165106
8.751130330270664 12.346018900165106
8.751130199868662 12.346019084135124
8.037876506410813 14.172697752155745
8.037876626184506 14.172697752155745
8.037876506410813 14.1726979633454
6.69415030410662 17.857307057279634
6.6941504038572335 17.857307057279634
6.69415030410662 17.857307323374243
6.607671594323258 18.36033711574071
6.607671692785238 18.36033711574071
6.607671594323258 18.36033738933105
6.60592891210235 18.369942899042638
6.605929010538361 18.369942899042638
6.60592891210235 18.369943172776118
0.01986598402051476 6.60592891210235 18.369942899042638 7.171990690884717e-05
0.02818411291640862 0.02704005375265061 0.025985141886935265 0.025009388581439047 0.024104238276613833 0.02326232131810884 0.022477256013338 0.02174348893834396 0.02105616516379283 0.02041102207509632 0.01980430194144018 0.019232679490697673 0.01869320157571023 0.01818323664557062 0.017700432215673058 0.017242678900100825 0.01680807985682549 0.016394924720302257 0.01600166727225606 0.01562690624084724 0.015269368729333672 0.014927895864108441
0.002588365902913264 0.0023936579935399487 0.0022200494261886768 0.0020646133155197586 0.0019249110609156417 0.0017988980859442406 0.001684850093537176 0.001581304895504289 0.0014870161737655634 0.0014009164609934358 0.0013220873020524159 0.0012497350504805064 0.001183171118271381 0.0011217957684898192 0.0010650847441195216 0.0010125781809723828 0.0009638713703484069 0.0009186070277247328 0.0008764687938491105 0.0008371757492010454 0.0008004777655470966 0.0007661515520192425
