14.969303781008445 13.112243336044466
14.969304004068453 13.112243336044466
14.969303781008445 13.112243531432117
8.62142059256532 7.57612040957068
8.621420721034498 7.57612040957068
8.62142059256532 7.576120522463672
10.71335466178973 2.9179335883634234
9.152935585071521 6.4154427622696275
9.15293572146089 6.4154427622696275
9.152935585071521 6.415442857867174
10.252057690999033 4.1109571908081435
9.436167384066179 5.843428824424541
9.43616752467603 5.843428824424541
9.436167384066179 5.843428911498417
9.996687038734965 4.696476992422361
9.99668718769721 4.696476992422361
9.996687038734965 4.696477062405322
10.60165906303135 3.572337482387283
10.159092115183384 4.421741409713311
10.159092266565652 4.421741409713311
10.159092115183384 4.421741475602393
10.460059254351256 3.858856893856017
10.460059410218285 3.858856893856017
10.460059254351256 3.8588569513574655
10.776992116371005 3.304804768128877
10.776992276960701 3.304804768128877
10.776992116371005 3.3048048173743054
11.11031380856207 2.7604548378765825
10.865440897484504 3.171986940126719
10.86544105939219 3.171986940126719
10.865440897484504 3.1719869873930078
11.031319493429546 2.8993345228075253
11.031319657809016 2.8993345228075253
11.031319493429546 2.8993345660109764
11.204111871393117 2.631010384161013
11.204112038347393 2.631010384161013
11.204111871393117 2.631010423366123
11.383247796883413 2.366879035280512
11.383247966507025 2.366879035280512
11.383247796883413 2.366879070549758
11.570009627888354 2.1080836185081497
11.432391464912369 2.3040233237534085
11.432391635268278 2.3040233237534085
11.432391464912369 2.3040233580860314
11.525293968930189 2.174281707211554
11.525294140670452 2.174281707211554
11.525293968930189 2.1742817396108762
11.621139701199564 2.0466989579018526
11.621139874368039 2.0466989579018526
11.621139701199564 2.0466989884000437
11.719413037814663 1.9209765906547713
11.719413212447526 1.9209765906547713
11.719413037814663 1.9209766192795532
11.745555155822741 1.890842310992211
11.745555330845152 1.890842310992211
11.745555155822741 1.890842339167957
11.795820752505362 1.8288801421384764
11.758180754900652 1.8753999816955575
11.758180930111198 1.8753999816955575
11.758180754900652 1.875400009641195
0.17240816277003468 11.758180754900652 1.8753999816955575 6.89981489053226e-05
0.03276565979466926 0.03143524110282514 0.030207821444043277 0.029071988057539914 0.028017939660784804 0.02703721418465767 0.026122469429885397 0.025267305122162704 0.02446611760021551 0.023713980413472037 0.023006545632296035 0.022339961823777007 0.021710805519449802 0.021116023669563576 0.020552885093474277 0.020018939335267147 0.0195119816457118 0.01903002305680393 0.01857126470891932 0.018134075744632036 0.017716974206347616 0.017318610473792295
0.003037302573041558 0.002798683357433454 0.002586841380050656 0.002397957005598702 0.0022288608450639178 0.0020769067427033904 0.0019398724795022756 0.0018158815645031485 0.0017033411980863907 0.0016008927311300975 0.0015073718492673142 0.0014217763779255555 0.0013432400983691732 0.0012710113347117959 0.0012044353503272535 0.0011429398032664542 0.0010860226715155318 0.0010332421828145718 0.0009842083795340206 0.0009385760235931664 0.0008960386046644658 0.0008563232607236638
