14.811374892579314 9.061315878790145
14.811375113286 9.061315878790145
14.811374892579314 9.061316013814274
9.367662452125408 5.748896229246356
9.367662591714456 5.748896229246356
9.367662452125408 5.748896314911586
11.536964306138803 1.3651652080152008
9.931224716493109 4.663731224880019
9.931224864479889 4.663731224880019
9.931224716493109 4.6637312943750295
11.076141917875733 2.502734544627882
10.227835756789641 4.12911148253564
10.227835909196271 4.12911148253564
10.227835756789641 4.1291115440641954
10.817059541850412 3.0576634699660605
10.81705970303716 3.0576634699660605
10.817059541850412 3.057663515528797
11.001025720221143 2.8135210120686094
11.0010258841492 2.8135210120686094
11.001025720221143 2.8135210539933393
11.332821356308546 2.2999959065445306
11.08557296475842 2.686186660559329
11.08557312994633 2.686186660559329
11.08557296475842 2.68618670058663
11.253794144843058 2.430940251958793
11.253794312537659 2.430940251958793
11.253794144843058 2.4309402881826254
11.430641559320854 2.181592930888245
11.430641729650686 2.181592930888245
11.430641559320854 2.181592963396513
11.615482377361188 1.9381119942243648
11.615482550445362 1.9381119942243648
11.615482377361188 1.938112023104484
11.572204392441918 2.00110075853683
11.5722045648812 2.00110075853683
11.572204392441918 2.0011007883555547
11.666420788983444 1.8807448519270376
11.595999984193247 1.9712023987946128
11.596000156987111 1.9712023987946128
11.595999984193247 1.9712024281678175
11.643312628958276 1.9111850508556878
11.607883664665836 1.9562419955933907
11.607883837636782 1.9562419955933907
11.607883664665836 1.956242024743668
0.16474038638522748 11.607883664665836 1.9562419955933907 8.896395869245712e-05
0.03286329604243802 0.03153048001334953 0.03030072672396169 0.029162630450125446 0.02810639388245669 0.02712355674155673 0.026206777070724073 0.02534965375291677 0.02454658153500081 0.02379263187053195 0.023083454408731916 0.022415195100428706 0.021784427760206112 0.02118809658875981 0.02062346767190387 0.02008808787039091 0.01957974982538773 0.019096462048635795 0.018636423259389506 0.018198000283727523 0.01777970895454314 0.01738019754912019
0.0030955513903845873 0.0028526877595970164 0.002637038733865735 0.0024447281593379115 0.0022725386977780937 0.0021177833548868515 0.0019782049945419266 0.0018518971580062066 0.0017372412301396199 0.0016328562428783056 0.0015375585182662577 0.0014503290251706457 0.001370286822630874 0.0012966673359440489 0.0012288044927588216 0.0011661159597837032 0.0011080908836613645 0.0010542796648161808 0.0010042853899581942 0.0009577566242954288 0.0009143813234754358 0.0008738816716660176
