11.210371554221144 4.910222316980359
11.210371721268698 4.910222316980359
11.210371554221144 4.910222390148373
14.328175911549254 1.1655485518636244
14.328176125055712 1.1655485518636244
14.328175911549254 1.1655485692316512
16.070911927475255 0.2864095762532808
14.769632047738936 1.3734965376633272
14.769632267823605 1.3734965376633272
14.769632047738936 1.3734965581300205
14.093960870086324 2.077749332901117
14.621799820874319 1.5676024467559344
14.621800038756115 1.5676024467559344
14.621799820874319 1.567602470115031
14.295656727679328 1.9305853220253888
14.544862187933605 1.6622780426008235
14.54486240466894 1.6622780426008235
14.544862187933605 1.6622780673706965
14.383966535302816 1.8457012150980072
14.505480828321243 1.7088594280230924
14.505481044469752 1.7088594280230924
14.505480828321243 1.7088594534870822
14.425651669027491 1.8011100276827017
14.485705592955856 1.7320783708163723
14.48570580880969 1.7320783708163723
14.485705592955856 1.7320783966263513
0.18662148896898734 14.485705592955856 1.7320783708163723 9.794288449144216e-05
0.027296908159265894 0.026157929853163207 0.02510964460226768 0.024141700476012093 0.02324525354723987 0.02241270465540852 0.0216374891057999 0.020913907365486338 0.020236987779151637 0.019602374493268005 0.01900623537545314 0.018445185906486448 0.017916225917193024 0.017416686720330195 0.016944186705308836 0.016496593861868494 0.016071994007418742 0.0156686637334676 0.015285047275521008 0.014919736660083577 0.014571454600956055 0.014239039711738982
0.002086279574805509 0.0019171156966413926 0.0017675830351589995 0.0016347790277502399 0.0015163144596236186 0.0014102090614267078 0.0013148108763515322 0.0012287334546284942 0.00115080654086691 0.0010800370618619705 0.0010155780421585267 0.0009567036685368243 0.0009027891587942567 0.0008532944104300299 0.0008077506429730484 0.0007657494261761018 0.0007269336210827433 0.0006909898634895611 0.0006576422978361561 0.0006266473300752686 0.0005977892150208065 0.0005708763303057267
