6.167597094690034 8.77884112882802
6.167597186594393 8.77884112882802
6.167597094690034 8.778841259642947
7.971017312001666 12.26000988480394
7.97101743077908 12.26000988480394
7.971017312001666 12.260010067492324
11.156936281891221 7.497149974068548
11.156936448142527 7.497149974068548
11.156936281891221 7.497150085784788
14.319915666819423 1.5138944329859667
12.167419944594343 6.140072467578555
12.167420125903028 6.140072467578555
12.167419944594343 6.140072559072765
13.689003404575734 3.1175354307243985
12.56560003503904 5.393656522293217
12.565600222281072 5.393656522293217
12.56560003503904 5.393656602664962
13.341591459039229 3.890136019909172
12.763492074470902 5.019811932015136
12.763492264661755 5.019811932015136
12.763492074470902 5.019812006816163
13.156734446674246 4.270782837448951
13.156734642724867 4.270782837448951
13.156734446674246 4.270782901088574
13.570997559724866 3.533171679067814
13.570997761948489 3.533171679067814
13.570997559724866 3.5331717317161746
14.008530788164355 2.8091213895063287
13.687426775733243 3.3566086679433247
13.687426979691796 3.3566086679433247
13.687426775733243 3.3566087179606914
13.905348490659458 2.9940743066555893
13.905348697865298 2.9940743066555893
13.905348490659458 2.9940743512707733
14.133835133936623 2.6381039556505916
14.133835344547178 2.6381039556505916
14.133835133936623 2.638103994961404
14.372829734711551 2.289101637963271
14.372829948883403 2.289101637963271
14.372829734711551 2.2891016720735435
14.440113062689347 2.207520276209189
14.4401132778638 2.207520276209189
14.440113062689347 2.2075203091038045
14.565678860507882 2.037333644372646
14.56567907755341 2.037333644372646
14.565678860507882 2.037333674731283
14.69674720681225 1.8713476575101686
14.696747425810848 1.8713476575101686
14.69674720681225 1.8713476853954216
14.832562651484915 1.709222939388477
14.832562872507323 1.709222939388477
14.832562651484915 1.7092229648578836
14.8696067583539 1.671495292382154
14.869606979928307 1.671495292382154
14.8696067583539 1.6714953172893747
14.939813272946674 1.5924155217821285
14.93981349556724 1.5924155217821285
14.939813272946674 1.592415545510969
15.012003325561102 1.51514223329934
15.012003549257383 1.51514223329934
15.012003325561102 1.5151422558767187
15.085726846384933 1.439330576631278
15.08572707117978 1.439330576631278
15.085726846384933 1.439330598078975
15.105117113737055 1.4213603837385496
15.10511733882084 1.4213603837385496
15.105117113737055 1.4213604049184698
0.22307059703165577 15.105117113737055 1.4213603837385496 4.294607353387275e-05
0.026751561483975485 0.02563247337485254 0.024602735871201774 0.023652120867214823 0.022771894775829894 0.02195455680486661 0.021193630042957125 0.020483493402423402 0.01981924544285826 0.0191965932719504 0.018611761321814115 0.018061415990866858 0.017542603035908776 0.017052695276218454 0.01658934868811657 0.016150465365582244 0.015734162129962797 0.015338743811463853 0.014962680413106796 0.014604587516232084 0.014263209404442851 0.01393740447694632
0.001995019111676723 0.0018327829387306419 0.0016894331674465932 0.0015621679076718562 0.0014486826120182553 0.0013470685364599937 0.0012557344136471275 0.0011733455108695458 0.001098775828474204 0.0010310703177003077 0.0009694148015092126 0.0009131118640070292 0.0008615613989685514 0.00081424482091884 0.0007707121746525896 0.0007305715530729875 0.0006934803644907867 0.0006591380902607421 0.0006272802499437841 0.0005976733499582409 0.00057011063723905 0.000544408514947376
