13.660035084944562 13.695289476837925
13.660035288494948 13.695289476837925
13.660035084944562 13.69528968091364
9.680303005647687 9.714779632884927
9.680303149895442 9.714779632884927
9.680303005647687 9.714779777646424
11.74365510382697 4.903533859269688
10.202568038254316 8.514744853528155
10.202568190284428 8.514744853528155
10.202568038254316 8.514744980407741
11.275479366847003 6.127227686097664
11.275479534864738 6.127227686097664
11.275479366847003 6.1272277774004715
12.466143925476814 3.796198974858629
11.602422769921915 5.560377555839974
11.602422942811486 5.560377555839974
11.602422769921915 5.560377638696056
12.194329955820043 4.393120035310927
12.19433013752972 4.393120035310927
12.194329955820043 4.393120100773517
12.832822350680793 3.250678921881248
12.832822541904747 3.250678921881248
12.832822350680793 3.2506789703201386
13.53307618647216 2.1450167666959774
13.024954121664392 2.9858428455518564
13.024954315751332 2.9858428455518564
13.024954121664392 2.985842890044382
13.374688967691757 2.4327636500820033
13.113976438298296 2.848590456400181
13.113976633711774 2.848590456400181
13.113976438298296 2.8485904988474866
13.29114207002731 2.5735175502809113
13.291142268080762 2.5735175502809113
13.29114207002731 2.5735175886293113
13.476925388462258 2.304190011142894
13.476925589284095 2.304190011142894
13.476925388462258 2.3041900454780007
13.670865748327934 2.040675492449876
13.670865952039708 2.040675492449876
13.670865748327934 2.04067552285831
13.724972965892116 1.979330510551274
13.72497317041015 1.979330510551274
13.724972965892116 1.979330540045597
13.826314541080897 1.8509051379609374
13.750524632363772 1.9473960183885577
13.750524837262557 1.9473960183885577
13.750524632363772 1.9473960474070198
0.16807526944532514 13.750524632363772 1.9473960183885577 7.955589175112624e-05
0.028352035284644438 0.027174578508829515 0.026090417093474386 0.025088957757277423 0.02416114184919712 0.02329917902206996 0.022496334137388725 0.021746755471568638 0.021045335234541954 0.020387595566328732 0.01976959477137965 0.01918784974053207 0.018639271406427627 0.01812111075835072 0.01763091346267145 0.01716648153592385 0.016725840828568213 0.016307213320408544 0.015908993419572443 0.015529727607938536 0.015168096895968026 0.014822901645909393
0.0022432336495465154 0.002062321575806077 0.0019022829044395863 0.0017600505620069785 0.0016330963151758534 0.0015193219584649373 0.001416975090287751 0.001324583378797413 0.0012409028553578099 0.001164876940110025 0.0010956037440114116 0.001032309802043709 0.0009743288397199481 0.0009210845058239242 0.0008720762508728894 0.0008268677159806757 0.0007850771369175537 0.000746369374930559 0.0007104492677912346 0.0006770560577719171 0.000645958702374114 0.0006169519120175133
