9.943782684389072 6.2072095018191975
9.943782832562981 6.2072095018191975
9.943782684389072 6.207209594313827
8.085122286003077 5.053074975847748
8.085122406480787 5.053074975847748
8.085122286003077 5.0530750511444325
9.891856673104567 1.456255676972554
8.543812758866993 4.157424129536877
8.543812886179724 4.157424129536877
8.543812758866993 4.1574241914873244
9.507477180995357 2.390590680935109
8.79372925916786 3.720745082666361
8.793729390204637 3.720745082666361
8.79372925916786 3.720745138109783
9.289910978620163 2.845307426590923
9.289911117050625 2.845307426590923
9.289910978620163 2.845307468989308
9.444461728472108 2.646811135706697
9.444461869205554 2.646811135706697
9.444461728472108 2.6468111751472563
9.722790993023631 2.227669551522327
9.722791137904506 2.227669551522327
9.722790993023631 2.22766958471719
9.80524047354132 2.1326760722407903
9.805240619650789 2.1326760722407903
9.80524047354132 2.13267610402014
9.956390505132555 1.931578136586139
9.956390653494335 1.931578136586139
9.956390505132555 1.9315781653688961
10.116214530786342 1.73730257816869
10.116214681529685 1.73730257816869
10.116214530786342 1.7373026040565156
10.160472729612497 1.692618897449923
10.16047288101534 1.692618897449923
10.160472729612497 1.69261892267191
10.077762143327979 1.7873851195974781
10.139951933802289 1.7164464405627535
10.139952084899347 1.7164464405627535
10.139951933802289 1.7164464661397987
10.119404737407235 1.7402512214225114
10.134860337667737 1.7224363552758357
10.134860488688926 1.7224363552758357
10.134860337667737 1.7224363809421375
0.18909242491738865 10.134860337667737 1.7224363552758357 0.00015548468824996283
0.038242036773796166 0.036734007238964174 0.035339427072863645 0.03404609384824764 0.03284347592937847 0.031722439008056276 0.03067502408512151 0.029694266065359944 0.028774044638091887 0.027908960993339223 0.027094235342254257 0.026325621290628987 0.025599333942521226 0.024911989250443738 0.024260552625444097 0.023642295208951385 0.02305475651392383 0.02249571238466526 0.021963147417069725 0.021455231134918772 0.020970297341532624 0.020506826165970996
0.0039965537014599395 0.0036931701985509946 0.0034226489447614023 0.003180472829967199 0.00296286449797859 0.0027666475608534745 0.0025891368607896944 0.0024280511247801607 0.002281443002632539 0.002147642690057182 0.002025212236653124 0.00191290830947663 0.001809651687468672 0.0017145021441051015 0.0016266376668319029 0.0015453371851629023 0.0014699661516030102 0.0013999644532469897 0.00133483623621842 0.0012741413069470185 0.0012174878388125495 0.0011645261638232362
