13.449072302639483 14.00403201500299
13.449072503046278 14.00403201500299
13.449072302639483 14.004032223679328
9.80567655077148 10.22420229357298
9.805676696887447 10.22420229357298
9.80567655077148 10.224202445925465
11.849583803737685 5.39453081213648
10.320530604800124 9.01843261391466
10.320530758588015 9.01843261391466
10.320530604800124 9.018432748299778
11.383684461010937 6.621450188581446
11.383684630641055 6.621450188581446
11.383684461010937 6.621450287248742
11.7047543880105 6.049914619863489
11.704754562424931 6.049914619863489
11.7047543880105 6.049914710014241
12.28730118950183 4.87535323730178
12.287301372596886 4.87535323730178
12.28730118950183 4.875353309950204
12.910037329194548 3.721596366183056
12.910037521569095 3.721596366183056
12.910037329194548 3.721596421639163
13.0920566285876 3.449009360381644
13.092056823674445 3.449009360381644
13.0920566285876 3.4490094117758883
13.427013718417212 2.885500219101629
13.177046115263106 3.3088827660982507
13.177046311616394 3.3088827660982507
13.177046115263106 3.3088828154044463
13.346231140195897 3.028149568165041
13.346231339070238 3.028149568165041
13.346231140195897 3.028149613287986
13.69518871815568 2.47320145066422
13.435136754015218 2.8904743448957877
13.435136954214357 2.8904743448957877
13.435136754015218 2.890474387967212
13.611760902300238 2.6143609418782825
13.611761105131281 2.6143609418782825
13.611760902300238 2.614360980835296
13.7967532981566 2.3437828301274624
13.796753503744245 2.3437828301274624
13.7967532981566 2.3437828650525483
13.989676850826323 2.0788013139633934
13.989677059288752 2.0788013139633934
13.989676850826323 2.0788013449399467
14.043376526274153 2.016906130996502
14.043376735536771 2.016906130996502
14.043376526274153 2.0169061610507457
14.144105942753278 1.8876302247857777
14.14410615351688 1.8876302247857777
14.144105942753278 1.88763025291366
14.24861475335754 1.7613900418925668
14.248614965678446 1.7613900418925668
14.24861475335754 1.7613900681393238
14.356238279614647 1.6377945247132826
14.356238493539268 1.6377945247132826
14.356238279614647 1.6377945491183228
14.467280126237158 1.5172607801871476
14.467280341816432 1.5172607801871476
14.467280126237158 1.517260802796095
14.497190991677032 1.4892606492398721
14.497191207702011 1.4892606492398721
14.497190991677032 1.489260671431585
0.2119401051940677 14.497190991677032 1.4892606492398721 5.102525964103691e-05
0.027563879728694472 0.02641573066360028 0.0253588402805609 0.02438281201983238 0.02347876075998479 0.022639049543975862 0.021857079130466556 0.02112711848383858 0.020444167258525766 0.019803843485882128 0.019202291262028152 0.018636104420650227 0.018102263066242488 0.01759808051921596 0.0171211587407878 0.016669350703145826 0.016240728478590198 0.0158335560618781 0.015446266128901173 0.015077440084087257 0.014725790867542981 0.014390148087749959
0.002158903000876897 0.0019841986692278016 0.001829725231899739 0.0016924983265747169 0.0015700601094347534 0.00146037245401427 0.0013617343984896678 0.0012727177971737474 0.0011921167622103892 0.0011189076412231828 0.0010522171099495345 0.0009912965632775709 0.0009355014304361526 0.0008842743666110684 0.0008371315162760368 0.0007936512258110173 0.0007534647207332959 0.0007162483677117719 0.0006817172218776425 0.0006496196219135703 0.0006197326434983133 0.0005918582592339076
