6.474943717478203 12.438250655137733
6.4749438139623825 12.438250655137733
6.474943717478203 12.43825084048211
9.674746832184248 9.405611562369415
9.67474697634921 9.405611562369415
9.674746832184248 9.405611702523949
14.137848670569891 0.49847558136459824
11.158177650226985 7.404872987286316
11.158177816496789 7.404872987286316
11.158177650226985 7.404873097627522
13.325802677353378 2.9198435456044347
11.742100615865226 6.304911883593841
11.74210079083616 6.304911883593841
11.742100615865226 6.30491197754435
12.846896522746539 4.0726601410964145
12.025463461242575 5.7504521350830196
12.025463640435945 5.7504521350830196
12.025463461242575 5.750452220771434
12.58721691998425 4.639005550209104
12.5872171075484 4.639005550209104
12.58721691998425 4.6390056193356735
13.187726049685546 3.548010937673589
13.187726246197977 3.548010937673589
13.187726049685546 3.548010990543072
13.83616163105402 2.4848027001907087
13.3635736241247 3.29109137968194
13.363573823257465 3.29109137968194
13.3635736241247 3.291091428723023
13.68702632098883 2.7590213957979093
13.687026524941414 2.7590213957979093
13.68702632098883 2.759021436910532
13.780407813218515 2.634472593765748
13.780408018562593 2.634472593765748
13.780407813218515 2.634472633022449
13.953914453283511 2.375966356765335
13.95391466121304 2.375966356765335
13.953914453283511 2.375966392169993
14.136382163443814 2.1237054532079
14.136382374092324 2.1237054532079
14.136382163443814 2.123705484853577
14.327242474936432 1.877733157589676
14.186769490246842 2.064382236063874
14.186769701646181 2.064382236063874
14.186769490246842 2.0643822668255662
14.281674021467516 1.9409900275072818
14.281674234281043 1.9409900275072818
14.281674021467516 1.940990056430287
14.30705787567571 1.9114910166051307
14.307058088867485 1.9114910166051307
14.30705787567571 1.9114910450885665
0.17645696444871517 14.30705787567571 1.9114910166051307 6.123986632231266e-05
0.027818194395750683 0.026657743486410257 0.025589672131949216 0.024603438722799954 0.02369003684960016 0.022841727398666196 0.022051824505366597 0.021314523222155223 0.020624759769976637 0.01997809744369609 0.019370632867690078 0.01879891850874979 0.018259898263571637 0.017750853627759862 0.017269358479961847 0.016813240919998296 0.016380550913854746 0.015969532743346646 0.015578601450572108 0.015206322619158111 0.01485139495498003 0.01451263522543729
0.0020311611373151094 0.0018665099629384392 0.0017209608875701939 0.0015916904449982856 0.001476374363897384 0.0013730860793796957 0.001280218342020977 0.0011964221525246487 0.0011205588110369449 0.001051661979299435 0.00098890744994898 0.0009315888941739851 0.0008790982807895618 0.0008309099709534139 0.0007865677241565997 0.000745674024586798 0.0007078812679673214 0.0006728844486270582 0.0006404150628788541 0.0006102360036224434 0.0005821372667322442 0.0005559323254116052
