10.47989041511184 2.569079207306956
10.479890571274376 2.569079207306956
10.47989041511184 2.5690792455892195
12.599325507505101 0.37664440911000696
11.228366380024468 2.4243132033594903
11.228366547340165 2.4243132033594903
11.228366380024468 2.4243132394845723
12.122471542873068 1.1892950571079013
11.471077260565034 2.130400299670446
11.471077431497404 2.130400299670446
11.471077260565034 2.1304003314158844
11.932501349142395 1.5235549516357434
11.590134189919528 1.9815756068449462
11.590134362625985 1.9815756068449462
11.590134189919528 1.9815756363727237
11.826798291939687 1.6827722111100683
11.650496554932111 1.9078380974242382
11.65049672853804 1.9078380974242382
11.650496554932111 1.907838125853241
11.770338620645886 1.7596449096341749
11.68079414871888 1.871064946048508
11.680794322776276 1.871064946048508
11.68079414871888 1.8710649739295484
11.741097850854358 1.7972794534755308
11.741098025810349 1.7972794534755308
11.741097850854358 1.7972794802570815
11.726308277597969 1.815956196653518
11.726308452333578 1.815956196653518
11.726308277597969 1.815956223713374
0.17515075741222474 11.726308277597969 1.815956196653518 5.500990687831078e-05
0.03273901632201511 0.0314111428386035 0.030185957283633227 0.029052094576976554 0.027999792441721325 0.027020620945678867 0.026107264544609297 0.025253345211262133 0.024453277961895097 0.02370215211363599 0.022995633117559366 0.022329880951735288 0.02170148192413285 0.02110739139781968 0.020544885461643566 0.020011519965973758 0.01950509565271584 0.019023628352178263 0.018565323411778023 0.01812855367455351 0.017711840447744 0.017313836999958008
0.0031093430188027247 0.0028653800607025756 0.002648756916264151 0.002455579293397781 0.002282614853286716 0.0021271641156229504 0.0019869594880510665 0.00186008570521927 0.001744916694674754 0.0016400651414272245 0.0015443419396412507 0.0014567233951415857 0.0013763245437267832 0.0013023773252928057 0.0012342126363268928 0.001171245497714882 0.0011129627385478835 0.0010589127224800783 0.0010086967405352682 0.0009619617699927214 0.0009183943582356755 0.0008777154370574668
