1.8564916714362436 3.368105065960997
1.8564916991001252 3.368105065960997
1.8564916714362436 3.3681051161496733
2.711459766283055 7.117734730108949
2.7114598066869537 7.117734730108949
2.711459766283055 7.117734836171461
2.769146382383263 13.710983424679434
2.7691464236467596 13.710983424679434
2.769146382383263 13.710983628989007
3.9974215323841684 14.57375280283938
3.997421591950391 14.57375280283938
3.9974215323841684 14.573753020005219
4.92685218018777 12.654640344816276
4.926852253603588 12.654640344816276
4.92685218018777 12.65464053338511
5.187457283212192 12.041656793813207
5.1874573605113286 12.041656793813207
5.187457283212192 12.041656973247877
5.209037424211505 11.99094677455531
5.209037501832212 11.99094677455531
5.209037424211505 11.99094695323434
0.029059145947793685 5.209037424211505 11.99094677455531 0.00014427517399971538
0.037528565266533545 0.03608783829174789 0.03475400493085258 0.03351566079100325 0.032362959353092045 0.03128735615878435 0.030281401542115248 0.02933857154058761 0.028453129063282918 0.02762000920992934 0.026834723997811782 0.02609328278474815 0.025392125463038193 0.024728066103912292 0.024098245200049974 0.023500089018529614 0.02293127486273814 0.022389701267640567 0.021873462332144194 0.02138082553547093 0.0209102124993789 0.020460182250794063
0.004551186538764169 0.004231269782938025 0.003944014805049991 0.0036851391059723702 0.0034510370356691865 0.003238655785673489 0.0030453970298813184 0.0028690383387224945 0.0027076699605645747 0.002559643636772864 0.002423530907450648 0.0022980889528304415 0.0021822324562042012 0.0020750103075695627 0.0019755862210029613 0.001883222533474412 0.0017972666031813988 0.0017171393423486938 0.0016423255108357017 0.0015723654687839076 0.0015068481434024894 0.0014454050102088807
