5.0653844625629265 7.578390982655545
5.065384538043037 7.578390982655545
5.0653844625629265 7.57839109558237
5.9459860639464175 12.034610356685185
5.945986152548515 12.034610356685185
5.9459860639464175 12.034610536014855
8.271783164922791 8.755525533710077
8.271783288181965 8.755525533710077
8.271783164922791 8.755525664177576
10.913857972579992 3.201792300774814
9.097073882568216 7.458248678771259
9.09707401812518 7.458248678771259
9.097073882568216 7.458248789907825
10.3855051093932 4.666103804000455
9.434279256022878 6.767379271530488
9.434279396604593 6.767379271530488
9.434279256022878 6.7673793723722975
10.088906728491873 5.376158627893934
10.088906878828299 5.376158627893934
10.088906728491873 5.376158708004941
10.79651689502593 4.011123881373065
10.796517055906568 4.011123881373065
10.79651689502593 4.0111239411434685
11.006944044398754 3.689452596916704
11.006944208415002 3.689452596916704
11.006944044398754 3.6894526518938315
11.39044696368777 3.0231692392942016
11.10445595834182 3.5238342804525984
11.104456123811108 3.5238342804525984
11.10445595834182 3.523834332961821
11.298367639835728 3.1919453529223425
11.298367808194525 3.1919453529223425
11.298367639835728 3.1919454004860346
11.500515822131682 2.8650078775062933
11.500515993502722 2.8650078775062933
11.500515822131682 2.8650079201982375
11.710446166675698 2.543012146359732
11.555535706417428 2.7862213789136145
11.555535878608328 2.7862213789136145
11.555535706417428 2.7862214204315485
11.660028525693352 2.624916540706531
11.660028699441318 2.624916540706531
11.660028525693352 2.6249165798208356
11.639899163307783 2.657526135563031
11.639899336755796 2.657526135563031
11.639899163307783 2.657526175163256
0.1280530104800699 11.639899163307783 2.657526135563031 7.622073470552499e-05
0.032035660765411846 0.030727485288222264 0.029521174367444038 0.028405371990316734 0.027370335888421166 0.026407663062739006 0.025510069031791198 0.02467120902109521 0.023885532152087347 0.02314816178693739 0.022454796749838392 0.021801629321222475 0.02118527679244685 0.020602724048950867 0.020051275173287402 0.01952851246482339 0.01903226158897368 0.018560561816813863 0.01811164051165422 0.017683891174541774 0.017275854484690822 0.016886201870368062
0.0027800065361840566 0.00256016941422058 0.002365172845548355 0.0021914472583953273 0.002036035529741518 0.0018964723628795363 0.0017706902161314327 0.0016569453751190384 0.0015537594321706942 0.0014598726417702455 0.00137420649800652 0.0012958335236020473 0.001223952736269656 0.0011578696131826329 0.001096979641044291 0.0010407547410217393 0.0009887320115185907 0.000940504349624763 0.0008957126030288365 0.0008540389747814216 0.0008152014584259837 0.0007789491242987698
