5.34113291105632 3.116283229645296
5.341132990645403 3.116283229645296
5.34113291105632 3.1162832760815347
4.456344774207029 9.236419820754046
4.456344840611741 9.236419820754046
4.456344774207029 9.236419958387426
6.118309593181548 9.615777437401514
6.118309684351466 9.615777437401514
6.118309593181548 9.615777580687764
7.679668617194373 6.825195224386332
7.679668731630353 6.825195224386332
7.679668617194373 6.825195326089666
8.324237489221424 5.6427765848210285
8.324237613262229 5.6427765848210285
8.324237489221424 5.642776668904952
8.404752429759455 5.516298297085552
8.404752555000025 5.516298297085552
8.404752429759455 5.516298379284802
8.4004161307072 5.525769757253078
8.400416255883155 5.525769757253078
8.4004161307072 5.5257698395934645
0.06180714802076748 8.4004161307072 5.525769757253078 0.00012353518300775942
0.03601957318401383 0.03458964114494355 0.03326811488150445 0.032043231892551594 0.03090485616022878 0.02984420900899264 0.028853651210647202 0.02792650540246106 0.027056910449370832 0.026239701293651267 0.025470309273701204 0.024744678983858865 0.024059198579857426 0.023410641075083286 0.022796114668918167 0.022213020535214498 0.021659016802353704 0.021131987695760728 0.0206300170037622 0.020151365179300385 0.019694449511636652 0.019257826900224238
0.003770119621327027 0.0034832195105700702 0.0032275282477990924 0.0029987302146241785 0.002793222114207662 0.002607978018436023 0.0024404429950702685 0.00228844867624021 0.0021501457972126804 0.0020239499538699857 0.0019084977264532308 0.0018026109852142603 0.0017052676937657188 0.0016155779030303458 0.0015327639149941294 0.0014561438142671774 0.001385117733727972 0.0013191563507274696 0.0012577912116618112 0.001200606562029915 0.0011472324214971577 0.0010973386928458256
