11.643425930353288 11.797694622554902
11.643426103853855 11.797694622554902
11.643425930353288 11.79769479835425
8.173652130418587 8.29877896583986
8.173652252215495 8.29877896583986
8.173652130418587 8.298779089501304
10.095683605963035 3.849382560973752
8.657945071405285 7.18807257693722
8.65794520041872 7.18807257693722
8.657945071405285 7.188072684047848
9.665902263884108 4.984245079539804
8.91703281417842 6.640417918138088
8.917032947052563 6.640417918138088
8.91703281417842 6.640418017088026
9.429706078858075 5.542522450107824
9.429706219371646 5.542522450107824
9.429706078858075 5.542522532697844
9.976151714586814 4.461039439500768
9.976151863243059 4.461039439500768
9.976151714586814 4.461039505975435
10.557240688002581 3.397769041147979
10.132216064476673 4.201410974895336
10.132216215458458 4.201410974895336
10.132216064476673 4.201411037501238
10.421360675649519 3.6690131184107555
10.421360830939895 3.6690131184107555
10.421360675649519 3.6690131730833113
10.726271456551638 3.145485182719324
10.726271616385539 3.145485182719324
10.726271456551638 3.145485229590706
11.047416795444558 2.6317559202989087
11.047416960063897 2.6317559202989087
11.047416795444558 2.631755959515128
11.139882562547731 2.5117941049200083
11.139882728544917 2.5117941049200083
11.139882562547731 2.511794142348657
11.310627915180163 2.261576108975783
11.310628083721653 2.261576108975783
11.310627915180163 2.261576142675893
11.358132891353808 2.202597587059018
11.358133060603176 2.202597587059018
11.358132891353808 2.20259761988028
11.447813076248108 2.0805393236259198
11.447813246833816 2.0805393236259198
11.447813076248108 2.0805393546283715
11.631890142437308 1.839959493542235
11.494581242175753 2.0209748420575466
11.494581413458361 2.0209748420575466
11.494581242175753 2.0209748721724186
11.587476375740875 1.9013452077903734
11.587476548407729 1.9013452077903734
11.587476375740875 1.9013452361226248
11.683619193036533 1.7843096836217112
11.683619367136025 1.7843096836217112
11.683619193036533 1.7843097102099974
11.782416842911324 1.669506462350714
11.782417018483017 1.669506462350714
11.782416842911324 1.669506487228299
11.884101674931875 1.5572525084251092
11.884101852018789 1.5572525084251092
11.884101674931875 1.55725253162998
11.911339719480328 1.5309487799562642
11.911339896973121 1.5309487799562642
11.911339719480328 1.5309488027691787
11.963485385210129 1.4760304919791183
11.963485563479953 1.4760304919791183
11.963485385210129 1.4760305139736867
11.977091946780172 1.4628657366533566
11.97709212525275 1.4628657366533566
11.977091946780172 1.4628657584517548
0.21146001339375253 11.977091946780172 1.4628657366533566 7.477601595001864e-05
0.032814383343536896 0.031484704969709114 0.030257757097047127 0.029122181126111576 0.028068218706696107 0.027087441996895396 0.026172536227208266 0.025317123209358857 0.02451561714066891 0.02376310606517641 0.023055253856298245 0.022388218719662945 0.021758585076426317 0.0211633063471295 0.02059965666488092 0.020065189941571172 0.019557705019398387 0.01907521588256482 0.01861592609583789 0.018178206789223036 0.01776057762996923 0.01736169032115383
0.0031563189717536233 0.002908957958553605 0.002689284077817408 0.0024933585731300332 0.0023179113092491924 0.002160210557389978 0.0020179611081143837 0.0018892239586116317 0.001772352560333383 0.0016659418735852079 0.0015687873972334704 0.0014798520208793376 0.0013982390513483562 0.0013231701429004103 0.0012539671451625297 0.0011900370988006987 0.0011308597739949327 0.0010759772736943524 0.0010249853218156464 0.0009775259329582171 0.0009332812200086757 0.0008919681430613678
