8.996136569135261 6.462521307573399
8.996136703188142 6.462521307573399
8.996136569135261 6.462521403872471
10.22930435284478 5.535070036796252
10.229304505273292 5.535070036796252
10.22930435284478 5.535070119275224
11.145838702649757 3.839868850683799
11.145838868735696 3.839868850683799
11.145838702649757 3.8398689079023036
10.852873392037434 4.449174647275279
10.852873553757851 4.449174647275279
10.852873392037434 4.449174713573147
11.239917720630647 3.7415908401342306
10.954947500953077 4.275290314842475
10.954947664194515 4.275290314842475
10.954947500953077 4.275290378549265
11.147424682107378 3.9209288132075026
11.003446225834535 4.186907087480018
11.003446389798661 4.186907087480018
11.003446225834535 4.186907149869795
11.100110376881224 4.009958149424579
11.100110542285758 4.009958149424579
11.100110376881224 4.009958209177611
11.056921907245465 4.089300872694246
11.056922072006442 4.089300872694246
11.056921907245465 4.089300933629578
11.110331181464002 3.992439880109458
11.07036109131077 4.065133725878266
11.070361256272006 4.065133725878266
11.07036109131077 4.06513378645348
0.08389325370011691 11.07036109131077 4.065133725878266 5.632594755057626e-05
0.031060899039815303 0.0297893151425467 0.02861702000470821 0.02753291117632347 0.026527469151016576 0.02559248715985967 0.024720854058540593 0.02390637861556205 0.023143646340093416 0.022427902076227982 0.021754953144614297 0.021121088979201313 0.02052301408991072 0.019957791855596638 0.019422797169183617 0.018915676357323667 0.018434313108843404 0.017976799390781364 0.017541410523675766 0.017126583740753935 0.016730899677713837 0.016353066337653654
0.002729921139918664 0.0025136228174525263 0.002321821168999691 0.0021509866590509632 0.001998197191366301 0.0018610180539146883 0.0017374083946579625 0.001625647797158042 0.0015242782104908864 0.0014320577010782755 0.0013479233751301817 0.00127096146587758 0.0012003830565984778 0.0011355042654732708 0.001075729984669015 0.001020540467347112 0.0009694802094712099 0.0009221486906398645 0.0008781926286395986 0.0008372994725915516 0.0007991919143211041 0.0007636232405438632
