10.280501935178906 5.507227278930314
10.280502088370323 5.507227278930314
10.280501935178906 5.507227360994396
10.066974177418432 5.384587149860358
10.066974327428037 5.384587149860358
10.066974177418432 5.384587230096959
11.466291079992763 2.5971845453795352
10.416795029065094 4.6877140734637806
10.416795184287436 4.6877140734637806
10.416795029065094 4.687714143316164
10.63761275795693 4.281944713684704
10.637612916469712 4.281944713684704
10.63761275795693 4.2819447774906525
11.080007834879924 3.4708198362286025
10.750097419850327 4.080203514320654
10.750097580039261 4.080203514320654
10.750097419850327 4.080203575120424
10.973673543361796 3.6759474571934243
10.973673706882275 3.6759474571934243
10.973673543361796 3.67594751196931
11.206448160005493 3.276917106750191
11.206448326994584 3.276917106750191
11.206448160005493 3.276917155580061
11.447987115086892 2.88313013908029
11.269686568178445 3.180278701329362
11.269686736109861 3.180278701329362
11.269686568178445 3.1802787487192075
11.389941894964426 2.983070772833284
11.389942064687787 2.983070772833284
11.389941894964426 2.9830708172845024
11.51367706693722 2.788027398429074
11.513677238504378 2.788027398429074
11.51367706693722 2.78802743997392
11.640400979071767 2.594912508336588
11.546379567487307 2.7404346902123327
11.54637973954177 2.7404346902123327
11.546379567487307 2.7404347310479915
11.483421483088794 2.8372559548157197
11.530710344392277 2.7646855727118687
11.53071051621325 2.7646855727118687
11.530710344392277 2.764685613908894
0.12550022481431444 11.530710344392277 2.7646855727118687 7.968160287047694e-05
0.032395667107632635 0.03107346968780705 0.029854175920383953 0.02872632003980435 0.027680064729613294 0.02670692430215809 0.02579954202927536 0.02495150975531291 0.024157220782986807 0.023411749135525125 0.022710749873949405 0.022050376332883665 0.021427211036098116 0.02083820773869526 0.0202806425703603 0.019752072662731605 0.019250300962585364 0.018773346182556324 0.01831941703849131 0.01788689007923389 0.01747429053973653 0.017080275748785706
0.002753604823242082 0.0025359946987088345 0.0023429572086994845 0.002170963725163242 0.0020170906078092504 0.0018789001398387885 0.0017543476518201806 0.0016417085186353371 0.001539520360178324 0.0014465369638303027 0.001361691310953795 0.0012840657240225837 0.0012128676204504307 0.0011474097092886975 0.0010870937300178198 0.00103139703171981 0.000979861442588882 0.0009320839960576323 0.0008877091695882422 0.0008464223618799793 0.0008079443886768986 0.000772026820104932
