5.027790005723492 6.841726079153196
5.027790080643402 6.841726079153196
5.027790005723492 6.841726181102859
5.4375527651540985 14.155880080169183
5.4375528461799485 14.155880080169183
5.4375527651540985 14.155880291108234
8.244916017886451 12.09988370605271
8.244916140745273 12.09988370605271
8.244916017886451 12.099883886355027
11.873976870081291 4.42409023469844
11.873977047017334 4.42409023469844
11.873976870081291 4.424090300622521
14.65785108946961 0.22952676927506488
12.83433442869147 3.610620348625352
12.834334619937955 3.610620348625352
12.83433442869147 3.610620402427788
14.125215683074707 1.449670286548066
13.177030257073861 3.0828282084876144
13.177030453426912 3.0828282084876144
13.177030257073861 3.0828282544253343
13.846355776212958 2.0169842962018407
13.349516676437878 2.8196748717608173
13.349516875361177 2.8196748717608173
13.349516676437878 2.819674913777247
13.692731512686793 2.2922200868166502
13.437031477296824 2.688940520863719
13.437031677524196 2.688940520863719
13.437031477296824 2.688940560932055
13.610932563630673 2.426719896832401
13.610932766449373 2.426719896832401
13.610932563630673 2.4267199329933455
13.793662418233815 2.170573368977384
13.793662623775402 2.170573368977384
13.793662418233815 2.1705734013214477
13.984708603105483 1.9205681715485166
13.844076816741904 2.1101915327885568
13.844077023034725 2.1101915327885568
13.844076816741904 2.110191564232861
13.939081174832005 1.984794232906324
13.9390813825405 1.984794232906324
13.939081174832005 1.9847942624820627
14.037318500874203 1.8619132390710469
14.037318710046549 1.8619132390710469
14.037318500874203 1.8619132668157161
14.013655407882318 1.8933290385941228
14.013655616702057 1.8933290385941228
14.013655407882318 1.893329066806924
0.17416089802888812 14.013655407882318 1.8933290385941228 7.573241928882274e-05
0.028079566953246902 0.026911192990768544 0.025835580511530672 0.02484217441518237 0.02392195214283728 0.02306715708349154 0.02227108539700265 0.021527914251536332 0.020832562439656855 0.02018057650873078 0.019568037146326368 0.01899148175842908 0.018447840078935383 0.017934380332022652 0.017448663991180342 0.016988507580799006 0.016551950278032163 0.01613722631606338 0.015742741381140492 0.015367052346878506 0.015008849809479858 0.014666942983555049
0.002159131085988282 0.001984618176944366 0.001830287901564006 0.0016931671575234125 0.0015708065919414593 0.001461174530963687 0.0013625749512529333 0.0012735835112858802 0.0011929972708207312 0.0011197948735021674 0.0010531047919880663 0.0009921798333377967 0.0009363765405874632 0.0008851384500794697 0.0008379824051094102 0.0007944873073079684 0.0007542848239085042 0.0007170516731620074 0.0006825031899715734 0.0006503879353984593 0.0006204831615003991 0.0005925909803008017
