11.389155457629194 10.890715547623504
11.389155627340836 10.890715547623504
11.389155457629194 10.890715709907813
9.977528184436323 9.552619455195847
9.97752833311308 9.552619455195847
9.977528184436323 9.55261959754097
9.17716316466154 11.409929297260074
9.777786865449563 10.017097556276687
9.777787011149941 10.017097556276687
9.777786865449563 10.017097705543073
9.383942935790328 10.948458368554885
9.383943075621975 10.948458368554885
9.383942935790328 10.948458531699627
9.294241182451033 11.181089032961133
9.29424132094602 11.181089032961133
9.294241182451033 11.181089199572343
9.29947775975394 11.169163062424932
9.299477898326957 11.169163062424932
9.29947775975394 11.169163228858432
0.03185525137567091 9.29947775975394 11.169163062424932 8.000277230210799e-05
0.027961990867729533 0.026807490822757383 0.025744067219025 0.0247614133805505 0.02385071248349631 0.023004379227638018 0.02221585316928612 0.021479432113318236 0.020790136832575266 0.02014360048223409 0.019535977627402383 0.01896386895825934 0.018424258636626382 0.017914461877369517 0.017432080872210626 0.016974967551833333 0.01654119198336668 0.016129015435532947 0.01573686732859396 0.01536332543238802 0.015007098791989956 0.014667012953481653
0.0023071848538110213 0.0021247747091080213 0.001963018676639371 0.0018189354299391178 0.0016900588970350614 0.0015743357161746056 0.0014700455801042967 0.0013757388464283296 0.0012901872902108568 0.001212344944896509 0.0011413167493078426 0.001076333280468626 0.0010167302650368989 0.0009619318683304423 0.0009114369887951442 0.000864807958170411 0.0008216611784418548 0.0007816593266631325 0.0007445048356624079 0.0007099344182213513 0.0006777144487261782 0.0006476370526599661
