5.436422369626671 6.684911919245565
5.436422450635677 6.684911919245565
5.436422369626671 6.6849120188585145
8.606189678022904 3.241901836696153
8.606189806265125 3.241901836696153
8.606189678022904 3.241901885004255
10.968402596074522 0.3200192036755518
9.461776786289057 2.85420195324428
9.461776927280518 2.85420195324428
9.461776786289057 2.8542019957752034
10.50080540828935 1.2890241612655196
9.745750883162268 2.480111272833763
9.745751028385273 2.480111272833763
9.745750883162268 2.480111309790301
10.28161631320131 1.708626509310266
9.884193959895361 2.290427863646469
9.88419410718133 2.290427863646469
9.884193959895361 2.290427897776504
10.159428870931023 1.9098613535432414
9.954471081634344 2.196365668987062
9.954471229967522 2.196365668987062
9.954471081634344 2.1963657017154605
10.09397376677572 2.0074601845389246
10.09397391718765 2.0074601845389246
10.09397376677572 2.0074602144524123
10.240592957404845 1.8240232903341327
10.132451747630844 1.96311959855579
10.132451898616141 1.96311959855579
10.132451747630844 1.9631196278085516
10.205349921937847 1.8710738138246814
10.150795814565818 1.9402033193576103
10.150795965824463 1.9402033193576103
10.150795814565818 1.9402033482688927
10.169115907523254 1.9172678699825787
10.16911605905489 1.9172678699825787
10.169115907523254 1.9172678985520963
10.150799058715595 1.9402059103034326
10.16457261522871 1.9230308800794442
10.164572766692645 1.9230308800794442
10.16457261522871 1.9230309087348374
0.17300557684441698 10.16457261522871 1.9230308800794442 0.00014522267405935483
0.0377877264693674 0.03629177879843702 0.034908793262254725 0.033626572949974724 0.03243459761345995 0.03132374812370179 0.03028608298057278 0.029314655869024195 0.028403365810696236 0.027546833373301924 0.02674029784397826 0.02597953137058533 0.025260766915673583 0.02458063751618744 0.023936124845269868 0.023324515465708316 0.022743363473573454 0.02219045847487638 0.021663798032243064 0.021161563873774148 0.020682101280893483 0.02022390117258711
0.0038246664170804357 0.0035329810533048338 0.003273039667650957 0.0030404575246906805 0.0028315716065006363 0.002643304501381008 0.0024730569338501226 0.002318622338017357 0.0021781185169429075 0.0020499326356110564 0.001932676687042982 0.0018251512360781604 0.0017263157446970824 0.0016352641602696697 0.001551204735394671 0.0014734432679956446 0.0014013691198426885 0.001334443503032838 0.001272189626343332 0.0012141843735994646 0.0011600512493960703 0.0011094543775454874
