12.8918775481594 2.086776594819321
12.891877740263345 2.086776594819321
12.8918775481594 2.086776625914715
12.346231092705514 2.0009191409245446
12.346231276678694 2.0009191409245446
12.346231092705514 2.000919170740563
9.964097017671786 5.0595657078231
11.751558493406744 2.766250505715681
12.198425609851533 2.1929191777251016
12.19842579162224 2.1929191777251016
12.198425609851533 2.1929192104021435
12.057683817174606 2.3901556416134975
12.057683996848096 2.3901556416134975
12.057683817174606 2.390155677229592
11.782386927380898 2.7889707893227667
11.990734385186768 2.4911278768060705
11.990734563862633 2.4911278768060705
11.990734385186768 2.4911279139267686
11.85453227852562 2.6915261328717834
11.854532455171915 2.6915261328717834
11.85453227852562 2.6915261729786484
11.59052046196796 3.097899926675444
11.590520634680175 3.097899926675444
11.59052046196796 3.09789997283775
11.343530651343654 3.5148386907886215
11.343530820375433 3.5148386907886215
11.343530651343654 3.5148387431637995
10.861044823208463 4.355418861824388
11.226825564829301 3.7271836876093403
11.22682573212204 3.7271836876093403
11.226825564829301 3.7271837431487054
10.988221074395668 4.148977235114943
10.98822123813292 4.148977235114943
10.988221074395668 4.148977296939521
10.526705504012016 5.001251238345871
10.526705660872151 5.001251238345871
10.526705504012016 5.0012513128703215
10.427853349712024 5.222472228496815
10.427853505099147 5.222472228496815
10.427853349712024 5.222472306317716
10.20936138641851 5.655026458101152
10.209361538549851 5.655026458101152
10.20936138641851 5.6550265423676125
9.781896219129267 6.524877668966664
9.78189636489088 6.524877668966664
9.781896219129267 6.524877766194918
9.5839289193866 6.963094370223491
9.583929062198271 6.963094370223491
9.5839289193866 6.963094473981682
9.606522835342089 6.918753396561454
9.606522978490434 6.918753396561454
9.606522835342089 6.918753499658913
0.05043441111859803 9.606522835342089 6.918753396561454 9.708685327628397e-05
0.03117874546180015 0.02990664216749488 0.02873360571275464 0.027648582879445945 0.02664209367579535 0.02570596310422975 0.024833105603531826 0.02401735056490375 0.023253300132139994 0.02253621256825079 0.02186190601263499 0.02122667861002341 0.020627241868036297 0.02006066476799865 0.019524326666751853 0.01901587742422225 0.018533203500781956 0.01807439901090568 0.017637740910881265 0.017221667650068717 0.016824760736258937 0.016445728762775613
0.0027873177823798216 0.002568426636932927 0.002374121864054334 0.0022008881891200727 0.002045811103312512 0.001906458852176057 0.0017807903712080062 0.0016670829034523375 0.001563874671799963 0.0014699191580036823 0.001384148397507888 0.0013056433276248346 0.0012336096912536657 0.0011673583446781006 0.0011062890781068937 0.001049877254430095 0.0009976627216093227 0.0009492405691253602 0.0009042533876776002 0.0008623847602714507 0.0008233537666846574 0.000786910325610292
