9.026357053963864 14.981623645474029
9.026357188467065 14.981623645474029
9.026357053963864 14.981623868717618
8.756796242339833 14.363186050886224
8.756796372826265 14.363186050886224
8.756796242339833 14.363186264914374
11.11882009140571 8.078841029359033
9.346996374065492 12.790455795616655
9.346996513346593 12.790455795616655
9.346996374065492 12.790455986209299
9.890378912302404 11.452799096073083
9.890379059680535 11.452799096073083
9.890378912302404 11.452799266733088
10.996730808517643 8.78552603233939
10.996730972381702 8.78552603233939
10.996730808517643 8.78552616325393
12.2138675236025 6.1669504020451615
12.21386770560331 6.1669504020451615
12.2138675236025 6.166950493939884
13.536371481673996 3.599978762999727
12.578120428653989 5.543678929623072
12.57812061608259 5.543678929623072
12.578120428653989 5.543679012230325
13.23575458773249 4.2583356519311915
12.74537874685285 5.22381719107546
12.745378936773793 5.22381719107546
12.74537874685285 5.2238172689164015
13.07773597863228 4.582969176599669
13.077736173505732 4.582969176599669
13.07773597863228 4.582969244891232
13.765532582863663 3.313510291915974
13.253307253076818 4.267593837704357
13.253307450566485 4.267593837704357
13.253307253076818 4.267593901296461
13.602199042784095 3.635595399218548
13.602199245472656 3.635595399218548
13.602199042784095 3.635595453393141
13.971400737204386 3.015242583467032
13.97140094539448 3.015242583467032
13.971400737204386 3.0152426283976475
14.076309890329394 2.8683896339258443
14.076310100082758 2.8683896339258443
14.076309890329394 2.8683896766681807
14.271568395634208 2.5648093432290637
14.125675228880919 2.7928516093999036
14.125675439369882 2.7928516093999036
14.125675228880919 2.7928516510166355
14.22400923153286 2.6415170689909107
14.224009443487114 2.6415170689909107
14.22400923153286 2.6415171083525824
14.424914550610154 2.3416438798594665
14.274917361340671 2.5670100752315386
14.274917574053516 2.5670100752315386
14.274917361340671 2.5670101134829695
14.376165433962706 2.4176094494340665
14.376165648184264 2.4176094494340665
14.376165433962706 2.4176094854592547
14.480433409330702 2.270300561341691
14.480433625105976 2.270300561341691
14.480433409330702 2.270300595171806
14.587260575866946 2.1248369037216834
14.587260793234067 2.1248369037216834
14.587260575866946 2.1248369353842205
14.615653267523372 2.0897714291006237
14.615653485313578 2.0897714291006237
14.615653267523372 2.0897714602406445
0.15676560023267994 14.615653267523372 2.0897714291006237 7.671271296958625e-05
0.026517143046280542 0.02540714432176657 0.02438583108820021 0.02344304397584241 0.022570109238773027 0.02175957837603775 0.021005020336346707 0.020300854393985733 0.019642214752895893 0.019024840102543426 0.018444982945890864 0.01789933470746058 0.0173849635207672 0.016899262268867527 0.016439904966241044 0.01600480996559205 0.015592108779199632 0.015200119542935703 0.014827324338135505 0.014472349734133366 0.01413395003146928 0.013810992779323737
0.0019830824338228645 0.0018216914149542026 0.001679104138344048 0.0015525284647079965 0.0014396683445960178 0.0013386224308381373 0.0012478058941561765 0.0011658896096257423 0.0010917524685856283 0.0010244436953412682 0.0009631528533832899 0.0009071858081662824 0.0008559453384579894 0.0008089154011442127 0.0007656482866673698 0.0007257540761268002 0.0006888919421765817 0.0006547629354518978 0.0006231039744397285 0.0005936828153738896 0.0005662938241947189 0.0005407544080558983
