6.876051106614434 13.46431653752965
6.87605120907558 13.46431653752965
6.876051106614434 13.4643167381636
10.356872728828428 8.218731616439499
10.356872883157857 8.218731616439499
10.356872728828428 8.218731738908144
14.548855303475076 0.07714016507361343
11.711380890881363 6.373075373222624
11.711381065394537 6.373075373222624
11.711380890881363 6.373075468188848
13.762837904804167 2.279656088956629
12.257506622488062 5.3670776010703145
12.257506805139144 5.3670776010703145
12.257506622488062 5.367077681046003
13.310025117013025 3.3340148504705307
12.527652380177294 4.862506022721809
12.527652566853861 4.862506022721809
12.527652380177294 4.862506095178795
13.064119103195331 3.851324393442157
13.064119297865876 3.851324393442157
13.064119103195331 3.8513244508313624
13.644107746954749 2.864461684952028
13.219767099310056 3.611185884818241
13.219767296299937 3.611185884818241
13.219767099310056 3.611185938629104
13.508754821594257 3.1171643220868352
13.50875502289039 3.1171643220868352
13.508754821594257 3.117164368536203
13.815171195811411 2.633759508616589
13.815171401673505 2.633759508616589
13.815171195811411 2.6337595478626636
14.140559956490714 2.162916262410191
13.902218594197562 2.5201991680972653
13.902218801356762 2.5201991680972653
13.902218594197562 2.5201992056511595
14.064098302531578 2.2842166220301006
14.064098512102975 2.2842166220301006
14.064098302531578 2.2842166560675805
14.2341467372105 2.0540507429735033
14.234146949315814 2.0540507429735033
14.2341467372105 2.0540507735812445
14.411703496814601 1.8296261473126463
14.280941040963938 1.9999342643149984
14.280941253766542 1.9999342643149984
14.280941040963938 1.9999342941163414
14.369233013311531 1.8873388464524854
14.369233227429788 1.8873388464524854
14.369233013311531 1.8873388745760258
14.460409155837645 1.7770659506950977
14.460409371314533 1.7770659506950977
14.460409155837645 1.7770659771754438
14.553922107747796 1.6687676204692279
14.553922324618135 1.6687676204692279
14.553922107747796 1.6687676453358031
14.578794800306598 1.6430591744559675
14.57879501754757 1.6430591744559675
14.578794800306598 1.6430591989394572
0.19929111279706668 14.578794800306598 1.6430591744559675 6.426308033763711e-05
0.02753379732742288 0.026384800718083284 0.025327306135615388 0.024350867944985692 0.02344656237576646 0.022606721826904996 0.021824722610073524 0.021094814077069222 0.02041198006818433 0.01977182580500044 0.019170484964890572 0.018604542876652665 0.018070972680016135 0.017567081976164335 0.017090468019036766 0.016638979899233925 0.016210686483852516 0.01580384911855016 0.01541689828887268 0.015048413588516935 0.014697106461872202 0.014361805283776384
0.0020480328948479427 0.0018819494511065802 0.001735142343395269 0.0016047610643557574 0.001488459327074501 0.00138429250174538 0.0012906384073003983 0.0012061356184303058 0.0011296350285507281 0.0010601615318544702 0.000996883493149327 0.0009390882577894542 0.0008861623806834923 0.0008375755680204175 0.0007928675593288768 0.0007516373528427384 0.0007135343095622242 0.0006782507721118779 0.0006455159116212491 0.0006150905753044962 0.0005867629535289592 0.0005603449211469822
