4.133523934771195 12.62692784521241
4.1335239963655015 12.62692784521241
4.133523934771195 12.626928033368298
5.342726603400846 18.447142692790305
5.342726683013676 18.447142692790305
5.342726603400846 18.44714296767415
7.60827199727394 15.715374113310887
7.608272110646028 15.715374113310887
7.60827199727394 15.71537434748821
9.91465652305654 10.128669876390555
9.914656670796434 10.128669876390555
9.91465652305654 10.128670027319497
11.766424796476755 6.274194398208094
11.766424971810148 6.274194398208094
11.766424796476755 6.274194491700876
13.093774133988891 3.8124305041938276
13.093774329101329 3.8124305041938276
13.093774133988891 3.812430561003469
12.655758608190261 4.7321650040867835
12.65575879677576 4.7321650040867835
12.655758608190261 4.732165074601537
13.476417446860797 3.2231009997451388
12.872190777227075 4.361248153736194
12.872190969037666 4.361248153736194
12.872190777227075 4.361248218723856
13.284966771778315 3.6080517962077185
12.976856426709888 4.173763087036639
12.976856620080119 4.173763087036639
12.976856426709888 4.173763149230556
13.185099928186977 3.7981877447142987
13.029340732178591 4.080105280187895
13.029340926330898 4.080105280187895
13.029340732178591 4.080105340986202
0.08435133704182607 13.029340732178591 4.080105280187895 7.118578036089526e-05
0.027198710826262535 0.0260636088736029 0.025018917685536317 0.02405431358715947 0.023160977526030035 0.022331332266747193 0.021558832473415602 0.020837795741260937 0.020163265603878128 0.019530899709162268 0.018936877955558828 0.01837782657073078 0.017850755009063815 0.01735300322187667 0.01688219737141583 0.016436212457546805 0.016013140634240145 0.01561126423330171 0.015229032701452098 0.014865042805843198 0.014518021581442633 0.014186811588241971
0.0020621283281681627 0.0018949927814861259 0.0017472463379969297 0.0016160229848470595 0.0014989635153009068 0.001394112458429445 0.0012998384784911673 0.0012147723748674119 0.0011377584021065722 0.0010678157580316493 0.0010041078974538694 0.000945917915487339 0.0008926286731749311 0.0008437066542790543 0.0007986887771624209 0.0007571715618602253 0.0007188021854810084 0.0006832710602572355 0.0006503056460551229 0.0006196652688855094 0.0005911367632920638 0.0005645307926510357
