11.643540247857452 7.237440565166444
11.643540421359722 7.237440565166444
11.643540247857452 7.2374406730127125
11.385862025488517 7.190305064653405
11.385862195151082 7.190305064653405
11.385862025488517 7.190305171797299
9.350524858465473 11.499306304587332
10.875937767209164 8.267510107710097
10.875937929273267 8.267510107710097
10.875937767209164 8.267510230905597
9.98558035602894 10.252477573653362
9.985580504825682 10.252477573653362
9.98558035602894 10.252477726427182
8.310214572993186 14.268007194390844
8.310214696825032 14.268007194390844
8.310214572993186 14.268007407000718
6.880374002991425 18.37737266686517
6.880374105516987 18.37737266686517
6.880374002991425 18.377372940709364
6.052377962034943 21.201129669546628
6.052378052222402 21.201129669546628
6.052377962034943 21.20112998546808
6.163470499141618 20.958397240013554
6.163470590984486 20.958397240013554
6.163470499141618 20.958397552318008
6.160898677372255 20.968820652276577
6.160898769176799 20.968820652276577
6.160898677372255 20.968820964736352
0.017374670631070455 6.160898677372255 20.968820652276577 3.5914214426203405e-05
0.027325182422963883 0.02621786731888153 0.025196829987586752 0.024252395377628983 0.023376278932511797 0.02256134608311499 0.021801419877237865 0.02109112589139675 0.020425766275158103 0.019801216749137925 0.019213841829013728 0.018660424627163413 0.018138108393713548 0.01764434757229394 0.01717686661423765 0.016733625155427482 0.016312788439407002 0.01591270208847543 0.01553187049585045 0.015168938247467529 0.014822674089738837 0.014491957045777604
0.0025645673696146403 0.002373867543453557 0.002203644926703998 0.0020510800760139215 0.001913821164076212 0.0017898940890797527 0.0016776320982133843 0.0015756202297462951 0.001482651113002233 0.0013976895493479384 0.0013198439370115972 0.0012483430704012402 0.0011825171901183266 0.0011217824173751457 0.0010656279000938755 0.0010136051446427655 0.0009653191191554729 0.0009204208005019849 0.0008786009036526818 0.0008395845841365191 0.000803126945021624 0.0007690092119645249
