9.911634271458315 7.640410454337163
9.911634419153176 7.640410454337163
9.911634271458315 7.640410568188151
12.55392953409006 4.003132659951909
12.553929721158188 4.003132659951909
12.55392953409006 4.003132719603234
14.959509127032755 0.14686073079638406
13.286647933164874 3.1346704294803165
13.286648131151356 3.1346704294803165
13.286647933164874 3.134670476190546
14.496912946398899 1.211217755215766
13.603341208692708 2.662991413877477
13.603341411398288 2.662991413877477
13.603341208692708 2.6629914535591412
14.238979596384928 1.7211492093705398
13.767716936689117 2.4313137257484647
13.767717141844086 2.4313137257484647
13.767716936689117 2.4313137619778624
14.094606109065763 1.966642666280022
13.851236590574512 2.316431393783745
13.851236796974021 2.316431393783745
13.851236590574512 2.3164314283012626
14.017115195208627 2.0858273616078256
13.893232170274297 2.259162362175239
13.89323237729959 2.259162362175239
13.893232170274297 2.2591623958393816
13.976796308284253 2.144312383414069
13.976796516554748 2.144312383414069
13.976796308284253 2.1443124153668136
14.147748984952376 1.9174443304159494
14.020147228288348 2.088062330698577
14.020147437204821 2.088062330698577
14.020147228288348 2.08806236181313
14.106321858696115 1.97515787615017
14.10632206889669 1.97515787615017
14.106321858696115 1.9751579055823159
14.195137475965305 1.8643189438570402
14.195137687489337 1.8643189438570402
14.195137475965305 1.8643189716375572
14.286111275649036 1.755244425504252
14.286111488528682 1.755244425504252
14.286111275649036 1.755244451659432
14.379433169248163 1.6481719876041956
14.379433383518414 1.6481719876041956
14.379433169248163 1.648172012163872
14.47528845325421 1.543361457069768
14.475288668952818 1.543361457069768
14.47528845325421 1.5433614800676458
14.500846475295274 1.5187113012229443
14.500846691374726 1.5187113012229443
14.500846475295274 1.5187113238535062
0.2156079838114784 14.500846475295274 1.5187113012229443 4.7094554365883494e-05
0.02801323210132381 0.02684606081520565 0.025771685626696607 0.024779531744491306 0.023860562200808424 0.02300700989453737 0.02221216341751652 0.021470194557577878 0.020776018369655803 0.020125178899177504 0.01951375526174409 0.01893828399054802 0.018395694470862475 0.017883254969218918 0.017398527290762803 0.016939328503049963 0.016503698478301382 0.016089872250970784 0.01569625637975667 0.015321408655108332 0.014964020614003821 0.014622902420249714
0.002082817956080959 0.0019142200362454015 0.0017651521754329597 0.0016327323966942554 0.0015145873668061139 0.0014087491801713435 0.001313575586984899 0.0012276878193181234 0.0011499217463514096 0.0010792892120717978 0.0010149472148197505 0.0009561731726241034 0.0009023449460193143 0.0008529246057572092 0.0008074451677696716 0.0007654996939476743 0.0007267322904496779 0.0006908306365820343 0.0006575197549357008 0.0006265567933439041 0.0005977266356955577 0.0005708381949180924
