10.031718109148605 1.676782623616331
10.031718258632853 1.676782623616331
10.031718109148605 1.6767826486023392
10.012105965318405 1.6797408147732493
10.01210611451041 1.6797408147732493
10.012105965318405 1.679740839803338
7.744252975580361 4.252070561403332
9.445185254657334 2.3228607507901695
9.870418326292164 1.8405582872835418
9.976726601649416 1.7199826280241046
9.976726750314228 1.7199826280241046
9.976726601649416 1.719982653653843
9.906737456627855 1.8011363784519687
9.906737604249747 1.8011363784519687
9.906737456627855 1.8011364052909922
9.924615589547642 1.7811827299099785
9.92461573743594 1.7811827299099785
9.924615589547642 1.7811827564516696
9.890090397472036 1.8221597236928546
9.916014299037816 1.7914521862380552
9.922495457948086 1.783775081686331
9.92249560580479 1.783775081686331
9.922495457948086 1.7837751082666509
0.1827789481310953 9.922495457948086 1.783775081686331 0.00010440957099898428
0.038747351641627736 0.0372244822716861 0.035815816512855175 0.03450911069751025 0.033293792013900536 0.03216068596511181 0.03110179492080047 0.030110117042239214 0.029179497330537773 0.028304504401530334 0.027480327993094807 0.026702693279374676 0.02596778888665 0.02527220613947626 0.024612887558722932 0.023987083018983606 0.023392312276593896 0.022826332820003483 0.022287112185719014 0.021772804036262295 0.021281727419827496 0.020812348730920697
0.0041194633711841115 0.0038079670725342982 0.0035300791203261607 0.0032811986795214265 0.0030574751973486735 0.0028556682563467763 0.0026730366284102546 0.0025072498705520606 0.002356317441928617 0.0022185315299762826 0.0020924206709912845 0.0019767119218654806 0.0018702998453898319 0.001772220954971526 0.0016816325572002406 0.0015977951553442847 0.001520057750361092 0.0014478455107789776 0.0013806493880722216 0.0013180173368073172 0.0012595468640738846 0.0012048786844554306
