6.600793718955677 10.922588688596237
6.600793817315168 10.922588688596237
6.600793718955677 10.922588851355492
6.15913646079722 10.121476794970844
6.1591365525755055 10.121476794970844
6.15913646079722 10.121476945792601
7.531104902733777 6.563563867986476
6.501677543464452 9.230249792249257
6.501677640346998 9.230249792249257
6.501677543464452 9.230249929790697
6.83850945020648 8.410895616605016
6.838509552108212 8.410895616605016
6.83850945020648 8.410895741937127
7.524678420402408 6.777384019302826
7.524678532528854 6.777384019302826
7.524678420402408 6.777384120293718
8.275640707866556 5.172627453032693
8.275640831183212 5.172627453032693
8.275640707866556 5.172627530110848
9.089906702472211 3.5990459063026368
8.499243875204705 4.790265225305334
8.499244001853308 4.790265225305334
8.499243875204705 4.790265296685848
8.903778747170792 4.002135454323103
8.903778879847435 4.002135454323103
8.903778747170792 4.002135513959568
9.019816800413837 3.813495631887239
9.01981693481958 3.813495631887239
9.019816800413837 3.8134956887127522
9.23577905996808 3.4267663311037233
9.235779197591912 3.4267663311037233
9.23577905996808 3.426766382166521
9.461894184771314 3.045884197141655
9.461894325764524 3.045884197141655
9.461894184771314 3.0458842425288664
9.697660973225226 2.670899836003209
9.523959077977603 2.954175952509237
9.523959219895652 2.954175952509237
9.523959077977603 2.954175996529889
9.641274216773356 2.766327687629299
9.641274360439537 2.766327687629299
9.641274216773356 2.7663277288507935
9.762414112878192 2.580922892705382
9.762414258349498 2.580922892705382
9.762414112878192 2.5809229311641304
9.886823353291286 2.3976958387288825
9.794628531749753 2.5358912983261637
9.794628677701091 2.5358912983261637
9.794628531749753 2.5358913361138886
9.856594905765597 2.444116456492488
9.856595052640307 2.444116456492488
9.856594905765597 2.444116492912661
9.872711702448429 2.4216075208540357
9.872711849563297 2.4216075208540357
9.872711702448429 2.4216075569388
0.13617010877539382 9.872711702448429 2.4216075208540357 7.01707137227258e-05
0.03700293068349175 0.03553605250556921 0.03418009163024749 0.03292305483780575 0.031754600041284865 0.030665764512424785 0.029648744533058664 0.02869671557926644 0.027803684679416133 0.026964368482950866 0.02617409200647078 0.025428704110116294 0.02472450658891624 0.024058194404813202 0.02342680508249944 0.02282767568062664 0.022258406055122342 0.021716827372499036 0.02120097502267175 0.020709065233891454 0.020239474815330966 0.019790723552056393
0.003866395605682518 0.0035710668878995012 0.003307931089300844 0.00307253375382667 0.0028611549669014394 0.002670670556749227 0.002498442562015999 0.0023422322094580807 0.0022001303290540516 0.0020705013695425543 0.0019519380912509882 0.0018432246939692305 0.001743306648552505 0.0016512658869674772 0.0015663002990874654 0.0014877067092534983 0.001414866678662538 0.0013472346136882579 0.0012843277646633127 0.001225717781445558 0.0011710235564962254 0.0011199051371695273
