7.360911551561912 9.533760517635306
7.360911661248042 9.533760517635306
7.360911551561912 9.533760659699409
8.893729785806961 11.640092521269315
8.893729918333863 11.640092521269315
8.893729785806961 11.64009269472021
10.932589878978474 8.052413854975917
10.932590041886758 8.052413854975917
10.932589878978474 8.052413974966234
12.264796671402335 5.425885446053265
12.264796854162046 5.425885446053265
12.264796671402335 5.425885526905258
12.890820463036674 4.327624367583744
12.890820655124868 4.327624367583744
12.890820463036674 4.3276244320703725
13.013762364287444 4.13677645696132
13.013762558207615 4.13677645696132
13.013762364287444 4.136776518604092
13.006076021456183 4.152120691422031
13.006076215261817 4.152120691422031
13.006076021456183 4.152120753293451
0.08079750582110412 13.006076021456183 4.152120691422031 2.168008866566316e-05
0.02681810652582848 0.025698793750074063 0.02466864251203746 0.02371747072221666 0.022836580448439614 0.022018498652373285 0.02125677010829102 0.020545790722896216 0.01988067240155831 0.019257132744506127 0.018671404434080555 0.018120160348886572 0.017600451323156553 0.017109654138074956 0.016645427842130845 0.016205676890078968 0.01578851989414604 0.015392263018241962 0.015015377232052474 0.01465647878886374 0.0143143124077139 0.013987736733712898
0.002101889767209191 0.0019315208159105513 0.0017809175171080115 0.001647157950465583 0.0015278369385235788 0.0014209609437635126 0.0013248669012544572 0.0012381590003750786 0.001159659049829167 0.001088367211239051 0.00102343071239849 0.0009641187494258759 0.0009098022243095024 0.0008599372867596815 0.0008140518890133012 0.000771734741898035 0.0007326261961265915 0.000696410675970291 0.0006628103714755157 0.0006315799562934279 0.0006025021454379182 0.0005753839441540558
