9.485102843530427 12.009204915553813
9.485102984869474 12.009204915553813
9.485102843530427 12.00920509450491
7.771636056969308 9.86724947690414
7.77163617277571 9.86724947690414
7.771636056969308 9.867249623937616
6.683083374808374 12.515913734126261
6.683083474394077 12.515913734126261
6.683083374808374 12.51591392062791
5.526044262726767 15.805636051654854
5.526044345071243 15.805636051654854
5.526044262726767 15.805636287177185
5.656185261575032 15.619585798218164
5.65618534585876 15.619585798218164
5.656185261575032 15.61958603096813
5.670234868826824 15.579861309569374
5.670234953319907 15.579861309569374
5.670234868826824 15.579861541727398
0.022935088954566196 5.670234868826824 15.579861309569374 0.00013169157160396365
0.03244055770024874 0.031158558691769044 0.029974170908733912 0.02887670189320167 0.027856959683950824 0.026906999527048222 0.026019920034860648 0.02518969792333019 0.024411053096692562 0.023679337790534473 0.022990444926647934 0.022340731914795322 0.021726956954612322 0.021146225514751444 0.02059594514581225 0.02007378715476082 0.019577653957865683 0.019105651156195762 0.01865606355697702 0.01822733450647298 0.017818048013776643 0.017426913236226953
0.0034625085437064744 0.0032117526981050274 0.0029872894220048115 0.002785580620373147 0.0026036620269975367 0.0024390352964894575 0.0022895830162478863 0.002153501242444004 0.0020292455521352267 0.0019154876058897791 0.001811079946585114 0.001715027298832193 0.0016264630340941048 0.0015446297670226395 0.0014688632757079005 0.001398579111619943 0.0013332613978512488 0.0012724534169097988 0.0012157496691408431 0.0011627891453263764 0.001113249606186187 0.0010668427004297885
