10.05604276690312 1.772267932117432
10.056042916749835 1.772267932117432
10.05604276690312 1.7722679585262822
11.524710544914708 0.058139501501838
10.430855784715094 1.3504071326769447
10.157094916453227 1.6738216455042705
10.157095067805736 1.6738216455042705
10.157094916453227 1.6738216704461566
10.344908571276891 1.4632536893280066
10.204806851803228 1.621866152105481
10.2048070038667 1.621866152105481
10.204806851803228 1.6218661762731699
10.299770567338614 1.5175344646450923
10.299770720817156 1.5175344646450923
10.299770567338614 1.517534487258118
10.398424853202242 1.4166853686781198
10.398425008150847 1.4166853686781198
10.398424853202242 1.4166853897883769
10.499979116995608 1.3187571307586863
10.49997927345749 1.3187571307586863
10.499979116995608 1.3187571504096989
10.60457988452714 1.224089883474148
10.604580042547695 1.224089883474148
10.60457988452714 1.2240899017145088
10.57952249828584 1.2489108002993363
10.57952265593301 1.2489108002993363
10.57952249828584 1.2489108189095575
10.632363841701919 1.2021818532200523
10.59281590672584 1.2373231809851921
10.582927241056447 1.2461100051446286
10.582927398754352 1.2461100051446286
10.582927241056447 1.2461100237131146
0.24451018339743424 10.582927241056447 1.2461100051446286 9.183845297575484e-05
0.037709062254296336 0.03622265607588031 0.03484803057528449 0.03357316734551662 0.03238769295085235 0.031282609791331996 0.030250077579156816 0.029283234774478136 0.028376051789978023 0.02752320961966007 0.02671999894235088 0.025962235812616342 0.025246190866351548 0.024568529597225178 0.023926261748938294 0.023316698250501762 0.022737414422461424 0.022186218419949177 0.02166112406775341 0.02116032739401751 0.020682186290891223 0.020225202828776438
0.004111572220752388 0.0037996379484049347 0.003521473122168764 0.0032724385443350214 0.0030486543385937967 0.0028468575725654663 0.002664289663332185 0.0024986067463265878 0.002347807873227105 0.002210177145185213 0.002084236807926714 0.00196870902273834 0.0018624845445215118 0.0017645969297666038 0.0016742011958471312 0.0015905560820144613 0.0015130092391540805 0.0014409848124787032 0.0013739729883353571 0.0013115211602547213 0.0012532264355781973 0.0011987292564724283
