10.497478088689515 14.9596895986916
10.497478245114129 14.9596895986916
10.497478088689515 14.959689821608347
9.153955285781123 13.110216418958611
9.153955422185687 13.110216418958611
9.153955285781123 13.110216614316059
5.61687818017711 22.17371023858056
8.264670622579487 15.373287710836467
8.264670745732676 15.373287710836467
8.264670622579487 15.373287939916304
7.816470689881337 16.68220411133308
7.816470806355826 16.68220411133308
7.816470689881337 16.68220435991729
6.913826483538772 19.29789039401201
6.913826586562815 19.29789039401201
6.913826483538772 19.297890681572987
5.2606948201004995 24.57931831398706
6.5237003568397425 20.625273883598364
6.523700454050453 20.625273883598364
6.5237003568397425 20.625274190938896
5.720785420424622 23.27327480835652
5.7207855056709676 23.27327480835652
5.720785420424622 23.27327515515534
5.354370262909862 24.701783417560648
5.354370342696196 24.701783417560648
5.354370262909862 24.701783785645905
5.349822308019986 24.750707993909028
5.34982238773855 24.750707993909028
5.349822308019986 24.75070836272332
0.014354397760043325 5.349822308019986 24.750707993909028 6.427366838536561e-05
0.02637500562982542 0.025314627689664207 0.02433653616098559 0.02343152519896305 0.02259171103670045 0.0218103031497245 0.02108142131390313 0.02039994817474325 0.019761409544356023 0.01916187653174709 0.018597885000993054 0.018066368883319802 0.01756460464242558 0.01709016477739752 0.01664087869384221 0.01621479961699398 0.01581017648638465 0.015425429979031817 0.015059131970966705 0.014709987875634958 0.014376821400041675 0.014058561341341543
0.002691513580129444 0.0024967086018462255 0.0023223902236179394 0.0021657852905659584 0.0020245744183028324 0.0018968056453702025 0.0017808266998416426 0.0016752314194261194 0.0015788170357165794 0.0014905498713256805 0.001409537605286452 0.0013350067059175724 0.0012662839583171292 0.0012027812582685003 0.0011439830283963082 0.0010894357520366737 0.001038739227017745 0.0009915392237450657 0.0009475212957064439 0.0009064055402422149 0.000867942146472764 0.0008319075981126378
