10.560017096289753 3.076818100791469
10.56001725364627 3.076818100791469
10.560017096289753 3.0768181466396314
9.777631512908869 2.857030088589591
9.777631658606932 2.857030088589591
9.777631512908869 2.857030131162657
7.484256141769253 6.483287452793872
9.204307053867437 3.763595683396205
9.2043071910223 3.763595683396205
9.204307053867437 3.7635957394781507
8.781225180745308 4.586080060341794
8.78122531159576 4.586080060341794
8.781225180745308 4.586080128679712
7.943851186888166 6.235540602806557
7.943851305260773 6.235540602806557
7.943851186888166 6.235540695723353
6.42038480992678 9.606995977746852
6.420384905597969 9.606995977746852
6.42038480992678 9.606996120902247
5.166045026626037 13.087555251049736
5.166045103606106 13.087555251049736
5.166045026626037 13.087555446069507
4.425681253134662 15.544981337088998
4.425681319082451 15.544981337088998
4.425681253134662 15.544981568727271
4.479582101963167 15.496870311737148
4.479582168714143 15.496870311737148
4.479582101963167 15.49687054265851
4.484835344006819 15.480754068235477
4.484835410836073 15.480754068235477
4.484835344006819 15.480754298916688
0.022271952735802514 4.484835344006819 15.480754068235477 0.00014990641856226942
0.03559113185180865 0.03423115513435834 0.032972235150419395 0.03180354339346138 0.03071574098271826 0.02970073172621348 0.028751462597036242 0.02786176135888453 0.027026203533750775 0.026240002720700765 0.025498919630015965 0.02479918621756919 0.024137442079392134 0.02351068085975687 0.022916204883786474 0.02235158658118587 0.021814635545805688 0.021303370294694108 0.020815993963701637 0.020350873314852396 0.019906520541360377 0.019481577445289763
0.0045141377319210885 0.004205852594233527 0.003928458065000347 0.0036779541460789642 0.003450968754825885 0.003244642844954628 0.003056539373897943 0.0028845706091955156 0.002726939660551486 0.002582093136151289 0.002448682563946641 0.0023255327681323775 0.0022116158016429167 0.0021060293449346257 0.002007978716402417 0.0019167618197329763 0.0018317564922439766 0.0017524098259617202 0.0016782291173363753 0.0016087741676378687 0.0015436507083713474 0.0014825047676268726
