11.5743873074649 2.2394443587432566
11.57438747993671 2.2394443587432566
11.5743873074649 2.239444392113578
4.755207906431362 11.85611451403253
9.952870462574593 4.700547801902738
11.257409425274444 2.9045922460316467
11.257409593022917 2.9045922460316467
11.257409425274444 2.904592289313444
10.496557987711823 4.166611203499208
11.087635452855869 3.231549385011293
11.087635618074511 3.231549385011293
11.087635452855869 3.231549433165131
10.71131898207535 3.8650180926689397
10.71131914168644 3.8650180926689397
10.71131898207535 3.8650181502621974
10.001730927026786 5.15655653622415
10.00173107606419 5.15655653622415
10.001730927026786 5.15655661306283
9.865203347132974 5.4987325031898
9.86520349413596 5.4987325031898
9.865203347132974 5.498732585127299
9.538788811245277 6.1593006227076685
9.538788953384307 6.1593006227076685
9.538788811245277 6.1593007144884
8.906314464253368 7.490301358787772
8.906314596967796 7.490301358787772
8.906314464253368 7.49030147040196
7.712023513625326 10.184743074884528
8.620019641743545 8.169221062704386
8.620019770191847 8.169221062704386
8.620019641743545 8.169221184435266
8.032521416295445 9.520676794182096
8.032521535989341 9.520676794182096
8.032521416295445 9.520676936051236
7.245118777856116 11.457670176387493
7.245118885816799 11.457670176387493
7.245118777856116 11.457670347120084
7.346260306119072 11.269777678899205
7.346260415586881 11.269777678899205
7.346260306119072 11.269777846831978
7.347902532933336 11.266593586199537
7.347902642425616 11.266593586199537
7.347902532933336 11.266593754084864
0.031632934925270306 7.347902532933336 11.266593586199537 5.7737246878841595e-05
0.03226378296109535 0.030966837376322814 0.029769711243924264 0.028661381860670708 0.02763238165958227 0.0266745349684011 0.025780746175144083 0.02494482802318255 0.024161361484830824 0.02342558067287143 0.02273327774584793 0.02208072388665187 0.021464603284841 0.020881957702600547 0.02033013970371057 0.01980677301171865 0.01930971876515549 0.018837046674356935 0.01838701027137749 0.017958025592937892 0.017548652754917522 0.01715757997209915
0.003119945923637447 0.0028831773649530684 0.002672195928353596 0.0024834177718503097 0.0023138560294329296 0.002161006159565955 0.002022756024495427 0.001897314820378235 0.0017831564976805517 0.0016789744086306369 0.001583644718715173 0.0014961967080937362 0.0014157885259423778 0.001341687287897855 0.0012732526535363575 0.0012099232083202078 0.001151205117917795 0.0010966626333199817 0.0010459101108514178 0.0009986052779969805 0.0009544435283824982 0.0009131530705978989
