14.008540413167108 11.006635704616247
14.008540621910626 11.006635704616247
14.008540413167108 11.0066358686279
9.070120326004787 7.146221427852403
9.070120461160112 7.146221427852403
9.070120326004787 7.1462215343394
11.160848989291026 2.5971272381783193
9.603935747855559 6.014130944048168
9.603935890965353 6.014130944048168
9.603935747855559 6.014131033665703
10.700611456607676 3.7638746336834283
9.886465322099479 5.455718926171579
9.886465469419292 5.455718926171579
9.886465322099479 5.455719007468126
10.446135641846794 4.336184692072522
10.446135797506345 4.336184692072522
10.446135641846794 4.336184756686709
11.05269151999232 3.2413432721340305
10.609389031173736 4.06923888037822
10.609389189265952 4.06923888037822
10.609389031173736 4.069238941014604
10.911295600497704 3.5210606562298246
10.91129576308868 3.5210606562298246
10.911295600497704 3.521060708697717
11.230903178019078 2.9830105299196688
11.230903345372576 2.9830105299196688
11.230903178019078 2.9830105743699895
11.569327631541437 2.4565926053677507
11.569327803937853 2.4565926053677507
11.569327631541437 2.4565926419738333
11.66825564713891 2.335385420733703
11.668255821009469 2.335385420733703
11.66825564713891 2.3353854555336575
11.849663795000023 2.0804289158206797
11.714204567149157 2.2720752302496
11.714204741704407 2.2720752302496
11.714204567149157 2.2720752641061592
11.805716954662643 2.145175991447519
11.805717130581534 2.145175991447519
11.805716954662643 2.145176023413132
11.993493852101823 1.8948730304263208
11.85342150189868 2.0831779298468023
11.853421678528424 2.0831779298468023
11.85342150189868 2.0831779608885723
11.948182796645526 1.9586860389668437
11.948182974687324 1.9586860389668437
11.948182796645526 1.95868606815354
12.046257454143218 1.83678732923751
12.046257633646443 1.83678732923751
12.046257454143218 1.8367873566077741
12.147059123847013 1.717133840939454
12.147059304852299 1.717133840939454
12.147059123847013 1.7171338665267422
12.250843043348137 1.600057660911448
12.174009828299429 1.688787229204911
12.174010009706311 1.688787229204911
12.174009828299429 1.6887872543698017
12.225667318178287 1.6300421255054776
12.225667500354927 1.6300421255054776
12.225667318178287 1.630042149794998
12.239135341064992 1.6158618548327863
12.239135523442322 1.6158618548327863
12.239135341064992 1.6158618789110042
0.19151211480809527 12.239135341064992 1.6158618548327863 4.352948787464624e-05
0.03161071752887344 0.030322808793918944 0.02913495258036043 0.028036022489920362 0.027016469102431273 0.02606805249333871 0.025183626954410815 0.024356966503729576 0.023582622513659154 0.02285580681421052 0.02217229514312419 0.02152834695319005 0.020920638451403194 0.020346206404933575 0.019802400757236747 0.019286844491649066 0.01879739948721462 0.018332137352825163 0.017889314416353108 0.017467350196846927 0.01706480880876315 0.01668038284427123
0.002988564029819579 0.002752845212987172 0.0025436881087344564 0.0023572871116259555 0.002190487495658533 0.0020406576543112783 0.001905589362823213 0.0017834193253474396 0.0016725670199606087 0.0015716851188910734 0.0014796196826889411 0.0013953780041004512 0.001318102478922346 0.001247049255473225 0.001181570695833526 0.001121100895202739 0.001065143668278921 0.00101326253631856 0.000965072344874699 0.0009202322170558413 0.0008784396056285088 0.0008394252532333486
