10.072368094580733 10.781099581413859
10.072368244670715 10.781099581413859
10.072368094580733 10.781099742064761
9.880645513554141 10.511302725256606
9.880645660787232 10.511302725256606
9.880645513554141 10.511302881887222
11.470345776270223 6.722590953108439
10.277933651806757 9.56352404108564
10.277933804959902 9.56352404108564
10.277933651806757 9.563524183593254
10.675648909127117 8.65984076232859
10.675649068206683 8.65984076232859
10.675648909127117 8.659840891370273
11.484984698287045 6.858658051655726
11.484984869426654 6.858658051655726
11.484984698287045 6.858658153857696
12.356184299301345 5.086570347270163
12.356184483422838 5.086570347270163
12.356184299301345 5.086570423065967
12.610240597876611 4.663296652473453
12.610240785783839 4.663296652473453
12.610240597876611 4.663296721961988
13.07651455355327 3.7930038899687117
12.728541621523194 4.446660612784008
12.728541811193244 4.446660612784008
12.728541621523194 4.446660679044415
12.963880433037959 4.012701090077752
12.96388062621483 4.012701090077752
12.963880433037959 4.012701149871658
13.20769376617089 3.5834455925716235
13.207693962980864 3.5834455925716235
13.20769376617089 3.5834456459691237
13.273311069143048 3.478918342427468
13.273311266930795 3.478918342427468
13.273311069143048 3.478918394267391
13.398789408328378 3.266358957117274
13.304873840920962 3.4258930130489054
13.304874039179031 3.4258930130489054
13.304873840920962 3.4258930640986893
0.09797636301282309 13.304873840920962 3.4258930130489054 7.833762458875991e-05
0.02715175789099774 0.02601926033661646 0.024976908522156022 0.024014416366693426 0.02312299574666174 0.022295095083252052 0.021524190486906142 0.020804617607274166 0.020131435277240785 0.01950031418891061 0.018907445425925415 0.018349464858363532 0.017823390294644945 0.017326568957852527 0.016856633367830935 0.01641146410584684 0.015989158244983308 0.015588002468441171 0.015206450085551578 0.014843101303504467 0.014496686230538356 0.014166050180395566
0.002113658789851692 0.0019423985259108905 0.0017909984217792615 0.001656524176967116 0.001536560086007522 0.0014291036402639327 0.0013324841107713893 0.001245299120563805 0.0011663648350633256 0.0010946765503939907 0.00102937728584379 0.0009697325855271365 0.0009151101722072027 0.0008649634192541897 0.0008188178469601233 0.0007762600295257333 0.0007369284350579498 0.0007005058243914189 0.0006667129138036293 0.0006353030677972853 0.000606057835528566 0.0005787831814577356
