15.084806535231177 12.31381757349192
15.084806760012311 12.31381757349192
15.084806535231177 12.313817756982102
10.747636103754889 8.782946016599492
10.747636263907147 8.782946016599492
10.747636103754889 8.782946147475586
12.886793102786184 4.000390706525853
11.293139073780226 7.592157094405609
11.293139242061113 7.592157094405609
11.293139073780226 7.592157207537565
12.402139152270353 5.21890493418044
12.402139337076628 5.21890493418044
12.402139152270353 5.218905011948183
13.641999343164166 2.911318815063476
12.743697415123474 4.6601331650668865
12.743697605019364 4.6601331650668865
12.743697415123474 4.660133234508282
13.362191605820067 3.505569748185553
13.362191804932237 3.505569748185553
13.362191605820067 3.505569800422613
14.04487872529078 2.387763841762209
13.548087950086904 3.236006150107829
13.548088151969147 3.236006150107829
13.548087950086904 3.236006198328078
13.888786890706537 2.6767100132159385
13.88878709766559 2.6767100132159385
13.888786890706537 2.676710053102026
14.25887977998654 2.13641454758078
13.988437758860035 2.54680543080504
13.988437967304002 2.54680543080504
13.988437758860035 2.5468054687553985
14.172544525014121 2.276016430148314
14.172544736201491 2.276016430148314
14.172544525014121 2.276016464063602
14.367368441217447 2.0128327948371827
14.36736865530792 2.0128327948371827
14.367368441217447 2.0128328248307286
14.572385294477991 1.757509325294079
14.421823784680535 1.9517100528985964
14.421823999582456 1.9517100528985964
14.421823784680535 1.9517100819813427
14.523701069307682 1.8235440865420982
14.44751350243087 1.9198449951495251
14.447513717715596 1.9198449951495251
14.44751350243087 1.919845023757445
0.16195853980885255 14.44751350243087 1.9198449951495251 3.3975089327716786e-05
0.02639325799506071 0.025290961395737256 0.02427652303656308 0.023339904098528586 0.022472529770446836 0.021667033394116453 0.02091705212392985 0.020217062467464072 0.019562246963898012 0.01894838536877272 0.01837176527155624 0.017829108232555794 0.017317508397135545 0.016834381205221006 0.016377420317929072 0.01594456127068324 0.015533950662338975 0.015143919923916742 0.014772962894248719 0.014419716574907445 0.014082944552001625 0.013761522664444649
0.0021334429191519058 0.001960268200785533 0.001807213462471015 0.0016713001616960462 0.0015500772463336125 0.0014415137231071702 0.0013439157221044051 0.0012558619238878627 0.0011761528778285225 0.001103770920358817 0.0010378482481711053 0.0009776413142146923 0.000922510162166897 0.000871901645161422 0.0008253357199208885 0.0007823941912640089 0.0007427114207200739 0.0007059666184872052 0.0006718774187416248 0.0006401945005484169 0.0006106970648922784 0.0005831890160028601
