2.6024283037476805 6.722294954720839
2.6024283425268844 6.722294954720839
2.6024283037476805 6.722295054890839
2.5595555674422092 13.930626555229653
2.5595556055825592 13.930626555229653
2.5595555674422092 13.930626762812164
3.9414812660304 15.295112211152398
3.9414813247630476 15.295112211152398
3.9414812660304 15.295112439067331
5.276256135799171 12.537947390735013
5.276256214421514 12.537947390735013
5.276256135799171 12.537947577564989
5.8544454784442115 11.181130078935395
5.854445565682247 11.181130078935395
5.8544454784442115 11.181130245547216
5.947935110551548 10.975083991023029
5.947935199182687 10.975083991023029
5.947935110551548 10.975084154564524
5.952939909879196 10.962839846973202
5.952939998584913 10.962839846973202
5.952939909879196 10.962840010332245
0.0308865413807895 5.952939909879196 10.962839846973202 4.559701543807533e-05
0.03585774371350242 0.034460850966398476 0.0331686413596374 0.03196985021466351 0.03085476274421572 0.029814958032849934 0.02884310183558605 0.027932777731806215 0.027078348644115263 0.026274842569386794 0.025517857746975063 0.024803483530821617 0.024128234026174984 0.02348899216137641 0.022882962336768852 0.022307630160044188 0.021760728065195932 0.021240205839254726 0.020744205261065518 0.020271038200020592 0.019819167637873066 0.019387191169628396
0.0042304443806373635 0.0039239407632431665 0.0036494815931872077 0.0034027803137134994 0.003180239251539786 0.0029788216892786042 0.0027959506762772163 0.002629428405697602 0.0024773715368770093 0.00233815897347916 0.002210389440861195 0.002092846824573892 0.001984471694982309 0.0018843377924173915 0.0017916325129005554 0.0017056406378449331 0.0016257307078738372 0.0015513435624727018 0.0014819826620689274 0.0014172058836084433 0.0013566185394820389 0.0012998674162998799
