4.302688366693154 5.051773156391438
4.302688430808207 5.051773156391438
4.302688366693154 5.051773231668724
3.6745867083790538 11.657757376122575
3.6745867631346627 11.657757376122575
3.6745867083790538 11.657757549836697
4.136509942437037 14.320821815456865
4.136510004075839 14.320821815456865
4.136509942437037 14.320822028853739
4.460868510314449 14.101900685607498
4.46086857678657 14.101900685607498
4.460868510314449 14.101900895742194
4.5057674170169975 13.991036405948783
4.505767484158164 13.991036405948783
4.5057674170169975 13.991036614431472
4.507211737982025 13.986978577389912
4.507211805144713 13.986978577389912
4.507211737982025 13.986978785812134
0.02569841097754022 4.507211737982025 13.986978577389912 0.00012219181826178007
0.037978016162071394 0.036536071625452304 0.03520058596349268 0.03396023167484079 0.03280522774996853 0.031727085386931024 0.0307184021088459 0.029772693901078767 0.02888425744729285 0.028048056369251385 0.027259626742204324 0.02651499819009879 0.02581062765104503 0.025143343506841005 0.024510298236846684 0.023908928119679478 0.023336918790837193 0.022792175688831975 0.022272798600518864 0.021777059658411677 0.02130338425678683 0.020850334445315543
0.004668584002705537 0.004351178928016646 0.004065423814777427 0.003807242586141562 0.0035731951586861397 0.003360361861843343 0.0031662516738030686 0.0029887288172235366 0.0028259536274141163 0.002676334603092979 0.002538489283610047 0.00241121214141606 0.002293448086754543 0.0021842704898956756 0.002082862860978878 0.001988503507579277 0.0019005526291801117 0.001818441415862836 0.0017416628031345252 0.0016697636014115496 0.0016023377714037292 0.0015390206586106431
