10.424411962704168 4.071383607887402
10.424412118040012 4.071383607887402
10.424411962704168 4.071383668555745
9.086875825133502 3.556639965168336
9.086875960538503 3.556639965168336
9.086875825133502 3.5566400181664015
7.199011830567233 6.870608399717739
8.619335228128286 4.387637479063595
8.974447811049858 3.7668348367065443
8.974447944779552 3.7668348367065443
8.974447811049858 3.766834892836757
8.74306713186206 4.183669037301478
8.743067262143914 4.183669037301478
8.74306713186206 4.183669099643005
8.296490031650245 5.026117831896439
8.296490155277581 5.026117831896439
8.296490031650245 5.0261179067914314
7.881908702941825 5.884764091909522
7.881908820391417 5.884764091909522
7.881908702941825 5.88476417959934
7.488965327674588 6.739326421914864
7.488965439268868 6.739326421914864
7.488965327674588 6.739326522338653
7.532636441940457 6.664004842289935
7.532636554185487 6.664004842289935
7.532636441940457 6.664004941591346
7.531615148221701 6.6664320597724975
7.531615260451512 6.6664320597724975
7.531615148221701 6.666432159110077
0.05212185182235907 7.531615148221701 6.6664320597724975 0.00011076824251996385
0.037268651805278934 0.035802679051767296 0.03444699897874111 0.033189729994499456 0.032020622474315225 0.03093079039069584 0.029912493749612693 0.028958961050491273 0.02806424350436103 0.027223094624343507 0.026430870218401667 0.02568344488893835 0.024977141965715304 0.024308674431617376 0.02367509489171674 0.023073753019281787 0.022502259213324084 0.02195845344003499 0.021440378419365712 0.0209462564689003 0.020474469438333195 0.02002354126563377
0.004006566863958703 0.003706443962265889 0.0034385085004514466 0.0031983680001026024 0.002982346168620076 0.002787348723392072 0.0026107573472438275 0.0024503452984026932 0.0023042098127305653 0.002170717619464442 0.002048460766346199 0.0019362206014762486 0.0018329382480806948 0.001737690277853013 0.0016496685696914734 0.0015681635560183679 0.0014925502248735534 0.0014222763747085193 0.0013568527192157436 0.0012958445182795814 0.0012388644732306577 0.0011855666737996887
