5.400957745241113 5.880384864383603
5.4009578257216555 5.880384864383603
5.400957745241113 5.880384952008166
4.658346484218868 13.830089213235496
4.65834655363364 13.830089213235496
4.658346484218868 13.830089419319885
6.240074651506213 13.61955353743519
6.240074744490571 13.61955353743519
6.240074651506213 13.619553740382353
7.503576679344652 10.879411905324833
7.503576791156658 10.879411905324833
7.503576679344652 10.879412067440704
7.9717271679618396 9.87190565311705
7.971727286749831 9.87190565311705
7.9717271679618396 9.871905800219908
8.044000881230344 9.717565405092333
8.044001001095298 9.717565405092333
8.044000881230344 9.717565549895342
8.048983229634123 9.706028114539702
8.04898334957332 9.706028114539702
8.048983229634123 9.706028259170791
0.03628807181692151 8.048983229634123 9.706028114539702 5.845463751140601e-05
0.031975147919954906 0.030683295417547416 0.029491232788705198 0.028387907956654336 0.027363831640063403 0.026410812407407024 0.02552174351363708 0.024690430158213515 0.023911448548519468 0.02318003017769308 0.022491966233676528 0.02184352818878645 0.021231401476827318 0.020652629819487612 0.020104568267257643 0.019584843410061496 0.019091319516848025 0.018622069601975624 0.01817535060459731 0.01774958201683548 0.01734332741598205 0.016955278451844143
0.0030321112800792125 0.002798957882669972 0.0025914904570586025 0.002406102532924174 0.002239793767472224 0.0020900526608059592 0.001954764721282262 0.001832140003499139 0.0017206555162514816 0.0016190091345681288 0.001526082478382011 0.0014409108295549565 0.0013626586107410162 0.0012905992873180811 0.001224098808069523 0.0011626018934037987 0.0011056206274741734 0.0010527249240899013 0.0010035345242041622 0.0009577122512233825 0.0009149583040151026 0.0008750054097409483
