6.877471586663643 9.260661681988353
6.877471689145955 9.260661681988353
6.877471586663643 9.260661819982966
6.383239487796413 8.537435848289277
6.3832395829140935 8.537435848289277
6.383239487796413 8.537435975506986
8.277655281755981 3.9188460857796352
6.8565997433822865 7.38194056719934
6.856599845553585 7.38194056719934
6.8565997433822865 7.381940677198826
7.360407047296966 6.254242459543705
7.360407156975578 6.254242459543705
7.360407047296966 6.25424255273918
8.406600449257414 4.016480485685461
7.630865728669899 5.699054827258921
7.630865842378659 5.699054827258921
7.630865728669899 5.699054912181456
8.16574082922659 4.5857563729833615
8.16574095090561 4.5857563729833615
8.16574082922659 4.585756441316456
8.74787647604699 3.4964249678596167
8.747876606400508 3.4964249678596167
8.74787647604699 3.4964250199604088
9.385366062103682 2.4385346856672014
8.92325999664658 3.242287363312227
8.923260129613515 3.242287363312227
8.92325999664658 3.242287411626074
9.240767429759675 2.7125985534531707
9.24076756745784 2.7125985534531707
9.240767429759675 2.712598593874039
9.586408706319592 2.2008238830072795
9.334051908149853 2.58957688289379
9.334052047238066 2.58957688289379
9.334051908149853 2.5895769214814925
9.505824281378963 2.3329846906153975
9.505824423026784 2.3329846906153975
9.505824281378963 2.3329847253795784
9.687309421227173 2.0831678670080422
9.687309565579332 2.0831678670080422
9.687309421227173 2.0831678980496626
9.877702758784537 1.8400718399801201
9.737753940601221 2.024734727446161
9.737754085705063 2.024734727446161
9.737753940601221 2.02473475761706
9.832370183301027 1.902734350589696
9.83237032981476 1.902734350589696
9.832370183301027 1.9027343789426474
9.930413911492929 1.783470975247638
9.930414059467628 1.783470975247638
9.930413911492929 1.7834710018234265
9.906847731242943 1.8140390219943545
9.906847878866477 1.8140390219943545
9.906847731242943 1.8140390490256424
9.956345022204378 1.7548013690916935
9.919289637706319 1.7992863426808312
9.919289785515252 1.7992863426808312
9.919289637706319 1.799286369492287
0.18040519034833968 9.919289637706319 1.7992863426808312 9.538212801168914e-05
0.03860654759241256 0.037088894951737415 0.03568507725561748 0.034382887877367534 0.03317178633897706 0.03204262647972919 0.030987435595715557 0.02999923385396519 0.02907188574945123 0.028199977223138207 0.02737871345858508 0.026603833441026632 0.02587153818131696 0.025178430139551015 0.024521461875046457 0.023897892334290897 0.023305249491486785 0.022741298296242 0.022204013073943225 0.021691553677185005 0.02120224480954789 0.0207345580423558
0.004131190139191837 0.0038187287413176214 0.0035399883203053543 0.0032903514201253724 0.003065953780024231 0.0028635436045038485 0.002680370164102749 0.0025140950361598525 0.002362720941814963 0.0022245343497543277 0.0020980589190220168 0.0019820175277736347 0.001875301142895456 0.0017769431705936954 0.0016860982219587491 0.001602024453144032 0.0015240688140549959 0.0014516546747917122 0.0013842714047964453 0.001321465562656297 0.0012628334200136644 0.0012080145949880006
