12.901623935710727 13.044025805435295
12.901624127959906 13.044025805435295
12.901623935710727 13.044025999806426
9.686478232288497 9.807813227665324
9.686478376628271 9.807813227665324
9.686478232288497 9.807813373813131
11.020432647963743 6.680279341227738
10.02259805122054 9.027057261027368
10.022598200568888 9.027057261027368
10.02259805122054 9.027057395541004
10.7067908094238 7.4707456218943395
10.706790968967416 7.4707456218943395
10.7067908094238 7.470745733217124
11.385243797738472 6.045032164752185
11.385243967391824 6.045032164752185
11.385243797738472 6.045032254830184
11.520739576093796 5.809432261780275
11.520739747766193 5.809432261780275
11.520739576093796 5.809432348347562
11.527642667218087 5.796934179047266
11.527642838993348 5.796934179047266
11.527642667218087 5.796934265428317
0.05894173772247613 11.527642667218087 5.796934179047266 8.068908783198405e-05
0.028030138457879952 0.026867618228747392 0.02579711078328611 0.02480817758058307 0.023891891341238418 0.023040573868278003 0.022247586268501818 0.021507159827073585 0.02081425868569812 0.020164467597201457 0.01955389959906466 0.018979119620002004 0.01843708091559155 0.01792507189829222 0.01744067143911206 0.016981711112624157 0.0165462431630584 0.016132513208222087 0.01573893688587685 0.015364079795759983 0.015006640208590586 0.01466543410788375
0.0022910528471501534 0.002107029724670512 0.0019441563195992696 0.0017993365559561406 0.0016700163979178387 0.0015540747345373735 0.0014497388550601083 0.0013555184287954785 0.0012701535340331625 0.0011925734433758692 0.0011218637104208778 0.0010572397116456 0.0009980252440170308 0.0009436351092828147 0.0008935608623431804 0.000847359086324336 0.0008046416972121262 0.000765067887834136 0.0007283374030591565 0.0006941849014959361 0.0006623752082652477 0.0006326993019609831
