5.470786116086459 7.097356897273276
5.4707861976075245 7.097356897273276
5.470786116086459 7.097357003032135
6.302180095159912 13.369740706641519
6.302180189069714 13.369740706641519
6.302180095159912 13.36974090586618
9.418770609296153 10.046832774518686
9.418770749646772 10.046832774518686
9.418770609296153 10.04683292422816
13.36988768312911 2.003783009404547
10.744889319330857 8.241207496298369
10.744889479442186 8.241207496298369
10.744889319330857 8.24120761910193
12.637672970235956 4.18006677420124
11.2527050051844 7.242787945801598
11.25270517286277 7.242787945801598
11.2527050051844 7.242788053727549
12.211937031080957 5.21825160408118
12.211937213053 5.21825160408118
12.211937031080957 5.218251681839188
12.500962324117392 4.738518373641104
12.500962510396247 4.738518373641104
12.500962324117392 4.73851844425053
13.028290214616835 3.750265538828835
13.028290408753488 3.750265538828835
13.028290214616835 3.7502655947121464
13.59940191258198 2.7866526507558054
13.181760430678127 3.516028925800646
13.181760627101664 3.516028925800646
13.181760430678127 3.51602897819356
13.466330560662472 3.0336396291491114
13.466330761326434 3.0336396291491114
13.466330560662472 3.0336396743538647
13.768520766839888 2.5620882833831176
13.768520972006835 2.5620882833831176
13.768520766839888 2.562088321561208
13.85461687975461 2.4516689288016864
13.85461708620449 2.4516689288016864
13.85461687975461 2.4516689653344
14.01447123797132 2.2217418049995104
14.014471446803215 2.2217418049995104
14.01447123797132 2.221741838106043
14.058581461377834 2.1673770018422425
14.058581670867023 2.1673770018422425
14.058581461377834 2.1673770341386764
14.142198237421498 2.0550684568010573
14.142198448156673 2.0550684568010573
14.142198237421498 2.0550684874239638
14.228253310099028 1.9446171146106184
14.228253522116525 1.9446171146106184
14.228253310099028 1.9446171435876713
14.316291650459663 1.8357400042900858
14.316291863789033 1.8357400042900858
14.316291650459663 1.8357400316447434
14.295013528930768 1.8635348320828038
14.29501374194307 1.8635348320828038
14.295013528930768 1.8635348598516368
0.17439992071575894 14.295013528930768 1.8635348320828038 5.3835488439405765e-05
0.027418165801876206 0.026274870050602042 0.025222548984013635 0.024250826062403596 0.023350835173284415 0.022514957184788662 0.02173660943236233 0.021010076210660474 0.020330371299422775 0.019693125714254404 0.01909449546966928 0.018531085331346682 0.017999885428726884 0.017498218276745612 0.017023694273131346 0.016574174136005242 0.016147737055199854 0.015742653571530905 0.015357362387337542 0.014990450460970046 0.014640635856580136 0.014306752915384868
0.0021111337498347952 0.0019400804831105963 0.0017888620003073982 0.0016545481368641349 0.0015347264847864288 0.0014273971960813456 0.001330891711800513 0.0012438094420604351 0.00116496803692681 0.0010933640357133874 0.0010281415062286473 0.0009685668827443436 0.0009140086482923499 0.0008639208291741149 0.0008178295092966785 0.0007753217516806481 0.0007360364502482446 0.00069965673828647 0.0006659036590984967 0.0006345308653586005 0.0006053201610146501 0.0005780777365224403
