15.472020515547705 6.4921817209497625
15.472020746098776 6.4921817209497625
15.472020515547705 6.492181817690809
12.277155084806626 5.16363851433423
12.277155267750492 5.16363851433423
12.277155084806626 5.16363859127844
10.13687233557451 9.339016348390276
11.749886153448564 6.211445446937381
11.749886328535512 6.211445446937381
11.749886153448564 6.211445539495131
10.730246858973354 8.324259514741001
10.730247018866493 8.324259514741001
10.730246858973354 8.324259638782134
9.802489242712015 10.479001583160297
9.802489388780488 10.479001583160297
9.802489242712015 10.47900173930959
8.925130144093679 12.654751703927479
8.925130277088481 12.654751703927479
8.925130144093679 12.654751892497973
8.980928573600726 12.589820372230578
8.98092870742699 12.589820372230578
8.980928573600726 12.589820559833521
0.027415445505638236 8.980928573600726 12.589820372230578 4.103736134658822e-05
0.02705678850104587 0.025939312918963345 0.02491005498410386 0.023959021389831647 0.023077665337777702 0.02225863529632201 0.02149557410774296 0.02078295710866581 0.020115960740990216 0.01949035518493095 0.018902416061674848 0.01834885138227702 0.017826740768002346 0.017333484610461376 0.016866761331227182 0.01642449127882422 0.01600480609418614 0.015606022604537773 0.015226620485441185 0.014865223072847338 0.014520580819969469 0.01419155698411117
0.0023224787943411256 0.002139290787117428 0.0019768043797133133 0.001832036146096917 0.001702517675822575 0.0015861931465768273 0.0014813397564367992 0.001386505397704509 0.001300459453375782 0.0012221536668243444 0.0011506908062534553 0.0010852994067029847 0.0010253132847547653 0.000970154826710727 0.0009193212794313451 0.0008723734450732254 0.0008289263115304668 0.0007886412501729456 0.0007512194892567216 0.0007163966308422983 0.0006839380253861225 0.0006536348544808649
