10.894167141022043 8.08805558682839
10.894167303357785 8.08805558682839
10.894167141022043 8.08805570734981
9.109317176572809 6.77544968655052
9.109317312312212 6.77544968655052
9.109317176572809 6.775449787512588
7.274515156139451 10.733483958023632
8.651433013806221 7.76533627235665
8.651433142722619 7.76533627235665
8.651433013806221 7.765336388069177
7.775133071338292 9.762892741625093
7.775133187196803 9.762892741625093
7.775133071338292 9.762892887103531
7.44680677002059 10.652100334076371
7.446806880986658 10.652100334076371
7.44680677002059 10.652100492805035
7.451249490585933 10.655883868752762
7.451249601618203 10.655883868752762
7.451249490585933 10.655884027537805
0.03297980558219937 7.451249490585933 10.655883868752762 9.99821785290651e-05
0.03244196782646965 0.031138924999306 0.029936059050422948 0.02882232285123892 0.02778822534322154 0.026825568630063967 0.02592723630279129 0.025087021785155608 0.024299488190402858 0.023559853176159794 0.02286389377095058 0.022207867263230267 0.02158844509058359 0.021002657313476347 0.02044784575560634 0.01992162427855848 0.019421844959346474 0.01894656917565892 0.01849404279024458 0.01806267477414401 0.01765101872693753 0.017257756847325154
0.0031954193898908034 0.0029526198049783636 0.0027362858670289484 0.002542737813943855 0.002368908854848154 0.0022122274963195117 0.00207052522836115 0.0019419635491124412 0.0018249758601597142 0.00171822088685274 0.0016205450972694789 0.001530952196770737 0.0014485782231768113 0.001372671103117226 0.0013025737832725735 0.001237710242658472 0.0011775738393877203 0.0011217175588280467 0.0010697458180628531 0.0010213075501983523 0.0009760903459101367 0.0009338154721031742
