8.874226918866237 9.336693345835824
8.874227051102523 9.336693345835824
8.874226918866237 9.336693484963396
6.747003357679441 7.105814132794556
6.747003458217626 7.105814132794556
6.747003357679441 7.1058142386794385
9.770260566143948 0.20016203668629018
7.503304622687695 5.38090647673571
7.5033047344956465 5.38090647673571
7.503304622687695 5.380906556917465
7.968750492881785 4.4994115734822
7.9687506116254205 4.4994115734822
7.968750492881785 4.499411640528657
8.8961489712404 2.734581680118898
8.208760692104867 4.062589659077074
8.208760814424934 4.062589659077074
8.208760692104867 4.062589719614377
8.684880969354353 3.1868142288813397
8.684881098769164 3.1868142288813397
8.684880969354353 3.186814276368572
9.213842633591684 2.3419043636827355
8.829782512692763 2.9840628715565054
8.829782644266775 2.9840628715565054
8.829782512692763 2.9840629160225074
9.092969811439422 2.56080086474028
9.09296994693523 2.56080086474028
9.092969811439422 2.560800902899186
9.377029840235998 2.1512545539575427
9.377029979964632 2.1512545539575427
9.377029840235998 2.1512545860137338
9.682870485579057 1.7577068690554416
9.45995315477466 2.0582498957642494
9.459953295738947 2.0582498957642494
9.45995315477466 2.058249926434563
9.61177156127665 1.8606246402777304
9.611771704503207 1.8606246402777304
9.61177156127665 1.8606246680031981
9.77260949172309 1.6702677904177339
9.772609637346319 1.6702677904177339
9.77260949172309 1.6702678153066635
9.81724427402947 1.6268020355825272
9.81724442031781 1.6268020355825272
9.81724427402947 1.6268020598237667
9.900970837885254 1.53451983228941
9.838333808764293 1.6038757311833933
9.838333955366892 1.6038757311833933
9.838333808764293 1.603875755083004
9.817392201958205 1.626937236188753
9.817392348248749 1.626937236188753
9.817392201958205 1.6269372604320071
9.838332698464082 1.603874722994819
9.822673928033312 1.6212142680809132
9.82267407440256 1.6212142680809132
9.822673928033312 1.6212142922388884
0.19596213157488795 9.822673928033312 1.6212142680809132 7.24128333535533e-05
0.03927484145204787 0.0377393950130885 0.036318522591415776 0.03500000342920512 0.0337732757964329 0.03262916782422339 0.03155967852300439 0.030557798515091442 0.029617362409615166 0.02873292655145087 0.027899667242777076 0.02711329557942306 0.026369985846368654 0.025666315037571767 0.024999211548814904 0.02436591147115696 0.023763921211233417 0.023190985401383365 0.02264505925124949 0.022124284643634605 0.021626969399072576 0.02115156923199528
0.004362418445789241 0.004034615734435344 0.00374195871841419 0.003479667264755677 0.003243735551661355 0.0030307884274250432 0.002837967487674313 0.0026628401423347903 0.0025033265875282983 0.0023576408127808134 0.002224242678729049 0.0021017987789546926 0.001989150311713038 0.0018852865764401893 0.0017893230074271613 0.0017004828858866857 0.0016180820486858983 0.001541516049767665 0.0014702493380396864 0.0014038061002457631 0.0013417624843026716 0.0012837399717719237
