4.531875894531993 9.661227945974769
4.531875962062206 9.661227945974769
4.531875894531993 9.661228089938284
5.300281376245749 16.74544440434657
5.300281455226097 16.74544440434657
5.300281376245749 16.745444653873136
7.432090501655502 15.719626135668012
7.4320906124022805 15.719626135668012
7.432090501655502 15.719626369908696
9.291147314703803 11.611437273094737
9.291147453152687 11.611437273094737
9.291147314703803 11.611437446118636
10.074983500344299 10.003584293817088
10.074983650473252 10.003584293817088
10.074983500344299 10.00358444288211
10.18357337468645 9.796499384069751
10.183573526433518 9.796499384069751
10.18357337468645 9.796499530048967
10.184470041843609 9.795263259741382
10.184470193604039 9.795263259741382
10.184470041843609 9.79526340570218
0.035165508222208874 10.184470041843609 9.795263259741382 7.29145385005768e-05
0.02701341893335606 0.025892429929189584 0.024860282933727357 0.023906879416605208 0.023023586784373683 0.02220298318850593 0.02143865355555508 0.02072502529716049 0.020057235021917835 0.01943101966387326 0.018842626986678452 0.018288741572716302 0.01776642327091112 0.017273055731972322 0.01680630316013889 0.016364073795515584 0.015944488939502705 0.015545856568670685 0.015166648765294945 0.014805482337253189 0.01446110211482003 0.014132366503664512
0.002222624478338084 0.0020450727168327856 0.001887827788404147 0.0017479295366572532 0.0016229342915120206 0.001510811144172532 0.0014098615711915703 0.0013186566273314646 0.001235987478375623 0.0011608261499604145 0.001092294163497996 0.001029637307846293 0.0009722052188826796 0.0009194347523754108 0.0008708363691538371 0.0008259829271719754 0.0007845004080382831 0.0007460602070084995 0.0007103726933225125 0.0006771818079619608 0.0006462605127182675 0.0006174069410818146
