9.450698540317573 8.870384887212637
9.450698681143955 8.870384887212637
9.450698540317573 8.870385019391673
8.675131354354154 8.097839580347056
8.675131483623684 8.097839580347056
8.675131354354154 8.09783970101427
12.019083886318292 0.49134748387894156
9.511676866185196 6.198190231328989
9.511677007920227 6.198190231328989
9.511676866185196 6.198190323689221
10.466319561376666 4.279466947479545
10.466319717336981 4.279466947479545
10.466319561376666 4.279467011248571
11.524448552415633 2.4158133439922205
10.760348135158882 3.831583251620483
10.760348295500563 3.831583251620483
10.760348135158882 3.8315833087155227
11.28907212165703 2.899563200887338
11.289072289877314 2.899563200887338
11.28907212165703 2.8995632440941965
11.882656473819157 2.007448832807002
11.452589031664523 2.6873713727086934
11.452589202321398 2.6873713727086934
11.452589031664523 2.6873714127536474
11.748429269393661 2.240682262748372
11.7484294444589 2.240682262748372
11.748429269393661 2.2406822961371398
12.07258724019178 1.8140979015900862
11.836268605002612 2.1395633274749692
11.83626878137676 2.1395633274749692
11.836268605002612 2.139563359356947
11.997221681489993 1.9254202468642667
11.997221860262528 1.9254202468642667
11.997221681489993 1.925420275555264
12.167848745710657 1.7189025557101396
12.042301341337332 1.8758922622918022
12.042301520781605 1.8758922622918022
12.042301341337332 1.8758922902447752
12.127074498030336 1.772189321854455
12.127074678737827 1.772189321854455
12.127074498030336 1.7721893482621338
12.106440104163498 1.7985620546800227
12.106440284563513 1.7985620546800227
12.106440104163498 1.7985620814806857
0.18143171478051057 12.106440104163498 1.7985620546800227 9.136035783425984e-05
0.032272653459773024 0.030957337138050933 0.029744237085126638 0.02862198225166492 0.027580813838420218 0.026612311725613836 0.02570917431503008 0.024865040101641502 0.024074342100082663 0.0233321883284386 0.022634263101631195 0.02197674505275777 0.021356238685092097 0.02076971693325706 0.020214472732242646 0.01968807799607846 0.01918834872245858 0.018713315186492413 0.018261196381714927 0.017830378021331028 0.017419393536322093 0.017026907606304584
0.0028754916492497494 0.0026485973173423173 0.002447281405168523 0.0022678775104097693 0.0021073466036661366 0.0019631538206899965 0.0018331722924808899 0.0017156075090662432 0.0016089374034761188 0.0015118645634538018 0.0014232778680349917 0.0013422214997004655 0.0012678697668526675 0.001199506532630128 0.001136508317697618 0.0010783303503272296 0.0010244949938877377 0.000974582102181477 0.0009282209459751565 0.0008850834262409564 0.0008448783460089605 0.0008073465570282133
