8.320982389279155 10.002036627318349
8.320982513271455 10.002036627318349
8.320982389279155 10.002036776360308
6.608235731697092 7.943610579068348
6.6082358301674775 7.943610579068348
6.608235731697092 7.943610697437371
8.388637416599693 3.7312941006355453
7.052867185881299 6.888968800999981
7.052867290977209 6.888968800999981
7.052867185881299 6.888968903653616
7.537532050656858 5.830895710385978
7.537532162974838 5.830895710385978
7.537532050656858 5.8308957972730955
8.544987022491103 3.732632317805349
7.79778178098457 5.310439418348215
7.797781897180573 5.310439418348215
7.79778178098457 5.310439497479929
8.312881243214004 4.266844075200151
8.312881367085588 4.266844075200151
8.312881243214004 4.2668441387810825
8.87416941357538 3.247347000147084
8.87416954581081 3.247347000147084
8.87416941357538 3.247347048536325
9.491062277575052 2.26050258962653
9.04422757217879 3.011272030684514
9.044227706948284 3.011272030684514
9.04422757217879 3.011272075555964
9.351516379139388 2.5171280605967707
9.351516518487841 2.5171280605967707
9.351516379139388 2.5171280981049016
9.687175973631279 2.0417994261943355
9.442312541592548 2.403466945819712
9.44231268229397 2.403466945819712
9.442312541592548 2.4034669816341605
9.60905191867061 2.16503635079056
9.609052061856643 2.16503635079056
9.60905191867061 2.1650363830521155
9.785501875760827 1.933699840146008
9.785502021576168 1.933699840146008
9.785501875760827 1.933699868960381
9.97071492587779 1.709317811942526
9.97071507445302 1.709317811942526
9.97071492587779 1.7093178374133464
10.022786665760421 1.658531672713977
10.02278681511158 1.658531672713977
10.022786665760421 1.6585316974280246
10.119818957439872 1.550145665775729
10.047251841365666 1.6316220147703868
10.047251991081385 1.6316220147703868
10.047251841365666 1.6316220390834495
10.096048517741147 1.5776814696595658
10.059513523444233 1.618193694711151
10.059513673342666 1.618193694711151
10.059513523444233 1.6181937188241162
0.20291610178924124 10.059513523444233 1.618193694711151 0.0001289102392248682
0.03912193191116032 0.0375846027586771 0.036162543087066644 0.03484339698804928 0.033616494443129766 0.032472576377538975 0.0314035712487722 0.030402412359499576 0.02946288757440381 0.028579514989598355 0.02774743951733651 0.02696234642646594 0.026220388706337517 0.025518125761172468 0.024852471439144 0.024220649789604302 0.023620157248287966 0.023048730192930297 0.022504317004884325 0.021985053926894448 0.02148924413151013 0.021015339515103485
0.004061015870575402 0.003754018811141817 0.0034801362922644236 0.0032348362246918667 0.0030143254040285623 0.0028154115273988814 0.0026353939531534253 0.0024719766503764604 0.002323198397297927 0.0021873764765903167 0.00206306099865418 0.0019489976446847807 0.001844097118994862 0.0017474099774498694 0.0016581057868617687 0.0015754557913150895 0.00149881843219582 0.0014276272013712236 0.0013613804106031183 0.001299632541656676 0.0012419869057983589 0.0011880893923242688
