8.041530316135695 7.616687208024741
8.041530435963836 7.616687208024741
8.041530316135695 7.616687321522225
7.370888564284599 6.978120506527215
7.370888674119398 6.978120506527215
7.370888564284599 6.978120610509314
8.215776164422158 5.081986515811796
7.581970271811571 6.503654566765649
7.581970384791732 6.503654566765649
7.581970271811571 6.503654663677653
7.815110742217374 5.999828288870798
7.8151108586715985 5.999828288870798
7.815110742217374 5.999828378275207
8.290079129385163 4.996241411642473
8.290079252916968 4.996241411642473
8.290079129385163 4.996241486092272
8.799574561174003 4.00973444565593
8.426288183071552 4.754382066147075
8.42628830863303 4.754382066147075
8.426288183071552 4.754382136992889
8.679558508724178 4.260368362508977
8.679558638059678 4.260368362508977
8.679558508724178 4.260368425993413
8.870992209205255 3.909760172600939
8.87099234139334 3.909760172600939
8.870992209205255 3.909760230860906
8.818172783669425 4.011480697278608
8.81817291507044 4.011480697278608
8.818172783669425 4.011480757054328
8.841680576702538 3.9687981198224915
8.841680708453845 3.9687981198224915
8.841680576702538 3.9687981789621922
0.08495380675376529 8.841680576702538 3.9687981198224915 0.0002003777683511246
0.03718681402962932 0.03571731721516847 0.03435865257983244 0.03309886383897573 0.03192763735762658 0.030836032261585083 0.029816261538555006 0.028861513342475616 0.02796580422097846 0.027123857861800712 0.026331004369078346 0.025583096156093433 0.024876437364661563 0.024207724356376168 0.02357399531381874 0.02297258737485192 0.022401100025681502 0.021857363717540754 0.021339412861958233 0.020845462511488125 0.02037388815480406 0.019923208153547808
0.003967878162493262 0.003666486534962585 0.0033977845937544697 0.003157269962315101 0.0029411796032561186 0.002746350631967323 0.0025701103842997574 0.0024101890028345855 0.0022646494811835575 0.0021318313357168565 0.0020103049843035303 0.0018988345902306743 0.0017963476390022502 0.0017019099009568332 0.0016147047258374414 0.0015340158400108546 0.0014592129900878378 0.0013897399108416635 0.0013251041998985213 0.0012648687636433163 0.0012086445633729135 0.0011560844418795654
