10.720952462746812 15.907106426315485
10.720952622501454 15.907106426315485
10.720952462746812 15.907106663349841
8.943147885597362 13.250400180433985
8.94314801886065 13.250400180433985
8.943147885597362 13.250400377880334
12.15211854831062 4.962442466277059
9.745368171926968 11.178296375944127
9.745368317144269 11.178296375944127
9.745368171926968 11.178296542513722
10.520077383719668 9.36856961489245
10.520077540481036 9.36856961489245
10.520077383719668 9.368569754495017
12.115963326267195 5.769362853897546
10.93265464565229 8.474924645644625
10.932654808561539 8.474924645644625
10.93265464565229 8.474924771930844
11.746531782158609 6.6824712099383206
11.746531957195572 6.6824712099383206
11.746531782158609 6.682471309514901
12.622344845085548 4.919451983920183
12.622345033173143 4.919451983920183
12.622344845085548 4.9194520572257305
13.565116405323256 3.1913122043566156
12.87829692426225 4.499102289978859
12.878297116163829 4.499102289978859
12.87829692426225 4.499102357020708
13.348185884388243 3.634217503849819
13.348186083291713 3.634217503849819
13.348185884388243 3.6342175580038796
13.854272291647558 2.7900031492495643
13.483594774766303 3.428752749172908
13.483594975687522 3.428752749172908
13.483594774766303 3.4287528002653054
13.735694094095841 3.006081168362198
13.735694298773632 3.006081168362198
13.735694094095841 3.006081213156298
14.001785713320933 2.5920756343296083
14.0017859219638 2.5920756343296083
14.001785713320933 2.5920756729545453
14.282457435905453 2.187812457459788
14.076431871565198 2.4942708066811887
14.076432081320378 2.4942708066811887
14.076431871565198 2.49427084384872
14.216057325942987 2.2916478427860367
14.216057537778749 2.2916478427860367
14.216057325942987 2.2916478769342508
14.36175900149022 2.0933491923857153
14.361759215497106 2.0933491923857153
14.36175900149022 2.093349223579049
14.51287048745709 1.8991414381204827
14.401310908169679 2.046231202286277
14.401311122765934 2.046231202286277
14.401310908169679 2.0462312327774983
14.476495879438552 1.9488399637313454
14.47649609515515 1.9488399637313454
14.476495879438552 1.9488399927713238
14.553727971189726 1.85306398941783
14.496340101021186 1.9253384436097198
14.496340317033487 1.9253384436097198
14.496340101021186 1.9253384722994984
0.17125370037962329 14.496340101021186 1.9253384436097198 5.132074393197444e-05
0.027132181019151578 0.025998555817483233 0.024955325254625706 0.023992155910317035 0.02310022207541963 0.022271942122878793 0.021500767987242743 0.020781015752482812 0.020107728331045266 0.01947656339611288 0.018883701336374868 0.018325769199225978 0.017799777487022637 0.01730306735160923 0.016833266251805815 0.01638825053802813 0.015966113737599895 0.015565139555554624 0.015183778795034485 0.014820629550864538 0.014474420148587377 0.014143994396042596
0.002022972253124822 0.0018586869346371862 0.0017134985093987297 0.0015845783425471492 0.001469599035796325 0.0013666322789286655 0.0012740700081920822 0.001190563031811722 0.0011149728664854742 0.0010463336527751653 0.0009838218232227644 0.0009267317804330713 0.0008744562685895291 0.0008264704359880771 0.0007823188196054209 0.0007416046575695067 0.0007039810673665511 0.0006691437279397922 0.0006368247806265988 0.0006067877230491065 0.0005788231159513198 0.0005527449587627207
