6.215689565116595 2.3529030946350593
6.215689657737586 2.3529030946350593
6.215689565116595 2.3529031296960476
4.827169385637718 8.852361645454696
4.8271694575681465 8.852361645454696
4.827169385637718 8.852361777365164
6.838323401875506 9.950635153951097
6.838323503774466 9.950635153951097
6.838323401875506 9.950635302227116
9.801477112757311 4.665550296660708
9.801477258810701 4.665550296660708
9.801477112757311 4.665550366182825
12.558308895069251 0.11657354151324828
10.696502627597756 3.682055881342594
10.696502786988066 3.682055881342594
10.696502627597756 3.6820559362095024
12.041042902365115 1.3873796082622718
11.052120814689118 3.1202563714601252
11.052120979378552 3.1202563714601252
11.052120814689118 3.1202564179555683
11.753900186247307 1.9907265352748593
11.2334433575622 2.8416116487043874
11.23344352495355 2.8416116487043874
11.2334433575622 2.8416116910477007
11.594035159350987 2.282991440712369
11.325528142949269 2.7032260323325508
11.32552831171279 2.7032260323325508
11.325528142949269 2.7032260726137576
11.508440335808913 2.425622221521426
11.508440507298038 2.425622221521426
11.508440335808913 2.4256222576660136
11.701434731710012 2.154930682635645
11.701434906074978 2.154930682635645
11.701434731710012 2.1549307147466146
11.903976109152774 1.8913064491191278
11.755091654466439 2.0914603646128893
11.755091829630954 2.0914603646128893
11.755091654466439 2.0914603957780775
11.855773616869419 1.9591980156050157
11.855773793534212 1.9591980156050157
11.855773616869419 1.9591980447993411
11.96017766492132 1.8298535867772843
11.960177843141855 1.8298535867772843
11.96017766492132 1.8298536140442274
12.06764605350698 1.7030437607652702
12.067646233328919 1.7030437607652702
12.06764605350698 1.7030437861425998
12.096481596614883 1.6731205572089665
12.096481776866504 1.6731205572089665
12.096481596614883 1.6731205821404056
12.041520581865724 1.7354650316019837
12.082814020579688 1.6887704463354773
12.082814200627647 1.6887704463354773
12.082814020579688 1.688770471500118
0.19398680097058063 12.082814020579688 1.6887704463354773 9.906444488540301e-05
0.0327405039114473 0.03140814718127246 0.030179171448514484 0.02904209466865661 0.027987060038283666 0.027005560704310618 0.026090218123979526 0.02523460236239755 0.02443308542468623 0.02368072079972704 0.02297314394536956 0.022306489614041594 0.02167732280482357 0.02108258080631194 0.020519524316906224 0.01998569603413356 0.019478885420682726 0.018997098603024416 0.018538532554575247 0.01810155287114747 0.01768467457087344 0.01728654545072238
0.002900545338848557 0.0026720843236497215 0.0024693298424180122 0.002288604486498481 0.002126858776603255 0.0019815481187390443 0.001850536699724093 0.0017320218572739918 0.0016244741359934106 0.0015265894524773226 0.001437250676436205 0.001355496584557729 0.0012804966254441525 0.0012115302936844341 0.0011479701817667966 0.0010892679836043521 0.0010349428798754356 0.0009845718554820726 0.0009377815922150561 0.0008942416518239885 0.0008536587210539288 0.0008157717345085335
