13.971799826669338 8.33136000201108
13.97180003486538 8.33136000201108
13.971799826669338 8.331360126158017
11.63362355547484 6.950487863397309
11.63362372882934 6.950487863397309
11.63362355547484 6.950487966967649
9.604314688846879 11.22077675705404
11.127486474102446 8.01862484516803
11.127486639914915 8.01862484516803
11.127486474102446 8.018624964654853
10.153029883306758 10.172412156051017
10.153030034598693 10.172412156051017
10.153029883306758 10.17241230763177
8.333056230389346 14.536029647783002
9.71991054938066 11.272184404994336
9.719910694218614 11.272184404994336
9.71991054938066 11.272184572962972
8.828685040373516 13.46172374466391
8.828685171931175 13.46172374466391
8.828685040373516 13.461723945259225
7.575238953735633 16.811429251819046
8.534511223958994 14.30608157493165
8.534511351133121 14.30608157493165
8.534511223958994 14.306081788108877
7.912766376599912 15.982788724071222
7.912766494509319 15.982788724071222
7.912766376599912 15.982788962233332
7.660570351463497 16.74053025543899
7.6605704656148905 16.74053025543899
7.660570351463497 16.74053050489233
7.641856638067502 16.8032495670941
7.641856751940039 16.8032495670941
7.641856638067502 16.80324981748203
0.020674069936349793 7.641856638067502 16.8032495670941 6.727095442673357e-05
0.026622496012569972 0.025529394710908884 0.02452224377887324 0.023591334678858593 0.02272836177145699 0.021926178769268473 0.021178604033520777 0.02048026369510464 0.019826464324479674 0.019213088875097945 0.018636511098807026 0.018093524728266117 0.01758128454478844 0.01709725707361712 0.016639179124770934 0.016205022763933343 0.015792965581768854 0.01540136535159821 0.015028738339377377 0.014673740667450225 0.01433515224287521 0.014011862848529512
0.002394539187560083 0.002209462766278394 0.0020449251916840436 0.001898014909416892 0.0017663156648124608 0.0016478092256949125 0.0015407995944194497 0.001443853468508911 0.0013557531005658936 0.0012754587016894222 0.001202078249802796 0.0011348430872394422 0.0010730880768736884 0.0010162353719822602 0.0009637810691537298 0.0009152841752220149 0.0008703574421647587 0.0008286597181079707 0.0007898895352322572 0.0007537797117739483 0.000720092789357761 0.0006886171615013332
