11.052965903996371 13.912794018386023
11.052966068698398 13.912794018386023
11.052965903996371 13.91279422570281
9.149224567354795 11.539702292676177
9.149224703688864 11.539702292676177
9.149224567354795 11.53970246463114
7.676241318232375 15.18611684356014
8.779019786397546 12.450308976853023
8.779019917215136 12.450308976853023
8.779019786397546 12.450309162377083
8.568168935806513 13.001795804236263
8.568169063482179 13.001795804236263
8.568168935806513 13.001795997978117
8.146035012256744 14.104604109644438
8.146035133642124 14.104604109644438
8.146035012256744 14.104604319819417
7.410498885940138 16.10832165132216
7.410498996365176 16.10832165132216
7.410498885940138 16.10832189135486
7.459074460833129 16.03600195548812
7.459074571982 16.03600195548812
7.459074460833129 16.03600219444317
0.021909190861831296 7.459074460833129 16.03600195548812 7.239654417350333e-05
0.027652447788871014 0.026521922632724317 0.02547992890103124 0.024516507740888798 0.023623133351330424 0.02279246525865778 0.022018150058358884 0.021294661513338895 0.020617170651632627 0.019981439518039587 0.019383733718379332 0.01882075000096619 0.01828955595137642 0.01778753950706451 0.017312366480321244 0.01686194464925661 0.01643439326444655 0.016028017043790716 0.01564128390493522 0.015272805824456805 0.014921322324264873 0.01458568617468516
0.002518283846369173 0.0023247470807159555 0.0021525721894650705 0.0019987469913775343 0.0018607690540975563 0.0017365460905103475 0.0016243182483048194 0.0015225969796545233 0.0014301165817560862 0.001345795503311793 0.0012687052382837063 0.0011980451586594129 0.0011331220290108418 0.0010733332364737135 0.0010181529879098989 0.0009671208909064339 0.0009198324608410516 0.0008759311925557569 0.0008351019095434514 0.0007970651613361126 0.000761572484957311 0.0007284023818192878
