9.050029237453803 9.079407897364938
9.050029372309748 9.079407897364938
9.050029237453803 9.079408032658659
7.130219679527761 7.158861879207065
7.130219785776314 7.158861879207065
7.130219679527761 7.15886198588242
8.85270858234749 3.2585098454075028
7.563721612731857 6.1850507068527145
7.563721725440092 6.1850507068527145
7.563721612731857 6.185050799017152
8.470319740908174 4.255540837491438
8.470319867125774 4.255540837491438
8.470319740908174 4.255540900903938
8.764283074360002 3.810969594652509
8.764283204957996 3.810969594652509
8.764283074360002 3.8109696514403812
9.285780798264764 2.881307156207244
8.897689534548668 3.580281007541454
8.897689667134575 3.580281007541454
8.897689534548668 3.5802810608917985
9.16277599133473 3.1179097262078566
9.162776127870732 3.1179097262078566
9.16277599133473 3.117909772668332
9.721042265100992 2.209850866293492
9.306635423829443 2.8935908203491114
9.306635562509117 2.8935908203491114
9.306635423829443 2.8935908634669745
9.591936400606551 2.4434115404799814
9.59193654353754 2.4434115404799814
9.591936400606551 2.4434115768896505
9.90236513385907 2.0101771547893974
9.902365281415808 2.0101771547893974
9.90236513385907 2.0101771847433714
9.994599213540148 1.9140184240041702
9.994599362471282 1.9140184240041702
9.994599213540148 1.9140184525252673
10.162097119134291 1.7067529916114517
10.037036674112795 1.8626621324679284
10.037036823676296 1.8626621324679284
10.037036674112795 1.8626621602237572
10.12160354733908 1.7596957743038626
10.121603698162724 1.7596957743038626
10.12160354733908 1.7596958005253729
10.208985672733744 1.6591075487386784
10.208985824859486 1.6591075487386784
10.208985672733744 1.6591075734613074
10.298607404487301 1.5605095155010176
10.29860755794851 1.5605095155010176
10.298607404487301 1.5605095387544214
10.32242865911458 1.5372254112014112
10.322428812930754 1.5372254112014112
10.32242865911458 1.5372254341078548
10.276757178685191 1.5857282215900699
10.311061894804164 1.549399033931502
10.311062048450959 1.549399033931502
10.311061894804164 1.5493990570193468
0.2061515355827368 10.311061894804164 1.549399033931502 6.276285001689729e-05
0.03800550410026924 0.03650618598855241 0.03511970636536869 0.03383392356733314 0.032638359100155404 0.03152392530464536 0.030482704278359345 0.029507767255876914 0.0285930261481049 0.02773311081311424 0.02692326704543791 0.02615927134742065 0.025437359371659835 0.024754165560772843 0.024106672005831817 0.02349216493192509 0.022908197523808408 0.022352558045506166 0.02182324239935382 0.0213184304232154 0.02083646534777837 0.020375835935303656
0.004012236512450178 0.0037075317586038057 0.003435847003357397 0.0031926413252161717 0.0029741178245400817 0.002777083964387756 0.0025988411577040544 0.0024370968966916234 0.002289894378800342 0.002155555804302899 0.002032636425361884 0.0019198871023077147 0.0018162236310787026 0.0017207014905545803 0.0016324949517200914 0.0015508797154164815 0.0014752184188629473 0.001404948485683262 0.0013395718991508732 0.001278646560710412 0.0012217789607598545 0.0011686179401261172
