6.717104499589771 9.711824382206519
6.717104599682428 9.711824382206519
6.717104499589771 9.71182452692398
11.425979999170957 0.1428169483793571
8.430146901077256 7.668738734367519
8.430147026696234 7.668738734367519
8.430146901077256 7.668738848640631
10.705659671635699 2.846198473693244
9.081284991517826 6.505468561276874
9.081285126839518 6.505468561276874
9.081284991517826 6.50546865821591
10.226897081253055 4.097920810233876
10.226897233645698 4.097920810233876
10.226897081253055 4.097920871297655
10.607124221345373 3.5504521818692454
10.60712437940384 3.5504521818692454
10.607124221345373 3.5504522347751055
11.28087935308181 2.4001338212039265
10.780301045641178 3.2657006554407144
10.780301206280182 3.2657006554407144
10.780301045641178 3.2657007041034465
11.12485183437497 2.695105062144417
11.12485200014818 2.695105062144417
11.12485183437497 2.695105102304612
11.500660962945732 2.1445943211146736
11.500661134318936 2.1445943211146736
11.500660962945732 2.144594353071619
11.614248014537832 2.022666503206892
11.614248187603614 2.022666503206892
11.614248014537832 2.0226665333469716
11.819316308120465 1.7599487092840875
11.666306091261513 1.9576122226781192
11.666306265103021 1.9576122226781192
11.666306091261513 1.9576122518488144
11.770025228361828 1.827186950325305
11.692490462761182 1.9252099946530508
11.692490636992867 1.9252099946530508
11.692490462761182 1.9252100233409153
11.74462818542057 1.860219528866309
11.705593497295963 1.9090176535951429
11.705593671722898 1.9090176535951429
11.705593497295963 1.9090176820417226
0.1730324494386607 11.705593497295963 1.9090176535951429 0.0001554683338465741
0.0331701272244901 0.031823754415912904 0.03058157926265185 0.029432060418472118 0.028365285550257247 0.027372696219501353 0.026446866217888606 0.025581321723253475 0.024770394424454684 0.024009100825223617 0.0232930424778472 0.02261832305867329 0.021981479079332365 0.021379421702420028 0.020809387650482555 0.020268897600711346 0.01975572077292503 0.01926784466608809 0.018803449094392532 0.018360883829562042 0.017938649280430534 0.017535379740782196
0.0029973050789590446 0.0027619232566797507 0.002552944208579187 0.0023666034013913994 0.0021997768648967537 0.002049856132350058 0.001914650457004101 0.0017923097849430723 0.0016812636480715581 0.0015801723601922245 0.0014878877894134055 0.001403421635688215 0.001325919628813788 0.001254640426037027 0.0011889382624505989 0.0011282486152163521 0.0010720763013630054 0.0010199855508690534 0.00097159169104618 0.0009265541515877183 0.0008845705570218127 0.0008453717184339789
