5.294377806684935 8.858004863403536
5.294377885577312 8.858004863403536
5.294377806684935 8.858004995398094
6.5480751446392285 11.13054400718464
6.548075242213152 11.13054400718464
6.5480751446392285 11.130544173042672
8.185522721200813 8.427639221304032
8.185522843174606 8.427639221304032
8.185522721200813 8.427639346885643
9.108885246789534 6.54630705068465
9.108885382522502 6.54630705068465
9.108885246789534 6.546307148232226
9.367922070170117 6.071708278287084
9.367922209763034 6.071708278287084
9.367922070170117 6.071708368762588
9.387290740851924 6.03739488983285
9.387290880733456 6.03739488983285
9.387290740851924 6.037394979797044
0.0569432605775283 9.387290740851924 6.03739488983285 8.607797465807098e-05
0.03258423425750267 0.0312647423249996 0.03004722297155979 0.028920390635712077 0.027874552375605367 0.02690133876196893 0.02599348712119673 0.025144665712528103 0.024349330161033484 0.02360260549413445 0.022900188642042886 0.022238267401404006 0.02161345272579003 0.02102272186769698 0.020463370405847472 0.019932971586491256 0.019429341715679015 0.01895051058166115 0.018494696077950405 0.01806028234969572 0.017645800907568926 0.017249914251007706
0.003079689967652635 0.0028396844070134233 0.002626419557896167 0.0024361051602991308 0.0022655927179650063 0.0021122506806042487 0.00197386678067747 0.0018485710413329644 0.0017347746469407793 0.0016311210795017757 0.0015364468088310472 0.0014497494756562782 0.0013701619900921961 0.001296931329431047 0.0012294010915454097 0.0011669970668618636 0.0011092152497417847 0.001055611831498434 0.0010057948111998186 0.0009594169335051245 0.0009161697200006642 0.0008757784055343508
