14.442990447641016 7.441806509050664
14.442990662858344 7.441806509050664
14.442990447641016 7.441806619942223
12.01265006780765 6.19501877387186
12.012650246810084 6.19501877387186
12.01265006780765 6.195018866184833
14.084339790667492 1.9946334509276964
12.536915408476132 5.148074744500304
12.53691559529073 5.148074744500304
12.536915408476132 5.148074821212596
13.62248318027551 3.0731466963303227
12.815936217812535 4.633406040407074
12.815936408784866 4.633406040407074
12.815936217812535 4.633406109450204
13.370230817999515 3.602046042992715
13.370231017231479 3.602046042992715
13.370230817999515 3.6020460966673835
13.974751391952505 2.5992994031426795
13.533501792674144 3.359091910320037
13.533501994339035 3.359091910320037
13.533501792674144 3.359091960374407
13.834869880900921 2.8571817964407833
13.834870087056547 2.8571817964407833
13.834869880900921 2.8571818390161097
14.1574762881233 2.3686517635514877
14.157476499086137 2.3686517635514877
14.1574762881233 2.3686517988471496
14.251129257485045 2.256178870069492
14.25112946984342 2.256178870069492
14.251129257485045 2.2561789036891766
14.423454377975064 2.019560665778196
14.294751836062286 2.1974223534275605
14.294752049070688 2.1974223534275605
14.294751836062286 2.1974223861717053
14.381645528758126 2.0796491960097296
14.381645743061345 2.0796491960097296
14.381645528758126 2.0796492269989177
14.471141627492974 1.9638412569479948
14.471141843129788 1.9638412569479948
14.471141627492974 1.96384128621151
14.4494971438568 1.993342625230307
14.449497359171085 1.993342625230307
14.4494971438568 1.9933426549334268
0.16014465970402691 14.4494971438568 1.993342625230307 4.19955056740731e-05
0.02662099323033842 0.025508669077990667 0.02448504587971097 0.023539983234173535 0.02266482038094345 0.021852117462453767 0.021095448912894853 0.020389237194696815 0.019728618031779506 0.0191093304277736 0.018527626335175785 0.017980196015987108 0.017464106016519487 0.01697674734707845 0.016515791967109603 0.01607915606848736 0.015664968953286704 0.015271546539146627 0.01489736871113451 0.014541059885718207 0.014201372268955783 0.013877171384050903
0.0020814375507037563 0.001912393926556071 0.0017630016102198763 0.001630349639120682 0.001512042915387492 0.0014060970676092366 0.0013108573037463067 0.0012249352434074597 0.0011471593481626357 0.0010765357257757646 0.0010122169139104705 0.0009534768494468521 0.0008996906683050309 0.0008503183040160721 0.0008048910935625268 0.0007630007789889502 0.000724290429115509 0.0006884469089455202 0.0006551946033957741 0.0006242901628769113 0.0005955180854694058 0.0005686869872728964
