15.97166502862318 14.25745538711797
15.971665266619535 14.25745538711797
15.97166502862318 14.25745559957061
10.583510307530652 9.469585067694677
10.583510465237245 9.469585067694677
10.583510307530652 9.46958520880249
8.387210171577665 14.514935609778567
10.035173814132465 10.731243941455176
10.035173963668207 10.731243941455176
10.035173814132465 10.731244101363172
8.98279597547342 13.273354281236406
8.982796109327511 13.273354281236406
8.98279597547342 13.273354479024798
8.456581981347476 14.74175911116736
8.456582107360367 14.74175911116736
8.456581981347476 14.741759330836688
8.468143167308849 14.743420018585752
8.468143293494016 14.743420018585752
8.468143167308849 14.74342023827983
0.02342091166607041 8.468143167308849 14.743420018585752 7.72297340915212e-05
0.026438549160720526 0.02534708053845854 0.02434179704280219 0.02341292853693147 0.0225521208462355 0.02175218938342551 0.021006922262900348 0.020310921729915304 0.01965947551244865 0.01904845173298121 0.018474212512767648 0.017933542513744762 0.01742358949852877 0.016941814621477133 0.01648595064664161 0.016053966659857463 0.015644038129985924 0.015254521398822836 0.014883931855461406 0.01453092519016535 0.014194281233489108 0.013872889974834417
0.002291707679520847 0.0021119778409437405 0.001952457317604278 0.0018102464006318738 0.0016829441025294487 0.0015685492546070065 0.0014653836344804365 0.001372031714480673 0.0012872930654428938 0.001210144479704848 0.001139709618960925 0.0010752345325833867 0.0010160677887745963 0.0009616442550329644 0.0009114717842871142 0.000865120228727239 0.0008222123291413105 0.0007824161237371449 0.0007454385944678061 0.0007110203262413765 0.0006789309991164872 0.0006489655686502207
