8.859323085424931 6.511719558003152
8.859323217439133 6.511719558003152
8.859323085424931 6.511719655035336
8.070153103430266 5.924216118465606
8.070153223684919 5.924216118465606
8.070153103430266 5.924216206743305
9.752758676617171 2.375939350451737
8.49189782758326 5.03766621364734
8.491897954122399 5.03766621364734
8.49189782758326 5.037666288714416
9.380773627398948 3.2868786203514926
8.720995523483007 4.60353019549811
8.720995653435967 4.60353019549811
8.720995523483007 4.603530264096055
9.174985072781983 3.73305168616461
9.174985209499914 3.73305168616461
9.174985072781983 3.733051741791415
9.668436296650954 2.8843201410065573
9.668436440721882 2.8843201410065573
9.668436296650954 2.8843201839862767
9.817612309946531 2.689418945044352
9.817612456240354 2.689418945044352
9.817612309946531 2.689418985119817
10.08743546000219 2.2793515064259195
9.886248119255992 2.5876883426525423
9.886248266572569 2.5876883426525423
9.886248119255992 2.5876883812121036
10.022784638118662 2.3837331070072563
10.02278478746979 2.3837331070072563
10.022784638118662 2.3837331425276473
10.165281871251096 2.1838969299024575
10.05995379800603 2.334912506858256
10.059953947911023 2.334912506858256
10.05995379800603 2.3349125416511636
10.130870592168925 2.2347586348001944
10.13087074313066 2.2347586348001944
10.130870592168925 2.2347586681006932
10.113486549689386 2.2600379628861997
10.113486700392079 2.2600379628861997
10.113486549689386 2.2600379965633897
0.14397338889533218 10.113486549689386 2.2600379628861997 9.592916122856519e-05
0.03644102799295839 0.03499288680097023 0.03365450247186022 0.03241397876001852 0.03126106122891942 0.030186866332193148 0.029183661889865365 0.028244688045070694 0.027364010332210087 0.026536398390391923 0.025757225289863985 0.025022383527919533 0.024328214583577482 0.023671449561839822 0.02304915895577892 0.022458709942925578 0.02189772993725858 0.02136407535884993 0.02085580477443826 0.020371155714891093 0.019908524598067384 0.019466449284441127
0.0038082903024958675 0.003516551480944257 0.003256708105037591 0.003024333395863542 0.002815732858281121 0.002627805458785427 0.002457934172140298 0.002303899093865334 0.0021638080167313634 0.0020360406163099035 0.0019192033117087098 0.0018120925531322214 0.0017136648017615883 0.0016230118553068624 0.0015393404672923645 0.001461955433504723 0.0013902454924413176 0.0013236715208184507 0.0012617566096839099 0.001204077688463992 0.0011502584286322136 0.0010999632095886858
