9.28103183464238 14.899365295175109
9.281031972940532 14.899365295175109
9.28103183464238 14.899365517192953
6.909611365523138 11.087977945676379
6.90961146848437 11.087977945676379
6.909611365523138 11.087978110900124
9.079393475871722 5.451411956756144
7.451052808775245 9.67458042751133
7.451052919804583 9.67458042751133
7.451052808775245 9.674580571673813
7.985235853879124 8.405242781175733
7.985235972868411 8.405242781175733
7.985235853879124 8.405242906423611
9.0824429848204 5.878898612987917
9.082443120159347 5.878898612987917
9.0824429848204 5.878898700590333
10.332035625746006 3.4243525091085165
9.432339009792754 5.285842824525435
9.432339150345557 5.285842824525435
9.432339009792754 5.285842903290631
10.053119977302654 4.056533841210534
10.053120127105815 4.056533841210534
10.053119977302654 4.056533901657598
10.736183944361764 2.860710608877798
10.23903568033368 3.7667564257748984
10.239035832907202 3.7667564257748984
10.23903568033368 3.766756481903943
10.579205753542 3.1680689298191567
10.57920591118445 3.1680689298191567
10.579205753542 3.1680689770270622
10.944918541515694 2.5846337978354725
10.944918704607689 2.5846337978354725
10.944918541515694 2.5846338363495174
11.339787303515681 2.0205229423142304
11.052122265968121 2.4499442984450326
11.052122430657576 2.4499442984450326
11.052122265968121 2.4499443349520473
11.248482802648123 2.1671402341800032
11.248482970263579 2.1671402341800032
11.248482802648123 2.1671402664729094
11.457929232230345 1.8938861541275054
11.457929402966796 1.8938861541275054
11.457929232230345 1.8938861823486082
11.517223879177783 1.8314952911024718
11.517224050797791 1.8314952911024718
11.517223879177783 1.8314953183938782
11.627373860035668 1.6992043938361556
11.545020612075524 1.798640148786251
11.545020784109736 1.798640148786251
11.545020612075524 1.7986401755880776
11.600442910178625 1.7327854312741338
11.600443083038694 1.7327854312741338
11.600442910178625 1.7327854570946488
11.657063463719702 1.667958061573274
11.657063637423484 1.667958061573274
11.657063463719702 1.667958086427786
11.643239971260911 1.6844486874056561
11.643240144758707 1.6844486874056561
11.643239971260911 1.6844487125058976
0.19522200666566247 11.643239971260911 1.6844486874056561 0.00010665631597717311
0.033971464312991514 0.032597404988911276 0.0313293110098487 0.030155488490533802 0.029065887752734134 0.028051826747546138 0.027105767993756653 0.0262211374345347 0.025392176376267304 0.024613819722739575 0.023881595251795746 0.023191539839120395 0.022540129414025726 0.021924220106490543 0.021340998564977395 0.02078793982866529 0.020262771453633664 0.01976344284099101 0.019288098911504396 0.018835057427664302 0.018402789389197576 0.017989902028597557
0.003094962039252277 0.002852917610619737 0.0026379058277287673 0.0024460899716912178 0.0022742830268236646 0.0021198214758547987 0.0019804664766689913 0.0018543259110973332 0.0017397924678589436 0.0016354941347605171 0.0015402543629235075 0.0014530598206531672 0.0013730341414140593 0.0012994164350330587 0.001231543606340115 0.0011688357344064398 0.0011107839252994128 0.0010569401741979407 0.001006908867870156 0.0009603396326099717 0.0009169212907468673 0.0008763767345181112
