12.061428631227523 7.70541971677668
12.061428810956816 7.70541971677668
12.061428631227523 7.705419831596381
9.155724778268462 5.858583589224933
9.155724914699393 5.858583589224933
9.155724778268462 5.858583676524631
11.106917447478635 1.8573310251331039
9.655668035589105 4.864284755077694
9.655668179469771 4.864284755077694
9.655668035589105 4.864284827561185
10.682961048312112 2.8897056114325923
9.920779853818889 4.375041378151003
9.920780001650028 4.375041378151003
9.920779853818889 4.3750414433442
10.447153778096363 3.3944783133929697
10.447153933771085 3.3944783133929697
10.447153778096363 3.3944783639746383
11.028463414485351 2.4454511595305335
10.605624698900114 3.165791176090618
10.605624856936236 3.165791176090618
10.605624698900114 3.165791223264583
10.895178590553549 2.690605000092111
10.89517875290436 2.690605000092111
10.895178590553549 2.69060504018525
11.207428286770496 2.2300146341006384
11.207428453774192 2.2300146341006384
11.207428286770496 2.2300146673304457
11.5445590672586 1.787311353246277
11.29898096418373 2.1252729655276608
11.298981132551667 2.1252729655276608
11.29898096418373 2.1252729971966957
11.466432808638938 1.903077737639026
11.466432979502102 1.903077737639026
11.466432808638938 1.903077765997094
11.513612799783123 1.8519677982448095
11.513612971349323 1.8519677982448095
11.513612799783123 1.8519678258412802
11.60207907636222 1.74460659582413
11.60207924924667 1.74460659582413
11.60207907636222 1.744606621820794
11.693658210889897 1.639888058801572
11.625779488897564 1.7191539964879923
11.625779662135178 1.7191539964879923
11.625779488897564 1.7191540221053832
11.671371735507412 1.6666228198562758
11.637227843600423 1.7060650214927753
11.62869144582054 1.7159260501411673
11.628691619101545 1.7159260501411673
11.62869144582054 1.715926075710458
0.1845257043025348 11.62869144582054 1.7159260501411673 9.628179645137087e-05
0.03323191861062973 0.03188751303881865 0.030646805950474962 0.029498351319246236 0.028432312812620267 0.027440192961047875 0.026514614742905257 0.025649144223373534 0.024838145591354513 0.024076661946564767 0.0233603166918087 0.022685231519401574 0.022047957843005714 0.021445419186707112 0.020874862552767385 0.020333817185284663 0.019820059456382367 0.019331582844868238 0.018866572169798198 0.018423381394513074 0.01800051443919448 0.01759660853844827
0.0031971016859371104 0.002947010216213702 0.00272485698216 0.0025266757117951844 0.002349171956200482 0.0021895925512160005 0.0020456234091251516 0.0019153089033423745 0.0017969878396609496 0.00168924226325194 0.0015908562693609102 0.0015007826633629817 0.0014181158196410145 0.0013420694660728231 0.0012719584055327139 0.0012071834019837806 0.001147218624006549 0.001091601165764389 0.001039922263832744 0.0009918199049541658 0.0009469725797846981 0.0009050939849326461
