1.4432299121099936 5.717689954978974
1.4432299336157952 5.717689954978974
1.4432299121099936 5.7176900401791935
1.9303885767142162 11.594557099638408
1.9303886054792474 11.594557099638408
1.9303885767142162 11.594557272410771
3.213455187297252 14.956371600031892
3.213455235181466 14.956371600031892
3.213455187297252 14.956371822899195
4.964870198219591 12.402139405624343
4.964870272201923 12.402139405624343
4.964870198219591 12.402139590430622
6.195976818546705 9.518705688457661
6.195976910873954 9.518705688457661
6.195976818546705 9.51870583029743
6.601554333103296 8.699152401513217
6.6015544314741215 8.699152401513217
6.601554333103296 8.699152531140689
6.639349661996029 8.625838643634905
6.639349760930048 8.625838643634905
6.639349661996029 8.625838772169917
6.63968903976756 8.625197142367668
6.639689138706636 8.625197142367668
6.63968903976756 8.625197270893121
0.04064855927010702 6.63968903976756 8.625197142367668 5.702297400609375e-05
0.03740009832951188 0.035938717107451584 0.034586845550521314 0.03333271919008631 0.03216618692592271 0.03107844580766856 0.030061826067914955 0.02910961572083119 0.028215916542323468 0.02737552511394633 0.026583834016588353 0.025836749324452058 0.02513062136325431 0.024462186322650504 0.023828516798118912 0.023226979716105732 0.022655200393431312 0.022111031716685485 0.021592527613791095 0.021097920138825447 0.020625599610746625 0.02017409734313828
0.004136487932810301 0.0038321146831644293 0.003559918750576389 0.0033155611690753543 0.0030954037447752996 0.002896378678930784 0.0027158854068696126 0.002551708397665476 0.002401951220009172 0.0022649833223053646 0.002139396818732537 0.0020239712011292333 0.0019176443678430705 0.0018194887168967323 0.0017286913219850908 0.0016445374176262395 0.0015663965800761948 0.0014937111150129599 0.0014259862601073182 0.0013627818868379566 0.0013037054460871885 0.001248405949800721
