5.928654798784094 4.003744422052044
5.9286548871279345 4.003744422052044
5.928654798784094 4.003744481712485
5.9063569375202 11.157653837584336
5.9063570255317766 11.157653837584336
5.9063569375202 11.157654003846334
7.527534376113409 14.055172702374652
7.527534488282412 14.055172702374652
7.527534376113409 14.055172911813045
9.522302986887851 10.98267606021698
9.522303128781223 10.98267606021698
9.522302986887851 10.982676223871605
10.455339950958422 9.09999239973773
10.455340106755127 9.09999239973773
10.455339950958422 9.099992535338183
10.578352286271173 8.884840378498637
10.578352443900906 8.884840378498637
10.578352286271173 8.884840510893076
10.573108245099178 8.89761652116287
10.573108402650767 8.89761652116287
10.573108245099178 8.897616653747688
0.039721120791513465 10.573108245099178 8.89761652116287 6.634386010139886e-05
0.02737940315962841 0.02624196576265099 0.025194757839965186 0.02422751480064699 0.023331463106975547 0.02249906057418229 0.021723788815588386 0.02099998608086671 0.020322711651472557 0.019687635088217182 0.019090945198496086 0.01852927476203432 0.017999637934253403 0.017499377913386672 0.01702612296692629 0.016577749305020935 0.0161523495922715 0.01574820612643365 0.015363767898693988 0.014997630897265891 0.014648521132933972 0.01431527995857923
0.0021561048432110286 0.0019833631354504826 0.001830433585639246 0.0016944203488274245 0.001572934132145632 0.0014639902269696025 0.0013659295422510079 0.0012773569348239746 0.0011970926656690226 0.001124133902567251 0.001057623974536762 0.000996827653458966 0.0009411111560430333 0.0008899258680962971 0.0008427950232612557 0.0007993027413190981 0.0007590849620599108 0.0007218219105096933 0.0006872318058955411 0.0006550655858986643 0.0006251024637374339 0.0005971461715855829
