13.675978109889945 15.826279674111104
13.675978313677899 15.826279674111104
13.675978109889945 15.826279909941048
9.585061216335887 11.111570640172705
9.58506135916443 11.111570640172705
9.585061216335887 11.11157080574801
10.72904919929809 8.334602060614419
9.872563293873535 10.417950432331965
9.872563440986191 10.417950432331965
9.872563293873535 10.417950587571523
10.4571900497379 9.034737756861746
10.457190205562174 9.034737756861746
10.4571900497379 9.03473789148983
10.900722328628982 8.056995854438249
10.900722491062403 8.056995854438249
10.900722328628982 8.056995974496843
10.908593976579821 8.055867486155812
10.908594139130539 8.055867486155812
10.908593976579821 8.055867606197591
0.04300276325110208 10.908593976579821 8.055867486155812 8.624564780827401e-05
0.02723586054306343 0.02610385133566092 0.02506167001369211 0.024099095529563172 0.02320739168187612 0.022379048513232688 0.021607575621247474 0.020887335687489402 0.020213409429552937 0.01958148530142799 0.018987768832154382 0.01842890765857432 0.017901929184226038 0.01740418846049381 0.016933324393385168 0.01648722276968356 0.016063984898789546 0.015661900902651654 0.015279426871590914 0.014915165250310421 0.014567847934796808 0.014236321653852222
0.0021823183332806153 0.0020071087785087593 0.0018520347035647297 0.001714147403778041 0.0015910148799093522 0.0014806176639092202 0.0013812681744921347 0.0012915477612600857 0.0012102571672063678 0.0011363772577348728 0.0010690376684504542 0.0010074916077698213 0.0009510954781266195 0.0008992922956527897 0.0008515981237722181 0.0008075909130536164 0.0007669012735332151 0.0007292048077338131 0.0006942157108814034 0.0006616814052701562 0.0006313780227003129 0.0006031065856325131
