4.568697825561653 10.218666130475041
4.568697893640556 10.218666130475041
4.568697825561653 10.218666282745032
5.519449298307513 17.366948227443295
5.519449380553716 17.366948227443295
5.519449298307513 17.36694848623099
8.006492312606397 15.637380660536932
8.006492431912429 15.637380660536932
8.006492312606397 15.637380893552063
10.602212697196425 9.789497515312753
10.602212855181705 9.789497515312753
10.602212697196425 9.789497661187633
12.418736074305396 6.168806944023995
12.418736259358985 6.168806944023995
12.418736074305396 6.168807035946382
13.414273762987976 4.374384012738309
13.414273962876232 4.374384012738309
13.414273762987976 4.37438407792171
13.895267912817179 3.5704467308426633
13.895268119872807 3.5704467308426633
13.895267912817179 3.5704467840464655
14.204970338210124 3.0657142174233156
14.204970549880677 3.0657142174233156
14.204970338210124 3.0657142631060172
14.673718593691712 2.325090568009976
14.326830000743133 2.883599576426768
14.326830214229537 2.883599576426768
14.326830000743133 2.88359961939575
14.563685185006243 2.5148697282187205
14.386852932016835 2.7919419107582457
14.38685314639765 2.7919419107582457
14.386852932016835 2.791941952361422
14.506304589914905 2.608238831732981
14.416945720645115 2.746166436307442
14.416945935474347 2.746166436307442
14.416945720645115 2.7461664772285106
0.12072130451751795 14.416945720645115 2.746166436307442 4.545445114827666e-05
0.02597635857931091 0.02488702177313532 0.023884887840356105 0.022959946585997728 0.022103654853478913 0.02130867880124395 0.02056868835535025 0.01987819198729614 0.01923240292833729 0.01862713009059062 0.01805868855477768 0.01752382566579837 0.017019659663139914 0.016543628442964264 0.01609344655929998 0.015667068963913303 0.015262660287793033 0.014878568703465786 0.014513303592594935 0.014165516389434548 0.013833984086653428 0.013517594982561547
0.0019322621869242152 0.0017746907792205975 0.0016355180759870071 0.001512005633780234 0.0014019027982862464 0.0013033467403518904 0.001214785436285673 0.001134917807270182 0.0010626468119773202 0.000997042404208069 0.000937312066694376 0.0008827772094644186 0.0008328541419920037 0.000787038637869135 0.0007448933403339439 0.0007060374286738643 0.0006701380949015667 0.0006369034783136266 0.0006060767806195614 0.0005774313421060004 0.0005507665040485023 0.0005259041174520591
