9.640713062662735 12.738860186584859
9.640713206320555 12.738860186584859
9.640713062662735 12.738860376408667
7.636176147500519 10.12767797030165
7.636176261288411 10.12767797030165
7.636176147500519 10.127678121215812
6.239744600594719 13.554001968006498
6.239744693574159 13.554001968006498
6.239744600594719 13.554002169976865
4.738873909920509 18.045901058851644
4.7388739805352325 18.045901058851644
4.738873909920509 18.045901327756525
4.711606806693842 18.55470573286315
4.7116068769022545 18.55470573286315
4.711606806693842 18.55470600934981
4.718101145719174 18.539936493114496
4.71810121602436 18.539936493114496
4.718101145719174 18.53993676938108
0.019659694339117406 4.718101145719174 18.539936493114496 0.00010178307124784569
0.032641657930152494 0.031369343798884515 0.03019321008634973 0.02910277021809883 0.028089005810812504 0.027144118890734415 0.026261332565379103 0.02543472946157885 0.024659119850329304 0.023929933292860816 0.02324312906162932 0.02259512165240155 0.021982718506127662 0.02140306767057198 0.02085361360098385 0.020332059662110324 0.0198363361766472 0.019364573087000167 0.018915076472262496 0.018486308301289157 0.018076868913729085 0.017685481809984537
0.003663671523304258 0.003409073056111155 0.003180361693265898 0.002974138536767451 0.0027875455396409354 0.002618165196575528 0.0024639413502818576 0.0023231161649120316 0.0021941795900936654 0.0020758285567774883 0.001966933815275177 0.0018665128188546615 0.0017737074229364732 0.001687765445114228 0.0016080253394761147 0.0015339033975626493 0.0014648830103784745 0.0014005056203588583 0.0013403630658015671 0.001284091077984923 0.0012313637367082739 0.0011818887260923476
