10.12624106586067 13.663779412604482
10.12624121675342 13.663779412604482
10.12624106586067 13.663779616210661
7.9631344416783545 10.732104645428695
7.963134560338305 10.732104645428695
7.9631344416783545 10.732104805349516
11.667486973682582 1.4748448117204838
8.889376447487093 8.418447566531396
8.889376579949124 8.418447566531396
8.889376447487093 8.418447691976041
9.857181271079392 6.29723844431172
9.85718141796284 6.29723844431172
9.857181271079392 6.2972385381478855
10.896937288338236 4.210355184200958
10.896937450715255 4.210355184200958
10.896937288338236 4.210355246940139
12.0577901560381 2.1883277520652085
11.221314010637922 3.7260612271589633
11.22131417784853 3.7260612271589633
11.221314010637922 3.726061282681602
11.80242053792198 2.7154382593133946
11.370008094414095 3.4754015113103955
11.370008263840418 3.4754015113103955
11.370008094414095 3.475401563097914
11.665681266109212 2.973068683061006
11.665681439941409 2.973068683061006
11.665681266109212 2.9730687273631817
11.981715576892135 2.4832899481150674
11.98171575543361 2.4832899481150674
11.981715576892135 2.4832899851189714
12.320168130865664 2.00872618684997
12.072989760861583 2.3696938246532993
12.072989940763149 2.3696938246532993
12.072989760861583 2.369693859964489
12.241257135847219 2.1317309825649517
12.241257318256165 2.1317309825649517
12.241257135847219 2.1317310143302186
12.288194376065992 2.0760025386439818
12.288194559174357 2.0760025386439818
12.288194376065992 2.0760025695788302
12.376664446680518 1.9602091773045218
12.31047805305455 2.0471819082696916
12.31047823649497 2.0471819082696916
12.31047805305455 2.047181938775079
0.15999682471298982 12.31047805305455 2.0471819082696916 7.802745389132062e-05
0.0311751643315192 0.029898329520923403 0.028721218475789415 0.027632678901120252 0.026623148470598 0.0256843834822287 0.02480924080902287 0.023991501415160477 0.023225726545696355 0.022507139791703785 0.02183152979170872 0.021195169500907017 0.02059474884585956 0.020027318258424263 0.019490241102234105 0.018981153407098317 0.018497929639932742 0.018038653486395908 0.017601592811106757 0.017185178117986234 0.016787983954851884 0.016408712804702692
0.0027261085800482678 0.0025097639755094735 0.0023179566275909847 0.002147146644031561 0.001994404005597074 0.0018572879312991912 0.0017337529166251647 0.001622074978009819 0.001520793331384466 0.0014286639525713507 0.0013446223534354714 0.0012677535569463449 0.0011972677339067838 0.0011324803212015586 0.001072795709314088 0.0010176937892944656 0.0009667188033956689 0.0009194700615799908 0.0008755941770478397 0.0008347785444798565 0.0007967458397128467 0.0007612493627417816
