14.259729372440779 8.6472581865867
14.259729584927305 8.6472581865867
14.259729372440779 8.647258315440888
9.705695573109553 5.904716964113749
9.705695717735688 5.904716964113749
9.705695573109553 5.904717052100889
7.626518237446783 10.221463419058335
9.196449964799735 6.988921191764293
9.196450101837518 6.988921191764293
9.196449964799735 6.988921295907334
8.205562772110573 9.17008192832572
8.957321531055753 7.538034173203165
8.957321664530244 7.538034173203165
8.957321531055753 7.538034285528628
8.46857864739265 8.631633867107121
8.468578773584307 8.631633867107121
8.46857864739265 8.631633995728489
7.703361945853475 10.438576967311064
8.284270120544011 9.086268736987837
8.284270243989257 9.086268736987837
8.284270120544011 9.086268872383792
7.904316105848351 9.990859770902574
7.90431622363184 9.990859770902574
7.904316105848351 9.990859919777986
7.81273980350839 10.232074799323689
7.812739919927285 10.232074799323689
7.81273980350839 10.232074951793486
7.817031326987379 10.222549407314519
7.817031443470222 10.222549407314519
7.817031326987379 10.222549559642376
0.034326447686915285 7.817031326987379 10.222549407314519 7.619315202596974e-05
0.03194696606021155 0.03065824245382325 0.02946895489141764 0.02836810062917807 0.027346231644242016 0.026395191186279948 0.02550790180522413 0.024678193561765656 0.023900663856417006 0.02317056232598785 0.02248369575502568 0.021836349075384478 0.02122521937953835 0.020647360523945696 0.020100136399164026 0.01958118133097242 0.019088366378946505 0.018619770536069002 0.0181736560201903 0.017748446996840465 0.017342711191630857 0.01695514394580378
0.00307599225941314 0.002840384215383937 0.0026306441023675074 0.002443151003708193 0.0022748909279615872 0.002123339635461651 0.0019863708447948984 0.0018621837666019075 0.0017492454790943735 0.001646244791022433 0.0015520550624705445 0.0014657040603913893 0.0013863493757252728 0.0013132582654452772 0.0012457910364664906 0.0011833872808880794 0.0011255544192286331 0.0010718581215953284 0.0010219142644642876 0.0009753821491142539 0.0009319587613361752 0.0008913738942667819
