2.285702027691996 5.99277862440115
2.28570206175161 5.99277862440115
2.285702027691996 5.99277871370051
2.4406338758537336 12.404784981455066
2.440633912222012 12.404784981455066
2.4406338758537336 12.404785166300767
3.9340095815691005 13.72302672696075
3.9340096401904114 13.72302672696075
3.9340095815691005 13.723026931449784
5.622760109512705 10.29720412697178
5.62276019329836 10.29720412697178
5.622760109512705 10.297204280412078
6.664983502864148 7.985206573671666
6.664983602180142 7.985206573671666
6.664983502864148 7.985206692660516
7.010970636092262 7.298648253840909
7.010970740563866 7.298648253840909
7.010970636092262 7.298648362599243
7.0569131399193825 7.206614471057347
7.056913245075583 7.206614471057347
7.0569131399193825 7.206614578444271
7.059495223822387 7.2009786484954255
7.0594953290170634 7.2009786484954255
7.059495223822387 7.200978755798369
0.04885352667350529 7.059495223822387 7.2009786484954255 0.00010441205668685072
0.03822970853656024 0.036735941792247526 0.035353948672031864 0.03407174951669974 0.032879002247621573 0.0317667342742307 0.030727124944627423 0.02975332785396795 0.02883932481053108 0.027979805117711472 0.027170065231271374 0.026405924915798712 0.025683656839321355 0.02499992717337467 0.02435174525354869 0.023736420736568606 0.023151526989466858 0.022594869683218586 0.0220644597515104 0.02155849002584136 0.02107531497911106 0.02061343310752323
0.004172333300047969 0.0038633020070085312 0.0035870853414805546 0.00333924615650032 0.0031160646974697317 0.0029144052264669026 0.0027316104186296463 0.0025654171752098587 0.002413889073837042 0.0022753618336290794 0.002148399029324018 0.0020317559276149615 0.001924349799162226 0.0018252354233377866 0.001733584779871792 0.0016486701341669814 0.0015698498871690864 0.0014965566881441372 0.0014282874082762768 0.0013645946511992063 0.0013050795383207784 0.0012493855558037047
