8.653681121103338 14.356028052237159
8.653681250053236 14.356028052237159
8.653681121103338 14.356028266158647
7.066624810388882 11.699852182063829
7.066624915689798 11.699852182063829
7.066624810388882 11.699852356405213
9.209537272137602 6.0464500299707336
7.601544639409329 10.28293954850766
7.60154475268117 10.28293954850766
7.601544639409329 10.2829397017354
8.118868276611595 9.031436118985951
8.11886839759216 9.031436118985951
8.118868276611595 9.031436253564836
9.178423681918504 6.5388710422154315
9.178423818687675 6.5388710422154315
9.178423681918504 6.538871139652203
10.372337693137105 4.107799744892578
9.510552103736604 5.948818623909386
9.510552245454873 5.948818623909386
9.510552103736604 5.948818712553691
10.10280756796823 4.73098528358709
10.102807718511793 4.73098528358709
10.10280756796823 4.730985354084265
10.743802701476186 3.5380855314989716
10.743802861571321 3.5380855314989716
10.743802701476186 3.5380855842205543
11.44487256310318 2.379471864726874
10.93618500761613 3.2595054989834917
10.936185170577986 3.2595054989834917
10.93618500761613 3.2595055475539088
11.285882691371958 2.679692878472345
11.025153238244453 3.1154947337717283
11.02515340253204 3.1154947337717283
11.025153238244453 3.1154947801962174
11.202144737324677 2.82689155380764
11.202144904249641 2.82689155380764
11.202144737324677 2.8268915959316065
11.38719783511471 2.5433899890317804
11.387198004797181 2.5433899890317804
11.38719783511471 2.5433900269312444
11.579806922364906 2.264966703833334
11.579807094917475 2.264966703833334
11.579806922364906 2.264966737583968
11.781632454448147 1.9931501465168877
11.633188595895852 2.199285591095055
11.633188769243871 2.199285591095055
11.633188595895852 2.199285623866964
11.733538385672148 2.06296110228301
11.733538560515495 2.06296110228301
11.733538385672148 2.062961133023526
11.837481422664146 1.9293561187723185
11.837481599056364 1.9293561187723185
11.837481422664146 1.929356147521965
11.812495430878018 1.963511691148423
11.812495606897917 1.963511691148423
11.812495430878018 1.9635117204070272
11.760200824793873 2.030061565783972
11.799494846088233 1.9802063167085415
11.799495021914408 1.9802063167085415
11.799494846088233 1.980206346215915
0.16164772622623236 11.799494846088233 1.9802063167085415 6.681836036520951e-05
0.03219377025613494 0.03088439463871755 0.029676559688602618 0.02855899438166242 0.027522022091295645 0.02655729069300077 0.025657555233886048 0.02481650169864908 0.024028603153243896 0.023289001583009245 0.02259341026213973 0.021938032636023053 0.021319494566721997 0.0207347874562191 0.020181220273718728 0.019656378910098027 0.01915809159231733 0.01868439933386086 0.018233530589478044 0.017803879435215875 0.017393986716745424 0.0170025237069704
0.003015438045306027 0.002778073273854995 0.0025673996408739864 0.0023796015093631496 0.002211514300278615 0.002060497014255038 0.0019243326413228914 0.0018011497715988425 0.0016893604523478272 0.0015876105896385502 0.0014947401066808402 0.0014097507431028043 0.0013317798777702844 0.001260079130051828 0.0011939967746109963 0.001132963217143743 0.0010764789404858483 0.0010241044549238287 0.000975451882672117 0.0009301778812008451 0.0008879776685123927 0.0008485799593813155
