10.80300206655238 9.168929745882227
10.803002227529657 9.168929745882227
10.80300206655238 9.168929882509927
10.714579070380296 9.134082117305752
10.714579230039966 9.134082117305752
10.714579070380296 9.134082253414181
9.894815200346732 10.990754310196445
10.509500818350762 9.598244506419103
10.509500974954529 9.598244506419103
10.509500818350762 9.598244649444093
10.137294562169075 10.457866679374714
10.137294713226535 10.457866679374714
10.137294562169075 10.457866835209071
9.912664102611506 11.000871668084546
9.912664250321711 11.000871668084546
9.912664102611506 11.000871832010308
9.897588178079133 11.041669648582914
9.897588325564689 11.041669648582914
9.897588178079133 11.041669813116613
0.032281065064512116 9.897588178079133 11.041669648582914 3.193450778199563e-05
0.026969275256931064 0.025849260560391975 0.02481810230959065 0.023865687464913892 0.022983373284752893 0.02216373090970522 0.021400340523139053 0.020687626437929412 0.02002072335815607 0.019395367180244653 0.018807805257691133 0.018254722214208926 0.01773317826169459 0.017240557639394565 0.016774525294439072 0.01633299031137671 0.015914074898496104 0.015516087972818336 0.015137502569412074 0.014776936445826677 0.014433135367753999 0.014104958654155043
0.0021267609346504904 0.0019571339987040047 0.0018068816451357872 0.0016731826801600295 0.0015537077668858119 0.0014465206866140425 0.00135000182750628 0.0012627883951019847 0.0011837273184582215 0.0011118378785021617 0.0010462818423078873 0.0009863394368578575 0.000931389898895744 0.0008808956355251003 0.0008343892524571517 0.0007914628738531924 0.0007517593042054185 0.0007149646791816609 0.0006808023264506923 0.0006490276147721825 0.0006194236141743128 0.0005917974248870908
