10.457972217663318 8.119250437760062
10.457972373499247 8.119250437760062
10.457972217663318 8.119250558746321
5.523828721596878 20.40524402951771
9.628625143248108 11.323606315497306
9.628625286725804 11.323606315497306
9.628625143248108 11.32360648423219
7.19609274608734 17.480361855624302
9.079408322477462 12.884788295293435
9.079408457771189 12.884788295293435
9.079408322477462 12.884788487291742
7.886884497681045 15.972441139821656
7.8868846152047825 15.972441139821656
7.886884497681045 15.972441377829577
6.619015601073275 19.709031387859554
6.619015699704293 19.709031387859554
6.619015601073275 19.709031681547007
6.760433914894246 19.491623283192094
6.760434015632561 19.491623283192094
6.760433914894246 19.491623573639917
6.771188148425097 19.460825387092623
6.771188249323663 19.460825387092623
6.771188148425097 19.46082567708152
0.018225912920519338 6.771188148425097 19.460825387092623 6.19604881815672e-05
0.026775839755662185 0.025683538348597185 0.024676742041273313 0.0237458259605532 0.022882552627324325 0.022079831457954665 0.02133152647206418 0.020632301327422053 0.01997749351448138 0.01936301151896943 0.01878525021597413 0.0182410208410487 0.01772749269607726 0.017242144362637123 0.016782722665086926 0.016347207986809473 0.015933784822965192 0.015540816671556223 0.015166824536192027 0.014810468449571013 0.014470531534528666 0.01414590620572431
0.002474628960889166 0.002287139252216456 0.002120101167917401 0.001970659612702428 0.0018364387204802164 0.0017154487970436401 0.0016060136308084123 0.0015067132393457336 0.0014163384224987225 0.0013338544244250686 0.0012583716802624287 0.0011891221148663679 0.001125439823679893 0.0010667452355993632 0.001012532060168831 0.0009623564745905675 0.0009158281227719708 0.0008726025882377651 0.0008323750719927191 0.0007948750602848778 0.0007598618093809712 0.0007271205076458275
