3.224515446718951 6.185799708829537
3.2245154947679753 6.185799708829537
3.224515446718951 6.185799801005135
4.052996707845787 10.37698030728768
4.052996768240144 10.37698030728768
4.052996707845787 10.376980461916736
6.283278346320188 7.9253787833038025
6.283278439948331 7.9253787833038025
6.283278346320188 7.9253789014011495
8.648301316876886 3.1565165994779383
8.648301445746618 3.1565165994779383
8.648301316876886 3.156516646513701
9.571078030309309 2.1976399659265042
9.571078172929486 2.1976399659265042
9.571078030309309 2.1976399986738917
11.186519228614209 0.08241071600688032
10.005924179994084 1.6940040444412068
10.005924329093974 1.6940040444412068
10.005924179994084 1.694004069683834
10.901138874095036 0.7093457724047524
10.243024426375575 1.460619057793948
10.243024579008534 1.460619057793948
10.243024426375575 1.460619079558868
10.71580736715089 0.9924133271392891
10.365634730251609 1.3482002733758058
10.365634884711602 1.3482002733758058
10.365634730251609 1.3482002934655555
10.12622542931418 1.5792159989252956
10.307137441632522 1.4073262799285209
10.307137595220839 1.4073262799285209
10.307137441632522 1.4073263008993167
10.189191212198482 1.5246291216200976
10.278067367336305 1.4370648934987023
10.278067520491444 1.4370648934987023
10.278067367336305 1.4370649149126378
10.21945767319853 1.4960794779650266
10.263511827428266 1.4519141307569416
10.26351198036651 1.4519141307569416
10.263511827428266 1.4519141523921482
10.278164261013622 1.4371604946223218
10.26719764578576 1.4482484156345636
10.267197798778927 1.4482484156345636
10.26719764578576 1.4482484372151467
0.2194653878660855 10.26719764578576 1.4482484156345636 8.529979549596356e-05
0.038549345250496705 0.03703303064223065 0.03563051602607634 0.034329591275263756 0.03311971391007954 0.031991736850347466 0.030937687249959756 0.02995058568671747 0.02902429745398474 0.028153409556662307 0.027333128417653663 0.026559194370476612 0.025827809834340118 0.025135578702030897 0.024479454963978475 0.023856698977637557 0.023264840094975894 0.022701644601233018 0.022165088109445966 0.02165333170832974 0.02116470128421204 0.020697669537202975
0.004103248750993237 0.0037927164221639342 0.0035157175895743284 0.003267657445284983 0.0030446912080302206 0.002843583880997935 0.002661599261669722 0.0024964115253767014 0.0023460343496388247 0.0022087637590003737 0.0020831317704253557 0.0019678685925938145 0.0018618716393934873 0.0017641800021619518 0.001673953318366226 0.001590454199404671 0.0015130335539460635 0.0014411182781353287 0.0013742008893470174 0.0013118307628730789 0.0012536066961928998 0.0011991705772256094
