4.083156794871985 9.43898344113709
4.083156855715763 9.43898344113709
4.083156794871985 9.438983581788904
4.237989275971018 16.129272341470504
4.237989339121979 16.129272341470504
4.237989275971018 16.12927258181539
5.155403462695176 16.84100561020616
5.155403539516674 16.84100561020616
5.155403462695176 16.8410058611567
5.565285638779856 16.009069848312116
5.565285721709074 16.009069848312116
5.565285638779856 16.009070086865847
5.611649363752116 15.892769866306793
5.611649447372208 15.892769866306793
5.611649363752116 15.892770103127518
5.61305009325168 15.88884955949301
5.613050176892644 15.88884955949301
5.61305009325168 15.88884979625532
0.02252836216569787 5.61305009325168 15.88884955949301 0.00013364895733249956
0.03232912476240697 0.031051790612787282 0.02987172358275003 0.0287782659367646 0.027762256219625574 0.026815776529945937 0.025931949168214518 0.025104771796130514 0.024328982884206034 0.023599951166253987 0.022913584261373778 0.0222662527049346 0.02165472644736505 0.021076121502659216 0.020527854907252997 0.020007606520462098 0.019513286486463468 0.019043007404364144 0.01859506043176344 0.01816789468925742 0.017760099446780715 0.01737038866377535
0.003451635988887824 0.003202131342303728 0.0029787527970551297 0.0027779882232127984 0.0025968947132050746 0.0024329915804564457 0.0022841760838994587 0.002148656526870623 0.0020248987562208535 0.0019115830817028846 0.0018075693609400129 0.001711868529518471 0.0016236192529207208 0.0015420686748584844 0.0014665564617433067 0.001396501514587695 0.0013313908512853872 0.001270770263950209 0.0012142364351151959 0.0011614302585131345 0.001112031158902293 0.0010657522439861374
