10.00101013771519 4.279605165914742
10.001010286741854 4.279605165914742
10.00101013771519 4.279605229685828
5.2791221697085104 14.079554051924294
9.151787436401397 6.863163238224843
9.151787572773657 6.863163238224843
9.151787436401397 6.863163340493944
6.977577945482522 11.848804533715304
8.68960579725614 8.14198144649111
8.689605926741358 8.14198144649111
8.68960579725614 8.141981567816089
7.613104943756065 10.639399597670241
8.43091643982269 8.770731623977968
8.430916565453135 8.770731623977968
8.43091643982269 8.770731754672052
7.900050748522977 10.02259802865429
7.900050866242907 10.02259802865429
7.900050748522977 10.022598178002639
7.343551382634649 11.423910331875467
7.343551492062092 11.423910331875467
7.343551382634649 11.423910502104997
7.378769198651059 11.370407201641742
7.378769308603289 11.370407201641742
7.378769198651059 11.370407371074013
0.030320490797936195 7.378769198651059 11.370407201641742 5.519930385375412e-05
0.03159051062099233 0.03031961679302479 0.02914661148920398 0.028060676808877742 0.027052522317478664 0.02611412627479752 0.025238527440624544 0.024419656352446625 0.023652197657219244 0.022931477060112483 0.02225336792707459 0.021614213684575875 0.021010762997582852 0.020440115346039185 0.019899675111591287 0.01938711266686525 0.018900331256296206 0.018437438690313595 0.017996723058480487 0.017576631813134617 0.01717575369162622 0.01679280303881099
0.0031661117308185533 0.0029254678655972455 0.0027110718212937594 0.002519270458247538 0.002347020014948736 0.0021917689144093522 0.002051365883022427 0.0019239873560262732 0.0018080797026995578 0.001702312929836001 0.0016055433423876133 0.0015167832436292267 0.0014351762049854312 0.0013599767706727569 0.0012905337149069498 0.0012262761612952277 0.001166702020803223 0.0011113683177109578 0.0010598830605654248 0.001011898383436403 0.0009671047363458634 0.0009252259459827513
