8.354250307313634 11.118607122036789
8.354250431801665 11.118607122036789
8.354250307313634 11.118607287716946
11.354713489742519 6.494840878793935
11.354713658940934 6.494840878793935
11.354713489742519 6.494840975574606
14.757878066282677 0.11413874090816822
12.390575707052177 5.013145895517964
12.390575891686144 5.013145895517964
12.390575707052177 5.01314597021966
14.09039064629503 1.8218528348313945
12.835986082127983 4.226560085225442
12.835986273399081 4.226560085225442
12.835986082127983 4.226560148206095
13.715683461321197 2.6471414967076767
13.062042808387039 3.8351839665011176
13.062043003026645 3.8351839665011176
13.062042808387039 3.8351840236498123
13.511602489943796 3.0509622300660055
13.176419698267113 3.640281030376412
13.176419894611067 3.640281030376412
13.176419698267113 3.6402810846208262
13.403853503979533 3.249703542784201
13.403853703712516 3.249703542784201
13.403853503979533 3.2497035912085575
13.641647565655687 2.8653457745184396
13.641647768932076 2.8653457745184396
13.641647565655687 2.865345817215419
13.889748762767137 2.4875591868971436
13.889748969740523 2.4875591868971436
13.889748762767137 2.4875592239646642
13.959235468060117 2.3984586557556624
13.959235676068934 2.3984586557556624
13.959235468060117 2.3984586914954815
14.08928292171208 2.2136428359584657
13.992051770125428 2.352470428628494
13.992051978623246 2.352470428628494
13.992051770125428 2.352470463683035
0.14271646064030796 13.992051770125428 2.352470428628494 0.00012896384375676683
0.027480017089071048 0.02633355778769179 0.025278374427939655 0.024304050045572685 0.023401684931343543 0.02256363181837127 0.02178328431454644 0.021054906572778673 0.020373495170674636 0.01973466634875741 0.019134563363686456 0.01856977991036963 0.018037296466720098 0.017534427096653222 0.01705877476762563 0.016608193639636108 0.016180757093016997 0.015774730504477304 0.015388547970945732 0.015020792330899563 0.014670177952142455 0.014335535850278903
0.0020691438609416243 0.0019013955341796688 0.0017531109858701327 0.0016214129002586042 0.0015039327539145201 0.0013987073588132954 0.001304098955218824 0.001218732968314088 0.0011414491346125619 0.0010712628354436608 0.0010073342867121763 0.000948943822421471 0.000895471939603208 0.0008463830895568938 0.000801212436238776 0.0007595549794848503 0.0007210565743059293 0.0006854064790780569 0.0006523311432515 0.0006215890051770604 0.0005929661171730084 0.0005662724512631281
