15.321921432884842 10.280075549688913
15.321921661199264 10.280075549688913
15.321921432884842 10.280075702873976
11.225379676178855 7.552477255632155
11.225379843450048 7.552477255632155
11.225379676178855 7.552477368172836
9.095012271327853 12.147450169632197
10.69352766493307 8.701563206784925
10.69352782427905 8.701563206784925
10.69352766493307 8.701563336448322
9.67210617844114 11.018837141162134
9.672106322566753 11.018837141162134
9.67210617844114 11.018837305355602
7.77325962324104 15.714220311878911
7.7732597390716345 15.714220311878911
7.77325962324104 15.71422054603904
6.202223313236832 20.529205906114267
6.202223405657161 20.529205906114267
6.202223313236832 20.529206212023272
6.158139087891398 21.06906593716885
6.158139179654822 21.06906593716885
6.158139087891398 21.0690662511224
6.160691440197025 21.066593642549382
6.160691531998482 21.066593642549382
6.160691440197025 21.06659395646609
0.016413568675061496 6.160691440197025 21.066593642549382 4.403266492036751e-05
0.026646660477122577 0.025566990085035955 0.02457143427720255 0.02365056148600644 0.022796295535400284 0.02200168122018364 0.021260696801922007 0.020568102842154174 0.01991931943000088 0.01931032578208929 0.018737577607069407 0.01819793867885933 0.017688623852354705 0.017207151353278223 0.0167513026303981 0.01631908840966198 0.015908719862122146 0.015518584010099989 0.015147222663058603 0.014793314306704566 0.014455658473865212 0.01413316220968893
0.002647602193351044 0.002450388252047023 0.0022743867452632285 0.0021166721069228855 0.001974804779408886 0.0018467376426882403 0.0017307427854443452 0.0016253537172928475 0.0015293194113805283 0.0014415674898202546 0.0013611745323479807 0.0012873419769219518 0.0012193764415003472 0.0011566735648249435 0.001098704665863079 0.0010450056744406942 0.0009951679022864705 0.0009488303134120502 0.000905673022177675 0.0008654118014798382 0.0008277934258798321 0.000792591707905743
