2.1446509293354614 11.345838498980111
2.1446509612932507 11.345838498980111
2.1446509293354614 11.34583866804628
3.482407021149445 16.417709060130772
3.4824070730413537 16.417709060130772
3.482407021149445 16.4177093047737
6.064078769486869 13.196343877019084
6.064078859848684 13.196343877019084
6.064078769486869 13.196344073659931
9.440110737998225 5.228719036213339
9.440110878666836 5.228719036213339
9.440110737998225 5.228719114127324
10.83614982347798 3.576110579007712
10.836149984949195 3.576110579007712
10.83614982347798 3.576110632295912
12.952987182305968 0.053474929039746044
11.411978312195242 2.7252027126871057
11.41197848224697 2.7252027126871057
11.411978312195242 2.7252027532957905
12.554356383173085 1.0171444805159326
11.712626631717757 2.308649895730528
11.712626806249494 2.308649895730528
11.712626631717757 2.308649930132092
12.317108222935687 1.4778522962736376
11.86961927092291 2.105352757108401
11.869619447794019 2.105352757108401
11.86961927092291 2.105352788480602
12.181500230652999 1.69714211503251
11.94949635227569 2.0047855869747186
11.949496530337061 2.0047855869747186
11.94949635227569 2.004785616848352
12.107996627142084 1.8026616690337176
11.989676904513253 1.9546951769103325
11.989677083173362 1.9546951769103325
11.989676904513253 1.9546952060375604
11.950030406583286 2.0052093448280863
11.950030584652616 2.0052093448280863
11.950030406583286 2.005209374708034
11.989673017535141 1.9546921264223402
11.960095442015309 1.9927027292123218
11.960095620234618 1.9927027292123218
11.960095442015309 1.9927027589059063
0.16430987774476147 11.960095442015309 1.9927027292123218 8.202582212031206e-05
0.03214514619170205 0.030834862269652905 0.029626416787146757 0.028508479156659196 0.027471325540038383 0.02650656616889202 0.025606925912436497 0.024766066443769923 0.023978441156330868 0.023239176053614752 0.02254397138058849 0.02188901992790387 0.02127093882173405 0.020686712285813102 0.02013364338082812 0.01960931312819519 0.019111545738751033 0.018638378912982256 0.018188038373747502 0.017758915946787256 0.0173495506275644 0.016958612171913162
0.0028857702097515574 0.0026580270738384712 0.0024559625391178098 0.00227589515907797 0.0021147735581701623 0.0019700526686466484 0.00183959713299109 0.0017216053355784328 0.0016145492266440246 0.0015171263288889722 0.0014282212110910465 0.0013468743698813236 0.0012722569472407013 0.0012036500742619288 0.0011404279046287916 0.0010820436078999864 0.0010280177502095056 0.0009779286108651645 0.0009314040766526907 0.0008881148281446264 0.0008477685889471107 0.0008101052533077994
