7.708141606794937 14.558003310769251
7.708141721655198 14.558003310769251
7.708141606794937 14.558003527700405
10.938391085072492 7.773606388636649
10.938391248067221 7.773606388636649
10.938391085072492 7.7736065044724105
14.28125928180117 1.3430218986181517
12.002855788509253 6.307364956731523
12.002855967365742 6.307364956731523
12.002855788509253 6.307365050718585
13.62036715419289 3.0646110117218366
12.427229835889946 5.506962602734356
12.427230021070102 5.506962602734356
12.427229835889946 5.506962684794494
13.252871180141952 3.894118713153083
12.638003569947081 5.106015289331172
12.63800375826801 5.106015289331172
12.638003569947081 5.106015365416728
13.056696273044023 4.302626416650044
13.05669646760396 4.302626416650044
13.056696273044023 4.302626480764174
13.499081030516205 3.5120361392428685
13.499081231668187 3.5120361392428685
13.499081030516205 3.512036191576285
13.968314278897875 2.7370797411225207
13.624435944957014 3.3234036282620134
13.62443614797693 3.3234036282620134
13.624435944957014 3.3234036777845866
13.858177167155649 2.9353967260828027
13.858177373658581 2.9353967260828027
13.858177167155649 2.9353967698236225
14.104423083408252 2.5552030072728575
14.104423293580533 2.5552030072728575
14.104423083408252 2.5552030453483496
14.363436926108104 2.1835901113939933
14.173131343136271 2.4651852604753604
14.173131554332386 2.4651852604753604
14.173131343136271 2.465185297209483
14.30198460186128 2.278924914482578
14.301984814977457 2.278924914482578
14.30198460186128 2.2789249484412055
14.436079102685625 2.096401645768491
14.436079317799967 2.096401645768491
14.436079102685625 2.0964016770073095
14.574774636271073 1.9173496205443876
14.574774853452139 1.9173496205443876
14.574774636271073 1.9173496491151234
14.612499585311229 1.8751260117069668
14.61249980305444 1.8751260117069668
14.612499585311229 1.8751260396485219
0.16941074181692495 14.612499585311229 1.8751260117069668 4.982352819010806e-05
0.026509241852847608 0.02540099650040466 0.024381176514007757 0.023439666956229746 0.022567829748761488 0.0217582452486981 0.021004505924780516 0.020301050351790893 0.01964302867262469 0.01902619281804151 0.018446806352509823 0.017901569989347426 0.01738755970045093 0.016902175013757664 0.01644309560123554 0.016008244652042848 0.015595757828923421 0.015203956842448406 0.014831326863316334 0.014476497139442684 0.014138224300918323 0.013815377928819277
0.0020624267383081434 0.0018948254182949177 0.0017467204540565257 0.0016152218069190932 0.0014979519806921301 0.0013929414766367216 0.0012985481245260007 0.0012133943014790947 0.0011363176758682986 0.001066332266915469 0.0010025974371658966 0.0009443930331711243 0.0008910993265512328 0.0008421807294471692 0.0007971724974748172 0.0007556698123433334 0.0007173187714032567 0.0006818089140717425 0.0006488669936645451 0.0006182517637009223 0.0005897495946776324 0.0005631707739098944
