8.522255442968305 9.01136028068435
8.522255569959807 9.01136028068435
8.522255442968305 9.011360414964082
8.337292920247743 8.997374190428104
8.337293044483088 8.997374190428104
8.337292920247743 8.997374324499427
6.578459359971508 13.146211562673727
7.896530782463943 10.034529887010324
7.896530900131421 10.034529887010324
7.896530782463943 10.034530036536472
7.113878596350686 11.979633799494508
7.113878702355738 11.979633799494508
7.113878596350686 11.979633978004962
5.872042747403711 15.342432857111055
6.821564259472714 12.826813349270044
6.8215643611219425 12.826813349270044
6.821564259472714 12.826813540404457
6.209857093820526 14.511585674511325
6.209857186354608 14.511585674511325
6.209857093820526 14.511585890750803
6.039789884227495 15.0621852421449
6.039789974227377 15.0621852421449
6.039789884227495 15.06218546658895
6.038187924439922 15.072294994221899
6.038188014415933 15.072294994221899
6.038187924439922 15.072295218816596
0.023529624711829178 6.038187924439922 15.072294994221899 8.788181653917985e-05
0.03182694050000744 0.030561231690360884 0.029392327851817307 0.028309583675186243 0.027303852645695632 0.026367233344308755 0.02549286538958308 0.024674764087816214 0.023907685517404027 0.02318701572816296 0.022508679188100022 0.02186906269820509 0.0212649518184777 0.020693477475465356 0.020152070903279373 0.019638425442791752 0.019150464014150766 0.018686311305547567 0.018244269900952525 0.0178227997122784 0.01742050019539643 0.017036094920919852
0.0033204172195900753 0.0030766013562037392 0.0028586379561960154 0.0026630145247863194 0.002486792921282862 0.002327500617171968 0.002183045177434054 0.0020516464747788996 0.0019317825631313286 0.0018221461588106861 0.00172160942295995 0.0016291952872490335 0.0015440539722906673 0.001465443653447549 0.001392714459254986 0.0013252951631477828 0.0012626820636887953 0.001204429652319136 0.00115014274830703 0.0010994698436209362 0.001052097450026639 0.0010077452799057798
