7.0086429618509545 1.7585185974836328
7.008643066287873 1.7585185974836328
7.0086429618509545 1.7585186236876018
10.237389485249937 0.6546196658252037
10.237389637798927 0.6546196658252037
10.237389485249937 0.6546196807263649
4.177933478240896 4.149279165114192
8.959576312810318 1.8484775944091882
8.95957644631841 1.8484775944091882
8.959576312810318 1.8484776219536507
10.573925630332363 1.1761833594799032
10.573925787896133 1.1761833594799032
10.573925630332363 1.176183377006401
7.996861174280353 3.540745014113914
10.010118294640437 1.8444999779667788
10.010118443802822 1.8444999779667788
10.010118294640437 1.8445000054519702
10.648336852336978 1.2468354508802983
10.648337011009563 1.2468354508802983
10.648336852336978 1.2468354694595944
11.335585300261723 0.7062659501213381
10.841634188235107 1.1447619316402604
10.841634349788045 1.1447619316402604
10.841634188235107 1.1447619486985425
10.506065979402488 1.4249858257005426
10.759392734579547 1.2167484522497505
10.759392894906993 1.2167484522497505
10.759392734579547 1.2167484703807152
10.677908186278879 1.2895906394565886
10.739817749680075 1.2358122191056984
10.73981790971583 1.2358122191056984
10.739817749680075 1.2358122375207354
10.780892704534596 1.199766733314699
10.75013556210898 1.2268570777433274
10.750135722298483 1.2268570777433274
10.75013556210898 1.2268570960249225
0.25417773977557223 10.75013556210898 1.2268570777433274 0.00011045567579572972
0.03775158124976483 0.03625914188796617 0.03487925056355667 0.03359977157575171 0.03241023515329348 0.03130156406407253 0.030265851796345288 0.029296181422640552 0.028386476782114735 0.027531379508123188 0.026726146855396263 0.025966566367151014 0.025248884254486723 0.024569745002281335 0.0239261402142573 0.023315365099408118 0.022734981308217255 0.022182785069256843 0.02165677976929907 0.021155152273983104 0.020676252409734648 0.020218575127467144
0.003921048361085424 0.003622544639921418 0.0033564690229037825 0.003118350469711708 0.0029044524840936264 0.0027116348483372382 0.002537244395899936 0.0023790281459743776 0.002235063780476984 0.0021037036617373764 0.001983529491125725 0.0018733153817851252 0.0017719976242347299 0.0016786498060659598 0.001592462238153294 0.0015127248629145823 0.0014388129921397803 0.0013701753552531316 0.0013063240428443717 0.001246826011810286 0.0011912958826767088 0.0011393898105398568
