14.867251320283746 4.926721518540918
14.867251541823054 4.926721518540918
14.867251320283746 4.92672159195479
12.522484104632412 4.15688648313484
12.522484291231965 4.15688648313484
12.522484104632412 4.156886545077275
14.685696013989018 0.2626600241925998
13.072136836796554 3.1882987398618066
13.072137031586573 3.1882987398618066
13.072136836796554 3.18829878737116
13.234974980503122 2.9624641535960174
13.234975177719617 2.9624641535960174
13.234974980503122 2.9624641977401733
13.533123411332088 2.4921689284525037
13.310699137692092 2.8456513445041614
13.310699336036965 2.8456513445041614
13.310699137692092 2.845651386907671
13.461430068879833 2.6115622422740126
13.461430269470773 2.6115622422740126
13.461430068879833 2.6115622811893227
13.6183079550984 2.3815473509838285
13.618308158027002 2.3815473509838285
13.6183079550984 2.3815473864716497
13.7807872103907 2.155454420976497
13.780787415740432 2.155454420976497
13.7807872103907 2.155454453095271
13.949915724105288 1.9342914330053282
13.949915931975232 1.9342914330053282
13.949915724105288 1.9342914618285167
13.996666760120759 1.8827241398927579
13.996666968687347 1.8827241398927579
13.996666760120759 1.8827241679475337
14.084646239764593 1.774839982058949
14.018830662214151 1.8558918325774352
14.018830871111007 1.8558918325774352
14.018830662214151 1.8558918602323786
0.17448672428067202 14.018830662214151 1.8558918325774352 5.237241849245885e-05
0.02789027167101294 0.026730023062523776 0.025661870083229926 0.024675335907733104 0.0237614645016448 0.022912556142631615 0.022121955919509124 0.0213838833092882 0.020693293872248514 0.02004576625775038 0.019437409304736048 0.0188647852078515 0.018324845613199355 0.017814878185187608 0.017332461703823392 0.016875428150626492 0.016441830550628093 0.016029915579378846 0.015638100133591928 0.015264951213986716 0.014909168588097755 0.014569569796095
0.002197381226068245 0.0020198209074117515 0.0018627901773839819 0.001723265691739734 0.001598756542814702 0.0014871964650224228 0.0013868604645962295 0.0012962997985485967 0.001214290862683256 0.0011397947126518197 0.0010719247792099192 0.001009920946514994 0.0009531286073822847 0.0009009816381831031 0.0008529884809074754 0.000808720703669274 0.0007678035498709922 0.0007299080920448153 0.000694744687497816 0.0006620574954770756 0.0006316198641650457 0.0006032304337695661
