6.1133861580630215 2.5798631757911874
6.113386249159574 2.5798631757911874
6.1133861580630215 2.5798632142341447
4.956162089210415 9.113622949295884
4.956162163062985 9.113622949295884
4.956162089210415 9.113623085099448
7.399792848848286 8.858809944482715
7.399792959113792 8.858809944482715
7.399792848848286 8.85881007648927
10.625207445252205 3.0600268820889784
10.625207603580133 3.0600268820889784
10.625207445252205 3.0600269276869323
12.866672527222475 0.21574261818227392
11.402711820151282 2.5962172605978426
11.40271199006493 2.5962172605978426
11.402711820151282 2.5962172992844947
12.430248516403783 1.1053457001492846
11.67575507719757 2.2351695016028676
11.675755251179877 2.2351695016028676
11.67575507719757 2.2351695349094887
12.214455782236964 1.5075473686485337
11.815278346672038 2.0569553512146626
11.815278522733404 2.0569553512146626
11.815278346672038 2.0569553818656856
12.092434434632317 1.699055075439003
11.886126158862591 1.9687094219109786
11.886126335979673 1.9687094219109786
11.886126158862591 1.9687094512470351
12.026742703568605 1.7913566280836002
11.92172790950312 1.9247298302343352
11.92172808715071 1.9247298302343352
11.92172790950312 1.9247298589150446
11.99255468509892 1.8364670159263772
11.99255486380191 1.8364670159263772
11.99255468509892 1.8364670432918682
12.06529596802409 1.749775249943332
12.011245621619748 1.8152285796573608
12.011245800601255 1.8152285796573608
12.011245621619748 1.8152286067063745
0.1777237660863552 12.011245621619748 1.8152285796573608 9.52276877331703e-05
0.03226562536660464 0.030951967047411304 0.029740288157962005 0.028619256577167736 0.027579145053423827 0.02661155921461871 0.02570921861591927 0.024865779239107055 0.024075688638751206 0.023334066988666188 0.02263660881843186 0.021979501386150426 0.021359356510966102 0.02077315335955651 0.020218190197201422 0.019692043514371413 0.01919253325217503 0.018717693095300553 0.018265744994851008 0.017835077237397287 0.017424225499524097 0.017031856425860796
0.0029421833919998615 0.0027103085348674813 0.0025045401761841315 0.002321141293484847 0.0021570134043506755 0.0020095713545991625 0.0018766455408534455 0.0017564049787190193 0.0016472963375794 0.001547995298672391 0.0014573674939061725 0.001374436945060414 0.0012983604137049372 0.001228406438570981 0.0011639381127256008 0.00110439886168949 0.0010493006428775918 0.0009982141089796553 0.0009507603723176498 0.0009066040805859601 0.0008654475717194817 0.0008270259206938749
