7.9393308065736425 7.4145822087823055
7.939330924878891 7.4145822087823055
7.9393308065736425 7.41458231926819
7.165020310486405 6.691494764934138
7.165020417253527 6.691494764934138
7.165020310486405 6.69149486464518
7.563597463444691 5.801469178599447
7.563597576151076 5.801469178599447
7.563597463444691 5.801469265048075
7.8887419457603745 5.135369765636972
7.88874206331179 5.135369765636972
7.8887419457603745 5.135369842159945
7.8612314393772955 5.20518820548859
7.8612315565187725 5.20518820548859
7.8612314393772955 5.205188283051939
7.872761157518029 5.181906566163579
7.872761274831312 5.181906566163579
7.872761157518029 5.181906643380004
0.06522045808812826 7.872761157518029 5.181906566163579 0.00010054643586361351
0.03817003511306258 0.036675635468914856 0.035293059347984324 0.03401033454760001 0.032817121854549484 0.03170444858421005 0.030664492134385195 0.029690403038284085 0.028776159430750525 0.027916446663334506 0.02710655718021986 0.026342306815025952 0.02561996447223067 0.024936192777620388 0.024287997764621552 0.023672686040756286 0.02308782817544796 0.022531227285463223 0.022000891981354312 0.021495012987941778 0.02101194287223765 0.020550178409466657
0.004277572113265809 0.003957339326582145 0.0036713813633266414 0.003415036677098643 0.0031844001243318087 0.002976182147646079 0.0027875972511072567 0.0026162750868096475 0.0024601891193062986 0.0023175990472610935 0.0021870040616725787 0.0020671046927816577 0.001956771504267638 0.0018550192772596964 0.00176098561961645 0.0016739131608338226 0.001593134666672116 0.0015180605425748953 0.0014481683004158288 0.0013829936459545588 0.0013221229097980112 0.0012651865965743552
