10.020543485816898 10.472024874477864
10.020543635134631 10.472024874477864
10.020543485816898 10.472025030523195
9.826008417249046 10.676203959602791
9.826008563667981 10.676203959602791
9.826008417249046 10.676204118690627
7.946693249176526 15.168794726106299
9.355404632988336 11.799318630442581
9.355404772394728 11.799318630442581
9.355404632988336 11.79931880626613
8.514802014565428 13.903858793311143
8.514802141445864 13.903858793311143
8.514802014565428 13.903859000494784
6.939146806999135 18.15357865511078
8.138403786257102 14.972619706019369
8.138403907528769 14.972619706019369
8.138403786257102 14.972619929128788
7.367681182589348 17.103743523966575
7.3676812923763535 17.103743523966575
7.367681182589348 17.103743778832214
6.87694998818872 18.621930911880533
6.87695009066326 18.621930911880533
6.87694998818872 18.621931189368926
6.908298805249581 18.562446769438527
6.908298908191255 18.562446769438527
6.908298805249581 18.56244704604054
0.019325460388327276 6.908298805249581 18.562446769438527 6.80787693177612e-05
0.027232959636704995 0.026121798175215982 0.02509759868856953 0.02415057698194034 0.023272358191580397 0.022455732721799588 0.021694461043378764 0.020983116342288208 0.020316956747610616 0.019691820865506134 0.01910404181820119 0.01855037608239487 0.018027944244096806 0.01753418141004583 0.017066795491749085 0.016623731944427973 0.016203143827082322 0.015803366271509155 0.01542289462224481 0.015060365647063012 0.014714541327140784 0.014384294823556238
0.0024746550003614965 0.002286675041187508 0.0021192416610331575 0.0019694819222737365 0.0018350056788981612 0.0017138117575277716 0.0016042146795673944 0.0015047869509196377 0.001414313258948296 0.0013317538555759852 0.0012562150844717852 0.0011869255063188503 0.0011232164419657344 0.0010645060254829465 0.0010102860634311486 0.0009601111511796396 0.0009135896148924358 0.0008703759382068669 0.0008301644024962365 0.000792683723949426 0.0007576925132178196 0.0007249754168511515
