5.542842433230396 9.991334349281379
5.542842515825185 9.991334349281379
5.542842433230396 9.991334498163862
6.074506339168053 16.983458475003353
6.074506429685251 16.983458475003353
6.074506339168053 16.983458728076606
7.837202029150831 15.871733789003228
7.837202145934241 15.871733789003228
7.837202029150831 15.871734025510492
9.150140079404084 12.825811379891519
9.150140215751795 12.825811379891519
9.150140079404084 12.825811571011002
9.651519315985396 11.7142164803955
9.651519459804241 11.7142164803955
9.651519315985396 11.714216654950928
9.752398320412857 11.487132316413241
9.752398465734917 11.487132316413241
9.752398320412857 11.487132487584852
9.764562696739965 11.458281066709935
9.764562842243288 11.458281066709935
9.764562696739965 11.458281237451628
0.029909438684205925 9.764562696739965 11.458281066709935 6.897278101193269e-05
0.026400975897487047 0.02530490255679114 0.024295767484329087 0.023363677430436575 0.022500177382574534 0.021697999738705214 0.02095086393775877 0.020253315147612545 0.019600593448460844 0.01898852701993705 0.018413444366495394 0.017872101751209582 0.017361622860820138 0.01687944837050991 0.01642329356969917 0.015991112589164528 0.01558106806337944 0.015191505290949791 0.014820930135762286 0.014467990053426144 0.01413145774037655 0.013810216993113224
0.002191246704241841 0.0020166279515054122 0.001861938268562618 0.001724277790578938 0.001601251908887232 0.0014908698953549262 0.0013914663385740207 0.001301639743090714 0.001220204160501028 0.0011461508013057983 0.0010786173531475637 0.00101686329516169 0.0009602499116963411 0.0009082240144722615 0.0008603046103116429 0.0008160719229906321 0.0007751583075982709 0.0007372406948162717 0.0007020342785907556 0.0006692872194596396 0.0006387761815290418 0.0006103025568722857
