4.269722766055607 10.872768433379255
4.269722829679434 10.872768433379255
4.269722766055607 10.87276859539613
6.731997739903612 7.490145161738303
6.731997840218195 7.490145161738303
6.731997739903612 7.490145273350163
9.778511724363224 1.2962112927086693
7.726363205427769 6.0797848051497105
7.726363320559552 6.0797848051497105
7.726363205427769 6.079784895745564
9.220347493791536 2.9685909821972887
8.125873408212827 5.315022520850475
8.125873529297778 5.315022520850475
8.125873408212827 5.315022600050482
8.891152484554626 3.7683399581449857
8.891152617043122 3.7683399581449857
8.891152484554626 3.768340014297627
9.135375199234264 3.4127099481085805
9.135375335361962 3.4127099481085805
9.135375199234264 3.4127099989619216
9.571755799083288 2.668370156285417
9.246858429417975 3.228045796230631
9.246858567206903 3.228045796230631
9.246858429417975 3.2280458443322617
9.468460182982792 2.8578970406998523
9.468460324073844 2.8578970406998523
9.468460182982792 2.857897083285837
9.703143899764706 2.495901196136117
9.703144044352818 2.495901196136117
9.703143899764706 2.495901233327943
9.950763261984317 2.1426278036227
9.950763410262244 2.1426278036227
9.950763261984317 2.1426278355503423
10.021821649615443 2.061491834733965
10.021821798952223 2.061491834733965
10.021821649615443 2.061491865452587
10.153001267551048 1.8902572954632164
10.054973381118582 2.0189589336642513
10.054973530949361 2.0189589336642513
10.054973381118582 2.0189589637490837
10.121035211135585 1.933705344208711
10.121035361950762 1.933705344208711
10.121035211135585 1.9337053730231661
10.188750456154272 1.8497590191413906
10.188750607978486 1.8497590191413906
10.188750456154272 1.8497590467049478
10.257768223656468 1.766880266319802
10.257768376509127 1.766880266319802
10.257768223656468 1.7668802926483695
10.240998830428797 1.7879944486279404
10.240998983031572 1.7879944486279404
10.240998830428797 1.7879944752711339
10.206345887647617 1.8293134337518093
10.232368336439817 1.7983515662022256
10.232368488913988 1.7983515662022256
10.232368336439817 1.7983515929997522
0.173321052495351 10.232368336439817 1.7983515662022256 8.876226119962497e-05
0.03673645050067809 0.035283071143569225 0.03393937036133386 0.032693513490616145 0.03153529164129334 0.030455854701043252 0.029447494742497665 0.028503469182930855 0.027617855517582314 0.026785431298166063 0.026001574424790036 0.02526217988167239 0.0245635898606689 0.02390253484418455 0.02327608370629152 0.022681601271577555 0.022116712070505574 0.02157926926666253 0.021067327919373595 0.0205791218954922 0.020113043864942243 0.019667627912077015
0.004039490282633344 0.00373166436094091 0.0034573121658325145 0.0032118138813472135 0.0029913094461198647 0.0027925553964516497 0.0026128118055751912 0.002449752392577491 0.0023013925950110805 0.002166031663495311 0.002042205772674906 0.001928649841052512 0.0018242662765975456 0.0017280992615857972 0.0016393134919721396 0.0015571765178103273 0.001481044009415851 0.0014103474120868607 0.0013445835598660358 0.0012833059032124905 0.001226117071937989 0.001172662547407494
