13.3132396516111 5.72862371813822
13.313239849993831 5.72862371813822
13.3132396516111 5.728623803501366
10.585741582528408 4.565069434283098
10.58574174026825 4.565069434283098
10.585741582528408 4.565069502307933
12.642360342906075 0.7098621906021076
11.112355137605075 3.608018161002116
11.11235530319207 3.608018161002116
11.112355137605075 3.608018214765776
11.67221883364588 2.6700300918163924
11.26365384547165 3.380668184087982
11.263654013313172 3.380668184087982
11.26365384547165 3.380668234463864
11.542563174039527 2.911065340764366
11.542563346037122 2.911065340764366
11.542563174039527 2.9110653841426197
11.840300592455508 2.4531683286592467
11.840300768889735 2.4531683286592467
11.840300592455508 2.4531683652143035
12.15831591277213 2.0091148408182837
11.925859246784231 2.346751485910102
11.925859424493382 2.346751485910102
11.925859246784231 2.3467515208794243
12.083954734004802 2.124074302693136
12.083954914069759 2.124074302693136
12.083954734004802 2.12407433434431
12.25068752316456 1.907788639682478
12.250687705714029 1.907788639682478
12.25068752316456 1.9077886681107439
12.425205939284112 1.6977347574520492
12.425206124434109 1.6977347574520492
12.425205939284112 1.6977347827502685
12.473965395224678 1.649946449319311
12.473965581101247 1.649946449319311
12.473965395224678 1.649946473905429
12.565150051485437 1.548308925668618
12.49694682957655 1.6247045118028878
12.496947015795568 1.6247045118028878
12.49694682957655 1.6247045360128716
12.54278688298102 1.5741090926260017
12.542787069883108 1.5741090926260017
12.54278688298102 1.574109116082055
12.589473794577431 1.5242940424564166
12.58947398217521 1.5242940424564166
12.589473794577431 1.524294065170168
12.54277037137313 1.5740936127237333
12.57803534563967 1.536962401446882
12.578035533067002 1.536962401446882
12.57803534563967 1.5369624243494064
0.20400865389758982 12.57803534563967 1.536962401446882 7.447705194749323e-05
0.03129339922458942 0.030014198984536753 0.02883470956428637 0.027743803338621257 0.026731935670187376 0.025790875372386148 0.02491348798687628 0.02409356028037552 0.023325657163495477 0.022605004300892986 0.02192739122196551 0.02128909089859191 0.020686792633143356 0.020117545769273205 0.01957871225265802 0.019067926467381095 0.018583061084283033 0.01812219790126373 0.0176836028478037 0.017265704478583967 0.016867075402879704 0.016486416194115488
0.0028307500578432995 0.0026066193640394263 0.0024078470796210067 0.002230784323756387 0.002072409142097144 0.0019302028564918796 0.0018020536720211701 0.0016861809536190251 0.0015810753052642116 0.0014854508250604292 0.001398206811567351 0.0013183968583694169 0.001245203763126769 0.0011779190419852921 0.001115926114016207 0.0010586864274197108 0.0010057279569048165 0.0009566356225213137 0.0009110432734517227 0.0008686269526253857 0.0008290992144958581 0.000792204312656603
