6.669168388793651 5.307441454901856
6.669168488172004 5.307441454901856
6.669168388793651 5.3074415339888965
8.219327052445912 4.790230958383821
8.21932717492343 4.790230958383821
8.219327052445912 4.790231029763825
9.741971373575282 2.219111971942852
9.741971518741968 2.219111971942852
9.741971373575282 2.219112005010197
10.306044608781084 1.7293262575549089
10.306044762353116 1.7293262575549089
10.306044608781084 1.7293262833238783
11.300883176095104 0.6146196289925865
10.568634423384951 1.4636878671821723
10.568634580869876 1.4636878671821723
10.568634423384951 1.463687888992821
11.099701721844085 0.9382964081714984
10.706908423084467 1.338150652379246
10.706908582629836 1.338150652379246
10.706908423084467 1.3381506723192444
10.437526930067875 1.596899133328726
10.641254141976095 1.404553500175762
10.641254300543139 1.404553500175762
10.641254141976095 1.4045535211052402
10.775093301506917 1.2742984785087992
10.675235452945204 1.3725343463665673
10.675235612018609 1.3725343463665673
10.675235452945204 1.372534366818923
10.608188483931034 1.4375307060289175
10.658590172568053 1.3889027173186514
10.658590331393423 1.3889027173186514
10.658590172568053 1.3889027380149148
10.641911560128108 1.4052371231400198
10.654450910333177 1.393017120805747
10.654451069096867 1.393017120805747
10.654450910333177 1.3930171415633197
0.2256703301866868 10.654450910333177 1.393017120805747 0.00013062849090100342
0.03729887096100452 0.03582187756574562 0.03445644435963105 0.03319052251333952 0.03201371997319795 0.030917029106034066 0.02989260581059797 0.028933589209350664 0.028033953563056595 0.027188385943426926 0.02639218462721634 0.025641174260939304 0.024931634676830704 0.024260240881812677 0.02362401223889067 0.023020269249146314 0.022446596648003247 0.02190081177093156 0.02138093733570453 0.020885177941704802 0.020411899709970285 0.0199596125871
0.0038943554981986095 0.0035973015156134367 0.00333258236778277 0.0030957306691319045 0.0028830145484205994 0.0026912988947800903 0.0025179358105890197 0.002360677540616269 0.002217606820996738 0.0020870808211448876 0.0019676857616346866 0.0018581999694312346 0.0017575636411710546 0.0016648539701947464 0.0015792645859913374 0.0015000884790394937 0.0014267037568524675 0.0013585617109586536 0.0012951767789195993 0.0012361180672677767 0.001181002165663102 0.0011294870335634589
