9.209359493267584 6.539539875574356
9.209359630497735 6.539539875574356
9.209359493267584 6.5395399730210935
12.533794847020534 3.9383428065791124
12.533795033788632 3.9383428065791124
12.533794847020534 3.9383428652649934
15.106935366382398 0.327135229851494
13.440173048003517 3.300106506142393
13.440173248277702 3.300106506142393
13.440173048003517 3.3001065553178117
14.606438199058346 1.4145578668640901
13.750011465472525 2.8405230973215607
13.750011670363662 2.8405230973215607
13.750011465472525 2.840523139648653
14.354632434445906 1.911383440278557
13.90581467218465 2.611329839504086
13.905814879397436 2.611329839504086
13.90581467218465 2.611329878415933
14.215775788968859 2.151829174994271
13.984836038983453 2.497502466908821
13.984836247373748 2.497502466908821
13.984836038983453 2.497502504124508
14.141848752892617 2.2691361026568853
14.141848963622586 2.2691361026568853
14.141848752892617 2.269136136469648
14.306628921782767 2.0463095230230754
14.306629134968151 2.0463095230230754
14.306628921782767 2.0463095535154636
14.478543563858267 1.8289399196034122
14.478543779605378 1.8289399196034122
14.478543563858267 1.8289399468567407
14.526301615071523 1.7787459923314302
14.526301831530285 1.7787459923314302
14.526301615071523 1.778746018836811
14.615928815784287 1.6730671767859957
14.548886714825157 1.7524785463804695
14.548886931620462 1.7524785463804695
14.548886714825157 1.7524785724944347
0.17983293444454385 14.548886714825157 1.7524785463804695 6.904159537935873e-05
0.02677180973065656 0.025654024073694187 0.024625304204884152 0.02367547661521246 0.022795850937715915 0.02197896084243023 0.021218357080369715 0.02050844090444405 0.019844329018759023 0.019221743344039085 0.018636920463244843 0.01808653678538957 0.017567646347484717 0.01707762884260342 0.016614145972096105 0.016175104612309484 0.01575862559006763 0.015363017098184372 0.01498675196830458 0.014628448165276545 0.014286851983945973 0.013960823522463214
0.0021097870522529902 0.0019385905488113694 0.001787276943260173 0.0016529039446352193 0.001533050113449319 0.0014257088297296282 0.0013292064265319884 0.0012421384412642197 0.0011633195751285868 0.0010917441142107075 0.0010265544001536561 0.000967015542665589 0.0009124950077828195 0.0008624460414366514 0.0008163941299399579 0.00077392588038807 0.0007346798409019627 0.0006983388847669492 0.0006646238622439652 0.0006332882852730238 0.0006041138579398728 0.0005769067027551473
