1.500469703540689 6.063222985714494
1.50046972589943 6.063222985714494
1.500469703540689 6.063223076063557
1.9143638083668457 12.295620114888004
1.9143638368930893 12.295620114888004
1.9143638083668457 12.295620298107021
3.2393905141984023 15.409279560124768
3.2393905624690826 15.409279560124768
3.2393905141984023 15.409279789740927
5.055266784407124 12.334218108269885
5.055266859736469 12.334218108269885
5.055266784407124 12.334218292064058
6.420183978730537 9.074731023680549
6.420184074398733 9.074731023680549
6.420183978730537 9.074731158904578
6.999700924663096 7.886424853672572
6.999701028966768 7.886424853672572
6.999700924663096 7.886424971189459
7.108118559836173 7.668869648790131
7.108118665755393 7.668869648790131
7.108118559836173 7.668869763065194
7.115543089662489 7.652891177825874
7.115543195692343 7.652891177825874
7.115543089662489 7.652891291862839
0.04438994063397439 7.115543089662489 7.652891177825874 0.00011517397228010036
0.03671009038733671 0.035269367632483506 0.033936911945868675 0.03270106707547321 0.03155177771055813 0.03048032607849392 0.029479118460870722 0.02854151101757863 0.027661666789671118 0.026834437604136084 0.026055265997643837 0.02532010333372796 0.024625341096041888 0.023967752962518876 0.023344445747549403 0.022752817675589822 0.022190522745057405 0.02165544017470772 0.02114564811003927 0.020659400915296153 0.02019510949547894 0.019751324188654495
0.004120459439868441 0.003813895811482345 0.003540033814002459 0.0032944301651135883 0.003073363669583516 0.002873700233636852 0.0026927861508272977 0.002528363149602088 0.002378500317569975 0.002241539207484487 0.0021160493088170185 0.002000791723070134 0.0018946893717875877 0.0017968024370864344 0.0017063080167334353 0.0016224831919470371 0.001544690872738638 0.0014723679148456038 0.0014050151031320774 0.001342188675431032 0.0012834931231881102 0.0012285750547290325
