2.225655096738716 3.5811307477277303
2.2256551299035614 3.5811307477277303
2.225655096738716 3.581130801090737
2.9425414264641705 7.736141220904996
2.9425414703114545 7.736141220904996
2.9425414264641705 7.736141336182483
3.7091558447795814 12.242426445815585
3.7091559000503107 12.242426445815585
3.7091558447795814 12.242426628241954
5.393415175023884 10.731727331185155
5.393415255392033 10.731727331185155
5.393415175023884 10.731727491100354
6.763849703306529 7.69570722994575
6.763849804095743 7.69570722994575
6.763849703306529 7.695707344620724
7.388933702023912 6.4646599286453785
7.388933812127604 6.4646599286453785
7.388933702023912 6.464660024976318
7.5171294965093995 6.22606264315056
7.517129608523358 6.22606264315056
7.5171294965093995 6.226062735926123
7.523538304336004 6.214019280405972
7.523538416445461 6.214019280405972
7.523538304336004 6.214019373002075
0.05580420737527525 7.523538304336004 6.214019280405972 0.000104066793868615
0.03801212216162985 0.036522402941523036 0.03514435059683224 0.03386598266187314 0.032676955634527244 0.03156829664738633 0.03053218569969376 0.029561777772723882 0.02865105663050903 0.027794713963096455 0.02698804892915699 0.02622688421885411 0.02550749557284312 0.02482655232182534 0.024181066999122952 0.023568352460110572 0.022985985242178833 0.0224317741360217 0.021903733127605803 0.021400058020938393 0.02091910617290101 0.02045937886925174
0.004144792037264312 0.0038352713399326006 0.003558834714105597 0.0033109841591874704 0.003087952025420578 0.0028865648114954102 0.0027041353745642575 0.0025383770470676814 0.0023873347668577826 0.002249329511545979 0.0021229132052058564 0.002006831920193112 0.0018999956889594384 0.001801453613280773 0.0017103732422450511 0.0016260234081284606 0.0015477598773749445 0.001475013304393947 0.0014072790777891607 0.0013441087286316083 0.001285102633530464 0.0012299037953405496
