15.316673266868412 10.13593063377234
15.316673495104629 10.13593063377234
15.316673266868412 10.135930784809476
11.294815288962127 7.493972938377225
11.29481545726799 7.493972938377225
11.294815288962127 7.493973050046124
9.165588840924187 12.073191922402073
10.763741367298747 8.639350048937953
10.763741527690993 8.639350048937953
10.763741367298747 8.6393501776743
9.7424860324586 10.948624931607835
9.742486177632955 10.948624931607835
9.7424860324586 10.94862509475506
7.843132984262365 15.627867366979771
7.843133101134153 15.627867366979771
7.843132984262365 15.627867599853142
7.538691650667926 16.853119875676082
7.538691763003185 16.853119875676082
7.538691650667926 16.853120126807138
6.726564511503559 19.2439696100806
6.726564611737182 19.2439696100806
6.726564511503559 19.243969896838095
6.506057773736762 20.035407753511016
6.506057870684578 20.035407753511016
6.506057773736762 20.035408052061857
6.499215310042368 20.06689827834156
6.499215406888223 20.06689827834156
6.499215310042368 20.06689857736165
0.017358332996946446 6.499215310042368 20.06689827834156 4.6597097777981805e-05
0.026700150905306433 0.025614346116800565 0.024613341544451408 0.023687610404290627 0.022828996933875325 0.022030479042806788 0.021285978490403593 0.020590207872379904 0.019938546368713422 0.01932693815080977 0.018751808779161445 0.018209995988610787 0.017698692058522942 0.017215395571161033 0.016757870824250076 0.016324113519749356 0.01591232162682457 0.015520870532410093 0.015148291761981444 0.014793254686941511 0.01445455074141702 0.014131079756345385
0.00256933536967396 0.0023760534332919877 0.002203729624530033 0.0020494533382697405 0.0019108003285698374 0.0017857386220741904 0.0016725549618537045 0.0015697968219004542 0.001476226340538471 0.0013907834565718947 0.0013125562085852514 0.0012407566522024465 0.001174701214879361 0.00111379457938241 0.001057516391030419 0.0010054102381345904 0.0009570744727963191 0.0009121545296524695 0.0008703364700949314 0.0008313415339205958 0.0007949215230003798 0.000760854875127322
