5.640987514192071 7.994907227438248
5.640987598249335 7.994907227438248
5.640987514192071 7.994907346571649
7.802566989292634 7.620476235414827
7.802567105559943 7.620476235414827
7.802566989292634 7.620476348968772
11.133767006874779 1.2621406073252501
8.956630697277493 6.246260166996901
8.956630830741691 6.246260166996901
8.956630697277493 6.246260260073431
10.531864877898064 3.021361927463167
9.383519738111797 5.457052362922452
9.383519877937138 5.457052362922452
9.383519738111797 5.457052444238869
10.183665939078788 3.850783735991117
9.588604784511205 5.058039923840079
9.58860492739255 5.058039923840079
9.588604784511205 5.058039999210747
9.995249487143615 4.258212881900732
9.99524963608444 4.258212881900732
9.995249487143615 4.258212945353049
10.852409960430238 2.6816315272536477
10.216263269120965 3.8677980884115764
10.216263421355151 3.8677980884115764
10.216263269120965 3.867798146046259
10.654982223231837 3.0851047317895146
10.654982382003444 3.0851047317895146
10.654982223231837 3.0851047777611575
10.78596504502956 2.9030025596616573
10.785965205752964 2.9030025596616573
10.78596504502956 2.9030026029197664
11.0258927970234 2.5239175076979934
11.025892961322008 2.5239175076979934
11.0258927970234 2.523917545307295
11.282747675308126 2.1560909530551156
11.282747843434167 2.1560909530551156
11.282747675308126 2.1560909851833743
11.356541786063088 2.0716288053626206
11.356541955288748 2.0716288053626206
11.356541786063088 2.0716288362322954
11.492741355637408 1.8933947515245615
11.390969742133564 2.027361750631754
11.39096991187224 2.027361750631754
11.390969742133564 2.0273617808417983
11.459571155129282 1.9386302944849327
11.459571325890199 1.9386302944849327
11.459571155129282 1.9386303233727753
11.529934310963048 1.8512892876435998
11.529934482772457 1.8512892876435998
11.529934310963048 1.8512893152299599
11.51283325481591 1.8735101776367227
11.512833426370493 1.8735101776367227
11.51283325481591 1.8735102055542
0.1653085397242553 11.51283325481591 1.8735101776367227 9.529617993883541e-05
0.032645794025676945 0.031324791559850136 0.03010570638313823 0.028977286302602007 0.027929861966686904 0.026955080480969673 0.026045690593471907 0.025195368267854304 0.024398574126706592 0.023650436223693103 0.022946653082468474 0.022283413056262816 0.021657326910579658 0.0210653711814318 0.020504840362947044 0.019973306367579532 0.01946858400652909 0.018988701477333367 0.01853187503494608 0.018096487173238758 0.017681067764329417 0.017284277699980987
0.00326124336215282 0.003006058057178895 0.0027793888918167526 0.002577186230527968 0.002396086615332563 0.0022332793910786308 0.002086402286876928 0.0019534590652179294 0.0018327541204258074 0.001722840192277732 0.0016224763001254563 0.0015305936957889328 0.0014462681485473883 0.0013686972612576597 0.0012971818075418755 0.0012311103009154572 0.0011699461756173452 0.0011132170888344208 0.0010605059545787754 0.0010114433977716317 0.0009657013783867975 0.0009229877837585827
