9.544840877803773 8.849076465652793
9.544841020032987 8.849076465652793
9.544840877803773 8.849076597514308
8.41539596119665 7.815795016191352
8.415396086595822 7.815795016191352
8.41539596119665 7.815795132655773
7.0895677451569785 10.823636794931453
8.08305861311729 8.567396826996763
8.083058733564249 8.567396826996763
8.08305861311729 8.567396954660925
7.857420308228341 9.108281723987567
7.857420425313028 9.108281723987567
7.857420308228341 9.108281859711541
7.408297524732886 10.19094750392565
7.4082976351251215 10.19094750392565
7.408297524732886 10.190947655782601
7.095040285766947 10.999472649824812
7.095040391491286 10.999472649824812
7.095040285766947 10.999472813729726
7.0963819443987965 11.008729110178024
7.096382050143128 11.008729110178024
7.0963819443987965 11.00872927422087
0.03148776787483365 7.0963819443987965 11.008729110178024 6.291867324138961e-05
0.032792284950732664 0.03148170374953264 0.03027146281448188 0.02915053992241486 0.02810945978560224 0.02714003356983415 0.026235149013706844 0.025388600106710207 0.024594947939344122 0.023849406300331808 0.023147747058766415 0.02248622146924788 0.021861494372463732 0.021270588901434732 0.0207108397947493 0.020179853798946937 0.019675475939523044 0.0191957606736103 0.018738947122024355 0.018303437725144003 0.017887779784433604 0.017490649445707735
0.0033704996552501683 0.003116601667096037 0.002890167366016709 0.0026874052434410324 0.002505151263021859 0.0023407491169176982 0.002191956150667503 0.002056868890986236 0.0019338636687876742 0.0018215489574962209 0.0017187268708534315 0.001624361872142445 0.0015375551987165377 0.0014575238445727226 0.0013835831997196391 0.0013151326399200723 0.0012516435096922875 0.0011926490566264523 0.0011377359644763844 0.001086537202304216 0.0010387259617918646 0.00099401049813849
