9.309833188891115 4.609466668342566
9.30983332761844 4.609466668342566
9.309833188891115 4.6094667370289715
8.607471967523397 4.256596220969743
8.607472095784724 4.256596220969743
8.607471967523397 4.256596284397969
10.365246179477618 0.9580998988911458
9.0498579574383 3.433546923319175
9.049858092291693 3.433546923319175
9.0498579574383 3.4335469744830114
9.532184196697848 2.6332489104778194
9.532184338738462 2.6332489104778194
9.532184196697848 2.633248949716286
10.066253892148836 1.866512273269859
9.679978052481184 2.452343698847669
9.679978196724097 2.452343698847669
9.679978052481184 2.452343735390438
9.945824726836188 2.0681504878933303
9.945824875040525 2.0681504878933303
9.945824726836188 2.068150518711174
10.024803963616215 1.982099863211064
10.024804112997435 1.982099863211064
10.024803963616215 1.9820998927466535
10.16935937347993 1.7985965856343726
10.169359525015192 1.7985965856343726
10.16935937347993 1.7985966124355504
10.322216980231692 1.6219492775304036
10.322217134044712 1.6219492775304036
10.322216980231692 1.6219493016993312
10.364455186712773 1.5816188749053053
10.36445534115519 1.5816188749053053
10.364455186712773 1.581618898473263
10.44386249153507 1.495963111576603
10.384448117847056 1.5603366153842841
10.384448272587392 1.5603366153842841
10.384448117847056 1.5603366386351116
10.404424727330724 1.539039034789361
10.389485536307904 1.5550531357681525
10.389485691123301 1.5550531357681525
10.389485536307904 1.5550531589402499
0.20273928607048108 10.389485536307904 1.5550531357681525 0.0001668630383475787
0.03745127225751318 0.035971321293213225 0.03460293101203272 0.03333407731312476 0.03215438596973516 0.031054861999377938 0.030027670060212643 0.029065955105264746 0.028163695021555357 0.027315578850645648 0.026516905598673805 0.025763499717861807 0.025051640164377026 0.024378000572360344 0.023739598577053152 0.023133752705358494 0.022558045555204062 0.02201029222472087 0.02148851314281659 0.020990910605065707 0.02051584844124312 0.020061834339658666
0.003999586841745222 0.003695237139881889 0.0034239355365358087 0.0031811277268475433 0.0029630072414276966 0.0027663747564455592 0.0025885269338554364 0.0024271680065748595 0.0022803390061034144 0.002146360767241692 0.0020237877610875146 0.0019113704914204385 0.0018080247035507672 0.0017128060435646101 0.0016248891020171805 0.0015435500030461624 0.0014681518748204084 0.0013981326728984258 0.0013329949338586797 0.0012722971195038139 0.0012156462773072663 0.0011626917945459858
