14.140897513574819 5.931677094029284
14.140897724290612 5.931677094029284
14.140897513574819 5.93167718241816
12.028110590569797 5.052837783027972
12.028110769802613 5.052837783027972
12.028110590569797 5.052837858321122
14.102610798135338 1.0754707462497208
12.552459675917717 4.0615025646369975
12.552459862963943 4.0615025646369975
12.552459675917717 4.061502625158102
12.701726791540063 3.824174109533627
12.701726980810541 3.824174109533627
12.701726791540063 3.8241741665182616
12.979875015996958 3.33729072014419
12.979875209412167 3.33729072014419
12.979875015996958 3.337290769873697
13.273006429862109 2.859278331353598
13.273006627645318 2.859278331353598
13.273006429862109 2.8592783739601653
13.355092045134386 2.7456415476197935
13.355092244140765 2.7456415476197935
13.355092045134386 2.745641588533041
13.50883170739415 2.51118561645954
13.508831908691429 2.51118561645954
13.50883170739415 2.5111856538791217
13.669263343183179 2.28125702396608
13.669263546871075 2.28125702396608
13.669263343183179 2.2812570579594587
13.83579758840507 2.055709218442855
13.83579779457452 2.055709218442855
13.83579758840507 2.0557092490753095
13.881566173993384 2.00262364331888
13.88156638084484 2.00262364331888
13.881566173993384 2.002623673160298
13.967989996312664 1.892250232627186
13.967990204451935 1.892250232627186
13.967989996312664 1.8922502608239118
14.057180656904361 1.7841003694039321
14.057180866372676 1.7841003694039321
14.057180656904361 1.7841003959890993
14.148609724242464 1.6778361115479792
14.148609935073178 1.6778361115479792
14.148609724242464 1.6778361365496854
14.172896767605557 1.6525705232324714
14.172896978798176 1.6525705232324714
14.172896767605557 1.652570547857691
0.19681549689916955 14.172896767605557 1.6525705232324714 3.772259352462721e-05
0.02816072854282308 0.02698942663342934 0.025911081225219266 0.024915119553696158 0.023992503265404017 0.02313546162642038 0.02233727816035469 0.021592118717105577 0.020894891937467824 0.020241135248839755 0.019626921131607255 0.01904877959261366 0.018503633682679516 0.017988745578305793 0.01750167126997876 0.017040222301730686 0.016602433318562846 0.01618653442188471 0.01579092752447479 0.015414166047718735 0.015054937424125775 0.014712047964245712
0.002172847850977434 0.0019973073049396215 0.0018420582060433292 0.0017041130078030728 0.0015810101597051938 0.0014707076458218959 0.0013715006386667116 0.0012819572719236607 0.001200868148874466 0.0011272063522222405 0.0010600955472823657 0.000998784370358955 0.0009426257335027195 0.0008910600014358678 0.0008436012381775118 0.0007998259023544648 0.0007593635073890763 0.0007218888672434234 0.0006871156285098118 0.0006547908514571856 0.0006246904506437232 0.0005966153431981422
