14.838061730978325 4.812139148339597
14.838061952082674 4.812139148339597
14.838061730978325 4.812139220046058
12.785606569065703 4.1539631875910485
12.785606759586088 4.1539631875910485
12.785606569065703 4.153963249489924
14.09647076728342 1.801647540748133
13.12012400947745 3.5697263369946413
13.120124204982533 3.5697263369946413
13.12012400947745 3.569726390187709
13.465360996149492 2.9917591765365015
13.211069238249861 3.4281066743964117
13.211069435110133 3.4281066743964117
13.211069238249861 3.4281067254791817
13.383006536833918 3.1387172840600934
13.383006736256256 3.1387172840600934
13.383006536833918 3.1387173308306258
13.737328346411342 2.5662745613426012
13.473222689767589 2.9966320658959553
13.473222890534252 2.9966320658959553
13.473222689767589 2.996632110549253
13.652493885274737 2.7117277094093493
13.652494088712748 2.7117277094093493
13.652493885274737 2.711727749817241
13.83999522341238 2.4321710924599333
13.83999542964438 2.4321710924599333
13.83999522341238 2.432171128702107
14.035323156788172 2.158025780031011
14.035323365930784 2.158025780031011
14.035323156788172 2.158025812188101
14.240280614850661 1.8910031325492447
14.240280827047378 1.8910031325492447
14.240280614850661 1.8910031607273872
14.298093369127802 1.8298518749120007
14.298093582185995 1.8298518749120007
14.298093369127802 1.8298519021789186
14.405766193221872 1.700492969449293
14.405766407884517 1.700492969449293
14.405766193221872 1.7004929947886127
14.51802909174461 1.5750967769784858
14.518029308080102 1.5750967769784858
14.51802909174461 1.5750968004492567
14.63403224060755 1.4531523924223073
14.634032458671623 1.4531523924223073
14.63403224060755 1.4531524140759653
14.754097048028274 1.3352049232255219
14.66538345043815 1.4250890825838536
14.665383668969392 1.4250890825838536
14.66538345043815 1.4250891038193356
0.2199273512823121 14.66538345043815 1.4250890825838536 8.173296202723054e-05
0.027344595750583178 0.026204598059797617 0.02515529340254102 0.024186339687906393 0.02328889988080001 0.022455379557604103 0.021679217180025998 0.020954715210730286 0.02027690313758186 0.01964142562573148 0.01904445060616801 0.01848259329381539 0.017952853018637343 0.017452560428066567 0.016979333134580325 0.01653103827895682 0.016105760787198237 0.015701776338982672 0.015317528253859175 0.01495160765019431 0.014602736350108522 0.014269752098103546
0.0021328216587015586 0.001960057454060261 0.0018073207048129023 0.0016716536848205175 0.0015506211257566714 0.0014422041014600848 0.0013447180383507186 0.0012567488294426782 0.001177102656313419 0.0011047662799846634 0.0010388753921875323 0.0009786892205427453 0.0009235700215978173 0.0008729664206188495 0.0008263997987820007 0.0007834531096720001 0.0007437616439268003 0.0007070053650527256 0.0006729025192470339 0.0006412042836071176 0.0006116902648566155 0.0005841646979910681
