11.488680438441328 11.014394438424445
11.488680609636008 11.014394438424445
11.488680438441328 11.014394602551711
8.567414251999619 8.218788926455298
8.56741437966404 8.218788926455298
8.567414251999619 8.218789048924798
10.470988032291535 3.86796029840992
9.050397735015038 7.1342114116545225
9.050397869876473 7.1342114116545225
9.050397735015038 7.134211517962557
10.043828414165267 4.977496036916438
10.043828563829972 4.977496036916438
10.043828414165267 4.977496111086909
11.166562405175247 2.885178157783508
10.355711770929783 4.472397898538777
10.355711925241915 4.472397898538777
10.355711770929783 4.472397965182699
10.915193278702288 3.4252293958909297
10.915193441351343 3.4252293958909297
10.915193278702288 3.425229446930825
11.534622208491902 2.4123674944370217
11.084369161068555 3.1813475387747925
11.084369326238527 3.1813475387747925
11.084369161068555 3.181347586180565
11.39306856285001 2.6742972089661485
11.39306873261996 2.6742972089661485
11.39306856285001 2.6742972488162824
11.727385141868032 2.1837589509138646
11.727385316619689 2.1837589509138646
11.727385141868032 2.1837589834544087
11.826536925883262 2.0733341639419067
11.826537102112395 2.0733341639419067
11.826536925883262 2.073334194836993
12.006991891871449 1.8376758420964374
11.872279395441966 2.014906397071416
11.872279572352715 2.014906397071416
11.872279395441966 2.014906427095861
11.963401785893314 1.897767932809512
11.963401964161893 1.897767932809512
11.963401785893314 1.897767961088458
11.987784998945369 1.8698036111306577
11.987785177577285 1.8698036111306577
11.987784998945369 1.8698036389929027
0.1680912754747692 11.987784998945369 1.8698036111306577 7.329938349655267e-05
0.031719103695737 0.030427337440116105 0.02923587943625601 0.028133579964815938 0.027110868833219438 0.026159487594264837 0.02527227399933325 0.024442987271475 0.02366616552496937 0.022937008686110136 0.02225128178372309 0.02160523461719874 0.020995534674099998 0.020419210830028726 0.01987360587204246 0.0193563362811788 0.018865258017279594 0.018398437290849133 0.017954125497463443 0.017530737641797904 0.01712683369938431 0.016741102461391433
0.0029999387404045855 0.0027634335978827806 0.002553565567700313 0.002366520261474163 0.002199135304906427 0.002048772431424427 0.0019132176125657686 0.0017906024886869183 0.0016793421124695366 0.0015780852813892911 0.0014856746563968802 0.001401114541055497 0.0013235446969671078 0.0012522189458119264 0.0011864875899907223 0.0011257828972073896 0.001069607057026851 0.0010175221423233572 0.0009691417049856999 0.0009241237101869248 0.0008821645720890067 0.0008429940998700779
