9.378367344738 1.066751226784093
9.378367484486564 1.066751226784093
9.378367344738 1.066751242679925
2.4006560824730876 7.42310849908675
8.082915635552016 3.0390691863713535
8.082915755996845 3.0390691863713535
8.082915635552016 3.039069231657013
7.674354517258626 5.3631412758647485
7.67435463161542 5.3631412758647485
7.674354517258626 5.3631413557817815
6.482656815996931 8.371805009992887
6.482656912596045 8.371805009992887
6.482656815996931 8.371805134742502
6.809718120893057 7.872278365908878
6.809718222365764 7.872278365908878
6.809718120893057 7.872278483214967
6.82266045738832 7.852687575124493
6.822660559053883 7.852687575124493
6.82266045738832 7.852687692138657
0.04585479150273142 6.82266045738832 7.852687575124493 0.00011353295430860089
0.03841591299714565 0.03691600574437055 0.03552833136235613 0.0342408560700463 0.03304319241918411 0.03192632943639732 0.030882413724630055 0.029904570728628867 0.028986757886094686 0.028123643266367824 0.027310504714914086 0.026543145597332972 0.025817824059355215 0.025131193353240995 0.024480251272801193 0.023862297123297273 0.02327489495421682 0.022715842021410255 0.022183141634642183 0.02167497969810545 0.021189704373147506 0.02072580839070677
0.0040991541996015304 0.003796877724820976 0.0035265932923347607 0.0032839855592425287 0.0030654357703672405 0.0028678923421714595 0.0026887683996691665 0.0025258600914973904 0.002377281042559217 0.0022414094289642103 0.0021168449922785793 0.0020023739305743016 0.001896940069862046 0.0017996210721662326 0.0017096087052070788 0.0016261924047456342 0.0015487455197187637 0.0014767137538161579 0.0014096054136323614 0.0013469831493049418 0.0012884569333861356 0.001233678071185995
