4.379495588837246 5.584955561033529
4.379495654096815 5.584955561033529
4.379495588837246 5.584955644255852
3.9200493133888603 11.872269878197285
3.920049371802147 11.872269878197285
3.9200493133888603 11.872270055107892
5.228524503565411 11.450985426739454
5.228524581476497 11.450985426739454
5.228524503565411 11.450985597372433
6.100498312322167 9.575493923730344
6.100498403226676 9.575493923730344
6.100498312322167 9.575494066416322
6.333856498895143 9.079847130418411
6.33385659327696 9.079847130418411
6.333856498895143 9.079847265718676
6.355272342448032 9.033189950293679
6.35527243714897 9.033189950293679
6.355272342448032 9.033190084898697
0.03877751263885543 6.355272342448032 9.033189950293679 0.00010331303296471419
0.03775595794244243 0.03628705129869365 0.03492786640291272 0.03366664939294972 0.03249325433840483 0.03139887947837986 0.030375853344932372 0.02941746017968636 0.02851779652833355 0.02767165274601466 0.026874414537302833 0.02612198070943886 0.02541069412383215 0.024737283451705783 0.024098813821120606 0.02349264481827985 0.0229163946010406 0.02236790911564626 0.021845235592902447 0.02134659964798657 0.020870385426918728 0.020415118338637323
0.004262083493216609 0.003951064440233145 0.003672699098958735 0.0034226108351188803 0.003197126167851051 0.0029931445310811635 0.0028080351225214474 0.0026395546325944383 0.0024857811910169287 0.002345061000848461 0.002215964966260926 0.002097253243402232 0.0019878461115555883 0.0018867999156568429 0.0017932871007922593 0.0017065795660336567 0.0016260347245454795 0.0015510837808371076 0.0014812218328616646 0.0014159994827375073 0.0013550156999619608 0.001297911728701957
