3.671412635999595 8.490612211721494
3.6714126907079065 8.490612211721494
3.671412635999595 8.490612338241476
5.261946149306196 12.055514657598206
5.2619462277153035 12.055514657598206
5.261946149306196 12.055514837239373
8.831981137383767 6.223341512503693
8.831981268990543 6.223341512503693
8.831981137383767 6.2233416052387085
12.33556114387802 0.20152093251307335
10.069300753190708 4.997524472400067
10.069300903234982 4.997524472400067
10.069300753190708 4.997524546868985
11.704965442249415 1.9219838671011065
10.514978631348495 4.249347995365379
10.514978788033886 4.249347995365379
10.514978631348495 4.249348058685598
11.3511867903667 2.721492255362273
10.73010835167971 3.8707738198105366
10.730108511570785 3.8707738198105366
10.73010835167971 3.8707738774895613
11.15767362693909 3.1121008024574515
11.157673793201383 3.1121008024574515
11.15767362693909 3.1121008488313673
11.62510761467211 2.377320373363651
11.284187936801137 2.934917478914196
11.28418810494864 2.934917478914196
11.284187936801137 2.9349175226478743
11.516847241393272 2.5668565451633834
11.51684741300767 2.5668565451633834
11.516847241393272 2.5668565834125263
11.764882774042073 2.208977267318967
11.764882949352488 2.208977267318967
11.764882774042073 2.2089773002352935
12.028522172269753 1.8624322187769877
11.83556138737192 2.1261854573182424
11.835561563735528 2.1261854573182424
11.83556138737192 2.1261854890008745
11.966539680161077 1.9522760338825305
11.966539858476413 1.9522760338825305
11.966539680161077 1.9522760629737104
12.002498854466506 1.911417432222313
12.002499033317676 1.911417432222313
12.002498854466506 1.9114174607046523
11.934480184053887 1.9964080826535553
11.98560057087081 1.9327497996040304
11.985600749470176 1.9327497996040304
11.98560057087081 1.9327498284042466
0.16700630885383727 11.98560057087081 1.9327497996040304 0.00012647161006379296
0.03200419342688105 0.03070001087377824 0.02949716434632444 0.028384382455778335 0.027351991677633063 0.026391645266773907 0.025496105091042682 0.024659064810151787 0.023875005608433503 0.02313907774724238 0.0224470027379514 0.02179499209156112 0.021179679477004776 0.020598063789725854 0.02004746114743908 0.019525464229394017 0.019029907687053843 0.018558838598713438 0.018110491133759177 0.017683264745704433 0.017275705335665664 0.016886488926307633
0.0029235242683371297 0.002692875918749903 0.0024882249078409403 0.0023058454388889937 0.00214264913270089 0.0019960598717911693 0.0018639161042679957 0.001744394003188782 0.0016359465934608051 0.0015372551980139002 0.0014471904582013815 0.0013647808470274878 0.001289187085337804 0.0012196812379885757 0.0011556295428740975 0.001096478234590496 0.0010417417837810254 0.000990993095427118 0.000943855303725906 0.0008999948745093666 0.0008591157834413933 0.0008209545832313155
