9.702492039700847 3.8681720908755537
9.702492184279244 3.8681720908755537
9.702492039700847 3.8681721485158094
9.218467463258447 3.6792460071200317
9.218467600624317 3.6792460071200317
9.218467463258447 3.6792460619450695
7.402751707596321 6.892421257365429
8.7651276086984 4.482872417308126
9.105721997049677 3.880484017395521
9.105722132735508 3.880484017395521
9.105721997049677 3.880484075219239
8.883285070227018 4.284655913136397
8.88328520259828 4.284655913136397
8.883285070227018 4.284655976982745
8.452881515465675 5.1007963489274
8.452881641423426 5.1007963489274
8.452881515465675 5.100796424935188
8.360961793143094 5.312359676511389
8.360961917731133 5.312359676511389
8.360961793143094 5.312359755671717
8.157543610330988 5.7264299007759485
8.157543731887861 5.7264299007759485
8.157543610330988 5.726429986106403
7.9811580750913125 6.099105275171684
7.9811581940198355 6.099105275171684
7.9811580750913125 6.0991053660554355
7.989579728356359 6.085319778226976
7.989579847410375 6.085319778226976
7.989579728356359 6.085319868905307
0.057840989871338344 7.989579728356359 6.085319778226976 7.83767169510487e-05
0.036933203358450205 0.03547261721290224 0.034122406971880306 0.03287063232844219 0.03170699942344932 0.030622589107812064 0.029609636821864953 0.028661353103602072 0.027771776309418145 0.026935651050449563 0.026148327292023255 0.025405676159256943 0.024704019329038835 0.024040069532960298 0.02341088019509189 0.022813802617951306 0.022246449435670543 0.02170666329469006 0.021192489913914658 0.02070215482922838 0.02023404325001384 0.01978668255431515
0.003800802305774167 0.003513522141340708 0.0032573011025921073 0.0030278688011230225 0.002821655976155811 0.002635662303595359 0.002467352079102231 0.0023145713250839156 0.002175481486456325 0.002048506062225132 0.0019322873924245685 0.0018256514689112709 0.0017275791248308142 0.0016371823246338802 0.0015536845554715592 0.0014764045341930047 0.0014047426084441543 0.001338169357597218 0.0012762159983549927 0.0012184662775171623 0.001164549595545944 0.0011141351529778292
