11.517277106062902 13.702647615513854
11.517277277683705 13.702647615513854
11.517277106062902 13.702647819699214
7.529170567032706 8.976556947030254
7.52917067922609 8.976556947030254
7.529170567032706 8.976557080791375
10.135015108355786 2.7286362885937345
8.180992282990214 7.415920185503737
8.180992404896498 7.415920185503737
8.180992282990214 7.415920296009559
8.880692986246048 5.898918410213777
8.880693118578685 5.898918410213777
8.880692986246048 5.898918498114511
9.625683092883655 4.4036374328113075
9.62568323631751 4.4036374328113075
9.625683092883655 4.403637498430618
10.436132575761937 2.942799626594641
9.847889784093848 4.05000782056918
9.847889930838841 4.05000782056918
9.847889784093848 4.050007880918999
10.251501308277234 3.318696257253815
10.251501461036508 3.318696257253815
10.251501308277234 3.3186963067062427
10.689158544577602 2.607236484247411
10.36926686074849 3.146247123537769
10.369267015262608 3.146247123537769
10.36926686074849 3.1462471704205046
10.587030721715152 2.789864439993812
10.587030879474204 2.789864439993812
10.587030721715152 2.789864481566032
10.817267676516021 2.441409764437403
10.81726783770587 2.441409764437403
10.817267676516021 2.4414098008172433
11.059798028588538 2.101396904979587
11.059798193392371 2.101396904979587
11.059798028588538 2.1013969362928413
11.129103675460517 2.023303470052408
11.129103841297084 2.023303470052408
11.129103675460517 2.0233035002019792
11.257348021855382 1.8584980797096506
11.25734818960294 1.8584980797096506
11.257348021855382 1.8584981074034301
11.39188333393952 1.6987868438159337
11.39188350369181 1.6987868438159337
11.39188333393952 1.6987868691298302
11.531718725388057 1.5436949601897771
11.42858013395093 1.6616545238548857
11.428580304250046 1.6616545238548857
11.42858013395093 1.6616545486154675
11.498099981942714 1.583751712594521
11.498100153277754 1.583751712594521
11.498099981942714 1.5837517361942606
11.516477583686905 1.5652144573143107
11.516477755295794 1.5652144573143107
11.516477583686905 1.5652144806378236
0.20723140574521182 11.516477583686905 1.5652144573143107 0.00014113116292009252
0.03451493282529525 0.03312373846617054 0.03183945938286578 0.030650339439503106 0.02954626926200236 0.028518510306696145 0.02755947210587261 0.026662531213514144 0.025821883095698946 0.025032420232597895 0.024289631214888953 0.023589516762773207 0.022928519467836205 0.022303464726833033 0.021711510853032665 0.021150106752365873 0.02061695586585018 0.02010998532712112 0.019627319479746535 0.019167257054927528 0.01872825143499475 0.018308893528512372
0.0032300482036235994 0.00297847285496985 0.0027548750249143483 0.002555301698604454 0.0023764661042569094 0.0022156189323490204 0.00207044735247749 0.0019389952543282026 0.0018195998180989032 0.0017108407405752135 0.001611499338212227 0.0015205254101462327 0.0014370102367482424 0.0013601644589441974 0.001289299862768333 0.001223814306013376 0.0011631791864475897 0.0011069289763354319 0.0010546524450804268 0.001005985267482163 0.0009606037744128588 0.0009182196494578918
