7.522992627009106 1.437753236389966
7.522992739110432 1.437753236389966
7.522992627009106 1.4377532578141587
10.511259919299931 0.6329746952903916
10.51126007592991 0.6329746952903916
10.511259919299931 0.6329747101915528
8.110016217829736 2.2157964889081594
10.169556629606028 1.265584267479248
10.16955678114423 1.265584267479248
10.169556629606028 1.265584286337923
11.435839332495616 0.584150373096931
11.435839502902901 0.584150373096931
11.435839332495616 0.5841503879980922
10.167591162059198 1.2619192232479897
11.177079664655743 0.8337148668706824
11.177079831207209 0.8337148668706824
11.177079664655743 0.8337148817718436
10.592306782838635 1.252040918777468
11.059477936701667 0.9696545010672737
11.05947810150073 0.9696545010672737
11.059477936701667 0.9696545159684349
10.771081703743054 1.1842858479587106
10.992184438173792 1.0292281755947092
10.992184601970104 1.0292281755947092
10.992184438173792 1.0292281909314043
11.137361461772924 0.9232405235677633
11.029122145400429 1.0036358877906693
11.029122309747155 1.0036358877906693
11.029122145400429 1.0036359027460093
10.956510744544822 1.0565983471992761
11.011083497402439 1.0170316718646228
11.011083661480368 1.0170316718646228
11.011083497402439 1.0170316870195757
11.001511850842304 1.024142958955337
11.008720704161084 1.0188493309280953
11.008720868203806 1.0188493309280953
11.008720704161084 1.0188493461101333
0.28822167469761784 11.008720704161084 1.0188493309280953 0.0001491106255596623
0.03706826825446576 0.03560281795299116 0.03424788174283773 0.032991543113520136 0.03182352140849923 0.030734903368670206 0.029717925316965658 0.02876579529160182 0.027872546914620724 0.027032918639275674 0.026242253421676832 0.025496414928466958 0.024791717209305095 0.024124865393227224 0.02349290545741112 0.022893181499369385 0.02232329924430912 0.021781094757184587 0.021264607518039706 0.020772057170370947 0.02030182337366358 0.019852428289285195
0.004031609989276533 0.0037246420171166256 0.0034510262441492536 0.003206163654383086 0.002986210881673226 0.0027879379587671753 0.002608615943579044 0.0024459275532243974 0.0022978956410601025 0.0021628256050436386 0.002039258743811013 0.001925934269289536 0.0018217582048969086 0.0017257777919022998 0.0016371603261474722 0.0015551755768902452 0.0014791811164866079 0.0014086100268254193 0.0013429605554016182 0.0012817873777712712 0.0012246941892126654 0.0011713274007525277
