13.07384116776805 13.503608402999225
13.073841362583465 13.503608402999225
13.07384116776805 13.50360860421867
8.57755514621559 8.885083163541289
8.577555274031122 8.885083163541289
8.57755514621559 8.885083295939346
7.198244001156316 12.111487032227634
8.230423218847696 9.690665486343216
8.230423341490559 9.690665486343216
8.230423218847696 9.690665630745384
8.008659625086143 10.239141671278894
8.00865974442447 10.239141671278894
8.008659625086143 10.239141823853995
7.566542721407357 11.33666320242078
7.56654283415763 11.33666320242078
7.566542721407357 11.336663371350227
6.717441392932826 13.545534046389927
6.717441493030503 13.545534046389927
6.717441392932826 13.545534248234112
6.800475568263186 13.40776997243398
6.800475669598169 13.40776997243398
6.800475568263186 13.407770172225321
6.8028378217528385 13.402063911695711
6.802837923123022 13.402063911695711
6.8028378217528385 13.402064111402026
0.02577752802081612 6.8028378217528385 13.402063911695711 8.048471000569283e-05
0.031068518078028358 0.029821784097137725 0.028670993097765652 0.027605541762101938 0.02661632540474758 0.025695483600563986 0.02483619567095535 0.02403251504011625 0.02327923414415779 0.022571773541291563 0.02190609033108012 0.02127860208505492 0.02068612331835234 0.020125812162637393 0.019595125384947485 0.019091780271827667 0.018613722190057507 0.018159096864177254 0.0177262265916327 0.01731358975970695 0.01691980314282445 0.016543606550629343
0.003172561847742613 0.002934185272707887 0.002721568261259357 0.002531153118185171 0.0023599720343606525 0.002205534125814416 0.002065736811731252 0.0019387957404548854 0.0018231889727814837 0.0017176122134959263 0.0016209426698635412 0.0015322096949646315 0.0014505708033950506 0.0013752919682597366 0.0013057313507452185 0.0012413257976957015 0.0011815795835238333 0.0011260549813475209 0.0010743643324239785 0.001026163348629519 0.0009811454342759502 0.0009390368542305177
