15.449813235544054 13.21518508762719
15.449813465764212 13.21518508762719
15.449813235544054 13.215185284548793
10.146603191952579 8.69618200917959
10.14660334314875 8.69618200917959
10.146603191952579 8.6961821387628
12.321865643857613 3.7988948536935077
10.698052435426227 7.475279476012162
10.69805259483963 7.475279476012162
10.698052435426227 7.475279587402506
11.83195308032229 5.0477155979662065
10.988936422175124 6.871904532748321
10.988936585923037 6.871904532748321
10.988936422175124 6.871904635147678
11.564968399867135 5.66240611427125
11.564968572198593 5.66240611427125
11.564968399867135 5.662406198647676
12.176738857891104 4.470585586544257
12.176739039338653 4.470585586544257
12.176738857891104 4.470585653161174
12.826864646795862 3.299246300844648
12.351021854835773 4.184588836645978
12.351022038880341 4.184588836645978
12.351021854835773 4.184588899001211
12.67482793521434 3.598223388980919
12.674828124083994 3.598223388980919
12.67482793521434 3.5982234425986257
13.017065116256342 3.0224208813292064
13.017065310225728 3.0224208813292064
13.017065116256342 3.022420926366787
13.37947922981075 2.459099635322854
13.113780063323512 2.88571537665623
13.113780258734062 2.88571537665623
13.113780063323512 2.88571541965674
13.294172043965643 2.6035320367929367
13.294172242064244 2.6035320367929367
13.294172043965643 2.6035320755885873
13.483427467619865 2.3272150293651364
13.483427668538592 2.3272150293651364
13.483427467619865 2.3272150640433424
13.681093391755153 2.0568506707448906
13.535531550065635 2.2616733739770627
13.535531751760772 2.2616733739770627
13.535531550065635 2.261673407678622
13.633853893346632 2.1261193522520245
13.633854096506887 2.1261193522520245
13.633853893346632 2.1261193839336716
13.660114494631621 2.0935154135362493
13.66011469818319 2.0935154135362493
13.660114494631621 2.09351544473206
0.15445920668061475 13.660114494631621 2.0935154135362493 8.542108810572632e-05
0.028038495664023937 0.026873835063030316 0.025801474756348773 0.024810932163691027 0.02389324364999322 0.023040700856394283 0.022246639744866167 0.021505270539601204 0.02081153966180076 0.020161016889319892 0.019549802551823463 0.01897445075088932 0.01843190548194645 0.017919447208501933 0.01743464795429241 0.016975333375931583 0.016539550586590044 0.01612554074176758 0.015731715587259262 0.015356637318889284 0.014999001222454495 0.014657620657366838
0.002270500964570766 0.0020873485668222204 0.001925333186697272 0.0017813482025928432 0.0016528329345528517 0.0015376623648356003 0.0014340617862592894 0.0013405401935502408 0.0012558378929766946 0.0011788849889411389 0.0011087682580534892 0.0010447045401262344 0.0009860192292187855 0.0009321287832498731 0.0008825264206487373 0.0008367703602355428 0.0007944741025454173 0.0007552983590212882 0.0007189443185048149 0.0006851480045351287 0.000653675526741431 0.0006243190685094312
