4.0893760320161014 2.0040564572230473
4.089376092952553 2.0040564572230473
4.0893760320161014 2.0040564870858155
8.430405139092262 0.6275736543945118
8.430405264715088 0.6275736543945118
8.430405139092262 0.627573669295673
6.669358595323378 2.855743222067341
6.669358694704566 2.855743222067341
6.669358595323378 2.855743264621231
4.087447849443276 11.59019749008944
4.087447910350995 11.59019749008944
4.087447849443276 11.59019766279684
6.153668804720987 11.82342730255084
6.153668896417798 11.82342730255084
6.153668804720987 11.823427478733636
8.937921361863708 6.113773600662297
8.937921495049116 6.113773600662297
8.937921361863708 6.113773691764623
12.167324884516916 0.07561603032691977
9.951259088640098 4.734037657170982
9.951259236925415 4.734037657170982
9.951259088640098 4.73403772771364
11.56113744415292 1.7123841082788904
10.3773869313626 3.9917127840701148
10.377387085997716 3.9917127840701148
10.3773869313626 3.9917128435512703
11.213144017375473 2.497713213973295
10.592879161358994 3.621954906935537
10.592879319205194 3.621954906935537
10.592879161358994 3.621954960906871
11.021108210789228 2.88084018113957
10.702043316425543 3.437909710118075
10.702043475898416 3.437909710118075
10.702043316425543 3.437909761346922
10.91897546265527 3.0689947702958276
10.918975625360684 3.0689947702958276
10.91897546265527 3.068994816027413
11.146857158795292 2.706741100257504
11.146857324896407 2.706741100257504
11.146857158795292 2.7067411405910895
11.385476123630454 2.35146827760865
11.385476293287269 2.35146827760865
11.385476123630454 2.3514683126482576
11.63779972162432 2.0057941669389074
11.452781913463726 2.268298015731808
11.452782084123475 2.268298015731808
11.452781913463726 2.2682980495320826
11.578203766278635 2.0949232596124485
11.578203938807317 2.0949232596124485
11.578203766278635 2.0949232908292377
11.709159678201239 1.9256897039696876
11.709159852681315 1.9256897039696876
11.709159678201239 1.9256897326647002
11.844866913254553 1.7602418463916685
11.744659034739866 1.885669257485682
11.744659209748924 1.885669257485682
11.744659034739866 1.8856692855843435
11.812166896684005 1.802662930127618
11.812167072699008 1.802662930127618
11.812166896684005 1.8026629569893888
11.829949032452037 1.7826815447805946
11.829949208732014 1.7826815447805946
11.829949032452037 1.7826815713446196
0.17980476177254212 11.829949032452037 1.7826815447805946 9.165666258183637e-05
0.03271017330321148 0.03138209332460314 0.030156824537439706 0.029022975788324374 0.02797076423318653 0.026991743628751112 0.026078585432908325 0.025224901216817308 0.024425097642111118 0.023674257294355294 0.02296804018679241 0.022302601895907898 0.021674525161823912 0.021080762453332482 0.020518587511232828 0.01998555428232326 0.01947946196773915 0.018998325153969566 0.01854034818825599 0.018103903113787016 0.017687510602950877 0.017289823425597692
0.0030497456721874172 0.0028101699253758098 0.00259747629526237 0.0024078305553491 0.0022380511436126734 0.0020854816905103947 0.0019478913605982748 0.0018233963566735589 0.001710397653644203 0.0016075312732978036 0.001513628319477826 0.0014276826619102898 0.001348824653160524 0.001276299634230352 0.0012094502637430748 0.0011477019175889348 0.0010905505677057845 0.0010375526729980518 0.0009883167115207984 0.0009424960578136399 0.0008997829677416587 0.0008599034791850211
