11.385547819429405 6.104250922382839
11.38554798908729 6.104250922382839
11.385547819429405 6.104251013343266
7.097078467273032 15.18103267695771
10.409203350824669 8.41627060307555
10.409203505933887 8.41627060307555
10.409203350824669 8.416270728487754
8.483991123006847 12.841778486662527
9.960987895115037 9.536460560014714
9.960988043545324 9.536460560014714
9.960987895115037 9.536460702119049
9.015542948270095 11.756601183926362
9.015543082612155 11.756601183926362
9.015542948270095 11.756601359113372
8.913492380103873 12.09738784517904
8.91349251292526 12.09738784517904
8.913492380103873 12.097388025444166
8.91366008158125 12.098798001860105
8.913660214405136 12.098798001860105
8.91366008158125 12.098798182146245
0.02840438747255991 8.91366008158125 12.098798001860105 3.499990955786586e-05
0.027509462375367878 0.02637569255754185 0.02533123353260203 0.024365991171459735 0.023471328950929276 0.022639815420946344 0.02186502214597712 0.0211413607882432 0.020463950804139378 0.019828511275495668 0.019231271911638294 0.018668899387187174 0.018138436029722284 0.01763724851555455 0.017162984724258423 0.016713537281912 0.01628701261721694 0.015881704584454426 0.015496071887841767 0.015128718684676702 0.014778377858255897 0.014443896542410689
0.002404137712130081 0.0022148953771270663 0.002046993778236064 0.0018973641925728764 0.0017634664014540228 0.001643183838386842 0.0015347420774588366 0.0014366449414173143 0.0013476240309474134 0.0012665985639068833 0.001192643197881618 0.0011249620811534559 0.001062867797616856 0.001005764183067707 0.0009531322235552862 0.0009045184223188944 0.0008595251553531524 0.0008178026377554584 0.0007790422016215795 0.0007429706471654085 0.0007093454762213185 0.0006779508545184105
