14.265414885625246 8.803415178829656
14.265415098196492 8.803415178829656
14.265414885625246 8.803415310010765
9.556724321938466 5.917555228433848
9.556724464344756 5.917555228433848
9.556724321938466 5.917555316612292
7.466637643760478 10.247757688477833
9.04014341800474 7.002953265512997
9.040143552713374 7.002953265512997
9.04014341800474 7.002953369865133
8.04714212589235 9.192411497743095
8.047142245804112 9.192411497743095
8.04714212589235 9.1924116347207
6.227743867072126 13.643131174724562
7.6207754113312705 10.31631369718869
7.620775524889673 10.31631369718869
7.6207754113312705 10.316313850913744
6.734197934196878 12.550985774665616
6.734198034544247 12.550985774665616
6.734197934196878 12.550985961689879
5.934639827656299 14.824261554477221
5.934639916089323 14.824261554477221
5.934639827656299 14.824261775375932
5.979310437877207 14.791471651003953
5.979310526975876 14.791471651003953
5.979310437877207 14.791471871414055
5.98605390671785 14.772134025932285
5.986053995917004 14.772134025932285
5.98605390671785 14.772134246054236
0.024181070383382353 5.98605390671785 14.772134025932285 8.775582229790773e-05
0.03235320753736976 0.03106934710496084 0.029883488914841848 0.028784877164584027 0.027764267392268713 0.026813671171204295 0.02592615065665178 0.025095652028796937 0.024316869534394454 0.02358513378587798 0.02289631943065916 0.02224676839379822 0.0216332257221698 0.02105278568742295 0.020502846288602435 0.019981070669675725 0.019485354259054257 0.019013796667198758 0.01856467755920931 0.01813643586290695 0.01772765178761714 0.0173370312209733
0.0033773399249627896 0.0031300389901072786 0.0029088940216075694 0.0027103598503682683 0.002531469655279305 0.002369725712362645 0.002223013424478979 0.002089533139618975 0.0019677456798457863 0.0018563285240341609 0.001754140332475884 0.0016601920501380883 0.0015736232332268013 0.00149368254947481 0.0014197116336493929 0.0013511316557394705 0.0012874320942428382 0.0012281613111962853 0.0011729186065963604 0.0011213474932068354 0.001073129982579492 0.0010279817125310774
