7.927433679651523 9.158171113360575
7.92743379777949 9.158171113360575
7.927433679651523 9.158171249827959
6.8023284381681135 7.852872154463189
6.8023285395307065 7.852872154463189
6.8023284381681135 7.852872271480103
7.675230762090451 5.792272690135912
7.675230876460302 5.792272690135912
7.675230762090451 5.792272776447501
9.06290097594978 2.966182703938216
8.051156516988385 5.1007485373857175
8.051156636959966 5.1007485373857175
8.051156516988385 5.100748613392794
8.757263368254918 3.693795651634285
8.232394910156705 4.751414740566859
8.232395032828949 4.751414740566859
8.232394910156705 4.751414811368456
8.591367595207279 4.050940302475049
8.591367723228633 4.050940302475049
8.591367595207279 4.050940362838763
8.974027285663178 3.3631195494204102
8.69308549999426 3.8824949640555038
8.693085629531328 3.8824949640555038
8.69308549999426 3.882495021909187
8.883416037250393 3.5380305343303067
8.883416169623608 3.5380305343303067
8.883416037250393 3.53803058705107
9.081515675755458 3.1979746712985446
9.081515811080587 3.1979746712985446
9.081515675755458 3.197974718952081
9.106891859734562 3.162801780965569
9.106891995437826 3.162801780965569
9.106891859734562 3.162801828094988
0.10512724608987267 9.106891859734562 3.162801780965569 0.00010911891309898745
0.03779776495075536 0.03630875257624314 0.034931679048268584 0.033654511381586046 0.03246686345992157 0.03135972656678376 0.030325250602835307 0.029356565317468115 0.028447633350058624 0.027593128726411727 0.026788335853735072 0.026029065121601642 0.025311582032259586 0.024632547413531446 0.023988966757018546 0.02337814710707959 0.022797660227154348 0.022245311008235555 0.02171911027382292 0.02121725128727335 0.020738089389305926 0.020280124291838494
0.004100182845667541 0.0037894863963431826 0.003512393401314541 0.003264290961488796 0.00304132077562391 0.002840237696601864 0.0026582978720783874 0.002493169694490996 0.0023428624602926775 0.002205668871019535 0.0020801184229714918 0.00196493941514481 0.0018590278187061 0.0017614216402755574 0.0016712797077664753 0.0015878640349184716 0.0015105250961137786 0.0014386894792280424 0.001371849490528297 0.0013095543690036322 0.0012514028332680199 0.0011970367362924097
