13.741233541893186 2.8798174107012304
13.741233746653522 2.8798174107012304
13.741233541893186 2.8798174536138537
11.812519094089797 2.4823553641822604
11.812519270110048 2.4823553641822604
11.812519094089797 2.4823554011722377
13.496239917510099 0.05432082612520839
12.244378472945987 1.8830731289457967
11.931063653023617 2.3407580651854567
11.93106383081032 2.3407580651854567
11.931063653023617 2.34075810006547
12.145456921895008 2.0400157229609928
11.985469905827893 2.2661550388406875
11.985470084425312 2.2661550388406875
11.985469905827893 2.266155072609029
12.093798678058365 2.116597409001743
12.012800079809045 2.2289465107703617
12.012800258813716 2.2289465107703617
12.012800079809045 2.228946543984253
12.067237696553104 2.15436636752011
12.067237876368958 2.15436636752011
12.067237696553104 2.1543663996226705
12.122687443982807 2.08053563276836
12.08137260427878 2.136116501045621
12.08137278430526 2.136116501045621
12.08137260427878 2.1361165328762373
0.15341034651208463 12.08137260427878 2.136116501045621 6.93706354492193e-05
0.03150524458836372 0.030217383466276802 0.029029908899358157 0.02793161772908794 0.026912900555313566 0.02596547035944674 0.02508214430419573 0.024256667034673583 0.02348356662314656 0.022758036380516922 0.02207583730819683 0.021433217129269194 0.020826842720578602 0.020253743441271885 0.01971126337149797 0.019197020876223467 0.018708874221877687 0.01824489221886536 0.01780332905658099 0.017382602651211523 0.016981275949239864 0.01659804072794018
0.002799308264853275 0.0025776541420245943 0.0023810797604132098 0.0022059761075267324 0.002049354288048374 0.0019087232084299658 0.001781994226352087 0.001667406247563081 0.0015634664550915516 0.001468903082986867 0.0013826275391816468 0.0013037038366363156 0.0012313237759532193 0.0011647866833752619 0.001103482778940143 0.0010468794544002023 0.0009945098964984898 0.0009459636107527291 0.0009008784931245092 0.000858934168523336 0.0008198463709630555 0.0007833621840417176
