9.647975870165865 9.55302514932059
9.64797601393191 9.55302514932059
9.647975870165865 9.553025291671757
7.448413966738258 7.393620623407035
7.448414077728275 7.393620623407035
7.448413966738258 7.393620733580567
6.6992334160111655 9.087696295964387
6.6992335158375225 9.087696295964387
6.6992334160111655 9.087696431381614
5.764175854938893 11.464347224232508
5.764175940831806 11.464347224232508
5.764175854938893 11.464347395064594
5.851410839216439 11.35432682182314
5.8514109264092555 11.35432682182314
5.851410839216439 11.354326991015794
5.864296342513429 11.320580191956507
5.864296429898253 11.320580191956507
5.864296342513429 11.320580360646298
0.030756900176481694 5.864296342513429 11.320580191956507 0.00011545028444553236
0.036157602961174595 0.0347491886039003 0.033446356083834825 0.0322377374075541 0.031113529980558878 0.030065237751581826 0.029085461779358283 0.02816772961356277 0.02730635539283282 0.02649632442780811 0.025733197434661872 0.02501303064076191 0.02433230878868732 0.023687888682438492 0.023076951397189304 0.02249696164565759 0.0219456330854331 0.021420898581235796 0.020920884618192703 0.02044388920746246 0.019988362741996654 0.019552891354084702
0.004142133747829641 0.003842892717427242 0.003574871339476469 0.0033338998025611243 0.003116477761579052 0.002919650066442187 0.002740908469463691 0.0025781133101706257 0.0024294306864922795 0.0022932817220951574 0.002168301349538474 0.002053304630053603 0.001947259080654008 0.0018492618186698707 0.0017585205917444008 0.0016743379587696484 0.0015960980393939788 0.001523255367744561 0.001455325478100236 0.00139187692253621 0.001332524477619647 0.001276923342511789
