6.559500178314374 5.837548561959432
6.559500276058543 5.837548561959432
6.559500178314374 5.837548648945684
5.94871505942913 14.597169406555919
5.948715148071892 14.597169406555919
5.94871505942913 14.597169624070693
7.437746773740964 15.943484537881469
7.437746884572028 15.943484537881469
7.437746773740964 15.943484775457902
8.640148218016835 13.650658983231981
8.640148346765075 13.650658983231981
8.640148218016835 13.65065918664265
9.004556005679934 12.838973180360204
9.004556139858275 12.838973180360204
9.004556005679934 12.838973371675813
9.041778592281185 12.755873435160336
9.041778727014185 12.755873435160336
9.041778592281185 12.755873625237662
0.028124935721998923 9.041778592281185 12.755873435160336 3.569913110132679e-05
0.027298249760563918 0.026169407799709554 0.025129790608295448 0.024169277902468655 0.0232792162164165 0.02245216378707551 0.02168168663528327 0.020962194300607643 0.02028880655529745 0.019657244516755653 0.019063741122166383 0.018504967078615205 0.017977969265725154 0.017480119222156646 0.017009069847016004 0.01656271883172211 0.01613917763587727 0.015736745053214842 0.015353884596312452 0.014989205073060783 0.01464144384257404 0.014309452329898227
0.002219416738115251 0.0020441886480040902 0.0018887818939904966 0.0017503370367020384 0.0016264887657853567 0.0015152675188914563 0.0014150230825015508 0.0013243647656748436 0.0012421141830093213 0.0011672677135549506 0.0010989664448597517 0.0010364719515554633 0.0009791466546476993 0.0009264378016385168 0.0008778643272270917 0.0008330060197089762 0.0007914945436572685 0.0007530059653318261 0.0007172545010057348 0.0006839872654921436 0.0006529798426305957 0.0006240325343422847
