6.669418536062741 10.222959650595445
6.6694186354448215 10.222959650595445
6.669418536062741 10.222959802929415
8.357893363328795 12.270810402844692
8.357893487871111 12.270810402844692
8.357893363328795 12.270810585694015
10.55149834990437 8.425408326382982
10.551498507133948 8.425408326382982
10.55149834990437 8.42540845193135
12.05724883266158 5.4401466279999315
12.057249012328588 5.4401466279999315
12.05724883266158 5.440146709064433
12.874424699467076 4.001886726295998
12.874424891310953 4.001886726295998
12.874424699467076 4.0018867859287575
13.235273492852551 3.418335979008923
13.235273690073495 3.418335979008923
13.235273492852551 3.4183360299460985
13.36151567998486 3.221295642558976
13.361515879086959 3.221295642558976
13.36151567998486 3.2212956905600216
13.388157002551802 3.179771003473309
13.388157202050888 3.179771003473309
13.388157002551802 3.179771050855589
0.1075667806532129 13.388157002551802 3.179771003473309 4.084808763063626e-05
0.027579344263119247 0.026429520576837392 0.025371178108374123 0.024393883793391236 0.023488723080686 0.022648035091675234 0.021865200991890262 0.02113447358339625 0.020450839099715973 0.01980990435844955 0.019207804031629534 0.01864112398968986 0.01810683757378243 0.01760225233239093 0.017124965278517396 0.01667282512411213 0.016243900258705243 0.015836451481274376 0.01544890868445327 0.015079850840331706 0.014727988756395957 0.014392150165473048
0.002090461134004167 0.001921149905059756 0.00177146388231172 0.001638504944850646 0.001519886885800959 0.0014136314362026485 0.0013180879303376595 0.0012318707101635772 0.0011538099612389116 0.001082912806158434 0.0010183322954664905 0.0009593425260181031 0.0009053185483223954 0.0008557200428155703 0.000810077981881459 0.0007679836720381241 0.0007290797048714764 0.000693052447373484 0.0006596257805388218 0.000628555855369427 0.0005996266822199402 0.0005726464059341163
