3.1134391728671167 5.078536585749296
3.1134392192609757 5.078536585749296
3.1134391728671167 5.078536661425388
3.5796580453615365 11.017196139795782
3.579658098702598 11.017196139795782
3.5796580453615365 11.017196303964798
4.716577435668732 14.607416723543164
4.7165775059512125 14.607416723543164
4.716577435668732 14.607416941210635
6.043977796641628 13.13489603521636
6.043977886703916 13.13489603521636
6.043977796641628 13.134896230941564
6.497791649350245 12.191138502429482
6.497791746174886 12.191138502429482
6.497791649350245 12.191138684091602
6.501984570538223 12.204489963163255
6.501984667425344 12.204489963163255
6.501984570538223 12.204490145024327
0.028127444640449584 6.501984570538223 12.204489963163255 0.0001007877715017083
0.03296908430894071 0.03166013463476565 0.030450928574817883 0.029330552515213975 0.028289619707524385 0.027320013782650417 0.02641468200684906 0.025567467435236784 0.02477297172552312 0.024026442300667337 0.023323678985081465 0.022660956319065614 0.022034958575343006 0.021442725127793064 0.02088160430478676 0.020349214233630675 0.01984340947475065 0.019362252473818203 0.018903989041538182 0.018467027215163145 0.018049918971229286 0.017651344351795394
0.0035536167502805997 0.0032899262647628894 0.003054401551152853 0.0028431966881711716 0.0026530962672784673 0.00248139600304657 0.0023258087794106844 0.002184390148109654 0.0020554788280966927 0.001937648864579284 0.0018296709179967238 0.0017304807522590887 0.0016391534374969787 0.0015548821172583706 0.0014769604432395952 0.0014047679735272158 0.0013377579783293912 0.0012754472114910103 0.0012174072949412973 0.0011632574327042652 0.0011126582257466198 0.0010653064021492959
