4.348230185914203 7.177077889563689
4.348230250707882 7.177077889563689
4.348230185914203 7.177077996510484
7.048915261235002 7.138981540160878
7.048915366272024 7.138981540160878
7.048915261235002 7.1389816465399925
11.408074291511358 0.05966258810247638
8.7886778795104 6.001807389331352
8.788678010471907 6.001807389331352
8.7886778795104 6.001807478765252
10.735782776829764 2.3291328069747492
9.385723180716512 5.151206623623059
9.385723320574687 5.151206623623059
9.385723180716512 5.151206700382019
10.331973294172883 3.300652722747127
10.331973448131283 3.300652722747127
10.331973294172883 3.300652771930685
10.648430413195399 2.8885227912947666
10.648430571869378 2.8885227912947666
10.648430413195399 2.8885228343371105
11.209545596346807 2.0138031187408716
10.79273723212213 2.6724797651263965
10.792737392946448 2.6724797651263965
10.79273723212213 2.6724798049494485
11.080151370302882 2.2395949054318427
11.080151535410003 2.2395949054318427
11.080151370302882 2.2395949388044074
11.394419049548862 1.825793003115887
11.165218576807614 2.1414198975954997
11.165218743182336 2.1414198975954997
11.165218576807614 2.1414199295051426
11.321242135313682 1.9336804060782558
11.321242304013335 1.9336804060782558
11.321242135313682 1.933680434892339
11.486371572160593 1.7331029491411378
11.486371743320866 1.7331029491411378
11.486371572160593 1.7331029749663842
11.53220578418023 1.687082133686768
11.532205956023487 1.687082133686768
11.53220578418023 1.6870821588262508
11.446666213086976 1.7848458466040213
11.510984634861192 1.7116653684864371
11.51098480638823 1.7116653684864371
11.510984634861192 1.7116653939922386
11.48973805585768 1.736226628476187
11.48973822706812 1.736226628476187
11.48973805585768 1.7362266543479798
11.49509430117384 1.7301251799317499
11.495094472464093 1.7301251799317499
11.49509430117384 1.730125205712624
0.1898051941386778 11.49509430117384 1.7301251799317499 0.00010065410586406624
0.03419424813686944 0.03281336228207214 0.03153880009868393 0.030358847481724797 0.029263434555605348 0.028243859583722643 0.027292566201869234 0.026402962441182145 0.025569272747489147 0.024786416239536865 0.024049905973192086 0.023355765129851224 0.022700456923183173 0.0220808256896981 0.02149404714685292 0.02093758620509289 0.020409161035146464 0.01990671233967336 0.019428376974467 0.01897246522047639 0.018537441132780413 0.018121905493064767
0.003160486210785949 0.0029137720363529157 0.002694559192717559 0.002498952347600583 0.0023237143909204594 0.002166138860569041 0.0020239499825554282 0.0018952237764499206 0.0017783253546572802 0.0016718587625773862 0.0015746265992096905 0.0014855973167178466 0.0014038785877599498 0.0013286954968870716 0.0012593725897320368 0.001195319024562352 0.0011360162320805179 0.0010810076135402307 0.001029889903430897 0.0009823058979124978 0.0009379383088812754 0.0008965045497770633
