12.372834597721424 7.76577126666918
12.372834782091026 7.76577126666918
12.372834597721424 7.7657713823881895
11.290611178909852 7.102814318796544
11.29061134715307 7.102814318796544
11.290611178909852 7.102814424636725
9.190039583847815 11.552322966197313
10.76481832798254 8.215164287256462
10.764818488390834 8.215164287256462
10.76481832798254 8.21516440967195
9.847369550308478 10.265900791384107
9.84736969704572 10.265900791384107
9.847369550308478 10.26590094435795
8.126503039101987 14.41650897894858
9.436984382026452 11.3115547164035
9.436984522648478 11.3115547164035
9.436984382026452 11.311554884958799
8.59388791753639 13.393962174270875
8.5938880455953 13.393962174270875
8.59388791753639 13.393962373856464
7.311527564346073 16.825199949975058
8.290938492088832 14.258159311748404
8.290938615633443 14.258159311748404
8.290938492088832 14.258159524211534
7.657023596295039 15.97647595663787
7.657023710393582 15.97647595663787
7.657023596295039 15.976476194705914
7.440278984393553 16.642054160955617
7.440279095262349 16.642054160955617
7.440278984393553 16.642054408941547
7.431943704404706 16.673035373905602
7.431943815149297 16.673035373905602
7.431943704404706 16.67303562235319
0.021194616477113515 7.431943704404706 16.673035373905602 3.5418056055561985e-05
0.027322268115890155 0.026203894824039713 0.025173217010146434 0.024220355492599276 0.02333685494457056 0.022515437331996936 0.021749804678360674 0.021034480055073714 0.020364678453373548 0.01973620120589446 0.019145349109932167 0.01858885050926078 0.018063801421517162 0.017567615427294805 0.017097981517736116 0.01665282846743298 0.016230294586367693 0.015828701928637064 0.015446534211735757 0.015082417839360337 0.014735105531393565 0.014403462153262186
0.002458689335143989 0.0022697061737024724 0.0021015883873956647 0.0019513924878906495 0.0018166734189862602 0.0016953870857396261 0.0015858143296131786 0.0014865011387129846 0.0013962112610151813 0.0013138883742812946 0.0012386256787827194 0.0011696412990120971 0.0011062582637955296 0.0010478881191529434 0.0009940174418795662 0.0009441966832569691 0.0008980308952133674 0.0008551719854984737 0.0008153122211911602 0.0007781787563795501 0.0007435290040336735 0.0007111467068206511
