10.196023873768551 1.7162260680651444
10.196024025701146 1.7162260680651444
10.196023873768551 1.7162260936389058
11.766173382811278 0.14150140504126352
10.662950926266712 1.4144818378584103
10.662951085157061 1.4144818378584103
10.662950926266712 1.4144818589358321
11.465344834299477 0.6447768114862279
10.872342110394122 1.2316624044982247
10.872342272404644 1.2316624044982247
10.872342110394122 1.2316624228514248
11.295077550875112 0.8706011906036588
10.981569097081726 1.1457184187851417
10.981569260719857 1.1457184187851417
10.981569097081726 1.1457184358576766
10.768140617392797 1.3238079952967692
10.929240977085579 1.191445803172891
10.92924113994396 1.191445803172891
10.929240977085579 1.1914458209268168
11.035465550075179 1.1018174405063683
10.956101880474938 1.1694049700346776
10.956102043733578 1.1694049700346776
10.956101880474938 1.1694049874601695
10.929557458026261 1.191825944437795
10.929557620889359 1.191825944437795
10.929557458026261 1.1918259621973855
10.956099967166038 1.1694027050446139
10.936261620645375 1.1863022810613375
10.936261783608373 1.1863022810613375
10.936261620645375 1.186302298738619
0.2537603254557328 10.936261620645375 1.1863022810613375 0.00010549664337429769
0.03666005488880529 0.0352068262192357 0.033863474649230306 0.032618120615739515 0.03146051983429795 0.03038179417604808 0.02937421345927511 0.02843101737326551 0.027546269259815483 0.02671473535393133 0.025931784500353623 0.025193304437977813 0.024495631567522623 0.02383549175242658 0.023209950195418643 0.022616368817788918 0.022052369870543338 0.021515804745409064 0.021004727143411363 0.02051736991033999 0.020052124970156862 0.019607525885631208
0.003930623423367252 0.003630427809188047 0.0033629506500454194 0.0031236655580540434 0.0029087924034438555 0.0027151563322154997 0.002540076503526247 0.0023812776876544085 0.0022368195741566473 0.0021050398940864047 0.0019845083878592172 0.001873989341625799 0.0017724109337806505 0.0016788400252150963 0.0015924613250626956 0.0015125600918910551 0.0014385077060408325 0.001369749584957554 0.0013057950194274115 0.0012462085917118635 0.0011906029020001972 0.0011386323813791146
