5.926361892881928 4.033675378614302
5.926361981191603 4.033675378614302
5.926361892881928 4.033675438720749
4.69942161743057 10.33257695663211
4.699421687457409 10.33257695663211
4.69942161743057 10.332577110599505
6.218875669175408 9.100500328570517
6.218875761843877 9.100500328570517
6.218875669175408 9.10050046417854
7.160432767665152 7.19769669556349
7.160432874363915 7.19769669556349
7.160432767665152 7.1976968028175285
7.3985652229420635 6.7529695276353365
7.398565333189277 6.7529695276353365
7.3985652229420635 6.752969628262424
7.411536657365179 6.729935454509166
7.411536767805681 6.729935454509166
7.411536657365179 6.729935554793019
0.05168109301370327 7.411536657365179 6.729935454509166 9.931329390215361e-05
0.037586285299677454 0.0361110276631179 0.03474655129947068 0.03348094414010178 0.03230392729074464 0.031206586943393236 0.03018115695174031 0.029220841336688542 0.028319668489473634 0.027472370709108542 0.026674284119355143 0.02592126508012423 0.025209620026672007 0.024536046300661987 0.023897582026475597 0.023291563468231573 0.022715588603166224 0.02216748588426959 0.021645287353630235 0.02114720541861048 0.020671612723991907 0.020217024650913597
0.004073691151405464 0.0037694953917370186 0.0034978299235953365 0.0032542677786796988 0.0030351018700782544 0.002837210470434992 0.0026579508245595396 0.0024950744341987294 0.0023466591599911866 0.002211054464741716 0.002086836994206545 0.001972774341569336 0.0018677953298759137 0.0017709655158281927 0.001681466899415825 0.0015985810392951862 0.0015216749399782777 0.0014501892058125067 0.0013836280573380699 0.0013215508845558662 0.0012635650739183952 0.001209319895238807
