12.802783145558449 6.692306668845336
12.802783336334784 6.692306668845336
12.802783145558449 6.692306768568477
9.880224001812632 5.174580148226151
9.880224149039442 5.174580148226151
9.880224001812632 5.174580225333404
11.892846119325075 1.2382343298587344
10.3959593407242 4.197027747046192
10.395959495636067 4.197027747046192
10.3959593407242 4.197027809586779
11.46401624165742 2.261667056170031
10.672672646178148 3.7186684095200153
10.672672805213363 3.7186684095200153
10.672672646178148 3.7186684649324926
11.22300506863733 2.760166525512925
10.81346739778395 3.4809157749947723
10.813467558917171 3.4809157749947723
10.81346739778395 3.4809158268644596
11.09323330776199 3.0043353045305565
11.093233473064048 3.0043353045305565
11.09323330776199 3.0043353492986413
11.391316027436876 2.5389917739588337
11.391316197180712 2.5389917739588337
11.391316027436876 2.5389918117927595
11.709020359236352 2.086817176298171
11.476647945249894 2.4303371232152475
11.476648116265276 2.4303371232152475
11.476647945249894 2.430337159430093
11.634603082965434 2.203622210223847
11.634603256334529 2.203622210223847
11.634603082965434 2.203622243060377
11.800901277100547 1.982954161039481
11.800901452947679 1.982954161039481
11.800901277100547 1.9829541905878005
11.974725756137591 1.7681646645762386
11.84678156150567 1.9313126870639112
11.846781738036473 1.9313126870639112
11.84678156150567 1.9313127158427128
11.933185006714464 1.8235081696172406
11.933185184532777 1.8235081696172406
11.933185006714464 1.8235081967896298
12.022462216908243 1.7180712260638833
12.022462396056891 1.7180712260638833
12.022462216908243 1.7180712516651395
12.000935128442821 1.7450813176051574
12.000935307270689 1.7450813176051574
12.000935128442821 1.7450813436088954
11.956055427498944 1.7975946947071177
11.989770454970682 1.7582566814322793
11.989770633632183 1.7582566814322793
11.989770454970682 1.7582567076323457
0.1859596040702396 11.989770454970682 1.7582566814322793 0.00012392295281475456
0.03272113015316023 0.0313901355947253 0.03016237129799018 0.029026377198439094 0.027972314587822344 0.02699169161765156 0.02607714227118511 0.025222247136657022 0.024421387112244987 0.023669623244300674 0.02296259744689147 0.02229645001518613 0.02166775072899571 0.021073441018582904 0.020510785185340205 0.019977329073551653 0.01947086490448562 0.018989401231489914 0.018531137170246483 0.018094440213669006 0.01767782706501871 0.017279947022466057
0.0029311957298503747 0.002700433851401981 0.002495623985871905 0.0023130556468818836 0.0021496515570358856 0.00200284364528857 0.0018704761763721363 0.0017507295054126249 0.0016420596369120554 0.0015431499864742258 0.0014528726329360452 0.0013702570026154378 0.0012944644122700585 0.0012247672595863642 0.001160531922601763 0.0011012046360329396 0.001046299770085183 0.0009953900583381673 0.0009480984148119225 0.0009040910529983703 0.000863071676461192 0.0008247765552669708
