5.115722032165637 12.253009582323788
5.115722108395836 12.253009582323788
5.115722032165637 12.253009764907858
8.217535324210216 8.55416269127167
8.217535446661035 8.55416269127167
8.217535324210216 8.554162818738629
12.423162937312364 0.15823917281071864
9.632428365807161 6.6808621574313705
9.63242850934153 6.6808621574313705
9.632428365807161 6.680862256983974
11.685785089428713 2.458489009243088
10.190711737753743 5.64833420191665
10.190711889607181 5.64833420191665
10.190711737753743 5.648334286083388
11.240696245700658 3.5486414286002086
10.4609172784559 5.127337521167417
10.460917434335714 5.127337521167417
10.4609172784559 5.127337597570699
10.996490251490014 4.082849180941996
10.996490415350488 4.082849180941996
10.996490251490014 4.08284924178119
11.576577350321081 3.0624114022993147
11.576577522825525 3.0624114022993147
11.576577350321081 3.0624114479328006
12.214592411134001 2.077154540111926
11.752126271172497 2.8272631080627435
11.752126446292824 2.8272631080627435
11.752126271172497 2.827263150192247
12.070451867826394 2.334193751792448
11.833158183147171 2.7049444046059747
11.833158359474968 2.7049444046059747
11.833158183147171 2.7049444449127873
11.99440498767601 2.4597677092948085
11.994405166406573 2.4597677092948085
11.99440498767601 2.4597677459482035
12.163381571050897 2.219853019945832
12.163381752299406 2.219853019945832
12.163381571050897 2.2198530530242198
12.339474755326869 1.9851120257713715
12.339474939199372 1.9851120257713715
12.339474755326869 1.9851120553518458
12.388324749535297 1.9303791557640284
12.38832493413572 1.9303791557640284
12.388324749535297 1.9303791845289193
12.29707698022341 2.045278592530364
12.365697665948217 1.959249856079302
12.36569785021147 1.959249856079302
12.365697665948217 1.9592498852743998
0.16432405261278915 12.365697665948217 1.959249856079302 8.902183330464066e-05
0.030986890887671866 0.029717954602798226 0.02854811002357171 0.02746627733866968 0.026462956100486556 0.02552995573930573 0.024660178997454815 0.02384744663873633 0.0230863546049302 0.022372156869591393 0.021700668786950848 0.02106818689590418 0.0204714220189205 0.01990744316695559 0.019373630277332826 0.018867634210800524 0.018387342745017913 0.017930851545589224 0.017496439288128447 0.017082546257449083 0.016687755871722682 0.016310778677089858
0.0027619179990178225 0.002542769967813194 0.002348472513214498 0.0021754412577044717 0.0020207092294793855 0.0018818047652284019 0.0017566564028660475 0.0016435182222336731 0.0015409108056560876 0.001447574224171916 0.0013624303516540392 0.0012845524658487058 0.0012131405805995371 0.0011475013148402368 0.0010870313750214393 0.0010312039324935443 0.0009795573332527492 0.0009316856968679377 0.0008872310534597319 0.0008458767390012197 0.0008073418249124582 0.0007713764016225022
