12.713512599562481 4.202833773743718
12.713512789008583 4.202833773743718
12.713512599562481 4.2028338363708215
12.34447944760822 4.079655270731578
12.344479631555298 4.079655270731578
12.34447944760822 4.079655331523179
14.340976532625218 0.47674703412653585
12.844083742413318 3.179194376603096
12.469859985334871 3.854806737632019
12.469860171150264 3.854806737632019
12.469859985334871 3.8548067950731157
12.724070469103909 3.4070505559298536
12.724070658707333 3.4070505559298536
12.724070469103909 3.407050606698863
12.990621282704115 2.9665290103958593
12.990621476279458 2.9665290103958593
12.990621282704115 2.9665290546005862
13.269766869094 2.5338786782457055
13.269767066828935 2.5338786782457055
13.269766869094 2.53387871600344
13.34883795780329 2.432305805638206
13.348838156716477 2.432305805638206
13.34883795780329 2.432305841882387
13.496031087592021 2.2210918747040798
13.496031288698555 2.2210918747040798
13.496031087592021 2.2210919078009277
13.650282210970351 2.0149760504348824
13.650282414375408 2.0149760504348824
13.650282210970351 2.0149760804603654
13.810868028900538 1.813756426249415
13.810868234698509 1.813756426249415
13.810868028900538 1.8137564532764918
13.85522105313445 1.7671181305991772
13.855221259593332 1.7671181305991772
13.85522105313445 1.7671181569312893
13.938712170502969 1.6691460996925551
13.938712378205965 1.6691460996925551
13.938712170502969 1.6691461245647703
14.024987027478382 1.5736163421649447
14.024987236466973 1.5736163421649447
14.024987027478382 1.5736163656136555
14.113459479932795 1.4801181567487909
14.11345969023973 1.4801181567487909
14.113459479932795 1.48011817880427
14.136957911160335 1.4581317046746667
14.136958121817424 1.4581317046746667
14.136957911160335 1.4581317264025222
0.21407668819117687 14.136957911160335 1.4581317046746667 5.554668701705357e-05
0.028164196173037753 0.026994988122393208 0.025918384734231262 0.024923875621335502 0.02400247233468346 0.023146444364297095 0.022349107880073917 0.02160465539907226 0.020908017476060956 0.020254749647263398 0.01964093943561974 0.01906312940437431 0.018518253133235966 0.01800358166506419 0.017516678486427087 0.01705536150255123 0.0166176707753866 0.016201841034258948 0.01580627815782949 0.015429538975738143 0.01507031385733668 0.014727411650107172
0.0022911308008108124 0.002106445283261936 0.0019430575523058035 0.0017978399012410005 0.0016682137941076904 0.0015520390358206072 0.0014475279702995433 0.0013531785032283334 0.0012677214093749119 0.001190078570625054 0.0011193296451122673 0.0010546852887046813 0.0009954655053879397 0.0009410820397579227 0.0008910239758186536 0.0008448458948246707 0.0008021580875905751 0.0007626184254288125 0.0007259255773040507 0.0006918133252121188 0.0006600457798411186 0.0006304133376864871
