7.445220141794186 13.89675894926353
7.445220252736611 13.89675894926353
7.445220141794186 13.896759156341375
6.995132293443245 12.757108712656043
6.995132397678838 12.757108712656043
6.995132293443245 12.757108902751776
10.678126420879755 2.7837636645827377
7.915587502393847 10.262396623339697
7.915587620345292 10.262396623339697
7.915587502393847 10.262396776261323
8.822684770261212 8.135141477310356
8.82268490172946 8.135141477310356
8.822684770261212 8.13514159853341
10.71219172859477 3.9135395191513362
9.316409861622338 7.0895576635581365
9.316410000447663 7.0895576635581365
9.316409861622338 7.089557769200778
10.290016147309487 4.991908810639417
10.290016300642677 4.991908810639417
10.290016147309487 4.991908885024655
11.384745801867806 2.9548504184691367
10.592595832915782 4.499264894394182
10.59259599075776 4.499264894394182
10.592595832915782 4.4992649614384534
11.138208342775528 3.4797959314018136
11.138208508747766 3.4797959314018136
11.138208342775528 3.4797959832548138
11.739183307317804 2.4919502605535797
11.739183482245267 2.4919502605535797
11.739183307317804 2.4919502976865324
11.930120004087515 2.2749103992021835
11.930120181860156 2.2749103992021835
11.930120004087515 2.27491043310099
12.27026037698436 1.8074095745177334
12.017039247238621 2.1594295520143083
12.01703942630646 2.1594295520143083
12.017039247238621 2.159429584192316
12.190182526079525 1.927946229545965
12.1901827077274 1.927946229545965
12.190182526079525 1.9279462582746025
12.239027598867773 1.8746841033341035
12.239027781243497 1.8746841033341035
12.239027598867773 1.8746841312690736
12.33052439381513 1.7627952414596897
12.2620827776115 1.8468608659385521
12.262082960330773 1.8468608659385521
12.2620827776115 1.8468608934589237
0.17544070721782346 12.2620827776115 1.8468608659385521 6.037931364754707e-05
0.03163634340826592 0.030343810128133916 0.02915197238609578 0.028049599061679305 0.027027055792581495 0.026076033261977626 0.025189328692350306 0.024360668872284285 0.023584565857661135 0.02285619856827193 0.0221713150508798 0.021526151344854017 0.020917363769316005 0.0203419721247989 0.019797311820847388 0.019280993342480277 0.018790867781438125 0.018324997403688707 0.017881630418462913 0.017459179267928313 0.017056201879392652 0.016671385420447205
0.0028153720102668985 0.002592586845056032 0.002394992482781722 0.0022189665277980862 0.002061508526487136 0.0019201173908436108 0.001792695821566724 0.0016774752105745358 0.0015729562044516031 0.0014778613373120216 0.0013910970341661682 0.0013117229407741606 0.0012389270203808365 0.00117200521883874 0.0011103447708383752 0.0010534104251215797 0.0010007330228103614 0.0009518999827803094 0.0009065473404326796 0.000864353057958891 0.0008250313801989308 0.0007883280541653144
