11.311842002293979 12.97327964818215
11.31184217085356 12.97327964818215
11.311842002293979 12.97327984149908
9.666191587823729 11.067006913478021
9.666191731861208 11.067006913478021
9.666191587823729 11.067007078389276
13.65042603388035 1.4121118074524315
10.662654419684568 8.655121929319726
10.6626545785705 8.655121929319726
10.662654419684568 8.655122058291093
11.199334094194372 7.544747163437975
11.199334261077455 7.544747163437975
11.199334094194372 7.544747275863469
12.246305341140173 5.311435724559743
12.246305523624343 5.311435724559743
12.246305341140173 5.311435803706303
13.40911599804761 3.136188577420343
12.56532824099353 4.783739137680616
12.565328428231512 4.783739137680616
12.56532824099353 4.783739208963884
13.1448326179947 3.6951015162585987
13.14483281386797 3.6951015162585987
13.1448326179947 3.6951015713199022
13.777505761334675 2.636478879321708
13.315837553524226 3.438553008889672
13.315837751945667 3.438553008889672
13.315837553524226 3.4385530601281045
13.631271129463816 2.9087030701289995
13.631271332585584 2.9087030701289995
13.631271129463816 2.9087031134720527
13.969393462817933 2.3930359428832424
13.969393670978118 2.3930359428832424
13.969393462817933 2.393035978542257
14.067978781596526 2.274520580699711
14.067978991225745 2.274520580699711
14.067978781596526 2.2745206145927086
14.24904772061406 2.024973262678166
14.113835355287547 2.212565647987596
14.113835565600082 2.212565647987596
14.113835355287547 2.2125656809573937
14.205172408999395 2.088378294479241
14.20517262067296 2.088378294479241
14.205172408999395 2.0883783255985024
14.2993686119144 1.9663453828997586
14.299368824991596 1.9663453828997586
14.2993686119144 1.9663454122005881
14.276623563220134 1.9974576396389632
14.276623775958404 1.9974576396389632
14.276623563220134 1.9974576694034014
0.16248724611650223 14.276623563220134 1.9974576396389632 4.552511916304258e-05
0.027151439759718243 0.026018463839094865 0.02497570877014268 0.024012875813458505 0.023121166595194403 0.022293021182853503 0.021521908837560878 0.020802159561035392 0.02012882750385508 0.019497579456709137 0.018904603236998246 0.018346531968060627 0.01782038113869411 0.017323496005267693 0.016853507413878966 0.016408294516342563 0.015985953160864683 0.015584768977774532 0.015203194368707519 0.014839828756136505 0.014493401568120033 0.014162757527375293
0.002100083421376327 0.0019297861458449671 0.001779253380981711 0.0016455625753609606 0.0015263081137035046 0.001419496173245483 0.0013234635211097749 0.0012368142669850228 0.0011583702049691208 0.0010871315290600255 0.00102224553248146 0.0009629814992508965 0.0009087104337650341 0.0008588885967282513 0.0008130440555978322 0.0007707656374820514 0.0007316938081726708 0.0006955131042386743 0.000661945824173871 0.0006307467455384416 0.0006016986823101838 0.0005746087335524907
