4.663469154320761 2.992953793750829
4.663469223811866 2.992953793750829
4.663469154320761 2.992953838349316
4.137351858219361 8.50919504623169
4.137351919870708 8.50919504623169
4.137351858219361 8.509195173028578
4.1108152260008834 13.700372659467126
4.110815287256804 13.700372659467126
4.1108152260008834 13.700372863618588
4.7289953769266715 13.826191191350736
4.728995447394194 13.826191191350736
4.7289953769266715 13.82619139737704
4.935257688342326 13.35989418822415
4.935257761883396 13.35989418822415
4.935257688342326 13.359894387302086
4.95487377959695 13.30839973351846
4.954873853430323 13.30839973351846
4.95487377959695 13.308399931829069
0.026148659767686544 4.95487377959695 13.30839973351846 0.00011828438104838774
0.03670102066888261 0.03529268208459362 0.03398899147578737 0.03277875608223543 0.031652317415585086 0.030601298218466716 0.02961839769313273 0.028697224631313925 0.027832160536775372 0.02701824665663728 0.02625109020343594 0.02552678608134967 0.024841851215306195 0.024193169184217666 0.02357794332529705 0.02299365683887148 0.022438038707088534 0.02190903446379563 0.021404781030440072 0.02092358497446905 0.020463903660292382 0.02002432885443249
0.004493965947249033 0.004180815725105983 0.003899460736144882 0.003645746306948815 0.003416173466300877 0.003207778754456467 0.00301803894911804 0.002844794977534594 0.0026861907249853263 0.002540623499286252 0.002406703682718029 0.002283221675595379 0.0021691206645632027 0.002063474072428064 0.001965466792590252 0.0018743794998456863 0.0017895754749359053 0.0017104894933219826 0.0016366184170552107 0.0015675131981194644 0.0015027720565776218 0.0014420346405453596
