6.0171195715140815 6.393354062064885
6.01711966117615 6.393354062064885
6.0171195715140815 6.393354157333285
9.503290352157586 1.499170733978147
9.503290493767647 1.499170733978147
9.503290352157586 1.4991707563175318
3.8592246072499865 8.224141066104526
8.474232483834184 3.437877496215001
8.474232610110088 3.437877496215001
8.474232483834184 3.437877547443368
9.950734614771786 1.8138437947057215
9.950734763049287 1.8138437947057215
9.950734614771786 1.8138438217341004
7.248708752194375 5.27350161928428
9.361912035990043 2.7399506850224498
9.361912175493403 2.7399506850224498
9.361912035990043 2.7399507258508966
10.028602189077096 1.868222377949619
10.028602338514915 1.868222377949619
10.028602189077096 1.8682224057883017
10.760233790980836 1.0502363140884607
10.237412211110835 1.6902546848232358
10.237412363660164 1.6902546848232358
10.237412211110835 1.6902547100099934
9.87844390858908 2.105270658224834
10.15004110717986 1.796013001151064
10.150041258427258 1.796013001151064
10.15004110717986 1.7960130279137432
9.974774842901981 2.007095595659786
10.107136080149814 1.8495274055129238
10.10713623075788 1.8495274055129238
10.107136080149814 1.8495274330730298
10.020256575646545 1.9556899364354694
10.085622209712382 1.8762352991675106
10.085622359999864 1.8762352991675106
10.085622209712382 1.8762353271255954
10.09109966079981 1.8696392839024965
10.091099811168911 1.8696392839024965
10.09109966079981 1.8696393117622927
0.1796925873857288 10.09109966079981 1.8696392839024965 0.00011477520356803493
0.03842086330976547 0.03690334477809636 0.03550016491861599 0.03419900619493776 0.03298924036573264 0.031861651530446004 0.03080821136630153 0.029821895548253808 0.02889653289319771 0.02802668068015641 0.027207521040929578 0.026434774413488182 0.025704626891753575 0.025013668954648446 0.02435884356161893 0.023737401996023748 0.023146866147772033 0.02258499617175986 0.022049762653635414 0.02153932257030772 0.02105199845787704 0.02058626030081246
0.003856913843707967 0.00356356607247763 0.0033020554114245597 0.0030679968266222267 0.0028577249094756023 0.002668158576331867 0.0024966941488659866 0.00234112029848882 0.0021995499530139337 0.0020703654515294967 0.001952174113508793 0.0018437720450879599 0.0017441144991886615 0.0016522914797963855 0.0015675075652855266 0.0014890651437958564 0.0014163504218461607 0.0013488216978057373 0.0012859994935723834 0.001227458217573214 0.0011728190950786167 0.001121744151626497
