9.03893459608031 13.872997065249233
9.038934730770931 13.872997065249233
9.03893459608031 13.872997271972999
7.179377551766523 10.991123863358805
7.179377658747585 10.991123863358805
7.179377551766523 10.991124027139314
10.96086667402993 1.2557776356209231
8.125506443062386 8.560506202274725
8.125506564141867 8.560506202274725
8.125506443062386 8.560506329836208
9.107039043890019 6.374843400433575
9.107039179595477 6.374843400433575
9.107039043890019 6.374843495426144
11.185655522587142 2.057266990704729
9.65384110587596 5.308944935537498
9.653841249729403 5.308944935537498
9.65384110587596 5.308945014646942
10.73629312215125 3.1714637631523184
9.932906676719806 4.778939826803089
9.93290682473165 4.778939826803089
9.932906676719806 4.778939898014842
10.486872939663286 3.716747089122998
10.48687309592987 3.716747089122998
10.486872939663286 3.7167471445068454
11.095157558040189 2.684699679598631
11.095157723370919 2.684699679598631
11.095157558040189 2.6846997196037736
11.286339780013353 2.454167447513512
11.286339948192921 2.454167447513512
11.286339780013353 2.454167484083457
11.628206415866753 1.9623237615672027
11.373637919707972 2.33249997933469
11.373638089188384 2.33249997933469
11.373637919707972 2.3325000140916483
11.547475396104165 2.0886223792379486
11.547475568174956 2.0886223792379486
11.547475396104165 2.0886224103608475
11.731906717022248 1.8526545002943224
11.731906891841282 1.8526545002943224
11.731906717022248 1.8526545279010258
11.926092591973381 1.624646610083904
11.783533929843527 1.798427058919103
11.783534105431865 1.798427058919103
11.783533929843527 1.7984270857177544
11.879970259109566 1.683867151425783
11.879970436134919 1.683867151425783
11.879970259109566 1.683867176517359
11.905983660224612 1.656945058493085
11.905983837637594 1.656945058493085
11.905983660224612 1.6569450831834904
11.85628519055816 1.7129454746934054
11.893618478794286 1.6709976852780462
11.893618656023012 1.6709976852780462
11.893618478794286 1.670997710177852
0.18951123985471674 11.893618478794286 1.6709976852780462 0.00011128161505764061
0.032693435899287776 0.03136662636412566 0.0301424835939868 0.02900963777575172 0.027958323607188338 0.026980109367939945 0.02606767862020181 0.02521465308715022 0.02441544799537502 0.0236651531966097 0.0229594349006793 0.022294453994572402 0.021666797790722975 0.02107342271197079 0.02051160593272807 0.019978904393223522 0.019473119914025297 0.018992269381918926 0.018534559171001212 0.018098363116111033 0.017682203478217296 0.01728473443980279
0.003079824038184755 0.0028380157987502722 0.0026233249091488237 0.0024318858885121024 0.0022604908297308873 0.0021064610524360247 0.001967546741538195 0.0018418478838029175 0.0017277515413995162 0.0016238817515988333 0.0015290592549431264 0.001442268926653779 0.00136263328514254 0.0012893908247426462 0.0012218782009404726 0.0011595155096629525 0.0011017940650361973 0.0010482662051924324 0.0009985367524849294 0.0009522558297516696 0.0009091127931578235 0.0008688310884654205
