14.0540408136856 4.080101472140912
14.054041023107127 4.080101472140912
14.0540408136856 4.080101532939162
13.011264290391768 3.784021742689491
13.011264484274715 3.784021742689491
13.011264290391768 3.7840217990758087
10.896665212774375 7.48716005478928
12.484001700191364 4.7105970631979
12.484001886217486 4.7105970631979
12.484001700191364 4.710597133391266
11.498531699269204 6.601374557162455
11.498531870610678 6.601374557162455
11.498531699269204 6.601374655530601
10.612882927757465 8.540914942903404
10.612883085901744 8.540914942903404
10.612882927757465 8.540915070172954
8.896672361944592 12.444680293355947
10.20506231427555 9.525917486463234
10.205062466342827 9.525917486463234
10.20506231427555 9.525917628410467
9.362683010792374 11.484638437355322
9.362683150307223 11.484638437355322
9.362683010792374 11.484638608489771
7.778728838158876 15.443912587575099
8.983575474779911 12.481044549208647
8.983575608645618 12.481044549208647
8.983575474779911 12.481044735190704
8.207140322490162 14.466828804531765
8.207140444786083 14.466828804531765
8.207140322490162 14.466829020104313
7.8298911068091455 15.55270511856135
7.829891223483615 15.55270511856135
7.8298911068091455 15.552705350314717
7.862225872142191 15.480947968250165
7.862225989298486 15.480947968250165
7.862225872142191 15.480948198934266
0.02335768237908009 7.862225872142191 15.480947968250165 4.7291137531130166e-05
0.02761470866277248 0.026480918768597567 0.025436232695471628 0.024470594189074504 0.023575398421662654 0.022743240405665135 0.021967713768084016 0.021243248550058227 0.020564979510553787 0.019928638467859902 0.01933046572799872 0.018767136777624788 0.018235701266951388 0.017733531950869918 0.01725828174738198 0.016807847450401824 0.01638033892702775 0.01597405285814744 0.01558745026099606 0.015219137174394742 0.014867848000406924 0.014532431086520905
0.0023613751624290253 0.002178407108417475 0.0020157829039001893 0.0018706144389196869 0.0017405053916756334 0.001623454597069565 0.001517780760030206 0.0014220633115223694 0.0013350955845913676 0.0012558474735410883 0.001183435451286217 0.0011170983392677436 0.0010561776067487864 0.0010001012604105345 0.000948370597995574 0.0009005492604396891 0.0008562541391736042 0.0008151477889250872 0.0007769320685806774 0.0007413427887314327 0.0007081451883125175 0.0006771300971372878
