6.7625099006169895 4.5908399318760775
6.762510001386239 4.5908399318760775
6.7625099006169895 4.590840000284923
5.182591571104241 12.610266938097931
5.182591648330873 12.610266938097931
5.182591571104241 12.610267126005551
6.071887523298738 13.82737620476399
6.071887613776913 13.82737620476399
6.071887523298738 13.827376410807952
6.635858132445179 12.759695439576232
6.635858231327171 12.759695439576232
6.635858132445179 12.75969562971051
6.751390230744825 12.482199616011306
6.751390331348379 12.482199616011306
6.751390230744825 12.482199802010575
6.761461906686148 12.456619628694964
6.761462007439782 12.456619628694964
6.761461906686148 12.456619814313061
0.027927839301992274 6.761461906686148 12.456619628694964 8.35338473498116e-05
0.032204370639914964 0.030917645839005373 0.029729514383903238 0.02862912985952838 0.027607171423257228 0.026655586185167633 0.025767381810678558 0.024936458339727966 0.024157470876328444 0.02342571676337716 0.022737042317248036 0.022087765292886724 0.021474610080337117 0.020894653267412862 0.020345277690733913 0.01982413347502032 0.019329104855117202 0.018858281806477604 0.01840993569248914 0.017982498282148054 0.01757454360752377 0.01718477222357424
0.0033213772507965466 0.0030727269143930886 0.002850846661550512 0.0026520537904687084 0.0024732736398616986 0.002311923678105472 0.002165822445506078 0.002033117467315238 0.0019122277704846547 0.0018017977322666921 0.0017006597880009594 0.001607804114148554 0.0015223538401056625 0.0014435446701054687 0.0013707080440371643 0.0013032571543173035 0.001240675280219691 0.0011825060123465305 0.0011283450262983214 0.0010778331320554257 0.0010306503785688344 0.0009865110349069747
