3.357988048125328 5.291069986658112
3.3579880981632493 5.291069986658112
3.357988048125328 5.291070065501199
3.4791650011188744 11.448597095551493
3.4791650529624727 11.448597095551493
3.4791650011188744 11.448597266148884
5.889806603130156 9.747842303011922
5.889806690895114 9.747842303011922
5.889806603130156 9.747842448266091
9.494283419472113 2.0280814040471453
7.171057470910197 8.046348457927948
7.1710575777672805 8.046348457927948
7.171057470910197 8.046348577827883
8.903689527992212 4.15472585046011
7.653518932936363 7.096926417726113
7.653519046982682 7.096926417726113
7.653518932936363 7.096926523478557
8.528437861316782 5.154968138100257
8.528437988400409 5.154968138100257
8.528437861316782 5.154968214915268
9.513813241610547 3.2666566036979816
8.801829924439826 4.698022191612398
8.801830055597312 4.698022191612398
8.801829924439826 4.698022261618384
9.291859008600696 3.7524838426080347
9.291859147060185 3.7524838426080347
9.291859008600696 3.7524838985244013
9.827105209450059 2.831786945014824
9.827105355885337 2.831786945014824
9.827105209450059 2.8317869872117374
10.420235598854317 1.9472714765652372
9.991371912299142 2.6222585343334064
9.991372061182185 2.6222585343334064
9.991371912299142 2.6222585734081036
10.286952772296013 2.1793423194644204
10.066668067102869 2.512477319143053
10.066668217107912 2.512477319143053
10.066668067102869 2.5124773565818823
10.216486611970804 2.2923861831079
10.216486764208318 2.2923861831079
10.216486611970804 2.292386217267116
10.373726389392294 2.0775342411943343
10.373726543972863 2.0775342411943343
10.373726389392294 2.0775342721520067
10.537613540293915 1.8677088225317249
10.416871004210222 2.0268499364596635
10.416871159433695 2.0268499364596635
10.416871004210222 2.026849966662081
10.49835485773794 1.921579770927491
10.498355014175619 1.921579770927491
10.49835485773794 1.9215797995612611
10.478487818734052 1.9482797689569689
10.478487974875689 1.9482797689569689
10.478487818734052 1.9482797979885997
10.519863452168618 1.896141361883941
10.488874768635322 1.9352794399173818
10.488874924931736 1.9352794399173818
10.488874768635322 1.9352794687552928
0.16485152011769055 10.488874768635322 1.9352794399173818 6.135152793321398e-05
0.03590075287971665 0.034470596937505975 0.03314908894812266 0.031924424496473425 0.03078643232324898 0.029726304153423814 0.028736375910212504 0.027809949373240668 0.026941145898329077 0.02612478572712359 0.025356287853450416 0.02463158650481519 0.023947061131778666 0.023299477440149017 0.022685937498605837 0.022103837342526148 0.02155083079938872 0.021024798501580785 0.020523821243308666 0.02004615699065722 0.01959022097606251 0.019154568407000732
0.003746100132070783 0.0034583015136902665 0.003202059386111629 0.0029729807407506237 0.002767401550261472 0.002582248124196292 0.002414927893501243 0.00226324278383524 0.00212532005395484 0.0019995567318313837 0.0018845747081830209 0.0017791842362490091 0.0016823541026714788 0.001593187123468314 0.0015108999144714036 0.0014348061112965395 0.001364302387425085 0.0012988567531764727 0.0012379987227417238 0.0011813110181034343 0.0011284225428804492 0.0010790024098917637
