12.48230961904744 14.811802980287029
12.482309805048347 14.811802980287029
12.48230961904744 14.811803201000092
8.145926680314808 9.682702577479493
8.145926801698575 9.682702577479493
8.145926680314808 9.682702721763004
10.140121131741212 4.848711426759313
8.646908513517138 8.475211449143538
8.646908642366116 8.475211449143538
8.646908513517138 8.475211575434031
9.692906795749952 6.078973129943792
9.692906940185518 6.078973129943792
9.692906795749952 6.07897322052755
10.868479564542373 3.7435718466288797
10.019156571205853 5.512567365877805
10.01915672050292 5.512567365877805
10.019156571205853 5.51256744802146
10.602993637693558 4.342887109566776
10.602993795690475 4.342887109566776
10.602993637693558 4.342887174280837
11.237093130274548 3.1996743315952676
10.773992507187836 4.06436783192207
10.773992667732836 4.06436783192207
10.773992507187836 4.06436789248587
11.089651440661207 3.491992218124054
11.089651605909891 3.491992218124054
11.089651440661207 3.491992270158793
11.424691661792401 2.930741422332582
11.424691832033574 2.930741422332582
11.424691661792401 2.9307414660040325
11.780772704526177 2.3825984696661915
11.520083582016321 2.7980621779007344
11.520083753678943 2.7980621779007344
11.520083582016321 2.79806221959511
11.697248447775937 2.5234238489507725
11.697248622078522 2.5234238489507725
11.697248447775937 2.523423886552718
11.883591519443936 2.2549282977224783
11.883591696523249 2.2549282977224783
11.883591519443936 2.254928331323528
11.935092054209697 2.191496878019039
11.935092232056428 2.191496878019039
11.935092054209697 2.1914969106748874
11.83866065297291 2.323422558621878
11.911179339818553 2.224620051359404
11.911179517308955 2.224620051359404
11.911179339818553 2.224620084508826
0.14217277349432933 11.911179339818553 2.224620051359404 4.3183231143370276e-05
0.031114639665338027 0.029844399396426597 0.028673041279588234 0.027589545339422157 0.026584457030943854 0.025649621087490453 0.024777967440094972 0.0239633377941598 0.023200344199159402 0.022484252979274217 0.02181088890799879 0.021176555648968552 0.020577969348683257 0.02001220292622632 0.019476639112363834 0.018968930683358406 0.01848696664123427 0.018028843332649296 0.017592839688313308 0.017177395915563817 0.016781095096990002 0.016402647244516955
0.002929299564611442 0.002697705410404891 0.0024922737143115675 0.002309246061060706 0.002145508662841402 0.0019984654494787568 0.0018659390811745734 0.001746093148649822 0.001637370581157591 0.0015384445493662577 0.0014481790719010617 0.0013655972109131518 0.0012898552426876492 0.0012202215626453171 0.0011560593645840449 0.0010968123462471553 0.0010419928550041938 0.0009911720114322911 0.0009439714442799992 0.0009000563445899051 0.0008591296047714512 0.0008209268539709339
