1.4739148546347105 6.182221775395868
1.4739148765977534 6.182221775395868
1.4739148546347105 6.182221867518151
1.8618366515483051 12.525864873677094
1.8618366792918333 12.525864873677094
1.8618366515483051 12.525865060327025
3.3901735893288363 14.88709358198864
3.3901736398463593 14.88709358198864
3.3901735893288363 14.887093803823621
5.590991636357645 10.544209194404598
5.590991719669912 10.544209194404598
5.590991636357645 10.54420935152556
7.716173805903536 5.70446295647561
7.716173920883486 5.70446295647561
7.716173805903536 5.704463041478732
9.71132373336413 2.0362144702416924
8.357336281281352 4.880628891247602
8.357336405815367 4.880628891247602
8.357336281281352 4.880628963974639
9.312898887590805 3.0242701832189125
8.607060523773548 4.422277743733627
8.607060652028744 4.422277743733627
8.607060523773548 4.4222778096307005
9.094548311925697 3.499159363857438
8.731396502009156 4.192816292842385
8.731396632117104 4.192816292842385
8.731396502009156 4.1928163553202165
8.978279262011212 3.7329283994059015
8.978279395797998 3.7329283994059015
8.978279262011212 3.7329284550308692
9.237319853929757 3.279777272899337
9.237319991576548 3.279777272899337
9.237319853929757 3.2797773217718267
9.50812566437717 2.833557389048787
9.508125806059283 2.833557389048787
9.50812566437717 2.8335574312720824
9.794059557204726 2.39687697885369
9.584331449732568 2.727629694319803
9.584331592550235 2.727629694319803
9.584331449732568 2.7276297349646526
9.726519869792776 2.508781696545774
9.726520014729216 2.508781696545774
9.726519869792776 2.5087817339295344
9.765229033472416 2.4562593184076853
9.765229178985667 2.4562593184076853
9.765229033472416 2.456259355008801
9.839095484175884 2.348687269562727
9.783805782511243 2.4294422662829125
9.783805928301309 2.4294422662829125
9.783805782511243 2.429442302484423
0.13272285517459526 9.783805782511243 2.4294422662829125 0.0001590655936673624
0.03683886228457685 0.03538086213405574 0.03403293607569264 0.032783201170163874 0.03162140772972826 0.03053867094262804 0.029527253191797206 0.0285803863490732 0.02769212581498272 0.026857229937422504 0.026071059848558238 0.02532949582829537 0.02462886712140217 0.023965892766744393 0.023337631487222652 0.0227414390719 0.02217493198274566 0.021635956156316256 0.021122560159802645 0.020632972011994082 0.020165579101098157 0.0197189107293345
0.003992199635186808 0.0036878456939516417 0.003416603957385479 0.0031739020291898777 0.0029559199212122037 0.002759448186981202 0.0025817759016846997 0.002420601614153593 0.0022739621054814188 0.0021401750443194177 0.0020177925581135758 0.001905563432408534 0.0018024021706229177 0.0017073635400559682 0.0016196215292354392 0.0015384518709694534 0.0014632174621048504 0.0013933561478948384 0.001328370445579679 0.0012678188654001881 0.0012113085531332089 0.0011584890303897035
