13.431187702509916 10.614063469603781
13.43118790265021 10.614063469603781
13.431187702509916 10.614063627765653
11.008925658684365 8.698518303929674
11.008925822730141 8.698518303929674
11.008925658684365 8.698518433547697
13.021953662752647 4.22155436859227
11.51765485904551 7.581753964569264
11.517655030671943 7.581753964569264
11.51765485904551 7.5817540775462025
12.561101539116123 5.360247497840359
12.561101726291122 5.360247497840359
12.561101539116123 5.360247577714271
13.716683463244175 3.194952512740815
12.877360863217415 4.8344414146112005
12.877361055105045 4.8344414146112005
12.877360863217415 4.834441486649991
13.453268051596309 3.7507906870514853
13.453268252065625 3.7507906870514853
13.453268051596309 3.750790742942622
14.080194200341397 2.6958349567069213
13.622334678987388 3.4947839003971954
13.622334881975993 3.4947839003971954
13.622334678987388 3.494783952473534
13.93489523630539 2.966770742179661
13.934895443951511 2.966770742179661
13.93489523630539 2.96677078638799
14.269044408226463 2.4521482318419805
14.269044620851794 2.4521482318419805
14.269044408226463 2.4521482683818365
14.627802566898529 1.9543685809641804
14.365929324724105 2.3332194179117245
14.365929538793134 2.3332194179117245
14.365929324724105 2.333219452679403
14.544358972711152 2.0836480653296072
14.544359189438989 2.0836480653296072
14.544358972711152 2.0836480963783828
14.594416613401492 2.0255367921941834
14.594416830875247 2.0255367921941834
14.594416613401492 2.025536822377034
14.688518389222565 1.9043938781837775
14.618127786549035 1.9953962525143265
14.618128004376114 1.9953962525143265
14.618127786549035 1.9953962822480478
0.1618896165883441 14.618127786549035 1.9953962525143265 4.758228502193651e-05
0.026495427918221345 0.025386913205156913 0.024366916823229303 0.023425304483091883 0.022553422931438808 0.02174384054652952 0.02099014028436059 0.02028675312446302 0.01962882311609507 0.019012097280118222 0.01843283520999584 0.01788773439697238 0.017373868191422736 0.0168886339836759 0.016429709699770867 0.01599501710127222 0.01558269068303584 0.015191051200352686 0.014818583043239223 0.01446391482271886 0.014125802650707679 0.013803115688341434
0.002017683404707959 0.0018535739374224936 0.0017085727059083075 0.0015798443147606715 0.0014650567706390248 0.0013622786816960477 0.0012698999637858926 0.0011865701500584816 0.0011111500053049626 0.0010426732842706485 0.0009803162882045706 0.0009233734634333393 0.0008712377160939695 0.0008233844340866134 0.0007793584426693561 0.0007387632963057767 0.0007012524422762847 0.0006665218925417852 0.0006343041176048164 0.0006043629356132946 0.0005764892160673869 0.0005504972534483938
