13.987026201459408 14.447747340596095
13.98702640988234 14.447747340596095
13.987026201459408 14.447747555884307
10.297434631343062 10.644386159159057
10.297434784786796 10.644386159159057
10.297434631343062 10.64438631777277
12.38011154296242 5.730385338835833
10.823711720080691 9.418277834156552
10.823711881366565 9.418277834156552
10.823711720080691 9.418277974499828
11.903868349458477 6.9780937322712795
11.903868526839938 6.9780937322712795
11.903868349458477 6.978093836252979
13.08970886153906 4.587483125126972
13.089709056590921 4.587483125126972
13.08970886153906 4.587483193485797
14.401282063422492 2.2634752655912824
13.453484347190576 4.028247311063124
13.453484547663114 4.028247311063124
13.453484347190576 4.028247371088686
14.110368651532642 2.866863563338177
13.621332344087499 3.7399828927578924
13.621332547061167 3.7399828927578924
13.621332344087499 3.7399829484879805
13.955306149838997 3.1624547144284607
13.955306357789263 3.1624547144284607
13.955306149838997 3.1624547615527083
14.311629684406862 2.5984415599668704
14.311629897666762 2.5984415599668704
14.311629684406862 2.598441598686667
14.69388810772879 2.05167305548615
14.414757797737913 2.467361723715948
14.414758012534543 2.467361723715948
14.414757797737913 2.4673617604825027
14.604967613119383 2.193336996627844
14.60496783075036 2.193336996627844
14.604967613119383 2.1933370293111123
14.806875253442563 1.9278136837110906
14.806875474082197 1.9278136837110906
14.806875253442563 1.927813712437753
14.863613547009724 1.8666982286216918
14.863613768494826 1.8666982286216918
14.863613547009724 1.866698256437663
14.969469353014915 1.7378111479433638
14.890315132161971 1.834673104854847
14.890315354044958 1.834673104854847
14.890315132161971 1.8346731321936067
0.17778955951949527 14.890315132161971 1.834673104854847 6.673943633034145e-05
0.026493450843996347 0.025383838479154864 0.024362931778964654 0.02342056284396159 0.022548051608659594 0.021737944897532505 0.020983808216317196 0.020280058323027143 0.019621827605445157 0.019004853467437556 0.01842538752924966 0.017880120638887345 0.017366120585970212 0.01688078008603766 0.016421773119274598 0.015987018104097396 0.015574646692874092 0.015182977216131004 0.014810491989093786 0.014455817842359605 0.01411770935592962 0.013795034369563124
0.0019528216653547092 0.0017937953085777356 0.0016533094827509542 0.0015286091655705872 0.0014174292047604753 0.001317894119923393 0.0012284408552028555 0.001147758708611254 0.0010747422364654762 0.001008454045510239 0.0009480951827880456 0.0008929814097324327 0.0008425240674839652 0.0007962145499436088 0.0007536116308152952 0.0007143310627850164 0.0006780369965881337 0.0006444348661492894 0.0006132654612601723 0.0005842999672182126 0.0005573357957546219 0.0005321930665842908
