10.430561055723675 6.113275528143616
10.430561211151147 6.113275528143616
10.430561055723675 6.11327561923852
8.287168101178986 4.86638006308113
8.287168224667415 4.86638006308113
8.287168101178986 4.866380135595843
10.136969506878447 1.2369884251163108
8.759158479214252 3.9639579670345135
8.759158609735884 3.9639579670345135
8.759158479214252 3.96395802610209
9.748095863339682 2.183349903522693
9.016079575210213 3.5243255188121445
9.016079709560268 3.5243255188121445
9.016079575210213 3.524325571328687
9.526634945458541 2.643148028007009
9.14687497287719 3.3058905199599065
9.14687510917625 3.3058905199599065
9.14687497287719 3.305890569221514
9.406660104744041 2.867944376742863
9.4066602449142 2.867944376742863
9.406660104744041 2.867944419478565
9.68423260156465 2.441050188323141
9.684232745870961 2.441050188323141
9.68423260156465 2.4410502246976233
9.980312058630089 2.026777217684703
9.980312207348328 2.026777217684703
9.980312058630089 2.026777247886037
10.06770191095578 1.9342119169284058
10.067702060976229 1.9342119169284058
10.06770191095578 1.9342119457504092
10.226896622368443 1.735520375506334
10.226896774761078 1.735520375506334
10.226896622368443 1.7355204013676029
10.271792844892959 1.6904020920568095
10.2717929979546 1.6904020920568095
10.271792844892959 1.6904021172457635
10.355924762006632 1.5948660165858748
10.355924916321936 1.5948660165858748
10.355924762006632 1.5948660403512305
10.442970719392225 1.5019772524836668
10.442970875004615 1.5019772524836668
10.442970719392225 1.5019772748648719
10.422001096585314 1.5259169160973545
10.422001251885233 1.5259169160973545
10.422001096585314 1.5259169388352884
10.46589953516455 1.4798272492651066
10.433029833655937 1.5144462970086898
10.433029989120197 1.5144462970086898
10.433029833655937 1.5144463195756983
0.20572321418956574 10.433029833655937 1.5144462970086898 5.637067732377054e-05
0.03725196411597825 0.035779738982394775 0.034418503105450166 0.033156292748696185 0.03198278594080136 0.03088903314636593 0.029867238723441297 0.028910582448693087 0.028013072875444186 0.02716942615085998 0.026374965323705073 0.025625536243089244 0.024917436967737586 0.024247358237303306 0.023612333048061276 0.02300969375891519 0.022437035455254852 0.021892184536708967 0.02137317168449779 0.020878208515703198 0.020405667353591075 0.019954063641474853
0.004025206481418239 0.003718873456172147 0.0034458076795947598 0.00320142409462448 0.0029818906248682444 0.00278398649783351 0.002604990309581058 0.0024425909960746634 0.002294816571717871 0.0021599767418890516 0.0020366164195341377 0.0019234778647993847 0.0018194696843775234 0.0017236413188981817 0.0016351619449362549 0.0015533029467492613 0.0014774232890392143 0.00140695725865165 0.0013414041496557605 0.0012803195497703538 0.0012233079519226146 0.0011700164668616477
