13.373411065809652 11.270164354851616
13.373411265089006 11.270164354851616
13.373411065809652 11.270164522790152
10.907377679428794 9.201738651921634
10.907377841961388 9.201738651921634
10.907377679428794 9.201738789038224
11.669310437376957 7.483211512813226
11.09984025752859 8.772989923644694
11.0998404229291 8.772989923644694
11.09984025752859 8.77299005437243
11.485101395324604 7.915643366192121
11.48510156646595 7.915643366192121
11.485101395324604 7.9156434841443994
11.790343951977473 7.265819230980545
11.79034412766729 7.265819230980545
11.790343951977473 7.265819339249689
11.811962220482767 7.227546866756983
11.811962396494721 7.227546866756983
11.811962220482767 7.227546974455824
0.04820548848661399 11.811962220482767 7.227546866756983 4.364706246884295e-05
0.026433113395617804 0.02532873330339988 0.02431244643717739 0.02337417547161211 0.02250531503543162 0.021698473937025627 0.02094726942531699 0.02024616169774803 0.01959031980697107 0.01897551226214803 0.018398017200568356 0.017854548180211087 0.01734219252548671 0.01685835982551276 0.01640073869312672 0.01596726028391419 0.015556067377249762 0.015165488057277689 0.014794013216827964 0.014440277253333385 0.014103041441781799 0.013781179562324004
0.002008934014800558 0.001846382325019951 0.0017026614021516194 0.0015749908178063299 0.0014610814765311298 0.001359035709953059 0.0012672701301138362 0.0011844555439234185 0.001109469776088856 0.0010413603442650534 0.0009793147160738196 0.0009226364465232417 0.0008707259100048509 0.000823064647425218 0.0007792025767709098 0.0007387474860535571 0.0007013563564242973 0.0006667281612343768 0.0006345978618565224 0.0006047313789254752 0.0005769213625273053 0.000550983619885304
