8.390785928863759 5.047193811322915
8.390786053896212 5.047193811322915
8.390785928863759 5.047193886531963
11.935619378724233 0.3006828685702807
9.796140681839805 4.5798302878263275
9.796140827813677 4.5798302878263275
9.796140681839805 4.579830356071117
11.284023796147661 2.018579340069039
10.24942814196499 3.9942595067117495
10.249428294693372 3.9942595067117495
10.24942814196499 3.994259566230854
10.970909134537248 2.700847034928496
10.435122958498805 3.673934514847327
10.435123113994255 3.673934514847327
10.435122958498805 3.6739345695932175
10.803233934006533 3.031395044532369
10.803234094987264 3.031395044532369
10.803233934006533 3.0313950897036754
11.202643150202077 2.407828737536922
10.910744935475002 2.8806832305018686
10.91074509805777 2.8806832305018686
10.910744935475002 2.880683273427394
11.109444857688434 2.568258829705699
11.109445023232063 2.568258829705699
11.109444857688434 2.5682588679757377
11.319529553943006 2.2633734648550825
11.31952972261714 2.2633734648550825
11.319529553943006 2.2633734985819753
11.540613153386044 1.9663672235775964
11.540613325354581 1.9663672235775964
11.540613153386044 1.9663672528787515
11.603497837599546 1.8984431256988068
11.603498010505138 1.8984431256988068
11.603497837599546 1.898443153987814
11.720086060204217 1.7546382138390202
11.632933660805072 1.8627279474473564
11.632933834149291 1.8627279474473564
11.632933660805072 1.8627279752041657
11.691612780637223 1.7911393486553466
11.691612954855831 1.7911393486553466
11.691612780637223 1.7911393753454028
11.751628267330052 1.7206673120854972
11.751628442442959 1.7206673120854972
11.751628267330052 1.7206673377254382
11.81268217112017 1.6510929819538576
11.81268234714285 1.6510929819538576
11.81268217112017 1.6510930065570601
11.874828754555992 1.582492918189064
11.82860388224281 1.6342998426923279
11.828604058502743 1.6342998426923279
11.82860388224281 1.6342998670452933
0.192141191142444 11.82860388224281 1.6342998426923279 0.0001606251681113814
0.03283618222533606 0.03150537814416766 0.030277410116326575 0.029140905743225875 0.028086095129256312 0.027104540707231044 0.026188919463630247 0.025332846180377344 0.024530729027081668 0.023777650852380476 0.0230692710297562 0.02240174384932556 0.021771650310476034 0.0211759408312285 0.02061188689987039 0.020077040090042873 0.0195691971695776 0.019086370276376267 0.018626761326781094 0.01818873997468696 0.01777082456181514 0.017371665597747495
0.0031423925086792215 0.0028960627560683573 0.002677311623267671 0.002482214768699234 0.0023075142043585736 0.002150488486849118 0.0020088511557064333 0.0018806706830251686 0.001764306933640846 0.0016583603927637352 0.0015616313372382906 0.0014730868040474464 0.0013918337128347876 0.001317096875736849 0.0012482009116109585 0.0011845552971308639 0.0011256419517798903 0.0010710048802981271 0.001020241494022239 0.0009729953087248665 0.0009289497761675877 0.0008878230534815817
