12.465038008689943 12.503230266574418
12.465038194433484 12.503230266574418
12.465038008689943 12.503230452887067
8.281105318449686 8.319064901618319
8.281105441847771 8.319064901618319
8.281105318449686 8.319065025582045
10.276958233913506 3.732667604586032
8.787365867407601 7.1756688325686495
8.787365998349557 7.1756688325686495
8.787365867407601 7.1756689394944475
9.832382997724059 4.903542855880126
9.832383144237983 4.903542855880126
9.832382997724059 4.9035429289486085
11.023363773049706 2.7044107431132858
10.165155081926255 4.3742260145524785
10.165155233398869 4.3742260145524785
10.165155081926255 4.374226079733526
10.75902941903528 3.273786290681733
10.75902957935731 3.273786290681733
10.75902941903528 3.2737863394649502
11.423753629972065 2.214637558187626
10.941922955416006 3.020254539249118
10.941923118463363 3.020254539249118
10.941922955416006 3.0202545842544177
11.273413840567295 2.490134390981798
11.273414008554253 2.490134390981798
11.273413840567295 2.490134428087692
11.371889284384608 2.3687478776305704
11.371889453838962 2.3687478776305704
11.371889284384608 2.3687479129276645
11.55241506284722 2.1135247635816943
11.552415234991619 2.1135247635816943
11.55241506284722 2.1135247950756675
11.603208720623039 2.054127549889475
11.603208893524322 2.054127549889475
11.603208720623039 2.0541275804983608
11.698537131449001 1.9302542567711394
11.62723365634698 2.023308584468456
11.627233829606263 2.023308584468456
11.62723365634698 2.023308614618103
11.651222992197656 1.9924619001797834
11.633287121904422 2.0156408964120747
11.633287295253908 2.0156408964120747
11.633287121904422 2.0156409264474644
0.16408893282505577 11.633287121904422 2.0156408964120747 8.403904157289985e-05
0.03307817361010572 0.03173532749331806 0.030496422399508023 0.029349943497803576 0.02828600151216065 0.02729605813648123 0.026372704810390526 0.02550948323997556 0.02470073882629692 0.023941500223095255 0.023227379783625508 0.022554490815882015 0.021919378445965608 0.021318961563072485 0.02075048383879179 0.020211472216251494 0.01969970157925682 0.019213164558778147 0.01875004562955446 0.018308698804912343 0.017887628362049997 0.01748547212977282
0.0030013382045041255 0.0027655954690144692 0.0025563012161643507 0.0023696836032731147 0.002202612737247046 0.002052475314952041 0.0019170766118267119 0.001794563280038556 0.0016833621064464427 0.0015821311034522846 0.0014897201987725968 0.0014051394476061047 0.0013275331785590763 0.0012561588494955631 0.0011903696642413782 0.0011296002094594564 0.001073354530122806 0.0010211961842747543 0.000972739912296879 0.0009276446294265546 0.0008856075077731993 0.0008463589593091337
