6.0603067454839445 6.650916317844883
6.060306835789552 6.650916317844883
6.0603067454839445 6.65091641695126
8.364603783239618 4.140769121928303
8.364603907881927 4.140769121928303
8.364603783239618 4.140769183630571
10.806007661842415 0.14153180898886664
9.135122428084095 3.258472110187915
9.135122564208027 3.258472110187915
9.135122428084095 3.2584721587429333
10.355793835994906 1.2588348156204743
9.458171766113853 2.7699274602906074
9.458171907051595 2.7699274602906074
9.458171766113853 2.769927501565743
10.099396238026703 1.7896325171234628
9.624392013442105 2.5288257871020505
9.624392156856722 2.5288257871020505
9.624392013442105 2.5288258247844912
9.954549419976898 2.0450563826798955
9.708855052653382 2.4092189651133324
9.708855197326596 2.4092189651133324
9.708855052653382 2.4092190010134926
9.542732155846629 2.650387724683721
9.667891659377249 2.4698980358549525
9.66789180344006 2.4698980358549525
9.667891659377249 2.4698980726593014
9.709410298561119 2.4095975232942686
9.709410443242607 2.4095975232942686
9.709410298561119 2.4095975592000696
9.667894225147721 2.46989980238134
9.699182283941795 2.424775946890594
9.699182428470873 2.424775946890594
9.699182283941795 2.4247759830225712
0.13706296044243038 9.699182283941795 2.424775946890594 9.588377893940225e-05
0.03771528674225849 0.03622516994415842 0.034847366503393165 0.03356977231561632 0.032381944025477664 0.03127482662115853 0.03024053239005755 0.02927216039617483 0.028363648151826588 0.027509649038171973 0.026705430449934706 0.025946788720671916 0.02522997771325241 0.02455164859929158 0.02390879884763467 0.023298728829898595 0.022719004756092603 0.02216742689454466 0.0216420022221691 0.021140920804445584 0.020662535327681874 0.02020534330560818
0.003956962984369627 0.0036559038849645303 0.003387531474631882 0.003147341719386355 0.0029315701062793457 0.0027370525254874194 0.002561115351736423 0.002401488015879639 0.002256233021329187 0.002123689583363041 0.0020024279755728944 0.0018912123439760833 0.0017889702575076608 0.0016947676480951125 0.0016077880863115243 0.001527315562973198 0.0014527201200262704 0.0013834458082031256 0.0013190005535300747 0.0012589475967779238 0.0012028982345811167 0.0011505056421468034
