12.091280868662007 9.187734931970367
12.091281048836132 9.187734931970367
12.091280868662007 9.187735068878286
11.021231542004063 8.357112283559957
11.02123170623321 8.357112283559957
11.021231542004063 8.357112408090634
12.929098130796637 4.151243232961929
11.500609325510831 7.306742097557315
11.500609496883264 7.306742097557315
11.500609325510831 7.306742206436256
12.490156101484596 5.220329021004095
12.490156287602424 5.220329021004095
12.490156101484596 5.2203290987930595
13.583358829027036 3.186310794845314
12.788719541842687 4.726233869416557
12.788719732409458 4.726233869416557
12.788719541842687 4.726233939842929
13.333573133345311 3.7082873331044692
13.333573332031033 3.7082873331044692
13.333573133345311 3.7082873883622565
13.925156323423279 2.716768338742656
13.492797174124735 3.467527615703353
13.49279737518308 3.467527615703353
13.492797174124735 3.4675276673735413
13.787651318607677 2.9712099954015914
13.787651524059692 2.9712099954015914
13.787651318607677 2.9712100396760706
14.10176296072754 2.4868506009169433
14.101763170860183 2.4868506009169433
14.10176296072754 2.486850637973905
14.43723562987129 2.017033365176981
14.191965960993338 2.3741882606503464
14.19196617247011 2.3741882606503464
14.191965960993338 2.3741882960285086
14.358811742241055 2.1386462856967694
14.358811956204024 2.1386462856967694
14.358811742241055 2.1386463175650823
14.534941054403744 1.9099630941800096
14.534941270991244 1.9099630941800096
14.534941054403744 1.9099631226406777
14.583815596880282 1.8568723686195723
14.583815814196068 1.8568723686195723
14.583815596880282 1.8568723962891267
14.492536600952823 1.9686647166303968
14.561179873913163 1.8849697093560542
14.561180090891652 1.8849697093560542
14.561179873913163 1.8849697374442917
0.17370097492254832 14.561179873913163 1.8849697093560542 3.475006657564641e-05
0.0270047130832505 0.025876130642469092 0.024837564536789213 0.02387872169650005 0.02299081132304255 0.022166282128701 0.021398612527269514 0.020682141806933223 0.020011933293025544 0.01938366268212824 0.01879352633223656 0.018238165487170017 0.017714603309647147 0.017220192276091083 0.016752570004186926 0.01630962198248608 0.015889449979784726 0.015490345152477382 0.015110765056785 0.01474931392173565 0.014404725657084803 0.014075849164838707
0.0020236394551637555 0.001859253001529292 0.0017139810691121735 0.001584991475143106 0.0014699540801867302 0.001366938436514619 0.0012743347990918786 0.001190792642956564 0.0011151724195882352 0.001046507412353666 0.0009839733593685037 0.0009268640971225551 0.0008745719055460972 0.0008265715500849573 0.0007824072503285938 0.0007416819799752408 0.0007040486351640738 0.0006692027087277876 0.0006368761848586314 0.0006068324279587373 0.0005788618854044841 0.0005527784598024465
