4.876998722855945 6.9577349002934
4.876998795528889 6.9577349002934
4.876998722855945 6.957735003971729
7.30910027336725 5.324443530500627
7.309100382281331 5.324443530500627
7.30910027336725 5.324443609841018
10.305974979167573 0.19388590239845271
8.340422372827694 4.255393858707521
8.340422497109673 4.255393858707521
8.340422372827694 4.255393922117831
9.7713564428864 1.6518582661851102
8.727820282354555 3.621717302337214
8.727820412409212 3.621717302337214
8.727820282354555 3.621717356305007
9.467322796283252 2.3334516055612786
8.918828965879603 3.303249937576229
8.918829098780511 3.303249937576229
8.918828965879603 3.303249986798489
9.29831876555845 2.6648060400105775
9.298318904114197 2.6648060400105775
9.29831876555845 2.664806079719282
9.41304514184863 2.5188118501149903
9.413045282113933 2.5188118501149903
9.41304514184863 2.5188118876482117
9.621810730210031 2.2116918268083103
9.621810873586183 2.2116918268083103
9.621810730210031 2.2116918597650868
9.845626154200275 1.9153601957193471
9.845626300911537 1.9153601957193471
9.845626154200275 1.9153602242604382
9.90961543022193 1.8480959126323278
9.909615577886706 1.8480959126323278
9.90961543022193 1.8480959401711028
10.027864143188623 1.7049397504119572
9.939478006587311 1.8125571402974774
9.939478154697076 1.8125571402974774
9.939478006587311 1.8125571673066836
9.999010845140896 1.7413184404304878
9.999010994137768 1.7413184404304878
9.999010845140896 1.7413184663781545
10.059949429625483 1.6712784508102652
10.01461890025354 1.7241404583847904
10.01461904948299 1.7241404583847904
10.01461890025354 1.7241404840764853
0.18355854272509653 10.01461890025354 1.7241404583847904 0.00010567390102355004
0.03806541470084472 0.03656803326202592 0.03518303741776904 0.03389836812466896 0.032703613439437874 0.031589739612065446 0.030548872636643007 0.029574119663745645 0.028659422121495068 0.027799434225877967 0.026989421947489847 0.026225178558334936 0.025502953692978964 0.0248193934846433 0.0241714898238349 0.023556537168162604 0.022972095631927966 0.022415959321513343 0.02188612907157815 0.02138078888828975 0.02089828552741709 0.020437110733375955
0.004181330456985581 0.0038648339334302535 0.0035825203663312705 0.0033297052688944866 0.003102468922755312 0.002897513361969808 0.0027120491907962835 0.00254370542349785 0.00239045721280552 0.002250567570619364 0.0021225401028934668 0.0020050804673856686 0.001897064780028063 0.0017975135875978117 0.0017055703233382741 0.0016204833916544704 0.001541591205188995 0.001468309635176713 0.0014001214434165921 0.0013365673485420634 0.0012772384458234363 0.0012217697525103025
