10.14185949640308 15.405564355911224
10.141859647528564 15.405564355911224
10.14185949640308 15.405564585472021
8.92319033108047 13.535432449482435
8.923190464046368 13.535432449482435
8.92319033108047 13.535432651176096
10.548451034090112 9.299623585309845
9.32917830507147 12.474789225402974
9.32917844408706 12.474789225402974
9.32917830507147 12.47478941129182
9.70326273833698 11.55118296315409
9.703262882926861 11.55118296315409
9.70326273833698 11.55118313528013
10.460662783323029 9.707736209010417
10.460662939199052 9.707736209010417
10.460662783323029 9.70773635366696
12.06152031887486 6.0573857868046534
10.874848795622263 8.80140423997667
10.874848957670139 8.80140423997667
10.874848795622263 8.801404371127813
11.691217959090972 6.983302990748475
11.691218133303696 6.983302990748475
11.691217959090972 6.983303094807799
11.926556134636652 6.544141442055897
11.926556312356187 6.544141442055897
11.926556134636652 6.544141539571204
12.362547705128556 5.648095103222389
12.362547889344873 5.648095103222389
12.362547705128556 5.648095187385565
12.818220119716324 4.761895158818937
12.818220310722689 4.761895158818937
12.818220119716324 4.761895229776704
12.943212847759202 4.546399106381294
12.943213040628104 4.546399106381294
12.943212847759202 4.54639917412792
13.179737806360873 4.107875598827012
13.002824520055283 4.437028721011137
13.002824713812467 4.437028721011137
13.002824520055283 4.437028787128017
0.07666876620997864 13.002824520055283 4.437028721011137 0.00010706303056189363
0.026701069787925098 0.025585426224869565 0.02455875539886722 0.02361088406078418 0.022733123818684368 0.02191801138112652 0.02115910116135684 0.020450798401904544 0.01978822392533437 0.019167103768083827 0.01858367854050737 0.01803462853678052 0.017517011504700666 0.017028210656517176 0.016565891014054566 0.01612796257515038 0.015712549093340463 0.015317961500435347 0.014942675188152926 0.014585310512223943 0.01424461599932085 0.013919453830534959
0.002045092253481382 0.001879147483947971 0.0017324778660196987 0.001602230299865452 0.0014860569705569897 0.0013820124178082272 0.0012884740854337718 0.001204080467542142 0.001127682564222844 0.0010583054918700324 0.0009951179050681322 0.0009374074745716204 0.0008845610951820202 0.0008360488136849701 0.0007914107021115427 0.0007502460776969049 0.0007122046038323877 0.0006769789073615158 0.0006442984249296083 0.0006139242507072602 0.0005856448040326907 0.0005592721715788672
