8.298984952647176 7.934149568018803
8.29898507631169 7.934149568018803
8.298984952647176 7.934149686246845
7.435214985909783 7.0905877765147745
7.4352150967031205 7.0905877765147745
7.435214985909783 7.090587882172766
10.513737840038509 0.168211957148948
8.20517596186942 5.361028435562488
8.20517608413607 5.361028435562488
8.20517596186942 5.361028515448037
8.67919651806627 4.470511597940387
8.679196647396376 4.470511597940387
8.67919651806627 4.470511664556201
9.62516245213391 2.6883748594362693
8.923850170722774 4.029406710540304
8.923850303698504 4.029406710540304
8.923850170722774 4.029406770583143
9.40935770509623 3.145100112209019
9.409357845306586 3.145100112209019
9.40935770509623 3.145100159074663
9.948633163411628 2.29251715094111
9.557045376959929 2.940660428093916
9.557045519371002 2.940660428093916
9.557045376959929 2.940660471913171
9.825464134570806 2.5136003597088674
9.825464280981631 2.5136003597088674
9.825464134570806 2.5136003971644314
10.115530240638648 2.1009375608560403
10.115530391371795 2.1009375608560403
10.115530240638648 2.10093759216245
10.200498138087982 2.007758890451059
10.200498290087248 2.007758890451059
10.200498138087982 2.007758920368998
10.355825216811757 1.8090613024517563
10.239817471500697 1.958469519651363
10.239817624085868 1.958469519651363
10.239817471500697 1.9584695488348332
10.318157973913653 1.8596536611210335
10.31815812766619 1.8596536611210335
10.318157973913653 1.8596536888320325
10.398853714062453 1.7627516191547359
10.338951895386007 1.8359581796263658
10.338952049448396 1.8359581796263658
10.338951895386007 1.8359582069842746
10.298859504951952 1.8846208170716743
10.328968485936892 1.8481564290555657
10.33649599576808 1.83904000808558
10.336496149793874 1.83904000808558
10.33649599576808 1.8390400354894116
0.1756590937550987 10.33649599576808 1.83904000808558 0.00012378077010868137
0.03695741838435076 0.035491407539895554 0.03413631145921232 0.032880130532688824 0.031712518055867014 0.030624508021157855 0.029608294443188667 0.028657051296892316 0.02776478468899918 0.02692621078482696 0.026136654445903032 0.02539196462326628 0.024688443385030293 0.024022786099361232 0.023392030792567162 0.02279351509125861 0.022224839463331352 0.021683835714141574 0.021168539886225312 0.020677168864272233 0.020208100110195807 0.01975985405249413
0.0038421717546210017 0.003548465469306929 0.003286799246666864 0.0030527364773422897 0.002842572691374117 0.0026531971126375585 0.002481983425910939 0.0023267030080759677 0.0021854555577308973 0.002056613292263383 0.0019387757944402811 0.0018307332706816314 0.0017314364934274146 0.0016399720854399558 0.0015555420969687215 0.001477447050986085 0.0014050718043872327 0.001337873706790655 0.0012753726427485127 0.0012171426247611404 0.0011628046687220301 0.0011120207342469113
