12.98597230637272 4.092650185198391
12.985972499878786 4.092650185198391
12.98597230637272 4.092650246183631
10.285247793308383 3.2527936930743873
10.285247946570518 3.2527936930743873
10.285247793308383 3.2527937415447905
8.179722659173041 6.815939046173326
9.77406750830974 4.1523893090821264
9.774067653954695 4.1523893090821264
9.77406750830974 4.152389370957549
9.301716356128972 5.072966272266162
9.301716494735347 5.072966272266162
9.301716356128972 5.07296634785925
8.381771631677047 6.926614547532973
9.082511091743532 5.541574254585732
9.082511227083494 5.541574254585732
9.082511091743532 5.541574337161623
8.629031902786693 6.471592631444322
8.629032031369288 6.471592631444322
8.629031902786693 6.4715927278785665
7.763229682356524 8.351139582053628
8.419839808887783 6.944755454242245
8.419839934353174 6.944755454242245
8.419839808887783 6.944755557727166
7.992577510612354 7.887105964712759
7.99257762971104 7.887105964712759
7.992577510612354 7.887106082239796
7.909504528225442 8.098848929582855
7.909504646086244 8.098848929582855
7.909504528225442 8.098849050265109
7.912403162203569 8.09316149259064
7.912403280107564 8.09316149259064
7.912403162203569 8.093161613188144
0.043836866373696215 7.912403162203569 8.09316149259064 8.34257616636072e-05
0.034374193751132064 0.03299932607097362 0.03172958433802419 0.030553450837774727 0.029461017902303512 0.028443718251815173 0.027494107367646497 0.02660568663416052 0.025772758669939503 0.02499030825828556 0.02425390377550826 0.023559615138385764 0.02290394514605878 0.022283771745823595 0.02169629925712157 0.021139016980253337 0.020609663923072046 0.020106198620263378 0.019626773210855975 0.019169711091669855 0.018733487586106806 0.01831671316558256
0.0033713552193801104 0.0031144460034706794 0.0028855725056494454 0.002680838447202809 0.0024969951599912274 0.0023313177715164625 0.0021815079102407977 0.0020456166863158575 0.0019219832967973774 0.0018091857621608416 0.001706001149359631 0.0016113732637036793 0.0015243862590031962 0.0014442429661640172 0.0013702470056903865 0.0013017879515850553 0.0012383289690412538 0.0011793964678516648 0.0011245714062593946 0.0010734819524454654 0.0010257972677588014 0.0009812222207282338
