8.314893582892278 5.246566167846009
8.314893706793848 5.246566167846009
8.314893582892278 5.246566246025937
11.22920369149988 2.241409815779267
11.229203858828054 2.241409815779267
11.22920369149988 2.2414098491788756
13.119797504315576 0.26810147468172674
11.866753780634847 1.9958531884498918
11.866753957463258 1.9958531884498918
11.866753780634847 1.9958532181904218
12.722379229985822 0.9304998273773926
12.091592563545037 1.7386770522225774
12.091592743723806 1.7386770522225774
12.091592563545037 1.7386770781308845
12.542267318924146 1.2251982909818007
12.208295331895728 1.6139634816072626
12.208295513813505 1.6139634816072626
12.208295331895728 1.6139635056571926
12.439625718391161 1.3626105511902502
12.267339506369709 1.5522622808914712
12.267339689167311 1.5522622808914712
12.267339506369709 1.5522623040219816
12.384543771506385 1.4280198925125118
12.296978921721822 1.5215243851460565
12.296979104961087 1.5215243851460565
12.296978921721822 1.5215244078185366
12.355967481935668 1.4597700130499727
12.311816304037196 1.5061724999085624
12.311816487497556 1.5061724999085624
12.311816304037196 1.5061725223522815
0.21140805669907847 12.311816304037196 1.5061724999085624 9.377838495332292e-05
0.032311947443061574 0.030995983577559397 0.029782211287596876 0.028659271003114502 0.027617412485763188 0.026648221980984082 0.025744402595763712 0.0248995962701356 0.02410823850413424 0.023365439068733725 0.02266688347188723 0.022008751111740315 0.021387646929799147 0.020800544050008286 0.020244735407955503 0.0197177927761661 0.019217531904915666 0.018741982744109004 0.018289363906167998 0.01785806068428944 0.01744660606376795 0.017053664263098765
0.0029156122909702303 0.002685757897277309 0.002481791379640368 0.002300005641909053 0.002137327266079493 0.0019911922010649665 0.0018594487008296043 0.001740280964423875 0.0016321486303751663 0.0015337385061589724 0.0014439258087289182 0.0013617428500813141 0.001286353589336525 0.0012170328367937919 0.0011531491691681116 0.0010941508225699014 0.001039553987912464 0.0009889330548011942 0.0009419124436976932 0.0008981597389853511 0.0008573798924785889 0.0008193103116406051
