15.32386649214154 14.215971007204352
15.323866720484945 14.215971007204352
15.32386649214154 14.215971219038828
10.342102279186204 9.613504022212233
10.342102433295537 9.613504022212233
10.342102279186204 9.613504165464606
11.699088485634233 6.4935220929760575
10.685635195146865 8.835386864674422
10.685635354375238 8.835386864674422
10.685635195146865 8.835386996331946
11.379791701004306 7.282302370453837
11.379791870576417 7.282302370453837
11.379791701004306 7.282302478968599
12.089980824905126 5.810156685704658
12.08998100505988 5.810156685704658
12.089980824905126 5.810156772282739
12.26164043825592 5.509289345113407
12.2616406209686 5.509289345113407
12.26164043825592 5.509289427208215
12.28084759876483 5.47372685350682
12.280847781763718 5.47372685350682
12.28084759876483 5.473726935071706
0.06288542538426944 12.28084759876483 5.47372685350682 8.731124458815632e-05
0.027066074332719455 0.025937428458396073 0.02489861358889822 0.023939379094589416 0.02305096744381265 0.022225853538535 0.021457536487218855 0.020740371980833432 0.020069436376846373 0.019440415743350814 0.018849514699874757 0.0182933810713334 0.017769043258026942 0.0172738578960922 0.016805465895527682 0.016361755337308742 0.01594083001665547 0.01554098265782707 0.015160672012884499 0.014798503204604983 0.014453210791097276 0.014123644123418926
0.0020968080685407836 0.001927216274501473 0.0017772577370496648 0.0016440363070789605 0.001525166951028749 0.0014186720000977143 0.001322900983189653 0.001236468154969659 0.0011582034223202378 0.0010871135036384428 0.0010223509673326328 0.0009631893842835792 0.0009090032593763407 0.0008592517246987193 0.0008134652131824535 0.0007712345085503625 0.0007322017012151967 0.0006960526815710659 0.0006625108801074634 0.0006313320239180986 0.0006022997258472816 0.0005752217589502467
