9.450747927979016 2.6097309116910696
9.450748068806135 2.6097309116910696
9.450747927979016 2.6097309505790904
4.540502888507786 10.1695557495654
8.27423688973693 4.53188150343242
9.209914467228097 3.119070498028176
9.209914604466517 3.119070498028176
9.209914467228097 3.119070544505948
8.638280111081638 4.090123762778517
9.076113972583258 3.366970316784918
9.076114107827895 3.366970316784918
9.076113972583258 3.3669703669566857
8.793701495237414 3.8544852013440485
8.793701626273778 3.8544852013440485
8.793701495237414 3.854485258780354
8.527693725586559 4.351141457232059
8.527693852659098 4.351141457232059
8.527693725586559 4.351141522069119
8.007680289031093 5.350789548267623
8.40156475635555 4.603031067235236
8.40156488154862 4.603031067235236
8.40156475635555 4.603031135825743
8.144379754003909 5.104312868812657
8.144379875364624 5.104312868812657
8.144379754003909 5.104312944872846
7.646924182810175 6.115375792075888
8.0229611850852 5.358506542275554
8.022961304636636 5.358506542275554
8.0229611850852 5.358506622123524
7.776608036452036 5.8651994435341415
7.776608152332526 5.8651994435341415
7.776608036452036 5.865199530932424
7.661942254049728 6.115994899571927
7.661942368221564 6.115994899571927
7.661942254049728 6.115994990707352
7.6614924406165645 6.1188302503501
7.661492554781699 6.1188302503501
7.6614924406165645 6.118830341527776
0.055887390771456436 7.6614924406165645 6.1188302503501 7.899347855580635e-05
0.03745150736643708 0.035980423833445865 0.034619827337849136 0.03335783919415301 0.03218420853975533 0.031090045340138196 0.03006760379387248 0.0291101054754158 0.02821159403361613 0.027366815118568293 0.026571116607963168 0.02582036526675619 0.025110876787482545 0.024439356785694352 0.023802850811736612 0.023198701820279458 0.02262451383782912 0.022078120804652643 0.021557559755333668 0.021061047652258327 0.020586961306899826 0.02013381992110628
0.004114417636405816 0.003806118890782702 0.003530876547061963 0.0032841829196582463 0.0030622643459752175 0.0028619439243286076 0.0026805329597934468 0.0025157445285680217 0.0023656242080659098 0.0022284942214833635 0.002102908134779011 0.0019876139070968044 0.0018815235937900427 0.0017836883780445025 0.0016932778941111855 0.0016095630251737206 0.0015319015285805958 0.0014597259728535543 0.0013925335736460131 0.0013298775964616506 0.0012713600575522698 0.0012166255048464848
