3.508244581084461 10.467529428594245
3.508244633361379 10.467529428594245
3.508244581084461 10.467529584572588
5.450868581428709 9.943882731154888
5.45086866265298 9.943882731154888
5.450868581428709 9.943882879330287
7.922143970206207 4.792972764642237
7.922144088255352 4.792972764642237
7.922143970206207 4.792972836063097
10.617945739091398 0.13297740090421328
8.779027089196298 3.755098582316249
8.779027220013996 3.755098582316249
8.779027089196298 3.755098638271578
10.121491042138809 1.4219640969412484
9.135146192220505 3.1841020333350043
9.13514632834479 3.1841020333350043
9.135146192220505 3.184102080781822
9.837145339741557 2.0357864430773684
9.316818855325815 2.9008891944628252
9.316818994157234 2.9008891944628252
9.316818855325815 2.9008892376894426
9.677759420707115 2.332928119432604
9.409057960936225 2.760192483230313
9.409058101142115 2.760192483230313
9.409057960936225 2.760192524360386
9.592202170509688 2.4779290121230417
9.59220231344464 2.4779290121230417
9.592202170509688 2.4779290490470616
9.785628676353653 2.20260982380009
9.785628822170883 2.20260982380009
9.785628676353653 2.2026098566215344
9.988701220176859 1.9343263718933685
9.988701369020106 1.9343263718933685
9.988701220176859 1.9343264007170775
10.046022494802619 1.8727619685084458
10.04602264450002 1.8727619685084458
10.046022494802619 1.8727619964147737
10.152665028647677 1.74264284181848
10.072929543484275 1.8404357128722169
10.072929693582621 1.8404357128722169
10.072929543484275 1.840435740296846
10.126572860608892 1.775641432131313
10.086412971229722 1.8242975223203841
10.086413121528988 1.8242975223203841
10.086412971229722 1.8242975495045355
0.18293172406587443 10.086412971229722 1.8242975223203841 0.0001114759197116115
0.038480750317904204 0.03696214675723345 0.035557871461112625 0.03425561822900458 0.0330447671619559 0.03191610844117431 0.03086161811306164 0.029874274921415915 0.02894790976342641 0.02807708124681277 0.027256972261328616 0.02648330357071574 0.02575226126897691 0.025060435591488118 0.024404769073878535 0.023782512444399266 0.023191186944444254 0.02262855201627665 0.022092577491408916 0.02158141956852757 0.02109339999478167 0.020626987965145612
0.0039016844154206552 0.0036052283933857435 0.0033409142310076136 0.0031043195721030775 0.0028917470200953933 0.002700087988037507 0.002526715074600872 0.0023693964236866662 0.002226227144692951 0.002095574061932763 0.0019760309449296867 0.0018663820308152579 0.0017655721459385633 0.0016726821091770918 0.0015869083854400143 0.001507546177124643 0.0014339753104076923 0.001365648404451935 0.0013020809139586797 0.0012428427157710068 0.0011875509735204703 0.0011358640644553218
