14.403964338506059 11.983117178262791
14.403964553141853 11.983117178262791
14.403964338506059 11.983117356825153
8.865050264752888 7.3956562423458365
8.865050396852432 7.3956562423458365
8.865050264752888 7.395656352549702
10.99485986641709 2.715784227169638
9.40727102938558 6.230183234931342
9.407271169564842 6.230183234931342
9.40727102938558 6.230183327768307
10.526141782002629 3.9155664214218686
9.695699433151011 5.6558212166414945
9.695699577628192 5.6558212166414945
9.695699433151011 5.655821300919798
10.266582627997073 4.504116798636161
10.266582780981075 4.504116798636161
10.266582627997073 4.5041168657527315
10.884529016974522 3.3769642140406333
10.432834475725995 4.229105905824831
10.432834631187344 4.229105905824831
10.432834475725995 4.229105968843419
10.74032754973658 3.6647206813653463
10.740327709779933 3.6647206813653463
10.74032754973658 3.66472073597394
11.065279859357657 3.1102040732961296
11.065280024243176 3.1102040732961296
11.065279859357657 3.110204119641782
11.408603636132241 2.566870422162779
11.156773817336301 2.9781187877305393
11.156773983585186 2.9781187877305393
11.156773817336301 2.9781188321079672
11.327606245713838 2.705929608201302
11.327606414508324 2.705929608201302
11.327606245713838 2.7059296485227953
11.5063080764783 2.4388410017060136
11.506308247935651 2.4388410017060136
11.5063080764783 2.4388410380475767
11.69230499917352 2.1767802973146964
11.692305173402442 2.1767802973146964
11.69230499917352 2.1767803297512502
11.743813569791769 2.115125744317774
11.743813744788227 2.115125744317774
11.743813569791769 2.1151257758356037
11.840673201449437 1.9869232530600685
11.768223350858642 2.083223287102637
11.768223526218836 2.083223287102637
11.768223350858642 2.083223318145083
11.816892460157273 2.0193035362234037
11.816892636242693 2.0193035362234037
11.816892460157273 2.019303566313371
11.866409858717867 1.9560386645158234
11.866410035541154 1.9560386645158234
11.866409858717867 1.956038693663071
11.9165846676619 1.8932939013892063
11.916584845232848 1.8932939013892063
11.9165846676619 1.893293929601484
11.904286237863468 1.9091731227654938
11.904286415251157 1.9091731227654938
11.904286237863468 1.9091731512143901
0.1728312114060252 11.904286237863468 1.9091731227654938 0.00011378790196600317
0.03264289264607208 0.031314401433768645 0.03008899980905027 0.028955237088617462 0.02790328354147919 0.0269246557978221 0.026011995777779993 0.025158891454197117 0.02435973056753318 0.023609580486269398 0.022904088955485378 0.022239401642621864 0.021612093274469453 0.021019109836061194 0.020457719823192607 0.019925472944280036 0.019420164982546555 0.01893980777710997 0.018482603477135706 0.018046922378607687 0.017631283777399413 0.017234339372000182
0.0029100818933945616 0.0026808407887019175 0.0024773973696918627 0.002296060684315677 0.002133770111683375 0.00198797182936118 0.0018565223312663201 0.0017376125035176559 0.001629707449377173 0.0015314984715755675 0.0014418645078359338 0.0013598409679753197 0.001284594404618632 0.0012154018107774682 0.0011516336093088612 0.00109273960517292 0.0010382373284700498 0.000987702316821675 0.0009407599788123015 0.0008970787526050293 0.0008563643304265339 0.0008183547640879253
