2.607212332320078 1.0031203517100364
2.6072123711705695 1.0031203517100364
2.607212332320078 1.0031203666576944
1.79329982903035 3.6754513609237938
1.7932998557525996 3.6754513609237938
1.79329982903035 3.675451415692287
3.5659214000421295 5.834529717954982
3.565921453178499 5.834529717954982
3.5659214000421295 5.83452980489625
4.953909778556456 8.520984823417015
4.953909852375464 8.520984823417015
4.953909778556456 8.520984950389582
8.050592446502574 3.870631847856
8.050592566465749 3.870631847856
8.050592446502574 3.870631905532909
10.53009845617373 0.3298059227401309
8.9315151625644 3.2446825199753344
8.931515295654348 3.2446825199753344
8.9315151625644 3.2446825683248717
10.067534993697716 1.4059850151464837
9.238791648088107 2.8002272245504733
9.238791785756831 2.8002272245504733
9.238791648088107 2.8002272662771106
9.826983765793111 1.8936581839265925
9.390771149764985 2.5768619002120756
9.39077128969838 2.5768619002120756
9.390771149764985 2.57686193861031
9.692845232717302 2.1288545380007853
9.467898030649229 2.465961478631473
9.467898171731903 2.465961478631473
9.467898030649229 2.465961515377163
9.621029814614971 2.2433845396053926
9.621029957979488 2.2433845396053926
9.621029814614971 2.2433845730344273
9.78212384873786 2.0265008168026815
9.782123994502864 2.0265008168026815
9.78212384873786 2.026500846999897
9.95033701375148 1.8150908639554915
9.826499765762835 1.9755828160208901
9.826499912189092 1.9755828160208901
9.826499765762835 1.9755828454593682
9.910107938089043 1.8694831799142635
9.91010808576116 1.8694831799142635
9.910107938089043 1.8694832077717336
9.889748938774883 1.8964271467859302
9.889749086143626 1.8964271467859302
9.889748938774883 1.8964271750448967
9.93223067669525 1.843918416476703
9.900414206315471 1.8833363630335516
9.90041435384314 1.8833363630335516
9.900414206315471 1.8833363910974503
0.17256506202288657 9.900414206315471 1.8833363630335516 7.57869648222685e-05
0.03836938515562131 0.03685946055392631 0.03546290497826296 0.03416754921091722 0.03296288683729227 0.03183980266528136 0.030790352125259622 0.029807580940191127 0.028885376826034502 0.02801834683641101 0.027201715367275645 0.026431238905221113 0.02570313442238149 0.025014018953822468 0.024360858385412215 0.023740923865177805 0.023151754554173003 0.02259112567273921 0.02205702098894002 0.021547609048682873 0.02106122256985422 0.0205963405220272
0.004105128254604607 0.0037942456654887547 0.0035169563760782036 0.003268654356950792 0.0030454859330519475 0.0028442090135884545 0.002662081703297792 0.0024967735828869122 0.0023462946012429765 0.0022089377413161094 0.002083232526672371 0.001967907112405606 0.001861857213522276 0.0017641205099773287 0.001673855461995296 0.0015903236952878618 0.0015128752902377224 0.0014409364445786964 0.0013739990848644992 0.001311612085035373 0.0012533738158903257 0.001198925801206436
