7.157629548024328 6.742262956352919
7.15762965468132 6.742262956352919
7.157629548024328 6.742263056820466
10.290353725620662 0.06962011378667743
8.019934199523114 5.113593747201548
8.019934319029446 5.113593747201548
8.019934199523114 5.113593823400032
9.692775081586746 1.8293686936107698
8.46072436227583 4.304435413728437
8.460724488350447 4.304435413728437
8.46072436227583 4.304435477869523
9.33418792797662 2.681723454005623
8.686360098520042 3.9027554309291075
8.686360227956895 3.9027554309291075
8.686360098520042 3.9027554890846954
9.134235030179823 3.0974969495709193
9.134235166290532 3.0974969495709193
9.134235030179823 3.0974969957272207
9.62920725162809 2.320299628292007
9.269296738342613 2.9108879773825924
9.269296876465898 2.9108879773825924
9.269296738342613 2.9108880207582035
9.51553641658984 2.5214983076315334
9.515536558382383 2.5214983076315334
9.51553641658984 2.5214983452047863
9.78000262248106 2.1442504845846138
9.780002768214455 2.1442504845846138
9.78000262248106 2.144250516536436
10.063042859936441 1.7807308592088467
9.85634867041723 2.0580099816710367
9.85634881728827 2.0580099816710367
9.85634867041723 2.058010012337775
9.996880128699306 1.8754846882288752
9.99688027766443 1.8754846882288752
9.996880128699306 1.8754847161757748
10.144992556494568 1.6990554325890361
10.144992707666738 1.6990554325890361
10.144992556494568 1.699055457906935
10.29955281020806 1.5282464706313692
10.185727528083923 1.658346736537959
10.18572767986309 1.658346736537959
10.185727528083923 1.658346761249251
10.262526926984714 1.5725097066106841
10.262527079908281 1.5725097066106841
10.262526926984714 1.5725097300429047
10.282946767789761 1.5522078824897423
10.28294692101761 1.5522078824897423
10.282946767789761 1.5522079056194422
10.243606493691889 1.5942659218932727
10.273149919989063 1.5627580134583712
10.280536099322294 1.5548806891948355
10.280536252514219 1.5548806891948355
10.280536099322294 1.5548807123643633
0.21235734329786704 10.280536099322294 1.5548806891948355 0.000131257082849942
0.03875303680575037 0.037225033967387106 0.03581197067586295 0.03450148557674121 0.033282909680210485 0.03214698939725753 0.031085661673814286 0.030091870254676193 0.02915941464452269 0.028282825234434702 0.027457259498866647 0.026678415261732646 0.025942457868914477 0.025245958751979332 0.02458584337106457 0.023959346918360293 0.02336397647316209 0.022797478544378143 0.022257811131219024 0.021743119588629223 0.021251715709277676 0.020782059535099224
0.003907821089710115 0.0036112322840822827 0.0033467636039551 0.0031100007781172316 0.0028972523143437953 0.0027054139227575907 0.002531861310190178 0.0023743648468162663 0.0022310212129030946 0.0021001983160876996 0.0019804906466091773 0.0018706828930411636 0.001769720133849066 0.001676683293256611 0.0015907688343138585 0.0015112718801752357 0.0014375721228781758 0.0013691220094982585 0.0013054367974552037 0.0012460861506849294 0.001190687011432736 0.0011388975323830233
