8.568818142581716 12.685670210944053
8.568818270267055 12.685670210944053
8.568818142581716 12.68567039997527
11.645818786961545 5.422154978074858
9.504249023685526 10.949545007177157
9.504249165309872 10.949545007177157
9.504249023685526 10.949545170338093
11.032025661704449 7.313263229009687
9.90408192131508 10.048199308739273
9.904082068897402 10.048199308739273
9.90408192131508 10.04819945846911
10.680005021609128 8.235161802533908
10.680005180753605 8.235161802533908
10.680005021609128 8.23516192524738
11.511821644508458 6.447078257968485
11.511821816047968 6.447078257968485
11.511821644508458 6.447078354037438
12.394228253147862 4.683411556602605
12.394228437836254 4.683411556602605
12.394228253147862 4.683411626390876
12.654619337567622 4.264760046770702
12.654619526136145 4.264760046770702
12.654619337567622 4.264760110320578
13.13088720750736 3.401360179859438
12.77561500783509 4.049985284149522
12.775615198206587 4.049985284149522
12.77561500783509 4.049985344499006
13.016377887522882 3.6197460027092148
13.016378081482028 3.6197460027092148
13.016377887522882 3.6197460566476334
13.514654867955354 2.768857957846424
13.143558632222636 3.408574960518118
13.143558828076921 3.408574960518118
13.143558632222636 3.408575011309843
13.396266739285803 2.985241503117948
13.396266938905733 2.985241503117948
13.396266739285803 2.985241547601513
13.663242236264319 2.57075786346144
13.663242439862493 2.57075786346144
13.663242236264319 2.5707579017687174
13.945138312221548 2.1662739875284838
13.73828155438441 2.4729767893382424
13.738281759100758 2.4729767893382424
13.73828155438441 2.4729768261884684
13.878506743829284 2.270232992570976
13.87850695063515 2.270232992570976
13.878506743829284 2.270233026400084
14.024949910458151 2.0719338502879903
14.02495011944619 2.0719338502879903
14.024949910458151 2.0719338811622103
14.176930389041523 1.877846022199707
14.176930600294249 1.877846022199707
14.176930389041523 1.8778460501817933
14.335354222024952 1.6889808850639816
14.335354435638376 1.6889808850639816
14.335354222024952 1.6889809102317581
14.379162235841509 1.64563498150203
14.379162450107723 1.64563498150203
14.379162235841509 1.645635006023902
14.461559238156818 1.5539683478228918
14.461559453650844 1.5539683478228918
14.461559238156818 1.5539683709788248
14.483556402954068 1.532389953572601
14.483556618775877 1.532389953572601
14.483556402954068 1.5323899764069908
0.20878758642464235 14.483556402954068 1.532389953572601 4.482977318522624e-05
0.027666456910883378 0.026513771171745745 0.025452726743038823 0.024472880807323218 0.023565309120410716 0.02272234141944857 0.021937349936488604 0.021204579064240635 0.020519007180335766 0.019876233801557844 0.019272386838792815 0.01870404591561939 0.018168178609889354 0.017662087157243742 0.017183363674756518 0.01672985236257234 0.016299617451212216 0.015890915903978422 0.015502174073751415 0.015131967663481256 0.01477900445888948 0.014442109397158735
0.0021317687081842205 0.00195921417821145 0.001806647306798635 0.0016711187068440545 0.001550199510171188 0.0014418757464789494 0.001344466711645301 0.001256561343415518 0.0011769682365927753 0.0011046760779285193 0.0010388221056682257 0.0009786667968286547 0.0009235734229725068 0.0008729914383023267 0.0008264429043038662 0.000783511335478653 0.0007438324869533843 0.0007070867084439517 0.0006729925685031939 0.0006413015142580699 0.0006117933793961173 0.0005842725902865287
