4.242838127012765 1.2714639189500456
4.24283819023598 1.2714639189500456
4.242838127012765 1.2714639378963344
2.573897629531575 5.374259732184264
2.5738976678856385 5.374259732184264
2.573897629531575 5.374259812266974
3.4048042932250633 9.7248792266304
3.404804343960601 9.7248792266304
3.4048042932250633 9.724879371542393
5.115562794482169 9.906199441837341
5.1155628707099945 9.906199441837341
5.115562794482169 9.906199589451216
6.896249762316786 6.536973964769603
6.896249865078915 6.536973964769603
6.896249762316786 6.536974062178105
7.97327034633229 4.516368708809649
7.973270465143277 4.516368708809649
7.97327034633229 4.516368776108787
8.514747522344615 3.599534753242101
8.51474764922424 3.599534753242101
8.514747522344615 3.5995348068793485
8.949878719092956 2.87275584579955
8.949878852456541 2.87275584579955
8.949878719092956 2.872755888606948
9.077534416420994 2.7037863393564288
9.077534551686798 2.7037863393564288
9.077534416420994 2.703786379645985
9.309990431275548 2.3497370690144357
9.13653414428065 2.6158619405556904
9.136534280425618 2.6158619405556904
9.13653414428065 2.615861979535071
9.25395405140941 2.439625631646848
9.253954189304071 2.439625631646848
9.25395405140941 2.4396256680001027
9.375708368331372 2.266355445293841
9.375708508040313 2.266355445293841
9.375708368331372 2.2663554790651688
9.501172023269204 2.0957519797441044
9.5011721648477 2.0957519797441044
9.501172023269204 2.0957520109732424
9.630821147540694 1.9283071358593928
9.630821291051111 1.9283071358593928
9.630821147540694 1.9283071645934082
9.765171882158464 1.764610613979406
9.765172027670864 1.764610613979406
9.765171882158464 1.7646106402741533
9.904779350161887 1.6053736018069442
9.9047794977546 1.6053736018069442
9.904779350161887 1.605373625728875
9.94302066649472 1.56876050752186
9.943020814657274 1.56876050752186
9.94302066649472 1.5687605308982133
10.015298055717125 1.4913806212517327
10.015298204956695 1.4913806212517327
10.015298055717125 1.4913806434750356
10.089695637824612 1.4160369581569194
10.089695788172794 1.4160369581569194
10.089695637824612 1.4160369792575145
10.165703603322301 1.3423181886820643
10.16570375480309 1.3423181886820643
10.165703603322301 1.342318208684164
10.147291521993637 1.3613372448664727
10.147291673200064 1.3613372448664727
10.147291521993637 1.3613372651519784
10.185577033388284 1.3247703668858943
10.156904691183998 1.352239482099327
10.156904842533672 1.352239482099327
10.156904691183998 1.3522395022492655
0.24205434275380078 10.156904691183998 1.352239482099327 0.00012386202680576486
0.04008404948354173 0.03851448726498675 0.03706221977689623 0.035714716841546444 0.03446115199772311 0.03329212563586887 0.03219943983906583 0.031175914123801957 0.030215233753944356 0.029311824165055712 0.02846074644783873 0.027657609916588857 0.026898498616146467 0.02617990926103072 0.02549869859883801 0.024852038580395322 0.024237378026776116 0.023652409727041444 0.023095042094767246 0.022563374666938592 0.022055676853959025 0.021570369450743046
0.004103681442409442 0.0037947775688119893 0.0035190522551249567 0.0032719845173931647 0.003049787126610836 0.0028492702162996666 0.0026677331677085817 0.0025028783564309417 0.0023527419151937994 0.002215637827958106 0.002090112533845302 0.0019749078663221535 0.0018689306410953192 0.001771227576730713 0.001680964515166766 0.0015974091269713574 0.0015199164545212757 0.0014479167771862056 0.0013809053849532884 0.001318433927380847 0.0012601030683284037 0.0012055562273680825
