12.210000437866501 9.619743618610823
12.210000619809685 9.619743618610823
12.210000437866501 9.619743761956173
10.72316179090086 8.438157594759435
10.723161950688423 8.438157594759435
10.72316179090086 8.438157720497781
12.648222441830406 4.175042913362916
11.208821106205976 7.374374082719342
11.208821273230425 7.374374082719342
11.208821106205976 7.374374192606079
12.206738352755611 5.259152464741039
12.206738534650187 5.259152464741039
12.206738352755611 5.2591525431085175
13.311160080232721 3.1975380555945487
12.508687352739162 4.758451072525398
12.50868753913313 4.758451072525398
12.508687352739162 4.758451143431844
13.05906561545847 3.7266642248882196
13.059065810053712 3.7266642248882196
13.05906561545847 3.7266642804198438
13.657225949638963 2.721823667563791
13.657226153147489 2.721823667563791
13.657225949638963 2.721823708122124
13.84174486484715 2.495060485764297
13.841745071105223 2.495060485764297
13.84174486484715 2.495060522943595
14.174568076594078 2.0143279275989414
13.926613625617176 2.3760458391122166
13.92661383313989 2.3760458391122166
13.926613625617176 2.376045874518059
14.095610135236496 2.1374898699437135
14.095610345277455 2.1374898699437135
14.095610135236496 2.1374899017947944
14.274087717903697 1.905941768732088
14.274087930604178 1.905941768732088
14.274087717903697 1.9059417971328336
14.461344838270522 1.6814344379801474
14.32368506824468 1.8522584286045995
14.32368528168422 1.8522584286045995
14.32368506824468 1.852258456205401
14.416735829386326 1.7395253432954518
14.416736044212431 1.7395253432954518
14.416735829386326 1.7395253692163994
14.513168483403263 1.6296711858338018
14.441715619723151 1.712852142948461
14.441715834921483 1.712852142948461
14.441715619723151 1.712852168471947
0.19026580552533912 14.441715619723151 1.712852142948461 7.16316091798927e-05
0.027539857499449972 0.026391302755938175 0.02533415661080658 0.0243579911614591 0.023453896696909587 0.022614216844095064 0.021832336941312324 0.021102513641868013 0.020419736725630546 0.01977961627109748 0.019178289946333645 0.018612346373579235 0.018078761421592166 0.017574844961278504 0.017098196140674152 0.016646665635855814 0.016218323644724895 0.015811432632732533 0.015424424029713422 0.015055878227157819 0.014704507344557059 0.014369140328773901
0.0020856365980486636 0.0019166199733558792 0.0017672056222025993 0.0016344971462591337 0.0015161100478989897 0.0014100676993866958 0.0013147209783482534 0.0012286856581177896 0.0011507932394221848 0.001080052045562294 0.0010156162185539445 0.0009567608445851909 0.0009028618692976267 0.0008533797821978166 0.0008078462866284328 0.0007658533494938837 0.0007270441592041411 0.0006911056224448984 0.0006577621086207698 0.0006267702111393102 0.0005979143415016247 0.0005710030086897985
