11.827591152410928 4.525303883667959
11.827591328655771 4.525303883667959
11.827591152410928 4.525303951100242
6.956888832018324 16.21489526293574
6.956888935684046 16.21489526293574
6.956888832018324 16.21489550455651
8.051232148236842 16.550376796757654
8.05123226820955 16.550376796757654
8.051232148236842 16.550377043377487
8.869664832637424 14.608297743332786
8.869664964805729 14.608297743332786
8.869664832637424 14.608297961013385
9.189926850938921 13.823554663442343
9.189926987879502 13.823554663442343
9.189926850938921 13.823554869429358
9.280192747564952 13.599128113584877
9.2801928858506 13.599128113584877
9.280192747564952 13.599128316227677
9.301460707824784 13.545107373250366
9.30146084642735 13.545107373250366
9.301460707824784 13.545107575088194
0.026090657133875594 9.301460707824784 13.545107373250366 4.6272876577094555e-05
0.026078632082327635 0.024995272576554234 0.02399793649315706 0.023076820161120115 0.02222354784787887 0.021430922139740374 0.020692724679318847 0.020003555845044423 0.019358704810006448 0.01875404349527929 0.018185939462309283 0.017651183925609146 0.017146931919501177 0.01667065229752676 0.016220085734930348 0.01579320928255886 0.015388206313065969 0.015003440928330166 0.014637436075883739 0.014288854763367014 0.013956483872161533 0.013639220160908318
0.0020934247630978843 0.0019272095711349998 0.0017799033806161467 0.0016487624489340037 0.0015315199955169584 0.0014262906628350856 0.0013314964554576474 0.001245808839378545 0.001168103113587096 0.0010974221827041377 0.0010329475904217044 0.0009739762041692438 0.0009199013303933936 0.000870197327482564 0.0008244069978892328 0.0007821312022735311 0.0007430202606533756 0.0007067667987519744 0.0006730997693352693 0.0006417794336969737 0.0006125931315271042 0.0005853517011143714
