13.954831035899117 2.9310938884846878
13.954831243842303 2.9310938884846878
13.954831035899117 2.9310939321613905
11.585027384353351 2.4420151776698837
11.585027556983711 2.4420151776698837
11.585027384353351 2.4420152140587454
9.26184806018754 5.839018339005783
11.018427372860094 3.3008015117618923
11.45797591221936 2.665660588351716
11.457976082956506 2.665660588351716
11.45797591221936 2.6656606280731543
11.177049179464053 3.096610186315637
11.38970921427472 2.7746536822813326
11.389709383994614 2.7746536822813326
11.38970921427472 2.774653723626894
11.250451742998909 2.9909097873612254
11.250451910643703 2.9909097873612254
11.250451742998909 2.990909831929254
10.979786098715321 3.4283769223169704
10.979786262326884 3.4283769223169704
10.979786098715321 3.4283769734037675
10.725105260168498 3.8753389516202708
10.72510541998502 3.8753389516202708
10.725105260168498 3.875339009367321
10.226812609282986 4.775480037628925
10.226812761674369 4.775480037628925
10.226812609282986 4.7754801087891225
10.123119276875366 5.010867036217764
10.123119427721598 5.010867036217764
10.123119276875366 5.010867110885502
9.889121704271707 5.468996407877596
9.889121851631103 5.468996407877596
9.889121704271707 5.468996489371993
9.432584285699244 6.391017625686895
9.432584426255703 6.391017625686895
9.432584285699244 6.391017720920479
8.559163121387689 8.254169157989635
9.221169851493443 6.859996646722248
9.22116998889958 6.859996646722248
9.221169851493443 6.859996748944164
8.78981127939106 7.794062663083588
8.789811410369454 7.794062663083588
8.78981127939106 7.794062779224173
8.64355382834124 8.142185741220937
8.64355395714023 8.142185741220937
8.64355382834124 8.142185862548958
8.645280539941405 8.140760048500475
8.645280668766123 8.140760048500475
8.645280539941405 8.140760169807253
0.04446646943779431 8.645280539941405 8.140760048500475 5.583105724341776e-05
0.03264212478839148 0.03132036696689836 0.030100843005443065 0.028972221475140048 0.0279247735463788 0.026950101405733562 0.026040919698258343 0.02519087838065944 0.02439441817067351 0.023646651845597996 0.022943266183770784 0.02228044050101256 0.02165477861179055 0.021063251715227122 0.02050315022184218 0.019972042936523125 0.019467742324892765 0.01898827483488522 0.018531855438527874 0.018096865712365236 0.017681834897501966 0.017285423478623108
0.00292744711094052 0.002700624754632395 0.0024989550506276754 0.0023188862048789667 0.0021574662175048065 0.0020122263904080863 0.0018810901781383133 0.0017623013220061342 0.0016543667777381744 0.0015560110810993982 0.0014661396226311261 0.0013838089105904273 0.0013082023519752732 0.0012386104184636483 0.0011744143178536322 0.0011150724840876464 0.001060109345977752 0.001009105947799192 0.0009616920823894763 0.0009175396654774396 0.000876357133271668 0.0008378846873016944
