10.004918412431627 9.464941843258796
10.00491856151653 9.464941843258796
10.004918412431627 9.46494198429742
8.609786890988138 8.16027389184225
8.60978701928396 8.16027389184225
8.609786890988138 8.160274013439807
7.115118493188329 11.586869987400856
8.235192693465 9.016541423347203
8.235192816178934 9.016541423347203
8.235192693465 9.01654155770414
7.987040280579073 9.620879223411166
7.987040399595248 9.620879223411166
7.987040280579073 9.620879366773437
7.492868525913145 10.83042850447392
7.492868637565587 10.83042850447392
7.492868525913145 10.83042866585988
7.177793789460994 11.662835486583823
7.177793896418456 11.662835486583823
7.177793789460994 11.662835660373615
7.180251538509044 11.669381773536152
7.180251645503129 11.669381773536152
7.180251538509044 11.66938194742349
0.028814498837931635 7.180251538509044 11.669381773536152 5.818241275942396e-05
0.03141428434590547 0.030153521128570896 0.028989678580084492 0.027912064578429086 0.026911494324434033 0.025980035341000494 0.025110802251379027 0.024297790418013474 0.023535740163249823 0.022820025239541176 0.02214656066539326 0.02151172613107897 0.020912302001869585 0.020345415575259332 0.01980849573217502 0.019299234496669367 0.018815554310639977 0.018355580059321374 0.01791761506429723 0.01750012040454093 0.017101697040819958 0.016721070311000657
0.0032820211131094337 0.0030336402237550234 0.002812249317660032 0.0026141047771605793 0.0024360855362357617 0.0022755736793471835 0.002130360768665337 0.0019985737870275052 0.0018786161628363178 0.0017691204834342459 0.0016689103351210728 0.0015769693200733614 0.0014924157548574 0.0014144818953915142 0.0013424967898329212 0.001275872055893317 0.0012140900283523028 0.0011566938375437172 0.0011032790687643193 0.0010534867221212954 0.001006997246920112 0.000963525467761938
