8.971977998827029 5.523259626400909
8.971978132519919 5.523259626400909
8.971977998827029 5.5232597087038915
10.658078723287497 7.1726360004551175
10.658078882105245 7.1726360004551175
10.658078723287497 7.172636107335722
13.001415131819885 3.5711105222372437
13.001415325556067 3.5711105222372437
13.001415131819885 3.571110575450937
15.206962635577895 0.13549311460376323
13.660568199094003 2.7918407316072056
13.660568402652332 2.7918407316072056
13.660568199094003 2.7918407732088744
14.78724535165981 1.0896141648341289
13.955611932763645 2.3754452004188384
13.955612140718468 2.3754452004188384
13.955611932763645 2.37544523581573
14.54986796156061 1.5456235660154423
14.109586318357351 2.171973090846342
14.109586528606572 2.171973090846342
14.109586318357351 2.171973123211263
14.41562307096824 1.7635890201203313
14.187855270259233 2.0712198086844626
14.18785548167475 2.0712198086844626
14.187855270259233 2.071219839548043
14.34324656786608 1.8688277252896288
14.227215027288425 2.021018984974532
14.22721523929045 2.021018984974532
14.227215027288425 2.0210190150900615
14.305517224942701 1.920291538165228
14.305517438111519 1.920291538165228
14.305517224942701 1.9202915667798017
14.386064058127673 1.8213498363298404
14.386064272496732 1.8213498363298404
14.386064058127673 1.8213498634700678
14.468423007388397 1.7239113625380176
14.4684232229847 1.7239113625380176
14.468423007388397 1.7239113882262986
14.552736089662726 1.6281587810813662
14.552736306515392 1.6281587810813662
14.552736089662726 1.6281588053428226
14.639140005772363 1.5342885729260147
14.639140223912548 1.5342885729260147
14.639140005772363 1.534288595788696
14.72776904340449 1.4425163201117046
14.72776926286535 1.4425163201117046
14.72776904340449 1.442516341606873
14.751310518154426 1.420995928381157
14.751310737966081 1.420995928381157
14.751310518154426 1.4209959495556466
0.2191440220960268 14.751310518154426 1.420995928381157 4.416194074815708e-05
0.027107140523449178 0.025976293328856856 0.02493547396760611 0.02397440858728498 0.023084319635076945 0.022257664724384008 0.021487928001792347 0.02076945217635663 0.020097302309652565 0.01946715461174425 0.018875205072872617 0.018318093941244597 0.017792842944525177 0.017296802824919275 0.01682760927115355 0.016383145725690863 0.015961511851591174 0.015560996682194158 0.015180055664242962 0.014817290953120968 0.014471434436496474 0.014141333056634155
0.0021209497206013546 0.0019490162298016363 0.0017970302178915952 0.001662043173777583 0.0015416279081616458 0.0014337725621392987 0.0013367987392687041 0.001249297732546681 0.0011700804481079576 0.0010981377860131635 0.001032609070033015 0.0009727567208863111 0.0009179458079914944 0.0008676274397736509 0.0008213251942574802 0.0007786239728406562 0.0007391607969614279 0.0007026171714474596 0.0006687127180405415 0.0006371998440396465 0.0006078592586727109 0.0005804961870078418
