2.6160893110251235 8.736888308014628
2.616089350007892 8.736888308014628
2.6160893110251235 8.736888438204408
2.923533156074896 16.649821866607915
2.9235331996389347 16.649821866607915
2.923533156074896 16.649822114709593
4.415236079363911 18.50003494868246
4.415236145156055 18.50003494868246
4.415236079363911 18.500035224354463
5.854954785817593 15.544713324167354
5.854954873063218 15.544713324167354
5.854954785817593 15.544713555801634
6.464667608793011 14.067350041615304
6.464667705124065 14.067350041615304
6.464667608793011 14.067350251235155
6.553380418593448 13.86586014426592
6.553380516246426 13.86586014426592
6.553380418593448 13.865860350883336
6.557236829081054 13.856010221348097
6.557236926791497 13.856010221348097
6.557236829081054 13.856010427818738
0.025653345966960783 6.557236829081054 13.856010221348097 7.340513276773087e-05
0.03166348703395016 0.030396467283435428 0.0292267524084359 0.028143607153325423 0.02713781139584614 0.026201403261387594 0.025327472546515302 0.0245099933701029 0.023743687663654412 0.02302391309378653 0.0223465704817095 0.021708026887944404 0.021105051364825808 0.02053476101533468 0.01999457548535727 0.019482178394495866 0.018995484505091045 0.01853261166009786 0.018091856702737334 0.017671674735536085 0.017270661191876528 0.01688753628588494
0.0031804537695214715 0.002943231194955664 0.0027314842585021244 0.0025417138218113682 0.002370998145458153 0.002216882767169401 0.002077294029140035 0.001950470641866868 0.0018349091233563547 0.001729319999472467 0.0016325924140165068 0.001543765358280547 0.0014620041463296147 0.001386581074052037 0.0013168594352784965 0.0012522802471380417 0.0011923511737876842 0.0011366372432528944 0.0010847530340592434 0.0010363560723129692 0.0009911412301321168 0.0009488359560090834
