11.021130048545736 10.338956871416997
11.021130212773372 10.338956871416997
11.021130048545736 10.33895702547946
8.506477935741326 7.997080842502297
8.506478062497726 7.997080842502297
8.506477935741326 7.997080961668088
7.121717407157928 11.15054090711523
8.159549625489989 8.785407710635466
8.159549747076753 8.785407710635466
8.159549625489989 8.785407841548242
7.540993640109254 10.25504100247072
7.5409937524788155 10.25504100247072
7.540993640109254 10.25504115528274
7.255265826882496 11.012944738234449
7.255265934994382 11.012944738234449
7.255265826882496 11.012944902340113
7.263497584741095 11.002748925923887
7.263497692975643 11.002748925923887
7.263497584741095 11.002749089877623
0.03194240752728983 7.263497584741095 11.002748925923887 0.00016178596049320503
0.03256058020363564 0.03125518861397215 0.030050013275360596 0.02893401623952895 0.027897712724712167 0.026932908921395198 0.026032490857994733 0.025190253157052256 0.02440075920501868 0.02365922624617774 0.022961430392000583 0.02230362765016987 0.021682487920985826 0.021095039553165947 0.02053862254688094 0.020010848876157544 0.019509568702621702 0.019032841488008045 0.018578911198882032 0.018146184944839078 0.01773321450955831 0.01733868032896619
0.003242112514582911 0.0029967733650304957 0.0027780816068796745 0.0025823440387379415 0.002406480932638668 0.0022479085497688887 0.002104446924173553 0.001974246924714689 0.0018557321485825325 0.001747552315391514 0.0016485456454271353 0.0015577083056595197 0.0014741694529878944 0.0013971707381557027 0.001326049385884998 0.0012602241584872245 0.0011991836570045466 0.0011424765270901078 0.0010897032246106448 0.001040509064453124 0.0009945783297820776 0.0009516292614266929
