15.035228648522262 4.859471281678173
15.035228872564627 4.859471281678173
15.035228648522262 4.859471354089938
13.130724522142584 4.256261706195553
13.130724717805627 4.256261706195553
13.130724522142584 4.256261769618795
10.704691813113591 8.671800849491634
12.523791659027326 5.360128715466984
12.523791845646365 5.360128715466984
12.523791659027326 5.360128795339126
11.522957173486175 7.3562838364473215
11.522957345191617 7.3562838364473215
11.522957173486175 7.356283946064493
9.661482300437157 11.415856601513237
9.661482444404463 11.415856601513237
9.661482300437157 11.415856771622757
8.072584104124646 15.589658496621897
8.072584224415523 15.589658496621897
8.072584104124646 15.589658728925912
5.1407165192028454 24.026780720218987
7.403718230886675 17.720133415057234
7.4037183412106735 17.720133415057234
7.403718230886675 17.720133679107796
5.999754240304564 21.959721231225988
5.999754329707869 21.959721231225988
5.999754240304564 21.959721558451335
4.0830379484463935 28.845702014138112
5.579487146792996 23.69653839575229
5.579487229933833 23.69653839575229
5.579487146792996 23.69653874885823
4.642120873350652 27.145303050080017
4.642120942523643 27.145303050080017
4.642120873350652 27.145303454576553
4.30587192965799 28.732736513226172
4.305871993820482 28.732736513226172
4.30587192965799 28.73273694137731
4.2859344728426025 28.856290913923797
4.285934536708003 28.856290913923797
4.2859344728426025 28.856291343916038
0.012320873947143207 4.2859344728426025 28.856290913923797 8.16459178151347e-05
0.02629715554874318 0.025257945462739663 0.024298640680701037 0.023410358091734074 0.02258548553004632 0.021817462140805863 0.02110060280342054 0.020429956628323517 0.019801192049506696 0.019210502854633542 0.018654530830484465 0.018130301692556323 0.017635171710047397 0.017166782998682743 0.016723025881728172 0.016302007048409745 0.015902022493634295 0.015521534421544574 0.015159151451420869 0.014813611587704148 0.014483767513918971 0.014168573848641433
0.002958529657248054 0.002755076496357257 0.0025722370822767234 0.002407302256444371 0.0022579961233005195 0.0021223949918922607 0.001998863587668268 0.001886004425716718 0.0017826173118195897 0.0016876667071293395 0.0016002552495278687 0.0015196021327915522 0.0014450253465836944 0.0013759270057998678 0.0013117811677331374 0.0012521236646952196 0.0011965435786570587 0.0011446760608193802 0.0010961962583477943 0.0010508141569098317 0.00100827018417374 0.0009683314483439037
