10.84907716498384 13.402471718430839
10.849077326647686 13.402471718430839
10.84907716498384 13.40247191814323
8.799643859381476 10.864651594820984
8.799643990506388 10.864651594820984
8.799643859381476 10.864651756716908
10.662313354882171 6.300421269213162
9.27088312594842 9.7258838130445
9.270883264095342 9.7258838130445
9.27088312594842 9.725883957971464
10.237462828179027 7.458471696136215
10.237462980729111 7.458471696136215
10.237462828179027 7.458471807276104
11.298925094389972 5.2338971556730165
11.298925262757075 5.2338971556730165
11.298925094389972 5.233897233664162
12.459376766427267 3.0593199679115495
11.618812270484778 4.707221903395333
11.618812443618573 4.707221903395333
11.618812270484778 4.707221973538406
12.19705145629838 3.618875473642241
12.19705163804861 3.618875473642241
12.19705145629838 3.618875527567688
12.83172262479539 2.562442316719702
12.369227486410091 3.363367995565985
12.369227670725945 3.363367995565985
12.369227486410091 3.3633680456840738
12.68561737941959 2.8345844269926896
12.685617568450018 2.8345844269926896
12.68561737941959 2.834584469231289
13.026156423557335 2.321020617705644
13.026156617662192 2.321020617705644
13.026156423557335 2.321020652291546
13.39437145618964 1.826923140951046
13.12617663506792 2.203853551241311
13.126176830663193 2.203853551241311
13.12617663506792 2.203853584081288
13.309214895837354 1.9560115616745346
13.30921509416011 1.9560115616745346
13.309214895837354 1.9560115908213782
13.504500077837715 1.7177000965936389
13.504500279070447 1.7177000965936389
13.504500077837715 1.7177001221893649
13.55962822586932 1.6639048520247615
13.559628427923526 1.6639048520247615
13.55962822586932 1.6639048768188758
13.662162808093528 1.5489317089756724
13.585489421124844 1.635366126740324
13.585489623564412 1.635366126740324
13.585489421124844 1.6353661511091784
0.19378226907122198 13.585489421124844 1.635366126740324 0.00010666793043710407
0.028961683513249455 0.0277636571804467 0.02666016466086856 0.02564051895870451 0.02469557414537762 0.023817459211344212 0.022999364844217267 0.022235371334275545 0.021520308700870214 0.020849642257165506 0.02021937840490547 0.019625986628130813 0.01906633454254498 0.018537633532086453 0.018037393021177097 0.01756338182991637 0.017113595369286538 0.016686227675666326 0.01627964747453977 0.01589237761413477 0.015523077329800584 0.015170526896030328
0.002409808449488464 0.0022163534342455214 0.002045109561129248 0.001892830359295746 0.001756836512413425 0.0016349020112530394 0.0015251658706961085 0.0014260631123129168 0.0013362703921514498 0.0012546628535078281 0.0011802796507382255 0.001112296221186468 0.0010500018459404469 0.0009927813836229874 0.0009401003179249677 0.0008914924525848652 0.0008465497337862124 0.0008049137915659701 0.0007662688775745944 0.0007303359428181713 0.0006968676505720145 0.000665644159990331
