11.07057081419821 6.079585538891611
11.07057097916257 6.079585538891611
11.07057081419821 6.079585629484495
9.86575729814672 5.425254476713109
9.86575744515796 5.425254476713109
9.86575729814672 5.4252545575557
8.015823211258107 9.137169730251893
9.404351957419363 6.3537698495011234
9.404352097555128 6.3537698495011234
9.404351957419363 6.353769944179672
8.524701996168213 8.231629985265347
9.191513915499243 6.826484234093403
9.191514052463473 6.826484234093403
9.191513915499243 6.8264843358159455
8.757163100877506 7.767959170452745
8.757163231369404 7.767959170452745
8.757163100877506 7.7679592862043565
8.458538167824724 8.459329554420421
8.458538293866765 8.459329554420421
8.458538167824724 8.459329680474255
8.471279260400712 8.439796089012418
8.47127938663261 8.439796089012418
8.471279260400712 8.43979621477518
0.04195019156350621 8.471279260400712 8.439796089012418 6.528676602354318e-05
0.03240764328315652 0.031097096306624297 0.0298878051878306 0.028768558177857107 0.02772972775982658 0.026763002395189636 0.025861170608657173 0.025017945954435607 0.024227824167067542 0.023485965839114165 0.022788099487588344 0.022130441013503338 0.021509626424823892 0.02092265535453532 0.02036684341450836 0.0198397818202286 0.019339303029110022 0.01886345137662729 0.01841045788524684 0.017978718572654748 0.017566775706803716 0.017173301552476095
0.003018166716597854 0.0027848868071901436 0.00257741775487805 0.002392122457250612 0.002225976822383654 0.0020764509185609297 0.0019414159401027434 0.0018190708244421993 0.001707883951295695 0.0016065465076556212 0.0015139349430049194 0.0014290805575688814 0.0013511447251537906 0.0012793985951222127 0.0012132063764691155 0.001152011503061981 0.0010953251289475613 0.0010427165178763262 0.0009938049803975182 0.000948253081336509 0.0009057608948630536 0.0008660611271965532
