10.237338779359314 7.928181311243268
10.23733893190755 7.928181311243268
10.237338779359314 7.928181429382375
7.40862772494354 5.752074902351913
7.408627835340696 5.752074902351913
7.40862772494354 5.752074988064508
9.244952790558452 1.8993164520828256
7.874224435473569 4.792017850888845
7.8742245528086565 4.792017850888845
7.874224435473569 4.792017922295476
8.85022730775078 2.8942882207813314
8.126971677400475 4.322186720131817
8.12697179850179 4.322186720131817
8.126971677400475 4.322186784537418
8.627809698499812 3.3800343356728897
8.627809827064194 3.3800343356728897
8.627809698499812 3.380034386039326
8.779855441141175 3.1608592753280638
8.779855571971217 3.1608592753280638
8.779855441141175 3.1608593224285375
9.056254581552949 2.7045414311561333
9.056254716501659 2.7045414311561333
9.056254581552949 2.7045414714569413
9.3542872289163 2.2620496223780755
9.354287368306043 2.2620496223780755
9.3542872289163 2.2620496560852414
9.441327579649244 2.1609908222792398
9.441327720335988 2.1609908222792398
9.441327579649244 2.1609908544805125
9.60071798847907 1.947097595398205
9.600718131540917 1.947097595398205
9.60071798847907 1.9470976244122202
9.64537813597488 1.8975728827899012
9.645378279702214 1.8975728827899012
9.64537813597488 1.8975729110659407
9.729353921543991 1.7939535256640193
9.729354066522662 1.7939535256640193
9.729353921543991 1.79395355239601
9.816106429635933 1.6926475235077407
9.816106575907318 1.6926475235077407
9.816106429635933 1.6926475487301542
9.905056217691543 1.5932652366655053
9.905056365288383 1.5932652366655053
9.905056217691543 1.5932652604070074
9.928683795228586 1.5697377195195825
9.928683943177504 1.5697377195195825
9.928683795228586 1.5697377429104973
9.883362974294133 1.6186585650060397
9.917404274388431 1.5820146910698747
9.917404422169271 1.5820146910698747
9.917404274388431 1.5820147146437307
0.20360594434186663 9.917404274388431 1.5820146910698747 0.0001407755738701572
0.039405731952226755 0.03786314399115603 0.03643580492029374 0.0351114064646627 0.033879313418268275 0.03273029184023429 0.03165628799595816 0.030650247441428923 0.029705966080668094 0.02881796685434984 0.02798139710247336 0.027191942700685416 0.026445755881884234 0.0257393942829287 0.02506976924537664 0.024434101782324913 0.023829884925343763 0.023254851404753217 0.02270694580711423 0.022184300506474436 0.02168521478878614 0.021208136688287933
0.004255760880088343 0.00393548441273793 0.0036495993301365113 0.003393420682410958 0.003163023656131429 0.002955102324542945 0.0027668576720559206 0.0025959082531874867 0.0024402184711914427 0.0022980406621330228 0.002167868063528383 0.0020483964161413766 0.0019384924526267104 0.0018371679102818835 0.001743557998295798 0.001656903475250052 0.0015765356669182721 0.0015018638899583242 0.0014323648530875793 0.0013675736906521184 0.0013070763493296417 0.0012505031009695164
