9.063315091574953 10.855233061759254
9.063315226628871 10.855233061759254
9.063315091574953 10.855233223514832
6.969094687093867 8.349229124917345
6.969094790941471 8.349229124917345
6.969094687093867 8.349229249330554
9.01000384393558 3.4767103771501633
7.4789532263881995 7.1298187166799565
7.478953337833287 7.1298187166799565
7.4789532263881995 7.129818822922535
8.029864857938342 5.924416739706069
8.029864977592654 5.924416739706069
8.029864857938342 5.924416827986757
9.178135587184594 3.5353866980708726
8.327220985703661 5.332214307046539
8.327221109788924 5.332214307046539
8.327220985703661 5.332214386502724
8.915607391390248 4.1446542077366075
8.91560752424315 4.1446542077366075
8.915607391390248 4.144654269496768
9.563372295077954 2.988411075250947
9.09206875910079 3.864221537211958
9.092068894583173 3.864221537211958
9.09206875910079 3.8642215947933463
9.4144147733341 3.2852418872454434
9.414414913619812 3.2852418872454434
9.4144147733341 3.2852419361993626
9.759955260739096 2.7197985571659684
9.759955406173763 2.7197985571659684
9.759955260739096 2.7197985976941252
10.130992082692417 2.1707484094360656
9.860298111121885 2.587978275626963
9.860298258051778 2.587978275626963
9.860298111121885 2.5879783141908446
10.044779796270872 2.312755448019127
10.044779945949754 2.312755448019127
10.044779796270872 2.3127554824818684
10.240447970323379 2.045369841348125
10.240448122917945 2.045369841348125
10.240447970323379 2.0453698718265105
10.295283474414388 1.9832861393557644
10.295283627826066 1.9832861393557644
10.295283474414388 1.9832861689090309
10.39769093444443 1.8530633058043446
10.32111194134337 1.9509099144894162
10.321112095139922 1.9509099144894162
10.32111194134337 1.9509099435602393
10.372604147037144 1.8860263933551455
10.37260430160099 1.8860263933551455
10.372604147037144 1.886026421459129
10.359937569741959 1.902409013101375
10.359937724117058 1.902409013101375
10.359937569741959 1.9024090414494783
0.16930791451144245 10.359937569741959 1.902409013101375 7.668713449906727e-05
0.036599389911519294 0.03514553524866988 0.03380182541103544 0.03255632733125018 0.03139875406318269 0.030320193286483884 0.029312887288542592 0.02837005349776684 0.027485737188939225 0.026654689885531154 0.02587226841895529 0.025134350694634183 0.02443726504857533 0.023777730720507068 0.02315280746781842 0.022559852733390243 0.021996485085763105 0.021460552891286136 0.020950107369481642 0.020463379335861964 0.019998759059248104 0.019554778759709117
0.003812166645814184 0.0035202681295441822 0.0032602666097942237 0.0030277374637021517 0.002818987575538836 0.0026309167466057486 0.002460908405807646 0.002306742838399024 0.0021665278451496175 0.0020386429867718767 0.0019216944866002946 0.0018144785479917672 0.0017159513553638578 0.001625204414661119 0.0015414441830552117 0.0014639751625626246 0.0013921858053229528 0.0013255367122525204 0.0012635507110938795 0.001205804481537471 0.0011519214593548482 0.0011015658023162253
