7.742734057218339 5.323112443308639
7.7427341725940675 5.323112443308639
7.742734057218339 5.323112522629195
10.658338235046006 0.11327513568180159
8.684320178571834 4.165048279744657
8.68432030797829 4.165048279744657
8.684320178571834 4.165048341808713
10.1262711355591 1.5513219051847353
9.068757638658745 3.5254139334216266
9.068757773793765 3.5254139334216266
9.068757638658745 3.525413985954388
9.819722951090982 2.2355503242054375
9.26295446035772 3.2067940048695065
9.262954598386498 3.2067940048695065
9.26295446035772 3.2067940526544607
9.648678522397946 2.5679347044931604
9.361474369197861 3.048359180196186
9.3614745086947 3.048359180196186
9.361474369197861 3.0483592256202776
9.557104310187022 2.7306171612293535
9.557104452598974 2.7306171612293535
9.557104310187022 2.73061720191872
9.763432922574056 2.419715941966736
9.763433068060545 2.419715941966736
9.763432922574056 2.419715978023313
9.979984998324042 2.1158471167856816
9.820832239836427 2.3461818688808695
9.820832386178232 2.3461818688808695
9.820832239836427 2.3461819038417038
9.928493283740348 2.193811052342224
9.847980874449805 2.3082551366155495
9.847981021196155 2.3082551366155495
9.847980874449805 2.3082551710112313
9.902091734463784 2.232268582835744
9.90209188201645 2.232268582835744
9.902091734463784 2.232268616099138
9.957205765860124 2.1570064737101875
9.916140902020961 2.213654280904853
9.916141049782976 2.213654280904853
9.916140902020961 2.2136543138908724
0.146188214093814 9.916140902020961 2.213654280904853 0.00014360077746280986
0.03710899304453375 0.03564077293877697 0.03428336136115327 0.03302480042615164 0.03185477515825287 0.03076434364255212 0.029745718125224526 0.02879208629613331 0.027897464484847673 0.027056576372477128 0.026264752233916118 0.025517844798988713 0.024812158643550183 0.02414439065602448 0.023511579617409847 0.022911063317615773 0.02234044193348331 0.02179754663298625 0.02128041256022666 0.02078725550778217 0.020316451705016697 0.019866520249492224
0.003974060211683502 0.003671187074612795 0.0034012532547388285 0.003159712038436759 0.0029427645652356773 0.002747218888122376 0.002570378669778921 0.0024099546926620295 0.002263994055856837 0.002130823177024807 0.002009001639770738 0.0018972846143637256 0.0017945920961794377 0.0016999835967435749 0.0016126372194892207 0.0015318322800048742 0.0014569348059891153 0.0013873853881144463 0.0013226889590037952 0.0012624061605995987 0.0012061460256561692 0.0011535597509109497
