14.377571044199037 14.263630179184709
14.37757125844154 14.263630179184709
14.377571044199037 14.263630391729361
10.155646170356125 10.103537876738413
10.155646321687046 10.103537876738413
10.155646170356125 10.10353802729286
7.561779939820017 16.18549531043958
9.50146489633975 11.621601931155055
9.501465037922609 11.621601931155055
9.50146489633975 11.62160210433042
9.122231335058613 12.591982338389412
9.122231470990453 12.591982338389412
9.122231335058613 12.591982526024571
8.36484441199732 14.533164958278872
8.364844536643215 14.533164958278872
8.36484441199732 14.533165174839906
6.940170422226046 18.4494902362416
6.940170525642644 18.4494902362416
6.940170422226046 18.44949051116043
5.730219562925249 22.437386746686414
5.730219648312174 22.437386746686414
5.730219562925249 22.43738708102953
5.791008666817472 22.493563388291243
5.7910087531102254 22.493563388291243
5.791008666817472 22.493563723471457
5.798224650054819 22.470212376845588
5.798224736455099 22.470212376845588
5.798224650054819 22.470212711677846
0.015334921413111768 5.798224650054819 22.470212376845588 6.849140273507824e-05
0.026462798963035505 0.025394540124549513 0.024409327632885273 0.023497863411803568 0.0226521844884368 0.021865432135732908 0.02113166723257821 0.02044572141151096 0.01980307616644657 0.01919976398773915 0.01863228698647477 0.018097549506594836 0.017592802001387017 0.017115594039826012 0.016663734757821468 0.016235259415313535 0.015828400988234383 0.015441565933581983 0.01507331343023397 0.014722337528085367 0.014387451741449899 0.01406757570532828
0.0027051281336379867 0.002505947854247242 0.0023279956903577794 0.002168366303366544 0.0020246339841354837 0.001894760762832376 0.001777024423512324 0.001669961639242842 0.001572322701494567 0.00148303521765023 0.0014011748019124046 0.0013259412613264633 0.0012566391305242528 0.0011926616710966963 0.0011334776487198703 0.0010786203506452914 0.0010276784203429067 0.0009802881739173703 0.0009361271309580642 0.0008949085455170406 0.0008563767645104981 0.0008203032736581309
