11.479197289271156 11.5405648421907
11.479197460324524 11.5405648421907
11.479197289271156 11.540565014158517
8.379635301425946 8.444832751380448
8.379635426292243 8.444832751380448
8.379635301425946 8.444832877218262
7.097570261444662 11.421087041644068
8.057715804412906 9.188289189530504
8.057715924482228 9.188289189530504
8.057715804412906 9.188289326446682
7.84617191043038 9.706056829054655
7.8461720273474524 9.706056829054655
7.84617191043038 9.706056973686172
7.424663125622045 10.742235836180452
7.424663236258147 10.742235836180452
7.424663125622045 10.742235996252239
6.916733945371736 12.057359921534255
6.916734048439103 12.057359921534255
6.916733945371736 12.057360101202919
6.936984352220177 12.036731748109714
6.936984455589299 12.036731748109714
6.936984352220177 12.036731927470994
0.02820682846965672 6.936984352220177 12.036731748109714 7.515965450692182e-05
0.031810238518589246 0.0305373257753196 0.0293620442465882 0.02827364540550054 0.0272628932773768 0.026321808953422354 0.025443464912009186 0.02462181823483601 0.023851574441312383 0.023128075608569876 0.022447207891783602 0.02180532464654395 0.02119918217840317 0.02062588577335638 0.02008284414658773 0.019567730821459645 0.01907845124295047 0.018613114659156764 0.01817000998568011 0.017747585011681086 0.017344428421395823 0.016959254197284463
0.0033412955058871124 0.0030899854435276547 0.0028658378780555293 0.002665103397831536 0.002484653431523059 0.0023218616208276386 0.002174510673645284 0.0020407186597028136 0.0019188802670379518 0.0018076196625013742 0.0017057524202106964 0.0016122545863810104 0.0015262373980443392 0.0014469265095628865 0.0013736448347900867 0.001305798305867348 0.001242863997561811 0.0011843801800972896 0.0011299379519220522 0.0010791741729384398 0.001031765472959646 0.0009874231529829302
