9.369918905431746 7.5996738913724124
9.369919045054418 7.5996738913724124
9.369918905431746 7.599674004616378
8.780000630564276 7.090303655531374
8.780000761396481 7.090303655531374
8.780000630564276 7.090303761185131
11.959385125740104 0.11473031676027823
9.575076130740474 5.347146625560829
9.575076273420226 5.347146625560829
9.575076130740474 5.347146705239523
10.063889331212739 4.438957822996904
10.063889481176377 4.438957822996904
10.063889331212739 4.43895788914253
11.041812462780111 2.6227399580425894
10.316373956740765 3.9893048174619903
10.316374110466716 3.9893048174619903
10.316373956740765 3.9893048769072643
10.818019505789348 3.08814057650578
10.8180196669904 3.08814057650578
10.818019505789348 3.0881406225226606
11.374900008933903 2.220022294659404
10.970374414478657 2.880121203184629
10.970374577949976 2.880121203184629
10.970374414478657 2.8801212461017793
11.247756969401483 2.44538538715483
11.247757137006122 2.44538538715483
11.247756969401483 2.445385423593912
11.548149075816704 2.0262184825475664
11.32848334613815 2.3448653813418936
11.328483514945706 2.3448653813418936
11.32848334613815 2.3448654162831106
11.477748138270478 2.1346176709896882
11.477748309302253 2.1346176709896882
11.477748138270478 2.13461770279797
11.634733961867617 1.9300705393349513
11.634734135238663 1.9300705393349513
11.634733961867617 1.9300705680952435
11.67791722321224 1.8822117803972431
11.677917397226768 1.8822117803972431
11.67791722321224 1.8822118084443842
11.59687208831308 1.982474961968746
11.657805087470669 1.9073974055188585
11.657805261185501 1.9073974055188585
11.657805087470669 1.9073974339412947
0.16949104932198655 11.657805087470669 1.9073974055188585 5.418808175259278e-05
0.032928358621048474 0.03159269687168084 0.030360333918824346 0.029219836070704934 0.028161382263953767 0.027176491920822977 0.0262578056404286 0.02539890723464989 0.024594178364732926 0.023838679069501902 0.0231280489973668 0.022458425301034094 0.02182637402499618 0.021228832482657757 0.020663060633944567 0.02012659987313787 0.019617237948264726 0.019132978978266414 0.018672017727780713 0.018232717453308515 0.017813590757587577 0.017413282987868428
0.0030767611327290586 0.002835329055058509 0.002620956160691687 0.00242978768036294 0.0022586241604375663 0.0021047936462289573 0.0019660517147950286 0.0018405027072892395 0.0017265372263405906 0.0016227822065465736 0.0015280607740025811 0.001441359779502524 0.0013618033864995658 0.0012886314662735937 0.0012211818325505944 0.0011588755601002736 0.001101204793970193 0.001047722580638448 0.000998034348749259 0.0009517907420770554 0.0009086815660278294 0.000868430655133133
