12.21712001105241 9.165235425404099
12.217120193101685 9.165235425404099
12.21712001105241 9.165235561976749
9.25641844318307 6.959974788017773
9.256418581114454 6.959974788017773
9.25641844318307 6.959974891729479
7.351377150028572 11.105835152730517
8.782967242966132 7.997726078926693
8.782967373842542 7.997726078926693
8.782967242966132 7.997726198102098
7.872591215837666 10.089507762637915
8.562023273022344 8.523515682606698
8.562023400606433 8.523515682606698
8.562023273022344 8.52351580961698
8.112635415652552 9.571911759678038
8.112635536540239 9.571911759678038
8.112635415652552 9.571911902310639
7.8706983535284545 10.17941002180382
7.870698470810999 10.17941002180382
7.8706983535284545 10.179410173488849
7.883870978455606 10.153844108964211
7.883871095934438 10.153844108964211
7.883870978455606 10.15384426026828
0.03362078125904899 7.883870978455606 10.153844108964211 7.919875130328575e-05
0.03144384690584469 0.03017455335745402 0.029003253074312195 0.027919097096034278 0.026912770225686587 0.02597623101113643 0.025102502554272134 0.024285502992554588 0.023519907194185258 0.02280103319714117 0.022124748402932094 0.021487391647835814 0.020885708116351702 0.020316794704243434 0.019778053932693256 0.019267154897775626 0.018782000037820185 0.01832069673535083 0.01788153295511691 0.017462956266501035 0.0170635557157826 0.01668204610781315
0.0031153397936679555 0.0028763225000129396 0.002663587258253657 0.0024734499470093806 0.0023028447792949134 0.0021492047830944942 0.0020103681976204237 0.0018845045991956585 0.001770056173465061 0.0016656907075540666 0.0015702637188652038 0.0014827877571324949 0.0014024073761147557 0.0013283786150608554 0.0012600520890838323 0.0011968589841662867 0.0011382994027743555 0.0010839326216673093 0.001033368913009785 0.000986262649631746 0.0009423064699257604 0.0009012263209257675
