3.534136774373027 6.275388356464258
3.534136827035769 6.275388356464258
3.534136774373027 6.275388449974831
4.1981587329333525 10.709620861789375
4.198158795490793 10.709620861789375
4.1981587329333525 10.709621021375161
6.191487890117731 8.605368067928886
6.19148798237809 8.605368067928886
6.191487890117731 8.605368196158862
8.058155994954427 4.739416439726616
8.05815611503031 4.739416439726616
8.058155994954427 4.739416510349424
9.785726329769675 1.7156553841435014
8.596027688039836 4.0548209911479605
8.596027816130631 4.0548209911479605
8.596027688039836 4.054821051569502
9.43522612033523 2.529156042025235
8.814014221523959 3.678023840377325
8.814014352863005 3.678023840377325
8.814014221523959 3.6780238951841513
9.243898287995389 2.920939580977382
8.9237432040882 3.490052816579135
8.923743337062337 3.490052816579135
8.9237432040882 3.4900528685849745
9.141675901909087 3.113224525669597
9.141676038130674 3.113224525669597
9.141675901909087 3.1132245720602576
9.371190074427961 2.743336074616755
9.371190214069575 2.743336074616755
9.371190074427961 2.7433361154956484
9.61194798292198 2.380665630402066
9.611948126151166 2.380665630402066
9.61194798292198 2.3806656658767484
9.680106104548141 2.2958254317520495
9.680106248792963 2.2958254317520495
9.680106104548141 2.295825465962514
9.806838361557237 2.1188720750850907
9.806838507690516 2.1188720750850907
9.806838361557237 2.118872106658745
9.939308600125285 1.9461723608524149
9.939308748232525 1.9461723608524149
9.939308600125285 1.9461723898526428
10.076694646953055 1.7773569896939765
10.076694797107505 1.7773569896939765
10.076694646953055 1.7773570161786596
10.114238222507632 1.7379700991436553
10.114238373221527 1.7379700991436553
10.114238222507632 1.737970125041428
10.185301206851925 1.655547765358063
10.18530135862474 1.655547765358063
10.185301206851925 1.6555477900276472
10.258408523038169 1.5749331936565067
10.258408675900368 1.5749331936565067
10.258408523038169 1.5749332171248402
10.333096920473935 1.495781237653779
10.333097074449077 1.495781237653779
10.333096920473935 1.4957812599426563
10.352759194475436 1.4769768024255887
10.35275934874357 1.4769768024255887
10.352759194475436 1.476976824434258
10.31482058439327 1.5159833285164708
10.343310687686888 1.4867634601930335
10.343310841814228 1.4867634601930335
10.343310687686888 1.4867634823475355
0.21029280687394847 10.343310687686888 1.4867634601930335 0.00010815173475843088
0.03775550517697041 0.036266885390309894 0.03489023924713133 0.03361352472879799 0.03242634841297824 0.03131969568054788 0.030285711670185275 0.029317522297026527 0.02840908712143106 0.027555077705615442 0.026750776495190347 0.025991992327959207 0.025274989489230532 0.02459642786358569 0.023953312223167017 0.02334294907582641 0.022762909797994228 0.022210999015694732 0.021685227386931787 0.021183788090462806 0.020705036447994603 0.02024747220538935
0.004089335737225523 0.0037789851888767535 0.0035022436306819398 0.003254492382115395 0.0030318689777954224 0.002831125325091649 0.0026495155426753286 0.0024847066815008893 0.002334707210321415 0.0021978093849323744 0.0020725425377969473 0.001957635010044501 0.0018519829633506057 0.0017546246995895742 0.0016647194136876179 0.001581529533292758 0.0015044059749318589 0.001432775782943002 0.0013661317240780918 0.0013040234943058903 0.0012460502602994355 0.001191854310361883
