5.843667248465664 9.483262745530858
5.843667335543092 9.483262745530858
5.843667248465664 9.483262886842486
9.274991275091761 1.2048422614255259
6.827665947135099 7.4705814607824195
6.827666048875249 7.4705814607824195
6.827665947135099 7.470581572102758
8.645135011170206 3.3750517303184306
7.310288538607599 6.459710409440899
7.310288647539387 6.459710409440899
7.310288538607599 6.4597105056980855
8.250933814800698 4.426406237081196
8.250933937749192 4.426406237081196
8.250933814800698 4.426406303039789
9.33756403566705 2.467229329280445
8.557155715057707 3.957445300687798
8.557155842569264 3.957445300687798
8.557155715057707 3.9574453596583283
9.099195371502455 2.9771505189607907
9.099195507091032 2.9771505189607907
9.099195371502455 2.9771505633237907
9.2692120747221 2.7546232764907512
9.269212212844124 2.7546232764907512
9.2692120747221 2.7546233175378365
9.574739963163438 2.2852098963612932
9.574740105838181 2.2852098963612932
9.574739963163438 2.2852099304135742
9.666171993119896 2.1791618074968997
9.666172137157083 2.1791618074968997
9.666171993119896 2.179161839968941
9.833085592271253 1.9542976186331842
9.833085738795646 1.9542976186331842
9.833085592271253 1.954297647754488
9.880051383709581 1.9023773167464588
9.88005153093382 1.9023773167464588
9.880051383709581 1.90237734509409
9.968168713050686 1.793559351669269
9.90225226154955 1.8753126377072744
9.902252409104609 1.8753126377072744
9.90225226154955 1.8753126656516104
9.946528576114213 1.8210806242649513
9.946528724329038 1.8210806242649513
9.946528576114213 1.8210806514011673
9.935616581109638 1.834765372056196
9.935616729161863 1.834765372056196
9.935616581109638 1.8347653993963307
0.18105088197409058 9.935616581109638 1.834765372056196 0.0001389393470096632
0.03887181873081702 0.037342267205103655 0.03592754786380216 0.0346153355976437 0.03339498923657637 0.032257276544908585 0.031194150834460484 0.030198568352479378 0.029264338102105537 0.028385997629793658 0.027558709733190447 0.026778176124087904 0.026040564910583906 0.02534244940338053 0.024680756249396633 0.024052721285694485 0.023455851813536804 0.022887894235254575 0.02234680618990495 0.021830732478352783 0.021337984192771234 0.020867020566041235
0.0040199274870404466 0.003715535287733848 0.0034440309247404234 0.0032009056770831313 0.002982387186164095 0.0027853016965279148 0.002606965045603497 0.002445095835611386 0.0022977458395575206 0.002163243886012308 0.0020401503528290326 0.0019272200619900564 0.0018233718661827484 0.0017276635954408374 0.0016392713203004733 0.001557472109037656 0.0014816296272663425 0.0014111820607322996 0.0013456319456357393 0.0012845375720573742 0.0012275056901622573 0.0011741852996816299
