10.85490376352255 6.431781445223188
10.854903925273222 6.431781445223188
10.85490376352255 6.4317815410642005
8.532807059973841 5.073479565106553
8.532807187122575 5.073479565106553
8.532807059973841 5.073479640707291
6.670299189781806 8.797474917193508
8.068735080703155 6.0052544882299275
8.068735200936677 6.0052544882299275
8.068735080703155 6.005254577715193
7.190303513748378 7.892746797989229
7.19030362089225 7.892746797989229
7.190303513748378 7.892746915600322
5.585899725842334 11.735007256917704
6.815662292034844 8.863937440602085
6.815662393596126 8.863937440602085
6.815662292034844 8.863937572685046
6.033369257107677 10.793260338597019
6.0333693470118845 10.793260338597019
6.033369257107677 10.793260499429131
4.768895344345667 14.239738734492084
5.737905398116704 11.662179399050498
5.737905483618157 11.662179399050498
5.737905398116704 11.662179572830512
5.117384802586417 13.389672117668875
5.117384878841393 13.389672117668875
5.117384802586417 13.389672317190538
4.970393351745497 13.892673728007974
4.97039342581013 13.892673728007974
4.970393351745497 13.892673935024945
4.971311543465976 13.894872123168806
4.971311617544291 13.894872123168806
4.971311543465976 13.894872330218535
0.025379042105461047 4.971311543465976 13.894872123168806 7.916502992159738e-05
0.03615050941694412 0.03475824961837685 0.0334697972813542 0.03227400949661682 0.03116127658304287 0.030123268211856496 0.02915272816187494 0.02824330721423747 0.02738942619540388 0.02658616302882529 0.025829159039758055 0.025114540801402564 0.024438854604169735 0.02379901123808116 0.02319223924788812 0.02261604518560628 0.0220681796709458 0.021546608295228017 0.021049486582774782 0.0205751383659382 0.02012203704388376 0.01968878928702972
0.00431665978185431 0.004015228018526546 0.0037444671117434513 0.0035003598982621415 0.0032795248810359072 0.0030790993662355784 0.002896646907804329 0.0027300834482201167 0.002577617960836858 0.0024377044292201028 0.0023090027552832675 0.00219034674868194 0.0020807177691635798 0.0019792229096797314 0.0018850768482930413 0.0017975866808273133 0.001716139188006451 0.0016401901008825613 0.001569255014313103 0.0015029016657894972 0.0014407433502969804 0.0013824332842972027
