13.28747258267156 9.266541277024627
13.287472780670331 9.266541277024627
13.28747258267156 9.266541415106852
10.652061300563794 7.442017125264728
10.652061459291877 7.442017125264728
10.652061300563794 7.442017236159425
8.761996157095394 11.540047549065784
10.182885912832257 8.468059000924072
10.18288606456908 8.468059000924072
10.182885912832257 8.468059127107983
9.272979050287889 10.532912361754565
9.961077581389585 8.98673320778953
9.961077729821207 8.98673320778953
9.961077581389585 8.98673334170229
9.511116955834096 10.021345652383783
9.511117097560783 10.021345652383783
9.511116955834096 10.02134580171347
9.208547957739272 10.758108534942954
9.20854809495733 10.758108534942954
9.208547957739272 10.758108695251263
9.221170680915513 10.736633175648809
9.221170818321664 10.736633175648809
9.221170680915513 10.73663333563711
0.03235746202547307 9.221170680915513 10.736633175648809 6.209132452662064e-05
0.028169731039127066 0.027009256557635464 0.02594012025439451 0.024952010777125506 0.02403610351708478 0.023184803506803214 0.022391539590529707 0.02165059838588799 0.02095698938734121 0.020306334635647946 0.019694777910703554 0.01911890954935961 0.018575703851196584 0.01806246668907903 0.01757679144154161 0.017116521749587263 0.016679719899715107 0.016264639868808533 0.0158697042503722 0.01549348442705832 0.015134683470156491 0.01479212133931552
0.00242571665933504 0.002234324163176039 0.0020645570553286274 0.0019133007997699436 0.0017779778571257198 0.001656441083259334 0.0015468908582100744 0.0014478101327944852 0.001357913124857323 0.001276104501340763 0.0012014466796650377 0.0011331334631866758 0.0010704686531164361 0.0010128485965650242 0.0009597478677295306 0.000910707458156429 0.0008653249878915456 0.0008232465532364992 0.0007841599068250713 0.0007477887277090507 0.0007138877874517972 0.0006822388561021073
