6.803723752156749 6.268520358194456
6.803723853540133 6.268520358194456
6.803723752156749 6.268520451602688
8.448941585205931 4.223085890879728
8.448941711104972 4.223085890879728
8.448941585205931 4.223085953808612
10.011266906682776 1.5358813777596882
8.912974796945837 3.5997531466783474
8.912974929759512 3.5997531466783474
8.912974796945837 3.5997532003188493
9.68999816343116 2.253752844189181
9.114170529167879 3.2673559291306438
9.114170664979603 3.2673559291306438
9.114170529167879 3.267355977818041
9.51331410215203 2.600606396144888
9.216131892170152 3.101990307917607
9.21613202950122 3.101990307917607
9.216131892170152 3.101990354140865
9.418622441702366 2.770380280554198
9.418622582050778 2.770380280554198
9.418622441702366 2.770380321836081
9.632404852718068 2.445935040739937
9.632404996252085 2.445935040739937
9.632404852718068 2.4459350771872095
9.857070398127 2.12892869127052
9.857070545008796 2.12892869127052
9.857070398127 2.1289287229940297
9.920809652605113 2.0556294109555813
9.920809800436697 2.0556294109555813
9.920809652605113 2.0556294415868464
10.039153676948727 1.901562541945359
10.039153826543775 1.901562541945359
10.039153676948727 1.901562570280849
10.162864735949135 1.7517710798874293
10.16286488738762 1.7517710798874293
10.162864735949135 1.7517711059908525
10.291054557001429 1.6057941022401452
10.291054710350092 1.6057941022401452
10.291054557001429 1.605794126168342
10.424197496368768 1.464320196797905
10.424197651701416 1.464320196797905
10.424197496368768 1.4643202186179762
10.460570218576306 1.4321348842587711
10.460570374450949 1.4321348842587711
10.460570218576306 1.4321349055992438
10.529407417381293 1.3636008261796202
10.477888555451583 1.4151115906913816
10.47788871158429 1.4151115906913816
10.477888555451583 1.4151116117781875
10.512447751232136 1.3809863617393305
10.486560387115556 1.4066128458079592
10.486560543377482 1.4066128458079592
10.486560387115556 1.406612866768124
0.22191956954112735 10.486560387115556 1.4066128458079592 5.737877992298009e-05
0.037641364917162475 0.03615533724807659 0.03478122558867033 0.03350697888784751 0.032322198073929526 0.031217865346519682 0.030186124457976152 0.029220101234883025 0.028313756078397766 0.027461762047253063 0.0266594035358009 0.02590249163146166 0.025187293057611186 0.02451047024208145 0.02386903054408716 0.023260283057506066 0.02268180171131627 0.022131393627563965 0.021607071887779872 0.021107032011116213 0.02062963156991139 0.020173372467261412
0.004027990030080687 0.0037218391489789566 0.003448892653427669 0.003204580278580132 0.0029850812731766255 0.0027871835756569656 0.002608172509632387 0.0024457422250792407 0.0022979247891540045 0.002163033064528709 0.0020396144277370744 0.001926413062815155 0.0018223390788389656 0.0017264430884777549 0.0016378951806517263 0.0015559674472651569 0.0014800193989570427 0.0014094857405336238 0.00134386608261438 0.0012827162490483177 0.0012256409051077213 0.0011722872833209697
