1.0402824349304354 9.721769142705423
1.0402824504318515 9.721769142705423
1.0402824349304354 9.721769287571071
2.005866163407587 15.212565342440545
2.0058661932973223 15.212565342440545
2.005866163407587 15.212565569125433
3.9342680496323625 14.344285618818402
3.934268108257525 14.344285618818402
3.9342680496323625 14.344285832564914
6.25055308171113 8.661921166781372
6.250553174851629 8.661921166781372
6.25055308171113 8.661921295854055
8.38983858741777 4.221447386022571
8.389838712436108 4.221447386022571
8.38983858741777 4.221447448927039
10.850202643575734 0.08652171711294265
9.14402945115477 3.284359482157223
9.144029587411428 3.284359482157223
9.14402945115477 3.284359531097993
10.395128075274478 1.2294865841934044
9.474394571281923 2.781772885606787
9.474394712461404 2.781772885606787
9.474394571281923 2.7817729270584333
10.132815021855397 1.7750851938265921
9.645135440094137 2.5342225763271475
9.645135583817854 2.5342225763271475
9.645135440094137 2.5342226140900066
9.984337383075456 2.037557254901868
9.731933192320776 2.411444116550192
9.731933337337882 2.411444116550192
9.731933192320776 2.4114441524835097
9.904210960489522 2.164960911235934
9.775585136619691 2.3502345768270074
9.775585282287262 2.3502345768270074
9.775585136619691 2.3502346118482316
9.862410997162733 2.227475992940753
9.86241114412411 2.227475992940753
9.862410997162733 2.2274760261327318
10.04026709515161 1.9849872131686448
9.907551230867229 2.1673556195611474
9.907551378501248 2.1673556195611474
9.907551230867229 2.167355651857263
9.997245618391606 2.0466770513585644
9.997245767362175 2.0466770513585644
9.997245618391606 2.046677081856429
10.08984023130145 1.9282091753884318
10.089840381651785 1.9282091753884318
10.08984023130145 1.9282092041209875
10.1848016168747 1.8116298666462407
10.184801768640071 1.8116298666462407
10.1848016168747 1.8116298936416293
10.210063091962999 1.7837931485402354
10.210063244104795 1.7837931485402354
10.210063091962999 1.7837931751208247
10.161650199998615 1.841310901328784
10.198016702351616 1.798220232340098
10.198016854313906 1.798220232340098
10.198016702351616 1.7982202591356675
0.1849182881745257 10.198016702351616 1.798220232340098 0.00011957145212588644
0.03813235094397893 0.03662478530224763 0.03523091232488256 0.03393847254922501 0.03273688946625372 0.03161699333278058 0.030570797083230485 0.02959131334064503 0.028672404077029773 0.027808656383520126 0.026995279253075915 0.02622801737547698 0.02550307878493127 0.02481707384905222 0.024166963591520235 0.023550015734257516 0.02296376715432323 0.022405991695373627 0.021874672468049326 0.021367977929139078 0.02088424115428973 0.020421941819887223
0.003849330067647856 0.003556234664402039 0.00329498476843048 0.0030611890570723397 0.0028511777414339545 0.0026618667364247967 0.002490650359592992 0.002335315999312923 0.0021939758206513593 0.002065011773757852 0.0019470310558271564 0.0018388298388518397 0.0017393635721419923 0.0016477225443547012 0.0015631116758771958 0.00148483373161199 0.0014122753131805758 0.0013448951205680243 0.0012822140753749793 0.0012238069779161372 0.0011692954335025963 0.0011183418332181034
