4.628541922761363 6.932172601697323
4.628541991732012 6.932172601697323
4.628541922761363 6.932172704994744
6.503916281906572 6.834437814359899
6.503916378822477 6.834437814359899
6.503916281906572 6.834437916200958
9.194375958147653 1.8976858143068727
7.471096191453958 5.814538862851914
7.471096302781967 5.814538862851914
7.471096191453958 5.814538949495295
8.708504881522558 3.290386900584307
7.808545753417748 5.198068664618261
7.808545869774147 5.198068664618261
7.808545753417748 5.19806874207552
8.433410566472988 3.93903140777293
8.433410692140598 3.93903140777293
8.433410566472988 3.939031466469072
9.130780566724686 2.7186601808636253
8.625299568164504 3.644658278777123
8.625299696691483 3.644658278777123
8.625299568164504 3.6446583330867632
8.972442428402804 3.0335940049356833
8.972442562102614 3.0335940049356833
8.972442428402804 3.0335940501397567
9.349544099825273 2.440549283527446
9.349544239144336 2.440549283527446
9.349544099825273 2.440549319894464
9.462331658314687 2.3058340332354526
9.462331799314416 2.3058340332354526
9.462331658314687 2.305834067595057
9.666876093608025 2.020109511999564
9.514242360213593 2.234963820655186
9.514242501986853 2.234963820655186
9.514242360213593 2.2349638539587424
9.617596069204023 2.0928820032077775
9.617596212517372 2.0928820032077775
9.617596069204023 2.0928820343941497
9.724796740068673 1.9536798186796385
9.724796884979437 1.9536798186796385
9.724796740068673 1.9536798477917363
9.83519989753881 1.817003650925852
9.83520004409471 1.817003650925852
9.83519989753881 1.8170036780013163
9.949138185186126 1.6832602450351881
9.949138333439837 1.6832602450351881
9.949138185186126 1.6832602701177204
9.979877591090604 1.6518848418450764
9.979877739802369 1.6518848418450764
9.979877591090604 1.6518848664600787
9.921497948513492 1.7175287702419804
9.965365100098284 1.6683687538617495
9.965365248593795 1.6683687538617495
9.965365100098284 1.6683687787223813
0.1895319378317969 9.965365100098284 1.6683687538617495 7.814364927020337e-05
0.03845541681562033 0.03694585127744189 0.03554936207892099 0.03425384064518373 0.0330488288328633 0.03192525005247861 0.030875190733249052 0.02989172158189807 0.02896875051374569 0.028100900956861897 0.027283410609325622 0.026512046781214636 0.025783035260374957 0.02509300026516869 0.02443891353300464 0.0238180509736119 0.023227955615389186 0.02266640581025791 0.02213138785124567 0.021621072308151325 0.02113379350821803 0.020668031687014695
0.004246603415146523 0.003925960706154023 0.0036398626491916516 0.0033835873572640052 0.003153181769700694 0.0029453182706617683 0.0027571811337701907 0.0025863760023534313 0.002430857283077267 0.0022888695615379557 0.0021589000630821338 0.0020396398667551193 0.0019299520962206618 0.001828845702882647 0.0017354537552324795 0.0016490153779515988 0.0015688606616273322 0.0014943980017359869 0.0014251034332120006 0.0013605116114906418 0.0013002081576784618 0.001243823138477744
