7.891405752415318 4.325756702740055
7.891405870006428 4.325756702740055
7.891405752415318 4.325756767198853
6.328980881237081 13.188334449788469
6.328980975546245 13.188334449788469
6.328980881237081 13.188334646309967
7.97663495785044 13.447707021685298
7.976635076711563 13.447707021685298
7.97663495785044 13.447707222071749
9.377043496115911 10.58201343123856
9.377043635844748 10.58201343123856
9.377043496115911 10.582013588922848
9.941341023464782 9.395950489392206
9.941341171602307 9.395950489392206
9.941341023464782 9.395950629402778
10.044148424521135 9.184176199664519
10.04414857419061 9.184176199664519
10.044148424521135 9.184176336519409
10.052661609957948 9.165529342308801
10.05266175975428 9.165529342308801
10.052661609957948 9.165529478885832
0.0388225029151642 10.052661609957948 9.165529342308801 9.879444292898741e-05
0.02821596892733618 0.02704875128161332 0.02597373806248478 0.024980484757011902 0.024060057468690006 0.023204770962462193 0.022407979075923273 0.02166390574681694 0.020967507809807193 0.020314362840039093 0.019700576891179423 0.019122708146853757 0.018577703385696143 0.018062844828866303 0.017575705450164195 0.017114111222727914 0.01667610908184728 0.016259939622052133 0.015864013734188227 0.015486892536499168 0.01512727007168446 0.014783958336229369
0.002276060991313872 0.00209485768777905 0.0019343048056393035 0.0017914035273047183 0.0016636761614530085 0.0015490619313360844 0.0014458361166179128 0.001352546794549864 0.0012679649631264869 0.0011910449256469923 0.0011208926067532582 0.0010567400454321656 0.0009979247330506842 0.0009438727775060071 0.000894085108326794 0.0008481261134847835 0.0008056142320561168 0.0007662141287115888 0.0007296301542956684 0.0006956008573123813 0.0006638943582716421 0.0006343044357526536
