8.418019946425606 8.53668817119608
8.418020071863877 8.53668817119608
8.418019946425606 8.536688298402646
6.830636236897695 6.938657788860414
6.830636338682107 6.938657788860414
6.830636236897695 6.938657892254472
8.107474360962328 4.056732547973892
7.150027198198988 6.21873057839743
7.150027304742696 6.21873057839743
7.150027198198988 6.218730671063737
7.5079399239523115 5.456564904330645
7.507940035829335 5.456564904330645
7.5079399239523115 5.456564985639798
8.247273877076541 3.943496022327879
7.697647000495105 5.080718215366848
7.697647115198984 5.080718215366848
7.697647000495105 5.080718291075449
8.07366222299208 4.327318861483132
8.073662343299024 4.327318861483132
8.07366222299208 4.327318925965208
8.474652927683149 3.586910535805192
8.474653053965318 3.586910535805192
8.474652927683149 3.586910589254324
8.90168430665181 2.861209333272101
8.901684439297242 2.861209333272101
8.90168430665181 2.8612093759074426
9.028671633107496 2.6933206914778975
9.028671767645188 2.6933206914778975
9.028671633107496 2.6933207316115033
9.259770866781562 2.341407843331197
9.2597710047629 2.341407843331197
9.259770866781562 2.3414078782208927
9.508307311413182 2.001585618947129
9.508307453098002 2.001585618947129
9.508307311413182 2.001585648773079
9.774171808954938 1.6751417838968523
9.57997904049825 1.9245060656860788
9.579979183251062 1.9245060656860788
9.57997904049825 1.924506094363454
9.711940842846689 1.7604985663306612
9.711940987565885 1.7604985663306612
9.711940842846689 1.760498592564134
9.850827137896212 1.602312049296868
9.850827284684975 1.602312049296868
9.850827137896212 1.6023120731731781
9.995471347533726 1.4493727484543302
9.995471496477856 1.4493727484543302
9.995471347533726 1.4493727700516672
10.146441996268118 1.3026749627021836
10.035243937704044 1.4149102377886003
10.035244087240832 1.4149102377886003
10.035243937704044 1.4149102588724058
10.110231344134311 1.3410523799952128
10.054117921779902 1.396575745222274
10.054118071597934 1.396575745222274
10.054117921779902 1.3965757660328744
10.091779054897568 1.359817581196645
10.091779205276795 1.359817581196645
10.091779054897568 1.359817601459506
10.082484740344592 1.3691294521219988
10.082484890585322 1.3691294521219988
10.082484740344592 1.3691294725236174
0.23456705604299044 10.082484740344592 1.3691294521219988 0.00010305510741692608
0.039860022711024796 0.03830119742849695 0.036858726814983256 0.03552019616502259 0.03427487669816315 0.033113451932567095 0.032027795093475024 0.031010786904789457 0.030056165552821906 0.029158402446705856 0.02831259879081056 0.02751439904611972 0.026759918173567775 0.026045680183774275 0.02536856600937174 0.02472576910143944 0.024114757455250033 0.023533241011246812 0.02297914356899043 0.022450578505468444 0.021945827712852868 0.021463323270841227
0.004233461679028612 0.003915257252710563 0.0036311799369740214 0.0033765865778329876 0.0031475864185103292 0.00294090146844507 0.002753755773225415 0.0025837870389529066 0.0024289756646324674 0.0022875874188174987 0.0021581268771839034 0.002039299397774207 0.001929979908850394 0.0018291871627697264 0.0017360623986300279 0.0016498515789571777 0.0015698905378536802 0.0014955925119500687 0.0014264376302541223 0.0013619640213593867 0.001301760261566208 0.0012454589391594243
