7.154623182857838 2.753542435319032
7.154623289470032 2.753542435319032
7.154623182857838 2.7535424763500114
10.374741659782753 0.6325823650702218
10.374741814378451 0.6325823650702218
10.374741659782753 0.632582379971383
12.368943312684165 0.23715981725643043
12.368943496995783 0.23715981725643043
12.368943312684165 0.23715983215759162
13.612139430004367 0.0870198992094049
12.678406625773276 0.2844606541555852
12.678406814696256 0.2844606541555852
12.678406625773276 0.2844606690567464
13.289834759284398 0.14964491757819545
12.832524876796427 0.25709658041961847
12.832525068015949 0.25709658041961847
12.832524876796427 0.25709659532077966
13.13843217253743 0.1905711136277466
13.138432368315325 0.1905711136277466
13.13843217253743 0.19057112852890778
13.755010255134154 0.08170829472640882
13.293144805562997 0.1667965681608359
13.293145003646291 0.1667965681608359
13.293144805562997 0.1667965830619971
13.60202858058613 0.11584831159685818
13.370463911544919 0.154669622641785
13.370464110780357 0.154669622641785
13.370463911544919 0.1546696375429462
13.525152767088672 0.13074085751638795
13.525152968629154 0.13074085751638795
13.525152767088672 0.13074087241754914
13.836071806576644 0.09421330348759663
13.603031661857838 0.12298297720029948
13.603031864558805 0.12298297720029948
13.603031661857838 0.12298299210146067
13.758687354995287 0.10647440295045843
13.758687560015705 0.10647440295045843
13.758687354995287 0.10647441785161962
13.914972896162489 0.09775331059129061
13.914973103511743 0.09775331059129061
13.914972896162489 0.0977533254924518
14.227700533813715 0.08338891124665206
13.9931887709801 0.09499942533921363
13.99318897949486 0.09499942533921363
13.9931887709801 0.09499944024037482
14.149577726895789 0.08838714150811729
14.149577937740927 0.08838714150811729
14.149577726895789 0.08838715640927848
14.306060448136089 0.08459428202045552
14.306060661313001 0.08459428202045552
14.306060448136089 0.08459429692161671
14.6190406847441 0.07764569855016962
14.384311459542953 0.0831499235925593
14.384311673885897 0.0831499235925593
14.384311459542953 0.08314993849372049
14.540806475051205 0.07990370256891384
14.540806691726107 0.07990370256891384
14.540806475051205 0.07990371747007503
14.853825758460395 0.07502112809974
14.853825979799648 0.07502112809974
14.853825758460395 0.0750211430009012
15.166871236459654 0.07229348742217954
15.166871462463646 0.07229348742217954
15.166871236459654 0.07229350232334074
15.79296539341464 0.0672188539748891
15.323396467770714 0.07125435659225483
15.323396696107114 0.07125435659225483
15.323396467770714 0.07125437149341603
15.636444862749027 0.06888502737239333
15.636445095750211 0.06888502737239333
15.636444862749027 0.06888504227355452
15.949497855259393 0.06723118343945271
15.949498092925431 0.06723118343945271
15.949497855259393 0.0672311983406139
16.05654536006323 0.06683049255801242
16.056545599324398 0.06683049255801242
16.05654536006323 0.06683050745917361
16.00909524329303 0.06707095786151333
16.009095481847137 0.06707095786151333
16.00909524329303 0.06707097276267453
16.03611074026203 0.06693928877899707
16.036110979218698 0.06693928877899707
16.03611074026203 0.06693930368015827
16.021033994723933 0.06701445228090726
16.021034233455943 0.06701445228090726
16.021033994723933 0.06701446718206845
16.029568047337627 0.06697241538433973
16.029568286196803 0.06697241538433973
16.029568047337627 0.06697243028550093
16.02477296269028 0.06699619975014999
16.024773201478006 0.06699619975014999
16.02477296269028 0.06699621465131118
0.9957630722511213 16.02477296269028 0.06699619975014999 9.792830937217568e-05
0.03851140510125084 0.03692225851102823 0.03545815248532043 0.034104997251788 0.03285072723373687 0.031684952941535234 0.030598681757968604 0.02958409234156087 0.028634351094187237 0.027743461879163125 0.026906142211192044 0.02611772066440918 0.025374051396695838 0.024671442565388637 0.024006596082255697 0.023376556675218138 0.022778668628431933 0.02221053888867591 0.021670005475122732 0.02115511032691082 0.020664075880156566 0.02019528479197631
0.0032836659752372155 0.0030171650948894796 0.002781617576648233 0.002572443574376601 0.0023858736337039874 0.0022187838469280604 0.0020685685309737843 0.0019330410544186195 0.0018103559724809554 0.0016989474298378388 0.001597480084356265 0.0015048097422116437 0.0014199515804635815 0.001342054338912812 0.0012703792392187692 0.0012042826712180045 0.001143201899323145 0.0010866432038477028 0.001034171996138347 0.0009854045420088712 0.0009400010021325593 0.0008976595559198495
