5.18863087830322 10.151353037895024
5.188630955619845 10.151353037895024
5.18863087830322 10.151353189161972
7.224962453987584 6.073066654837662
7.2249625616479145 6.073066654837662
7.224962453987584 6.073066745333407
9.059622392424528 2.5881446989410404
7.810510216094527 5.281517571510363
7.810510332480199 5.281517571510363
7.810510216094527 5.281517650211107
8.688558797568867 3.5189355959217523
8.039277950347268 4.845605473695848
8.039278070141844 4.845605473695848
8.039277950347268 4.845605545900996
8.485828440897668 3.9681040250281354
8.485828567346365 3.9681040250281354
8.485828440897668 3.9681040841574933
8.969665585742119 3.1105973193438556
8.616128964892994 3.759273275949869
8.61612909328332 3.759273275949869
8.616128964892994 3.7592733319674063
8.856743915945193 3.3297869797932496
8.856744047920962 3.3297869797932496
8.856743915945193 3.329787029410942
9.110561580264738 2.907968741051069
9.110561716022685 2.907968741051069
9.110561580264738 2.9079687843831796
9.181388223591663 2.8073172945957285
9.181388360405009 2.8073172945957285
9.181388223591663 2.807317336428016
9.314080251110443 2.599997893315961
9.214867784564241 2.75568493297328
9.214867921876472 2.75568493297328
9.214867784564241 2.7556849740361855
9.28157475770791 2.652257147477692
9.28157489601415 2.652257147477692
9.28157475770791 2.652257186999403
9.265164569613793 2.678284079089441
9.265164707675504 2.678284079089441
9.265164569613793 2.6782841189989837
0.12397407869870647 9.265164569613793 2.678284079089441 0.000102830541063949
0.03846541373171408 0.036954132925191216 0.03555616331797832 0.0342593586327895 0.033053230036338616 0.031928675786972706 0.03087776156819957 0.02989354087251402 0.028969907250461977 0.0281014720792262 0.02728346289637124 0.026511638404695375 0.025782217067922414 0.025091816845791606 0.024437404106172886 0.023816250134574772 0.023225893962728467 0.02266411047649763 0.02212888295328388 0.021618379331081888 0.0211309316335774 0.02066501807447074
0.004172603170287823 0.003857261174053885 0.0035759275460716523 0.003323948349589504 0.003097428383440964 0.0028930894817148175 0.0027081583356079516 0.0025402771048088795 0.0023874317428509337 0.0022478941825410507 0.002120175434920283 0.002002987333942055 0.0018952111702728457 0.0017958718452308726 0.0017041164716521727 0.001619196575563255 0.0015404532279323572 0.0014673045720128637 0.0013992353182069122 0.0013357878619372839 0.001276554745966713 0.001221172240914335
