13.772855596974058 3.0039483117526613
13.7728558022056 3.0039483117526613
13.772855596974058 3.003948356514979
11.578864302255132 2.5333713696518263
11.578864474793656 2.5333713696518263
11.578864302255132 2.5333714074020013
13.28187488658945 0.05504812125173242
12.017758778803861 1.9230293861501897
11.70124161856713 2.390734072284064
11.701241792929217 2.390734072284064
11.70124161856713 2.390734107908778
11.917593787730995 2.0833610684426187
11.756120384984799 2.3144535208079415
11.756120560164645 2.3144535208079415
11.756120384984799 2.3144535552959864
11.865440093508118 2.1615783839266216
11.865440270316954 2.1615783839266216
11.865440093508118 2.1615784161366496
11.978814624183023 2.011685682495395
11.97881480268127 2.011685682495395
11.978814624183023 2.0116857124718472
12.095627739395248 1.8644569412030723
12.095627919634147 1.8644569412030723
12.095627739395248 1.8644569689856456
12.216285982939516 1.7203625470965773
12.216286164976362 1.7203625470965773
12.216285982939516 1.720362572731977
12.248922958378492 1.6865627213802767
12.248923140901667 1.6865627213802767
12.248922958378492 1.6865627465120197
12.311061076167453 1.616069772408967
12.26454845606441 1.6690200899319598
12.264548638820424 1.6690200899319598
12.26454845606441 1.6690201148022972
0.19167019279955477 12.26454845606441 1.6690200899319598 7.357829170955088e-05
0.0319482681645391 0.03064540213750542 0.02944384569201299 0.028332321538225423 0.02730115239599731 0.026341989315039796 0.025447593076348397 0.024611657055687058 0.023828662725156397 0.02309376103564064 0.02240267446461204 0.021751615673453708 0.0211372195977822 0.020556486466067038 0.020006733758847116 0.01948555552145788 0.01899078775565586 0.018520478860781037 0.01807286428875063 0.017646344730959895 0.017239467277957825 0.016850909091324726
0.0028863649892356498 0.002658459758627427 0.0024562651126631106 0.0022760929246587406 0.002114886663075589 0.001970097249931232 0.0018395861860792014 0.0017215493780538813 0.001614456809377351 0.0015170044324430317 0.001428075555244402 0.0013467096568655498 0.001272077054048894 0.001203458205565536 0.001140226715032232 0.0010818353001833968 0.0010278041546592104 0.0009777112496267488 0.0009311842161609978 0.0008878935220150123 0.0008475467131994118 0.0008098835353995617
