20.763287029438864 16.865417396266768
20.76328733883595 16.865417396266768
20.763287029438864 16.865417647581072
29.005104497177193 0.4125577023336362
23.47354354898817 13.148090560592259
23.47354389877123 13.148090560592259
23.47354354898817 13.148090756514076
27.4157635958711 4.834551126518711
24.52192544215129 11.100678118670977
24.521925807556453 11.100678118670977
24.52192544215129 11.10067828408397
26.51327167569917 6.953564739087527
25.02907507705308 10.068423390839436
25.029075450015362 10.068423390839436
25.02907507705308 10.068423540870636
26.035262850142047 7.999948477640679
26.035263238097695 7.999948477640679
26.035262850142047 7.999948596849201
27.083701627905086 5.952565164597152
27.08370203148369 5.952565164597152
27.083701627905086 5.952565253297285
28.179583952481394 3.930179387370765
27.37207682872087 5.455043921450338
27.3720772365966 5.455043921450338
27.37207682872087 5.455044002736827
0.06340924164177186 27.37207682872087 5.455043921450338 2.2952543271174117e-05
0.013579438625426533 0.012983873903655668 0.012438293983565689 0.01193666679590915 0.011473892221741586 0.011045629006202772 0.0106481588232398 0.010278278519916586 0.00993321395956904 0.009610550580914983 0.009308177011166836 0.009024238959412203 0.008757101269714553 0.008505316498610744 0.008267598745564203 0.00804280174025105 0.007829900400615146 0.0076279752371630665 0.007436199104115429 0.007253825895669563 0.007080180862313098 0.0069146522827366426
0.0005180432908113166 0.00047366410218235123 0.00043474577413904735 0.00040042884328061746 0.0003700163098303096 0.00034293817506027464 0.00031872468109975217 0.00029698589827075285 0.0002773959976094052 0.00025968101991082857 0.0002436092811158367 0.00022898378459048797 0.00021563617487052218 0.00020342188535307207 0.00019221621807430074 0.0001819111565527452 0.0001724127592102676 0.00016363901564044636 0.0001555180741721266 0.00014798676904591684 0.00014098939071528 0.00013447665448354173
