28.392047747537102 11.432452136130289
28.39204817061158 11.432452136130289
28.392047747537102 11.4324523064871
25.78875354991962 10.394400550537368
25.788753934201992 10.394400550537368
25.78875354991962 10.394400705426007
16.39719993060356 29.813481877449654
23.4396286245332 15.248930938119756
23.439628973810883 15.248930938119756
23.4396286245332 15.248931165346534
22.859305520820605 16.717057317317796
22.859305861450803 16.717057317317796
22.859305520820605 16.71705756642136
21.58853212067419 19.607353988159627
21.58853244236839 19.607353988159627
21.58853212067419 19.60735428033197
19.14043621837437 25.428139671651074
19.140436503589093 25.428139671651074
19.14043621837437 25.428140050559882
16.922041009603788 31.340283294542854
16.922041261761848 31.340283294542854
16.922041009603788 31.34028376154947
14.872601525675604 37.313098152021055
14.872601747294636 37.313098152021055
14.872601525675604 37.31309870802954
12.994524851617289 43.34199088007272
12.994525045250798 43.34199088007272
12.994524851617289 43.341991525918715
12.279452667846794 46.06402865843921
12.279452850824898 46.06402865843921
12.279452667846794 46.06402934484673
12.187063621145201 46.44951420621153
12.1870638027466 46.44951420621153
12.187063621145201 46.44951489836323
0.0076473271561180445 12.187063621145201 46.44951420621153 2.2906156297521607e-05
0.013119034224140565 0.012549140369434407 0.012026620732650635 0.011545812880822322 0.011101920911734215 0.010690856026757043 0.010309111009006377 0.009953660491966729 0.009621881047704776 0.009311486651482655 0.009020476181566876 0.008747090417047288 0.008489776589371487 0.008247158984874792 0.008018014427533821 0.007801251722906089 0.00759589433669321 0.007401065729680015 0.007215976885924001 0.007039915661049747 0.006872237648292909 0.006712358315978813
0.0006719446293949019 0.0006160907000076541 0.0005668989210196759 0.0005233538778294192 0.0004846258811449582 0.00045003176629331877 0.0004190049900771892 0.00039107259409878645 0.00036583729430475915 0.0003429634363357141 0.00032216589375661864 0.00030320122642581653 0.0002858605890754529 0.0002699640058088518 0.0002553557184365796 0.0002419003848847465 0.00022947995494660526 0.0002179910890922246 0.00020734301523155557 0.0001974557406375123 0.00018825855341316576 0.00017968876119924828
