25.62235177634942 22.11694059141936
25.622352158152214 22.11694059141936
25.62235177634942 22.116940920987457
20.942583320564808 18.09259203769454
20.942583632633617 18.09259203769454
20.942583320564808 18.09259230729517
18.690601451885478 23.345302189064
18.69060173039714 23.345302189064
18.690601451885478 23.34530253693611
16.216687003748653 29.80046701753381
16.21668724539612 29.80046701753381
16.216687003748653 29.80046746159537
15.738915675545158 31.461362080943903
15.738915910073278 31.461362080943903
15.738915675545158 31.461362549754732
14.78993040725031 34.19548477039064
14.789930627637448 34.19548477039064
14.78993040725031 34.19548527994307
14.777012613414616 34.29568614226087
14.777012833609263 34.29568614226087
14.777012613414616 34.29568665330642
0.009922443144464332 14.777012613414616 34.29568614226087 1.9641833039065514e-05
0.01347618840411186 0.012889143043096865 0.012351028287736855 0.011855980682987972 0.011399036230577067 0.01097596453721921 0.01058313830431869 0.010217429686151898 0.009876127285252034 0.009556869150374854 0.009257588293634654 0.008976468082946294 0.008711905484705346 0.008462480592288053 0.008226931222082236 0.00800413162112609 0.0077930745309490596 0.007592856006652087 0.007402662510094484 0.007221759889676199 0.0070494839328303855 0.006885232235604601
0.0006635211187727463 0.0006076900009349262 0.0005586023087956283 0.0005152169695931543 0.0004766858253716433 0.0004423123780105498 0.00041152044736648524 0.0003838301170511833 0.0003588390978028198 0.0003362081603245059 0.0003156496547286996 0.00029691839245339646 0.00027980435185587043 0.0002641268028689803 0.0002497295442153287 0.0002364770190855243 0.00022425112910305118 0.00021294860688065851 0.00020247883810691533 0.00019276204745903754 0.00018372778057212653 0.00017531362815865852
