16.180236011324894 27.596672184615418
16.1802362524292 27.596672184615418
16.180236011324894 27.59667259583788
6.904365036849809 54.162360372473785
14.172749493929585 34.33878580604956
14.17274970512001 34.33878580604956
14.172749493929585 34.33878631773734
9.87106305055389 47.73430321114759
13.177762499345873 37.7124374524221
13.177762695709836 37.7124374524221
13.177762499345873 37.71243801438121
11.109189383571628 44.43606024571945
11.10918954911145 44.43606024571945
11.109189383571628 44.43606090786835
10.15915172001694 48.32007380364826
10.159151871400097 48.32007380364826
10.15915172001694 48.32007452367347
10.130971198120173 48.56401905657042
10.130971349083408 48.56401905657042
10.130971198120173 48.5640197802307
0.0071841301488190235 10.130971198120173 48.56401905657042 1.765197757308576e-05
0.013828432683297946 0.013232177954153015 0.012685134560566372 0.012181461530611712 0.011716205701414479 0.011285139438818717 0.010884632655353336 0.010511550965640727 0.010163173962697683 0.009837129129641894 0.009531338007891408 0.009243972051802784 0.00897341619720393 0.008718238617026133 0.008477165472858886 0.008249059726144531 0.008032903267900486 0.007827781776447955 0.0076328718296656385 0.007447429889876891 0.0072707828516177546 0.007102319899704097
0.0008217492308585095 0.0007546130896885002 0.0006953472239355932 0.0006427727633959118 0.0005959227653301558 0.000553998236414949 0.0005163344149155244 0.00048237467227871055 0.00045165013266432674 0.0004237636255606447 0.0003983769521127842 0.000375200707331534 0.0003539860895216888 0.00033451826647593714 0.000316610969912194 0.0003001020654735117 0.00028484990251918715 0.00027073029097289184 0.0002576339852865759 0.0002454645807431261 0.00023413674676136563 0.00022357473698219523
