20.034239143028163 20.78670812412977
20.03423944156159 20.78670812412977
20.034239143028163 20.78670843387586
19.488924742511035 20.250591772205308
19.488925032918644 20.250591772205308
19.488924742511035 20.25059207396264
16.847862144962214 26.615586775176173
18.82827236179497 21.84183228668139
18.82827264235809 21.84183228668139
18.82827236179497 21.841832612150057
17.63469731878331 24.807156143071758
17.63469758156078 24.807156143071758
17.63469731878331 24.80715651272719
16.503370344545573 27.796782580260896
16.503370590464954 27.796782580260896
16.503370344545573 27.796782994465232
16.24738389271578 28.559862960919542
16.247384134820667 28.559862960919542
16.24738389271578 28.559863386494662
0.012888626578519857 16.24738389271578 28.559862960919542 2.73752292201536e-05
0.014257376387463263 0.013635624771885142 0.013065752663589478 0.012541536567805522 0.012057708677930972 0.011609780477266692 0.011193903965448036 0.010806761481233247 0.010445477483846862 0.010107547357256942 0.009790779528723332 0.009493248087498914 0.00921325374872999 0.008949291498177829 0.008700023621909471 0.008464257104385474 0.008240924591768147 0.00802906828160108 0.00782782622748577 0.007636420646954593 0.0074541478990339215 0.007280369859936729
0.0006192317876262856 0.0005669214944641745 0.000520955211947051 0.0004803493970201519 0.0004443035499019496 0.00041216089764148676 0.00038337856700005734 0.00035750472225101607 0.00033416087303070156 0.00031302806044114945 0.0002938359810430073 0.00027635435689384345 0.0002603860375354977 0.00024576144833094035 0.00023233409337963752 0.00021997689040409037 0.00020857916643857283 0.00019804418172952076 0.0001882870784221503 0.00017923317282208357 0.00017081652706316567 0.0001629787491753637
