26.901495855958032 13.21946182338214
26.90149625682156 13.21946182338214
26.901495855958032 13.219462020367471
24.307800828353177 11.95528998930649
24.307801190567634 11.95528998930649
24.307800828353177 11.955290167454192
21.330925499391473 18.26453574174661
23.562751770072744 13.532585303212706
23.562752121185106 13.532585303212706
23.562751770072744 13.53258550486394
22.243456216746118 16.41394715502638
22.243456548199443 16.41394715502638
22.243456216746118 16.413947399613253
19.70124814111739 22.219834306243346
19.701248434688864 22.219834306243346
19.70124814111739 22.21983463734468
19.190571371943083 23.71980295823389
19.19057165790488 23.71980295823389
19.190571371943083 23.719803311686494
18.02141850010534 26.665285675954042
18.021418768645404 26.665285675954042
18.02141850010534 26.66528607329776
15.780871676904276 32.59412177130208
17.47734034272924 28.1534643205377
17.477340603161906 28.1534643205377
17.47734034272924 28.15346474005701
16.37324603753466 31.12394620793433
16.373246281515037 31.12394620793433
16.37324603753466 31.12394667171727
14.272851323253128 37.076846697287735
15.8643982461152 32.617805827230235
15.864398482513156 32.617805827230235
15.8643982461152 32.61780631327342
14.830242970787827 35.59986776731364
14.830243191775669 35.59986776731364
14.830242970787827 35.59986829779301
14.516626396200135 36.61620998451503
14.516626612514724 36.61620998451503
14.516626396200135 36.61621053013908
0.01001625340477208 14.516626396200135 36.61620998451503 2.0314683057576838e-05
0.013664706693610798 0.013069211013883914 0.01252337142794809 0.012021234842919611 0.011557761816415652 0.011128657999896187 0.01073024151995487 0.010359337676377629 0.01001319461818727 0.009689415284068758 0.009385902065050626 0.009100811501458366 0.00883251695558524 0.008579577670006574 0.008340712973422353 0.008114780662656284 0.007900758793277323 0.007697730268289833 0.007504869736123661 0.007321432404295003 0.007146744449921204 0.006980194767469979
0.0006190708054057392 0.0005670406687184676 0.0005212872559643259 0.00048084275948820186 0.0004449184790542909 0.0004128665699632018 0.00038415097044525994 0.00035832508044878316 0.0003350144615995854 0.0003139033103854509 0.00029472379432542606 0.0002772475802105367 0.00026127905502516276 0.0002466498643883965 0.00023321448422712956 0.00022084660848646403 0.00020943618565932398 0.000198886974450825 0.000189114517307193 0.00018004445220808638 0.00017161109976436973 0.0001637562755321872
