11.712983342872487 14.736210131921993
11.71298351740954 14.736210131921993
11.712983342872487 14.736210351508635
10.986875565117879 33.546383850887295
10.986875728835082 33.546383850887295
10.986875565117879 33.54638435076737
12.874098866672506 39.42052681394857
12.87409905851153 39.42052681394857
12.874098866672506 39.4205274013602
14.408578079165963 36.840403743978186
14.408578293870507 36.840403743978186
14.408578079165963 36.84040429294298
14.84658516647856 35.68043659989669
14.846585387709919 35.68043659989669
14.84658516647856 35.680437131576625
14.89742752857798 35.540350666849754
14.89742775056695 35.540350666849754
14.89742752857798 35.540351196442245
0.010215897960608955 14.89742752857798 35.540350666849754 1.701248784975288e-05
0.01359566367975971 0.013002880697547858 0.012459552372816936 0.011959746787579278 0.011498442878333168 0.011071362312764546 0.01067483722914535 0.010305705231333931 0.00996122531195352 0.009639009999286817 0.009336970193124587 0.009053270007521187 0.008786289566699756 0.008534594167921543 0.008296908576363771 0.008072095483212019 0.007859137361542132 0.007657121111170496 0.007465225005131836 0.0072827075453368246 0.007108897909573374 0.006943187731048913
0.0006145964513828764 0.0005628629036607781 0.0005173802641322857 0.00047718311313433345 0.00044148500029044863 0.00040964015570896906 0.0003811144055058158 0.0003554628528332154 0.0003323125876325712 0.0003113491732575377 0.00029230599743007915 0.00027495581529948186 0.0002591039844925917 0.0002445830166331913 0.0002312481608950214 0.00021897380237146874 0.00020765050809067297 0.0001971825910746495 0.00018748609127088327 0.00017848709385778067 0.0001701203220655909 0.0001623279545166474
