23.045985254018213 10.875506472779932
23.045985597430153 10.875506472779932
23.045985254018213 10.875506634837608
13.613392146418848 34.54870365090465
21.876935112349575 17.138129852942473
21.87693543834131 17.138129852942473
21.876935112349575 17.13813010832051
16.97179902687706 28.89772845684776
20.798760340322154 20.135515650572987
20.798760650247836 20.135515650572987
20.798760340322154 20.135515950615552
18.356655810025995 26.01966854615625
18.356656083561482 26.01966854615625
18.356655810025995 26.019668933879526
16.152819575905802 31.997145914467474
16.15281981660157 31.997145914467474
16.152819575905802 31.997146391262103
14.125040790851966 38.03661965266516
14.125041001331475 38.03661965266516
14.125040790851966 38.03662021945496
13.272154008741913 41.0079226234581
13.272154206512418 41.0079226234581
13.272154008741913 41.007923234523766
13.282668276341413 41.04357782849205
13.282668474268593 41.04357782849205
13.282668276341413 41.043578440089014
0.008640833250928348 13.282668276341413 41.04357782849205 1.3961632581022943e-05
0.013373540805280458 0.012791733714963286 0.012258358996639924 0.0117676200020817 0.011314608263164438 0.010895139894266744 0.010505626822462137 0.010142974502535675 0.009804499979693381 0.00948786573425293 0.009191025875860515 0.008912182081419478 0.008649747280340047 0.008402315544495442 0.008168636981310536 0.007947596686977424 0.007738197014447559 0.007539542563123201 0.007350827415338897 0.007171324237066844 0.007000374932913528 0.006837382602963506
0.0006585105367309774 0.000603448658977879 0.0005549942437093367 0.0005121339996704066 0.00047404112609384985 0.0004400357059537674 0.00040955455064634413 0.00038212801002669705 0.00035736197224709197 0.00033492377016061827 0.0003145310565451208 0.00029594295574751747 0.0002789529755219969 0.0002633832906632414 0.00024908010369617864 0.0002359098571468337 0.00022375612358319107 0.00021251703847411036 0.0002021031703671046 0.000192435745375479 0.00018344516025820267 0.00017506973176143506
