21.4151286083064 25.670786197384732
21.415128927416685 25.670786197384732
21.4151286083064 25.670786579909254
18.904163491467667 22.683169467595246
18.904163773161656 22.683169467595246
18.904163491467667 22.68316980560081
14.520420575694969 33.62048542764522
17.806552061233063 25.416693608160557
17.806552326571367 25.416693608160557
17.806552061233063 25.416693986898807
17.37500560100187 26.595359053052817
17.375005859909628 26.595359053052817
17.37500560100187 26.59535944935455
16.491534382632207 28.945128599114092
16.49153462837522 28.945128599114092
16.491534382632207 28.94512903043012
14.788174230675846 33.6680850297691
14.788174451036815 33.6680850297691
14.788174230675846 33.668085531462665
13.92947885829781 36.40228542618392
13.92947906586322 36.40228542618392
13.92947885829781 36.40228596862025
13.95049558563434 36.397839788554364
13.950495793512923 36.397839788554364
13.95049558563434 36.397840330924446
0.009666601062841118 13.95049558563434 36.397839788554364 1.864916672639867e-05
0.013748579905112109 0.013150411733109017 0.012602039285433561 0.012097502867698296 0.011631755874077615 0.011200496627211922 0.010800036008858194 0.010427192310425703 0.010079206997664519 0.009753676697778135 0.009448497881406193 0.009161821561241042 0.008892015955258624 0.008637635528873432 0.008397395180832538 0.008170148603424042 0.007954870050744777 0.007750638905296313 0.007556626554655559 0.007372085184894506 0.00719633817209588 0.007028771812413235
0.0006740253328690962 0.0006175136813488207 0.0005678022820872993 0.0005238453233437235 0.00048479002112516084 0.0004499355063275285 0.00041870155058494954 0.00039060453570505016 0.000365238815236255 0.0003422621314192207 0.00032138411159190756 0.00030235712408904005 0.0002849689573054133 0.0002690369187101226 0.0002544030480535797 0.00024093021101902217 0.00022849889324685432 0.00021700455500065044 0.00020635543730160663 0.00019647073367615148 0.00018727905958090872 0.00017871716543206893
