21.607447504313498 20.537040716388912
21.607447826289555 20.537040716388912
21.607447504313498 20.537041022414666
20.395625745722576 19.369384175694403
20.395626049641084 19.369384175694403
20.395625745722576 19.36938446432072
26.114633380415608 5.8307781289631375
21.82532769501907 15.984324980381452
21.825328020241795 15.984324980381452
21.82532769501907 15.984325218566454
22.51315311498048 14.513250770077507
22.513153450452602 14.513250770077507
22.51315311498048 14.513250986341797
23.858811667381378 11.557264365742032
23.858812022905376 11.557264365742032
23.858811667381378 11.557264537958691
25.271973367491505 8.632947937650211
25.271973744073254 8.632947937650211
25.271973367491505 8.63294806629116
26.744933238188306 5.73829048268551
25.6602553242411 7.919836510729899
25.6602557066087 7.919836510729899
25.6602553242411 7.91983662874466
0.0455610101791617 25.6602553242411 7.919836510729899 2.1114526093768726e-05
0.013987393386232148 0.013374385671519346 0.012812788033051152 0.012296401199913815 0.011819982921769496 0.01137907037212252 0.0109698406384857 0.01058900011006612 0.010233696020111538 0.00990144513826607 0.009590075858668726 0.009297680839446841 0.009022578018588835 0.008763278328527567 0.008518458804824401 0.008286940066668334 0.00806766736235012 0.007859694538580255 0.007662170420920543 0.0074743271927932885 0.0072954704392359584 0.007124970583782264
0.0005217131952604133 0.00047706590346575554 0.0004379066029551948 0.00040337251009037016 0.0003727637474109233 0.00034550782613086353 0.00032113283394308415 0.0002992469754332031 0.0002795228033884111 0.0002616849522125047 0.0002455005127975522 0.00023077141881100064 0.00021732837836397712 0.0002050260029754121 0.0001937388714631811 0.00018335832930058322 0.000173789870572297 0.0001649509844797015 0.00015676937457402603 0.00014918147880936585 0.00014213123373832507 0.00013556903790367696
