22.01728592370191 11.517037194967266
22.017286251785034 11.517037194967266
22.01728592370191 11.517037366584493
28.212047872436518 0.5739241792023666
24.165660968586877 9.221953417335968
24.165661328683285 9.221953417335968
24.165660968586877 9.221953554753782
26.98538960737933 3.6022710488299863
24.912592027830634 7.838904172842228
24.912592399057182 7.838904172842228
24.912592027830634 7.838904289651003
26.332561146556994 5.034155952111121
26.332561538942734 5.034155952111121
26.332561146556994 5.03415602712589
26.74972693885207 4.368081251549503
26.749727337454065 4.368081251549503
26.74972693885207 4.368081316638986
27.52782875506215 3.0023254960909056
26.947631876460466 4.02858996017729
26.947632278011472 4.02858996017729
26.947631876460466 4.028590020207958
0.08484198329332138 26.947631876460466 4.02858996017729 1.9522075316823928e-05
0.014150118837274534 0.013530565342340413 0.012962920350917255 0.012440930766762634 0.011959307823994385 0.011513548325431439 0.01109979417518158 0.010714720976677472 0.01035544892145153 0.010019470938403562 0.009704594328767632 0.009408893025964211 0.009130668292093042 0.008868416162742464 0.00862080032689684 0.008386629412676915 0.008164837866394364 0.00795446977915046 0.007754665144445635 0.007564648131133099 0.007383717035297919 0.0072112356372972235
0.0005622491020524931 0.0005141643567103144 0.0004719861312600434 0.00043478649348760483 0.00040181259144364155 0.000372448510373927 0.00034618647118386553 0.00032260484784196936 0.0003013512213851938 0.0002821291950383739 0.0002646880467727449 0.00024881454294928745 0.0002343264126395562 0.00022106710878555446 0.00020890157436364142 0.0001977127992535337 0.00018739900354821897 0.000177871320432927 0.00016905187993587092 0.00016087221624797043 0.00015327193767461936 0.0001461976108892728
