18.872844739253342 21.36982383849113
18.872845020480643 21.36982383849113
18.872844739253342 21.36982415692632
25.089271033740044 8.834863212374408
25.089271407599316 8.834863212374408
25.089271033740044 8.834863344024129
29.891971147106865 0.33004065814751726
26.621963236295713 6.934014572072187
26.62196363299388 6.934014572072187
26.621963236295713 6.934014675397056
28.888268570256674 2.6081223059939953
27.207527438676195 5.862703552727689
27.207527844099946 5.862703552727689
27.207527438676195 5.86270364008878
28.36115863263775 3.7106101510760348
27.500663820427867 5.327241840265307
27.50066423021969 5.327241840265307
27.500663820427867 5.327241919647396
0.06695727914943994 27.500663820427867 5.327241840265307 7.70462311859117e-06
0.013758296155900011 0.013154831655216923 0.01260201975317426 0.01209374719893985 0.011624845328779504 0.011190914614836338 0.010788186876461535 0.010413416058202268 0.01006379090262657 0.009736864567695845 0.009430497476311701 0.0091428105861963 0.008872146930485785 0.008617039771336023 0.00837618607773121 0.00814842431778757 0.007932715768783764 0.007728128711896171 0.00753382500547348 0.007349048629656024 0.007173115872875272 0.007005406892202336
0.0005020413812450109 0.0004590285441228902 0.0004213090056368286 0.00038804958226465013 0.0003585746043885227 0.00033233153010190036 0.0003088649982847426 0.0002877970370030744 0.0002688118150364347 0.00025164378378371313 0.00023606837539059958 0.00022189464671801737 0.0002089594178394782 0.00019712256810072669 0.00018626323583842335 0.0001762767287913821 0.00016707199735843063 0.0001585695565595079 0.00015069976793894308 0.00014340141191558072 0.00013662049581581167 0.00013030925416887733
