13.204856607495362 21.444589909441678
13.20485680426306 21.444589909441678
13.204856607495362 21.44459022899097
16.066885083450078 26.771329793257973
16.06688532286532 26.771329793257973
16.066885083450078 26.771330192181875
20.19007098035027 19.292175107062423
20.19007128120577 19.292175107062423
20.19007098035027 19.292175394538233
23.23338305367415 12.78510531497805
23.233383399878534 12.78510531497805
23.23338305367415 12.785105505490966
24.76695350358586 9.78464573335747
24.766953872642226 9.78464573335747
24.76695350358586 9.784645879160053
25.181611799501226 9.002877375184584
25.181612174736483 9.002877375184584
25.181611799501226 9.00287750933791
0.03924170895974177 25.181611799501226 9.002877375184584 1.678837951355331e-05
0.013803387449831893 0.013198445508337476 0.012644237075031917 0.012134644477543309 0.011664494465182973 0.011229382950508439 0.010825537336288443 0.010449707359485985 0.010099077798187719 0.00977119810272943 0.009463925246187081 0.0091753769873394 0.008903893399726501 0.008648005011226142 0.008406406266716019 0.008177933304996242 0.007961545253755515 0.007756308409890861 0.007561382799201206 0.007376010708350057 0.007199506859660046 0.007031249960696052
0.0005319946349087902 0.00048647368473482046 0.00044654732871487286 0.00041133615125075 0.0003801267584785433 0.0003523355870719284 0.0003274815820679408 0.0003051653471622577 0.00028505307466718087 0.0002668640440240946 0.0002503608120120191 0.0002353414527121338 0.00022163337237002254 0.00020908834446415063 0.0001975784976217578 0.00018699305311943348 0.00017723565618411776 0.00016822218078690115 0.00015987891434940263 0.00015214104907548703 0.0001449514221424719 0.0001382594589408157
