20.236432494005136 29.009273926518706
20.23643279555148 29.009273926518706
20.236432494005136 29.009274358790574
17.06844225853722 24.459093006737554
17.068442512876832 24.459093006737554
17.06844225853722 24.459093371206443
23.28272276830692 8.314349099356054
18.62195647261811 20.42238174989448
18.621956750106886 20.42238174989448
18.62195647261811 20.42238205421168
19.330937422363686 18.816662889169226
19.3309377104171 18.816662889169226
19.330937422363686 18.81666316955935
20.69716205232023 15.582875875826529
20.69716236073198 15.582875875826529
20.69716205232023 15.582876108029474
22.141356327001997 12.383149155598662
22.141356656933915 12.383149155598662
22.141356327001997 12.383149340121964
23.645589668529453 9.21120491879359
23.645590020876195 9.21120491879359
23.645589668529453 9.211205056051238
25.218506260157806 6.072752818960931
25.218506635942834 6.072752818960931
25.218506260157806 6.072752909452
25.66769968299925 5.318781976969198
25.667700065477778 5.318781976969198
25.66769968299925 5.318782056225226
26.505859239415244 3.7765512533809655
25.880254420506986 4.934878116624645
25.88025480615283 4.934878116624645
25.880254420506986 4.93487819016006
0.07060298675735388 25.880254420506986 4.934878116624645 2.0263811190128713e-05
0.014507608913678227 0.013872965329584585 0.013291446012664063 0.012756657441815164 0.01226319112205549 0.01180644117025807 0.011382460936889998 0.010987849266334804 0.010619659494519996 0.01027532605775971 0.009952604864826787 0.009649524515095011 0.009364346130796519 0.009095530080912953 0.00884170825660388 0.008601660847616679 0.008374296790188088 0.00815863722705809 0.007953801452087138 0.007758994914909728 0.007573498941951043 0.007396661894099799
0.0005801296768119448 0.0005305655000211873 0.0004870832608067566 0.0004487284928177398 0.0004147266163567775 0.0003844437933176926 0.00035735735759810563 0.0003330332384259467 0.000311108550917349 0.0002912780467326016 0.00027328347782847804 0.00025690517960055007 0.00024195535998696507 0.0002282727108426394 0.00021571805223462385 0.00020417078958561897 0.00019352601493268995 0.00018369212194716567 0.00017458883328741305 0.00016614556082651956 0.00015830003610715104 0.00015099716132766736
