20.12061349096789 21.301832635689767
20.120613790788397 21.301832635689767
20.12061349096789 21.30183295311181
18.771579950905522 19.898751794239658
18.77158023062386 19.898751794239658
18.771579950905522 19.898752090754165
16.13679548433185 26.309894020333747
18.112016819787584 21.501518356453925
18.112017089677668 21.501518356453925
18.112016819787584 21.501518676851514
16.921317174916002 24.49323614003504
16.921317427063276 24.49323614003504
16.921317174916002 24.4932365050127
14.646462673781254 30.51798516071949
16.37054616513959 26.00607669013048
16.370546409079736 26.00607669013048
16.37054616513959 26.00607707765122
15.251046076289507 29.025159413733377
15.251046303547803 29.025159413733377
15.251046076289507 29.025159846241955
14.414975428981128 31.45862936680492
14.414975643781 31.45862936680492
14.414975428981128 31.458629835575028
14.50986315735587 31.230221069903788
14.50986337356968 31.230221069903788
14.50986315735587 31.230221535270346
0.01084069198836679 14.50986315735587 31.230221069903788 8.88677710434953e-06
0.014144577352578347 0.013529671286265352 0.012965910217275344 0.012447178655668313 0.011968297126623922 0.011524849976416738 0.011113049784161411 0.01072962962461952 0.01037175673782805 0.010036962808629724 0.009723087248036145 0.009428230736086686 0.009150716925938112 0.008889060685746127 0.008641941613420082 0.008408181831254918 0.008186727275382739 0.007976631855227968 0.007777043982539643 0.0075871950668017565 0.007406389650317584 0.0072339969168199805
0.0007242439490456042 0.0006634175482281915 0.0006099234875792685 0.0005626321041743534 0.0005206226163421853 0.00048313855408829606 0.00044955387429272106 0.0004193469375980445 0.00039208033419215995 0.00036738510614771634 0.00034494830661398114 0.00032450311452884373 0.00030582092310060994 0.00028870496491167794 0.0002729851423034211 0.00025851380984479787 0.0002451623139074904 0.000232818138107676 0.0002213825364910189 0.00021076856159764804 0.00020089941394943643 0.00019170705450870522
