18.286629998045047 12.538766044001514
18.286630270537067 12.538766044001514
18.286629998045047 12.538766230843688
24.6184644300347 7.617301156759022
24.618464796878406 7.617301156759022
24.6184644300347 7.617301270265655
29.1644340350621 0.5948328154075755
26.271240169050742 6.33584156513518
26.271240560522727 6.33584156513518
26.271240169050742 6.335841659546576
28.244866740979695 2.6480206003437705
26.79305760878174 5.429663800177455
26.793058008029412 5.429663800177455
26.79305760878174 5.42966388108575
27.78878836223707 3.590553527499917
27.04597114657716 4.972063933560773
27.045971549593535 4.972063933560773
27.04597114657716 4.9720640076502995
0.0675746068784927 27.04597114657716 4.972063933560773 1.619582748860977e-05
0.013674533286167696 0.013075278889104463 0.012526277507947157 0.012021469849316289 0.011555731958362108 0.011124701659750597 0.01072464221644501 0.01035233422740902 0.010004989175603557 0.00968017973594724 0.009375783174630652 0.009089935060263198 0.008820991161360951 0.00856749589067241 0.00832815602138747 0.008101818676163953 0.007887452800446119 0.007684133493486961 0.007491028695968582 0.007307387831031567 0.007132532072441652 0.006965845974422843
0.0005496826858899 0.0005026315490091617 0.0004613651807996829 0.00042497392979160204 0.00039271994100209984 0.0003639996909247902 0.0003383157074809546 0.0003152549919577676 0.0002944723893995485 0.0002756776531003419 0.0002586252951654128 0.0002431065584684448 0.00022894301839041344 0.00021598144717438456 0.0002040896641632354 0.00019315316155081388 0.0001830723444297753 0.0001737602606433031 0.00016514072361247767 0.0001571467523137619 0.0001497192686440009 0.00014280600478140166
