10.08056486986087 27.443538285410845
10.080565020072992 27.443538285410845
10.08056486986087 27.44353869435143
13.326437347778876 33.71702538903228
13.326437546358267 33.71702538903228
13.326437347778876 33.71702589145511
17.955044889073136 25.26264966123724
17.955045156624156 25.26264966123724
17.955044889073136 25.262650037680057
21.487870052485224 17.37842059120927
21.48787037267944 17.37842059120927
21.487870052485224 17.378420850167917
23.02556828285038 14.316303473375545
23.025568625958083 14.316303473375545
23.02556828285038 14.31630368670509
23.281147263225904 13.825429975946777
23.281147610142032 13.825429975946777
23.281147263225904 13.825430181961737
0.025025127323019314 23.281147263225904 13.825429975946777 9.95769886833421e-06
0.013443906928931987 0.01285469075185164 0.012314891760304385 0.011818550688263828 0.011360628290626756 0.01093683460204646 0.010543494814996205 0.01017744294108257 0.009835936772284871 0.009516589330237945 0.009217313193987603 0.00893627497155456 0.00867185782420337 0.00842263043049892 0.008187321135911394 0.00796479630516762 0.007754042101680699 0.007554149077702705 0.00736429908228993 0.007183754090494438 0.007011846632859758 0.006847971564107431
0.0005389116890912832 0.0004928337932049421 0.000452414520516635 0.0004167651066561976 0.0003851644346394454 0.00035702252055771285 0.00033185293959288347 0.00030925177872142515 0.000288881410581457 0.00027045786786485495 0.00025374093419934746 0.00023852630413947242 0.00022463933325746812 0.0002119300204560484 0.00020026895268248604 0.00018954400686774445 0.00017965765181009635 0.00017052472851873497 0.0001620706145063219 0.00015422969800300124 0.00014694410373420645 0.0001401626239759234
