23.683334063110834 19.36623936435137
23.683334416020013 19.36623936435137
23.683334063110834 19.366239652930823
21.539128324739497 17.632295944257788
21.53912864569752 17.632295944257788
21.539128324739497 17.63229620699947
18.708873808390614 24.168946898181062
20.82992000397493 19.26642558217261
20.829920314364927 19.26642558217261
20.82992000397493 19.266425869264722
19.558616873203086 22.292762321986913
19.55861716464919 22.292762321986913
19.558616873203086 22.292762654174958
17.118343819425977 28.387413277968726
17.118344074509178 28.387413277968726
17.118343819425977 28.387413700974147
16.643459934734285 29.9584692045115
16.643460182741165 29.9584692045115
16.643459934734285 29.958469650927476
15.534546381776519 33.0480058113713
15.534546613259298 33.0480058113713
15.534546381776519 33.048006303824955
13.650997612318768 38.60491008707822
15.081197568079107 34.44305372152981
15.081197792806464 34.44305372152981
15.081197568079107 34.4430542347713
14.150987823489917 37.22539897421597
14.150988034356068 37.22539897421597
14.150987823489917 37.22539952891764
13.804728732586721 38.36898755185242
13.80472893829321 38.36898755185242
13.804728732586721 38.36898812359489
13.792265916759074 38.41902923228314
13.792266122279852 38.41902923228314
13.792265916759074 38.419029804771284
0.009034752833852022 13.792265916759074 38.41902923228314 3.262905202908596e-05
0.01340735376092519 0.012823836286059001 0.012288912301913044 0.0117967637755182 0.011342464423928021 0.010921815411663592 0.0105312160344194 0.010167561006561422 0.00982815818649704 0.009510662153013213 0.00921302018437833 0.008933428022581489 0.008670293417381052 0.008422205900729198 0.008187911584755514 0.007966292036239758 0.0077563464790529205 0.007557176728996122 0.0073679743841572115 0.007188009886649037 0.007016623144540383 0.006853215460523446
0.0006653208469217425 0.0006095556156117468 0.0005604988361855086 0.0005171191132595162 0.0004785753655509062 0.0004441763014740861 0.00041334959036884417 0.00038561817248704863 0.00036058188345289695 0.0003379030759787036 0.0003172952770994288 0.0002985141713900149 0.000281350381564807 0.0002656236490317993 0.00025117811301163164 0.0002378784577994324 0.0002256067506486074 0.0002142598325184255 0.0002037471540472583 0.00019398897209931822 0.0001849148398978307 0.00017646233742437783
