24.729826626869077 10.368375936528087
24.72982699537221 10.368375936528087
24.729826626869077 10.368376091028928
29.72953910114789 0.07008741721296374
26.000701705962218 7.804079056948364
26.000702093402865 7.804079056948364
26.000701705962218 7.804079173238204
27.31398115928433 5.26123831660219
27.313981566294366 5.26123831660219
27.31398115928433 5.261238395000751
27.68752910189492 4.6510061422197335
27.687529514471255 4.6510061422197335
27.68752910189492 4.651006211525126
28.388197529864993 3.40330856573474
27.86523524424831 4.3405212472732755
27.865235659472674 4.3405212472732755
27.86523524424831 4.340521311952083
0.07995431270928832 27.86523524424831 4.3405212472732755 1.3009352376676153e-05
0.01371243226113968 0.013111108228801452 0.012560246030487282 0.012053756816431572 0.011586492334472124 0.011154070261815982 0.010752737021984673 0.010379259036200796 0.010030835769878484 0.009705029647603034 0.009399709141690216 0.009113002235512679 0.008843258121793167 0.00858901548563802 0.008348976089241962 0.008121982653002577 0.007907000239747209 0.007703100511780679 0.007509448356750852 0.00732529047686175 0.0071499456133530415 0.006982796139331437
0.0005164706091151933 0.0004722288034254756 0.0004334306167670009 0.00039921935396743883 0.0003689002495256216 0.00034190512400164813 0.0003177657129816973 0.00029609332200105173 0.00027656315084685054 0.00025890210266534794 0.00024287922062761052 0.0002282981248382049 0.00021499098562670788 0.00020281368686835772 0.00019164191834493045 0.00018136799878546423 0.0001718982776020159 0.00016315099797721577 0.00015505453005105972 0.00014754590275853206 0.00014056957801332595 0.0001340764225941041
