21.3383367775873 18.61488290980371
21.338337095553296 18.61488290980371
21.3383367775873 18.614883187187083
10.859634381822557 44.92144631668815
19.229163394379835 25.372566889969104
19.2291636809167 25.372566889969104
19.229163394379835 25.372567268049814
14.179224102193686 38.59972583246669
18.053951908722482 28.711369706553626
18.05395217774733 28.711369706553626
18.053951908722482 28.711370134386375
15.600176403117462 35.35169280895667
17.459626405706338 30.37839063248048
17.459626665875046 30.37839063248048
17.459626405706338 30.378391085153776
16.252567951940982 33.7058124832904
16.252568194123118 33.7058124832904
16.252567951940982 33.705812985546146
13.959034184965773 40.40317076816358
15.698872649595573 35.38676551153779
15.698872883527006 35.38676551153779
15.698872649595573 35.386766038841685
14.571757209315873 38.74211006438729
14.571757426451976 38.74211006438729
14.571757209315873 38.74211064168972
14.183640140784476 40.04515810387326
14.183640352137184 40.04515810387326
14.183640140784476 40.045158700592616
14.179106137412262 40.0727149578148
14.179106348697408 40.0727149578148
14.179106137412262 40.072715554944786
0.008844612418989484 14.179106137412262 40.0727149578148 8.071623672715863e-06
0.013075498215054989 0.01250547729893802 0.011983006556349152 0.01150238298448025 0.011058779246587245 0.01064808204267213 0.01026676495989036 0.009911787526386301 0.009580514384782255 0.009270650062276951 0.008980185939051508 0.008707356836559963 0.008450605251344355 0.00820855170953478 0.007979970054854874 0.0077637667388242545 0.007558963377352251 0.00736468198846157 0.007180132442659657 0.0070046017486947295 0.006837444869157977 0.00667807681714066
0.0006158228443427456 0.0005641007872219412 0.0005186140196395464 0.00047840178102058863 0.00044268099394789424 0.0004108083412830884 0.00038225143797074594 0.00035656669339804135 0.00033338215065644263 0.0003123840664630074 0.0002933063298619446 0.00027592205483084137 0.00026003685180611214 0.0002454834062128728 0.00023211708212419547 0.00021981233566726433 0.00020845977232684961 0.0001979637195071103 0.00018824021388370816 0.0001792153245661166 0.00017082374959596916 0.00016300763607165797
