22.739233746429086 15.395734275277405
22.739234085270073 15.395734275277405
22.739233746429086 15.395734504691724
22.04627602769686 14.951183270671427
22.046276356211973 14.951183270671427
22.04627602769686 14.95118349346142
19.291332441557635 21.102676428251247
21.35699562982089 16.489045494616413
21.356995948064924 16.489045494616413
21.35699562982089 16.489045740322336
20.124274414304438 19.32218529670399
20.124274714179496 19.32218529670399
20.124274414304438 19.322185584626986
17.751977358478534 25.028089047412415
19.54704814861755 20.755147446078656
19.547048439891263 20.755147446078656
19.54704814861755 20.755147755354454
18.376556173973697 23.614558446730978
18.376556447805722 23.614558446730978
18.376556173973697 23.61455879861532
16.13113036220956 29.371571027687537
17.830940878214722 25.05985240727089
17.830941143916448 25.05985240727089
17.830940878214722 25.059852780691788
16.724009096275225 27.94446412524775
16.72400934548238 27.94446412524775
16.724009096275225 27.944464541652717
15.171071213592857 32.219789481025074
16.35166184529782 29.018933277906857
16.35166208895657 29.018933277906857
16.35166184529782 29.01893371032266
0.012071053075091598 16.35166184529782 29.018933277906857 1.6552338301081976e-05
0.01380698789204905 0.013204658399797509 0.012652606649932384 0.01214479896600393 0.011676128579654886 0.0112422444744939 0.010839416751883168 0.010464429751151064 0.010114496479230142 0.009787189558149716 0.00948038509043163 0.009192216711088901 0.008921037734921484 0.008665389784053143 0.00842397663837627 0.008195642322634606 0.007979352650971314 0.007774179609232227 0.007579288079004375 0.00739392450398029 0.007217407175195987 0.007049117871784489
0.0006310586906615779 0.0005777112883365923 0.0005308385072434656 0.0004894357699511359 0.0004526856097581337 0.0004199174463444512 0.00039057707847040473 0.00036420330636929556 0.00034040984491570577 0.0003188712045255838 0.0002993115769857107 0.00028149601806090846 0.000265223400803409 0.0002503207450746487 0.00023663862484751358 0.00022404742564607032 0.00021243427711471348 0.00020170052517596304 0.00019175963806740038 0.00018253546326544968 0.00017396076972916075 0.00016597602335346052
