21.46261313895011 20.569822903404056
21.46261345876797 20.569822903404056
21.46261313895011 20.5698232099183
20.11228657699924 19.304241337428575
20.112286876695663 19.304241337428575
20.11228657699924 19.304241625084188
17.391331911256998 25.762913404393217
19.431338922373136 20.918894495364555
19.43133921192265 20.918894495364555
19.431338922373136 20.918894807080374
18.204522023031128 23.921486669541718
18.204522294299647 23.921486669541718
18.204522023031128 23.921487025999646
15.854024276637064 29.96778456329131
17.634313190589506 25.439716479103115
17.634313453361248 25.439716479103115
17.634313190589506 25.439716858184433
16.476508847400215 28.469589178051553
16.47650909291933 28.469589178051553
16.476508847400215 28.46958960228149
14.267849012032082 34.5691284727357
15.941979986330058 30.0007452001206
15.941980223884071 30.0007452001206
15.941979986330058 30.000745647166543
14.855213849660041 33.05681765232595
14.855214071019978 33.05681765232595
14.855213849660041 33.05681814491091
14.528217496986366 34.09633417713243
14.528217713473678 34.09633417713243
14.528217496986366 34.096334685207395
14.594942716392344 33.905675897846024
14.594942933873938 33.905675897846024
14.594942716392344 33.905676403079966
0.010705361766923938 14.594942716392344 33.905675897846024 1.0650113848144977e-05
0.014039148614950545 0.013427891532109961 0.012867556574962113 0.01235204489050287 0.011876192684795922 0.011435598901507067 0.011026489600066015 0.010645610239791416 0.010290139401560906 0.009957619135135896 0.009645898314876226 0.009353086257955624 0.009077514501559749 0.008817705113825161 0.008572344272707566 0.008340260119451976 0.008120404101617268 0.007911835181047207 0.007713706406678453 0.0075252534493539 0.0073457847723204526 0.007174673171640739
0.0006511164144412881 0.000596399632335063 0.0005482827754177059 0.000505748360152253 0.0004679671701870852 0.00043425805643876596 0.00040405738165198837 0.00037689555920255576 0.00035237886849579273 0.00033017523581883596 0.0003100030242243572 0.00029162212743601655 0.0002748268429685467 0.00025944013018364663 0.00024530895448959225 0.00023230048939851543 0.0002202990006748661 0.00020920327625723224 0.00019892449549800386 0.00018938445404196734 0.0001805140781584735 0.0001722521758688863
