13.61266182448339 17.964735214713368
13.612662027327858 17.964735214713368
13.61266182448339 17.964735482408784
17.527410910152827 22.174266210441903
17.527411171331604 22.174266210441903
17.527410910152827 22.174266540864217
24.662502778454314 8.95812820540539
24.662503145954243 8.95812820540539
24.662502778454314 8.958128338891903
29.632753197413226 0.4843191593566143
26.346312250690435 7.170227908349756
26.34631264328108 7.170227908349756
26.346312250690435 7.1702280151944775
28.61545048080448 2.813828140577092
26.93790283395241 6.094137282730017
26.937903235358444 6.094137282730017
26.93790283395241 6.0941373735397395
28.087849544690958 3.924016462714389
27.229919126719953 5.554031646816049
27.229919532477368 5.554031646816049
27.229919126719953 5.55403172957757
0.060813806485721655 27.229919126719953 5.554031646816049 2.4171050756778195e-05
0.013457300221993016 0.012867169163982575 0.01232656023798493 0.011829498031488406 0.011370930198064734 0.01094655604618864 0.010552691913937326 0.010186164447749125 0.009844225269797944 0.009524482199289615 0.009224843401701405 0.008943471719359029 0.008678747083460458 0.008429235388095264 0.008193662567116126 0.00797089288734436 0.007759910679602335 0.007559804889031166 0.00736975595008571 0.007189024588294262 0.00701694222681669 0.006852902735860853
0.0005311667969603437 0.00048566990566013943 0.0004457705792050062 0.00041058797327952427 0.0003794077225995437 0.0003516456077596112 0.000326820136602667 0.00030453162827057096 0.00028444609723889174 0.0002662827197361506 0.00024980400137154145 0.00023480800112382253 0.00022112213485369334 0.00020859820228651105 0.00019710836916102134 0.00018654190061917985 0.00017680248958541278 0.00016780605949544858 0.00015947894755683205 0.0001517563950828994 0.00014458128701074646 0.00013790309470243362
