24.08306063227139 23.233374416049482
24.08306099113696 23.233374416049482
24.08306063227139 23.23337476225374
22.064464624803314 21.336550550825937
22.064464953589457 21.336550550825937
22.064464624803314 21.336550868765315
19.186812763017393 28.191566156676707
19.186813048923185 28.191566156676707
19.186812763017393 28.19156657676378
14.391207966708645 41.093827438114786
18.070029599040065 31.44647492432466
18.070029868304488 31.44647492432466
18.070029599040065 31.446475392913655
15.734640665774185 37.92046144073001
15.734640900238603 37.92046144073001
15.734640665774185 37.92046200578892
11.506750418125474 51.019740641919384
14.748024918381313 41.217160560766764
14.74802513814401 41.217160560766764
14.748024918381313 41.21716117495032
12.704183661486478 47.78901386107966
12.704183850793568 47.78901386107966
12.704183661486478 47.78901457319146
9.062819571979439 61.063298742176805
11.863509159823199 51.12591393499676
11.863509336603261 51.12591393499676
11.863509159823199 51.12591469683225
10.109689433429581 57.781036717600514
10.109689584075694 57.781036717600514
10.109689433429581 57.78103757860506
8.713999402273384 64.09306009222108
8.713999532122093 64.09306009222108
8.713999402273384 64.0930610472821
8.466716609468504 65.62950064597395
8.466716735632414 65.62950064597395
8.466716609468504 65.62950162392971
8.39884745495097 65.97713436168856
8.39884758010355 65.97713436168856
8.39884745495097 65.97713534482448
0.005346667994545085 8.39884745495097 65.97713436168856 2.0506634847940097e-05
0.012526771875438117 0.011988684271430202 0.01149488365813828 0.011040124602603228 0.010619957839441146 0.01023058484384045 0.00986874314075198 0.009531615031987583 0.009216754348436822 0.008922027208362538 0.008645563754991556 0.008385718571565611 0.008141038007342082 0.007910233047282353 0.007692156658712804 0.007485784776471026 0.007290200262788162 0.0071045793129801416 0.006928179882804559 0.006760331795341442 0.006600428249847929 0.006447918506229498
0.000800193277030952 0.0007361627320711037 0.0006794922337777361 0.0006290998419033638 0.0005840947058257757 0.0005437380561307127 0.0005074131621321084 0.0004746019781364253 0.0004448668314469203 0.0004178359473225804 0.00039319192027305235 0.00037066246681109386 0.00035001295874368153 0.00033104035634716554 0.0003135682498133364 0.0002974427838719522 0.000282529290574331 0.00026870949324559655 0.00025587917368306867 0.0002439462170481753 0.00023282896626322652 0.00022245483123062282
