22.18640333715663 24.955466080303584
22.1864036677598 24.955466080303584
22.18640333715663 24.955466452169006
18.597419829642753 20.94016684745051
18.597420106765902 20.94016684745051
18.597419829642753 20.940167159483313
14.303576499153774 31.519907293618004
17.52195236737826 23.584186142336083
17.521952628475695 23.584186142336083
17.52195236737826 23.58418649376784
17.083336744970765 24.765277906380224
17.08333699953232 24.765277906380224
17.083336744970765 24.76527827541162
16.187418142602183 27.120437250284827
16.18741838381351 27.120437250284827
16.187418142602183 27.120437654410832
14.461992087465937 31.855486102964374
14.461992302966413 31.855486102964374
14.461992087465937 31.855486577648108
13.661533143494779 34.40553561397775
13.661533347067486 34.40553561397775
13.661533143494779 34.40553612666018
13.79034770069216 34.06428453204455
13.790347906184355 34.06428453204455
13.79034770069216 34.064285039641945
0.010004376147735528 13.79034770069216 34.06428453204455 2.4459280009598784e-05
0.014051585428670285 0.013441148213657831 0.012881449714545714 0.01236642704685891 0.011890944699488197 0.011450624032371333 0.011041709000468915 0.010660959444295865 0.010305565571727269 0.009973078884790576 0.009661355980942999 0.009368512516650015 0.009092885254295528 0.008833000585235605 0.008587548276583775 0.008355359458431463 0.008135388074026466 0.00792669517405852 0.007728435559352079 0.0075398463725359155 0.007360237315007881 0.00718898222548638
0.0007290958684864972 0.000668034248492642 0.0006143119385068638 0.0005668015823309011 0.0005245836418697585 0.00048690219151175903 0.0004531312771825994 0.00042274905730461666 0.00039531773919759925 0.00037046787596671385 0.0003478859757575735 0.0003273046498325919 0.00030849472299228104 0.0002912588727900531 0.0002754264686666501 0.0002608493595068628 0.0002473984158171675 0.00023496067610053581 0.00022343697987064494 0.00021273999483573675 0.0002027925650663957 0.0001935263218839009
