22.50190933209334 27.94427601939151
22.501909667397918 27.94427601939151
22.50190933209334 27.94427643579367
18.159323413072247 22.545038264505365
18.159323683667253 22.545038264505365
18.159323413072247 22.545038600452614
24.440396515611674 6.7829285423356716
19.729379352072314 18.602608017240318
19.729379646062977 18.602608017240318
19.729379352072314 18.602608294440778
21.154723080329436 15.348001435759258
21.154723395559376 15.348001435759258
21.154723080329436 15.348001664462302
24.065603903106727 8.86548280399318
21.90363560075714 13.737055371261114
21.903635927146745 13.737055371261114
21.90363560075714 13.737055575959191
23.381665430992726 10.506034392555543
23.381665779406692 10.506034392555543
23.381665430992726 10.506034549107655
24.945580643082202 7.315699307756947
24.94558101480032 7.315699307756947
24.945580643082202 7.315699416769362
26.59369295564859 4.168034371797464
25.384338563215312 6.543367912555169
25.384338941471434 6.543367912555169
25.384338563215312 6.543368010058949
26.206159456035046 4.9683670852219235
26.20615984653725 4.9683670852219235
26.206159456035046 4.9683671592563625
27.076779546780216 3.419807159495346
26.435740022605444 4.588177872359855
26.435740416528667 4.588177872359855
26.435740022605444 4.588177940729033
0.07608512003396084 26.435740022605444 4.588177872359855 1.575088569074773e-05
0.014355848368209379 0.013727481982340509 0.013151745659823473 0.012622301471894096 0.012133788570112346 0.011681642124883306 0.011261951036791305 0.010871345080128145 0.010506904620854846 0.010166087816438709 0.0098466714755725 0.009546702680887321 0.009264458958609178 0.008998415285232132 0.008747216601078956 0.00850965478815247 0.008284649289177588 0.00807123071361256 0.00786852690730472 0.007675751064635348 0.007492191542275001 0.007317203097142132
0.0005628426001332242 0.0005147246140242015 0.00047251500971018726 0.00043528592316051336 0.0004022844873269128 0.0003728947231059359 0.0003466087594680735 0.000323004864627357 0.0003017305087280694 0.00028248918435386206 0.000265030062338506 0.00024913980727366366 0.00023463605279654075 0.0002213621631412204 0.0002091829993311859 0.00019798147585439152 0.00018765574364916477 0.00017811687258971278 0.00016928693481331377 0.00016109741161154963 0.00015348786296427746 0.00014640481139540715
