15.661661153356711 28.20501946544139
15.661661386733648 28.20501946544139
15.661661153356711 28.20501988572893
26.582142172801724 0.07215235448209967
18.868138288338645 21.37580287555916
18.868138569495816 21.37580287555916
18.868138288338645 21.375803194083446
24.712754142127174 7.464683405279919
20.449350180217447 17.950938985540724
20.44935048493651 17.950938985540724
20.449350180217447 17.95093925303056
23.45355997058348 11.030359646774823
21.22523929957444 16.231788904103325
21.225239615855152 16.231788904103325
21.22523929957444 16.231789145975828
22.750673224176975 12.78172005640726
22.750673563188425 12.78172005640726
22.750673224176975 12.78172024686973
24.365924628990058 9.372777902098901
24.365924992070628 9.372777902098901
24.365924628990058 9.372778041764176
26.057483150575493 6.001049342409843
26.05748353886225 6.001049342409843
26.057483150575493 6.001049431832446
27.86508776338262 2.6900843356588577
26.543448036995052 5.192836275713986
26.54344843252325 5.192836275713986
26.543448036995052 5.192836353093276
27.449099538636144 3.5383646725675244
26.773396463674544 4.781173453649251
26.77339686262924 4.781173453649251
26.773396463674544 4.781173524894288
0.07287611881663103 26.773396463674544 4.781173453649251 8.657648094190763e-06
0.014112488921391496 0.0134943702732622 0.012928058280338845 0.01240730983227892 0.01192684497283892 0.01148216828653611 0.011069428563244938 0.01068530751200098 0.010326930750419152 0.009991796041020223 0.009677715001310679 0.00938276542837654 0.009105252051183366 0.008843674023531076 0.008596697845552812 0.008363134685446 0.008141921289731372 0.007932103836963371 0.007732824218947314 0.007543308334296023 0.007362856058330883 0.00719083261592258
0.0005473912573958693 0.0005005622165810034 0.000459487349272177 0.0004232623488543887 0.0003911535916155799 0.00036256093807676454 0.00033698964802542065 0.00031402894720980977 0.00029333550643703904 0.00027462058860583155 0.0002576399625861398 0.0002421859242124681 0.0002280809363361948 0.000215172523364395 0.00020332914546176067 0.00019243684346633246 0.00018239649436837814 0.00017312155366693338 0.00016453618839215787 0.00015657372544225986 0.00014917535584001157 0.00014228904780425072
