17.446655596864943 23.637942150684253
17.44665585684037 23.637942150684253
17.446655596864943 23.63794250291704
25.40645197056965 5.339407947995827
19.95111038639825 19.32344615178169
19.95111068369296 19.32344615178169
19.95111038639825 19.323446439723472
23.90106596369944 10.161212308073193
21.002107486999968 17.061323813386302
21.002107799955755 17.061323813386302
21.002107486999968 17.06132406761984
23.00457905505831 12.492157900828463
23.004579397853252 12.492157900828463
23.00457905505831 12.492158086976122
23.585213063746558 11.388386075318419
23.585213415193618 11.388386075318419
23.585213063746558 11.388386245018596
24.655412958018225 9.135284975580205
24.655413325412507 9.135284975580205
24.655412958018225 9.13528511170656
25.771168998659622 6.904392589759485
25.771169382679965 6.904392589759485
25.771168998659622 6.904392692642952
26.93275166074039 4.697014484745758
26.076141011092275 6.360467874985862
26.076141399657057 6.360467874985862
26.076141011092275 6.360467969764219
0.055199912017771524 26.076141011092275 6.360467874985862 1.757541251872758e-05
0.014028286551964262 0.013413769241964137 0.012850764232882715 0.012333062955074183 0.011855414812838793 0.011413349503164675 0.011003037419010459 0.010621178953433225 0.010264915964463023 0.009931760397179096 0.009619536308911152 0.009326332452921051 0.009050463245014661 0.008790436434785066 0.00854492617623199 0.008312750474852885 0.008092852203795634 0.0078842830474273 0.007686189859132746 0.00749780302040585 0.007318426467050885 0.007147429110570492
0.0005439884043806885 0.0004974496090243735 0.00045662943356355486 0.00042062914071265084 0.0003887196285124551 0.00036030445913608737 0.00033489194588534274 0.0003120738512675509 0.00029150896746535696 0.0002729103423055112 0.0002560352551323396 0.0002406772868797894 0.00022665999927002983 0.00021383186079646755 0.00020206214635066423 0.00019123760282448637 0.00018125972151913707 0.0001720424944347842 0.00016351055881989952 0.00015559765509217738 0.00014824533910131617 0.00014140190191889288
