24.64196477855831 28.004073254636697
24.6419651457522 28.004073254636697
24.64196477855831 28.004073671929905
18.746698897376774 21.31630508500994
18.746699176724356 21.31630508500994
18.746698897376774 21.31630540264764
20.152587980390404 17.840299790892495
20.152588280687365 17.840299790892495
20.152587980390404 17.84030005673368
23.03337292462819 11.177176981679619
20.896281223774444 16.184875879519662
20.8962815351533 16.184875879519662
20.896281223774444 16.184876120693108
22.35862844315325 12.8628926651769
21.267501983918944 15.356883042058046
21.26750230082942 15.356883042058046
21.267501983918944 15.356883270893436
0.02248980533247269 21.267501983918944 15.356883042058046 1.6267469582186526e-05
0.014054410844583361 0.013439854094502109 0.01287671780988354 0.012358816270663382 0.011880916338447851 0.011438561130512195 0.011027931409909401 0.010645735616039119 0.010289121869668967 0.009955607000354735 0.009643018878414318 0.00934944923259966 0.00907321479647236 0.008812825118667851 0.008566955741684687 0.008334425733613865 0.008114178770858745 0.00790526713430578 0.0077068381088683914 0.007518122375837056 0.007338424065671719 0.007167112200716354
0.0005986394032386256 0.0005476124062792977 0.0005028318256339931 0.00046331981682345974 0.00042828235446350926 0.00039706933775139 0.000369144427983758 0.0003440620007394958 0.000321449360209341 0.0003009928878886391 0.00028242716271756726 0.00026552634667407305 0.0002500973128673307 0.00023597412503016416 0.00022301357326925792 0.00021109154145210847 0.00020010003390944184 0.00018994472825434682 0.00018054295062380318 0.00017182199207110548 0.00016371770200334385 0.00015617330779031283
