16.539445532111216 29.74553686675851
16.53944577856816 29.74553686675851
16.539445532111216 29.74553731000155
15.943041820050261 28.623877955086332
15.943042057620097 28.623877955086332
15.943041820050261 28.623878381615352
18.112164713163484 22.632829101104793
16.485225604139007 27.12511328463325
16.485225849788012 27.12511328463325
16.485225604139007 27.125113688828936
16.91611204734686 25.982903009102635
16.91611229941657 25.982903009102635
16.91611204734686 25.98290339627806
17.781921813058688 23.700009404163897
17.78192207802997 23.700009404163897
17.781921813058688 23.700009757321556
18.875505417643197 20.944505928390026
18.875505698910146 20.944505928390026
18.875505417643197 20.944506240487485
18.953052495772432 20.811436105811076
18.953052778194923 20.811436105811076
18.953052495772432 20.81143641592564
0.016987664758553067 18.953052495772432 20.811436105811076 2.221249690285616e-05
0.014179954237865802 0.013560570485890969 0.012992954260490687 0.012470885085672172 0.011989099320779937 0.011543113253639575 0.01112908398944496 0.010743699051347266 0.010384088017727111 0.010047751235456355 0.009732501883471006 0.009436418560920921 0.009157806236970161 0.008895163892381024 0.008647157553242168 0.008412597697654135 0.008190420230393115 0.007979670385469326 0.00777948904436357 0.007589101057577053 0.007407805235616066 0.007234965737614123
0.0006103390670282331 0.0005584772237979059 0.000512943422093179 0.00047275037064500083 0.00043709572610031467 0.00040532209833149535 0.00037688677588287563 0.0003513385673992145 0.0003282999128888887 0.00030745293965381553 0.0002885285005890386 0.0002712974884516816 0.00025556390226514725 0.00024115927369808933 0.00022793815720042166 0.00021577445826104766 0.00020455842654949842 0.00019419417993497303 0.00018459765498772226 0.0001756949020895341 0.00016742066053397774 0.000159717162306817
