24.597969905294352 23.868299136037606
24.59797027183267 23.868299136037606
24.597969905294352 23.86829949170298
20.90536265481311 20.27888391758328
20.90536296632729 20.27888391758328
20.90536265481311 20.278884219762197
27.058851418201254 5.600436043181126
22.44365386282849 16.608585269463667
22.443654197264994 16.608585269463667
22.44365386282849 16.608585516950875
23.883199714818225 13.437339261869663
23.883200070705634 13.437339261869663
23.883199714818225 13.437339462101622
26.825083668861012 7.123727553537212
24.637985501461312 11.868080904731801
24.637985868595905 11.868080904731801
24.637985501461312 11.868081081579987
26.130529571755453 8.721430987932735
26.130529961130687 8.721430987932735
26.130529571755453 8.721431117892184
27.709027322720654 5.6170086019067025
27.709027735617337 5.6170086019067025
27.709027322720654 5.6170086856066535
29.394951994275104 2.5695914164025937
28.161183667232525 4.8729501472749295
28.16118408686686 4.8729501472749295
28.161183667232525 4.872950219887545
29.00691441368359 3.350776412226013
28.37593712972955 4.494270815526577
28.375937552563965 4.494270815526577
28.37593712972955 4.494270882496431
0.07580119049116807 28.37593712972955 4.494270815526577 2.059269589667695e-05
0.013312903329048158 0.012728637646417622 0.012193442121063788 0.01170139088441541 0.011247474274386236 0.010827428546131791 0.010437602161514539 0.01007484981710854 0.009736447728155557 0.009420025359698301 0.009123509999397997 0.008845081441670061 0.008583134696167206 0.008336249111479739 0.008103162663189799 0.007882750426433879 0.007674006459867154 0.0074760284868788185 0.0072880048830359645 0.007109203574783705 0.0069389625298567495 0.006776681579464652
0.0005045521529930775 0.00046129542559123724 0.00042336565416545665 0.00038992376669815004 0.0003602894334575473 0.00033390638669257496 0.0003103162583582125 0.0002891386287709643 0.000270055658212068 0.00025280013780155887 0.00023714611781365362 0.00022290149759429228 0.00020990212183770113 0.00019800704339192806 0.00018709469658211177 0.00017705978651765263 0.00016781074536108403 0.00015926764052472746 0.00015136044535430035 0.00014402760228119705 0.00013721482327424712 0.0001308740838540768
