28.47467755871863 23.856362622486536
28.47467798302439 23.856362622486536
28.47467755871863 23.85636297797404
20.28403208034093 17.01280713478733
20.28403238259656 17.01280713478733
20.28403208034093 17.01280738829791
19.127360737796582 19.67126779923471
19.12736102281647 19.67126779923471
19.127360737796582 19.67126809235944
16.372119909016874 26.363785499665028
18.452790867719017 21.350189198550435
18.45279114268703 21.350189198550435
18.452790867719017 21.350189516693046
17.10292554508005 24.707740376049262
17.1029257999335 24.707740376049262
17.10292554508005 24.707740744223283
14.53926584576513 31.475959797821606
16.4844469449783 26.408124390298077
16.4844471906157 26.408124390298077
16.4844469449783 26.408124783809797
15.225009091325292 29.800631220294573
15.225009318195607 29.800631220294573
15.225009091325292 29.800631664358583
14.559552353977546 31.780131532922866
14.559552570931782 31.780131532922866
14.559552353977546 31.78013200648373
14.586981786993391 31.732244905735357
14.586982004356358 31.732244905735357
14.586981786993391 31.732245378582654
0.011270006399823673 14.586981786993391 31.732244905735357 8.844494548201407e-06
0.014360590863093837 0.013735962619735783 0.013163316479576425 0.012636433342831552 0.012150046537998553 0.011699666503288388 0.011281442761000472 0.010892054260165462 0.010528621519620624 0.010188635683623033 0.009869900814204881 0.009570486628984486 0.00928868954546279 0.009023000378691628 0.008772077404451637 0.008534723777058871 0.008309868502697526 0.008096550332353472 0.007893904065077086 0.0077011488512886625 0.007517578163708496 0.007342551165132622
0.0006870895013405318 0.0006293747460525005 0.0005786183242842797 0.0005337480235060729 0.0004938899216849215 0.0004583260705672879 0.0004264623253141375 0.00039780363922742876 0.00037193491201214065 0.0003485060123689098 0.0003272199686306649 0.00030782358553460516 0.0002900999347588903 0.0002738623041715274 0.0002589492912112362 0.00024522080001977367 0.00023255475722503747 0.00022084440280088045 0.00020999604387113993 0.0001999271833069381 0.000190564953389168 0.0001818447990543903
