25.718646170849862 21.023439116006305
25.718646554087556 21.023439116006305
25.718646170849862 21.02343942927996
21.328427654388893 17.44120815192717
21.32842797220723 17.44120815192717
21.328427654388893 17.441208411821425
25.42369839166387 8.002977248252122
22.35214057162051 15.080860017353682
22.35214090469336 15.080860017353682
22.35214057162051 15.080860242076009
23.32471814780664 12.953082196146935
23.324718495372025 12.953082196146935
23.32471814780664 12.953082389162901
25.302350690554764 8.712521865442838
23.82828905219453 11.897263677752882
23.828289407263707 11.897263677752882
23.82828905219453 11.897263855035925
24.827100213878538 9.781673485533496
24.82710058383116 9.781673485533496
24.827100213878538 9.781673631291788
25.8640730018554 7.684524698462127
25.86407338726012 7.684524698462127
25.8640730018554 7.684524812970468
26.9365986140883 5.605333892108883
26.936599015474897 5.605333892108883
26.9365986140883 5.605333975634866
27.23419559383526 5.101826059470747
27.2341959996564 5.101826059470747
27.23419559383526 5.10182613549388
0.06830478931360695 27.23419559383526 5.101826059470747 2.0812910758603632e-05
0.013794829490918224 0.013190082446919691 0.012636068086089013 0.012126666912338754 0.011656704437859593 0.011221775757703431 0.010818107758359756 0.010442449877061798 0.01009198674769037 0.009764267787635336 0.00945715001601118 0.009168751292989372 0.00889741183150753 0.008641662324088984 0.00840019739612624 0.008171853375921216 0.007955589584622157 0.007750472512893745 0.0075556623779910095 0.007370401653872135 0.007194005244718974 0.007025852033676313
0.000525200638467838 0.0004802281179203957 0.00044078695825239115 0.0004060070071976099 0.0003751825172787568 0.00034773627739893067 0.00032319254187004556 0.00030115637757077306 0.00028129774924495537 0.00026333914141123024 0.0002470458472291083 0.00023221828783295085 0.00021868589142833947 0.00020630218064326763 0.00019494080323211694 0.00018449230477727752 0.00017486148909436652 0.0001659652472044448 0.00015773076221848006 0.00015009401758224756 0.00014299855150332855 0.00013639441222098442
