23.954724329535708 16.276285444448632
23.954724686488916 16.276285444448632
23.954724329535708 16.276285686984185
22.057075986558633 15.010517329957931
22.057076315234678 15.010517329957931
22.057075986558633 15.01051755363207
19.227881016406613 21.328608140729674
19.227881302924366 21.328608140729674
19.227881016406613 21.3286084585507
16.939001879950613 27.24825307464921
16.93900213236141 27.24825307464921
16.939001879950613 27.24825348067982
12.594528677346927 39.17512223515356
15.918808009910945 30.2531649583455
15.918808247119669 30.2531649583455
15.918808009910945 30.25316540915279
13.813060371749954 36.240400608406574
13.813060577580593 36.240400608406574
13.813060371749954 36.24040114843063
11.95993780713825 42.31058187468765
11.95993798535521 42.31058187468765
11.95993780713825 42.31058250516445
11.519033915909942 44.165518435894654
11.519034087556923 44.165518435894654
11.519033915909942 44.16551909401216
11.504794636722956 44.24404411179258
11.504794808157754 44.24404411179258
11.504794636722956 44.24404477108022
0.00792495172273433 11.504794636722956 44.24404411179258 1.8266490998047004e-05
0.013748976987322102 0.01315363988563565 0.01260763303331225 0.012105079237826505 0.011640997798013687 0.011211140094872013 0.010811860035872449 0.010440011037171917 0.01009286341837148 0.009768037647017365 0.009463449998442931 0.009177268020704928 0.00890787380269958 0.008653833497024732 0.008413871890345915 0.008186851072968834 0.007971752457458427 0.007767661548926748 0.007573754988280401 0.0073892894825265685 0.0072135923092943866 0.00704605314059459
0.0007527107919469883 0.0006904736171147252 0.0006356199803092978 0.0005870306958158776 0.0005437901471428593 0.0005051435588959999 0.0004704643469956416 0.0004392289262404472 0.0004109970951141808 0.00038539663347350817 0.0003621111122629254 0.00034087017360580194 0.0003214417264660856 0.0003036256391412135 0.0002872486098856597 0.0002721599711841846 0.0002582282387230728 0.00024533825799402306 0.00023338883329789185 0.00022229074828429077 0.00021196510594576382 0.00020234193055698827
