17.326938308641523 13.985907587501657
17.326938566833025 13.985907587501657
17.326938308641523 13.98590779590792
26.236795894254996 4.106760637576382
26.23679628521372 4.106760637576382
26.236795894254996 4.106760698771884
29.62423068596553 1.1006423992660714
29.624231127400964 1.1006423992660714
29.62423068596553 1.1006424156669212
31.28022798952506 0.2636633778672476
30.073196477901355 1.2172979912883584
30.073196926026903 1.2172979912883584
30.073196477901355 1.2172980094275119
30.7815701686475 0.6181970380482329
30.25625156993947 1.0748706917682975
30.25625202079275 1.0748706917682975
30.25625156993947 1.074870707785119
30.627069299395007 0.7961718919860334
30.351584193209973 1.0088376202603122
30.351584645483822 1.0088376202603122
30.351584193209973 1.0088376352931643
0.2945298023404127 30.351584193209973 1.0088376202603122 1.0278665555761655e-05
0.013536033844740506 0.012942420443471077 0.012398623958305939 0.011898633091598531 0.011437365205208947 0.011010493861157456 0.010614313375172107 0.010245631445990897 0.009901683304531343 0.00958006251831484 0.009278664802791657 0.008995642076056295 0.008729364644169044 0.008478389887711237 0.008241436182732613 0.008017361063552985 0.007805142844168905 0.00760386507596243 0.007412703344100836 0.007230914002302335 0.007057824522052022 0.006892825192744204
0.0005267334096764771 0.00048160764712855544 0.00044203487876907205 0.0004071410973881742 0.0003762175169957158 0.00034868450644142036 0.00032406437406015556 0.00030196060813459855 0.0002820418823870587 0.0002640296175223271 0.0002476882239549328 0.00023281738553693367 0.00021924591092821864 0.00020682679917578955 0.00019543325318649917 0.00018495543869027805 0.00017529783361569846 0.00016637704814930951 0.0001581200223733497 0.00015046252858426623 0.00014334792084644296 0.0001367260862338509
