25.479120971119265 18.77756879504105
25.479121350787754 18.77756879504105
25.479120971119265 18.77756907484863
21.188759875532497 15.615152535233864
21.188760191269623 15.615152535233864
21.188759875532497 15.615152767917769
26.962034145703083 2.5443798660254924
22.632224903412386 12.348466492766196
22.632225240658816 12.348466492766196
22.632224903412386 12.348466676772686
23.363047388575804 10.853449787548733
23.36304773671234 10.853449787548733
23.363047388575804 10.853449949277739
24.79811829659929 7.850571617568553
24.79811866612005 7.850571617568553
24.79811829659929 7.8505717345511865
26.32221556162665 4.891883843988009
26.322215953858226 4.891883843988009
26.32221556162665 4.891883916882759
26.768303718533556 4.189531034004075
26.768304117412363 4.189531034004075
26.768303718533556 4.189531096432952
27.59881641821559 2.747509845058996
26.979977823652867 3.8313863682917795
26.979978225685866 3.8313863682917795
26.979977823652867 3.831386425383885
0.08777893554070548 26.979977823652867 3.8313863682917795 1.3901308127867987e-05
0.01409252206193137 0.013475563403614792 0.012910289541415272 0.012390475111020949 0.011910854676991298 0.011466944810932309 0.0110549042787088 0.010671423153853036 0.01031363411583261 0.009979040927467053 0.009665460334946032 0.009370974543349595 0.009093892089836395 0.008832715434151496 0.008586113959398794 0.008352901358614514 0.008132016598392125 0.007922507816768502 0.007723518641209881 0.007534276512930645 0.0073540826826572646 0.007182303605313848
0.0005716794765290038 0.0005227938639830126 0.00047991243117424863 0.0004420920194046044 0.00040856740044820756 0.0003787125176585878 0.0003520112181276571 0.0003280349132907256 0.0003064253572594973 0.00028688124701380964 0.0002691477059706659 0.00025300796370357747 0.0002382767233397669 0.000224794836757422 0.00021242500118512443 0.00020104825942818185 0.00019056113678814842 0.0001808732857383478 0.00017190553804891993 0.0001635882857963996 0.0001558601293245607 0.00014866674303509362
