26.64504366909901 27.412912234326825
26.6450440661411 27.412912234326825
26.64504366909901 27.412912642811047
20.120131364080343 20.70438140067094
20.120131663893662 20.70438140067094
20.120131364080343 20.704381709190265
26.617408086870668 5.031101697879315
21.7440581886355 16.782703900601078
21.744058512647214 16.782703900601078
21.7440581886355 16.782704150682854
23.25979246725532 13.431650124009401
23.259792813853238 13.431650124009401
23.25979246725532 13.431650324156585
26.361759971249143 6.761879148021078
24.057264731520416 11.774607293550266
24.057265090001597 11.774607293550266
24.057264731520416 11.774607469005588
25.632880349563372 8.451288584613131
25.632880731523056 8.451288584613131
25.632880349563372 8.451288710547145
27.30742957575235 5.176705144530658
27.30742998266476 5.176705144530658
27.30742957575235 5.176705221669575
27.79622672197172 4.397914037487292
27.796227136167776 4.397914037487292
27.79622672197172 4.397914103021318
28.706968680238084 2.8003214612334872
28.028303243807123 4.001051280790107
28.028303661461386 4.001051280790107
28.028303243807123 4.0010513404104175
0.08552556193983651 28.028303243807123 4.001051280790107 1.7213330141167597e-05
0.013655866790963674 0.013057043744398976 0.01250847089105419 0.012004085137214076 0.0115387599731522 0.01110813155690086 0.010708462120333134 0.010336531686513151 0.009989551487993442 0.009665094180907215 0.00936103717599693 0.009075516299892516 0.008806887656087607 0.008553696042504211 0.008314648648099004 0.008088593027567946 0.007874498564254042 0.007671440793665014 0.007478588085752529 0.0072951902822134896 0.0071205689621310015 0.006954109070176883
0.0005219995890392497 0.0004772850125713966 0.00043807211808954765 0.0004034950902205674 0.0003728517637113105 0.00034556790507769196 0.0003211702585852159 0.00029926598517235624 0.00027952682023368804 0.0002616767531595557 0.0002454823623130254 0.0002307451714844149 0.00021729555904708876 0.00020498786978792987 0.00019369646565443595 0.00018331251495239242 0.00017374136639520033 0.00016490038941489554 0.0001567171885123927 0.00014912811943886404 0.00014207705030464722 0.0001355143224971358
