18.37726175660644 28.30270607579005
18.37726203044898 28.30270607579005
18.37726175660644 28.302706497533233
18.132542098065013 27.804918971536054
18.132542368260946 27.804918971536054
18.132542098065013 27.804919385861634
21.30927349435954 19.418483097571574
18.92660532591043 25.70705284930228
18.926605607938825 25.70705284930228
18.92660532591043 25.70705323236722
19.584051938743706 24.056543343052635
19.58405223056882 24.056543343052635
19.584051938743706 24.056543701523065
20.90964446198273 20.75980629285916
20.90964477356071 20.75980629285916
20.90964446198273 20.75980660220438
22.307918270638698 17.49323300088907
22.307918603052585 17.49323300088907
22.307918270638698 17.493233261558554
23.759423041824952 14.24996233456948
23.759423395867945 14.24996233456948
23.759423041824952 14.249962546910465
24.88148384120683 11.869867971485826
24.88148421196983 11.869867971485826
24.88148384120683 11.869868148360641
25.088328369214366 11.472887522728037
25.08832874305959 11.472887522728037
25.088328369214366 11.472887693687383
0.03186849786167134 25.088328369214366 11.472887522728037 1.1847343720014861e-05
0.013488770270231211 0.01289683161791332 0.012354603664308676 0.011856083663282741 0.011396196886925603 0.010970624154790734 0.010575666407496088 0.010208137372673402 0.009865277758484938 0.009544686104840399 0.009244262640928242 0.008962163383880296 0.008696762364943895 0.008446620353447837 0.008210458811675203 0.007987138088228757 0.0077756390668532755 0.00757504764866689 0.007384541570458654 0.00720337915899042 0.0070308896976368045 0.0068664651420697175
0.00048476741294595807 0.0004432426760264513 0.00040682707958930256 0.00037471659320071233 0.00034625915677450475 0.00032092151174229383 0.00029826417092731534 0.0002779223250099622 0.00025959113101155234 0.00024301427114924103 0.00022797497758706822 0.00021428893437881814 0.00020179862128936283 0.0001903687744534012 0.0001798827189404965 0.0001702393870691279 0.00016135087983401567 0.0001531404613209092 0.0001455409004684046 0.00013849309312215195 0.0001319449115388567 0.0001258502394415476
