19.83197835209809 14.68799047895833
19.831978647617596 14.68799047895833
19.83197835209809 14.687990697826443
25.55254806870679 6.745991857295108
25.55254844946943 6.745991857295108
25.55254806870679 6.74599195781822
29.344925231980877 0.3540436507878262
26.771701856098026 5.343811610629487
26.77170225502747 5.343811610629487
26.771701856098026 5.343811690258486
28.555696560112132 2.0838814730577875
27.231974840238255 4.536804714479855
27.231975246026302 4.536804714479855
27.231974840238255 4.536804782083514
28.14547054142892 2.91879018878615
27.464714648660717 4.134797228024591
27.46471505791686 4.134797228024591
27.464714648660717 4.134797289637871
0.08130933231126658 27.464714648660717 4.134797228024591 1.5873492828049195e-05
0.01375061106208397 0.013148046307830783 0.01259601013802783 0.012088410285615811 0.011620094871615904 0.011186677916904593 0.010784402269311722 0.010410030919948866 0.010060760085370535 0.00973414913935004 0.009428063706185267 0.009140629121220545 0.008870192121755204 0.008615289120071732 0.0083746197768007 0.008147024870196496 0.00793146766856078 0.007727018175853133 0.007532839746682319 0.007348177665313259 0.007172349360654962 0.007004735990322547
0.0005478353937091532 0.0005009420206572275 0.00045981406497915916 0.00042354491091620855 0.0003913991672711991 0.00036277532681386077 0.00033717758022188196 0.00031419430978701067 0.0002934815151544007 0.0002747499208939107 0.000257754860881813 0.00024228827702322723 0.0002281723423329703 0.0002152543424284818 0.00020340253962148217 0.00019250280993840922 0.00018245589238925628 0.0001731751264064314 0.00016458458094787974 0.00015661749969158152 0.00014921500275803183 0.00014232499772719967
