24.5225209992708 10.338056289572863
24.522521364684838 10.338056289572863
24.5225209992708 10.338056443621907
14.5880727132982 32.980074416292986
22.659567801564158 16.23204015941771
22.65956813921803 16.23204015941771
22.659567801564158 16.232040401293958
18.110721361110464 26.799075236784105
21.61276605754464 18.910910397090245
21.61276637959995 18.910910397090245
21.61276605754464 18.91091067888477
19.366224510359068 24.206343301305825
21.064580308903686 20.24039424256542
21.06458062279039 20.24039424256542
21.064580308903686 20.240394544170798
19.954055676054878 22.89348200617333
19.95405597339348 22.89348200617333
19.954055676054878 22.893482347312794
19.194486578338836 24.818452659885356
19.194486864358975 24.818452659885356
19.194486578338836 24.81845302970912
19.206430172409547 24.81446491476734
19.20643045860766 24.81446491476734
19.206430172409547 24.81446528453168
0.014453100995503898 19.206430172409547 24.81446491476734 1.379370242269734e-05
0.01335300930654696 0.012768361934860861 0.012232698549649024 0.011740118260227004 0.011285630225205966 0.010864984941155542 0.010474541676739661 0.010111163339836223 0.009772132382534533 0.009455082995956795 0.009157946032066653 0.00887890395240222 0.008616353738516862 0.008368876170767313 0.008135210236121612 0.007914231693652008 0.007704935030935904 0.007506418201955541 0.007317869659051901 0.007138557286677345 0.006967818919477726 0.006805054186361821
0.000540154078673473 0.0004941729606765941 0.00045381291381463176 0.00041819522203293214 0.0003866061159530364 0.0003584610269496417 0.00033327754820216394 0.0003106547645642273 0.0002902572953234541 0.000271802862294484 0.00025505252157235515 0.0002398029268746873 0.00022588015606901088 0.00021313475043481232 0.00020143770209539233 0.00019067718819790056 0.00018075589726742673 0.00017158882821780906 0.00016310146894958532 0.00015522828157111035 0.00014791143667580565 0.00014109975098035494
