28.86112211144735 20.22655105628723
28.861122541511584 20.22655105628723
28.86112211144735 20.22655135768633
22.187187701412014 15.564299640112267
22.187188032026874 15.564299640112267
22.187187701412014 15.564299872038404
20.619729159357643 19.07161766610795
20.61972946661555 19.07161766610795
20.619729159357643 19.0716179502972
17.917977429498457 25.539873587463326
19.968544082338436 20.6985996305406
19.96854437989293 20.6985996305406
19.968544082338436 20.698599938973768
18.634745781066012 23.939807948438308
18.634746058745364 23.939807948438308
18.634745781066012 23.939808305169244
16.0882755249903 30.470756295261122
18.018112339342725 25.580196779072715
18.018112607833523 25.580196779072715
18.018112339342725 25.58019716024735
16.76487294398055 28.8533970916718
16.764873193796625 28.8533970916718
16.76487294398055 28.85339752162092
15.182638666931492 33.25679180787606
16.38952333379672 29.96129919295157
16.38952357801965 29.96129919295157
16.38952333379672 29.96129963940972
0.01185754708628084 16.38952333379672 29.96129919295157 1.0363361592280216e-05
0.0137009335016426 0.01310292425413999 0.012554858582227673 0.012050739625589214 0.011585492298787768 0.011154792983150245 0.01075493558164868 0.010382725201972904 0.010035393048316374 0.009710527750281216 0.009406019544644225 0.00912001459106221 0.008850877340220654 0.008597159347179435 0.008357573278831704 0.008130971134228303 0.007916325902653608 0.007712716043035409 0.00751931229135429 0.007335366398841595 0.0071602014793230775 0.006993203703844004
0.0006109698845787248 0.0005593053734248879 0.0005139131906311403 0.00047381982722585823 0.0004382331604947167 0.00040650344621555084 0.00037809373760102613 0.00035255721991645075 0.00032951967639473093 0.0003086658018383946 0.0002897284299295113 0.0002724799873801141 0.00025672566471634996 0.00024229792114527907 0.00022905203413103035 0.00021686247296627298 0.00020561992667124837 0.00019522885482515338 0.0001856054588606414 0.00017667599337799618 0.00016837535392968183 0.00016064589077095836
