11.000939407081379 20.126445971428986
11.00093957100815 20.126445971428986
11.000939407081379 20.126446271336402
10.155335155907322 40.172716070077456
10.155335307233608 40.172716070077456
10.155335155907322 40.172716668697575
11.996099817152453 44.62871246449038
11.99609999590827 44.62871246449038
11.996099817152453 44.62871312951002
13.972034816276585 39.502025418493325
13.972035024476128 39.502025418493325
13.972034816276585 39.502026007119376
15.223917962068908 35.85578584189273
15.223918188922964 35.85578584189273
15.223917962068908 35.85578637618558
15.794536872995424 34.26490086963807
15.794537108352364 34.26490086963807
15.794536872995424 34.26490138022488
15.99840497317117 33.69234094138726
15.99840521156598 33.69234094138726
15.99840497317117 33.69234144344226
0.010866141307735333 15.99840497317117 33.69234094138726 1.98982226190044e-05
0.013415336777311458 0.012829369830818694 0.012292377708523365 0.01179847521654689 0.011342682523892856 0.010920757740087932 0.010529065272743266 0.010164471361881455 0.009824260470667381 0.009506067836189708 0.009207824653607704 0.008927713219137313 0.00866412998486823 0.008415654945148449 0.008181026124706215 0.007959118204111864 0.007748924520907332 0.007549541840771908 0.007360157414094108 0.0071800379278000774 0.007008520036554678 0.006845002216189919
0.0005743554883165632 0.0005258214781093725 0.0004831754479745576 0.00044550422460359543 0.00041206464988065755 0.00038224704646475354 0.00035554750565168513 0.00033154664923251427 0.00030989319614593955 0.00029029113283212434 0.000272489613125213 0.00025627494465241425 0.00024146418398640385 0.0002278999822583395 0.00021544641015494977 0.00020398555550310706 0.00019341473444615828 0.00018364419306135738 0.00017459520336430786 0.00016619847828304256 0.00015839284601471852 0.000151124136403831
