28.8731108202359 27.026618345340587
28.87311125047878 27.026618345340587
28.8731108202359 27.026618748068582
20.34245071079095 19.05679875699839
20.342451013917085 19.05679875699839
20.34245071079095 19.05679904096682
21.189568951254813 17.041966092988712
21.189569267003996 17.041966092988712
21.189568951254813 17.041966346933798
24.186286575056567 10.188535906460324
21.946596993285052 15.332061882665434
21.946597320314833 15.332061882665434
21.946596993285052 15.33206211113096
23.478721928572615 11.92031033217473
22.33541477135892 14.481746234403534
22.335415104182538 14.481746234403534
22.33541477135892 14.481746450198369
0.024730887576450145 22.33541477135892 14.481746234403534 1.107717009665987e-05
0.01396505822560511 0.013353641062060585 0.012793447924752063 0.012278308496611155 0.01180300397865066 0.01136309071077739 0.010954761575288683 0.010574736077687809 0.010220172420730405 0.00988859660873139 0.009577844857804652 0.009286016489449935 0.009011435148466616 0.008752616679403994 0.008508242365846757 0.008277136516990372 0.008058247599812366 0.007850632279666822 0.007653441859641796 0.0074659107085404556 0.007287346345538686 0.007117120911391243
0.0005511451434706675 0.0005040880701448643 0.0004628014011009325 0.0004263801890698634 0.00039408991887500454 0.0003653294469240379 0.00033960299948865606 0.0003164987884175174 0.0002956725178728282 0.00027683454568153587 0.0002597398032962966 0.00024417981785905817 0.0002299763503616929 0.00021697628663150403 0.00020504750713867614 0.0001940755271881722 0.0001839607476582517 0.00017461619278483074 0.00016596563888235158 0.0001579420587001538 0.0001504863220367803 0.0001435461055050899
