22.315259096048656 21.484525912705838
22.315259428571927 21.484525912705838
22.315259096048656 21.48452623285022
19.276495447754158 18.574056655349803
19.276495734996324 18.574056655349803
19.276495447754158 18.574056932124815
14.981156415774873 28.766834017011696
18.201670736465967 21.12184988718079
18.201671007691996 21.12184988718079
18.201670736465967 21.12185020192088
17.73839576650085 22.316332538990096
17.738396030823544 22.316332538990096
17.73839576650085 22.316332871529365
16.79547166519481 24.698882465487856
16.79547191546684 24.698882465487856
16.79547166519481 24.698882833529886
14.978830507978632 29.49079387516786
16.35274996171258 25.90113451748667
16.352750205387544 25.90113451748667
16.35274996171258 25.90113490344365
15.45585257298774 28.30138973041234
15.45585280329789 28.30138973041234
15.45585257298774 28.30139015213591
15.132619268414746 29.245501791690906
15.132619493908345 29.245501791690906
15.132619268414746 29.24550222748284
0.012471417352475034 15.132619268414746 29.245501791690906 1.6615863735609717e-05
0.01467472319446294 0.014036257364734328 0.013450939001973283 0.012912408029476838 0.012415278605692982 0.011954959756809873 0.01152751416953085 0.011129546010788666 0.010758111053220163 0.010410644104524422 0.01008489997931488 0.00977890515728056 0.00949091793903407 0.00921939540822325 0.008962965882246045 0.008720405817338368 0.008490620350503427 0.008272626827714843 0.008065540797414006 0.00786856404959656 0.007680974360450253 0.007502116665566936
0.0006779094339416529 0.0006208733924011623 0.000570725383571661 0.0005264021964044266 0.0004870375922279524 0.0004519201943106132 0.0004204614923783676 0.0003921712843739799 0.00036663864778688904 0.0003435170650343835 0.00032251269990808007 0.0003033750860265622 0.0002858896773335514 0.00026987184760170923 0.0002551620260296668 0.00024162172992763856 0.00022913031052329205 0.00021758226924523924 0.00020688503311704022 0.00019695710174200595 0.00018772649667018137 0.00017912945809539968
