21.754943173327284 26.521323363976705
21.7549434975012 26.521323363976705
21.754943173327284 26.52132375917522
18.887435902706642 23.011918722695878
18.88743618415137 23.011918722695878
18.887435902706642 23.01191906560019
25.048400747743276 7.5817786492883705
20.42752808873855 19.15301770990162
20.42752839313244 19.15301770990162
20.42752808873855 19.153017995303824
21.817965650594775 15.967382195383248
21.8179659757078 15.967382195383248
21.817965650594775 15.967382433315784
24.654526938838167 9.620707393791108
22.54673489298546 14.389632864044248
22.54673522895799 14.389632864044248
22.54673489298546 14.389633078466487
23.985679011428477 11.225611677519156
23.985679368842945 11.225611677519156
23.985679011428477 11.225611844793805
25.502548406736494 8.098201010152412
25.50254878675408 8.098201010152412
25.502548406736494 8.09820113082501
27.091229485222087 5.006650804245469
25.92325938949172 7.337871042777739
25.923259775778387 7.337871042777739
25.92325938949172 7.337871152120538
0.047025531592016945 25.92325938949172 7.337871042777739 2.0083279665657397e-05
0.013721377467278502 0.013120039504323944 0.012569131943276366 0.012062573770166188 0.011595222715776487 0.011162701054226185 0.010761258759441792 0.010387665006248433 0.01003912140238302 0.00971319204260382 0.00940774670248631 0.009120914381979216 0.008851045065307588 0.008596678051634483 0.008356515576811621 0.008129400723471632 0.007914298828039177 0.007710281755778129 0.007516514540938048 0.00733224398734226 0.007156788901959774 0.006989531695027277
0.0005412142902954182 0.0004948953498921227 0.0004542702297066202 0.0004184437300940247 0.0003866896893020291 0.0003584141266111796 0.0003331274196874323 0.0003104230743836349 0.00028996136242198504 0.00027145659323708527 0.00025466712682330254 0.0002393874737634253 0.00022544199882329642 0.00021267986690246137 0.00020097095908415825 0.0001902025518092209 0.00018027660055192855 0.00017110750550425555 0.00016262026399202901 0.00015474893501025926 0.00014743535706918367 0.00014062807271479443
