24.83603989285121 25.07337634239216
24.836040262937043 25.07337634239216
24.83603989285121 25.073376716014582
20.52070130769492 20.72416046889504
20.5207016134772 20.72416046889504
20.52070130769492 20.724160777709095
21.728453703066627 17.811974933852422
21.728454026845817 17.811974933852422
21.728453703066627 17.811975199271533
24.381383117346513 11.737638758416875
22.407429344006086 16.300364292154097
22.407429677902805 16.300364292154097
22.407429344006086 16.300364535048452
23.752971661640597 13.271599777736736
22.748246970644054 15.54515769218025
22.748247309619348 15.54515769218025
22.748246970644054 15.54515792382115
0.02226178284484237 22.748246970644054 15.54515769218025 1.781234951042926e-05
0.013325278645399521 0.012741185151266826 0.012206085827661929 0.011714071594334269 0.011260145776420483 0.010840054750988424 0.010450154920937019 0.010087307249239608 0.009748792921221458 0.00943224536112406 0.009135595022173676 0.008857024237425891 0.00859493005714297 0.00834789347285137 0.00811465378404449 0.007894087132754624 0.00768518843668369 0.007487056109606301 0.0072988790802004586 0.007119925716000499 0.006949534334211678 0.006787105040444601
0.0005345444775112673 0.000488849634870803 0.00044876515363386464 0.0004134100471058787 0.00038206947053562 0.0003541585432766642 0.00032919502673847993 0.00030677846790582466 0.0002865741192702924 0.0002683004261359498 0.0002517192055894664 0.00023662787579950876 0.0002228532610754989 0.00021024661810054975 0.00019867961598422272 0.00018804106682267875 0.00017823425090621742 0.00016917471618108936 0.0001607884582993427 0.0001530104078877767 0.00014578316719537964 0.00013905595024101304
