27.404984079401693 15.736344181751107
27.404984487767777 15.736344181751107
27.404984079401693 15.73634441624091
22.406206240061337 12.879725478870181
22.406206573939826 12.879725478870181
22.406206240061337 12.879725670793047
16.89714488525867 24.85037331614594
21.027186991087337 15.871924922610184
21.02718730441684 15.871924922610184
21.027186991087337 15.871925159120295
20.340462252985443 17.50266517591996
20.34046255608195 17.50266517591996
20.340462252985443 17.50266543673
18.95161589166687 20.75761899178217
18.95161617406795 20.75761899178217
18.95161589166687 20.757619301094795
16.3018143421965 27.320623333042324
18.31026091723389 22.406730399921724
18.31026119007804 22.406730399921724
18.31026091723389 22.406730733808025
17.00637769336284 25.69664029188707
17.006377946777615 25.69664029188707
17.00637769336284 25.69664067479685
14.527488185998534 32.32608831153806
16.407732996957467 27.36173163086871
16.40773324145174 27.36173163086871
16.407732996957467 27.361732038590283
15.189489113869323 30.684305994229465
15.189489340210349 30.684305994229465
15.189489113869323 30.684306451461254
12.943406127469466 37.204581784815296
14.64927663757159 32.32156003786341
14.649276855862823 32.32156003786341
14.64927663757159 32.32156051949218
13.545668798053129 35.588327710705634
13.545668999899323 35.588327710705634
13.545668798053129 35.588328241013045
13.233038949243785 36.65481780659586
13.23303914643143 36.65481780659586
13.233038949243785 36.6548183527952
13.23274046927085 36.665119414854075
13.232740666454049 36.665119414854075
13.23274046927085 36.66511996120693
0.009532442845180067 13.23274046927085 36.665119414854075 1.5819394146121698e-05
0.014050076706424632 0.01343999334975869 0.012880596738480401 0.012365832727496195 0.011890572855289898 0.011450444209332054 0.011041695429549359 0.010661090213060534 0.010305821961468665 0.009973444836486526 0.009661817662248799 0.009369057968681514 0.009093504101844946 0.00883368379773685 0.008588287969924396 0.00835614872982959 0.008136220863819887 0.007927566149511745 0.007729340016566435 0.007540780153313917 0.007361196736126556 0.0071899640183112085
0.0007211749997559386 0.0006609341992328808 0.0006079146137829649 0.0005610100825221299 0.0005193177837851839 0.0004820951044663417 0.00044872678808411846 0.0004186996616327934 0.0003915830118109455 0.00036701321546924007 0.00034468160426295733 0.0003243248100421638 0.00030571702900460856 0.0002886637816414106 0.00027299684739819595 0.00025857012835192014 0.00024525625245059966 0.00023294376918142973 0.00022153482261623702 0.0002109432112897604 0.00020109276321378982 0.00019191596892290151
