19.71522089675735 14.994717181301551
19.715221190537036 14.994717181301551
19.71522089675735 14.99471740474025
28.002716449565654 0.6990359509848592
28.002716866838647 0.6990359509848592
28.002716449565654 0.6990359658860203
31.037371221584365 0.16709347493922166
31.037371684077236 0.16709347493922166
31.037371221584365 0.16709348984038286
32.86454366562685 0.08460855225931949
31.48878103631162 0.23999313604276196
31.488781505531023 0.23999313604276196
31.48878103631162 0.23999315094392315
32.394790555618656 0.11554444537284268
31.71718927139808 0.2299445789341114
31.71718974402103 0.2299445789341114
31.71718927139808 0.2299445938352726
32.168612948245325 0.1571308068657693
31.830083086615364 0.21197765586684836
31.830083560920563 0.21197765586684836
31.830083086615364 0.21197767076800955
32.05628436823376 0.1787470141416135
32.05628484590962 0.1787470141416135
32.05628436823376 0.1787470290427747
32.5104373582684 0.12554698534740685
32.17002736708576 0.1673297442852517
32.17002784645652 0.1673297442852517
32.17002736708576 0.1673297591864129
32.39729927174792 0.14245452154230823
32.3972997545053 0.14245452154230823
32.39729927174792 0.14245453644346942
32.62538044304741 0.12663445030584913
32.625380929203466 0.12663445030584913
32.62538044304741 0.12663446520701033
33.08195950407668 0.10171974680093702
32.739593417076634 0.12181569504959994
32.739593904934594 0.12181569504959994
32.739593417076634 0.12181570995076113
32.967933082781414 0.11031385080161728
32.9679335740419 0.11031385080161728
32.967933082781414 0.11031386570277847
33.19647103618063 0.10385635814776963
33.1964715308466 0.10385635814776963
33.19647103618063 0.10385637304893082
33.6535819083069 0.09224463971017179
33.31076085726428 0.1014771491432278
33.310761353633296 0.1014771491432278
33.31076085726428 0.10147716404438899
33.53932637607341 0.09608280332668012
33.53932687584832 0.09608280332668012
33.53932637607341 0.09608281822784132
33.767927149276204 0.09247977038738894
33.76792765245753 0.09247977038738894
33.767927149276204 0.09247978528855014
34.225138776636385 0.08594454064702821
33.882233173891244 0.09108099394895976
33.88223367877586 0.09108099394895976
33.882233173891244 0.09108100885012095
34.1108414039044 0.08798704412245704
34.110841912195546 0.08798704412245704
34.1108414039044 0.08798705902361824
34.56807321229983 0.08306212660525013
34.56807372740426 0.08306212660525013
34.56807321229983 0.08306214150641132
35.025321466750164 0.0800264679897046
35.025321988668125 0.0800264679897046
35.025321466750164 0.0800264828908658
35.93982128787586 0.07447643686424368
35.25394768325859 0.0788652271360167
35.253948208583346 0.0788652271360167
35.25394768325859 0.07886524203717789
35.71119855628608 0.07625361140891561
35.7111990884244 0.07625361140891561
35.71119855628608 0.0762536263100768
36.16845294407729 0.07435459408703274
36.16845348302923 0.07435459408703274
36.16845294407729 0.07435460898819393
37.082963003925336 0.07087952270110008
36.39708084118307 0.07359300347188563
36.39708138354184 0.07359300347188563
36.39708084118307 0.07359301837304683
36.854336159021926 0.07193296455913542
36.85433670819433 0.07193296455913542
36.854336159021926 0.07193297946029661
37.76884863051912 0.06916436193052573
37.76884919331882 0.06916436193052573
37.76884863051912 0.06916437683168693
37.99747767842377 0.06893239320483202
37.99747824463031 0.06893239320483202
37.99747767842377 0.06893240810599321
38.454734778105255 0.06787116185231785
38.45473535112546 0.06787116185231785
38.454734778105255 0.06787117675347905
39.36924956556024 0.06601934906599798
39.36925015220777 0.06601934906599798
39.36924956556024 0.06601936396715917
40.283765165959935 0.06462568124216957
40.283765766234815 0.06462568124216957
40.283765165959935 0.06462569614333076
42.11279671569292 0.06207758017495115
40.74102315439677 0.06406583143554162
40.74102376148532 0.06406583143554162
40.74102315439677 0.06406584633670281
41.65553900313471 0.06284595785824643
41.655539623850615 0.06284595785824643
41.65553900313471 0.06284597275940762
42.570055131643734 0.06185783777944099
42.570055765986986 0.06185783777944099
42.570055131643734 0.061857852680602184
44.399087539019185 0.06002603318649477
43.02731327481776 0.061443202815339826
43.02731391597469 0.061443202815339826
43.02731327481776 0.06144321771650102
43.94182951015044 0.060559462268681294
43.94183016493473 0.060559462268681294
43.94182951015044 0.06055947716984249
44.85634586398483 0.059808293920767946
44.856346532396465 0.059808293920767946
44.85634586398483 0.05980830882192914
45.65887468170849 0.059210859868031554
45.65887536207874 0.059210859868031554
45.65887468170849 0.05921087476919275
45.41984921571502 0.05940872259996816
45.419849892523516 0.05940872259996816
45.41984921571502 0.059408737501129356
45.49472530432595 0.059355239478177606
45.49472598225018 0.059355239478177606
45.49472530432595 0.0593552543793388
45.473802708902824 0.059370988323336725
45.473803386515286 0.059370988323336725
45.473802708902824 0.05937100322449792
45.479923536916765 0.05936644594065508
45.47992421462044 0.05936644594065508
45.479923536916765 0.05936646084181627
0.997610057257967 45.479923536916765 0.05936644594065508 1.4269678873078138e-05
0.014059879339024667 0.013435922558166238 0.012864964551609293 0.012340531210859304 0.011857161131377338 0.011410215143149499 0.010995727251616232 0.01061028685725601 0.010250944858203975 0.009915138172679281 0.00960062860049263 0.009305452944078172 0.009027882042606844 0.008766386915278413 0.008519610615285816 0.008286344701688514 0.008065509468993443 0.007856137252573172 0.007657358265864363 0.007468388532526974 0.007288519560801494 0.007117109473566593
0.0004025937855326753 0.0003676404987212595 0.00033704701347538404 0.0003101176212043704 0.0002862899825987513 0.0002651055963065048 0.00024618762095522537 0.00022922403087832189 0.00021395468893437817 0.000200161329296324 0.0001876597252049702 0.00017629351367682102 0.00016592928844208336 0.00015645267202637206 0.0001477651499453361 0.00013978150262535449 0.00013242770949541997 0.00012563922859842828 0.00011935957676687872 0.00011353915182525099 0.0001081342508001583 0.0001031062477321483
