29.7098075270451 20.863562890446374
29.709807969755733 20.863562890446374
29.7098075270451 20.863563201337687
21.960072247983433 15.433886306764872
21.96007257521401 15.433886306764872
21.960072247983433 15.4338865367477
23.555457054543893 11.856052985144862
23.555457405547557 11.856052985144862
23.555457054543893 11.856053161813819
26.61994601364561 5.4348071596822445
24.347443842389367 10.26334300335422
24.347444205194552 10.26334300335422
24.347443842389367 10.263343156289949
25.902097385183882 7.063510977333822
24.74196561942432 9.46625793449424
24.741965988108337 9.46625793449424
24.74196561942432 9.466258075552476
0.038288552053399316 24.74196561942432 9.46625793449424 1.3276519787914641e-05
0.014062931179900068 0.013446822166287944 0.012882365290505954 0.012363334328616266 0.011884463883054417 0.011441271147439461 0.01102991588025428 0.010647089372293823 0.010289925645136144 0.009955929860544612 0.009642920174488907 0.009348980181989592 0.009072419770322786 0.008811742697011626 0.008565619583289876 0.00833286529698203 0.008112419914924665 0.007903332621340884 0.007704748027439735 0.007515894498071933 0.007336074150269836 0.007164654250947686
0.000529257141979934 0.000483990892453944 0.0004442853409095319 0.0004092668206313102 0.0003782265192661895 0.0003505845605966322 0.0003258628837548963 0.00030366454397799 0.0002836577562867039 0.0002655634808768364 0.00024914568036216194 0.0002342036119410454 0.00022056568326113697 0.00020808451995292225 0.00019663297944468649 0.00018610090927013943 0.0001763924951965807 0.00016742407971228224 0.00015912235794207925 0.00015142287820573086 0.0001442687898438473 0.0001376097928065555
