10.94782970926942 20.364443550791734
10.947829872404796 20.364443550791734
10.94782970926942 20.36444385424559
13.253575431884066 30.176089842169972
13.25357562937773 30.176089842169972
13.253575431884066 30.17609029182875
17.14887376044686 25.786480981687262
17.148874015984994 25.786480981687262
17.14887376044686 25.78648136593577
19.58135802341132 20.536339408111232
19.58135831519629 20.536339408111232
19.58135802341132 20.536339714126537
20.10697973358012 19.508444316625997
20.106980033197466 19.508444316625997
20.10697973358012 19.50844460732447
20.108314518179903 19.51482861700339
20.10831481781714 19.51482861700339
20.108314518179903 19.514828907796996
0.017950081221290604 20.108314518179903 19.51482861700339 1.2228319604400192e-05
0.013815893700415121 0.013211577685976196 0.012657841763313247 0.012148599230804122 0.01167870105680987 0.011243762247733968 0.010840025371045007 0.010464252288730653 0.010113637532604724 0.009785738442527333 0.00947841840507419 0.009189800416122386 0.008918228842972052 0.008662237746522068 0.00842052448796006 0.008191927620006038 0.00797540827315636 0.007770034409286393 0.007574967440485551 0.007389450808981979 0.007212800201011185 0.007044395128369735
0.0005805517864753908 0.000531107983826755 0.00048771154946888033 0.00044941664646993163 0.0004154550758774328 0.00038519776031398976 0.0003581256142876734 0.00033380727921713394 0.0003118819374221029 0.0002920459246611725 0.0002740422123343161 0.0002576520780915675 0.00024268846007226378 0.00022899061716633848 0.00021641981026875823 0.00020485578755278602 0.00019419390727201254 0.00018434276937455361 0.00017522225570617124 0.00016676190023787952 0.0001588995273378125 0.0001515801088931107
