29.08302205924009 25.358641812711987
29.08302249261089 25.358641812711987
29.08302205924009 25.358642190585197
20.649645528420617 18.017244023291695
20.649645836124314 18.017244023291695
20.649645528420617 18.017244291769554
25.38648124631254 6.938915991552593
21.833456531778154 15.24751400202615
21.83345685712201 15.24751400202615
21.833456531778154 15.247514229231815
22.425252777513116 13.971149791368148
22.42525311167542 13.971149791368148
22.425252777513116 13.971149999554504
23.592016094212635 11.41068558703667
23.592016445761068 11.41068558703667
23.592016094212635 11.410685757069135
26.01069150578268 6.32941964547246
24.21039964795227 10.14698856038077
24.210400008715336 10.14698856038077
24.21039964795227 10.146988711582681
25.4358980440051 7.614111291318878
25.435898423029517 7.614111291318878
25.4358980440051 7.614111404777978
26.727160611915107 5.114120379420807
26.727161010180836 5.114120379420807
26.727160611915107 5.114120455627139
27.096051148596807 4.515161390319431
27.096051552359434 4.515161390319431
27.096051148596807 4.515161457600579
27.786956986300325 3.2896094664329634
27.271381957765783 4.210256270608699
27.27138236414104 4.210256270608699
27.271381957765783 4.210256333346407
0.07913140142296471 27.271381957765783 4.210256270608699 7.995578067890192e-06
0.013752917720186986 0.013150383626556525 0.012598364182904373 0.012090770213233067 0.011622452227973246 0.011189026108933842 0.010786736162925062 0.010412346531586897 0.010063054343371689 0.009736419697963399 0.009430308799628839 0.00914284744845276 0.0088723827549816 0.008617451431723855 0.008376753380985272 0.00814912957554908 0.007933543440138266 0.0077290651042279555 0.007534858022802551 0.007350167559999962 0.007174311207844841 0.007006670173347237
0.0005576318408057142 0.0005099111521301631 0.0004680561732762319 0.00043114474848673153 0.00039842883638511166 0.00036929654933826175 0.00034324349678612685 0.00031985091809399075 0.0002987688289573143 0.00027970291081714756 0.00026240422344757256 0.00024666106733850913 0.00023229249778322544 0.00021914311864032392 0.00020707887535199407 0.00019598363403439624 0.00018575638325707124 0.00017630893233903038 0.00016756400802213735 0.00015945367266597283 0.0001519180033869635 0.0001449039841023275
