28.848823925408336 16.142767215774803
28.848824355289313 16.142767215774803
28.848823925408336 16.14276745632078
22.374903892047328 12.53272626819156
22.374904225459378 12.53272626819156
22.374903892047328 12.532726454943734
21.1974997367975 15.073642009759379
21.19750005266486 15.073642009759379
21.1974997367975 15.073642234374148
18.48867792706853 21.2140028211134
20.534382351172727 16.614870250007034
20.53438265715887 16.614870250007034
20.534382351172727 16.614870497587894
19.203089929597738 19.69514574269854
19.203090215746077 19.69514574269854
19.203089929597738 19.695146036179082
17.942683756330215 22.8050995849618
17.942684023697037 22.8050995849618
17.942683756330215 22.805099924784262
17.38728818434211 24.283166941134567
17.387288443432894 24.283166941134567
17.38728818434211 24.28316730298195
17.33027896279974 24.447129224910075
17.330279221041017 24.447129224910075
17.33027896279974 24.44712958920069
0.014475574146332937 17.33027896279974 24.447129224910075 2.084633369935009e-05
0.014266514281172158 0.013644178396836503 0.01307378589462439 0.012549103869500701 0.012064856801143081 0.011616549800696747 0.01120032956553611 0.010812873992289041 0.01045130379482652 0.010113111180283981 0.009796101866122009 0.009498347617924445 0.009218147148348269 0.00895399370935183 0.008704548079190364 0.008468615925567516 0.008245128740192233 0.008033127704668307 0.007831749975383934 0.007640216974846097 0.007457824355355515 0.007283933362984654
0.0006377520922482918 0.0005837394287793815 0.0005362946563923297 0.0004943967133069331 0.0004572151051367327 0.00042406885241564826 0.0003943953760929425 0.00036772666921523316 0.00034367087171503606 0.00032189789455030495 0.00030212810876364434 0.00028412337588837067 0.000267679882504134 0.00025262237634449624 0.0002387994995534633 0.00022607998700839408 0.00021434955137032325 0.0002035083168006995 0.00019346869371221923 0.0001841536100838985 0.0001754950326295892 0.00016743272481741
