27.036678719643156 27.697859081537267
27.036679122521065 27.697859081537267
27.036678719643156 27.69785949426753
20.112070506746154 20.61741552383468
20.11207080643936 20.61741552383468
20.112070506746154 20.61741583105811
20.621137141337705 19.376937635696336
20.621137448616594 19.376937635696336
20.621137141337705 19.376937924435207
22.76563427508727 14.306822775573185
21.160191338999738 18.110652177080546
21.16019165431116 18.110652177080546
21.160191338999738 18.110652446950294
22.251051604446832 15.583547698800292
22.25105193601334 15.583547698800292
22.251051604446832 15.583547931013248
22.547414120607797 14.962513213691407
22.54741445659045 14.962513213691407
22.547414120607797 14.962513436650228
0.023482770816985465 22.547414120607797 14.962513213691407 1.603277976261388e-05
0.013636418273777323 0.0130390438656919 0.012491746829104238 0.011988491264245662 0.011524172650825084 0.011094445088974381 0.010695585572376728 0.010324386362859664 0.009978068912278027 0.009654214466322112 0.0093507076999464 0.009065690618470765 0.00879752460903168 0.00854475901057357 0.008306104933299883 0.008080413333041827 0.007866656555531266 0.007663912726737081 0.007471352490323879 0.0072882276907616774 0.007113861677185772 0.006947640963637464
0.0005442501535532085 0.000497753671992346 0.0004569624202139016 0.00042098109190997135 0.0003890831104880679 0.00036067391315846144 0.00033526321607568196 0.0003124438383075064 0.000291875372308033 0.00027327147492286146 0.00025638989072101787 0.00024102455701415713 0.00022699930900527108 0.00021416282519022082 0.00020238454161931733 0.00019155132860137382 0.0001815647715856733 0.00017233893395407845 0.000163798506586059 0.00015587726966644498 0.00014851680797288867 0.00014166543302850693
