27.29595174033173 27.10605029864118
27.29595214707311 27.10605029864118
27.29595174033173 27.106050702552803
20.657125717993704 20.519726020606697
20.657126025808864 20.519726020606697
20.657125717993704 20.519726326374442
26.281289196846846 7.052894742858356
22.062721285161082 17.149214156028158
22.062721613921248 17.149214156028158
22.062721285161082 17.149214411571364
23.36740564566456 14.247399832781351
23.36740599386604 14.247399832781351
23.36740564566456 14.247400045084152
26.028248418142585 8.46718994656422
24.04872423429457 12.80987178346444
24.048724592648487 12.80987178346444
24.04872423429457 12.809871974346404
25.3966600420558 9.92789386798733
25.396660420495525 9.92789386798733
25.3966600420558 9.927894015924476
26.811985132660155 7.078405749912703
26.811985532189865 7.078405749912703
26.811985132660155 7.0784058553891676
28.29569591490823 4.263920013266751
27.204413588463986 6.386545659271654
27.20441399384134 6.386545659271654
27.204413588463986 6.3865457544386
0.0548254251393997 27.204413588463986 6.386545659271654 1.8551172305756488e-05
0.01348123473331673 0.012889741927180485 0.012347912438056576 0.011849750478031874 0.011390187004071878 0.01096490752200797 0.010570216867349387 0.010202932029383199 0.009860296466726853 0.009539911053668254 0.009239678012538572 0.008957755071773087 0.008692517739603608 0.008442528066330297 0.008206508630290734 0.007983320756635905 0.007771946187046041 0.007571471579242114 0.00738107533965359 0.00720001638973297 0.007027624542687136 0.006863292227678761
0.0005045653260402762 0.00046132566604898783 0.0004234085582468879 0.00038997599716407015 0.0003603484452218881 0.0003339702287172104 0.00031038342896196666 0.00028920796882878714 0.00027012627155681163 0.0002528713313725879 0.00023721735628701166 0.00022297236873374665 0.00020997230985223873 0.0001980763083211947 0.00018716285825448592 0.0001771267120013405 0.00016787633910093764 0.00015933183655660193 0.00015142320113556632 0.0001440888937850887 0.00013727464107735442 0.0001309324300077975
