25.748453837732473 26.67338669167165
25.748454221414335 26.67338669167165
25.748453837732473 26.67338708913608
20.230306005691624 20.965332924633604
20.230306307146673 20.965332924633604
20.230306005691624 20.96533323704141
21.789661091604394 17.184351968469638
21.789661416295647 17.184351968469638
21.789661091604394 17.184352224536436
24.71927389027258 10.559451721546127
22.548615455367937 15.540124436857223
22.54861579136849 15.540124436857223
22.548615455367937 15.540124668423122
24.03145616903803 12.235708145613899
24.031456527134633 12.235708145613899
24.03145616903803 12.235708327940158
24.443928985011112 11.42964353804188
24.443929349254038 11.42964353804188
24.443928985011112 11.42964370835684
0.030234277621428274 24.443928985011112 11.42964353804188 1.6387057232698416e-05
0.013432500266505283 0.012843584118260603 0.012304077201489034 0.011808019078728185 0.011350369851838266 0.010926839260416793 0.01053375244794038 0.010167943544480662 0.009826670572477708 0.009507546856758512 0.009208485324464777 0.008927652956917154 0.008663433299993716 0.008414395418466314 0.008179268038889442 0.007956917897403428 0.007746331516181438 0.007546599791728632 0.007356904901805439 0.007176509134157213 0.007004745315958552 0.006841008582734841
0.0005313440068416286 0.00048587536509539183 0.00044599531695723447 0.0004108253200589157 0.00037965270272025597 0.0003518945025152931 0.00032707016738783287 0.00030478072427636766 0.00028469272358379343 0.00026652574924921805 0.00025004261821914744 0.000235041627877899 0.00022135037696183277 0.00020882080556069532 0.0001973251870755174 0.00018675286904808395 0.00017700760721692203 0.00016800537260179546 0.00015967253812327516 0.00015194437153923167 0.00014476377698761925 0.00013808023936907042
