8.485102843530427 11.009204915553813
8.485102969968313 11.009204915553813
8.485102843530427 11.009205079603749
4.067457455321223 5.326936083901033
4.0674575159310615 5.326936083901033
4.067457455321223 5.326936163278566
3.8620562879869924 5.519161807954847
3.8620563455361157 5.519161807954847
3.8620562879869924 5.5191618901967665
1.940177225995944 9.83055940200246
3.378598920688555 6.596665243236408
3.378598971033602 6.596665243236408
3.378598920688555 6.59666534153438
2.559276644289703 8.649674005237262
2.559276682425897 8.649674005237262
2.559276644289703 8.64967413412745
1.542731233881179 11.692564226920764
1.5427312568696658 11.692564226920764
1.542731233881179 11.692564401153549
1.714471844458218 11.42616107727868
1.7144718700058394 11.42616107727868
1.714471844458218 11.426161247541748
1.7237298251485984 11.403878957635706
1.7237298508341743 11.403878957635706
1.7237298251485984 11.403879127566745
1.7237580204250103 11.403820090767084
1.7237580461110065 11.403820090767084
1.7237580204250103 11.403820260697245
0.0307614145918651 1.7237580204250103 11.403820090767084 0.0002114617879253093
0.057272843252665344 0.05546848488305815 0.05378355310028404 0.05220654562809805 0.05072739519127989 0.049337252361113984 0.04802830662661577 0.04679363808430319 0.045627093816016324 0.044523184297964404 0.04347699615921247 0.04248411835974372 0.041540579442161746 0.040642793967603535 0.03978751660558365 0.038971802631771336 0.038192973814014604 0.03744858884809197 0.036736417650460325 0.03605441893317891 0.035400720582015766 0.03477360243697918
0.01077784819205104 0.010229328275839753 0.009726514490016174 0.009264286252597245 0.008838237795750721 0.008444559659266564 0.008079942737702416 0.0077415000759176985 0.007426702732272587 0.007133326868477007 0.006859409857130862 0.006603213677418654 0.006363194235753453 0.006137975530062484 0.00592632779479843 0.005727148934049985 0.005539448683730895 0.005362335049274046 0.005195002648954448 0.005036722659760444 0.004886834116318293 0.004744736356578686
