12.3132396516111 4.72862371813822
12.31323983509267 4.72862371813822
12.3132396516111 4.7286237886002045
5.306519573156039 2.0681757290505765
5.306519652229342 2.0681757290505765
5.306519573156039 2.0681757598687964
6.939363360017291 0.08045724748622085
5.770297576699352 1.6226589638557944
5.770297662683486 1.6226589638557944
5.770297576699352 1.6226589880352973
6.651924545504565 0.6861576096462519
6.0034833120032145 1.4012583789178636
6.003483401462087 1.4012583789178636
6.0034833120032145 1.4012583997982406
6.468829762954461 0.9573801239567507
6.124138377334874 1.2950001710004124
6.124138468591647 1.2950001710004124
6.124138377334874 1.2950001902974186
6.362909701803563 1.079635223129295
6.185088655206109 1.2425866564032875
6.185088747371112 1.2425866564032875
6.185088655206109 1.2425866749192715
6.1253517097392445 1.2963789442454365
6.125351801014098 1.2963789442454365
6.1253517097392445 1.296378963562988
6.185069251619041 1.2425651163121012
6.140631080655426 1.28332433281045
6.14063117215796 1.28332433281045
6.140631080655426 1.2833243519334727
6.1109288273626685 1.3104039260604194
6.133232328664309 1.290123522674111
6.133232420056593 1.290123522674111
6.133232328664309 1.2901235418984496
6.1406561758191005 1.2833517424613108
6.135091769347255 1.2884343993923861
6.135091860767247 1.2884343993923861
6.135091769347255 1.2884344185915548
0.24560148612729038 6.135091769347255 1.2884343993923861 0.00016255843830992138
0.06214751137927801 0.06008853390697694 0.058163797195475285 0.05636079585184229 0.05466850723352183 0.05307718147123272 0.05157816562317411 0.05016375576059342 0.04882707201953798 0.04756195262257629 0.046362863638610995 0.04522482185485717 0.04414332861778913 0.0431143128862401 0.04213408205051142 0.04119927932225537 0.040306846703398604 0.03945399270811462 0.038638164147381145 0.03785702139690995 0.03710841666090408 0.03639037481990371
0.010039377000951031 0.009417048370626058 0.0088506355207078 0.008333755403942265 0.007860892505867197 0.007427263919189227 0.00702870780238437 0.006661590790599226 0.006322730832767092 0.006009332637145055 0.005718933463807996 0.005449357441531555 0.005198676934234576 0.004965179758819466 0.004747341277269662 0.004543800563131714 0.004353339985237026 0.004174867666868911 0.0040074023721481744 0.0038500604475799763 0.0037020445089274707 0.0035626336145796952
