11.21712001105241 8.165235425404099
11.217120178200524 8.165235425404099
11.21712001105241 8.165235547075588
4.673009484392996 3.4394688929575965
4.6730095540262635 3.4394688929575965
4.673009484392996 3.439468944209677
4.467285327488113 3.7479093607268963
4.4672853940558515 3.7479093607268963
4.467285327488113 3.747909416575098
2.3969933878181733 7.639766858571534
3.951467123527298 4.721805170939482
3.9514671824087464 4.721805170939482
3.951467123527298 4.721805241299862
3.0281836142911343 6.72323302033114
3.0281836594145863 6.72323302033114
3.0281836142911343 6.723233120515119
1.461982222500684 10.843873346705852
2.686756023000639 7.771073021759106
2.6867560630364236 7.771073021759106
2.686756023000639 7.771073137557118
1.935330177339888 9.843155325438422
1.9353302061785551 9.843155325438422
1.935330177339888 9.843155472112867
1.79032498286052 10.454026229940476
1.7903250095384413 10.454026229940476
1.79032498286052 10.454026385717606
1.7933994572808192 10.455856441810118
1.7933994840045535 10.455856441810118
1.7933994572808192 10.45585659761452
0.03249566812264448 1.7933994572808192 10.455856441810118 0.00029228716358542316
0.058491740822510546 0.056666052188458535 0.054959995040185096 0.05336217795851125 0.05186261310519445 0.050452506633504327 0.049124085478067854 0.04787045338964749 0.04668547062931049 0.045563652918724475 0.044500086152497974 0.04349035408259284 0.04253047673379166 0.04161685773994321 0.04074623913075863 0.039915662368953275 0.03912243465314396 0.038364099674996856 0.037638412158780506 0.03694331562471308 0.03627692290973419 0.035637499054810354
0.01145348296142766 0.010866968887093348 0.010329250932883513 0.009834894234608541 0.009379215384190988 0.008958159416699238 0.0085681998572137 0.008206256997374674 0.007869630681130675 0.007555944713252651 0.007263100635789021 0.006989239099404946 0.006732707426578341 0.006492032249726173 0.006265896329959105 0.0060531188364580674 0.005852638503728072 0.005663499192692925 0.005484837468156223 0.005315871874439961 0.005155893646747622 0.00500425864084903
