3.083156794871985 8.43898344113709
3.0831568408146013 8.43898344113709
3.083156794871985 8.438983566887742
2.8191663820821455 7.968141344744056
2.8191664240909984 7.968141344744056
2.8191663820821455 7.968141463478614
1.8277365028663968 10.631963579968321
1.827736530101793 10.631963579968321
1.8277365028663968 10.631963738396925
1.5860783743114637 11.664603559322352
1.5860783979458732 11.664603559322352
1.5860783743114637 11.66460373313849
1.598872109009193 11.653686835142475
1.5988721328342441 11.653686835142475
1.598872109009193 11.653687008795941
1.59884938460744 11.653862820262937
1.5988494084321525 11.653862820262937
1.59884938460744 11.653862993919025
0.03009687864417654 1.59884938460744 11.653862820262937 0.00021290289959402078
0.057587482179700715 0.05578788210309131 0.05410716883114982 0.05253390285849848 0.05105807177700247 0.049670874180866006 0.04836454165322688 0.04713219124482354 0.04596770253089207 0.044865614604538584 0.043821039338133916 0.042829587994495814 0.04188730885197445 0.04099063396264172 0.04013633352068543 0.039321476601304084 0.03854339725577745 0.03779966512875661 0.03708805990892354 0.03640654904150752 0.035753268226480096 0.03512650430407352
0.010999919273722174 0.010450254102682037 0.009946052617244386 0.009482240385347942 0.009054450502269298 0.008658906233706399 0.008292326028069385 0.007951846121822759 0.007634957082221667 0.00733945146770999 0.007063380414935669 0.006805017437841053 0.006562828088131021 0.0063354444062239 0.006121643308429897 0.005920328224932868 0.005730513435546633 0.005551310654661423 0.005381917499662917 0.005221607543214356 0.005069721702808282 0.00492566076372573
