10.00566378354698 11.605622447368747
10.005663932642989 11.605622447368747
10.00566378354698 11.605622620305997
3.9244377419061296 4.600070806907737
3.924437800384809 4.600070806907737
3.9244377419061296 4.600070875454134
3.765503541416572 4.666103398555908
3.7655035975269473 4.666103398555908
3.765503541416572 4.666103468086267
1.6050098425817483 9.185162884411191
3.22312519622114 5.795581341394551
3.223125244249448 5.795581341394551
3.22312519622114 5.795581427755443
2.328113682099926 7.943680508924942
2.328113716791523 7.943680508924942
2.328113682099926 7.943680627295006
1.686283377248037 9.91322853927599
1.6862834023756175 9.91322853927599
1.686283377248037 9.913228686994605
1.7681591066180136 9.796966689781938
1.7681591329656374 9.796966689781938
1.7681591066180136 9.796966835768117
1.7693265300357814 9.794954731063482
1.7693265564008012 9.794954731063482
1.7693265300357814 9.794954877019682
0.03628711206121005 1.7693265300357814 9.794954731063482 0.00047528460961369223
0.061910693010819674 0.060003738997842344 0.05822047655736665 0.05654925541681801 0.0549798445201531 0.05350322259553468 0.05211140463183762 0.05079729731067787 0.04955457793055381 0.048377592501701074 0.04726126957186143 0.046201047028355084 0.04519280965784293 0.04423283566705098 0.043317750701764815 0.04244448816737767 0.041610254867206736 0.04081250114613796 0.04004889486573044 0.03931729864950529 0.038615749929050654 0.03794244339692086
0.011674340385748444 0.011084416062250267 0.010543068634054917 0.010044943478786187 0.009585418360413227 0.009160484911324259 0.00876665205871533 0.008400866859333861 0.008060449234061169 0.007743037869859093 0.0074465451469543165 0.00716911940131684 0.006909113181138328 0.006665056426551747 0.00643563371304381 0.0062196648648785305 0.0060160883758462284 0.005823947178672889 0.005642376387457688 0.005470592704120246 0.005307885233539825 0.0051536074955608946
