9.894167141022043 7.08805558682839
9.894167288456623 7.08805558682839
9.894167141022043 7.088055692448649
4.839562890739141 3.5031464366490024
4.839562962854248 3.5031464366490024
4.839562890739141 3.503146488849952
4.598413675600454 3.8757013551484065
4.598413744122157 3.8757013551484065
4.598413675600454 3.8757014129008573
2.6814001391957403 7.530511478921682
4.1216734175658285 4.790717665163554
4.121673478983548 4.790717665163554
4.1216734175658285 4.7907177365508105
3.2560819233603047 6.663922365685544
3.256081971879706 6.663922365685544
3.2560819233603047 6.663922464985726
1.766968014545629 10.512963506823063
2.926261624354866 7.641549437522562
2.926261667959562 7.641549437522562
2.926261624354866 7.641549551390521
2.2098074140382207 9.576707790065884
2.2098074469669173 9.576707790065884
2.2098074140382207 9.576707932769951
1.597737816728349 11.567626894224055
1.5977378405364977 11.567626894224055
1.597737816728349 11.56762706659513
1.6721671719759785 11.444582033037427
1.672167196893211 11.444582033037427
1.6721671719759785 11.444582203574988
1.6723292378792256 11.445498398103544
1.672329262798873 11.445498398103544
1.6723292378792256 11.44549856865476
0.02996745861817285 1.6723292378792256 11.445498398103544 0.00014761586825822904
0.05698690007988202 0.05520004198519549 0.053531233725790155 0.05196912267087566 0.05050377089962925 0.04912644130355279 0.04782942131567718 0.0466058767827192 0.04544973014505979 0.044355558342024995 0.04331850681897748 0.042334216752391206 0.04139876318356223 0.04050860220077528 0.039660525663164095 0.03885162223927687 0.03807924375610666 0.03734097603267855 0.0366346135158075 0.03595813715173198 0.03530969502168397 0.03468758534649947
0.011071310852238777 0.010511099548595833 0.009997456207046505 0.009525171738478342 0.009089763433500202 0.00868735464427325 0.008314577346055618 0.007968492707744067 0.007646525939595393 0.007346412536977716 0.0070661536794846234 0.006803979030684799 0.006558315555181329 0.006327761255517865 0.006111062952979054 0.0059070974090871566 0.005714855220160917 0.005533427024313634 0.00536199164521889 0.005199805864778722 0.005046195571232877 0.004900548073116454
