11.8918775481594 1.0867765948193209
11.891877725362184 1.0867765948193209
11.8918775481594 1.0867766110135542
6.99652494844921 0.660088019860146
6.996525052705556 0.660088019860146
6.99652494844921 0.6600880347613072
3.8271649940286503 2.3881571568336417
6.257062040457196 1.1774236934143756
6.257062133694686 1.1774236934143756
6.257062040457196 1.177423710959356
5.683304740669661 1.874018376403221
5.683304825357501 1.874018376403221
5.683304740669661 1.8740184043282708
6.342375768929944 1.2575226577354053
6.342375863438708 1.2575226577354053
6.342375768929944 1.257522676473953
5.707786004240056 1.8991903458564803
6.216320005294296 1.4446390491031098
6.216320097924682 1.4446390491031098
6.216320005294296 1.444639070629909
6.54131800804316 1.1316107819031607
6.302346770342874 1.3716661393260123
6.302346864255159 1.3716661393260123
6.302346770342874 1.3716661597654305
6.465740658821483 1.216086459830012
6.343809046807479 1.3334262112810025
6.3438091413376005 1.3334262112810025
6.343809046807479 1.3334262311506013
6.426258722785003 1.256434648124635
6.426258818543721 1.256434648124635
6.426258722785003 1.2564346668469701
6.406223127410258 1.276282268501099
6.4062232228704215 1.276282268501099
6.406223127410258 1.2762822875191868
6.448096779892575 1.2384932529766761
6.416736127126656 1.266884656244776
6.416736222743475 1.266884656244776
6.416736127126656 1.2668846751228284
6.414137401324894 1.2692666756936013
6.41413749690299 1.2692666756936013
6.414137401324894 1.2692666946071487
6.406966966357751 1.2757237386040279
6.412342125084455 1.2708804791874888
6.412342220635798 1.2708804791874888
6.412342125084455 1.2708804981250836
0.25239134042453426 6.412342125084455 1.2708804791874888 0.0002582807335689609
0.06056908897230401 0.058527235469352144 0.05662019942874004 0.054835262591420464 0.05316123354275912 0.051588228804449035 0.050107489952353396 0.04871123013423406 0.047392504697597815 0.04614510168285672 0.044963448758554646 0.04384253382467756 0.04277783702575725 0.04176527232706869 0.040801137137272805 0.03988206872672677 0.039005006405798244 0.03816715860230719 0.03736597411982702 0.03659911697539118 0.035864444311208346 0.035159986954270826
0.009278697500372225 0.008691991181615446 0.008158905408512942 0.00767321775732248 0.007229565267947296 0.0068233086217047035 0.006450420234952646 0.006107391663796789 0.005791156671182774 0.005499027051962958 0.005228638893656494 0.004977907408009757 0.004744988829444489 0.004528248162612847 0.004326231789041162 0.004137644124891864 0.0039613276679649366 0.0037962458897556153 0.0036414685235639367 0.0034961588769061966 0.0033595628594099438 0.0032309994688175733
