9.280501935178906 4.507227278930314
9.280502073469162 4.507227278930314
9.280501935178906 4.507227346093234
5.100396541557069 2.5039480299036
5.1003966175589 2.5039480299036
5.100396541557069 2.503948067215333
3.0453131091493795 5.604741829362846
4.596574486052638 3.2856490390464064
4.596574554546935 3.2856490390464064
4.596574486052638 3.285649088006392
4.1660898236306245 4.110013088921823
4.166089885710201 4.110013088921823
4.1660898236306245 4.11001315016579
3.3423676913366105 5.777662444751571
3.34236774114177 5.777662444751571
3.3423676913366105 5.777662530845451
1.9250567085606816 9.217069323709659
3.030938410806775 6.653964296019877
3.030938455971277 6.653964296019877
3.030938410806775 6.653964395171672
2.347034203543494 8.383660096014186
2.347034238517029 8.383660096014186
2.347034203543494 8.383660220940456
1.7695185988628286 10.130184857746158
1.7695186252307105 10.130184857746158
1.7695185988628286 10.130185008697676
1.8362149888725263 10.02665332778828
1.8362150162342619 10.02665332778828
1.8362149888725263 10.026653477197057
1.8371381726371272 10.024886740837033
1.8371382000126193 10.024886740837033
1.8371381726371272 10.024886890219486
0.0355989422199936 1.8371381726371272 10.024886740837033 0.00036241303114403387
0.06072034638151855 0.05882936947836245 0.05706184980827357 0.055406083688606146 0.053851802159838195 0.052389957954032326 0.05101254921426288 0.049712472804594086 0.048483401594049035 0.047319681279104596 0.04621624321937732 0.04516853046733783 0.04417243472442793 0.04322424238942954 0.04232058820766461 0.04145841530214497 0.04063494058570699 0.03984762472831538 0.039094145995211944 0.038372377386428826 0.03768036660183728 0.037016318432605694
0.011244158617673191 0.01066893757330722 0.010141436350738008 0.009656360374541255 0.009209143736476523 0.008795830546216733 0.008412978392456472 0.008057579313057629 0.0077269947226138395 0.007418901536752038 0.00713124733281057 0.006862212845391595 0.006610180448394466 0.0063737075486385505 0.006151504029351863 0.005942413048945313 0.005745394632305131 0.005559511596363628 0.005383917435040915 0.005217845855425434 0.005060601710832638 0.004911553119885813
