9.47989041511184 1.569079207306956
9.479890556373215 1.569079207306956
9.47989041511184 1.569079230688058
6.443074778045413 1.08234505606092
6.443074874054709 1.08234505606092
6.443074778045413 1.0823450721891181
3.8687119700775416 3.1973560463805875
5.8387569948100975 1.655571430741446
5.838757081814356 1.655571430741446
5.8387569948100975 1.6555714554113827
6.032920601878876 1.5803233581729088
6.032920691776399 1.5803233581729088
6.032920601878876 1.5803233817215618
6.317808696946509 1.2765374331702983
6.105602372481488 1.5057726713492507
6.105602463462053 1.5057726713492507
6.105602372481488 1.505772693787012
6.250685486488422 1.3563984139777407
6.250685579630894 1.3563984139777407
6.250685486488422 1.3563984341896522
6.29122540766921 1.323739173912977
6.2912255014157745 1.323739173912977
6.29122540766921 1.3237391936382277
6.367505838413968 1.2528749335007356
6.310431141476133 1.3061702359349505
6.310431235508885 1.3061702359349505
6.310431141476133 1.3061702553984038
6.291362098428493 1.3238874419783802
6.305706316062383 1.3106447763421556
6.3057064100247295 1.3106447763421556
6.305706316062383 1.3106447958722847
0.24159556196912457 6.305706316062383 1.3106447763421556 0.00020206607939883978
0.06051403007123402 0.05848237993017 0.05658446966577476 0.05480772055209498 0.053141059475112024 0.05157470370655971 0.05009998099276149 0.04870917848258563 0.047395415320680034 0.04615253475122225 0.044975012379265183 0.04385787787092896 0.04279664787775745 0.041787268373145676 0.04082606491178861 0.03990969958348833 0.039035133643458904 0.038199594972647764 0.03740054966149586 0.03663567712521551 0.03590284825299438 0.035200106171425445
0.00958169115199453 0.00897865113254078 0.008430502308155917 0.007930899655177678 0.007474371177820198 0.007056180468584831 0.006672213377422231 0.00631888416531135 0.005993057474431779 0.005691983192525283 0.005413241872660106 0.005154698828621723 0.00491446538875688 0.0046908660787764395 0.004482410733215603 0.004287770718593706 0.00410575859856538 0.003935310690073884 0.003775472055594843 0.003625383554597528 0.003484270640964566 0.0033514336451459853
