4.0653844625629265 6.578390982655545
4.0653845231418755 6.578390982655545
4.0653844625629265 6.578391080681209
3.697510227851028 6.006031293370872
3.6975102829482243 6.006031293370872
3.697510227851028 6.006031382867712
3.478908047191194 6.504658968082712
3.478908099030964 6.504658968082712
3.478908047191194 6.504659065009684
3.3074162402151406 6.930705036405267
3.307416289499483 6.930705036405267
3.3074162402151406 6.9307051396808195
3.3087091310439005 6.934302321166321
3.308709180347509 6.934302321166321
3.3087091310439005 6.934302424495478
3.3086825242138254 6.934361661815066
3.308682573517037 6.934361661815066
3.3086825242138254 6.934361765145106
0.04966206221123082 3.3086825242138254 6.934361661815066 0.00023649415502419855
0.05781670142500941 0.055899612382466435 0.0541096400791202 0.052434659526079015 0.050864027589368324 0.04938836532156197 0.04799937721087611 0.04668970031144706 0.045452777696592915 0.04428275181766776 0.04317437423732146 0.04212292889865768 0.04112416663642058 0.040174249067014715 0.03926970033657698 0.038407365479992954 0.03758437436358071 0.03679811036159786 0.03604618306060975 0.035326404402947036 0.03463676777634449 0.03397542963559371
0.009787338061006897 0.009206086073767801 0.008676551642324969 0.008192778474009633 0.007749640117076784 0.007342705788698078 0.00696813067660087 0.006622565780052001 0.006303083438661823 0.006007115524748892 0.005732401910978705 0.005476947316832615 0.005238985020037401 0.005016946218325155 0.004809434062207253 0.004615201565449875 0.004433132747699208 0.004262226481650338 0.004101582611738331 0.003950389987520017 0.003807916116553012 0.0036734981916521125
