6.445220141794186 12.89675894926353
6.44522023783545 12.89675894926353
6.445220141794186 12.896759141440214
3.467736386787464 7.009621372809668
3.467736438460763 7.009621372809668
3.467736386787464 7.009621477261166
3.231469553083948 7.241233512556012
3.2314696012365967 7.241233512556012
3.231469553083948 7.2412336204588
1.5416435237386175 11.543386030148238
2.8037714975710277 8.316130386483675
2.8037715393504787 8.316130386483675
2.8037714975710277 8.316130510403674
2.0626993011070858 10.389498521378085
2.0626993318437004 10.389498521378085
2.0626993011070858 10.389498676193677
1.4223339413881473 12.556515789099889
1.4223339625825746 12.556515789099889
1.4223339413881473 12.556515976206555
1.4972119784283986 12.43866365923561
1.4972120007385956 12.43866365923561
1.4972119784283986 12.438663844586141
1.498563713930975 12.43576607683998
1.4985637362613144 12.43576607683998
1.498563713930975 12.435766262147336
0.029204880917410914 1.498563713930975 12.43576607683998 0.00034842145197049116
0.05721322820116415 0.055420845379364155 0.05374756667186641 0.052181849858204336 0.050713604382985486 0.04933396957173885 0.04803513230503925 0.046810176208042086 0.045652956184467984 0.04455799346471371 0.043520387360274984 0.042535740702506424 0.041600096552082265 0.04070988423970544 0.039861873170655274 0.039053133119491705 0.038280999974520356 0.03754304607794782 0.0368370544572931 0.036160996364406006 0.035513011636427734 0.03489139147289159
0.010552246078322664 0.010033086879983975 0.009556693202273796 0.009118287667103405 0.008713762233856469 0.00833956629621553 0.007992616326355794 0.0076702224113567846 0.007370028133000576 0.007089961063578003 0.006828191765447245 0.006583099646452439 0.006353244376586183 0.006137341842040021 0.005934243821777048 0.0057429207341673245 0.005562446928251461 0.00539198809416467 0.005230790446393303 0.005078171396542511 0.004933511482728694 0.004796247363291853
