8.544840877803773 7.849076465652793
8.544841005131826 7.849076465652793
8.544840877803773 7.849076582613146
4.453940038023268 4.129202395753859
4.453940104392147 4.129202395753859
4.453940038023268 4.12920245728377
4.280469490647864 4.345924833870781
4.280469554431829 4.345924833870781
4.280469490647864 4.345924898630108
2.321925839179979 8.289032676452376
3.7902240946246817 5.331631024270091
3.790224151103422 5.331631024270091
3.7902240946246817 5.331631103717584
2.977056223149031 7.18899945469995
2.977056267510626 7.18899945469995
2.977056223149031 7.18899956182439
1.718380968958725 10.58656148016407
2.70014083840289 8.051437025898629
2.700140878638124 8.051437025898629
2.70014083840289 8.05143714587439
2.08744270274311 9.75629003207123
2.0874427338484303 9.75629003207123
2.08744270274311 9.75629017745128
1.9915635258355808 10.155402663050296
1.99156355551219 10.155402663050296
1.9915635258355808 10.155402814377588
1.9930017844272403 10.155835591414478
1.9930018141252812 10.155835591414478
1.9930017844272403 10.155835742748222
0.03385254472030663 1.9930017844272403 10.155835591414478 0.0005329828024160135
0.05806649453181592 0.05622889304695228 0.05451223888011311 0.05290497986832589 0.05139698969430271 0.049979354831691754 0.048644198466985804 0.04738453415138734 0.046194143507456036 0.04506747351549411 0.0439995498278775 0.042985903274777484 0.04202250728250726 0.04110572436351181 0.04023226018270169 0.03939912397937851 0.03860359434326173 0.037843189519164155 0.037115641556917316 0.0364188737383369 0.03575098080685604 0.035110211602243396
0.010964626346853346 0.01038819257867663 0.009860281560065957 0.00937545230055885 0.008929018595312947 0.008516925349087857 0.008135648072289592 0.007782110702170708 0.0074536180137072874 0.007147799720632303 0.006862564000572557 0.006596058661709162 0.006346638539920311 0.006112838002774499 0.005893347660484298 0.00568699455917056 0.00549272526984151 0.005309591395861342 0.005136737108795706 0.0049733883922646925 0.004818843729548548 0.004672466016055541
