3.772791859840572 2.9906776087893845
3.7727919160595516 2.9906776087893845
3.772791859840572 2.9906776533539534
2.1706335109506325 7.530633511931587
2.1706335432955925 7.530633511931587
2.1706335109506325 7.530633624146771
3.028690411825158 7.186141019224939
3.028690456956162 7.186141019224939
3.028690411825158 7.186141126306785
3.3625199580218768 6.579065599056472
3.3625200081273285 6.579065599056472
3.3625199580218768 6.579065697092189
3.3934138855215235 6.521045858137409
3.3934139360873306 6.521045858137409
3.3934138855215235 6.521045955308565
3.3937094250218527 6.520408799041127
3.393709475592064 6.520408799041127
3.3937094250218527 6.52040889620279
0.05408610323731522 3.3937094250218527 6.520408799041127 0.00030210618271387665
0.05922218613127369 0.057263007749424374 0.055433295627700586 0.05372075160757191 0.05211457332371853 0.05060523568436652 0.0491843091898652 0.04784430811447683 0.046578563031213036 0.04538111328493827 0.04424661589497689 0.04317026805448789 0.04214774093423483 0.041175122926376914 0.04024887080471973 0.039365767550646025 0.03852288581335412 0.037717556150346374 0.03694733933806028 0.036210002159913025 0.0355034961751434 0.034825939050856736
0.009728046731955084 0.009149182165934388 0.008621774411919254 0.008139913443837488 0.007698509062776987 0.007293159106040411 0.006920041527711436 0.006575825576478096 0.006257598334787933 0.005962803679071652 0.005689191334136913 0.005434774170407176 0.00519779226347893 0.004976682526138689 0.004770052952022409 0.004576660691488814 0.004395393324625972 0.004225252811720027 0.004065341694205343 0.003914851193883964 0.0037730509187691706 0.0036392799331702126
