9.12624106586067 12.663779412604482
9.12624120185226 12.663779412604482
9.12624106586067 12.6637796013095
3.8401930017436943 5.381833064819679
3.8401930589670292 5.381833064819679
3.8401930017436943 5.381833145015241
3.643718248227462 5.494639415774209
3.643718302523095 5.494639415774209
3.643718248227462 5.4946394976507165
1.620341459692991 10.046191504071185
3.134230056445175 6.632081168731852
3.134230103148842 6.632081168731852
3.134230056445175 6.632081267557562
2.276330319358744 8.805572072718096
2.276330353278709 8.805572072718096
2.276330319358744 8.805572203931344
1.4465107410344014 11.391303488237691
1.4465107625890912 11.391303488237691
1.4465107410344014 11.391303657981341
1.5600492660537144 11.236786748374593
1.56004928930026 11.236786748374593
1.5600492660537144 11.236786915815763
1.5657100588693629 11.221790351430288
1.5657100822002608 11.221790351430288
1.5657100588693629 11.221790518647994
0.0316667075647713 1.5657100588693629 11.221790351430288 0.0004572601255911679
0.059368693067954496 0.057531335773907746 0.055814555624049446 0.05420683040430985 0.052698065243642324 0.05127937802257565 0.04994292232278907 0.04868174049181679 0.04748964102395271 0.04636109569665624 0.045291152851335004 0.04427536394087548 0.04330972103680068 0.04239060343559106 0.04151473185559523 0.040679128994845506 0.03988108544239241 0.03911813011392445 0.0383880045259661 0.0376886403391471 0.03701813969556651 0.03637475795252711
0.011291402202902269 0.010732786001972097 0.01022006810541886 0.009748157460178727 0.009312668426058967 0.008909804533502966 0.00853626424325021 0.00818916404554072 0.007865975321465707 0.007564472200848307 0.007282688263210402 0.007018880393512219 0.006771498460317353 0.006539159758349665 0.006320627370205442 0.006114791768113346 0.005920655107123421 0.005737317764201548 0.005563966759615948 0.005399865762431552 0.0052443464344626165 0.005096800909424363
