12.741233541893186 1.8798174107012304
12.741233731752361 1.8798174107012304
12.741233541893186 1.8798174387126927
6.5027593628405596 0.9838584148047697
6.502759459739225 0.9838584148047697
6.5027593628405596 0.9838584297059308
3.4952017598184715 3.35599131024635
5.83899908268099 1.6741108078127487
5.838999169688857 1.6741108078127487
5.83899908268099 1.6741108327589438
6.58516871621373 1.073896718037801
6.58516881434039 1.073896718037801
6.58516871621373 1.073896734040109
5.114208771104094 2.3004288791188143
6.251250133108109 1.4170510546699095
6.251250226258995 1.4170510546699095
6.251250133108109 1.4170510757856158
6.616937031170508 1.107972405329344
6.6169371297705535 1.107972405329344
6.616937031170508 1.1079724218394194
6.256794694226956 1.4234942207930694
6.538488906151757 1.1983849272045546
6.538489003582835 1.1983849272045546
6.538488906151757 1.1983849450618815
6.35843637310715 1.3561671032175395
6.494824689278742 1.2393186452443874
6.494824786059172 1.2393186452443874
6.494824689278742 1.2393186637116742
6.405348807934239 1.3188334180128316
6.472670835551532 1.259436797295655
6.472670932001844 1.259436797295655
6.472670835551532 1.2594368160627258
6.495029859514659 1.2395469173477809
6.478303002931758 1.254512417090096
6.474120261773852 1.2582547057217743
6.474120358245761 1.2582547057217743
6.474120261773852 1.2582547244712305
0.24950815972773388 6.474120261773852 1.2582547057217743 0.00045525750721928885
0.05954644534220125 0.05753286344520825 0.05565253536825807 0.05389286181366957 0.0522427594405329 0.05069244303233915 0.049233243593753015 0.0478574557533995 0.0465582091882558 0.04532935983144812 0.04416539744728818 0.04306136680665623 0.042012800211252796 0.04101565952639922 0.040066286211607766 0.03916135810347853 0.03829785192006521 0.037473010630136645 0.03668431497290025 0.03592945853013965 0.03520632584838883 0.03451297318769809
0.009352607993302203 0.008759112933264606 0.008220026119467795 0.007729014931079773 0.0072806239884205945 0.006870136120624025 0.0064934578846327935 0.006147024894905787 0.005827723210299875 0.005532823792388898 0.005259927649539914 0.00500691975219201 0.004771930176340996 0.004553301226548922 0.0043495595239212825 0.00415939223150974 0.003981626739585972 0.0038152132539965473 0.003659209828415222 0.003512769460491786 0.003375128936365915 0.0032455991606890134
