13.403964338506059 10.983117178262791
13.403964538240691 10.983117178262791
13.403964338506059 10.983117341923991
4.6464755209599105 3.848474359978611
4.646475590197791 3.848474359978611
4.6464755209599105 3.8484744173253476
4.456884783146234 4.093741138379253
4.456884849558993 4.093741138379253
4.456884783146234 4.093741199380749
1.9950432634198019 8.897642382026651
3.841040437661805 5.294672285096687
3.8410404948977677 5.294672285096687
3.841040437661805 5.2946723639934525
2.851478986191032 7.559643737172761
2.8514790286813803 7.559643737172761
2.851478986191032 7.559643849820231
1.4316631031400577 11.53487582975761
2.551570999760846 8.571425288647887
2.551571037782217 8.571425288647887
2.551570999760846 8.571425416372078
1.8593668041999867 10.565275880986245
1.8593668319067111 10.565275880986245
1.8593668041999867 10.565276038421125
1.767865391332194 11.00020865055318
1.7678654176754411 11.00020865055318
1.767865391332194 11.000208814469062
1.7700879275453978 10.998834825008126
1.7700879539217633 10.998834825008126
1.7700879275453978 10.998834988903537
0.03188357038897949 1.7700879275453978 10.998834825008126 0.0002451873324823563
0.05799219772587274 0.05616867211545575 0.054465447327824025 0.05287098243401484 0.05137516988169092 0.04996911965365022 0.048644981220361705 0.04739579580713883 0.04621537313552163 0.0450981880458082 0.044039293364253516 0.043034246117343924 0.04207904477024313 0.0411700756164142 0.040304066799856646 0.039478048732284915 0.03868931989144797 0.037935417166193496 0.03721409005839746 0.03652327816887406 0.035861091489545596 0.035225793101913816
0.01090694934941413 0.010349470525545282 0.009838453771114121 0.009368702770493292 0.00893574421041705 0.008535708459296323 0.008165232830341318 0.00782138264678037 0.007501586438897432 0.007203582434556597 0.006925374132510778 0.0066651932248452585 0.0064214685001268606 0.006192799640365939 0.005977935043364514 0.005775752972625589 0.005585245471033516 0.005405504580435439 0.005235710493424665 0.005075121330872868 0.004923064292758656 0.004778927973418211
