5.7625099006169895 3.5908399318760775
5.762509986485078 3.5908399318760775
5.7625099006169895 3.590839985383762
4.895894361267748 3.0716303815391672
4.895894434222259 3.0716303815391672
4.895894361267748 3.071630427310027
4.447942768096702 3.8093943580526357
4.447942834376215 3.8093943580526357
4.447942768096702 3.809394414817035
3.0324836920958953 6.52978614671585
4.108262872333531 4.49668691649702
4.108262933551418 4.49668691649702
4.108262872333531 4.496686983502877
3.4474665903167523 5.880291716860053
3.4474666416880075 5.880291716860053
3.4474665903167523 5.880291804483227
2.274788875518061 8.713820057440719
2.274788909415057 8.713820057440719
2.274788875518061 8.713820187286757
1.7847229895323358 10.469372311497489
1.7847230161267806 10.469372311497489
1.7847229895323358 10.469372467503293
1.8365498758595924 10.407816821660804
1.8365499032263182 10.407816821660804
1.8365498758595924 10.40781697674936
1.8362105614004522 10.409682418868137
1.8362105887621218 10.409682418868137
1.8362105614004522 10.409682573984492
0.033157433308982465 1.8362105614004522 10.409682418868137 0.00042567414485676684
0.05870022836329999 0.05686135858377519 0.055143150061483376 0.05353410078976714 0.052024127095998525 0.05060435173025675 0.04926692875079081 0.04800489798805687 0.046812063436426035 0.04568289111901347 0.044612422891053764 0.04359620335967709 0.04263021765336243 0.0417108382101329 0.04083477909758032 0.03999905665096579 0.03920095543375476 0.03843799870002357 0.037707922679436075 0.03700865412001447 0.036338290617219264 0.035695083334183364
0.011235030357373003 0.010656859018868538 0.010126895043701638 0.009639761624468427 0.009190826069013657 0.008776077910529806 0.008392029878390274 0.008035636939205426 0.007704229718591182 0.007395459441567729 0.007107252156027909 0.00683777048154868 0.006585381492785564 0.006348629630394005 0.006126213753158864 0.005916967617814906 0.005719843209114337 0.005533896450454947 0.005358274911180176 0.005192207195331332 0.005034993751867125 0.004885998891008317
