8.811235850406241 1.9860741767287227
8.811235981703888 1.9860741767287227
8.811235850406241 1.9860742063235342
6.01721028047998 1.3720850465867298
6.017210370143401 1.3720850465867298
6.01721028047998 1.3720850670323903
7.451207429130206 0.06472431787327815
6.401038836254848 1.0754002250096464
6.40103893163776 1.0754002250096464
6.401038836254848 1.0754002410343584
6.0318246825896535 1.3900860243647182
6.32006005208406 1.1656863077584507
6.320060146260294 1.1656863077584507
6.32006005208406 1.1656863251285303
6.135720168506603 1.3233421614977312
6.275302236713384 1.2066011341569607
6.275302330222674 1.2066011341569607
6.275302236713384 1.2066011521367186
6.183711675564618 1.2861015073155635
6.183711767709102 1.2861015073155635
6.183711675564618 1.2861015264799693
6.095115801721696 1.368926089185392
6.162378374948264 1.3076470764379184
6.162378466774857 1.3076470764379184
6.162378374948264 1.3076470959233784
6.184711637775379 1.2871398427022607
6.184711729934764 1.2871398427022607
6.184711637775379 1.287139861882139
6.162391714467731 1.3076615942730851
6.1791971112256086 1.2923405711061955
6.183400648824573 1.2885082018138765
6.183400740964423 1.2885082018138765
6.183400648824573 1.288508221014145
0.24634451874326957 6.183400648824573 1.2885082018138765 0.00020820383968617594
0.06185064242557792 0.05979458748181289 0.05787290843516056 0.05607305699638498 0.05438397626506002 0.05279588902836808 0.05130012055315529 0.04988894959059047 0.04855548256662114 0.04729354691470701 0.04609760028245288 0.04496265295791296 0.04388420135032108 0.04285817075117375 0.04188086591595727 0.04094892826057298 0.040059298672238494 0.03920918510211792 0.038396034243820695 0.0376175067142306 0.036871455245640325 0.036155905474643715
0.00989014696568391 0.009274709826478055 0.008714750779856333 0.008203916724767923 0.007736720701223958 0.007308406768163701 0.006914838370841729 0.006552405732386358 0.006217948719598936 0.005908692348248674 0.005622192654410125 0.0053562911008601085 0.005109076037861169 0.00487885001617479 0.00466410197249296 0.0044634834856907045 0.004275788445700806 0.004099935592634872 0.003934953477671014 0.0037799674736227473 0.003634188525476504 0.0034969033822838318
