13.265414885625246 7.803415178829655
13.26541508329533 7.803415178829655
13.265414885625246 7.803415295109603
4.865452353279629 2.899018712954927
4.865452425780519 2.899018712954927
4.865452353279629 2.899018756153672
2.483024223576958 6.828800985525898
4.283892021157195 3.889843930407466
4.283892084992161 3.889843930407466
4.283892021157195 3.8898439883706577
3.7884790625102998 4.926431134574562
3.788479118963037 4.926431134574562
3.7884790625102998 4.926431207984106
2.841915455549678 7.020185051282685
2.8419154978975185 7.020185051282685
2.841915455549678 7.020185155891594
2.3000766272277104 8.617753890311114
2.300076661501523 8.617753890311114
2.3000766272277104 8.617754018725654
2.3674255211241095 8.521678125117209
2.367425556401499 8.521678125117209
2.3674255211241095 8.521678252100108
2.366317616219684 8.525618382261147
2.3663176514805646 8.525618382261147
2.366317616219684 8.525618509302761
0.041358346948326075 2.366317616219684 8.525618382261147 0.0003679989387614809
0.06070011377416235 0.05877145734681113 0.05696872525786733 0.055280030358815936 0.05369493068171622 0.052204217338304486 0.0507997384911008 0.049474252482148845 0.048221304669343976 0.04703512364709532 0.04591053340102351 0.04484287862710013 0.04382796097972025 0.04286198443474494 0.04194150828816025 0.04106340657805043 0.04022483293182945 0.0394231900134159 0.038656102884983744 0.03792139571182105 0.03721707133193785 0.03654129328850431
0.010884384496173521 0.01029251509564347 0.009750932538295233 0.009254008004202155 0.00879688530749595 0.008375356492813704 0.007985760214905529 0.007624898261475111 0.007289966612266251 0.006978498212320912 0.006688315237778228 0.0064174890948838674 0.00616430675103595 0.005927242275832949 0.0057049326889007015 0.00549615738375213 0.005299820533614077 0.005114935994028328 0.004940614304186318 0.004776051459055512 0.004620519180996742 0.0044733564655416716
