11.802783145558449 5.692306668845336
11.802783321433623 5.692306668845336
11.802783145558449 5.6923067536673155
5.1613626266353885 2.5219033728715887
5.161362703545685 2.5219033728715887
5.1613626266353885 2.5219034104508773
2.869264121504158 6.027872188816373
4.609352354179637 3.411780030099127
4.609352422864339 3.411780030099127
4.609352354179637 3.411780080938611
3.625072522170338 5.260448858256368
3.6250725761881277 5.260448858256368
3.625072522170338 5.260448936643165
2.852459356024607 7.207100372883162
2.8524593985295637 7.207100372883162
2.852459356024607 7.207100480277327
1.4005124761735745 11.136143914725494
2.53084366817741 8.203674080797285
2.5308437058899194 8.203674080797285
2.53084366817741 8.203674203041555
1.832635347834672 10.178234377497462
1.8326353751430666 10.178234377497462
1.832635347834672 10.178234529164973
1.3923839770852307 11.719328242678621
1.3923839978333687 11.719328242678621
1.3923839770852307 11.719328417310221
1.4277886459920908 11.672574104286886
1.4277886672677995 11.672574104286886
1.4277886459920908 11.672574278221795
1.4282847874005262 11.67130454857687
1.4282848086836282 11.67130454857687
1.4282847874005262 11.671304722492861
0.029938884574604474 1.4282847874005262 11.67130454857687 0.0001914871292987665
0.05881847916847147 0.05701108515306181 0.055322303101187284 0.05374078404663516 0.05225658833286759 0.05086097302730058 0.04954621667349208 0.048305473962765105 0.047132654539888096 0.04602232139837023 0.044969605271192044 0.04397013215583284 0.04301996168189724 0.04211553447495399 0.041253627020652994 0.04043131281066121 0.03964592877292442 0.0388950461656983 0.038176445257221324 0.03748809322813205 0.03682812482740695 0.03619482538910067
0.011566284259790168 0.011004529207546148 0.01048866115874364 0.01001359885605776 0.009574965934014698 0.009168974402595773 0.008792330279731192 0.008442156655351484 0.008115930573540608 0.007811430943623033 0.0075266953114758416 0.007259983792983735 0.0070097488311650705 0.006774609715219807 0.006553331014131507 0.006344804244616845 0.006148032224367434 0.005962115665039772 0.005786241641610988 0.005619673640290204 0.005461742939781793 0.0053118411231135075
