6.0400983397127295 8.745055370381419
6.040098429717209 8.745055370381419
6.0400983397127295 8.745055500692898
3.826842779118079 5.580004497882271
3.82684283614248 5.580004497882271
3.826842779118079 5.580004581030818
3.69864877075453 5.7075507715859
3.6986488258686916 5.7075507715859
3.69864877075453 5.707550856635034
2.492470145845695 8.461803745211213
3.396136491555234 6.395999251616193
3.3961365421616114 6.395999251616193
3.396136491555234 6.395999346924009
2.862802320127421 7.703810304793227
2.8628023627865 7.703810304793227
2.862802320127421 7.7038104195889465
2.661419662070987 8.30631541426672
2.6614197017292303 8.30631541426672
2.661419662070987 8.306315538040465
2.66710034070312 8.302965128110817
2.667100380446012 8.302965128110817
2.66710034070312 8.302965251834639
0.04236165456175911 2.66710034070312 8.302965128110817 0.00040008149258722095
0.058911888245957854 0.05700040513497104 0.05521496854424984 0.0535435781765536 0.05197570290663092 0.050502063916344216 0.04911445488985031 0.047805592135854696 0.04656898901997577 0.04539885025571917 0.04428998250465176 0.04323771843915121 0.042237851972038894 0.04128658279187517 0.040380468687277044 0.03951638441840312 0.038691486114028145 0.03790318035009182 0.03714909720927135 0.03642706673796278 0.03573509831249857 0.03507136250472379
0.01022639944988345 0.009650543724103632 0.009124576956970188 0.008642836836962224 0.00820044598385265 0.0077931846839855235 0.007417387048420509 0.007069855806215522 0.006747792014053513 0.006448736775045597 0.006170522679950174 0.005911233161364117 0.005669168320963753 0.005442816077663988 0.0052308277099972975 0.005031997043584969 0.004845242675191849 0.004669592736786471 0.0045041717925654 0.004348189533866141 0.004200930995000966 0.004061748060170561
