8.41983359539916 11.186011028300076
8.419833720864457 11.186011028300076
8.41983359539916 11.18601119498463
3.888292636087918 5.214241889955994
3.8882926940279936 5.214241889955994
3.888292636087918 5.214241967654252
3.7438113825125865 5.2766980635920255
3.743811438299723 5.2766980635920255
3.7438113825125865 5.276698142220954
1.9757096814306463 9.194151721754118
3.2999767965804065 6.255842901934684
3.2999768457538927 6.255842901934684
3.2999767965804065 6.2558429951540075
2.544214794637829 8.119761178019608
2.5442148325495837 8.119761178019608
2.544214794637829 8.11976129901348
2.2784380494556147 8.997012585036462
2.2784380834069875 8.997012585036462
2.2784380494556147 8.997012719102397
2.294193499342119 8.977199317510118
2.2941935335282664 8.977199317510118
2.294193499342119 8.977199451280812
2.294090981485439 8.977533880244348
2.2940910156700585 8.977533880244348
2.294090981485439 8.977534014020028
0.037765748627914264 2.294090981485439 8.977533880244348 0.00018507881762215873
0.05877990353178065 0.056909147424179886 0.05516097089189341 0.05352375066639054 0.05198728407542354 0.05054257929428654 0.04918168150605151 0.04789752803828429 0.046683827023098506 0.04553495526302974 0.04444587186306024 0.04341204487222512 0.042429388713167523 0.04149421059947465 0.040603164474609606 0.03975321127239345 0.03894158451219614 0.038165760413660176 0.03742343185468289 0.03671248560929438 0.03603098239426895 0.03537713932891952
0.011049117265132764 0.010449817800568249 0.009901492021775062 0.00939841694607743 0.00893565880815401 0.00850894522055386 0.008114560914218097 0.007749262217985687 0.00741020652328921 0.0070948938039446015 0.006801117889311907 0.006526925671669258 0.006270582801612855 0.006030544715342532 0.0058054320645919465 0.005594009798476998 0.005395169287754928 0.005207912994291774 0.005031341278301069 0.004864641008016317 0.004707075694642503 0.004557976922596376
