11.48230961904744 13.811802980287029
11.482309790147186 13.811802980287029
11.48230961904744 13.811803186098931
4.055777368570429 4.926111245331187
4.055777429006222 4.926111245331187
4.055777368570429 4.926111318735964
3.9527042486883843 4.918344580112196
3.9527043075882675 4.918344580112196
3.9527042486883843 4.918344653401241
2.822461497123995 7.329888581401683
3.669367855997341 5.521138470262344
3.6693679106751826 5.521138470262344
3.669367855997341 5.521138552533719
3.1739350711558942 6.656580384628948
3.1739351184512126 6.656580384628948
3.1739350711558942 6.656580483819726
2.973795378027661 7.208145522484763
2.9737954223406655 7.208145522484763
2.973795378027661 7.208145629894501
2.979556328144669 7.204760033908951
2.979556372543518 7.204760033908951
2.979556328144669 7.204760141268241
2.9794468528445672 7.205031389909479
2.979446897241785 7.205031389909479
2.9794468528445672 7.205031497272813
0.04833233292822692 2.9794468528445672 7.205031389909479 0.0004822810681290216
0.05977523893801981 0.057830620808552176 0.056013650019038554 0.05431225858250744 0.052715842295969144 0.051215047106333206 0.049801591509181835 0.0484681181457514 0.04720806919315095 0.046015581247513544 0.04488539625881822 0.043812785748283296 0.04279348606827354 0.04182364288343172 0.0408997633850176 0.04001867501706388 0.03917748970732761 0.03837357276920318 0.037604515781326564 0.03686811286618965 0.036162339882902 0.0354853361263605
0.010334877984736996 0.009739655477580362 0.00919639353068976 0.008699193995177004 0.00824297139479397 0.007823322634936998 0.007436420325100099 0.007078924977339912 0.006747912378882732 0.006440813228963432 0.006155362739403517 0.005889558370194793 0.005641624238661629 0.005409981028350012 0.005193220450153256 0.004990083487286418 0.004799441798139359 0.004620281764832019 0.0044516907666408475 0.0042928453311196005 0.004143000875384407 0.0040014827985375085
