10.517277106062902 12.702647615513854
10.517277262782544 12.702647615513854
10.517277106062902 12.702647804798053
4.139526050275569 5.047575656812511
4.139526111959314 5.047575656812511
4.139526050275569 5.04757573202725
3.938300364502505 5.198323570474039
3.9383004231877536 5.198323570474039
3.938300364502505 5.198323647935096
1.7830225515438252 9.898389849473219
3.3961670114603155 6.372953029832378
3.3961670620671476 6.372953029832378
3.3961670114603155 6.372953124796779
2.4919832154389345 8.609017036112732
2.491983252572378 8.609017036112732
2.4919832154389345 8.609017164397082
1.4085296714466948 11.873027387527703
1.4085296924354225 11.873027387527703
1.4085296714466948 11.873027564449599
1.6032677791226237 11.570198566835261
1.6032678030131753 11.570198566835261
1.6032677791226237 11.570198739244654
1.6152580469417603 11.54152609942019
1.615258071010981 11.54152609942019
1.6152580469417603 11.541526271402331
1.615288181854781 11.541496339655183
1.6152882059244507 11.541496339655183
1.615288181854781 11.54149651163688
0.030966120092964178 1.615288181854781 11.541496339655183 0.000282364335241457
0.05823167205700486 0.05641133291543707 0.05471119420587841 0.05311969802972633 0.05162672707245023 0.05022338669557189 0.048901825384446894 0.047655085917526346 0.04647698130598502 0.04536199083104955 0.04430517248493802 0.043302088875900015 0.04234874424378795 0.04144153069063189 0.040577182091030846 0.03975273443237405 0.0389654915619471 0.03821299549971743 0.037493000621839134 0.03680345113819839 0.03614246138344403 0.03550829851942835
0.010875927423649066 0.010332478811525048 0.009833949865967322 0.009375331010281573 0.008952310531568145 0.008561158932954683 0.008198635308317829 0.00786191104207762 0.007548507237488258 0.007256243098435002 0.00698319310787275 0.006727651314692275 0.006488101398755522 0.0062631914591889945 0.0060517126842677535 0.0058525812274446785 0.005664822744456387 0.005487559149309158 0.005319997228582112 0.005161418818620261 0.005011172302434369 0.004868665225239898
