4.294377806684935 7.8580048634035355
4.294377870676151 7.8580048634035355
4.294377806684935 7.858004980496933
3.455814670289854 6.374479632928367
3.4558147217855053 6.374479632928367
3.455814670289854 6.374479727915515
3.1736469137086853 6.9766683657944935
3.1736469609997098 6.9766683657944935
3.1736469137086853 6.976668469754953
2.085758294911985 9.723326718098603
2.903803126496846 7.664172140295044
2.9038031697668845 7.664172140295044
2.903803126496846 7.664172254500108
2.3869134577776916 9.047911099842231
2.3869134933454736 9.047911099842231
2.3869134577776916 9.047911234666612
2.317863233999079 9.31775318929753
2.3178632685379323 9.31775318929753
2.317863233999079 9.317753328142873
2.319830652286578 9.314367460991962
2.3198306868547487 9.314367460991962
2.319830652286578 9.314367599786852
0.0387198291769395 2.319830652286578 9.314367460991962 0.00022720159934642436
0.05919289568871139 0.05729102714913677 0.05551465015716251 0.0538517786815721 0.05229190249155157 0.05082576761085484 0.04944519464821142 0.048142927634062554 0.04691250757904024 0.045748166183574385 0.044644736064248805 0.0435975745894855 0.04260249898526645 0.041655730818358286 0.0407538483179031 0.03989374527737093 0.039072595503724994 0.03828782196143073 0.03753706990500396 0.03681818341237153 0.036129184828021486 0.03546825670413003
0.010237283945022343 0.009680401448764782 0.009171063994792126 0.00870390596677599 0.00827430658161869 0.007878268277391326 0.00751231773765473 0.007173424858020917 0.006858936026435263 0.006566518893067533 0.006294116417287041 0.0060399084473956735 0.005802279449600248 0.005579791282529549 0.005371160131948707 0.005175236891704366 0.004990990412212066 0.004817493145158066 0.004653908798738149 0.004499481686428506 0.004353527507609903 0.004215425343146348
