1.1446509293354612 10.345838498980111
1.1446509463920893 10.345838498980111
1.1446509293354612 10.345838653145119
2.230258592903623 8.479126942328431
2.230258626137066 8.479126942328431
2.230258592903623 8.479127068677268
2.788333891190107 7.184056922261325
2.78833393273952 7.184056922261325
2.788333891190107 7.1840570293121155
2.9169101162215885 6.916003343869557
2.9169101596869362 6.916003343869557
2.9169101162215885 6.916003446926037
2.9293239754789426 6.887652192878211
2.9293240191292713 6.887652192878211
2.9293239754789426 6.887652295512227
2.930047819577101 6.885860315012904
2.9300478632382156 6.885860315012904
2.930047819577101 6.8858604176202185
0.04957237266010617 2.930047819577101 6.885860315012904 0.00041748899136967465
0.06073924339627875 0.05878558112711527 0.05695908041532942 0.0552478239995287 0.05364132727027788 0.05213033107893663 0.05070662916703159 0.04936292371220454 0.04809270383394916 0.04689014294633118 0.04575001165898636 0.04466760356633738 0.04363867176886166 0.04265937437001426 0.04172622751125595 0.04083606476323704 0.03998600189709128 0.039173406226442054 0.038395869846212044 0.03765118620496177 0.036937329538199955 0.03625243676479361
0.010913683285165295 0.010290988094610142 0.009722193527213178 0.009201236010722714 0.008722879364999284 0.00828258353089214 0.007876396825894413 0.007500867061979039 0.007152967868125323 0.006830037333260815 0.006529726682527294 0.00624995716366703 0.005988883682675807 0.005744864012429269 0.00551643262261949 0.005302278357549864 0.005101225330404978 0.004912216516397253 0.004734299618735879 0.004566614855333912 0.004408384374191523 0.004258903054295112
