5.25063959587229 13.834598963393033
5.250639674112917 13.834598963393033
5.25063959587229 13.834599169544623
3.047349222200999 8.115077941937717
3.047349267610041 8.115077941937717
3.047349222200999 8.115078062861802
2.832934265941671 8.310056178415104
2.8329343081556813 8.310056178415104
2.832934265941671 8.310056302244591
1.5894213305461626 11.737521609394484
1.589421354230386 11.737521609394484
1.5894213305461626 11.737521784297186
1.6079310241601839 12.095137485493163
1.6079310481202231 12.095137485493163
1.6079310241601839 12.095137665724756
1.609114622735938 12.101054780183917
1.6091146467136144 12.101054780183917
1.609114622735938 12.101054960503685
0.028287196881736754 1.609114622735938 12.101054780183917 0.0002965373572628513
0.055742111263938604 0.05398804062325709 0.05235047590723292 0.05081814171451954 0.04938117778410587 0.04803092336461894 0.04675973983073921 0.045560863872997834 0.04442828529316418 0.04335664472964283 0.042341147623928765 0.04137749149818357 0.04046180420210608 0.03959059124608414 0.038760690697877596 0.03796923440472678 0.03721361452900425 0.0364914545663319 0.035800584160373045 0.035139017145851235 0.034504932346587976 0.03389665673301756
0.010855064983168773 0.010308751020279793 0.009807866588745053 0.009347314303001376 0.008922711335727243 0.00853027022414882 0.008166702533065298 0.007829140462569153 0.007515072648880731 0.007222291270234412 0.006948848217679942 0.006693018580700351 0.006453270070997896 0.006228237294474317 0.0060167000030278825 0.005817564630222413 0.0056298485499148175 0.005452666603314518 0.005285219524255784 0.0051267839596471085 0.004976703835884907 0.004834382865359148
