8.03893459608031 12.872997065249233
8.03893471586977 12.872997065249233
8.03893459608031 12.872997257071837
3.637938229836691 5.883569517535806
3.637938284046195 5.883569517535806
3.637938229836691 5.883569605207824
3.4503344012011263 5.964162568907617
3.4503344526151154 5.964162568907617
3.4503344012011263 5.964162657780565
1.5516378272513704 10.427041264476452
2.9718922200491162 7.0794156847557534
2.971892264333761 7.0794156847557534
2.9718922200491162 7.079415790247268
2.157525762578557 9.218887331876772
2.157525794728196 9.218887331876772
2.157525762578557 9.218887469248898
1.7294931738073047 10.673155222496662
1.7294931995787612 10.673155222496662
1.7294931738073047 10.673155381539068
1.768610304724804 10.615266664013056
1.7686103310791512 10.615266664013056
1.768610304724804 10.615266822192856
1.768773146858761 10.61519252262642
1.768773173215535 10.61519252262642
1.768773146858761 10.615192680805116
0.031988681926899076 1.768773146858761 10.61519252262642 0.0004848596189222292
0.05822175651028452 0.056403924258021675 0.05470534660896709 0.053114651342023575 0.051621869883652936 0.05021822729940097 0.04889596881488985 0.0476482156862722 0.04646884480255115 0.04535238759392753 0.04429394473616361 0.04328911384973643 0.04233392794481931 0.041424802796219046 0.040558491774118 0.03973204692768699 0.03894278533510033 0.03818825990718147 0.03746623397199895 0.03677465908127646 0.036111655571941965 0.03547549549177028
0.011419209820909416 0.010835861380959926 0.010301029282037674 0.009809306667324913 0.009356035245567544 0.008937182520950626 0.008549242090331073 0.00818915216344003 0.007854228577785284 0.0075421094180367155 0.007250708983733056 0.006978179332369305 0.006722877995775296 0.006483340754223616 0.006258258575511333 0.006046458000589115 0.005846884394520554 0.005658587590163472 0.005480709538405045 0.00531247364793978 0.005153175553187859 0.005002175093881649
