10.439638649526021 1.2197365882223612
10.439638805088759 1.2197365882223612
10.439638649526021 1.2197366063978528
6.64544893886392 0.7946242107934312
6.645449037888826 0.7946242107934312
6.64544893886392 0.7946242256945923
3.740601887355116 2.6038715897880103
5.957535423806172 1.3032935781058614
5.957535512580368 1.3032935781058614
5.957535423806172 1.303293597526449
6.1694256953224285 1.2741283860640085
6.169425787254035 1.2741283860640085
6.1694256953224285 1.274128405050001
6.490397212891514 0.991339299871345
6.252226870396422 1.2064453800441544
6.252226963561863 1.2064453800441544
6.252226870396422 1.2064453980215915
6.17206385991502 1.2772332013701166
6.232863841459464 1.2248814073814465
6.232863934336373 1.2248814073814465
6.232863841459464 1.2248814256336018
6.192628912002333 1.2601008114928045
6.2228462761799905 1.2337330673540285
6.222846368907626 1.2337330673540285
6.2228462761799905 1.233733085738084
6.212806817422919 1.2425598882009579
6.220340444261031 1.2359443509278476
6.222223870607244 1.2342904467971674
6.222694805561397 1.2338768916756557
6.222694898286775 1.2338768916756557
6.222694805561397 1.2338769100618543
0.24620366227145563 6.222694805561397 1.2338768916756557 0.00042699007601378606
0.06074015176224735 0.05872400711667975 0.056839490280601215 0.05507432251211857 0.05341768291632505 0.051860001716247106 0.05039278717272363 0.04900848003252328 0.04770033060467708 0.046462294522538625 0.045288944004131054 0.044175392021717066 0.04311722726807024 0.04211045818823246 0.04115146465204554 0.04023695609021414 0.03936393511731862 0.03852966582858085 0.03773164609075445 0.036967583257128185 0.03623537282693264 0.03553307964410063
0.0102846253395896 0.009645674294995823 0.009064240623377696 0.008533746614672998 0.008048510122619352 0.0076036050379198195 0.0071947459846274965 0.006818192640971873 0.006470670027390442 0.00614930184038931 0.005851554488577155 0.00557518994278983 0.005318225873023455 0.005078901831839171 0.00485565047304541 0.004647072978178198 0.00445191801116523 0.004269063641021614 0.0040975017692960495 0.003936324677820101 0.0037847133766928435 0.003641927485187804
