5.39334426548842 6.960442229343588
5.393344345855512 6.960442229343588
5.39334426548842 6.96044233306226
3.871310687747151 5.051520627896154
3.8713107454341755 5.051520627896154
3.871310687747151 5.051520703169677
3.5409787918464013 5.638658207643166
3.540978844611097 5.638658207643166
3.5409787918464013 5.638658291665721
2.13269498733081 8.866797763504872
2.1326950191104417 8.866797763504872
2.13269498733081 8.866797895630455
1.2003771250469724 12.056818400788028
1.2003771429339853 12.056818400788028
1.2003771250469724 12.056818580448622
1.3594109424536294 11.845442081208516
1.359410962710431 11.845442081208516
1.3594109424536294 11.845442257719357
1.3638387304305841 11.838913386343075
1.363838750753365 11.838913386343075
1.3638387304305841 11.838913562756632
0.029227173961112185 1.3638387304305841 11.838913386343075 0.0002463791588761372
0.05863631731210208 0.05684221542598843 0.05516578370714277 0.053595763658584636 0.052122295535637055 0.05073670716795409 0.049431339914807575 0.048199404365959424 0.04703486002915183 0.045932314482230535 0.04488693841472662 0.04389439371379014 0.04295077231628383 0.04205254399202102 0.0411965115717904 0.040379772409780766 0.039599685089725764 0.03885384055996897 0.03814003702419906 0.03745625802909198 0.03680065328315208 0.036171521817028894
0.011741895827118033 0.011176800200964449 0.0106577261734448 0.010179583382989604 0.009737987674940657 0.009329144271110106 0.008949753176058403 0.008596932076864976 0.008268153104955002 0.007961190658243146 0.007674078106038961 0.007405071672369794 0.007152620154791817 0.006915339413751041 0.006691990782833929 0.0064814627180458835 0.006282755135862505 0.006094965993636268 0.005917279748338565 0.005748957395359608 0.005589327841818836 0.005437780411345153
