6.386309498729281 2.6501979286009845
6.386309593892708 2.6501979286009845
6.386309498729281 2.650197968092011
5.856903447666985 2.44035660643183
5.856903534941647 2.44035660643183
5.856903447666985 2.4403566427959773
5.252270964100605 3.325173799144482
5.70395618451423 2.661058407441075
5.703956269509801 2.661058407441075
5.70395618451423 2.661058447093935
5.537483886530712 2.92520400429971
5.537483969045652 2.92520400429971
5.537483886530712 2.9252040478886463
5.215010417552383 3.459951188628861
5.215010495262094 3.459951188628861
5.215010417552383 3.4599512401861516
4.616110461336172 4.555895347706188
4.616110530121578 4.555895347706188
4.616110461336172 4.5558954155943185
3.5490892076246663 6.8143383232125165
3.5490892605102164 6.8143383232125165
3.5490892076246663 6.81433842475407
2.696291704743164 9.16206817320911
2.6962917449210413 9.16206817320911
2.696291704743164 9.162068309734565
2.1873745342812576 10.833054252434453
2.187374566875678 10.833054252434453
2.1873745342812576 10.833054413859541
2.2382122720346413 10.759188033999724
2.238212305386603 10.759188033999724
2.2382122720346413 10.75918819432412
2.239000272694518 10.757384411998661
2.2390003060582218 10.757384411998661
2.239000272694518 10.75738457229618
0.0322484788611761 2.239000272694518 10.757384411998661 0.0002771436333029192
0.05481827056754133 0.053029504695329695 0.05136061611339377 0.04979995296455667 0.048337325726013076 0.046963785152220834 0.04567143937253784 0.04445330234801934 0.04330316760929641 0.04221550250254925 0.04118535916993698 0.040208299261665865 0.039280329975574624 0.038397849488201234 0.03755760020957847 0.03675662858550743 0.035992250403117085 0.03526202074126184 0.0345637078567696 0.03389527041841396 0.03325483759869061 0.03264069161364262
0.009807673980892781 0.009272135128968224 0.008782724326046617 0.008334169131455174 0.007921941117708008 0.007542131967882424 0.007191353165474456 0.006866654259239806 0.006565455856182928 0.00628549437105311 0.0060247762202126996 0.00578153964849751 0.005554222760675669 0.00534143662406846 0.005141942537573772 0.004954632740756386 0.004778513976733429 0.004612693433178912 0.004456366673587288 0.004308807241038905 0.0041693576729605435 0.0040374217107318235
