12.954831035899117 1.9310938884846878
12.954831228941142 1.9310938884846878
12.954831035899117 1.931093917260229
6.481170871103031 0.9910863889372786
6.481170967680003 0.9910863889372786
6.481170871103031 0.9910864038384398
3.452236878909933 3.391672319342782
5.81250142566938 1.6885529070502865
5.812501512282401 1.6885529070502865
5.81250142566938 1.6885529322116855
6.563566355141356 1.0807043709308963
6.563566452946116 1.0807043709308963
6.563566355141356 1.0807043870346464
5.082718497000483 2.3222369341850824
6.22790936884611 1.4281651317910256
6.227909461649191 1.4281651317910256
6.22790936884611 1.4281651530723445
6.596163112958241 1.1154611619829908
6.59616321124873 1.1154611619829908
6.596163112958241 1.1154611786046573
6.233732284798707 1.4348957994065208
6.517383558396898 1.2070086569364886
6.517383655513481 1.2070086569364886
6.517383558396898 1.2070086749223192
6.33623149662468 1.366797826507681
6.473504863314689 1.24849902485687
6.473504959777428 1.24849902485687
6.473504863314689 1.248499043460955
6.51895987350789 1.2087418549296471
6.485084424134951 1.2388120140574674
6.485084520770239 1.2388120140574674
6.485084424134951 1.238812032517205
6.473788410758591 1.248828225358102
6.482281764471889 1.2413399330141717
6.482281861065414 1.2413399330141717
6.482281764471889 1.2413399515115782
6.478372894505532 1.2447878590935473
6.4783729910408105 1.2447878590935473
6.478372894505532 1.2447878776423318
0.24809540552292697 6.478372894505532 1.2447878590935473 0.0004616097185667425
0.0591412306544005 0.05714272191943765 0.05527640284721145 0.05352978101600885 0.05189186635992376 0.0503529553965278 0.048904451026486655 0.04753871135105777 0.046248922277512705 0.04502898971745745 0.04387344799630699 0.04277738173460752 0.04173635897195218 0.040746373711159606 0.03980379638656827 0.03890533102295878 0.03804797806405691 0.03722900202212993 0.03644590324093242 0.0356963931795128 0.03497837271913712 0.03428991307376534
0.009504842048932557 0.00890214433597505 0.008354661898774868 0.007855972331925407 0.007400542340791498 0.006983586917470156 0.006600953368728999 0.006249025400281515 0.005924643459669152 0.005625038316380685 0.005347775464691788 0.005090708411246453 0.004851939285288829 0.004629785507243729 0.004422751488266155 0.004229504522656483 0.004048854186859854 0.0038797346810249193 0.003721189647921946 0.0035723590842009494 0.003432468024259635 0.003300816730341224
