11.819278384914357 12.318392952312436
11.819278561035329 12.318392952312436
11.819278384914357 12.318393135870796
4.147680774145885 4.3679070409076095
4.147680835951145 4.3679070409076095
4.147680774145885 4.3679071059944965
4.066970412765722 4.3718157794989
4.066970473368303 4.3718157794989
4.066970412765722 4.371815844644032
2.972213530321789 6.586746852161308
3.7929373761494425 4.92550673559696
3.7929374326686136 4.92550673559696
3.7929373761494425 4.925506808992729
3.317507188357131 5.961903558105336
3.3175072377918404 5.961903558105336
3.317507188357131 5.961903646944622
3.0931606277829644 6.542111096251151
3.0931606738746495 6.542111096251151
3.0931606277829644 6.542111193736203
3.088632690634829 6.567003820191489
3.0886327366590427 6.567003820191489
3.088632690634829 6.5670039180474715
3.087908026224347 6.5687844612787485
3.087908072237762 6.5687844612787485
3.087908026224347 6.568784559161265
0.052769900850932916 3.087908026224347 6.5687844612787485 0.00024161588485433464
0.0610277761848984 0.059053773413004905 0.05720845851960743 0.05547976261184696 0.05385706743331394 0.05233099577068438 0.05089323682582412 0.04953639999894022 0.048253891882348944 0.047039812314640835 0.045888866164653104 0.04479628815811843 0.04375777856789269 0.04276944799196768 0.041827769765314694 0.04092953880973737 0.040071835933946254 0.03925199676451262 0.038467584625356877 0.037716366795331975 0.03699629366524904 0.03630548039127863
0.010632748509961864 0.010018768008287557 0.00945825124221647 0.008945164045626891 0.008474296588702435 0.008041132665461904 0.00764174236236073 0.007272693486294425 0.006930978124321902 0.006613951471604053 0.006319280654990663 0.006044901739245754 0.005788983462240769 0.005549896527906087 0.005326187508894614 0.0051165565880946055 0.004919838509475545 0.004734986222027949 0.0045610567917428796 0.0043971992302933305 0.004242643948921224 0.0040966935948065705
