7.314893582892278 4.246566167846009
7.314893691892687 4.246566167846009
7.314893582892278 4.246566231124776
4.98321030763346 2.914871616648065
4.98321038188908 2.914871616648065
4.98321030763346 2.9148716600830364
4.691092576247725 3.3759567785616205
4.691092646150452 3.3759567785616205
4.691092576247725 3.3759568288672965
3.0226865230784004 6.347232046461567
4.280336905200017 4.1223033776327345
4.280336968982008 4.1223033776327345
4.280336905200017 4.122303439059841
3.521758393732049 5.647941772177958
3.5217584462103386 5.647941772177958
3.521758393732049 5.647941856338849
2.2007560922291374 8.789121231443213
3.227547778490412 6.447437601511676
3.2275478265846216 6.447437601511676
3.227547778490412 6.447437697585983
2.5884639780409624 8.026863372155733
2.5884640166120816 8.026863372155733
2.5884639780409624 8.026863491765317
2.059030885612703 9.57119213249877
2.0590309162946543 9.57119213249877
2.059030885612703 9.571192275120646
2.1106095875536917 9.498750082582186
2.1106096190042254 9.498750082582186
2.1106095875536917 9.498750224124592
2.11225137953331 9.494430380273414
2.1122514110083084 9.494430380273414
2.11225137953331 9.494430521751452
0.0380619342254378 2.11225137953331 9.494430380273414 0.0002984686545740338
0.060380206137456524 0.058468881166975135 0.05668287645663487 0.05501028435232331 0.05344065746423369 0.05196479210055219 0.050574548974077795 0.049262703942977965 0.048022823101626186 0.046849157728476684 0.04573655551681102 0.04468038522794403 0.04367647246449249 0.042721044700280264 0.0418106840508154 0.040942286544710355 0.040113026877594375 0.03932032780795284 0.03856183349810735 0.03783538622031462 0.037139005943217424 0.03647087239193547
0.010684738240455368 0.010118825000537054 0.009600570029625147 0.009124643652386194 0.008686451731111497 0.008282015998017233 0.007907876615665083 0.007561012361572281 0.007238774877456106 0.0069388342120619275 0.006659133486119149 0.006397850967063575 0.006153368195015988 0.005924243075982675 0.0057091870724563345 0.005507045789762819 0.0053167823892664645 0.005137463364937088 0.004968246303878333 0.004808369318859846 0.004657141895244308 0.0045139369387006325
