11.465038008689943 11.503230266574418
11.465038179532323 11.503230266574418
11.465038008689943 11.503230437985906
4.388015566675624 4.447578706018129
4.388015632062151 4.447578706018129
4.388015566675624 4.447578772292217
4.21789554851563 4.610030860324357
4.2178956113671715 4.610030860324357
4.21789554851563 4.61003092901917
1.9554217431992997 9.279602412825252
3.6507893010893757 5.77725260638722
3.6507893554903754 5.77725260638722
3.6507893010893757 5.777252692474993
2.71863049403607 7.987614928950356
2.718630534546821 7.987614928950356
2.71863049403607 7.987615047975094
1.8129343208857596 10.653245461097256
1.8129343479005862 10.653245461097256
1.8129343208857596 10.653245619842984
1.968667797702494 10.404192961211361
1.96866782703793 10.404192961211361
1.968667797702494 10.404193116245917
1.97210400797256 10.39926643575888
1.9721040373591998 10.39926643575888
1.97210400797256 10.399266590720027
0.03380118230776852 1.97210400797256 10.39926643575888 0.0003694512326813956
0.058121859255508376 0.056277704738133816 0.054555263828794616 0.052942874885206194 0.05143032052576151 0.05000861103693654 0.048669805515923134 0.04740686332342194 0.04621352003843189 0.045084183340018465 0.04401384518852951 0.04299800741189501 0.04203261837381105 0.04111401884843953 0.04023889557954077 0.03940424128229912 0.03860732006980406 0.03784563746561767 0.037116914308576214 0.03641906397323865 0.035750172424868186 0.03510848070590735
0.01068915044890212 0.010128706910651488 0.009615432629588657 0.009144031674777137 0.008709944629216303 0.008309227477638919 0.007938453285557145 0.007594631878434993 0.007275143834498707 0.00697768593396219 0.006700225834731939 0.0064409642226302055 0.006198303050933019 0.005970818767334456 0.00575723964671753 0.005556426520425854 0.005367356328329623 0.00518910802729511 0.005020850475062561 0.004861831976846501 0.004711371236889021 0.004568849501559344
