10.488680438441328 10.014394438424445
10.488680594734847 10.014394438424445
10.488680438441328 10.01439458765055
4.258204734552016 4.107555022071178
4.258204798004211 4.107555022071178
4.258204734552016 4.107555083278518
4.128150713227497 4.216795717419921
4.128150774741736 4.216795717419921
4.128150713227497 4.216795780255074
1.9176160737375652 8.6178902062817
3.5746260503056764 5.3169608391567
3.5746261035717555 5.3169608391567
3.5746260503056764 5.31696091838559
2.6724367204074353 7.3964766134570885
2.6724367602298456 7.3964766134570885
2.6724367204074353 7.396476723673179
2.175688735410874 8.904573267168095
2.1756887678311627 8.904573267168095
2.175688735410874 8.904573399856577
2.2239801283531437 8.846097125397385
2.22398016149303 8.846097125397385
2.2239801283531437 8.846097257214504
2.2254825664082154 8.842208796804291
2.2254825995704897 8.842208796804291
2.2254825664082154 8.842208928563469
0.0389222626343525 2.2254825664082154 8.842208796804291 0.00039792721102548985
0.060179347039223514 0.05828012808904479 0.056504723395025734 0.05484145092877703 0.0532800496034256 0.05181147045230307 0.05042770339297148 0.04912163273822441 0.047886916068212444 0.04671788219443564 0.04560944481062492 0.04455702909891104 0.043556509087619946 0.04260415397344075 0.04169658195103163 0.04083072035660816 0.04000377114332375 0.039213180876509386 0.03845661457471441 0.03773193283465574 0.03703717176984376 0.036370525367876765
0.01125256955178231 0.01064913664481165 0.01009666211842045 0.009589459112234477 0.009122620812126541 0.008691894725157634 0.008293580032189824 0.007924443303349555 0.007581648915120472 0.007262701307384717 0.006965396829612671 0.0066877833952052445 0.006428126526586017 0.006184880656748088 0.005956664774690586 0.005742241676818631 0.005540500224675637 0.0053504401194635716 0.005171158791879272 0.005001840076595886 0.004841744397900106 0.004690200239384668
