7.578398769129128 8.346191213198349
7.57839888205607 8.346191213198349
7.578398769129128 8.346191337566289
4.103317846420625 4.555082355239909
4.103317907564826 4.555082355239909
4.103317846420625 4.555082423115926
4.01462785618544 4.594055931291999
4.014627916008057 4.594055931291999
4.01462785618544 4.594055999748767
2.7890491296143294 7.125530859388958
3.707745086963256 5.226865753721154
3.7077451422129633 5.226865753721154
3.707745086963256 5.226865831607523
3.176429640129846 6.415701683655248
3.176429687462336 6.415701683655248
3.176429640129846 6.415701779256653
2.984057067271218 6.948071836354318
2.9840571117371333 6.948071836354318
2.984057067271218 6.948071939888656
2.984583205978226 6.957577896902149
2.984583250451981 6.957577896902149
2.984583205978226 6.957578000578138
2.9844794633825362 6.957828377040132
2.9844795078547457 6.957828377040132
2.9844794633825362 6.957828480719854
0.05109513355709294 2.9844794633825362 6.957828377040132 0.0002956326611281644
0.061174171559428725 0.05919341270918535 0.057342139905484424 0.05560816597792954 0.05398077495530381 0.052450508434013554 0.051008987786668646 0.04964876545082066 0.04836319994365988 0.04714635033661432 0.04599288677140416 0.044898014263349426 0.043857407561308584 0.042867155248632126 0.04192371160021989 0.04102385497565956 0.040164651741638 0.039343424889253804 0.03855772665195349 0.03780531454412994 0.037084130334097146 0.03639228154222835
0.010356465734243285 0.009762070261797836 0.009219367741493244 0.008722515997552104 0.00826647380276834 0.007846873184320115 0.007459914730251591 0.00710228131276939 0.006771066639406289 0.006463715805710602 0.006177975611204869 0.005911852856513355 0.005663579195379333 0.005431581394363322 0.005214456073039233 0.0050109481718608375 0.004819932533712695 0.00464039809624471 0.004471434281372536 0.00431221924040235 0.004162009671671699 0.004020131975165322
