3.8918700807346363 7.741539621478398
3.8918701387280197 7.741539621478398
3.8918700807346363 7.7415397368363275
3.1847727530812273 6.40274814404576
3.1847728005380396 6.40274814404576
3.1847727530812273 6.402748239454143
2.8195417173995994 7.221480775255977
2.819541759414045 7.221480775255977
2.8195417173995994 7.221480882864427
1.6777062286309605 10.201992378733834
2.53859401421653 7.9683212832920045
2.5385940520445285 7.9683212832920045
2.53859401421653 7.968321402029244
1.9975845532267262 9.46969338526704
1.9975845829930556 9.46969338526704
1.9975845532267262 9.469693526376469
1.9180423918043061 9.794055558232738
1.918042420385365 9.794055558232738
1.9180423918043061 9.79405570417554
1.9196687340754923 9.792438245466085
1.9196687626807856 9.792438245466085
1.9196687340754923 9.792438391384787
0.03621588874701265 1.9196687340754923 9.792438245466085 0.00025951669023545457
0.06057049042483503 0.05867749740865701 0.05690810107977603 0.055250591852234056 0.0536946937689036 0.05223135201178548 0.05085255699014567 0.04955119789738248 0.04832094015618968 0.04715612234208822 0.0460516690780991 0.045003017094265185 0.04400605219355325 0.04305705529650179 0.042152656077824084 0.04128979297936794 0.04046567860077769 0.03967776964366085 0.038923740726051426 0.03820146149844829 0.037508976586099675 0.036844487958726246
0.011212084143073887 0.010632178831181562 0.010100585108569394 0.009611934111583667 0.009161595618299432 0.008745557985921321 0.008360330401025384 0.008002862814755445 0.007670479986896601 0.0073608268562970714 0.007071823058146351 0.006801624870071738 0.006548593224492821 0.006311266700276027 0.0060883386217283 0.005878637561685444 0.005681110678605067 0.005494809423239279 0.005318877234755828 0.005152538913761502 0.004995091414134623 0.004845895839651228
