13.969303781008445 12.112243336044466
13.969303989167292 12.112243336044466
13.969303781008445 12.112243516530956
4.621963084154627 4.050626432025547
4.621963153027244 4.050626432025547
4.621963084154627 4.050626492384585
4.457914195501575 4.269247975087082
4.457914261929672 4.269247975087082
4.457914195501575 4.269248038703834
1.9636283318284047 9.242793497809927
3.834173591034125 5.512615325134411
3.8341736481677637 5.512615325134411
3.834173591034125 5.512615407278781
2.8277098740465805 7.862076833698628
2.8277099161827413 7.862076833698628
2.8277098740465805 7.862076950852702
2.2228270234668823 9.729859679437734
2.222827056589586 9.729859679437734
2.2228270234668823 9.729859824423942
2.2867340205679865 9.656211433921333
2.2867340546429786 9.656211433921333
2.2867340205679865 9.656211577810096
2.2895742853020478 9.648630200424824
2.2895743194193634 9.648630200424824
2.2895742853020478 9.648630344200617
0.03509195033949253 2.2895742853020478 9.648630200424824 0.0004708232855884757
0.056798385862631015 0.054969809347805924 0.05326222448429072 0.05166403628372872 0.05016508291926531 0.04875642160451914 0.04743015158667353 0.046179266995592674 0.0449975338604959 0.04387938680560791 0.04281984186010815 0.04181442253402792 0.040859096870798216 0.0399502236262116 0.039084506070461024 0.03825895218557549 0.03747084025082355 0.036717688985561235 0.03599723156180817 0.03530739291467062 0.03464626987312283 0.03401211371091749
0.010565940285341132 0.009989438880888336 0.009462318990824139 0.008978987754024339 0.008534631691397532 0.008125088923944377 0.00774674528197248 0.0073964493272735835 0.007071442446025547 0.006769301026136531 0.006487888382449513 0.006225314589844622 0.005979902766450346 0.005750160645185991 0.005534756502560604 0.005332498694532596 0.00514231819186338 0.004963253620485982 0.004794438402548744 0.004635089666006467 0.004484498648764454 0.004342022370398855
