7.9961365691352615 5.462521307573399
7.996136688286981 5.462521307573399
7.9961365691352615 5.46252138897131
4.817637872692301 3.32014462252767
4.817637944480699 3.32014462252767
4.817637872692301 3.32014467200168
4.601461322977995 3.6484040387313046
4.601461391545112 3.6484040387313046
4.601461322977995 3.648404093096761
2.8548747931465313 6.882373003094759
4.167057132642501 4.458103356354758
4.167057194736492 4.458103356354758
4.167057132642501 4.458103422785674
3.3748462867341256 6.116319843363865
3.374846337023254 6.116319843363865
3.3748462867341256 6.116319934504133
1.9998779271022735 9.524923924020056
3.068333332627565 6.982558721795092
3.0683333783492945 6.982558721795092
3.068333332627565 6.982558825843325
2.4046526075945147 8.696270435410685
2.4046526434266307 8.696270435410685
2.4046526075945147 8.696270564995213
1.7474665220153642 10.692705999686506
1.7474665480546445 10.692705999686506
1.7474665220153642 10.692706159020242
1.820722856667395 10.590752695542854
1.8207228837982798 10.590752695542854
1.820722856667395 10.590752853357367
1.8241529204104467 10.581312658276046
1.8241529475924434 10.581312658276046
1.8241529204104467 10.581312815949891
0.032586044986300355 1.8241529204104467 10.581312658276046 0.0003483216912656782
0.058281383657609015 0.056452503236002274 0.054743850049648594 0.05314393935458801 0.051642705881905185 0.05023129122988913 0.048901868270927726 0.0476474952921862 0.046461994174563745 0.04533984812352094 0.04427611539435408 0.04326635617332997 0.042306570336099664 0.04139314424389549 0.040522805084413284 0.03969258153916669 0.0388997697784647 0.03814190396115404 0.037416730558196096 0.03672218593416025 0.03605637671436103 0.035417562541955064
0.011156918252807502 0.010582956623220391 0.010056886166174764 0.00957335805691626 0.009127765135158852 0.00871612012587362 0.008334956763593377 0.00798124900589501 0.00765234463190468 0.007345910355019408 0.007059886209359059 0.006792447449712186 0.006541972573219887 0.006307016355672939 0.006086287016581418 0.005878626800279097 0.005682995396543502 0.0054984557320177305 0.0053241617495062826 0.005159347860839954 0.0050033198141753 0.00485544676116406
