13.251735551515418 4.992798690253622
13.251735748981666 4.992798690253622
13.251735551515418 4.99279876465212
5.115664292961647 1.9607188664735542
5.115664369190985 1.9607188664735542
5.115664292961647 1.9607188956905421
6.713777178460557 0.08200438996389825
5.567474235569035 1.5410897675047197
5.567474318530866 1.5410897675047197
5.567474235569035 1.5410897904687468
6.431361553408966 0.6609864088947883
5.795869029784975 1.3339882966984251
5.795869116150154 1.3339882966984251
5.795869029784975 1.3339883165763997
6.250982731838391 0.9179446413646106
5.913802858210626 1.234713866850467
5.913802946333155 1.234713866850467
5.913802858210626 1.2347138852491373
5.799712680551012 1.3383827226865654
5.886605138700014 1.262018107779672
5.886605226417266 1.262018107779672
5.886605138700014 1.2620181265852073
5.829306405471997 1.3135720140104958
5.872367254055165 1.2750024067851822
5.872367341560256 1.2750024067851822
5.872367254055165 1.2750024257841985
5.858085648551056 1.287938601127009
5.868808142602047 1.278248875929239
5.868808230054103 1.278248875929239
5.868808142602047 1.2782488949766315
5.863961224334858 1.2826310984382265
5.863961311714689 1.2826310984382265
5.863961224334858 1.2826311175509193
0.2392379531343105 5.863961224334858 1.2826310984382265 0.000491950370036077
0.0634651640133807 0.061404831463252325 0.05947690493845709 0.0576692260782299 0.05597105783975665 0.05437288603117236 0.0528662526540674 0.051443615358525895 0.05009822843224548 0.04882404162647538 0.04761561381919299 0.046468039071005 0.04537688307293801 0.04433812834154254 0.0433481268040607 0.04240355864913034 0.04150139650777636 0.04063887418400038 0.03981345928098297 0.03902282917316977 0.038264849860615194 0.03753755731331576
0.01105961475402379 0.010389692840893328 0.009778798441269533 0.009220318570869432 0.00870852265289854 0.008238427747832582 0.00780568672383173 0.0074064950970461505 0.007037513128549835 0.006695800438410774 0.0063787609291147416 0.0060840962319303514 0.005809766225106067 0.005553955440676899 0.005315044391522089 0.005091585023308643 0.004882279635756721 0.004685962731050174 0.0045015853395052865 0.004328201447987102 0.004164956218332387 0.004011075733823194
