7.404270460746507 4.9437779921985925
7.404270571078735 4.9437779921985925
7.404270460746507 4.943778065866625
4.82320436470653 3.245495434153514
4.823204436577876 3.245495434153514
4.82320436470653 3.2454954825151647
4.625453369652837 3.5573852912848465
4.625453438577463 3.5573852912848465
4.625453369652837 3.557385344294018
2.9384510475438415 6.648110525094083
4.2060233695384355 4.3313287204905455
4.206023432213068 4.3313287204905455
4.2060233695384355 4.331328785032373
3.440213899685519 5.916628591906099
3.4402139509487006 5.916628591906099
3.440213899685519 5.916628680070735
2.7983393269399217 7.556029964142084
2.7983393686384272 7.556029964142084
2.7983393269399217 7.556030076735705
2.343874307784293 8.874986327766788
2.343874342710742 8.874986327766788
2.343874307784293 8.874986460014389
2.382989125378051 8.823358222247224
2.382989160887356 8.823358222247224
2.382989125378051 8.823358353725506
2.384041593627951 8.820651113634009
2.3840416291529394 8.820651113634009
2.384041593627951 8.820651245071952
0.03806868640299632 2.384041593627951 8.820651113634009 0.00028467196620620745
0.05827774574862968 0.05641423210600439 0.05467300058588831 0.05304244585954027 0.05151238146023468 0.05007383032021786 0.04871885114973745 0.0474403937439584 0.04623217777755856 0.04508859077869184 0.04400460184925301 0.04297568837964569 0.041997773539900224 0.041067172749527044 0.040180547661815266 0.03933486646394847 0.03852736950716738 0.03775553945262166 0.03701707525726896 0.03630986943695151 0.03563198813587909 0.034981653607280415
0.010974737566305563 0.010373193832488177 0.009823073919041213 0.009318587546084417 0.008854743954092052 0.008427222387092892 0.008032266446104986 0.007666597419010449 0.007327342790209546 0.007011976965129349 0.006718271879541629 0.006444255651470334 0.00618817781069236 0.005948479934321546 0.0057237707466499714 0.005512804922192861 0.00531446497393555 0.005127745722577858 0.004951740933552584 0.004785631781687968 0.004628676862380361 0.004480203515975468
