4.6800797496818625 12.833262652536904
4.680079819420485 12.833262652536904
4.6800797496818625 12.83326284376742
2.802275394448592 7.76418894176708
2.802275436205749 7.76418894176708
2.802275394448592 7.764189057462511
2.613257864229757 7.891078933748761
2.6132579031703336 7.891078933748761
2.613257864229757 7.891079051335001
1.510871542782373 10.863245121883724
1.5108715652961133 10.863245121883724
1.510871542782373 10.86324528375869
1.4823133888987803 11.284921268649297
1.4823134109869711 11.284921268649297
1.4823133888987803 11.284921436807728
1.4835002579570957 11.289626458476366
1.4835002800629722 11.289626458476366
1.4835002579570957 11.28962662670491
0.03301621841704505 1.4835002579570957 11.289626458476366 0.00013328341261505106
0.061076047774761895 0.059197101414602535 0.05744124519012487 0.05579673168568798 0.054253267548610234 0.052801794984975614 0.051434311470506366 0.05014372011848041 0.0489237048024195 0.04776862539143763 0.046673429422558435 0.045633577280832394 0.044644978538737605 0.04370393756095875 0.0428071068388011 0.04195144680236628 0.04113419108488694 0.040352816394961 0.03960501629852506 0.03888867833069398 0.038201863953823946 0.0375427909568006
0.011086736846763671 0.010548647651904072 0.010054392734249495 0.00959913334243995 0.00917869981592986 0.008789481342772807 0.008428336604795028 0.008092520876869139 0.007779626180541264 0.0074875318651002306 0.007214363571632762 0.006958458977908312 0.006718339060248566 0.006492683869112593 0.006280312017172463 0.006080163236318417 0.005891283483821571 0.005712812175647119 0.00554397120255955 0.005384055446667076 0.005232424565824311 0.005088495853463389
