6.7673490805146725 8.390385495019235
6.767349181356032 8.390385495019235
6.7673490805146725 8.390385620045722
3.8350906877465913 4.796183559225104
3.835090744893896 4.796183559225104
3.8350906877465913 4.796183630693808
3.6996061726948186 4.892740414915888
3.6996062278232467 4.892740414915888
3.6996061726948186 4.892740487823402
1.9283105730924848 8.68219608789161
3.25543670828694 5.839934053962372
3.2554367567967275 5.839934053962372
3.25543670828694 5.8399341409841705
2.503533176176101 7.639003162937048
2.5035332134816524 7.639003162937048
2.503533176176101 7.639003276767065
2.1919737454747388 8.616208273521035
2.191973778137693 8.616208273521035
2.1919737454747388 8.616208401912544
2.212421718375181 8.591730910218786
2.2124217513428337 8.591730910218786
2.212421718375181 8.591731038245554
2.212437228159967 8.591749032708519
2.212437261127851 8.591749032708519
2.212437228159967 8.591749160735557
0.041154345770480494 2.212437228159967 8.591749032708519 0.0002731278310772844
0.06186016281550775 0.059918993350696975 0.058103812648327 0.05640278980175573 0.054805525827459206 0.05330284431538159 0.051886617563159924 0.050549621413338054 0.04928541344469796 0.048088230271636376 0.04695290056053222 0.04587477103924776 0.044849643299760975 0.043873719607672744 0.042943556260960296 0.04205602330279151 0.041208269603886384 0.040397692499872496 0.0396219113068493 0.03887874415056487 0.0381661876363681 0.0374823989624654
0.01127255081519201 0.010671696319112424 0.010121336506896166 0.009615863738935958 0.009150435658904658 0.008720852507420298 0.008323456827731406 0.007955051016282381 0.007612829180660145 0.007294320535239671 0.006997342152652167 0.006719959342090983 0.006460452276574776 0.006217287765106812 0.005989095280443415 0.005774646522578934 0.005572837932370069 0.005382675676770293 0.005203262712883175 0.005033787607040693 0.004873514840892742 0.004721776381788052
