12.242368631215625 12.118932694116767
12.242368813641132 12.118932694116767
12.242368631215625 12.118932874702937
4.2773318059075836 4.277984535538334
4.277331869644795 4.277984535538334
4.2773318059075836 4.277984599285271
4.183762637876008 4.324269733578602
4.183762700218929 4.324269733578602
4.183762637876008 4.324269798015242
2.491860107946354 7.715758046858869
3.7603075661057184 5.172084609753952
3.7603076221386678 5.172084609753952
3.7603075661057184 5.172084686824019
3.048990544910101 6.766018913810467
3.0489905903436005 6.766018913810467
3.048990544910101 6.766019014632006
2.8621227669618476 7.349267218105856
2.8621228096108005 7.349267218105856
2.8621227669618476 7.349267327618472
2.861307604399264 7.363920395080657
2.8613076470360697 7.363920395080657
2.861307604399264 7.363920504811622
2.8611381375408387 7.364344256985473
2.8611381801751192 7.364344256985473
2.8611381375408387 7.3643443667227535
0.04843250434891311 2.8611381375408387 7.364344256985473 0.000546731066982957
0.060841108563352606 0.05887302546627887 0.057033820257458324 0.0553113311548635 0.05369486964842882 0.05217500565159487 0.05074338887619135 0.049392599560371134 0.04811602311672321 0.04690774437819949 0.04576245798299409 0.04467539211510694 0.04364224334904128 0.04265912076794844 0.04172249785946897 0.04082917096147129 0.039976223245325695 0.03916099339840334 0.03838104830875851 0.03763415917012148 0.03691828051962394 0.036231531798200954
0.010322794911140028 0.009735250334013684 0.009198662561338482 0.008707272167579766 0.00825611124499852 0.007840876659013727 0.007457826269993914 0.007103693511218236 0.006775616721626278 0.006471080403179192 0.006187866165861676 0.005924011582399827 0.005677775532064847 0.005447608892592422 0.005232129659326827 0.005030101744795661 0.004840416850336461 0.004662078911977615 0.004494190711534215 0.004335942315442849 0.004186601061810581 0.004045502863278732
