7.522255442968306 8.01136028068435
7.5222555550586465 8.01136028068435
7.522255442968306 8.011360400062921
4.198069204307124 4.509019933411773
4.1980692668632305 4.509019933411773
4.198069204307124 4.509020000601406
4.036607071598163 4.685839765669472
4.036607131748296 4.685839765669472
4.036607071598163 4.685839835493926
2.1952379620228606 8.5256258179315
3.5751233778251783 5.645650500472341
3.575123431098668 5.645650500472341
3.5751233778251783 5.645650584599089
2.7993945248934096 7.46065110152313
2.7993945666076385 7.46065110152313
2.7993945248934096 7.4606512126954945
1.9562617629402417 9.81861472905475
1.9562617920908136 9.81861472905475
1.9562617629402417 9.81861487536351
2.07847597975253 9.64628565356207
2.0784760107242355 9.64628565356207
2.07847597975253 9.646285797302927
2.0864425840048413 9.625822305954525
2.0864426150952586 9.625822305954525
2.0864425840048413 9.625822449390455
2.086613590947881 9.62532833424123
2.0866136220408467 9.62532833424123
2.086613590947881 9.625328477669798
0.03663335633087095 2.086613590947881 9.62532833424123 0.000372204242624944
0.05954471811555229 0.05766071472856732 0.05590030496944528 0.05425173560040021 0.05270469629212193 0.051250105346585126 0.04987993235507138 0.04858705060610357 0.04736511360405205 0.04620845124282787 0.04511198209179574 0.044071138959640904 0.04308180545566076 0.04214026170336424 0.04124313770567411 0.040387373135009154 0.039570182540666084 0.03878902514211067 0.03804157851915575 0.03732571562558607 0.03663948464706145 0.03598109130135455
0.010873167405550659 0.010297616804547955 0.009770553128384518 0.009286550083572362 0.008840930996468717 0.0084296467067978 0.008049176173800207 0.007696445083435221 0.007368758815675364 0.007063746938760833 0.006779317011233935 0.0065136159424242735 0.00626499752403023 0.00603199502610067 0.005813297969673113 0.00560773236015096 0.005414243801113757 0.0052318830158695605 0.005059793389906183 0.0048972002162270475 0.004743401381009643 0.0045977592719081695
