8.92116216915181 10.72105295219733
8.921162302087485 10.72105295219733
8.92116216915181 10.721053111953468
3.871872040783688 4.701798749085472
3.8718720984790775 4.701798749085472
3.871872040783688 4.701798819147733
3.734512025352109 4.751862312666628
3.7345120810006747 4.751862312666628
3.734512025352109 4.751862383474894
1.692625764625821 9.061853638226317
3.2225627268063315 5.829172392581138
3.222562774826258 5.829172392581138
3.2225627268063315 5.829172479442575
2.3702733051753757 7.877760953463624
2.3702733404952 7.877760953463624
2.3702733051753757 7.87776107085141
2.077837635059508 8.862318171285446
2.0778376660217015 8.862318171285446
2.077837635059508 8.862318303344278
2.093209943622854 8.851874344977114
2.093209974814113 8.851874344977114
2.093209943622854 8.85187447688032
2.0927420286553775 8.853204278039984
2.0927420598396638 8.853204278039984
2.0927420286553775 8.853204409963007
0.039964149488700085 2.0927420286553775 8.853204278039984 0.0004324995111574829
0.062036798672782174 0.06010137323851232 0.058291420482227824 0.05659516120463177 0.055002242692363104 0.05350352989559156 0.05209093206513651 0.050757258057521126 0.04949609495437787 0.04830170574908768 0.04716894271072424 0.04609317370378205 0.04507021926662535 0.044096298665564436 0.04316798347009057 0.04228215745710134 0.04143598186241356 0.04062686516757368 0.039852436747494835 0.03911052381639172 0.038399131201010434 0.03771642354530662
0.011426408818538214 0.010825774000615553 0.010275315696611298 0.009769477421288385 0.009303460601394444 0.008873102923428633 0.008474778938819226 0.008105318391947927 0.007761938747137818 0.007442189158324513 0.007143903712060765 0.0068651622262140095 0.006604257236541402 0.006359666075887323 0.006130027164346701 0.005914119797068144 0.005710846849743868 0.0055192199280579765 0.005338346572390763 0.005167419197462381 0.005005705501856936 0.004852540127217098
