8.640713062662735 11.738860186584859
8.640713191419394 11.738860186584859
8.640713062662735 11.738860361507506
3.895268708891832 5.344650669320625
3.895268766935859 5.344650669320625
3.895268708891832 5.344650748962127
3.7125764250357136 5.47165632186352
3.7125764803574133 5.47165632186352
3.7125764250357136 5.471656403397553
1.7604221329848921 9.87657419739556
3.221748819306636 6.572551857575792
3.2217488673144348 6.572551857575792
3.221748819306636 6.572551955514447
2.3919834439552727 8.674678448410168
2.3919834795986037 8.674678448410168
2.3919834439552727 8.67467857767295
1.7612287179094608 10.664907921226403
1.761228744153814 10.664907921226403
1.7612287179094608 10.664908080145915
1.829351064482989 10.577878039152175
1.829351091742444 10.577878039152175
1.829351064482989 10.57787819677484
1.8317753002175137 10.571313182239146
1.8317753275130928 10.571313182239146
1.8317753002175137 10.571313339763988
0.03133728431122629 1.8317753002175137 10.571313182239146 0.000329663842489281
0.05717347458662217 0.05537989932781779 0.05370419124076039 0.052135094969757274 0.050662745793307755 0.04927846140757502 0.047974569948128695 0.04674426712396053 0.04558149688902955 0.044480851259712545 0.04343748579563256 0.042447047964844616 0.04150561616245932 0.040609647581567196 0.03975593347441131 0.03894156061085288 0.038163877955934185 0.03742046776065121 0.036709120399013605 0.03602781239708868 0.03537468719142629 0.03474803822926482
0.011419352026309155 0.010829487331688864 0.010288939357101663 0.009792194430479675 0.009334503553402004 0.008911756898996329 0.008520381892772074 0.008157259924920038 0.007819657882956585 0.007505171549952359 0.0072116785615809606 0.006937299109131676 0.006680362954730551 0.006439381617948256 0.0062130248207851934 0.0060001004562866625 0.005799537486357832 0.005610371285424964 0.0054317310349990405 0.005262828844934227 0.005102950334054158 0.0049514464487781405
