5.949552987796857 10.409476061856058
5.949553076452106 10.409476061856058
5.949552987796857 10.409476216969338
3.686303473595234 6.508427810567561
3.686303528525436 6.508427810567561
3.686303473595234 6.508427907550693
3.4611713669275472 6.827801580646056
3.4611714185030196 6.827801580646056
3.4611713669275472 6.827801682388228
1.8671682015676365 10.786989669067374
3.0601133824571596 7.817300146854211
3.060113428056402 7.817300146854211
3.0601133824571596 7.81730026334106
2.360217862738128 9.717948419188398
2.360217897908115 9.717948419188398
2.360217862738128 9.717948563997114
1.9010373320755234 11.23566396486315
1.9010373604031872 11.23566396486315
1.9010373320755234 11.23566413228759
1.9417692644483713 11.173740053521758
1.941769293382988 11.173740053521758
1.9417692644483713 11.17374022002346
1.9422953161744223 11.172487055759607
1.9422953451168778 11.172487055759607
1.9422953161744223 11.172487222242637
0.030360601920720764 1.9422953161744223 11.172487055759607 0.00022322785763828363
0.055356688326860186 0.0535851667318963 0.05193153714996198 0.05038439894789163 0.048933777685920894 0.04757090892842032 0.046288060148723865 0.04507838314294305 0.04393579103988674 0.0428548552644634 0.0418307187843461 0.04085902271953617 0.03993584397676902 0.03905764202590561 0.038221213293561165 0.0374236519326471 0.03666231595211933 0.035934797871813515 0.03523889921255774 0.034572608249261665 0.03393408055017063 0.03332162190342273
0.010515249831468006 0.009961497338251107 0.009454626250957509 0.008989334032007428 0.008561062083652626 0.008165872171880813 0.007800346370024254 0.007461505516014734 0.007146742346994408 0.006853766348960103 0.006580558017317955 0.006325330723728485 0.006086498766475652 0.005862650475559503 0.005652525471541268 0.005454995354878755 0.005269047241958844 0.005093769674137467 0.00492834051350962 0.004772016508904982 0.004624124271586619 0.004484052445270547
