11.061428631227523 6.70541971677668
11.061428796055655 6.70541971677668
11.061428631227523 6.70541981669522
4.750162134434232 2.9135562964877377
4.750162205217164 2.9135562964877377
4.750162134434232 2.91355633990311
2.5688998747531895 6.527324265824642
4.217399635542139 3.824457289258847
4.217399698386291 3.824457289258847
4.217399635542139 3.8244573462477014
4.127441146843125 4.072461324487229
4.1274412083467915 4.072461324487229
4.127441146843125 4.072461385171631
3.889221585089291 4.5432538107400315
3.8892216430432085 4.5432538107400315
3.889221585089291 4.543253878439789
3.434627927402917 5.495577865486347
3.4346279785828613 5.495577865486347
3.434627927402917 5.495577947376839
2.717884687172299 7.168506994087048
3.2686781089162515 5.9192362822595825
3.268678157623351 5.9192362822595825
3.2686781089162515 5.919236370463077
2.9153407543780623 6.757839823464961
2.9153407978200248 6.757839823464961
2.9153407543780623 6.757839924164621
2.8129252095184025 7.045284715483228
2.8129252514342546 7.045284715483228
2.8129252095184025 7.045284820466151
2.811364299468629 7.052379357458781
2.8113643413612217 7.052379357458781
2.811364299468629 7.052379462547423
0.04909354992230375 2.811364299468629 7.052379357458781 0.00035853565582305715
0.061536695087750004 0.059568891720207386 0.05772886368409216 0.05600465812417809 0.0543857573385162 0.05286287137566492 0.05142776527731792 0.0500731144574165 0.04879238305747875 0.04757972116282906 0.046429877579154274 0.04533812550788731 0.04430019896310503 0.04331223817260112 0.04237074252478574 0.0414725298787733 0.04061470126100194 0.03979461013844384 0.039009835594005955 0.03825815884040077 0.037537542599523056 0.036846112949088815
0.010989091910417621 0.010369191311006814 0.009802618702928404 0.00928339911077314 0.008806370908422366 0.008367056919069889 0.007961558614167823 0.007586468828765289 0.007238799401209584 0.006915920905303735 0.006615512229852096 0.00633551821621252 0.006074113920305534 0.005829674344894934 0.005600748708430022 0.0053860384916196696 0.005184378642297983 0.004994721430765864 0.004816122537588821 0.004647729028384238 0.004488768929000423 0.004338542162451048
