7.296767423005363 12.028241569190115
7.296767531735671 12.028241569190115
7.296767423005363 12.02824174842488
3.587224817564498 5.96692164720544
3.587224871018313 5.96692164720544
3.587224817564498 5.966921736119501
3.4406983710467194 5.996111093963279
3.4406984223171206 5.996111093963279
3.4406983710467194 5.996111183312297
2.127222181583807 9.08229598457405
3.1101014076661295 6.7673807491260405
3.110101454010252 6.7673807491260405
3.1101014076661295 6.767380849967872
2.5303217791844426 8.240589412941167
2.5303218168891752 8.240589412941167
2.5303217791844426 8.240589535735518
2.2370376950115523 9.140453657445736
2.2370377283460114 9.140453657445736
2.2370376950115523 9.14045379364911
2.2543283256344355 9.11704543702657
2.2543283592265455 9.11704543702657
2.2543283256344355 9.117045572881134
2.2543962105775015 9.116890086476927
2.2543962441706227 9.116890086476927
2.2543962105775015 9.116890222329175
0.03815510826545376 2.2543962105775015 9.116890086476927 0.00029365110825885834
0.05937098908571645 0.0574822082051093 0.05571727439586171 0.0540644321285741 0.05251336454104986 0.051054980686883716 0.049681239271735525 0.04838500181944083 0.04715990971931775 0.046000280763813656 0.04490102168006849 0.04385755385458588 0.04286574999465461 0.04192187989891109 0.04102256384903753 0.04016473240509208 0.03934559160358003 0.03856259273172289 0.03781340599240177 0.0370958974888515 0.036408109051729386 0.03574824050788093
0.010863972813124703 0.01027782584565923 0.00974143139089454 0.009249206683445893 0.008796339344102476 0.008378662389165068 0.007992552348020134 0.007634845731347261 0.0073027701642332105 0.006993887309656956 0.0067060453260201274 0.006437339076713719 0.00618607667598902 0.005950751240012945 0.005730016934470035 0.005522668584992202 0.00532762425498338 0.005143910305314943 0.004970648538170045 0.00480704509780304 0.004652380857836658 0.0045060030707897835
