9.00101013771519 3.2796051659147416
9.001010271840693 3.2796051659147416
9.00101013771519 3.279605214784667
5.4200265366806955 1.9970295474140118
5.420026617445385 1.9970295474140118
5.4200265366806955 1.997029577172071
3.29042915138288 4.789197946453546
4.906170250570405 2.7088325779139053
5.3110372798397645 2.187531074195308
5.311037358980387 2.187531074195308
5.3110372798397645 2.1875311067920613
5.055887405911507 2.544709602504846
5.0558874812501005 2.544709602504846
5.055887405911507 2.544709640423974
4.580278667125838 3.2826175673585927
4.580278735377309 3.2826175673585927
4.580278667125838 3.282617616273406
3.735645121936901 4.8219166033997185
3.735645177602351 4.8219166033997185
3.735645121936901 4.821916675251875
3.0558783602563633 6.4407941459365
3.0558784057924995 6.4407941459365
3.0558783602563633 6.440794241911812
1.7716876909268706 9.70916433868844
1.7716877173270744 9.70916433868844
1.7716876909268706 9.709164483366264
1.3833696399631494 11.354595925135156
1.3833696605769634 11.354595925135156
1.3833696399631494 11.35459609433182
1.414656693095829 11.338113047180503
1.4146567141758566 11.338113047180503
1.414656693095829 11.338113216131553
1.4151750261405271 11.33693180590131
1.4151750472282782 11.33693180590131
1.4151750261405271 11.336931974834759
0.03133139390640405 1.4151750261405271 11.33693180590131 0.00033206630274013407
0.06029180085843382 0.05845089709481163 0.05673024404388381 0.055118392683768225 0.053605308472899516 0.05218215910522511 0.0508411393416736 0.04957532559244456 0.04837855452806494 0.047245321217773036 0.04617069323010745 0.045150237854012266 0.04417996016158905 0.043256250074368834 0.04237583694228853 0.041535750419877754 0.040733286643664435 0.039965978890761034 0.039231572040373724 0.038528000274791405 0.0378533675498313 0.03720593044108002
0.011711394324993945 0.011146337354335987 0.010627224705513711 0.01014899139447214 0.009707271895068278 0.009298285070858602 0.00891874086880918 0.008565764165561382 0.00823683222910009 0.00792972306103783 0.0076424724898748065 0.0073733383454361295 0.007120770396638299 0.006883385005977985 0.006659943664564659 0.006449334735809286 0.006250557864933531 0.006062710613430121 0.00588497695862268 0.005716617363193384 0.005556960171514847 0.005405394131558646
