11.236494994526106 11.837701349586572
11.23649516196293 11.837701349586572
11.236494994526106 11.837701525982068
4.224812747259077 4.495449539153009
4.224812810213693 4.495449539153009
4.224812747259077 4.495449606140427
4.071813695814271 4.609222373851902
4.071813756489023 4.609222373851902
4.071813695814271 4.6092224425346675
1.811378371093674 9.285710965789999
3.5051360190265712 5.778158012069677
3.505136071257168 5.778158012069677
3.5051360190265712 5.778158098170941
2.5740589646371768 7.994956971421066
2.574059002993644 7.994956971421066
2.5740589646371768 7.994957090555209
1.9720784114575403 9.848845490802422
1.9720784408437986 9.848845490802422
1.9720784114575403 9.848845637561656
2.0367505015042977 9.769590811368401
2.036750531854245 9.769590811368401
2.0367505015042977 9.769590956946649
2.0395117380553516 9.762226164212517
2.0395117684464448 9.762226164212517
2.0395117380553516 9.762226309681022
0.03615794265928296 2.0395117380553516 9.762226164212517 0.000309782167307729
0.059544562971699556 0.057663990244827296 0.05590678426785319 0.054261209027460885 0.052716970360938545 0.05126500161551142 0.04989728630041864 0.04860671052488472 0.047386939568276144 0.046232314117202716 0.045137762620309003 0.044098726922334706 0.04311109889427101 0.04217116621288363 0.04127556578797391 0.040421243610198825 0.039605420011714604 0.03882555950829766 0.03807934453408476 0.037364652495730545 0.036679535667088196 0.03602220352275989
0.010905561116887702 0.01033148156627339 0.009805659602333401 0.009322699094417825 0.008877949506922977 0.008467384332207022 0.008087502169781368 0.007735245745150655 0.007407935233438489 0.007103213061029548 0.006818997972189177 0.006553446617003047 0.006304921278380121 0.0060719626359233446 0.005853266682849913 0.005647665083439241 0.005454108393622879 0.005271651674526988 0.005099442114261378 0.004936708341763756 0.004782751171690536 0.004636935563999047
