4.260717955409799 13.30778825717252
4.260718018899444 13.30778825717252
4.260717955409799 13.307788455474018
2.691169846226999 8.521838057502944
2.691169886328555 8.521838057502944
2.691169846226999 8.521838184488226
2.43560784217669 8.875278026941585
2.435607878470075 8.875278026941585
2.43560784217669 8.875278159193533
1.1877000988528355 12.48058782050315
1.187700116550946 12.48058782050315
1.1877000988528355 12.480588006478401
1.1550302893236526 13.066238939208679
1.1550303065349452 13.066238939208679
1.1550302893236526 13.06623913391081
1.1560207569781833 13.078604115543007
1.156020774204235 13.078604115543007
1.1560207569781833 13.078604310429395
1.1559919367322071 13.07875197468177
1.1559919539578294 13.07875197468177
1.1559919367322071 13.078752169570361
0.026452553011165114 1.1559919367322071 13.07875197468177 0.00021617157260173784
0.057102808849936106 0.05536169879146639 0.05373555575032969 0.05221327874385649 0.050785161412079 0.049442678789594734 0.048178312088487926 0.04698540381952274 0.045858037296135364 0.044790935863550436 0.043779378184119914 0.042819126669155605 0.04190636673469503 0.041037655015958005 0.04020987503379305 0.039420199089296844 0.03866605538732444 0.037945099568848346 0.03725518997599758 0.03659436608968994 0.035960829673902135 0.035352928237316485
0.011623131112634608 0.011080311475440106 0.010581411164900934 0.010121564590146086 0.00969658622077675 0.009302856781524196 0.008937231418498712 0.008596965074108627 0.00827965144386969 0.007983172730784246 0.007705658043039198 0.007445448755872598 0.007201069519520358 0.006971203871609422 0.0067546736255545 0.006550421372045887 0.006357495560081746 0.006175037725733113 0.006002271517314297 0.005838493229668068 0.005683063611504673 0.005535400750932027
