5.8403261379622124 9.864662397944766
5.8403262249898535 9.864662397944766
5.8403261379622124 9.86466254493969
3.487264642894784 5.947001819465285
3.4872646948590766 5.947001819465285
3.487264642894784 5.947001908082518
3.2945360740713414 6.143812115378372
3.2945361231637547 6.143812115378372
3.2945360740713414 6.143812206928307
1.6708476181495464 10.010984216045804
2.885682087890358 7.110230072732356
2.885682130890372 7.110230072732356
2.885682087890358 7.11023017868304
2.1782345726629284 8.964503199164778
2.178234605121153 8.964503199164778
2.1782345726629284 8.964503332746284
1.701689025613864 10.494316959074379
1.7016890509710063 10.494316959074379
1.701689025613864 10.494317115451887
1.750161172699832 10.417087994493961
1.7501611987792658 10.417087994493961
1.750161172699832 10.41708814972067
1.750197759113014 10.417558086962075
1.7501977851929928 10.417558086962075
1.750197759113014 10.417558242195787
0.03394881893499313 1.750197759113014 10.417558086962075 0.00047922382157637776
0.060030996816949726 0.05816462951721545 0.056420334043755564 0.0547865063264689 0.05325296988119984 0.05181076294005783 0.05045196247956747 0.04916953792047088 0.047957228839585246 0.046809442230489905 0.04572116577021086 0.04468789426212497 0.04370556698143457 0.04277051408607342 0.04187941060061513 0.04102923675455909 0.040217243675062325 0.03944092360978823 0.03869798399726747 0.03798632481710247 0.037304018745994726 0.03664929372221885
0.01130842483194818 0.010735320738493339 0.010209644596972009 0.009726132360681271 0.00928024624835081 0.008868056003459718 0.00848614239672222 0.008131518314757426 0.007801563847428815 0.007493972590290618 0.007206706987472499 0.006937961004825315 0.006686128779941609 0.006449778171551894 0.006227628345489872 0.00601853070251566 0.005821452585673887 0.005635463309718007 0.005459722138630413 0.005293467904106 0.005136010011636694 0.0049867206242991844
