3.681189027268053 10.141438209732543
3.681189082122044 10.141438209732543
3.681189027268053 10.14143836085175
2.871293328787175 7.909275941162589
2.8712933715727798 7.909275941162589
2.871293328787175 7.909276059019985
2.9950849923397196 7.479992340502291
2.995085036969964 7.479992340502291
2.9950849923397196 7.479992451962862
3.5016763078520503 6.164283147744611
3.5016763600310936 6.164283147744611
3.5016763078520503 6.164283239599588
3.6121135011777263 5.96141702663997
3.612113555002412 5.96141702663997
3.6121135011777263 5.961417115472006
3.6218600303015114 5.940533014380465
3.6218600842714315 5.940533014380465
3.6218600303015114 5.9405331029013055
0.05902814114326649 3.6218600303015114 5.940533014380465 0.0004376004455826382
0.05936979248798594 0.05739924107040796 0.05555882960255127 0.05383621810149612 0.05222056299982394 0.05070229942076313 0.049272959973438044 0.04792502319412351 0.0466517861836613 0.04544725709527597 0.04430606398816624 0.04322337723785112 0.04219484322729281 0.04121652746567149 0.040284865618878056 0.0393966212060263 0.038548848933909634 0.037738862817392534 0.036964208376812226 0.03622263832024727 0.0355120912142188 0.03483067272514409
0.009701616427902765 0.009116976663348852 0.008584596451563635 0.008098462190365665 0.0076533935083224576 0.007244909823370251 0.006869120927740891 0.006522636831381594 0.006202493123384001 0.005906088900675257 0.005631134923804451 0.005375610134348723 0.005137725039490749 0.004915890760827731 0.004708692774653474 0.004514868553593511 0.00433328846506776 0.00416293939864536 0.004002910688129328 0.003852381969949111 0.0037106126808654234 0.003576932948006234
