5.1133861580630215 1.5798631757911872
5.113386234258413 1.5798631757911872
5.1133861580630215 1.579863199332983
7.055552122967217 0.2458249325672981
5.68440056129675 1.7245065930304002
5.684400646000919 1.7245065930304002
5.68440056129675 1.7245066187275508
6.508256433665144 0.8823794239115409
5.925500625497711 1.5553452772544694
5.925500713794551 1.5553452772544694
5.925500625497711 1.5553453004309201
6.33273048827028 1.129736295068658
6.030413075213508 1.4520032440694268
6.030413165073665 1.4520032440694268
6.030413075213508 1.4520032657059612
6.239166050718364 1.2442365794414818
6.08362363913516 1.4011093803019088
6.083623729788217 1.4011093803019088
6.08362363913516 1.4011094011800656
6.1892161668620105 1.2984623344776753
6.189216259088519 1.2984623344776753
6.1892161668620105 1.2984623538262718
6.299214380879131 1.2005511970048024
6.217842562367415 1.2753124564892298
6.2178426550204895 1.2753124564892298
6.217842562367415 1.2753124754928662
6.27256224901458 1.2260447655012903
6.231612378827065 1.2630961150853774
6.231612471685326 1.2630961150853774
6.231612378827065 1.2630961339069762
6.245348247155013 1.250841615344253
6.235072815493633 1.2600624200214465
6.235072908403458 1.2600624200214465
6.235072815493633 1.2600624387978399
6.238505498519794 1.2569973564158832
6.23850559148077 1.2569973564158832
6.238505498519794 1.2569973751466035
6.237651855284758 1.2577686629089797
6.237651948233014 1.2577686629089797
6.237651855284758 1.2577686816511933
0.25690152881686334 6.237651855284758 1.2577686629089797 0.00046501825983416453
0.062384233212905954 0.060307614719210687 0.05836685043680831 0.05654924148108002 0.05484359973143089 0.05324003317075853 0.051729766234595284 0.05030498878894371 0.04895872863097303 0.047684743406456044 0.04647742862571008 0.04533173908389419 0.044243121488293395 0.04320745649253968 0.042221008656955335 0.0412803831118468 0.040382487909406156 0.03952450121984835 0.03870384266631489 0.03791814820703189 0.03716524806705516 0.03644314729950146
0.009632921409565318 0.009032572436041022 0.008486412774400959 0.00798822898197418 0.007532655785620695 0.0071150435972404235 0.006731349089126968 0.0063780444400028105 0.006052041763503348 0.005750629934494728 0.005471421580637998 0.005212308441637504 0.004971423642921408 0.004747109704166332 0.004537891321488049 0.004342452137131947 0.004159614851282232 0.003988324144292302 0.0038276319697783637 0.0036766848539661174 0.003534712897858623 0.00340102022890276
