13.259729372440779 7.647258186586701
13.259729570026144 7.647258186586701
13.259729372440779 7.647258300539727
5.135610321934248 2.9980245730793245
5.1356103984608055 2.9980245730793245
5.135610321934248 2.998024617753372
2.7908018095144165 6.929842176325296
4.562960418794304 3.988935455804545
4.562960486787713 3.988935455804545
4.562960418794304 3.9889355152443153
3.542071292801673 6.037621510012913
3.5420713455826482 6.037621510012913
3.542071292801673 6.0376215999804845
2.730987457786372 8.178058887946387
2.7309874984812565 8.178058887946387
2.730987457786372 8.17805900980896
1.8945884885259183 10.656278978044897
1.8945885167574867 10.656278978044897
1.8945884885259183 10.656279136835828
2.0279912258237722 10.442712443374228
2.0279912560431965 10.442712443374228
2.0279912258237722 10.44271259898277
2.0304225421740707 10.439271136170882
2.0304225724297242 10.439271136170882
2.0304225421740707 10.439271291728144
0.033761435362105296 2.0304225421740707 10.439271136170882 0.00022209543871196688
0.05762135190431931 0.05578225475949703 0.054064901809888176 0.052457596368729466 0.05095009393174383 0.04953338390433456 0.04819950943753426 0.046941417858816836 0.04575283582339617 0.04462816456125669 0.043562391554754165 0.04255101572375699 0.041589983773150534 0.04067563581038336 0.03980465869782069 0.038974045887906476 0.03818106271505422 0.037423216299361024 0.036698229363278254 0.03600401738066671 0.03533866857394094 0.034700426353716306
0.010471630969349714 0.009917907865532495 0.009411002671992618 0.00894564084190149 0.008517283360353614 0.00812200551572864 0.007756398532245701 0.007417489247981236 0.007102674135259695 0.006809664794997016 0.006536442687530418 0.0062812213429382134 0.006042414662315134 0.00581861020594789 0.005608546585400483 0.005411094249375179 0.005225239089182541 0.005050068397217442 0.0048847587973981045 0.004728565834941427 0.004580814967831671 0.004440893746742406
