12.626917489705793 7.769372352364957
12.626917677861526 7.769372352364957
12.626917489705793 7.769372468137627
4.977654991654254 3.0993522295549942
4.9776550658270935 3.0993522295549942
4.977654991654254 3.0993522757389416
2.6896601897014807 6.999569337465152
4.412459804340425 4.078365894755669
4.412459870091199 4.078365894755669
4.412459804340425 4.078365955528057
3.4144449618563817 6.107064935971751
3.4144450127355763 6.107064935971751
3.4144449618563817 6.1070650269741105
2.6198598185924786 8.223733987985735
2.619859857631432 8.223733987985735
2.6198598185924786 8.223734110528921
1.9942327194527238 10.139542802409022
1.994232749169107 10.139542802409022
1.9942327194527238 10.139542953499983
2.0666464556781325 10.039377110386583
2.0666464864735645 10.039377110386583
2.0666464556781325 10.03937725998496
2.0683438667728775 10.035325229851706
2.068343897593603 10.035325229851706
2.0683438667728775 10.035325379389706
0.03395548718684438 2.0683438667728775 10.035325229851706 0.000439741579894482
0.0575794887492858 0.05574894760753043 0.054039058211133334 0.05243828618070162 0.050936521386629706 0.049524865125403966 0.048195454223296616 0.046941314833681164 0.04575624026197911 0.04463468834977939 0.043571694871105814 0.04256280010776295 0.04160398632757377 0.04069162432645223 0.039822427540467095 0.03899341250825849 0.03820186468317908 0.03744530877038169 0.036721482905993114 0.03602831611059355 0.03536390854298227 0.034726514156934445
0.010889148728905491 0.010310765449084689 0.009781301712667544 0.00929525708138541 0.008847895089565398 0.008435118041888809 0.008053365256443852 0.007699529853837957 0.007370890315169347 0.0070650538759760954 0.006779909463351541 0.006513588372115915 0.006264431251623651 0.006030960265500499 0.005811855512986206 0.005605934977913279 0.005412137411106652 0.005229507662729664 0.00505718406932282 0.004894387570924301 0.004740412290507517 0.004594617353932591
