11.98597230637272 3.0926501851983907
11.985972484977625 3.0926501851983907
11.98597230637272 3.0926502312824695
5.81144037854305 1.5259020239993792
5.811440465140261 1.5259020239993792
5.81144037854305 1.5259020467370912
7.372838074844422 0.09639066879765146
6.267653630243555 1.2576464340958853
6.2676537236388725 1.2576464340958853
6.267653630243555 1.2576464528362776
5.490435531103383 1.9761855050832704
6.082879554246903 1.4470704003065735
6.082879644888871 1.4470704003065735
6.082879554246903 1.4470704218696029
6.2755921462515465 1.2657288578562667
6.275592239765157 1.2657288578562667
6.2755921462515465 1.2657288767170964
6.083466151404521 1.4476917668224785
6.231328636483792 1.3148936098286172
6.231328729337825 1.3148936098286172
6.231328636483792 1.3148936294220588
6.328711193155589 1.225325969523005
6.255976894837092 1.2928352521491635
6.255976988058412 1.2928352521491635
6.255976894837092 1.29283527141391
6.231662055841634 1.3152606036066237
6.2499674324813865 1.298515753769242
6.249967525613159 1.298515753769242
6.2499674324813865 1.2985157731186345
0.23666136511359548 6.2499674324813865 1.298515753769242 0.00017267007736544208
0.060108707454090804 0.05809987565299813 0.05622284149531218 0.05446525001122322 0.052816220225783 0.05126613513669541 0.04980646604117721 0.048429624933711654 0.047128839954670196 0.04589804985539139 0.04473181422150116 0.04362523681065247 0.04257389984959546 0.04157380752612297 0.04062133722511032 0.03971319731087528 0.0388463904630423 0.03801818173982803 0.03722607067885349 0.036467766857264196 0.03574116842486466 0.0350443431999196
0.00999550774045903 0.009369681641430526 0.008800566714678928 0.00828163582279612 0.007807256103897569 0.007372548778532727 0.00697327344566324 0.006605732189955493 0.006266689786184661 0.0059533070383319545 0.005663084880218304 0.00539381732846531 0.005143551745456103 0.004910555161330167 0.004693285636393642 0.004490367831363133 0.004300572102404056 0.004122796558593934 0.0039560516171756425 0.003799446671412133 0.003652178550663487 0.003513521505358195
