10.479197289271156 10.5405648421907
10.479197445423363 10.5405648421907
10.479197289271156 10.540564999257356
4.262321118127859 4.331869547650035
4.262321181641393 4.331869547650035
4.262321118127859 4.331869612199921
4.08542349353811 4.484370632359883
4.085423554415664 4.484370632359883
4.08542349353811 4.484370699182213
1.9038362035230487 8.945878027470306
3.5380510007951065 5.59951056187447
3.538051053516175 5.59951056187447
3.5380510007951065 5.599510645313679
2.638858957317857 7.711134055577263
2.6388589966399194 7.711134055577263
2.638858957317857 7.711134170482115
1.3857797678799826 11.272217394262652
2.371596744705457 8.616281024148437
2.3715967800450026 8.616281024148437
2.371596744705457 8.61628115254103
1.7579412211514214 10.401304104791334
1.7579412473467868 10.401304104791334
1.7579412211514214 10.401304259782844
1.6613904039104486 10.826894128596573
1.6613904286670949 10.826894128596573
1.6613904039104486 10.826894289929868
1.6639424879013216 10.824263276558874
1.6639425126959968 10.824263276558874
1.6639424879013216 10.824263437852967
0.032352102112661485 1.6639424879013216 10.824263276558874 0.000252264883021148
0.05930298719586566 0.057462456033367915 0.05574253318006264 0.054131721405151656 0.05261994307222999 0.05119832754993402 0.04985903564936832 0.04859511379907452 0.04740037225728122 0.04626928287248413 0.04519689283375063 0.04417875157180609 0.04321084853243887 0.04228955998310832 0.04141160336015991 0.040573997938981296 0.03977403082878616 0.039009227469672426 0.038277325951480326 0.037576254588935876 0.03690411228115705 0.03625915126014086
0.01137200725323419 0.010801161476369876 0.010277443720313084 0.00979562105423579 0.009351184345292442 0.008940229437453946 0.008559360704407581 0.008205612264054939 0.007876383231456488 0.007569384204051038 0.007282592790421167 0.0070142164639621744 0.006762661383245328 0.006526506099103389 0.006304479284652175 0.00609544079348591 0.00589836548422746 0.005712329354780892 0.005536497613286486 0.0053701143796704666 0.0052124937654437035 0.005063012122823492
