10.021130048545736 9.338956871416997
10.02113019787221 9.338956871416997
10.021130048545736 9.338957010578298
4.3793119994075065 4.12696037251537
4.37931206466434 4.12696037251537
4.3793119994075065 4.126960434011872
4.15569403687704 4.360399161036366
4.155694098801706 4.360399161036366
4.15569403687704 4.360399226011377
2.030327676925418 8.640979709747903
3.6218555727107358 5.4302452342203
3.6218556266805897 5.4302452342203
3.6218555727107358 5.43024531513726
2.7458733749417563 7.451443938796145
2.745873415858458 7.451443938796145
2.7458733749417563 7.451444049831312
1.2387989551439829 11.591381468510836
1.2387989736035259 11.591381468510836
1.2387989551439829 11.591381641235879
1.1168648576287095 12.686040926703175
1.1168648742712928 12.686040926703175
1.1168648576287095 12.686041115739915
0.9838709601026727 13.233655413573079
0.9838709750038339 13.233655413573079
0.9838709601026727 13.233655610769912
0.9905935911904715 13.217190573648082
0.9905936060916327 13.217190573648082
0.9905935911904715 13.21719077059957
0.026981637755325583 0.9905935911904715 13.217190573648082 0.000454683183606642
0.05886874954629102 0.057101104539266964 0.055449710136647026 0.0539033739696264 0.052452307161345905 0.05108790998622475 0.0498025957113652 0.04858964491653092 0.047443084312723434 0.04635758538201136 0.045328379153828154 0.04435118419510723 0.043422145481157734 0.04253778227338228 0.0416949434899928 0.04089076933997641 0.04012265821608641 0.03938823802267332 0.03868534125870098 0.038011983292914456 0.03736634336270299 0.0367467479052658
0.011875572353750408 0.011340662505414805 0.01084846271510001 0.010394273846530801 0.009974051732244171 0.00958429761099184 0.009221969733914327 0.008884411545004441 0.008569292938758162 0.008274561911288626 0.007998404529249084 0.007739211599238581 0.00749555076854281 0.0072661430545528346 0.007049843005636465 0.006845621855688394 0.0066525531591592165 0.006469800491300044 0.0062966068758164425 0.006132285663737082 0.0059762126365799206 0.005827819146518164
