12.772855596974058 2.0039483117526613
12.772855787304438 2.0039483117526613
12.772855596974058 2.003948341613818
6.3037154177471075 1.0143043278263302
6.303715511679787 1.0143043278263302
6.3037154177471075 1.0143043429406424
3.3244664702001585 3.454009039042193
5.661015735255761 1.7310276556958102
5.661015819611469 1.7310276556958102
5.661015735255761 1.7310276814901324
6.405994230800389 1.1213045613629462
6.405994326257142 1.1213045613629462
6.405994230800389 1.1213045780716862
4.949238354121608 2.3802259878661873
6.075360737780716 1.4711192207760493
6.075360828310646 1.4711192207760493
6.075360737780716 1.471119242697434
6.437026916695043 1.1534930605244011
6.437027012614219 1.1534930605244011
6.437026916695043 1.1534930777127872
6.080294897364101 1.4766510234941588
6.359460352480259 1.2454929424880874
6.3594604472436025 1.2454929424880874
6.359460352480259 1.2454929610473784
6.180957985368558 1.4069212720873037
6.316098392659677 1.2872047871113228
6.316098486776878 1.2872047871113228
6.316098392659677 1.2872048062921688
6.227438613525632 1.3685681310035256
6.294140383208435 1.3077688384212622
6.294140476998436 1.3077688384212622
6.294140383208435 1.3077688579085365
6.272101364423142 1.3282460461488823
6.272101457884735 1.3282460461488823
6.272101364423142 1.3282460659412907
6.277646117742915 1.32316467234778
6.277646211287132 1.32316467234778
6.277646117742915 1.32316469206447
6.283151840252324 1.3180410341157174
6.279028096599596 1.3218897507786567
6.279028190164406 1.3218897507786567
6.279028096599596 1.321889770476349
0.23629607166659217 6.279028096599596 1.3218897507786567 0.00038110695815941724
0.060144925747296 0.058127576860347106 0.056242934309528876 0.054478525213740636 0.052823368613385754 0.05126776234649921 0.049803104871038895 0.04842174562949014 0.047116858838615876 0.04588233659441619 0.044712697975033557 0.04360301145136709 0.04254882841363122 0.04154612602027626 0.040591257895244925 0.0396809114571515 0.03881207087255476 0.03798198479509446 0.03718813819072809 0.03642822766279669 0.035700139784031394 0.0350019320197293
0.009745690300023497 0.009132977881340662 0.008575985866044213 0.008068279128237368 0.007604307185635106 0.0071792650537113286 0.006788978486477157 0.0064298089303623015 0.0060985744835079445 0.0057924839056542185 0.005509081313400833 0.005246199659436822 0.005001921460816519 0.00477454553217513 0.004562558711516601 0.004364611751622803 0.004179498699074705 0.00400613920298082 0.003843563292723416 0.003690898243008974 0.003547357208897062 0.0034122293661578273
