5.2934948767011 6.267305103308869
5.293494955580321 6.267305103308869
5.2934948767011 6.2673051966989926
3.962156883129783 4.726335041058803
3.9621569421705214 4.726335041058803
3.962156883129783 4.726335111486684
3.729767472734357 5.134900244324466
3.729767528312223 5.134900244324466
3.729767472734357 5.134900320840442
2.3136273371454843 8.234214555565156
3.3771325063895556 5.910367013908399
3.3771325567127515 5.910367013908399
3.3771325063895556 5.91036710197973
2.7171787621993873 7.481118928247877
2.717178802688506 7.481118928247877
2.7171787621993873 7.481119039725236
2.0851101600708035 9.255540641375196
2.085110191141366 9.255540641375196
2.0851101600708035 9.255540779293499
2.1569839635272463 9.156518575399774
2.156983995668812 9.156518575399774
2.1569839635272463 9.156518711842534
2.159912662875973 9.149020016312079
2.15991269506118 9.149020016312079
2.159912662875973 9.149020152643102
0.038335712138858224 2.159912662875973 9.149020016312079 0.00047810849337832093
0.060268801666221505 0.05836613036651299 0.056587767009745354 0.05492194966947883 0.05335835200445909 0.05188787145180938 0.05050245367207451 0.04919494624682838 0.04795897612367339 0.04678884645023533 0.045679449325101026 0.04462619168327605 0.04362493207374196 0.04267192651210868 0.04176378192845572 0.04089741599906401 0.04007002236591286 0.039279040421067606 0.03852212897326341 0.03779714322794309 0.0371021146050596 0.03643523299526431
0.011056049498660202 0.010467258695981904 0.00992809617113964 0.009433020567317391 0.008977252514896455 0.00855665131723861 0.008167614390785033 0.0078069947821836835 0.007472033137427634 0.007160301294696833 0.006869655280024229 0.0065981959511353765 0.006344235894976037 0.006106271464404337 0.005882959058445176 0.005673094922679204 0.0054755978824980655 0.005289494530208541 0.0051139064734717875 0.004948039322029247 0.004791173145714161 0.004642654182175025
