10.153989410976404 9.601693370432162
10.153989562282637 9.601693370432162
10.153989410976404 9.601693513508543
4.641265394919357 4.430746082770245
4.641265464079601 4.430746082770245
4.641265394919357 4.4307461487935065
4.403486549398363 4.733473666982437
4.403486615015426 4.733473666982437
4.403486549398363 4.733473737516691
2.3151428087006587 9.071163388773634
3.8797240077736133 5.817712481013295
3.879724065586006 5.817712481013295
3.8797240077736133 5.817712567703967
3.0083962679568743 7.865216839641565
3.008396312785472 7.865216839641565
3.0083962679568743 7.8652169568424295
1.4979549800865866 12.0514456474112
2.669731876233221 8.92501774640303
2.6697319160153263 8.92501774640303
2.669731876233221 8.925017879396158
1.9453759813422944 11.029012676604307
1.9453760103306554 11.029012676604307
1.9453759813422944 11.029012840949402
1.393450161031525 12.985317371060738
1.3934501817955505 12.985317371060738
1.393450161031525 12.985317564557045
1.4526203107028446 12.887610196848149
1.452620332348574 12.887610196848149
1.4526203107028446 12.887610388888506
1.4531412759125228 12.887125915367934
1.4531412975660152 12.887125915367934
1.4531412759125228 12.887126107401075
0.027674074645537727 1.4531412759125228 12.887125915367934 0.00033391275909816417
0.05600964248779189 0.05425268751112098 0.05261283479397336 0.05107869422141664 0.049640314285324845 0.048288961268832795 0.04701693791362064 0.04581743358021595 0.04468439970369904 0.04361244570069658 0.04259675151412619 0.04163299377295187 0.040717283155496366 0.03984611102069623 0.039016303744554996 0.038224983493089754 0.03746953439633978 0.03674757327413666 0.03605692421366649 0.035395596419290055 0.03476176485270213 0.03415375326101192
0.010566315505565953 0.010047934665147161 0.009572286841002291 0.009134587991435482 0.008730726494163735 0.00835715027849718 0.00801077579100116 0.007688914053457472 0.007389210205003588 0.007109593759887569 0.00684823743976643 0.006603522912356171 0.006374012127430238 0.006158423216057567 0.005955610130872515 0.005764545369638318 0.005584305252860811 0.005414057327230034 0.005253049546565978 0.005100600945500385 0.004956093571960165 0.00481896548538973
