6.643472784373216 3.7511681985388847
6.643472883368675 3.7511681985388847
6.643472784373216 3.7511682544356466
4.980991006860537 2.8331878380382713
4.980991081083087 2.8331878380382713
4.980991006860537 2.83318788025606
4.716437665879465 3.2342946606100504
4.716437736159863 3.2342946606100504
4.716437665879465 3.2342947088047964
3.1079798982732676 6.037539219179952
4.319344866241163 3.937963322913691
4.319344930604418 3.937963322913691
4.319344866241163 3.9379633815939177
3.588369330895177 5.379144740382279
3.588369384366047 5.379144740382279
3.588369330895177 5.379144820537782
2.313208898846645 8.348872390834805
2.313208933316144 8.348872390834805
2.313208898846645 8.348872515242698
1.369908384144992 11.402495902288479
1.3699084045582175 11.402495902288479
1.369908384144992 11.402496072198907
1.5140738024301623 11.240784457142666
1.5140738249916201 11.240784457142666
1.5140738024301623 11.240784624643407
1.5235938424743098 11.215837278494693
1.5235938651776273 11.215837278494693
1.5235938424743098 11.215837445623691
1.5237376177013318 11.215390997977353
1.5237376404067917 11.215390997977353
1.5237376177013318 11.215391165099703
0.031619197511520425 1.5237376177013318 11.215390997977353 0.0003791821545157677
0.05968136093099753 0.05784238843004457 0.056123878005174106 0.05451433687285581 0.053003694017988365 0.05158308669076688 0.05024468421477684 0.04898154173316708 0.047787478133628214 0.04665697362152623 0.04558508335301009 0.044567364268106695 0.04359981283033791 0.04267881182303583 0.04180108470211905 0.040963656282219256 0.040163818753977246 0.03939910220742528 0.038667248979066884 0.03796619125581735 0.03729403146298396 0.03664902504030945
0.011449233914209479 0.010886720255854817 0.010370280683847752 0.00989481523911993 0.00945592959843267 0.009049818920811808 0.008673173658647327 0.00832310268319967 0.00799707015537955 0.007692843381856698 0.007408449506956603 0.007142139354721118 0.006892357090637735 0.006657714646275508 0.006436970062458782 0.006229009072457066 0.006032829376960955 0.005847527165571164 0.005672285521341624 0.005506364410279539 0.0053490920101934665 0.005199857175638982
