4.400957745241113 4.880384864383603
4.400957810820494 4.880384864383603
4.400957745241113 4.880384937107005
4.189884903775113 4.877208847360384
4.189884966209263 4.877208847360384
4.189884903775113 4.877208920036459
2.7783716041696547 7.853169395976361
2.7783716455706178 7.853169395976361
2.7783716041696547 7.853169512997704
1.8467261350600452 10.762447121910398
1.846726162578409 10.762447121910398
1.8467261350600452 10.762447282283357
1.5486540963855724 12.033402290708482
1.5486541194623167 12.033402290708482
1.5486540963855724 12.03340247002015
1.5628485811370043 12.032918980891914
1.562848604425263 12.032918980891914
1.5628485811370043 12.032919160196379
1.563299246075935 12.03150518896293
1.563299269370909 12.03150518896293
1.563299246075935 12.031505368246329
0.029589967473173218 1.563299246075935 12.03150518896293 0.0003657929781490517
0.05725427093057272 0.055460590525471885 0.05378580528688991 0.05221843005174711 0.05074841868059994 0.04936694513569287 0.04806622332998192 0.046839357980289764 0.045680220421688435 0.044583344646719945 0.0435438398310839 0.04255731637554026 0.041619823089181926 0.040727793603912925 0.03987800047497358 0.03906751571083728 0.03829367670515107 0.0375540567267501 0.03684643927115255 0.03616879569600429 0.03551926565960507 0.03489613996048819
0.01075624591843431 0.01022137261455571 0.009730707565741148 0.009279310290458134 0.008862931154633553 0.008477896298279575 0.00812101461062544 0.007789502017941475 0.007480919466538238 0.007193121815730073 0.006924215480154793 0.006672523133299764 0.006436554144177478 0.006214979695541799 0.006006611745745757 0.005810385162650874 0.005625342488244094 0.005450620895242648 0.005285440978299424 0.0051290970872383355 0.0049809489616810835 0.00484041446824751
