7.3907859288637585 4.047193811322915
7.390786038995051 4.047193811322915
7.3907859288637585 4.047193871630802
5.190347049625748 2.8629630067505922
5.190347126967946 2.8629630067505922
5.190347049625748 2.8629630494120657
4.413835412845021 4.1131028175705
4.993869089316439 3.174701049692331
4.993869163730887 3.174701049692331
4.993869089316439 3.1747010969990628
4.7913865018838955 3.530988527354124
4.791386573281118 3.530988527354124
4.7913865018838955 3.530988579969953
4.399519707832505 4.250849816442381
4.399519773390457 4.250849816442381
4.399519707832505 4.25084987978498
3.6761934190609558 5.72184897320749
3.6761934738405064 5.72184897320749
3.6761934190609558 5.721849058469684
2.4054609673775866 8.743999994113878
3.3904404332965514 6.490031953320074
3.390440483818051 6.490031953320074
3.3904404332965514 6.490032050029086
2.7748236042151575 8.009260494054962
2.7748236455632513 8.009260494054962
2.7748236042151575 8.009260613402244
2.132227259464128 9.842518323594458
2.13222729123679 9.842518323594458
2.132227259464128 9.84251847025941
2.210681685591173 9.720759492488423
2.210681718532897 9.720759492488423
2.210681685591173 9.720759637339027
2.212011903016336 9.717979782942038
2.212011935977882 9.717979782942038
2.212011903016336 9.717979927751221
0.03631310044994718 2.212011903016336 9.717979782942038 0.00032366876721022617
0.05828654936039858 0.05641879315016608 0.05467439602878869 0.053041552934033565 0.05150991643500142 0.050070379110813884 0.048714893631509555 0.047436323170555156 0.046228316371962355 0.04508520231325741 0.04400190184365341 0.04297385240414547 0.041996944003953283 0.04106746447362038 0.04018205246738295 0.03933765696739726 0.03853150226612494 0.037761057582874395 0.037024010615564984 0.03631824444646083 0.03564181731652046 0.03499294486150864
0.010434759830298922 0.009872356446119638 0.009357821615927835 0.008885755502864724 0.008451509089297643 0.008051061186609828 0.007680918440920963 0.007338033540198016 0.007019737923269334 0.006723686116104864 0.0064478094466145835 0.006190277367492245 0.005949464984587383 0.00572392567321641 0.005512367886838623 0.005313635436555889 0.0051266906571018536 0.0049505999837590195 0.004784521551331042 0.004627694495739074 0.004479429694709144 0.004339101729225612
