4.640987514192071 6.994907227438248
4.640987583348174 6.994907227438248
4.640987514192071 6.994907331670488
3.6542428419645145 5.564625486407856
3.654242896416976 5.564625486407856
3.6542428419645145 5.564625569327237
3.265844772489958 6.361848610278338
3.2658448211548374 6.361848610278338
3.265844772489958 6.36184870507727
1.9711497970994205 9.52571011773086
1.9711498264718414 9.52571011773086
1.9711497970994205 9.525710259675002
1.8293120029609482 10.368487051448502
1.8293120302198211 10.368487051448502
1.8293120029609482 10.368487205950998
1.7305460165745754 10.714786994904554
1.7305460423617205 10.714786994904554
1.7305460165745754 10.714787154567322
1.7315536798047684 10.715035833398927
1.7315537056069288 10.715035833398927
1.7315536798047684 10.715035993065403
0.03172626210075968 1.7315536798047684 10.715035833398927 0.00044274103477743074
0.05827072611308972 0.0564548083910163 0.054757997915529696 0.053168935087698065 0.051677662977652195 0.05027541732830932 0.04895445311588223 0.04770790047513639 0.0465296443639766 0.045414223536509445 0.044356745311428136 0.043352813332596406 0.0423984660717983 0.041490124257249725 0.04062454575353926 0.03979878669010159 0.03901016785192915 0.03825624551999748 0.03753478608901247 0.03684374390364476 0.0361812418468741 0.03554555428968674
0.011457680969293633 0.010875326341950124 0.010341311685755635 0.009850254116072878 0.009397516008681875 0.008979082698963555 0.00859146318272472 0.008231608982181445 0.007896847456444046 0.007584826673272082 0.0072934695921637 0.007020935791284741 0.0067655893408538155 0.006525971711453657 0.006300778827949065 0.006088841553501988 0.005889109024937495 0.0057006343689425315 0.005522562414696607 0.005354119087417479 0.005194602222683136 0.005043373586127558
