12.07384116776805 12.503608402999225
12.073841347682304 12.503608402999225
12.07384116776805 12.503608589317508
4.212013477425834 4.4080561371523075
4.212013540189726 4.4080561371523075
4.212013477425834 4.408056202837463
4.041587070797752 4.526036225464655
4.0415871310220925 4.526036225464655
4.041587070797752 4.52603629290785
1.6855617729807477 9.348298743668948
3.4504506343589596 5.731343860388302
3.4504506857746806 5.731343860388302
3.4504506343589596 5.731343945791981
2.4863256446224082 8.017689324904756
2.4863256816715475 8.017689324904756
2.4863256446224082 8.017689444377638
1.5064860498062709 10.923660864117409
1.5064860722546622 10.923660864117409
1.5064860498062709 10.92366102689264
1.6787180908861188 10.661090039740273
1.6787181159009676 10.661090039740273
1.6787180908861188 10.661090198602894
1.685368531319734 10.647658041710752
1.6853685564336822 10.647658041710752
1.685368531319734 10.64765820037322
0.03440440394296074 1.685368531319734 10.647658041710752 0.0004931585018408574
0.060807644044884306 0.05892004882396752 0.05715603477983245 0.05550383608738583 0.053953137387841826 0.05249485697745969 0.05112096768025688 0.04982434800278547 0.04859865777872317 0.04743823373907457 0.0463380013876654 0.045293400292239876 0.04430032047084667 0.04335504799977551 0.04245421832171875 0.04159477601257372 0.04077393998859941 0.03998917331484232 0.039238156920293976 0.03851876664241419 0.03782905311907545 0.0371672241240482
0.011043600565899113 0.01049057442523647 0.00998310430547285 0.00951614194478246 0.00908533611488976 0.008686918371459193 0.008317610286242162 0.007974547643161791 0.007655218123175429 0.007357409785201886 0.007079168242057305 0.006818760881011569 0.006574646824269874 0.006345451591645673 0.006129945635189589 0.005927026077822991 0.005735701115705184 0.005555076645093896 0.005384344754842409 0.00522277378997021 0.005069699743429181 0.004924518774938784
