6.1909749998284465 10.32639083074681
6.190975092081163 10.32639083074681
6.1909749998284465 10.326390984622025
3.646475676604267 6.130557750227153
3.6464757309409888 6.130557750227153
3.646475676604267 6.1305578415795825
3.497988053045247 6.247452915638445
3.497988105169331 6.247452915638445
3.497988053045247 6.247453008732748
2.2315145034586577 9.271479693224636
3.179512570180891 7.003236580562199
3.17951261755932 7.003236580562199
3.179512570180891 7.003236684918557
2.6177402537175687 8.447269295263286
2.617740292724938 8.447269295263286
2.6177402537175687 8.447269421137408
2.367277724860431 9.227235853443204
2.3672777601356176 9.227235853443204
2.367277724860431 9.227235990939732
2.3802952145073704 9.208974797292676
2.380295249976533 9.208974797292676
2.3802952145073704 9.208974934517094
2.3804156102047314 9.208659687984477
2.380415645675688 9.208659687984477
2.3804156102047314 9.2086598252042
0.037453754508881 2.3804156102047314 9.208659687984477 0.000283227991423669
0.05786406504100934 0.05600038347126591 0.05425973868855608 0.05263037707974801 0.051101991979378814 0.049665508509395516 0.04831290551487363 0.04703706738331512 0.04583166008517794 0.04469102696059748 0.043610100693191274 0.042584328623209905 0.041609609108372844 0.04068223707810531 0.03979885727293267 0.03895642393612367 0.03815216594492575 0.037383556545842585 0.03664828700152167 0.03594424357301735 0.03526948735597366 0.03462223656690659
0.010496020038176197 0.009919545036657323 0.009392522626989095 0.008909357156501055 0.008465230486005745 0.00805597508483561 0.007677970717327959 0.007328059837865003 0.007003477917518304 0.00670179576086334 0.006420871507244936 0.00615881049778303 0.0059139315649536645 0.0056847385930066585 0.005469896425006357 0.005268210370955033 0.005078608712556423 0.004900127712202539 0.004731898723171415 0.004573137069729788 0.004423132423621663 0.004281240450207573
