13.42802222517668 3.6998635310289094
13.428022425269804 3.6998635310289094
13.42802222517668 3.699863586161172
5.886300336152481 1.6511186706638377
5.886300423865191 1.6511186706638377
5.886300336152481 1.651118695267423
7.470558458744186 0.09962520288243559
6.352389391367539 1.350995606185915
6.352389486025517 1.350995606185915
6.352389391367539 1.3509956263173182
7.1697940598288366 0.6019288181962097
6.566522795316409 1.1749981612641458
6.5665228931652235 1.1749981612641458
6.566522795316409 1.1749981787729828
6.359426086813634 1.359224024358983
6.518765441509414 1.2252077083041368
6.518765538646589 1.2252077083041368
6.518765441509414 1.2252077265611543
6.414819382713705 1.3168716089808434
6.493133367071008 1.2485194569330125
6.493133463826235 1.2485194569330125
6.493133367071008 1.248519475537402
6.441379483176352 1.2945987251392899
6.441379579160386 1.2945987251392899
6.441379483176352 1.2945987444303142
6.454480623978603 1.283264250042597
6.45448072015786 1.283264250042597
6.454480623978603 1.2832642691647245
6.480153222048976 1.259997136502904
6.460923089191839 1.2774744144675791
6.460923185467095 1.2774744144675791
6.460923089191839 1.2774744335034314
6.45451225389392 1.2832992530741378
6.459328322342624 1.2789393174753714
6.459328418594116 1.2789393174753714
6.459328322342624 1.2789393365330524
6.4569398890303376 1.2811020520102305
6.458730113993344 1.2794797697178868
6.459177671701702 1.2790741981417963
6.4591777679509494 1.2790741981417963
6.459177671701702 1.279074217201487
0.23786743631072793 6.459177671701702 1.2790741981417963 0.0002635489123508456
0.05838684467283509 0.05641136996952723 0.05456668093875941 0.052840406610253784 0.05122166509459174 0.04970084952776778 0.0482694493359121 0.046919900306725874 0.04564545827125045 0.04444009222876981 0.043298393556214135 0.042215498582003755 0.04118702231114565 0.04020900149269957 0.039277845544752665 0.038390294112911595 0.037543380249277815 0.0367343983701966 0.0359608762907862 0.03522055074864697 0.03451134592317598 0.0338313545344855
0.009608595631237789 0.008998441621272408 0.008444255355401867 0.007939519121925675 0.007478618570983909 0.007056699468101312 0.006669549756073165 0.006313502035964834 0.005985352596522486 0.005682293913439712 0.005401858158928494 0.0051418697479816 0.004900405330907149 0.0046757599452128045 0.004466418281316871 0.004271030209369416 0.004088389869082394 0.003917417748945708 0.0037571452818044647 0.0036067015653747712 0.00346530188270851 0.0033322377518919376
