13.267522033153336 12.067301924471382
13.26752223085482 12.067301924471382
13.267522033153336 12.067302104288192
4.287410355164033 3.9430917362547877
4.287410419051426 3.9430917362547877
4.287410355164033 3.9430917950114335
4.218876360840176 3.971337278575043
4.218876423706333 3.971337278575043
4.218876360840176 3.9713373377525802
2.921937659561826 6.4739433044851875
3.8944424466114325 4.596964303089836
3.894442504643147 4.596964303089836
3.8944424466114325 4.596964371589942
3.3434685762437457 5.763952338880566
3.34346862606531 5.763952338880566
3.3434685762437457 5.763952424770149
3.106398662636764 6.383808038139213
3.1063987089257115 6.383808038139213
3.106398662636764 6.383808133265365
3.099201596446327 6.417420321419103
3.0992016426280293 6.417420321419103
3.099201596446327 6.4174204170461175
0.054590107402084254 3.099201596446327 6.417420321419103 0.0006339986333264929
0.06180194898534937 0.059808059275637704 0.057943845583034455 0.0561971781906955 0.05455738120280185 0.05301502312817341 0.05156174228696143 0.050190100534997846 0.04889346013942436 0.0476658796789688 0.04650202565451772 0.04539709713392683 0.04434676125941177 0.04334709784661301 0.0423945516244806 0.04148589092200848 0.040618171815021656 0.03978870691407011 0.038995038111086316 0.0382349127141057 0.03750626249097084 0.03680718521843048
0.010650654058031162 0.0100365269332466 0.009475770894742037 0.00896237718554533 0.008491155474565271 0.008057604525419796 0.007657805910788502 0.007288336235955632 0.006946194306485232 0.006628740422744563 0.006333645563012428 0.006058848667757876 0.005802520590615124 0.005563033559314011 0.005338935209477306 0.005128926428758518 0.004931842388174439 0.0047466362492816685 0.004572365125909308 0.004408177952022975 0.004253304966485175 0.004107048573750051
