8.450698540317573 7.870384887212636
8.450698666242793 7.870384887212636
8.450698540317573 7.87038500449051
4.400906031732987 4.13282178031861
4.400906097311597 4.13282178031861
4.400906031732987 4.132821841902453
4.311164616330213 4.211974844105839
4.311164680571572 4.211974844105839
4.311164616330213 4.211974906869155
2.6116948375458278 7.580294854240017
3.8859848920213187 5.0540182856339975
3.885984949927006 5.0540182856339975
3.8859848920213187 5.054018360944738
3.1741131402917113 6.63424521065682
3.174113187589683 6.63424521065682
3.1741131402917113 6.634245309514777
3.067024506002255 7.0153086146741455
3.0670245517044816 7.0153086146741455
3.067024506002255 7.01530871921039
3.066578499918569 7.021984778553217
3.0665785456141497 7.021984778553217
3.066578499918569 7.021984883188944
0.04925468202854022 3.066578499918569 7.021984778553217 0.00035259596431014983
0.05952010393846137 0.05757837387704475 0.05576418632765336 0.054065481016162154 0.0524716600761139 0.05097337477054831 0.049562348147525144 0.048231226823017205 0.04697345650623931 0.04578317698134763 0.04465513311441659 0.04358459912387777 0.042567313879609166 0.04159942541316684 0.04067744315388269 0.039798196671424375 0.03895879991924209 0.03815662014612018 0.03738925078333099 0.03665448772927011 0.03595030854711842 0.03527485416809027
0.01030902476206388 0.009711084465933382 0.009165524584127917 0.008666388254423125 0.008208539830448723 0.007787533288713241 0.007399504452514825 0.007041082264148537 0.006709315376573798 0.006401611131570207 0.006115684604330683 0.0058495158692659175 0.005601314011739491 0.005369486700274454 0.005152614362030397 0.0049494281850453676 0.004758791314487832 0.004579682725070173 0.004411183344047943 0.004252464073655626 0.00410277542211936 0.00396143850142701
