3.0893760320161014 1.0040564572230473
3.0893760780513917 1.0040564572230473
3.0893760320161014 1.0040564721846543
1.373862147738954 3.762567966957814
1.3738621682110954 3.762567966957814
1.373862147738954 3.762568023024446
1.6447915992580264 6.999691824456384
1.6447916237673312 6.999691824456384
1.6447915992580264 6.999691928759921
2.321658409139337 8.144268646266864
2.321658443734743 8.144268646266864
2.321658409139337 8.144268767625924
2.7554005335987046 7.598936768061736
2.755400574657372 7.598936768061736
2.7554005335987046 7.598936881294718
2.8130452039539575 7.483917214244339
2.8130452458715975 7.483917214244339
2.8130452039539575 7.483917325763396
2.8137666714450256 7.482523783789198
2.813766713373416 7.482523783789198
2.8137666714450256 7.482523895287491
0.04790173200128334 2.8137666714450256 7.482523783789198 0.00022409264628342625
0.06095320674436196 0.05898394820136274 0.05714363941609994 0.05542010862220865 0.053802659360604146 0.052281855157741024 0.050849340544801724 0.04949769151675537 0.04822028997608852 0.04701121782253491 0.04586516721795803 0.044777364234259646 0.04374350362617841 0.042759692893369054 0.04182240413231325 0.04092843244747063 0.040074859907189384 0.03925902420445181 0.03847849132417682 0.03773103163425719 0.037014598912020184 0.03632731189548702
0.010312281541148572 0.009727715006962602 0.009193755388460925 0.008704687153743772 0.008255580321180386 0.007842164573718448 0.007460726213833246 0.007108023366217247 0.006781215842425681 0.006477806851017142 0.006195594328110581 0.00593263012064354 0.005687185610408354 0.005457722645286825 0.005242868863046653 0.005041396666187654 0.004852205243915161 0.004674305147200643 0.004506805011058798 0.004348900089238228 0.004199862324057639 0.004059031720895078
