9.765554274383842 6.62004617630123
9.76555441990194 6.62004617630123
9.765554274383842 6.6200462749476054
4.86503020187912 3.3302455131645456
4.865030274373719 3.3302455131645456
4.86503020187912 3.330245562789071
4.622930584625166 3.723543925913355
4.6229306535122 3.723543925913355
4.622930584625166 3.723543981398483
2.708768323253384 7.297332364343161
4.147867313762981 4.618844824506882
4.14786737557102 4.618844824506882
4.147867313762981 4.618844893333033
3.2852300569937656 6.4531981723143055
3.2852301059475084 6.4531981723143055
3.2852300569937656 6.453198268474452
2.5729745985922468 8.351009386148775
2.572974636932556 8.351009386148775
2.5729745985922468 8.351009510588511
2.3085979309852784 9.228115106561193
2.308597965386068 9.228115106561193
2.3085979309852784 9.228115244070823
2.3258743089505898 9.202969557618374
2.3258743436088176 9.202969557618374
2.3258743089505898 9.202969694753307
2.325836771899943 9.203157933152957
2.3258368065576116 9.203157933152957
2.325836771899943 9.203158070290696
0.038337132822311104 2.325836771899943 9.203157933152957 0.0003809330173297161
0.058911092187235975 0.05702182984713558 0.055257020407994926 0.05360479849825475 0.05205475689415337 0.05059773003577656 0.049225614812839005 0.04793122138404807 0.046708148346975745 0.045550677765465473 0.04445368648003356 0.04341257084029032 0.042423182556392 0.041481773805546324 0.04058495007704154 0.03972962951579665 0.038913007745703075 0.03813252733199799 0.037385851185764575 0.03667083933047709 0.03598552854581909 0.03532811448209345
0.010479999187314465 0.009909233236921392 0.009387197804007139 0.008908397694694667 0.008468099418536613 0.00806220707887407 0.007687161305588938 0.007339856465838665 0.007017572466501656 0.006717918276804265 0.006438784919671906 0.006178306155487755 0.005934825448420758 0.005706868089937031 0.005493117576235015 0.005292395510813364 0.0051036444411849706 0.004925913148181971 0.004758343993647074 0.0046001620023783125 0.0044506654106743395 0.00430921745956138
