10.07057081419821 5.079585538891611
10.070570964261409 5.079585538891611
10.07057081419821 5.079585614583334
5.1620821555203795 2.6324183387048867
5.1620822324413975 2.6324183387048867
5.1620821555203795 2.6324183779309767
3.062534954760036 5.917620762257877
4.6540455810668995 3.4642474541268964
4.654045650417583 3.4642474541268964
4.6540455810668995 3.4642475057482063
4.212102734345458 4.332997912243575
4.2121027971106795 4.332997912243575
4.212102734345458 4.332997976810275
3.364828424654724 6.0886429780592275
3.364828474794575 6.0886429780592275
3.364828424654724 6.088643068787078
2.6653998336847726 7.908248154771623
2.665399873402325 7.908248154771623
2.6653998336847726 7.908248272613703
2.227112764122817 9.231092553921595
2.2271127973093834 9.231092553921595
2.227112764122817 9.231092691475594
2.2657524962798687 9.17779285868775
2.265752530042212 9.17779285868775
2.2657524962798687 9.177792995447522
2.266116297439393 9.177016380069901
2.266116331207157 9.177016380069901
2.266116297439393 9.177016516818101
0.038339720307286385 2.266116297439393 9.177016380069901 0.0005999203181426328
0.05939647264805909 0.0575024352618059 0.05573278571968112 0.05407569829932322 0.05252079683303792 0.051058940006854264 0.04968204354026621 0.048382932101316264 0.04715521534208118 0.045993183613076555 0.044891719821215925 0.04384622460035094 0.042852552514514905 0.04190695744780407 0.041006045678320086 0.040146735407099565 0.039326221731901465 0.03854194623189378 0.037791570471733454 0.03707295284926596 0.03638412830551893 0.035723290493080144
0.010693150174862144 0.01011538291027964 0.009586715876332343 0.009101632201657535 0.00865537745140744 0.008243835717399972 0.00786342865940609 0.007511032762792211 0.007183911146748791 0.006879657065781401 0.006596146862846895 0.006331500604618766 0.006084048993721015 0.005852305435735515 0.005634942359871463 0.005430771065922874 0.00523872450743217 0.0050578425300517715 0.004887259171197812 0.004726191696991155 0.0045739311088451515 0.004429833897716706
