5.017153407361182 12.437836920000022
5.017153482122593 12.437836920000022
5.017153407361182 12.437837105338234
2.933342930407309 7.333650773499132
2.933342974117525 7.333650773499132
2.933342930407309 7.333650882779044
2.780682667051929 7.364236757187308
2.7806827084873293 7.364236757187308
2.780682667051929 7.364236866922988
1.8718002688848612 9.73524731286149
1.8718002967768588 9.73524731286149
1.8718002688848612 9.73524745792798
1.8582195626602587 9.988148904694855
1.858219590349888 9.988148904694855
1.8582195626602587 9.988149053529872
1.8605887032228905 9.984470831521191
1.8605887309478226 9.984470831521191
1.8605887032228905 9.984470980301401
0.03596126500594132 1.8605887032228905 9.984470831521191 0.000353567169559186
0.060806694092779785 0.058909881670649616 0.057136970051311256 0.055476209577289 0.05391729118550116 0.05245113249826909 0.05106970081392194 0.04976586580868509 0.048533276311098904 0.04736625669575813 0.04625971935678421 0.04520909043036403 0.04421024648940412 0.04325946036855629 0.04235335462198389 0.04148886138989158 0.04066318766864873 0.03987378515521484 0.03911832397865332 0.03839466974684537 0.03770086343056074 0.03703510368406846
0.011147234393530388 0.010575422484927105 0.010051101271647605 0.009568998310426357 0.00912456698817444 0.008713868326558379 0.008333474810923145 0.00798039166079506 0.007651992004480046 0.007345963207920946 0.007060262205843041 0.006793078140226109 0.006542800962846608 0.006307994931061675 0.006087376138347038 0.005879793387602079 0.005684211846546268 0.0054996990286639855 0.0053254127261748345 0.0051605905880329666 0.005004541089531245 0.004856635683430286
