8.369918905431746 6.5996738913724124
8.369919030153257 6.5996738913724124
8.369918905431746 6.599673989715217
4.542795566326771 3.616334315153175
4.5427956340197 3.616334315153175
4.542795566326771 3.6163343690407554
4.373456263843767 3.8429921469714436
4.373456329013344 3.8429921469714436
4.373456263843767 3.8429922042364892
2.391820568278985 7.600928428107441
3.87823469133289 4.782498802207158
3.87823474912309 4.782498802207158
3.87823469133289 4.782498873471943
3.0700831606569015 6.5437156336238305
3.0700832064047057 6.5437156336238305
3.0700831606569015 6.543715731132792
1.6651819403904597 10.155671759671208
2.7577653299335028 7.460888451887685
2.7577653710274084 7.460888451887685
2.7577653299335028 7.460888563063587
2.081088370470723 9.276680817862257
2.081088401481356 9.276680817862257
2.081088370470723 9.276680956095573
1.8260464643641112 10.16460857112441
1.826046491574324 10.16460857112441
1.8260464643641112 10.16460872258888
1.8385405079313504 10.150712054656276
1.8385405353277389 10.150712054656276
1.8385405079313504 10.150712205913672
1.8385779564279052 10.150615428091141
1.8385779838248517 10.150615428091141
1.8385779564279052 10.150615579347098
0.034815883260554514 1.8385779564279052 10.150615428091141 0.0003108891177996729
0.06006865164396765 0.058193926355905215 0.056441813948855925 0.05480066841156113 0.05326027429343087 0.05181163383742496 0.05044679091743517 0.04915868459270161 0.04794102664519775 0.046788198653416845 0.04569516507041121 0.04465739948297109 0.043670821782262885 0.04273174441096368 0.04183682619545473 0.04098303254467711 0.04016760101545911 0.039388011419438096 0.03864195978825743 0.03792733562857697 0.03724220199206012 0.03658477796215814
0.011229760778375389 0.01065403967081107 0.010126164395645251 0.009640816728566454 0.009193411776302032 0.008779978321678563 0.00839706151599579 0.008041643256951973 0.007711076656584311 0.007403031806345656 0.007115450655156921 0.006846509281199667 0.006594586195741267 0.00635823559403108 0.006136164683873932 0.005927214391419068 0.005730342876857749 0.005544611398264445 0.005369172145920432 0.005203257736824214 0.00504617211331932 0.00489728263362678
