4.115722032165637 11.253009582323788
4.115722093494675 11.253009582323788
4.115722032165637 11.253009750006697
2.831694099438776 7.855988598857173
2.831694141634306 7.855988598857173
2.831694099438776 7.8559887159205255
2.53214217241568 8.412805755970606
2.5321422101475384 8.412805755970606
2.53214217241568 8.412805881331181
1.1699973155076329 12.245063609132755
1.1699973329419515 12.245063609132755
1.1699973155076329 12.245063791598422
1.2203090706065418 12.611728767413878
1.2203090887905639 12.611728767413878
1.2203090706065418 12.611728955343281
1.21900267374146 12.63132814133638
1.2190026919060155 12.63132814133638
1.21900267374146 12.631328329557837
1.2189748415904023 12.63146858563314
1.218974859754543 12.63146858563314
1.2189748415904023 12.631468773856689
0.027334434361852122 1.2189748415904023 12.63146858563314 0.0004912860558567152
0.057674199768740386 0.05591529060007516 0.05427220100887998 0.052733787430051984 0.05129030043249483 0.0499331725520956 0.04865484375889335 0.04744861700133027 0.04630853795275462 0.045229294358950366 0.04420613135742831 0.04323477988662484 0.04231139588205969 0.041432508407984264 0.04059497522745892 0.03979594459374388 0.03903282226833019 0.038303242948690676 0.03760504543164218 0.03693625095354179 0.03629504424213977 0.03567975689123292
0.011713531151247642 0.01116139297425762 0.010654005505483186 0.01018641549449463 0.009754360066304743 0.009354151667225063 0.008982585111233102 0.008636861963292716 0.008314528625332341 0.008013425329862779 0.007731643875224469 0.007467492411667959 0.007219465949256703 0.006986221536039703 0.006766557269225112 0.006559394468692942 0.006363762472556265 0.006178785617125291 0.006003672044919765 0.005837704049117782 0.005680229714670483 0.005530655658037717
