5.215689565116595 1.3529030946350593
5.215689642836425 1.3529030946350593
5.215689565116595 1.3529031147948865
7.308445828643061 0.2896128052683
7.30844593754739 0.2896128052683
7.308445828643061 0.2896128201694612
6.8497757536129384 0.6556868427201429
6.849775855682551 0.6556868427201429
6.8497757536129384 0.6556868576213041
5.906712868426036 1.3543900336965975
5.906712956442917 1.3543900336965975
5.906712868426036 1.3543900538785818
6.077907014317567 1.592695875145306
6.07790710488544 1.592695875145306
6.077907014317567 1.592695898878324
6.500018568438011 1.1850069318288914
6.500018665295836 1.1850069318288914
6.500018568438011 1.1850069494868707
6.4104212830108995 1.301181816628144
6.410421378533621 1.301181816628144
6.4104212830108995 1.301181836017264
6.1971436482698214 1.5027004514373326
6.359141447130324 1.3536360613140412
6.359141541888916 1.3536360613140412
6.359141447130324 1.3536360814847903
6.46585230526287 1.252953043030705
6.386140797181008 1.3288106220386253
6.386140892341921 1.3288106220386253
6.386140797181008 1.3288106418394465
6.413014717578522 1.3038494573854136
6.392938791233686 1.3226570470201267
6.392938886495897 1.3226570470201267
6.392938791233686 1.3226570667292525
6.406356065011025 1.3101553031826412
6.396299954377786 1.319538973178653
6.396300049690082 1.319538973178653
6.396299954377786 1.319538992841316
0.23878996586314594 6.396299954377786 1.319538973178653 0.0003152087100370721
0.05954170451578076 0.05752961236050314 0.05565060905401619 0.05389211721186913 0.052243072010941534 0.0506937039546417 0.04923535745036143 0.04786033860103899 0.04656178694564683 0.04533356692528721 0.044170175670320284 0.04306666435070671 0.042018570845231785 0.04102186189494502 0.040072883234533514 0.039168316459780216 0.03830514160313584 0.03748060456315889 0.03669218867527659 0.03593758982735342 0.03521469461894303 0.034521561141807315
0.00940032033643922 0.008804250404772935 0.008262788584114888 0.007769583096125355 0.00731916149277242 0.00690679138244346 0.006528365734147023 0.006180308017111644 0.00585949341995307 0.0055631831613568205 0.005288969504370362 0.005034729557676689 0.004798586318960601 0.004578875709984894 0.004374118587304348 0.004182996899736464 0.00400433331385769 0.0038370737497044807 0.003680272366595647 0.00353307861829078 0.003394726061270317 0.003264522652686281
