9.004918412431627 8.464941843258796
9.004918546615368 8.464941843258796
9.004918412431627 8.464941969396259
4.359225872098646 4.134978097160437
4.3592259370561734 4.134978097160437
4.359225872098646 4.134978158776413
4.243227734622896 4.24615422034396
4.243227797851916 4.24615422034396
4.243227734622896 4.246154283616589
2.1953900295518993 8.312091239446033
3.730762789297274 5.262578440291908
3.7307628448899717 5.262578440291908
3.730762789297274 5.262578518710438
2.8869470165178446 7.177784507058004
2.8869470595367073 7.177784507058004
2.8869470165178446 7.177784614015328
2.543260925018346 8.227471979634167
2.543260962915887 8.227471979634167
2.543260925018346 8.227472102233053
2.562435060441864 8.214165710044435
2.562435098625122 8.214165710044435
2.562435060441864 8.214165832445042
2.5630514721090725 8.212502796905467
2.5630515103015155 8.212502796905467
2.5630514721090725 8.212502919281295
0.04373999994472422 2.5630514721090725 8.212502796905467 0.0002916469200877001
0.06060382334135243 0.05865692849136544 0.05683765608040251 0.055133924702057434 0.053535124130342525 0.052031899269419514 0.050615970840641594 0.04927998577061758 0.048017391732230644 0.04682233143629655 0.04568955315959302 0.04461433468773108 0.04359241839505556 0.04261995561303541 0.04169345877943567 0.04080976013263826 0.03996597593379664 0.039159475375559284 0.038387853478743295 0.037648907394445714 0.03694061562400257 0.03626111974713591
0.01040564657380824 0.009828144707471006 0.009300213646781996 0.00881626962343937 0.008371497927347296 0.007961728928216073 0.0075833367943618545 0.007233156292976653 0.006908414081450916 0.006606671679101951 0.006325777905626946 0.006063829032537098 0.005819135250375218 0.005590192332555344 0.005375657594715195 0.005174329420422973 0.00498512976039403 0.004807089120987147 0.0046393336447185215 0.004481073955496813 0.004331595497825723 0.004190250145116548
