6.464924344480391 13.036301482617148
6.46492444081527 13.036301482617148
6.464924344480391 13.036301676873178
3.170713430624933 6.454163311181354
3.170713477872245 6.454163311181354
3.170713430624933 6.454163407355882
3.0408031940534848 6.380640025143904
3.0408032393649833 6.380640025143904
3.0408031940534848 6.38064012022285
2.261720245720923 8.286076389409754
2.261720279423181 8.286076389409754
2.261720245720923 8.286076512881914
2.272538009149201 8.404335351285624
2.272538043012656 8.404335351285624
2.272538009149201 8.40433547651998
2.272180765870698 8.406540339959271
2.27218079972883 8.406540339959271
2.272180765870698 8.406540465226485
0.040478163156656866 2.272180765870698 8.406540339959271 0.00024276265890611884
0.06089223331030325 0.058979645740222054 0.057191090012278525 0.05551493410523829 0.053940951404095834 0.05246011565930587 0.051064430616239456 0.04974678770690039 0.04850084658750471 0.04732093437811923 0.04620196029284401 0.04513934299897512 0.044128948554265066 0.04316703717500547 0.04225021740842911 0.04137540653924677 0.04053979626599889 0.0397408228490677 0.0389761410669526 0.03824360142719365 0.03754123016815745 0.03686721166170984
0.011563287832546032 0.010941945292374666 0.010372980722103223 0.009850572441862703 0.009369692511461948 0.00892597977947794 0.008515636025070942 0.008135340522075016 0.007782179387272017 0.007453586861026449 0.007147296271235696 0.006861298896584751 0.0065938093060536745 0.0063432360334512 0.006108156667035147 0.00588729660898324 0.005679510898128562 0.0054837685999699565 0.005299139356616493 0.005124781760715981 0.0049599332751707245 0.004803901467368473
