5.717104499589771 8.711824382206519
5.717104584781267 8.711824382206519
5.717104499589771 8.711824512022819
3.6933089973283066 5.663195503450499
3.6933090523628995 5.663195503450499
3.6933089973283066 5.663195587838688
3.6101059045754633 5.699204086675747
3.6101059583702333 5.699204086675747
3.6101059045754633 5.699204171600506
3.020444457562119 7.045563223523467
3.020444502570249 7.045563223523467
3.020444457562119 7.04556332851054
3.046609045532644 7.056342419243034
3.0466090909306565 7.056342419243034
3.046609045532644 7.05634252439073
3.0470344286869944 7.055432107343595
3.0470344740913458 7.055432107343595
3.0470344286869944 7.055432212477726
0.05052853138967006 3.0470344286869944 7.055432107343595 0.0002794702860779999
0.06039153128477091 0.05842211271767748 0.056582052981546796 0.05485911923164443 0.0532425621783361 0.05172289967718844 0.0502917367905346 0.04894161541007389 0.04766588797372924 0.046458610925940814 0.04531445443874466 0.0442286255905302 0.043196802734405765 0.042215079211733626 0.04127991490363532 0.04038809438313193 0.03953669064760512 0.038723033586630304 0.037944682482589094 0.037199401957540505 0.03648514087487398 0.035800013782410225
0.01008313359810086 0.009499762319740226 0.008967430622751096 0.008480337949554181 0.008033483277381799 0.007622536969638556 0.007243735833332904 0.00689379673272017 0.006569845124095658 0.006269355653198616 0.005990102554539095 0.005730118054985534 0.0054876573446133465 0.005261168960298259 0.005049269649970038 0.0048507229614908375 0.004664420940151697 0.0044893684306940565 0.0043246695696193115 0.004169516126017252 0.004023177407840225 0.0038849914982886005
