7.653681121103338 13.356028052237159
7.6536812351520735 13.356028052237159
7.653681121103338 13.356028251257486
3.5300578277119037 6.217121031650799
3.5300578803138642 6.217121031650799
3.5300578277119037 6.217121124293121
3.369155258976307 6.2389983161937845
3.3691553091806328 6.2389983161937845
3.369155258976307 6.238998409162104
1.9773642227780468 9.567858874202491
3.0183133663955206 7.070852733779627
3.018313411371895 7.070852733779627
3.0183133663955206 7.0708528391435435
2.4046656211817012 8.663806309584592
2.4046656570140112 8.663806309584592
2.4046656211817012 8.663806438685366
2.0595715605046854 9.74597806085883
2.0595715911946932 9.74597806085883
2.0595715605046854 9.745978206085221
2.081501714293564 9.717852162690228
2.081501745310357 9.717852162690228
2.081501714293564 9.717852307497509
2.0819241818444936 9.716671552872215
2.0819242128675812 9.716671552872215
2.0819241818444936 9.716671697661905
0.03608793305364255 2.0819241818444936 9.716671552872215 0.00031630923419865794
0.05916107820818871 0.05728718335757496 0.05553635094186381 0.053896864072063795 0.05235844620665672 0.0509120469511119 0.04954966483502777 0.04826419986195699 0.04704933017981321 0.04589940840799185 0.044809374073129106 0.043774679316101565 0.04279122558798601 0.04185530948902902 0.0409635762496849 0.04011297962714543 0.03930074721015987 0.03852435030127013 0.03778147768802172 0.037070012730318166 0.0363880132853554 0.035733694068775454
0.010864890035363135 0.010289454176174632 0.0097625339221122 0.009278694309194722 0.008833252099740124 0.008422153161483398 0.008041872690787967 0.007689333532955388 0.007361838933297972 0.007057016867525538 0.006772773718948534 0.006507255543416996 0.006258815527453202 0.0060259865275497865 0.005807457798909805 0.005602055194723452 0.005408724253419743 0.005226515699490377 0.005054572969736724 0.004892121445924926 0.004738459130516654 0.0045929485472014624
