13.811374892579314 8.061315878790145
13.811375098384838 8.061315878790145
13.811374892579314 8.061315998913113
4.950680503782273 2.9270133938048035
4.950680577553161 2.9270133938048035
4.950680503782273 2.927013437420702
2.529884914969966 6.934849661313018
4.357793479996499 3.936306539476269
4.357793544932681 3.936306539476269
4.357793479996499 3.9363065981318073
3.31348713471398 6.031580976082246
3.313487184088786 6.031580976082246
3.31348713471398 6.031581065959807
2.493572962607143 8.22440825105631
2.4935729997642753 8.22440825105631
2.493572962607143 8.224408373609544
1.743288125878967 10.507787780560003
1.7432881518559844 10.507787780560003
1.743288125878967 10.507787937138243
1.8390022554586813 10.383101652954851
1.8390022828619503 10.383101652954851
1.8390022554586813 10.383101807675123
1.8429649269333899 10.372918497117201
1.8429649543957074 10.372918497117201
1.8429649269333899 10.372918651685731
0.033910743054260006 1.8429649269333899 10.372918497117201 0.0005295820051323503
0.05925291664016428 0.05739593661693411 0.055660809017834816 0.0540359190968433 0.05251108411462974 0.05107733943526352 0.04972676175440852 0.048452322177714675 0.04724776344848761 0.04610749683021416 0.04502651507740409 0.044000318646846455 0.04302485286169391 0.04209645418046458 0.04121180407016439 0.04036788925837545 0.03956196735926219 0.03879153704513981 0.038054312077823595 0.037348198629571144 0.03667127541759794 0.036021776253196316
0.011093045560773698 0.010522654162924508 0.009999791974598972 0.009519160257796668 0.009076193369808737 0.008666938697491562 0.008287959108588505 0.007936253201736564 0.007609189721186451 0.007304453317224714 0.00701999945037483 0.006754016708095956 0.006504895164142047 0.006271199690178321 0.0060516473466668205 0.005845088150233017 0.005650488648749482 0.005466917841507271 0.005293535066351063 0.005129579543288467 0.004974361318486965 0.004827253396542014
