10.643425930353288 10.797694622554902
10.643426088952694 10.797694622554902
10.643425930353288 10.797694783453089
4.2656781081308965 4.372596021914358
4.265678171694454 4.372596021914358
4.2656781081308965 4.372596087071116
4.116343297549113 4.494129976496115
4.116343358887408 4.494129976496115
4.116343297549113 4.49413004346387
1.915787028545057 9.001341711230936
3.5649087589452417 5.6207790658720995
3.564908812066522 5.6207790658720995
3.5649087589452417 5.620779149628234
2.6589151776534474 7.754323984754969
2.6589152172743713 7.754323984754969
2.6589151776534474 7.754324100303401
2.0217363854996 9.66931783599513
2.0217364156258197 9.66931783599513
2.0217363854996 9.669317980079194
2.108846929901819 9.534937543461169
2.108846961326087 9.534937543461169
2.108846929901819 9.53493768554281
2.108193156323472 9.538460761205322
2.108193187737998 9.538460761205322
2.108193156323472 9.538460903339463
0.036227351431242116 2.108193156323472 9.538460761205322 0.00032328184678762545
0.059090723265387404 0.05722110944793692 0.05547407149968123 0.05383796220995909 0.05230256288880157 0.05085887145836659 0.04949892702747791 0.04821566386102487 0.04700278917909739 0.04585468038733046 0.044766298239845466 0.043733113135102544 0.042751042291339025 0.041816395978021934 0.040925831319777804 0.040076312459842785 0.039265076086550686 0.038489601500467784 0.037747584540484394 0.037036914801430405 0.03635565566898921 0.03570202677405337
0.011033010926358961 0.010446887844184245 0.009910211522430169 0.00941744620354134 0.008963820511414759 0.008545203081180803 0.008158001285358936 0.007799078274521363 0.007465684634843009 0.007155401783636093 0.006866094846627336 0.0065958732375565755 0.006343057528239599 0.006106151482388201 0.005883818349051336 0.005674860686290385 0.005478203123680311 0.005292877581766584 0.005118010554022106 0.004952812126957428 0.004796566470538879 0.004648623576815206
