11.154528654627123 8.876011384422585
11.154528820842552 8.876011384422585
11.154528654627123 8.87601151668546
4.66012079448965 3.747045683692046
4.660120863930861 3.747045683692046
4.66012079448965 3.747045739527378
4.4860926739117275 3.9900549824562366
4.486092740759718 3.9900549824562366
4.4860926739117275 3.9900550419126892
2.425826876741767 7.969518280153324
3.9717365206110644 4.985288223136985
3.9717365797945505 4.985288223136985
3.9717365206110644 4.985288297423568
3.0484557704779642 7.026797096399675
3.048455815903495 7.026797096399675
3.0484557704779642 7.026797201107112
2.295430200065998 9.137047866683238
2.2954302342705737 9.137047866683238
2.295430200065998 9.137048002835861
2.1140102043281646 9.839166061262102
2.1140102358293715 9.839166061262102
2.1140102043281646 9.839166207877101
2.121363476914943 9.832590109693577
2.1213635085257225 9.832590109693577
2.121363476914943 9.832590256210587
0.03497929017211476 2.121363476914943 9.832590109693577 0.00021163336789146466
0.057991913051163066 0.056145573919357976 0.05442086820694956 0.05280617909763936 0.051291322145022675 0.04986733162319724 0.048526283869778905 0.047261150391836794 0.046065675068135976 0.04493427097585397 0.04386193328995819 0.042844165416797614 0.04187691608025086 0.04095652551609381 0.04007967927581008 0.039243368415690205 0.038444855066516896 0.037681642555417394 0.03695144939378925 0.036252186560666116 0.03558193760498823 0.0349389411672764
0.010811042668187585 0.010233938520612993 0.009705724773331863 0.009220903054417537 0.00877473803009445 0.00836313256347327 0.007982526198054625 0.007629812105123766 0.007302268744044307 0.006997503320530906 0.006713404762425534 0.0064481044173479996 0.00619994304962945 0.005967443002822872 0.0057492846192011855 0.00554428618413209 0.005351386802366154 0.005169631723594852 0.00499815972256607 0.004836192209487203 0.004683023803155764 0.004538014145126335
