13.008540413167108 10.006635704616247
13.008540607009465 10.006635704616247
13.008540413167108 10.006635853726738
4.551331804415325 3.541512506747903
4.551331872235454 3.541512506747903
4.551331804415325 3.541512559520552
4.399063643763956 3.758629971829027
4.399063709315112 3.758629971829027
4.399063643763956 3.758630027836978
2.140748439448598 7.997195725072741
3.835282376368392 4.818695952297754
3.835282433518553 4.818695952297754
3.835282376368392 4.81869602410192
2.8385980374586284 7.003410379911831
2.8385980797570354 7.003410379911831
2.8385980374586284 7.003410484270778
2.1370658780523852 9.030427555692276
2.1370659098971485 9.030427555692276
2.1370658780523852 9.030427690256133
2.225507862451112 8.925530755380793
2.2255078956137635 8.925530755380793
2.225507862451112 8.925530888381566
2.2295938164797855 8.915333229645588
2.2295938497033223 8.915333229645588
2.2295938164797855 8.915333362494406
0.039434592004282565 2.2295938164797855 8.915333229645588 0.00036513669313567387
0.06049647079674327 0.05858304225603656 0.056794556377676206 0.05511920478047612 0.05354661786238241 0.05206765298807653 0.050674218835954875 0.049359128943190056 0.048115978968932806 0.04693904333383914 0.04582318777458464 0.04476379503768841 0.04375670147428719 0.042798142721120175 0.0418847069888886 0.04101329474697971 0.04018108380822252 0.03938549899028483 0.03862418567032707 0.03789498666339215 0.03719592194803178 0.0365251708389878
0.011008136893557889 0.010417769188017172 0.00987728646138175 0.009381115674714707 0.008924449389303075 0.008503122132667936 0.008113509509344379 0.0077524453980696755 0.007417153620766744 0.007105191260077504 0.006814401406340203 0.0065428735791669464 0.006288910427823335 0.00605099959399112 0.005827789839167481 0.005618070711084529 0.005420755159766797 0.005234864622235309 0.005059516181541594 0.004893911475461554 0.004737327086405146 0.004589106189694064
