10.5743873074649 1.2394443587432566
10.57438746503555 1.2394443587432566
10.5743873074649 1.2394443772124168
7.010349079680502 0.8385696743710924
7.010349184142844 0.8385696743710924
7.010349079680502 0.8385696892722536
4.128675310595919 2.725866624113806
6.328261366981305 1.3642855626424297
6.8893625834507 1.0166527179695644
6.889362686110203 1.0166527179695644
6.8893625834507 1.0166527331188704
6.55354334128493 1.286153455148972
6.814002547515421 1.0935207259810131
6.814002649051972 1.0935207259810131
6.814002547515421 1.0935207422757418
6.646364303681364 1.2286085562674316
6.64636440271991 1.2286085562674316
6.646364303681364 1.2286085745751258
6.488005846637505 1.3744643129928598
6.609625633105909 1.2679433564105862
6.609625731597006 1.2679433564105862
6.609625633105909 1.2679433753044145
6.52988814043126 1.3402604217117655
6.5898969654188875 1.2862468745364406
6.604905449791661 1.2727376043714678
6.604905548212422 1.2727376043714678
6.604905449791661 1.272737623336736
0.248924373363275 6.604905449791661 1.2727376043714678 0.0002598835424844579
0.05867153231909765 0.05666926312214219 0.05480040496417025 0.05305225783348315 0.05141366006646509 0.049874765819195414 0.04842685948878453 0.04706220022725305 0.045773891086212985 0.0445557684190581 0.04340230802104381 0.04230854516073661 0.041270006189772224 0.04028264984275272 0.03934281667915907 0.0384471853925663 0.037592734933269735 0.03677671156955098 0.035996600158720145 0.0352500990184036 0.03453509788653083 0.03384965853923234
0.008962186052375937 0.00838745905353202 0.007865903070385198 0.007391274501763416 0.0069582022258708265 0.006562048123135326 0.006198792441369486 0.005864939165235397 0.005557437567990373 0.005273616911844893 0.00501113187794653 0.004767916788530961 0.004542147062728308 0.004332206647064343 0.004136660399515183 0.003954230595581458 0.0037837768766390565 0.003624279082827104 0.003474822511177233 0.0033345852194218172 0.0032028270607366524 0.0030788801875545227
