3.0716574995112618 1.6346915110003786
3.0716575452825254 1.6346915110003786
3.0716574995112618 1.6346915353591802
2.589306052904872 1.3855601689368267
2.589306091488539 1.3855601689368267
2.589306052904872 1.385560189583282
2.5864080431216028 1.3775776646209612
2.586408081662086 1.3775776646209612
2.5864080431216028 1.377577685148468
3.964839843651197 0.05000076071617565
2.9310106680619077 1.0456760983643183
2.6725535754230503 1.2945952108356147
2.672553615247202 1.2945952108356147
2.6725535754230503 1.2945952301265866
2.6942697563254123 1.2768073479484348
2.69426979647316 1.2768073479484348
2.6942697563254123 1.276807366974347
2.6526748491694288 1.314514986630723
2.683912978942831 1.2862803256754727
2.6839130189362512 1.2862803256754727
2.683912978942831 1.286280344842543
2.694309741210357 1.2768512494152098
2.686522087248234 1.2839340386302116
2.686522127280533 1.2839340386302116
2.686522087248234 1.2839340577623197
2.689121051271885 1.2815765197963847
2.689121091342911 1.2815765197963847
2.689121051271885 1.2815765388933629
2.6884724638263573 1.2821671687115694
2.6884725038877186 1.2821671687115694
2.6884724638263573 1.282167187817349
0.24225580751874953 2.6884724638263573 1.2821671687115694 0.0007424579326919725
0.10695103936591728 0.10472845607164433 0.10261716600779638 0.10060930123619509 0.09869770181461332 0.09687583953053805 0.09513775105917045 0.093477979249473 0.09189152143635013 0.09037378384006756 0.08892054125111805 0.0875279013143 0.08619227282339359 0.08491033752046133 0.08367902496391495 0.08249549008910477 0.08135709313598112 0.08026138166174299 0.07920607439349273 0.07818904670772188 0.07720831755077533 0.07626203763795573
0.027621059829315626 0.026594682061615107 0.025631437811211747 0.024726288069984347 0.02387467764089491 0.023072481621927213 0.02231595851230201 0.021601709043562844 0.020926639969215104 0.020287932157293673 0.01968301242388034 0.01910952862496361 0.01856532759143021 0.018048435549311872 0.01755704071627225 0.017089477807035767 0.016644214216139288 0.0162198376769572 0.01581504522218774 0.015428633293546093 0.015059488867836507 0.01470658148333478
