4.905587944087355 4.02923514785484
4.905588017186312 4.02923514785484
4.905587944087355 4.029235207895122
2.2952515404847924 1.918444710386423
2.2952515746867057 1.918444710386423
2.2952515404847924 1.918444738973477
2.1825530038564045 1.8277426224011397
2.1825530363789785 1.8277426224011397
2.1825530038564045 1.8277426496366271
2.178002613523691 1.830153421503967
2.1780026459784594 1.830153421503967
2.178002613523691 1.8301534487753781
1.832140209392377 2.248460238002602
2.091530210628542 1.934725528761876
2.0915302417947705 1.934725528761876
2.091530210628542 1.934725557591533
1.97113184480718 2.0890258972780016
1.9711318741793333 2.0890258972780016
1.97113184480718 2.089025928406913
1.7389434316527117 2.404154476850652
1.738943457564988 2.404154476850652
1.7389434316527117 2.4041545126753454
1.30887292535772 3.058302230100508
1.6377005756289935 2.5716485194934493
1.6377006000326337 2.5716485194934493
1.6377005756289935 2.5716485578139983
1.4275804105840617 2.9019014484859973
1.4275804318566676 2.9019014484859973
1.4275804105840617 2.9019014917276986
1.034314784492049 3.5788150846325313
1.0343147999045403 3.5788150846325313
1.034314784492049 3.5788151379610316
0.6957977291742187 4.284701850853297
0.6957977440753799 4.284701850853297
0.6957977291742187 4.28470191470033
0.38593857206405363 5.000100530568019
0.3859385869652148 5.000100530568019
0.38593857206405363 5.000100605075323
0.44302881471108085 4.901859772372608
0.44302882961224205 4.901859772372608
0.44302881471108085 4.90185984541601
0.4416639564106232 4.905886190588934
0.4416639713117844 4.905886190588934
0.4416639564106232 4.905886263692334
0.4417275074440462 4.905740279974154
0.4417275223452074 4.905740279974154
0.4417275074440462 4.90574035307538
0.07027427156395283 0.4417275074440462 4.905740279974154 0.0009636700941905373
0.10569525563415698 0.10356451471021501 0.10154384399838964 0.09962510917644181 0.09780095146192419 0.09606469796049624 0.0944102840458079 0.09283218595316972 0.09132536207178632 0.08988520166827364 0.0885074799780737 0.08718831876961962 0.08592415162538182 0.08471169329960326 0.08354791260891183 0.08243000839254333 0.08135538814642916 0.08032164899216383 0.07932656068972692 0.07836805044329158 0.07744418928375456 0.07655317984077406
0.027901906562139932 0.026968481779782203 0.0260938565991652 0.02527306855702857 0.024501671271880444 0.02377567150000778 0.023091474892198913 0.022445839121112674 0.021835833270131687 0.02125880255609875 0.020712337607994246 0.020194247647325095 0.019702537018546653 0.01923538460308208 0.018791125721550877 0.01836823618819144 0.017965318231208265 0.01758108803456086 0.01721436469190003 0.01686406039306198 0.01652917168866758 0.016208771699694962
