4.520765158067848 4.308343604012371
4.520765225432498 4.308343604012371
4.520765158067848 4.308343668211693
2.116677156096865 2.050311716875558
2.1166771876378125 2.050311716875558
2.116677156096865 2.050311747427583
1.9961979707218622 1.9375625950239854
1.99619800046753 1.9375625950239854
1.9961979707218622 1.937562623895918
1.962768778105303 1.976678349957758
1.9627688073528369 1.976678349957758
1.962768778105303 1.9766783794125609
0.12874719077788765 4.325307878433884
1.5043686673183436 2.5639179337149445
1.8482740529055268 2.1235703844430507
1.8482740804469564 2.1235703844430507
1.8482740529055268 2.1235704160867153
1.6285768320083025 2.424366625618433
1.794841724279757 2.1998367874726803
1.7948417510249828 2.1998367874726803
1.794841724279757 2.199836820252803
1.6863364405802894 2.3512069143243766
1.6863364657086606 2.3512069143243766
1.6863364405802894 2.35120694936009
1.4769858653169876 2.659293889401427
1.4769858873257922 2.659293889401427
1.4769858653169876 2.659293929027994
1.433910147384431 2.7418533255552973
1.4339101687513571 2.7418533255552973
1.433910147384431 2.7418533664120956
1.3363783099546083 2.9005160262173093
1.3363783298681968 2.9005160262173093
1.3363783099546083 2.9005160694383663
1.1472056722667046 3.221388213739699
1.147205689361401 3.221388213739699
1.1472056722667046 3.221388261742124
1.076715444295092 3.3601320153220584
1.0767154603394022 3.3601320153220584
1.076715444295092 3.360132065391927
1.0954678166637042 3.327391725867479
1.0954678329874468 3.327391725867479
1.0954678166637042 3.3273917754494793
1.092561675155735 3.3328404674920042
1.0925616914361727 3.3328404674920042
1.092561675155735 3.3328405171551974
1.093102321493955 3.3318482639941855
1.093102337782449 3.3318482639941855
1.093102321493955 3.3318483136425936
0.10550339658457586 1.093102321493955 3.3318482639941855 0.0007019728927879149
0.11067425181773233 0.10844608195613084 0.10632930408753698 0.10431603424217895 0.10239910163236857 0.10057197105471666 0.09882867502475755 0.09716375427879428 0.09557220548747035 0.09404943520052617 0.0925912191885462 0.09119366647024045 0.08985318741699908 0.08856646541344293 0.08733043162618996 0.08614224249530868 0.08499925961578328 0.08389903172128851 0.0828392785209328 0.08181787617241817 0.08083284420315524 0.07988233371498649
0.027479593293391794 0.02650441816712985 0.02558866130454815 0.024727581427580525 0.02391689581114567 0.023152728850260106 0.022431567118890404 0.021750220018477786 0.021105785249848154 0.020495618456130477 0.019917306480080738 0.019368643759909827 0.018847611455860634 0.018352358957447325 0.017881187470171714 0.01743253542208633 0.01700496546595622 0.01659715288295911 0.016207875219669952 0.01583600301217912 0.01548049147016173 0.015140373010023467
