3.9387357933318214 5.130330840994176
3.9387358520235582 5.130330840994176
3.9387357933318214 5.1303309174420635
1.8775670918023164 2.477869283170914
1.8775671197802464 2.477869283170914
1.8775670918023164 2.4778693200940434
1.7597496692996573 2.315376600849283
1.7597496955219707 2.315376600849283
1.7597496692996573 2.315376635351083
2.1717128292508443 1.7194034410120986
1.8621228982009561 2.165836419904222
1.8621229259487495 2.165836419904222
1.8621228982009561 2.1658364521777
2.01189510184953 1.9636588154800334
2.011895131829103 1.9636588154800334
2.01189510184953 1.9636588447408299
2.1703922510744147 1.7682460461837608
2.1703922834157794 1.7682460461837608
2.1703922510744147 1.76824607253268
2.1334528668449075 1.8191597028735254
2.1334528986358325 1.8191597028735254
2.1334528668449075 1.8191597299811173
2.214070694870388 1.7225799949449574
2.1537968052298435 1.7951742112758007
2.1537968373239167 1.7951742112758007
2.1537968052298435 1.795174238025981
2.133648423439685 1.819324208117055
2.1488086812832496 1.8012522328910616
2.1488087133029943 1.8012522328910616
2.1488086812832496 1.8012522597318115
2.1387196978616214 1.8133148744992151
2.1462880326293554 1.8042692284461068
2.1462880646115394 1.8042692284461068
2.1462880326293554 1.8042692553318134
2.1434344914245966 1.8076842073077206
2.1434345233642595 1.8076842073077206
2.1434344914245966 1.8076842342443145
2.145953793727162 1.8046660874088718
2.144064792033793 1.806930074109593
2.144064823982848 1.806930074109593
2.144064792033793 1.8069301010349494
0.17752716312979966 2.144064792033793 1.806930074109593 0.0008751220688468665
0.10751175356901442 0.10530142498770348 0.10320118931098637 0.10120331115178592 0.0993007466277076 0.09748706937672649 0.09575640565066273 0.09410337724722329 0.09252305122563867 0.09101089550578553 0.08956273958113514 0.08817473968598351 0.08684334785057582 0.08556528435671118 0.08433751317350541 0.08315722001010503 0.08202179267087072 0.0809288034401943 0.07987599325978796 0.07886125749189488 0.0778826330881965 0.07693828700686646
0.028152878917513502 0.027116127815115874 0.026142660914841173 0.025227467962231496 0.024366015617363655 0.023554195178546067 0.022788276713971333 0.02206486874144339 0.021380882720634067 0.020733501727517197 0.02012015276978887 0.019538482277788687 0.018986334369835118 0.018461731545764012 0.017962857509303688 0.017488041859978036 0.01703574642954321 0.016604553067407168 0.01619315270478951 0.0158003355491681 0.015424982279349877 0.015066056127734859
