4.0466008342891575 4.738866520075896
4.046600894588209 4.738866520075896
4.0466008342891575 4.73886659069051
1.9760389241150036 2.3436583660776953
1.976038953560278 2.3436583660776953
1.9760389241150036 2.3436584010009263
1.8702728760884022 2.210578466672903
1.8702729039576398 2.210578466672903
1.8702728760884022 2.210578499613089
2.9088569020241364 0.7643996170000837
2.1297152150742362 1.8488648911944323
1.9349300325161451 2.119981934229244
1.9349300613488494 2.119981934229244
1.9349300325161451 2.1199819658194365
2.028070508069973 1.9956383410181655
2.0280705382905784 1.9956383410181655
2.028070508069973 1.995638370755494
2.2196783645974216 1.751031843244501
2.0769565704405406 1.9352705329938569
2.0769566013896053 1.9352705329938569
2.0769565704405406 1.935270561831635
2.1738146811205596 1.813800438919091
2.1738147135129227 1.813800438919091
2.1738146811205596 1.8138004659468236
2.2746961070297473 1.695650469534565
2.200094725006183 1.7852016779615003
2.2000947577901493 1.7852016779615003
2.200094725006183 1.7852017045630784
2.250258966537754 1.7258917444653226
2.2126992519811823 1.7704281083701172
2.2126992849529707 1.7704281083701172
2.2126992519811823 1.7704281347515518
2.2378600600681082 1.7408398747061657
2.2378600934148216 1.7408398747061657
2.2378600600681082 1.7408399006467012
2.231632188341462 1.7482894873430868
2.231632221595373 1.7482894873430868
2.231632188341462 1.7482895133946301
2.22531655113591 1.7556648409869187
2.2253165842957108 1.7556648409869187
2.22531655113591 1.7556648671483635
2.226897478981794 1.7538227330058702
2.226897512165152 1.7538227330058702
2.226897478981794 1.7538227591398654
2.2284758630976857 1.751978444999502
2.228475896304564 1.751978444999502
2.2284758630976857 1.7519784711060151
2.228082127630291 1.7524402521004094
2.2280821608313017 1.7524402521004094
2.228082127630291 1.7524402782138042
0.18727205632792832 2.228082127630291 1.7524402521004094 0.0009084585263380858
0.10819268799837228 0.1059472853134623 0.10381419660820639 0.10178549254537209 0.09985395617441445 0.09801300633104186 0.09625663048293553 0.09457932572544137 0.09297604682481343 0.09144216036926786 0.089973404224999 0.08856585160974907 0.08721587919408914 0.08592013872320552 0.0846755317221261 0.08347918690698146 0.08232843997574868 0.0812208154953582 0.08015401063921843 0.07912588056108871 0.07813442521862511 0.0771777774835025
0.027191314580490046 0.02618027939493805 0.02523136075827573 0.024339610073278627 0.02350055270139276 0.022710135692274994 0.021964681959579117 0.021260850032693384 0.020595598640751375 0.019966155492239096 0.019369989704113195 0.018804787411184496 0.018268430151814397 0.017758975681554125 0.017274640913756915 0.016813786726687794 0.016374904411310832 0.015956603563643527 0.015557601251081729 0.015176712304046045 0.01481284060321218 0.014464971248910125
