5.715280527861838 3.556637764071808
5.715280613026154 3.556637764071808
5.715280527861838 3.5566378170698405
2.463052039151036 1.564587503878629
2.4630520758533714 1.564587503878629
2.463052039151036 1.5645875271927996
2.378262625884988 1.512320829984612
2.378262661323863 1.512320829984612
2.378262625884988 1.5123208525199485
2.397172921230079 1.4917167723768476
2.3971729569507394 1.4917167723768476
2.397172921230079 1.4917167946051597
3.718635718605844 0.13336228523252647
2.7275784503365776 1.152166903159621
2.4798141191356815 1.4068680666231599
2.4798141560877913 1.4068680666231599
2.4798141191356815 1.4068680875871278
2.5653696595087174 1.3249588487607813
2.5653696977357043 1.3249588487607813
2.5653696595087174 1.3249588685042066
2.652954031598939 1.2452227325717518
2.6529540711310347 1.2452227325717518
2.652954031598939 1.2452227511270164
2.7426078480771046 1.1678207710316966
2.7426078889451464 1.1678207710316966
2.7426078480771046 1.167820788433582
2.8343380257369284 1.0928911709670628
2.8343380679718564 1.0928911709670628
2.8343380257369284 1.0928911872524103
2.928134633438494 1.0205650564369195
2.9281346770711 1.0205650564369195
2.928134633438494 1.020565071644524
2.9054230614110037 1.0395647643228163
2.9054231047051813 1.0395647643228163
2.9054230614110037 1.0395647798135383
2.935283882934291 1.0170448257692593
2.9129434952012665 1.0340087681013792
2.912943538607507 1.0340087681013792
2.9129434952012665 1.0340087835093106
2.921043312985186 1.0279004854843108
2.914973485118176 1.0324883976765609
2.914973528554666 1.0324883976765609
2.914973485118176 1.0324884130618368
2.9174263454697518 1.0306379835931396
2.9155871518136958 1.0320263934034868
2.91558719525933 1.0320263934034868
2.9155871518136958 1.0320264087818785
0.29685065851739134 2.9155871518136958 1.0320263934034868 0.0006939217898684117
0.109617325738344 0.10738181700246012 0.1052572990672996 0.1032360009117631 0.10131084376591346 0.09947536729282644 0.09772366479958354 0.09605032624849169 0.09445038802180927 0.0929192885464724 0.0914528290144398 0.09004713854333277 0.08869864321434762 0.08740403850271097 0.08616026468248779 0.0849644848442273 0.08381406521230146 0.08270655749015231 0.08163968299710904 0.08061131839086468 0.07961948279587842 0.07866232618052924
0.02780070435725676 0.02678567467764173 0.02583227758757333 0.02493565666600213 0.024091415753492915 0.023295568701519994 0.02254449525926475 0.02183490227700323 0.021163789523525652 0.020528419515210054 0.019926290839323235 0.01935511452628891 0.01881279308707887 0.018297401884242493 0.017807172549806946 0.017340478201537207 0.016895820241831262 0.01647181655167145 0.01606719091625636 0.01568076353978497 0.015311442524851412 0.0149582162074526
