4.488681082383927 2.569071361112158
4.488681149270487 2.569071361112158
4.488681082383927 2.5690713993943044
2.4941980864597197 1.4509185165977792
2.4941981236261674 1.4509185165977792
2.4941980864597197 1.4509185382181498
2.4397436380692454 1.4186121280871988
2.4397436744242587 1.4186121280871988
2.4397436380692454 1.4186121492261667
2.602861553438733 1.2571813580166487
2.4802797292383802 1.3781171218413302
2.4802797661974285 1.3781171218413302
2.4802797292383802 1.3781171423768757
2.542819904157091 1.3183219382792253
2.5428199420480606 1.3183219382792253
2.542819904157091 1.318321957923753
2.606751855010305 1.260017194765588
2.6067518938539345 1.260017194765588
2.606751855010305 1.2600172135413075
2.6717808211393907 1.202938555851622
2.623400958395842 1.2462067477249148
2.6234009974875625 1.2462067477249148
2.623400958395842 1.2462067662948424
2.6558162878833014 1.2175548581146007
2.6315316647759834 1.2390742946748545
2.631531703988861 1.2390742946748545
2.6315316647759834 1.2390743131385002
2.6396536556875714 1.2319319185727813
2.633569669254332 1.2372972733488168
2.633569708497578 1.2372972733488168
2.633569669254332 1.2372972917859828
2.6338434597567835 1.2370580094346417
2.6336388145581386 1.2372382652501974
2.6336388538024154 1.2372382652501974
2.6336388145581386 1.2372382836864841
0.25750484342133184 2.6336388145581386 1.2372382652501974 0.0009132676102191142
0.11093561055142867 0.10869083080726312 0.10655713108700157 0.1045267635091107 0.10259266766699489 0.1007483976087326 0.09898805771301758 0.09730624625542167 0.0956980056371051 0.09415877839792908 0.09268436826230171 0.09127090557290428 0.08991481655792695 0.08861279595423807 0.08736178257423277 0.08615893745977744 0.08500162431420928 0.08388739194403282 0.0828139584768372 0.0817791971519199 0.08078112350589409 0.0798178837977944
0.027798034618329307 0.02679407947463593 0.02585076265149626 0.024963327106817798 0.02412746490222905 0.023339268342861128 0.02259518706465457 0.021891990276425164 0.021226733477799728 0.020596729070593348 0.019999520363053618 0.019432858535979355 0.01889468219897536 0.018383099215652086 0.01789637051977367 0.0174328956813327 0.016991200013234835 0.016569923036507686 0.01616780814537697 0.015783693333742473 0.015416502862013735 0.01506523975833196
