2.6348613830278036 5.9363842166896275
2.6348614222902977 5.9363842166896275
2.6348613830278036 5.936384305148645
1.4247822429578048 3.247289748924133
1.4247822641887147 3.247289748924133
1.4247822429578048 3.2472897973125208
1.3218184490694966 3.0171278753150643
1.3218184687661265 3.0171278753150643
1.3218184490694966 3.017127920273773
1.317789356259891 3.01671502369686
1.3177893758964827 3.01671502369686
1.317789356259891 3.016715068649417
1.3017754491415858 3.044391053587453
1.3017754685395517 3.044391053587453
1.3017754491415858 3.044391098952415
1.29930133772983 3.048776353813014
1.2993013570909286 3.048776353813014
1.29930133772983 3.048776399243322
1.298918840501698 3.0494440121844804
1.298918859857097 3.0494440121844804
1.298918840501698 3.0494440576247372
0.11078776180045147 1.298918840501698 3.0494440121844804 0.0006139805199259544
0.10795917235224185 0.10575310097733935 0.10365755522783611 0.10166470091950103 0.09976741270266479 0.0979591970360179 0.09623412479457166 0.09458677216590658 0.09301216869446216 0.09150575150540118 0.0900633248834471 0.08868102450288352 0.08735528570657071 0.08608281531760885 0.08486056653982178 0.08368571656472802 0.08255564655491783 0.08146792371824714 0.0804202852252379 0.07941062375455178 0.07843697447925026 0.07749750333046564
0.027863443320422586 0.026851946348045427 0.02590242700717523 0.025009930492127824 0.024169980743857795 0.023378526924865122 0.022631896616326398 0.021926754809244015 0.02126006790009852 0.020629072018023678 0.020031245108650546 0.019464282282568128 0.018926074006363456 0.018414686773530167 0.01792834594290523 0.01746542047514674 0.01702440933429541 0.01660392935266194 0.016202704383981376 0.01581955559266571 0.015453392746647381 0.015103206398225303
