4.869780242779816 3.1943921987602617
4.869780315345197 3.1943921987602617
4.869780242779816 3.194392246360415
2.396055787782251 1.5987644314275518
2.3960558234862646 1.5987644314275518
2.396055787782251 1.5987644552509983
2.3281300922469934 1.5553321755425862
2.3281301269388353 1.5553321755425862
2.3281300922469934 1.5553321987188415
0.3762964425401172 3.630256972161914
1.8402085703809479 2.074098074320191
2.206186604646742 1.685058339669376
2.297681122420635 1.58779836527454
2.2976811566587516 1.58779836527454
2.297681122420635 1.5877983889345795
2.237353788968752 1.6532612234108617
2.2373538223079215 1.6532612234108617
2.237353788968752 1.6532612480463738
2.1784780055620754 1.720032587670108
2.2230398854341775 1.6703026574879083
2.2230399185600533 1.6703026574879083
2.2230398854341775 1.6703026823773575
2.2526403606582677 1.6370610404137387
2.2304623579811116 1.6620122124612606
2.230462391217591 1.6620122124612606
2.2304623579811116 1.6620122372271726
2.237880332533904 1.653717742557525
2.2323236823457364 1.6599447242024619
2.2323237156099514 1.6599447242024619
2.2323236823457364 1.6599447489375658
2.2304712166564618 1.6620201535461585
2.231861135500109 1.660464089364235
2.2318611687574315 1.660464089364235
2.231861135500109 1.6604641141070782
0.19936304861182508 2.231861135500109 1.660464089364235 0.0005883398012632626
0.11059501275763718 0.1083434585423972 0.10620356056840195 0.1041675126986082 0.10222820297681087 0.10037913974952364 0.09861438680398088 0.09692850629831053 0.09531650844083953 0.09377380702772509 0.0922961800764869 0.09087973490150669 0.089520877069435 0.08821628275041676 0.08696287404734467 0.08575779694184708 0.08459840154395357 0.08348222437364833 0.08240697243789817 0.08137050889712245 0.08037084014121884 0.07940610411779682
0.02752312893655386 0.02652107453149127 0.025579775811626144 0.024694452475459545 0.023860776541313602 0.023074823055445913 0.022333026807177418 0.0216321442497414 0.020969219940709122 0.020341556913383272 0.019746690473314312 0.019182364984448023 0.0186465132693204 0.018137238298818623 0.017652796890693198 0.017191585173382623 0.016752125603758612 0.01633305535492259 0.015933115913861633 0.01555114374917415 0.015186061926684863 0.014836872565991163
