5.189183672369 1.0333756133920464
5.189183749693862 1.0333756133920464
5.189183672369 1.0333756287905431
3.4017265110414434 0.6948648155708768
3.4017265617311185 0.6948648155708768
3.4017265110414434 0.694864830472038
3.7786268953948614 0.5140679535119056
3.7786269517007898 0.5140679535119056
3.7786268953948614 0.5140679684130668
3.733206533476315 0.551339090113621
3.7332065891054276 0.551339090113621
3.733206533476315 0.5513391050147822
3.7264705676423007 0.5554896505443343
3.726470623171039 0.5554896505443343
3.7264705676423007 0.5554896654454955
3.7263333049783354 0.5555615867914735
3.7263333605050284 0.5555615867914735
3.7263333049783354 0.5555616016926347
0.47697321772713974 3.7263333049783354 0.5555615867914735 0.0008114194781921399
0.10958348811857069 0.10733564815155013 0.10519876060002774 0.10316513419095494 0.1012277522899051 0.09938020255397086 0.09761661492462903 0.09593160687313043 0.09432023496297737 0.09277795192377186 0.09130056854150267 0.08988421976503598 0.08852533450960637 0.08722060870751701 0.08596698121579374 0.08476161224166316 0.08360186399069101 0.08248528328027498 0.08140958589383447 0.08037264247923191 0.0793724658193445 0.07840719932382402
0.02752599586195023 0.026474372167394962 0.02548697766701804 0.0245588014479734 0.023685295052714966 0.02286232422072517 0.022086126141365566 0.021353271547569615 0.020660631064624537 0.020005345302129704 0.01938479824165006 0.018796593528758784 0.01823853332711691 0.017708599434887194 0.01720493640093485 0.016725836410641643 0.016269725739374807 0.015835152596252733 0.015420776202309945 0.015025356965895329 0.014647747634499208 0.014286885316506345
