2.4154152883391777 5.551254866360347
2.4154153243316703 5.551254866360347
2.4154152883391777 5.551254949080491
1.381484267486097 3.204225126421428
1.3814842880718168 3.204225126421428
1.381484267486097 3.204225174168103
1.3019128776831785 3.0005082026382484
1.3019128970831921 3.0005082026382484
1.3019128776831785 3.0005082473493045
1.6760153369832878 2.3522742870797666
1.3946177907515442 2.8373845401901328
1.3946178115329688 2.8373845401901328
1.3946177907515442 2.8373845824704573
1.5249855539276005 2.624116352160568
1.524985576651656 2.624116352160568
1.5249855539276005 2.624116391262949
1.7954273833589673 2.2036671736650177
1.7954274101129202 2.2036671736650177
1.7954273833589673 2.2036672065022174
1.8788873936605428 2.110639247182179
1.8788874216581468 2.110639247182179
1.8788873936605428 2.1106392786331547
2.028546390328429 1.9104362042050467
2.028546420556126 1.9104362042050467
2.028546390328429 1.9104362326727644
2.188074251001102 1.7180045660315328
2.1880742836059492 1.7180045660315328
2.188074251001102 1.7180045916317959
2.3555868067235175 1.5324820138275312
2.2325726160358004 1.6741315946761803
2.232572649303725 1.6741315946761803
2.2325726160358004 1.6741316196226852
2.315687708395765 1.5807953753011166
2.2535127008890576 1.6509421925080432
2.253512734469014 1.6509421925080432
2.2535127008890576 1.650942217108999
2.2744309140483265 1.6277330588576757
2.25879084582321 1.645184075935312
2.2587908794818166 1.645184075935312
2.25879084582321 1.645184100450465
2.263395050811399 1.6400698368278501
2.2599451799651713 1.6439084793042997
2.259082692926108 1.6448681607595104
2.2590827265890634 1.6448681607595104
2.259082692926108 1.644868185269956
0.19436476676842074 2.259082692926108 1.6448681607595104 0.000813621634159068
0.10837200805505409 0.1061580320752383 0.10405401994443984 0.10205227017056286 0.10014576741361784 0.09832810932476743 0.09659344233094254 0.09493640514827396 0.09335207898780115 0.09183594356850727 0.09038383818051882 0.08899192714925236 0.08765666914267602 0.08637478984137352 0.08514325755699968 0.08395926144084964 0.08282019197218074 0.08172362345690283 0.0806672983023733 0.07964911286418423 0.07866710468677082 0.07771944098202739
0.028259916467565184 0.027227181585015893 0.026257212225744564 0.025345058745397865 0.024486240885897053 0.02367669651107035 0.02291273660341463 0.02219100568493977 0.021508446945608422 0.02086227146496026 0.020249930999091174 0.019669093878726545 0.0191176236267497 0.01859355995694434 0.01809510186132036 0.017620592532419706 0.01716850590044904 0.016737434593804973 0.016326079156256026 0.015933238375320704 0.015557800594738371 0.015198735899794077
