3.707282536953965 5.566537332788167
3.70728259219678 5.566537332788167
3.707282536953965 5.566537415736037
1.751863964893829 2.6685413964252733
1.7518639909986364 2.6685413964252733
1.751863964893829 2.668541436189639
1.6174494823765508 2.465691251028565
1.6174495064784262 2.465691251028565
1.6174494823765508 2.4656912877702277
1.6474290280240234 2.4141509750948704
1.647429052572629 2.4141509750948704
1.6474290280240234 2.4141510110685234
3.2371972368172477 0.050012543794739184
2.0450213703076487 1.8232174578021785
1.7469768519454032 2.2665184531563636
1.7469768779773869 2.2665184531563636
1.7469768519454032 2.2665184869301203
1.8509372570919265 2.1219592440302186
1.850937284673041 2.1219592440302186
1.8509372570919265 2.1219592756498753
1.9582953642609349 1.979905143045793
1.9582953934418097 1.979905143045793
1.9582953642609349 1.9799051725486787
2.0693055894470365 1.8406863918463345
1.9872981037431237 1.946135159682366
1.987298133356173 1.946135159682366
1.9872981037431237 1.9461351886820397
2.0425052924675575 1.8762892649676715
2.001180046952269 1.928737334496512
2.0011800767721755 1.928737334496512
2.001180046952269 1.9287373632369378
1.9873765296439203 1.9461974484244788
1.9977514688351035 1.9331199015380083
1.9977514986039202 1.9331199015380083
1.9977514688351035 1.9331199303437396
1.9908438363118333 1.9418453115592236
1.996025761679861 1.935302204280302
1.9960257914229624 1.935302204280302
1.996025761679861 1.935302233118552
0.16481377018638843 1.996025761679861 1.935302204280302 0.0007755995820261978
0.1077294590684886 0.10553942354913994 0.10345794073068666 0.10147742520577532 0.09959096582836492 0.09779225397858389 0.0960755205804856 0.09443548068455261 0.09286728460243451 0.0913664747291924 0.08992894731294958 0.08855091853716186 0.08722889436990416 0.08595964371025183 0.08474017442619076 0.08356771193332811 0.08243968001049592 0.0813536835883978 0.0803074932817846 0.07929903146513688 0.07832635971720965 0.07738766748167385
0.02882813779475979 0.02777847920762014 0.026792407935306302 0.025864926102529166 0.02499150820264583 0.024168049678342993 0.023390821762477247 0.022656431744629602 0.021961787948792673 0.021304068809137603 0.020680695516961986 0.020089307785157638 0.019527742338904083 0.01899401379449702 0.01848629763368554 0.018002915019810523 0.017542319235408277 0.017103083549606986 0.016683890348304867 0.016283521381370836 0.015900848999453505 0.015534828268844354
