2.2670683871865136 3.637694178232129
2.267068420968465 3.637694178232129
2.2670683871865136 3.637694232437996
1.6351732259145573 2.644911196081184
1.6351732502805372 2.644911196081184
1.6351732259145573 2.6449112354934323
1.5925309707913295 2.596833718560084
1.5925309945218902 2.596833718560084
1.5925309707913295 2.5968337572559217
1.0822972818200398 3.3932946961041983
1.4646526587165707 2.7956205499853337
1.464652680541596 2.7956205499853337
1.4646526587165707 2.7956205916433263
1.300014779908013 3.0713587047444793
1.3000147992797428 3.0713587047444793
1.300014779908013 3.0713587505112905
0.9853677265628084 3.6313103779587124
0.9853677414639695 3.6313103779587124
0.9853677265628084 3.6313104320694536
0.8017387275087773 4.023353810288255
0.8017387424099385 4.023353810288255
0.8017387275087773 4.023353870240899
0.8344363788026629 3.9689161482087383
0.834436393703824 3.9689161482087383
0.8344363788026629 3.9689162073501976
0.8329970709293693 3.9721395838795255
0.8329970858305304 3.9721395838795255
0.8329970709293693 3.972139643069018
0.8330771730683023 3.9719760114482194
0.8330771879694635 3.9719760114482194
0.8330771730683023 3.9719760706352742
0.08554635285041179 0.8330771730683023 3.9719760114482194 0.0009045354060740816
0.1066969202367005 0.10453048533873684 0.10247397407266531 0.10051945613390609 0.09865973521603434 0.09688826702847528 0.09519908790208155 0.09358675244856725 0.09204627898388308 0.09057310162770675 0.08916302815903017 0.08781220284756806 0.08651707359742547 0.08527436283721328 0.08408104167289555 0.08293430688878782 0.08183156044049925 0.08077039113302542 0.07974855821913689 0.07876397668888539 0.07781470405147828 0.07689892843677966
0.028041099464531666 0.02705626445937424 0.026132440148534494 0.025264637299460452 0.024448364280009377 0.023679569237298123 0.022954589862314495 0.02227010964199924 0.021623119673071813 0.02101088525538111 0.02043091660220796 0.01988094310494271 0.019358890673339138 0.018862861742904795 0.018391117600214914 0.01794206272691084 0.017514230905404955 0.017106272865133533 0.016716945278625533 0.016345100942556517 0.015989680001053073 0.015649702087402316
