3.17056645552816 2.058141614822648
3.170566502773282 2.058141614822648
3.17056645552816 2.058141645491348
2.4281504588936187 1.5881185623954397
2.42815049507588 1.5881185623954397
2.4281504588936187 1.5881185860602505
2.4048528051935496 1.584193843762207
2.404852841028649 1.584193843762207
2.4048528051935496 1.5841938673685347
0.5772486512055979 3.5567651772651256
1.9479264234798923 2.0773269128854683
2.290595875451281 1.7074673483843363
2.2905959095838195 1.7074673483843363
2.290595875451281 1.7074673738275825
2.1036375125530467 1.9255174256740166
2.1036375438996884 1.9255174256740166
2.1036375125530467 1.9255174543664622
2.064475148232318 1.9857047443116413
2.064475178995395 1.9857047443116413
2.064475148232318 1.985704773900948
1.976678636288233 2.0993559163529274
1.97667866574304 2.0993559163529274
1.976678636288233 2.099355947635768
1.8919764567943558 2.215331591409781
1.891976484987002 2.215331591409781
1.8919764567943558 2.215331624420794
1.8093927672964656 2.3328252110017482
1.8093927942585188 2.3328252110017482
1.8093927672964656 2.3328252457635528
1.892068935801382 2.21539664728213
1.8308305081378093 2.304024615632668
1.83083053541931 2.304024615632668
1.8308305081378093 2.30402464996531
1.8719582203542733 2.245162782567292
1.8411597869069578 2.2893423557041777
1.8334598976718282 2.300387620587366
1.8334599249925096 2.300387620587366
1.8334598976718282 2.300387654865813
1.8385983097995058 2.293028109059366
1.8347455836201099 2.2985484992719876
1.8347456109599496 2.2985484992719876
1.8347455836201099 2.298548533523029
0.14568197513887648 1.8347455836201099 2.2985484992719876 0.0013595932140745151
0.10741055629958886 0.10516956640088604 0.10304110137355367 0.10101717912268507 0.09909053865065712 0.0972545620351644 0.09550320609658312 0.09383094241445755 0.09223270455507535 0.0907038415415032 0.08924007673974048 0.08783747145441924 0.0864923926285408 0.08520148412719651 0.08396164115764745 0.08276998743965716 0.08162385479233641 0.08052076484842767 0.07945841264514217 0.07843465187336908 0.07744748159515161 0.07649503426346824
0.027017424191156485 0.026006092914161182 0.025057204605215377 0.024165758105997935 0.023327234093946533 0.022537541587558337 0.021792971099182667 0.021090153530003306 0.020426024034937446 0.019797790197363094 0.019202903948377578 0.01863903674553878 0.01810405759410847 0.017596013551662515 0.017113112406182858 0.016653707259756227 0.016216282785904382 0.015799442959304553 0.015401900083017244 0.015022464960984104 0.014660038083048487 0.014313601706553663
