2.689747794418623 3.2924777805167644
2.6897478344989882 3.2924777805167644
2.689747794418623 3.2924778295785067
1.8334152042805574 2.2624148816371945
1.833415231600573 2.2624148816371945
1.8334152042805574 2.262414915349803
1.7906637939207493 2.2069593015464557
1.790663820603719 2.2069593015464557
1.7906637939207493 2.206959334432712
2.173884716559152 1.6730706339307861
1.8863544827578242 2.07338819510669
1.8863545108666964 2.07338819510669
1.8863544827578242 2.0733882260025815
1.9573046601966455 1.9820036620311285
1.9573046893627577 1.9820036620311285
1.9573046601966455 1.9820036915652846
2.100103771929025 1.7999359385197995
1.9935462019783212 1.9369169035504317
1.9935462316844745 1.9369169035504317
1.9935462019783212 1.9369169324127427
2.06554225614477 1.8463540593564667
2.065542286923748 1.8463540593564667
2.06554225614477 1.846354086869286
2.139749898058706 1.757594347518203
2.139749929943464 1.757594347518203
2.139749898058706 1.7575943737083997
2.1218035186415167 1.7802768022148774
2.121803550258853 1.7802768022148774
2.1218035186415167 1.780276828743069
2.1591848378725 1.7361304307494787
2.1311895807450467 1.7692748292326446
2.1311896125022463 1.7692748292326446
2.1311895807450467 1.769274855596894
2.140561192275221 1.7582605444787167
2.1335426477383987 1.7665299387190054
2.133542679530662 1.7665299387190054
2.1335426477383987 1.7665299650423527
2.1323504860688747 1.7679347929834968
2.1332453210129554 1.7668817566801138
2.1334690327590735 1.7666184939336051
2.1334690645502397 1.7666184939336051
2.1334690327590735 1.766618520258272
0.18278307975113883 2.1334690327590735 1.7666184939336051 0.00041992145264821564
0.10893789509382636 0.10672334235826184 0.1046185371035656 0.10261581251046857 0.10070818300712428 0.09888927182523216 0.09715324739022096 0.09549476734722331 0.09390892920153904 0.09239122670122707 0.09093751121508732 0.08954395746547114 0.08820703306528645 0.0869234713848919 0.0856902473394861 0.08450455574291947 0.08336379192109679 0.08226553431855668 0.08120752886646782 0.08018767491004572 0.07920401251901062 0.07825471102679257
0.028365353991552746 0.02733343407574001 0.026364016953692525 0.02545219045929659 0.024593506648838224 0.023783931277084173 0.023019799422574323 0.022297776442898726 0.02161482355831583 0.020968167461687278 0.020355273437253314 0.01977382154265759 0.01922168546985447 0.018696913752767656 0.018197713034211967 0.01772243314281029 0.01726955376341323 0.016837672512683702 0.016425494255733836 0.01603182152057931 0.0156555458851996 0.01529564022757527
