3.09431543915161 5.575676518947512
3.0943154852605033 5.575676518947512
3.09431543915161 5.5756766020315665
1.590128107714012 2.9075801170503377
1.5901281314087672 2.9075801170503377
1.590128107714012 2.9075801603766576
1.464493178577623 2.695228518470516
1.464493200400272 2.695228518470516
1.464493178577623 2.6952285586325506
1.3433533534957542 2.8801902871577996
1.3433533735132792 2.8801902871577996
1.3433533534957542 2.8801903300759792
0.00017053910705566722 5.139429341531777
1.0088122177297263 3.445744044182927
1.0088122327621998 3.445744044182927
1.0088122177297263 3.4457440955285144
0.7170256543129415 4.034496475187915
0.7170256692141027 4.034496475187915
0.7170256543129415 4.034496535306597
0.528653112941114 4.4612472220987724
0.5286531278422751 4.4612472220987724
0.528653112941114 4.461247288576536
0.5573397810748316 4.411814614130339
0.5573397959759928 4.411814614130339
0.5573397810748316 4.4118146798715
0.5562814714671231 4.414360813408532
0.5562814863682843 4.414360813408532
0.5562814714671231 4.414360879187634
0.07693564878514236 0.5562814714671231 4.414360813408532 0.0011465084253399428
0.10757727706031102 0.10544820561706378 0.10342716782991647 0.10150635294573254 0.09967867668821491 0.097937699490846 0.09627755539716519 0.09469289006404512 0.09317880655599108 0.09173081782675051 0.09034480495694643 0.08901698035962678 0.08774385528488991 0.08652221105438171 0.08534907353993496 0.08422169047076217 0.08313751121270392 0.08209416871295751 0.0810894633459952 0.08012134843228988 0.07918791723203662 0.07828739124214783
0.028947607240862094 0.027977529683435344 0.027067271904346952 0.02621192461374843 0.025407072696377358 0.024648737034016953 0.02393332407873901 0.02325758203588613 0.022618562698163865 0.022013588123367615 0.02144022147384951 0.020896241440432912 0.02037961976083273 0.01988850141576678 0.01942118714731281 0.018976117995694028 0.0185518615942115 0.018147099998839573 0.01776061886017465 0.01739129777189727 0.017038101652432185 0.0167000730357005
