2.8317345771603804 1.9964768968754145
2.8317346193565136 1.9964768968754145
2.8317345771603804 1.9964769266252387
2.2816257971698666 1.618328000113001
2.2816258311687405 1.618328000113001
2.2816257971698666 1.6183280242279674
2.2684981976314016 1.6092557425029193
2.268498231434659 1.6092557425029193
2.2684981976314016 1.6092557664826985
2.2816848342429488 1.5948265476635823
2.2816848682427024 1.5948265476635823
2.2816848342429488 1.5948265714283498
2.305847079001306 1.5686710683873863
2.305847113361105 1.5686710683873863
2.305847079001306 1.5686710917624067
2.3293797092171475 1.543653010932911
2.32937974392761 1.543653010932911
2.3293797092171475 1.5436530339351333
2.3540314131168785 1.51776418607145
2.35403144819468 1.51776418607145
2.3540314131168785 1.5177642086878986
2.382052516383838 1.4887305603822947
2.3820525518791866 1.4887305603822947
2.382052516383838 1.4887305825661088
2.420410555943125 1.4495916170075418
2.3917251928315997 1.4790280305166017
2.391725228471082 1.4790280305166017
2.3917251928315997 1.4790280525558368
2.4109132171098304 1.4594673877324544
2.410913253035237 1.4594673877324544
2.4109132171098304 1.4594674094802131
2.449527322772825 1.420581054256913
2.420605861098095 1.4497848050204656
2.4206058971679334 1.4497848050204656
2.420605861098095 1.4497848266239426
2.4399525264637654 1.4303810538094304
2.439952562821891 1.4303810538094304
2.4399525264637654 1.430381075123769
2.4788855912246737 1.3918140659098441
2.4497252160686553 1.420779267863877
2.4497252525724056 1.420779267863877
2.4497252160686553 1.420779289035138
2.4692316524115987 1.4015361401807358
2.4692316892060178 1.4015361401807358
2.4692316524115987 1.4015361610652517
2.50848608618865 1.3632962981809704
2.4790849643816673 1.3920171066857716
2.479085001322912 1.3920171066857716
2.4790849643816673 1.392017127428443
2.498752354963652 1.3729385121482633
2.4987523921979635 1.3729385121482633
2.498752354963652 1.3729385326066414
2.538330350994624 1.3350336533898366
2.5383303888186934 1.3350336533898366
2.538330350994624 1.3350336732833883
2.5485318944567092 1.325888804213993
2.5485319324327937 1.325888804213993
2.5485318944567092 1.3258888239712756
2.56857833668023 1.307208890509427
2.5685783749550297 1.307208890509427
2.56857833668023 1.3072089099883575
2.608918531496209 1.2701162393567687
2.6089185703721243 1.2701162393567687
2.608918531496209 1.2701162582829755
2.6498612057054767 1.233689689754622
2.649861245191486 1.233689689754622
2.6498612057054767 1.233689708138031
2.6912434418804887 1.1977632841943735
2.691243481983141 1.1977632841943735
2.6912434418804887 1.1977633020424372
2.7330681249501287 1.1623529470956095
2.7330681656760176 1.1623529470956095
2.7330681249501287 1.1623529644160182
2.7753353323843726 1.1274720173053288
2.775335373740092 1.1274720173053288
2.7753353323843726 1.127472034105971
2.8180443831729827 1.0931335102314932
2.8180444251651164 1.0931335102314932
2.8180443831729827 1.0931335265204518
2.824293695195486 1.0886180564551107
2.8242937372807417 1.0886180564551107
2.824293695195486 1.0886180726767838
2.821879707022647 1.0905341315032426
2.8218797490719316 1.0905341315032426
2.821879707022647 1.0905341477534676
0.2862993675676918 2.821879707022647 1.0905341315032426 0.0008601009449897123
0.11059780252520797 0.10835274696802155 0.10621893997077005 0.10418860945895118 0.10225467415046487 0.10041067005559685 0.09865068594767852 0.09696930658614093 0.09536156265389366 0.09382288652257073 0.09234907308701779 0.09093624501840096 0.08958082187677041 0.08827949260150816 0.08702919096406773 0.085827073623627 0.08467050047426744 0.08355701701334783 0.08248433849593104 0.08145033567034318 0.08045302191595076 0.07949054162665858
0.027700348167986354 0.026695135399692916 0.025750767793999884 0.024862463673738323 0.024025893485431923 0.023237130540141704 0.022492607759042674 0.02178907962208835 0.021123588633476416 0.020493435715306856 0.019896154023681976 0.019329485751909476 0.01879136154541155 0.01827988220406183 0.017793302391342372 0.017330016107085337 0.01688854371260126 0.016467520324506237 0.01606568541722362 0.01568187349452317 0.015315005708055092 0.014964082316044625
