5.323987935082933 5.276512574660295
5.3239880144165355 5.276512574660295
5.323987935082933 5.276512653286459
2.152105897688311 2.1715104826383818
2.152105929757188 2.1715104826383818
2.152105897688311 2.1715105149964096
2.0074133477572493 2.029600488776175
2.0074133776700394 2.029600488776175
2.0074133477572493 2.029600519019579
1.9938101983082162 2.0431326415043753
1.9938102280183032 2.0431326415043753
1.9938101983082162 2.043132671949424
0.0178794788697203 4.640569191672851
1.4998366571656927 2.692498730980763
1.8703259512139627 2.205481114900298
1.8703259790839912 2.205481114900298
1.8703259512139627 2.2054811477645275
1.753544546994005 2.3727159489595815
1.753544573123855 2.3727159489595815
1.753544546994005 2.3727159843158043
1.5257882619871561 2.7111662688258273
1.698240274173221 2.458405994655506
1.6982402994789731 2.458405994655506
1.698240274173221 2.45840603128861
1.585757210096187 2.628561648073966
1.5857572337258108 2.628561648073966
1.585757210096187 2.6285616872425868
1.3689099458236806 2.9741029746258194
1.3689099662220283 2.9741029746258194
1.3689099458236806 2.9741030189434072
1.324396127209836 3.065862805031172
1.3243961469448762 3.065862805031172
1.324396127209836 3.065862850716088
1.223444346684514 3.2431031054799933
1.2234443649152553 3.2431031054799933
1.223444346684514 3.2431031538059956
1.1722304747038226 3.339243700933826
1.172230492171418 3.339243700933826
1.1722304747038226 3.3392437506924346
1.1787687340211939 3.328095005081149
1.1787687515862169 3.328095005081149
1.1787687340211939 3.3280950546736294
1.1783470119808086 3.3288848228145835
1.1783470295395473 3.3288848228145835
1.1783470119808086 3.3288848724188327
0.1023391422753146 1.1783470119808086 3.3288848228145835 0.0010844176274028775
0.10729990557931701 0.10509380906049676 0.10299895958765865 0.10100740688736437 0.09911192700867949 0.0973059425279285 0.09558345285671523 0.09393897322249442 0.09236748111287665 0.09086436915960991 0.08942540359244545 0.0880466875222284 0.08672462842093871 0.08545590925760914 0.08423746282598121 0.08306644886482255 0.0819402336269805 0.0808563716001132 0.07981258912195394 0.07880676966703816 0.0778369406109745 0.076901261303336
0.02749716332378717 0.026498572074357022 0.025561644187222714 0.024681398386318772 0.023853340826924363 0.023073409806159493 0.022337927528615978 0.021643557936139906 0.020987269761565192 0.020366304092427644 0.019778145836605275 0.019220498570901117 0.018691262328654458 0.018188513945874757 0.017710489639065165 0.017255569533431644 0.016822263898874288 0.016409200884121837 0.01601511556750547 0.015638840166928375 0.015279295272204403 0.014935481980638335
