3.8788857090501647 4.849694198289928
3.878885766850066 4.849694198289928
3.8788857090501647 4.849694270556003
1.9154867274611602 2.4341292205404645
1.9154867560041366 2.4341292205404645
1.9154867274611602 2.4341292568118162
1.7795814597275135 2.275727047641836
1.7795814862453436 2.275727047641836
1.7795814597275135 2.2757270815528114
1.6490307315063397 2.4534351782778487
1.6490307560788124 2.4534351782778487
1.6490307315063397 2.453435214836882
0.006714230224413198 4.919585474483301
1.2400898888744563 3.0710606194585024
1.2400899073532357 3.0710606194585024
1.2400898888744563 3.071060665220872
0.8954561814469189 3.726744541840943
0.89545619634808 3.726744541840943
0.8954561814469189 3.726744597373764
0.24595496016290885 5.058256222981918
0.747167446414839 4.066132079405455
0.7471674613160002 4.066132079405455
0.747167446414839 4.066132139995545
0.4315538774577996 4.7362677921206275
0.4315538923589608 4.7362677921206275
0.4315538774577996 4.736267862696518
0.3223959195021675 5.023337908088598
0.3223959344033287 5.023337908088598
0.3223959195021675 5.023337982942166
0.3347711481570589 4.999671622040167
0.3347711630582201 4.999671622040167
0.3347711481570589 4.99967169654108
0.3338579854540313 5.001879604062227
0.3338580003551925 5.001879604062227
0.3338579854540313 5.001879678596041
0.3339157302992077 5.001744728629239
0.3339157452003689 5.001744728629239
0.3339157302992077 5.001744803161044
0.07087149334301801 0.3339157302992077 5.001744728629239 0.0011703688575802702
0.10833611151729924 0.10619321882451188 0.1041606059050477 0.1022301522767092 0.10039450941426739 0.09864701170171092 0.09698159931705612 0.09539275124893787 0.09387542694363928 0.09242501532665635 0.09103729014476496 0.08970837074115878 0.08843468751417452 0.08721295142471297 0.0860401270129545 0.08491340846478586 0.08383019833527211 0.08278808859277388 0.08178484369475647 0.08081838544645412 0.07988677942756821 0.07898822280109356
0.02792271928010335 0.02701611204778692 0.026166255696993015 0.02536837651079036 0.02461819644586926 0.023911872719190985 0.023245945742115207 0.02261729412656612 0.022023095699471442 0.021460793635723483 0.020928066963378844 0.02042280481342966 0.0199430838848218 0.019487148677152153 0.019053394111627552 0.018640350217826375 0.018246668611531538 0.017871110528997838 0.017512536216782927 0.01716989550477688 0.016842219414188772 0.016528612672710597
