2.1983546277560144 4.943465223970687
2.198354660514051 4.943465223970687
2.1983546277560144 4.943465297634059
1.3719113576139002 3.1164707576645916
1.3719113780569725 3.1164707576645916
1.3719113576139002 3.1164708041036246
1.3026151661509435 2.972742614327457
1.302615185561422 2.972742614327457
1.3026151661509435 2.972742658624774
1.1741053192234934 3.189676964462617
1.174105336719026 3.189676964462617
1.1741053192234934 3.1896770119925075
0.812022687636466 3.846622468490062
1.0851862024222467 3.3547859205407624
1.0851862185927812 3.3547859205407624
1.0851862024222467 3.354785970530968
0.9088324296062276 3.685798992266444
0.9088324445073888 3.685798992266444
0.9088324296062276 3.685799047189129
0.9238363221499272 3.6667869123911063
0.9238363370510884 3.6667869123911063
0.9238363221499272 3.666786967030489
0.922836982346114 3.668807901713226
0.9228369972472752 3.668807901713226
0.922836982346114 3.668807956382724
0.08986949726047389 0.922836982346114 3.668807901713226 0.0011110221512831725
0.1067190456654725 0.10457825707308624 0.10254495816335643 0.10061149381042721 0.09877090702626246 0.0970168622362416 0.09534357829171473 0.09374576983510877 0.09221859584907684 0.09075761440070117 0.08935874274145773 0.08801822204881286 0.08673258620025925 0.08549863405880809 0.08431340482329588 0.08317415605967572 0.08207834408267033 0.0810236064023366 0.080007745988544 0.07902871713916983 0.07808461276586381 0.0771736529352698
0.029131983083911312 0.02811166673344342 0.02715374042141918 0.026253186222598375 0.025405477044584648 0.024606520800986145 0.023852611744005204 0.023140387944140566 0.02246679405991421 0.021829048670269347 0.021224615550968422 0.020651178367576524 0.020106618334415127 0.019588994453649426 0.01909652600343182 0.018627576990415375 0.018180642321337048 0.017754335481879404 0.017347377539588336 0.01695858731202974 0.016586872562259956 0.016231222101603365
