4.078814774012164 3.8711314781764594
4.07881483479124 3.8711314781764594
4.078814774012164 3.8711315358608136
2.1322876065994176 2.0551050527099735
2.132287638372979 2.0551050527099735
2.1322876065994176 2.0551050833334252
2.0270137625232483 1.959954257835208
2.027013792728107 1.959954257835208
2.0270137625232483 1.9599542870408024
1.9498367002489703 2.0549529767237633
1.9498367293038013 2.0549529767237633
1.9498367002489703 2.054953007344949
0.243431225992641 4.310785609276246
1.5238622775014472 2.6193848352826192
1.8439709045758086 2.1965325622699994
1.8439709320531164 2.1965325622699994
1.8439709045758086 2.196532595000885
1.639001741136876 2.4846246048309952
1.6390017655599052 2.4846246048309952
1.639001741136876 2.484624641854787
1.2559331417075073 3.0790116672091323
1.2559331604223694 3.0790116672091323
1.2559331417075073 3.0790117130899817
0.9271704327039025 3.705072856678581
0.9271704476050637 3.705072856678581
0.9271704327039025 3.7050729118884687
0.3059883450415497 4.975617205031915
0.7847118410167071 4.028669724095933
0.7847118559178683 4.028669724095933
0.7847118410167071 4.02866978412779
0.48258313532457314 4.668009834669395
0.48258315022573434 4.668009834669395
0.48258313532457314 4.668009904228161
0.4579156047853943 4.757103941778862
0.4579156196865555 4.757103941778862
0.4579156047853943 4.757104012665234
0.45951178219953653 4.754126250480198
0.4595117971006977 4.754126250480198
0.45951178219953653 4.754126321322199
0.07206815584261761 0.45951178219953653 4.754126250480198 0.0012105441860754997
0.10652163646012631 0.1043953665317914 0.10237817602806173 0.10046207023686188 0.09863980978473448 0.09690482415022923 0.09525113666950019 0.09367329931563888 0.09216633581624828 0.09072569190622377 0.08934719170431475 0.08802699936049091 0.08676158525259074 0.08554769612012991 0.08438232861447073 0.08326270582101719 0.0821862563733107 0.08115059583297039 0.08015351005508438 0.0791929402973226 0.07826696986386351 0.07737381210316968
0.028409474131786246 0.027463055819936168 0.0265757460361962 0.025742607795004775 0.024959211596969136 0.02422157429466996 0.023526106301832616 0.022869565886876306 0.02224901949822392 0.021661807238856766 0.021105512748196737 0.02057793686593077 0.020077074549239498 0.019601094595593588 0.01914832179070457 0.018717221157692285 0.01830638403095455 0.017914515718146756 0.01754042454736737 0.017183012125141617 0.016841264654956195 0.016514245186629493
