1.4282458357181218 2.1840525329804983
1.4282458570006433 2.1840525329804983
1.4282458357181218 2.184052565525417
3.260710683524537 0.32608476802371644
2.0528789551160536 1.9957530553384926
2.0528789857063336 1.9957530553384926
2.0528789551160536 1.9957530850775305
2.8865610132594326 0.9920264319763383
2.2860590779305165 1.7676459815628365
2.2860591119954514 1.7676459815628365
2.2860590779305165 1.7676460079028142
2.7135043322801464 1.2747831389148812
2.396653657754303 1.647769834606216
2.3966536934672256 1.647769834606216
2.396653657754303 1.6477698591599
2.616124931333321 1.4064439825806514
2.4526801620776406 1.5885128203615009
2.452680198625423 1.5885128203615009
2.4526801620776406 1.5885128440321865
2.5638091038296453 1.4691318754806504
2.4807763322436243 1.558962931140441
2.4807763692100724 1.558962931140441
2.4807763322436243 1.5589629543707988
2.536690196347056 1.4995996198706487
2.5366902341466857 1.4995996198706487
2.536690196347056 1.4995996422164244
2.5938748395109905 1.4414594486453696
2.5938748781627377 1.4414594486453696
2.5938748395109905 1.4414594701247891
2.6520012798886254 1.384260848549593
2.6087449429493716 1.4275121296745044
2.6087449818227006 1.4275121296745044
2.6087449429493716 1.4275121509460926
2.637721961963224 1.3988254934122366
2.616010355386598 1.4203619057057886
2.6160103943681903 1.4203619057057886
2.616010355386598 1.4203619268708303
2.614205358259123 1.4221609277769895
2.6142053972138184 1.4221609277769895
2.614205358259123 1.4221609489688387
0.22327096479306385 2.614205358259123 1.4221609277769895 0.0005649445466657962
0.10599260586968186 0.10375017699555214 0.10162093209962603 0.09959679795546843 0.09767043450154682 0.09583515514159717 0.0940848569831768 0.0924139596348735 0.09081735139138482 0.08929034181050659 0.08782861983283273 0.08642821671845122 0.08508547317905213 0.0837970101718801 0.08255970289651485 0.08137065759875543 0.08022719083973111 0.07912681093426983 0.07806720130177996 0.07704620550648186 0.07606181379263594 0.0751121509451787
0.02674863794521346 0.025735333168032084 0.02478513059288123 0.023892935424259375 0.02305414748546106 0.02226460591602095 0.021520540784776138 0.020818530671596232 0.020155465410602393 0.01952851330549223 0.018935092227054053 0.018372844087104132 0.017839612254407004 0.01733342153871045 0.016852460420559705 0.016395065248480323 0.01595970616262684 0.015544974536080185 0.015149571752473742 0.014772299162233255 0.014412049080016167 0.014067796703423199
