1.2216149560549967 3.358844977489487
1.221614974258478 3.358844977489487
1.2216149560549967 3.3588450275401773
1.2057642776526585 3.2814093760072507
1.2057642956199464 3.2814093760072507
1.2057642776526585 3.281409424904061
1.574424469250922 2.608880861169052
1.2979005009089766 3.1132262041290777
1.297900520249201 3.1132262041290777
1.2979005009089766 3.113226250519763
1.4287242379699951 2.8855097403759005
1.4287242592596454 2.8855097403759005
1.4287242379699951 2.885509783373346
1.7001504440770479 2.4358361178341927
1.4983562105071324 2.7741823048027094
1.4983562328343798 2.7741823048027094
1.4983562105071324 2.7741823461412474
1.6361504828340885 2.5506149177429074
1.6361505072146305 2.5506149177429074
1.6361504828340885 2.5506149557500315
1.781829425836797 2.332103399491635
1.7818294523881246 2.332103399491635
1.781829425836797 2.3321034342426836
1.9341185150190794 2.118146227705098
1.934118543839691 2.118146227705098
1.9341185150190794 2.1181462592679368
1.9764569445719646 2.067965955080547
1.976456974023468 2.067965955080547
1.9764569445719646 2.067965985895641
2.0557287637243995 1.9632836347060956
2.055728794357145 1.9632836347060956
2.0557287637243995 1.9632836639613014
2.1376906282152 1.860693858022903
2.1376906600692727 1.860693858022903
2.1376906282152 1.8606938857494022
2.221729029178522 1.759798086683151
2.2217290622848647 1.759798086683151
2.221729029178522 1.759798112906186
2.3079486662167654 1.6607597925757238
2.3079487006078807 1.6607597925757238
2.3079486662167654 1.6607598173229732
2.3308574815288585 1.637247311306914
2.3308575162613416 1.637247311306914
2.3308574815288585 1.6372473357038
2.3749097550783502 1.5885646699159657
2.3419197301304404 1.6251213348727571
2.3419197650277637 1.6251213348727571
2.3419197301304404 1.6251213590889522
2.364002536410226 1.6008314138924578
2.347453840707681 1.619061072314905
2.347453875687469 1.619061072314905
2.347453840707681 1.619061096440795
2.3585088516144226 1.6069284970541964
2.3502210114547997 1.6160310464744048
2.3502210464758218 1.6160310464744048
2.3502210114547997 1.616031070555144
0.20004468732300795 2.3502210114547997 1.6160310464744048 0.0009544503448245651
0.10777555261893954 0.10553778060037285 0.10341196948684611 0.10139021253480585 0.09946531358071298 0.0976307106103529 0.09588040875643405 0.09420892143031588 0.09261121848723076 0.09108268048683604 0.08961905824763709 0.08821643700910152 0.08687120461270616 0.08558002319566853 0.08433980396114327 0.08314768464822703 0.08200100937588235 0.08089731057824605 0.07983429278589785 0.07880981803948006 0.07782189274940166 0.07686865583889464
0.027349858369205053 0.02633325808630452 0.025379137148778475 0.024482515503469335 0.023638890376176454 0.022844183596901067 0.022094695426090723 0.021387064003546397 0.020718229669530724 0.020085403515668503 0.019486039614702046 0.018917810455740883 0.01837858517755724 0.017866410248581658 0.017379492290091537 0.016916182779949735 0.01647496440921825 0.016054438893946272 0.01565331607017024 0.015270404122301613 0.014904600814151863 0.014554885608305014
