2.0664584076309893 1.7656452341497633
2.066458438423619 1.7656452341497633
2.0664584076309893 1.7656452604599275
0.38971757036831445 3.904872573167344
1.714220580489187 2.3467330961288773
1.7142206060330643 2.3467330961288773
1.714220580489187 2.3467331310979254
0.9827325899918546 3.492099273643439
1.5612066324903269 2.6500817062625996
1.5612066557541187 2.6500817062625996
1.5612066324903269 2.650081745751894
1.343694336509929 3.00965780838919
1.5120207278541824 2.7429184314462525
1.512020750385047 2.7429184314462525
1.5120207278541824 2.742918472318922
1.4222445373764334 2.8897020869697263
1.4899613799214813 2.779846883050398
1.489961402123636 2.779846883050398
1.4899613799214813 2.7798469244733446
1.4451892166869875 2.8533094917413955
1.445189238221985 2.8533094917413955
1.4451892166869875 2.85330953425902
1.4677512408336821 2.8163737270594096
1.4677512627048799 2.8163737270594096
1.4677512408336821 2.8163737690266486
1.4567738113167312 2.8346656317938987
1.4567738330243527 2.8346656317938987
1.4567738113167312 2.834665674033708
1.462639519909492 2.824975280417796
1.4626395417045193 2.824975280417796
1.462639519909492 2.824975322513208
1.4596420009365874 2.8299474849614907
1.4596420226869482 2.8299474849614907
1.4596420009365874 2.829947527130994
1.4612196465488618 2.827336254604401
1.4612196683227314 2.827336254604401
1.4612196465488618 2.827336296734994
0.1181895161709976 1.4612196465488618 2.827336254604401 0.0007841338870557522
0.10704373979019222 0.10483481182972713 0.10273672974002823 0.10074162753283399 0.09884235116183115 0.09703238121251762 0.0953057652451443 0.09365705844583407 0.09208127144571636 0.09057382433910484 0.08913050607523419 0.08774743851863853 0.08642104457480189 0.08514801986344371 0.0839253074943535 0.08275007556222289 0.08161969702923638 0.08053173170874899 0.07948391010143448 0.07847411886785084 0.07750038774929016 0.07656087777277315
0.027700275493374338 0.026680222946891055 0.02572292442417034 0.024823354735264046 0.023976974142743097 0.02317967418170519 0.02242773026362127 0.021717760131138523 0.021046687369654243 0.020411709298140793 0.019810268660040747 0.019240028618113615 0.018698850627416864 0.01818477482022526 0.01769600258735627 0.01723088108350599 0.016787889420998917 0.01636562634780673 0.01596279923262421 0.015578214202895365 0.015210767301541127 0.014859436545237574
