4.937113459433118 5.168346672917912
4.937113533001842 5.168346672917912
4.937113459433118 5.168346749932279
2.117583235234419 2.255843283871681
2.117583266788868 2.255843283871681
2.117583235234419 2.2558433174863652
1.9703161471521335 2.1066171327647067
1.970316176512132 2.1066171327647067
1.9703161471521335 2.106617164155748
1.8953581380534947 2.2015250080670556
1.895358166296532 2.2015250080670556
1.8953581380534947 2.2015250408723346
0.033822129162961234 4.7881506591672345
1.4305109036906962 2.848567382578264
1.779683459208994 2.363670136828181
1.7796834857283441 2.363670136828181
1.779683459208994 2.363670172049611
1.5567676150227925 2.69381438232962
1.5567676382204376 2.69381438232962
1.5567676150227925 2.6938144224705827
1.1420282127390933 3.374062876558902
1.4586680451613498 2.8671584001085453
1.4586680668971974 2.8671584001085453
1.4586680451613498 2.867158442832535
1.2556943046453832 3.2099241467751547
1.2556943233566864 3.2099241467751547
1.2556943046453832 3.209924194606752
0.8743968602501861 3.90946617167826
0.8743968751513473 3.90946617167826
0.8743968602501861 3.909466229933846
0.8068163977536854 4.0968282681532395
0.8068164126548466 4.0968282681532395
0.8068163977536854 4.096828329200738
0.7649194182302012 4.188055625942065
0.7649194331313623 4.188055625942065
0.7649194182302012 4.188055688348957
0.7706395491181391 4.176533883436381
0.7706395640193003 4.176533883436381
0.7706395491181391 4.1765339456715855
0.7700365831153273 4.177824590047579
0.7700365980164885 4.177824590047579
0.7700365831153273 4.177824652302017
0.08249257726953252 0.7700365831153273 4.177824590047579 0.0008658243795513796
0.10646195669512265 0.1042867510997275 0.10222263466230597 0.10026152798430228 0.09839610645005303 0.09661971505497752 0.09492629435622646 0.09331031591498462 0.09176672586245774 0.09029089543855252 0.08887857753194234 0.08752586839946239 0.08622917386712727 0.0849851794189667 0.0837908236669426 0.08264327476837842 0.08153990941898472 0.08047829410165268 0.07945616831531614 0.07847142954565459 0.0775221197713161 0.07660641332656856
0.027495507957235425 0.026530813404666946 0.02562634399311761 0.02477712330897121 0.023978677450401498 0.023226975827091528 0.022518379840952188 0.02184959828937841 0.021217648517445696 0.020619822498692462 0.02005365715149758 0.019516908304189087 0.019007527810675617 0.018523643392636575 0.018063540846636136 0.017625648306977982 0.01720852229936204 0.016810835357812533 0.016431365009047266 0.016068983955381675 0.015722651310179022 0.015391404759407055
