2.8616638992162353 4.409485537671063
2.8616639418583505 4.409485537671063
2.8616638992162353 4.409485603377518
1.6986835546466597 2.6481387845098814
1.6986835799590172 2.6481387845098814
1.6986835546466597 2.6481388239702244
1.6133875745761226 2.5263379712350487
1.6133875986174708 2.5263379712350487
1.6133875745761226 2.526338008880418
1.453222296004973 2.7683441102531186
1.4532223176596726 2.7683441102531186
1.453222296004973 2.7683441515046603
0.06486641187272935 5.043138433895798
1.1087683996504496 3.338642578626291
1.3697593998568802 2.9124863900515354
1.3697594202678858 2.9124863900515354
1.3697593998568802 2.912486433450965
1.2012175190803491 3.1998291154857443
1.201217536979885 3.1998291154857443
1.2012175190803491 3.1998291631669136
0.8814644225968326 3.7843347074451383
1.1243249357534657 3.34758087516471
1.1243249525072128 3.34758087516471
1.1243249357534657 3.347580925047552
0.9669958823025728 3.6412129176530863
0.966995897203734 3.6412129176530863
0.9669958823025728 3.641212971911387
0.9585837500146419 3.6660838228441315
0.9585837649158031 3.6660838228441315
0.9585837500146419 3.6660838774730373
0.9603739129066882 3.662648234651786
0.9603739278078494 3.662648234651786
0.9603739129066882 3.6626482892294976
0.09272819427557011 0.9603739129066882 3.662648234651786 0.0008751391868158181
0.10758987185147736 0.1054107345253249 0.10334141651553146 0.10137406488856908 0.09950154581647243 0.0977173652392988 0.09601559963380045 0.09439083544614126 0.09283811597222058 0.09135289465672035 0.08993099393827582 0.0885685688987484 0.08726207508398319 0.08600823995533795 0.0848040375086779 0.08364666566289461 0.08253352607533987 0.08146220608852346 0.08043046255236637 0.07943620730036254 0.07847749408710805 0.07755250681959189
0.028138844480976505 0.027142970885484747 0.026208344832639306 0.0253300145000732 0.024503514801595877 0.02372481177131245 0.022990254111415923 0.02229653088643199 0.021640634503327684 0.021019828247696083 0.02043161775571776 0.01987372589346284 0.019344070592349473 0.01884074525468727 0.018362001398237363 0.017906233255286643 0.01747196408124139 0.017057833961336526 0.016662588932676893 0.016285071263261956 0.01592421075054935 0.015579016920031656
