2.5820715992550083 1.2230242983812258
2.5820716377308734 1.2230242983812258
2.5820715992550083 1.223024316605708
4.01635266721289 0.06628312278428217
2.9715741709987316 0.9770801641118492
2.971574215278637 0.9770801641118492
2.9715741709987316 0.9770801790130104
3.7294115062271285 0.4531663776546946
3.1680864443640675 0.8569422472791134
3.168086491572234 0.8569422472791134
3.1680864443640675 0.8569422621802746
3.5585003924786127 0.6124474217835607
3.2677002539371274 0.7991526538961122
3.2677003026296556 0.7991526538961122
3.2677002539371274 0.7991526687972734
3.4655332439714557 0.6812022376263965
3.3176809322401457 0.7705594932343772
3.317680981677444 0.7705594932343772
3.3176809322401457 0.7705595081355384
3.4172361905881035 0.7126690907802412
3.4172362415088906 0.7126690907802412
3.4172361905881035 0.7126691056814024
3.5771665847225576 0.626876696305583
3.45776254376395 0.6922670365179215
3.457762595288627 0.6922670365179215
3.45776254376395 0.6922670514190827
3.537901103553547 0.6496955940444332
3.5379011562723814 0.6496955940444332
3.537901103553547 0.6496956089455944
3.570257118282223 0.6344007290282683
3.5702571714832 0.6344007290282683
3.570257118282223 0.6344007439294295
3.5720058757528412 0.6336840435411902
3.5720059289798765 0.6336840435411902
3.5720058757528412 0.6336840584423514
3.5721317393537606 0.633622001872736
3.5721317925826717 0.633622001872736
3.5721317393537606 0.6336220167738972
0.43228680769766525 3.5721317393537606 0.633622001872736 0.0009949959586474145
0.1090044901695811 0.10676738728373165 0.10464106129359807 0.10261779495412779 0.10069055284300191 0.09885290953923492 0.09709898643719239 0.09542339604781508 0.09382119280382058 0.09228782952546986 0.09081911882215062 0.08941119880589217 0.08806050257880056 0.0867637310296262 0.08551782853722112 0.08431996123215225 0.08316749751359316 0.082057990557981 0.08098916258977515 0.07995889071380613 0.07896519413385955 0.0780062226038761
0.027672083387549236 0.026627550808525313 0.025646756227181683 0.024724705135297464 0.023856868849466983 0.023039135008465696 0.022267763886219972 0.021539349782205966 0.020850786850452347 0.020199238813733842 0.019582112083018566 0.018997031865485663 0.018441820898926882 0.01791448049734111 0.017413173633094792 0.016936209816069747 0.016482031560534426 0.016049202256722902 0.01563639528685933 0.015242384245111179 0.01486603413811062 0.014506293457606637
