2.6214190635063823 1.1357319594750228
2.6214191025685705 1.1357319594750228
2.6214190635063823 1.135731976398748
1.5056724762304523 2.2035955913001954
2.4127892123198067 1.4606166069168696
2.412789248273168 1.4606166069168696
2.4127892123198067 1.460616628681753
2.9794823342522077 0.936055169759417
2.5705237332975353 1.34931102246886
2.570523771601324 1.34931102246886
2.5705237332975353 1.349311042575161
2.852852082692088 1.085934576905303
2.6425403501542735 1.2850390615850007
2.642540389531193 1.2850390615850007
2.6425403501542735 1.285039080733575
2.7860292305750702 1.1558877803951775
2.6788822816334386 1.2532808574292191
2.678882321551895 1.2532808574292191
2.6788822816334386 1.2532808761045593
2.751150044278446 1.1892914165687807
2.6970730562478 1.23742445185801
2.69707309643732 1.23742445185801
2.6970730562478 1.2374244702970711
2.715227105302251 1.221526012260435
2.7016440397254464 1.2334872285386635
2.7016440799830796 1.2334872285386635
2.7016440397254464 1.2334872469190556
2.697114243167257 1.237471768733057
2.697114283357391 1.237471768733057
2.697114243167257 1.2374717871728234
2.698248374135689 1.2364775489207664
2.6982484143427232 1.2364775489207664
2.698248374135689 1.2364775673457178
2.700513104420759 1.234485087856977
2.6988147685964123 1.2359796746022496
2.6988148088118864 1.2359796746022496
2.6988147685964123 1.235979693019782
0.254102094455425 2.6988147685964123 1.2359796746022496 0.0008680802038027073
0.10875065658146102 0.10651400707156883 0.10438883873514727 0.10236731138576148 0.10044228652317994 0.09860725215482141 0.09685625685679294 0.095183851810753 0.09358503974116142 0.09205522983568817 0.09059019786475753 0.0891860508285975 0.08783919555520737 0.08654631075319727 0.08530432209185121 0.08411037993897297 0.08296183943671195 0.08185624263798291 0.08079130246241324 0.07976488826191185 0.07877501281273923 0.07781982057403117
0.027594853510017517 0.02658072940367456 0.02562854209321061 0.024733381219290307 0.023890804807343295 0.023096787788484487 0.022347676850554474 0.021640150766850545 0.020971185473849262 0.02033802327382513 0.01973814562686584 0.01916924907195987 0.018629223880735613 0.018116135101850676 0.01762820570045559 0.01716380153683252 0.01672141796227689 0.0162996678394201 0.01589727081921648 0.015513043728352037 0.015145891939394465 0.014794801612030058
