5.161260917274753 5.353228058581706
5.161260994183533 5.353228058581706
5.161260917274753 5.35322813835102
2.074892938624421 2.189969732815562
2.074892969542735 2.189969732815562
2.074892938624421 2.189969765448654
1.9305517113512154 2.0396037365074955
1.9305517401186776 2.0396037365074955
1.9305517113512154 2.0396037668999596
1.9677967562148628 1.987173568039031
1.9677967855373195 1.987173568039031
1.9677967562148628 1.9871735976502247
3.473335771573931 0.050057334099372186
2.3443740293169557 1.5030441981459735
2.0621316925852664 1.8662897379867016
2.0621317233134233 1.8662897379867016
2.0621316925852664 1.8662897657965858
2.1603478069419575 1.748537559795375
2.1603478391336486 1.748537559795375
2.1603478069419575 1.748537585850615
2.261530574674334 1.6333245913319918
2.186670788265025 1.720670025978701
2.186670820848959 1.720670025978701
2.186670788265025 1.7206700516186824
2.2370091404915913 1.6628423038884586
2.19931939658381 1.7062690744723774
2.1993194293562226 1.7062690744723774
2.19931939658381 1.7062690998977679
2.1945245272881104 1.7118063549488431
2.198139017024848 1.7076690635836396
2.198139049779672 1.7076690635836396
2.198139017024848 1.7076690890298916
0.1913374100897346 2.198139017024848 1.7076690635836396 0.0010280651729800802
0.10951673531230117 0.10728252361984779 0.10515920810536643 0.10313902780971879 0.10121491267750271 0.09938040994839362 0.09762961954150223 0.09595713721056338 0.0943580044286323 0.09282766411312358 0.09136192143031706 0.0899569090268424 0.08860905612742484 0.08731506101603755 0.08607186648380429 0.08487663788339316 0.08372674347778901 0.08261973681251078 0.08155334087563972 0.08052543384033015 0.07953403621055488 0.07857729921331487
0.027863948257092923 0.026846875770749852 0.025891556090688155 0.02499312439307676 0.024147176707560978 0.023349719639461124 0.022597126225869745 0.02188609710651243 0.02121362630808736 0.020576971040600644 0.019973624988883092 0.01940129465443142 0.0188578783639781 0.01834144761344137 0.017850230460542564 0.017382596717577473 0.016937044728574848 0.016512189543194434 0.016106752323903475 0.015719550843808272 0.01534949095049975 0.014995558886814891
