5.52802138345156 1.386133966058716
5.528021465825498 1.386133966058716
5.52802138345156 1.3861339867137217
3.13308311078791 0.8071833992732786
3.1330831574744864 0.8071833992732786
3.13308311078791 0.8071834141744398
2.80083115048016 1.037373301272245
2.8008311922157962 1.037373301272245
2.80083115048016 1.0373733167303119
2.2440766695425314 1.4888632562669089
2.673679793858885 1.163651578218223
2.673679833699819 1.163651578218223
2.673679793858885 1.163651595557983
2.402079940684926 1.3975066671775753
2.6084664675242903 1.225097812831473
2.6084665063934698 1.225097812831473
2.6084664675242903 1.225097831086853
2.474142699714671 1.3437181994456768
2.5754121409135284 1.2553387769736974
2.57541217929016 1.2553387769736974
2.5754121409135284 1.2553387956797029
2.5086656608746214 1.3151160726818902
2.5086656982566526 1.3151160726818902
2.5086656608746214 1.315116092278647
2.4435396123717337 1.376654804275647
2.4435396487833114 1.376654804275647
2.4435396123717337 1.3766548247894022
2.3795873975479402 1.4394125280943157
2.379587433006556 1.4394125280943157
2.3795873975479402 1.439412549543234
2.316781499441398 1.5033174327793206
2.364342367333874 1.455824875847083
2.364342402565321 1.455824875847083
2.364342367333874 1.4558248975405643
2.361617356404507 1.4586460136585226
2.361617391595348 1.4586460136585226
2.361617356404507 1.458646035394042
2.393146846604845 1.4268184207924415
2.3695004393557935 1.4506898192523048
2.363588837341642 1.4566576689814321
2.36358887256186 1.4566576689814321
2.363588837341642 1.4566576906873228
0.21532089450036684 2.363588837341642 1.4566576689814321 0.0009551843104100806
0.1095522962456539 0.10735616596112514 0.10526822753220073 0.10328097345328781 0.10138755866720219 0.09958173060869054 0.09785776771966419 0.09621042529514834 0.09463488768621632 0.09312672602716261 0.09168186077324411 0.09029652843609978 0.08896725198942808 0.08769081449013383 0.08646423552200248 0.08528475012172802 0.08414978989223065 0.08305696604683949 0.0820040541610752 0.08098898043727976 0.08000980931189952 0.0790647322564258
0.029106022546934437 0.028064653034934446 0.027085773280073982 0.026164513002388742 0.025296458608627007 0.02447760385606204 0.023704306477710213 0.022973249980473804 0.022281409940061697 0.021626024211844865 0.021004566557798726 0.020414723258636972 0.019854372339042293 0.019321565084128745 0.01881450956824898 0.01833155595409678 0.017871183351679927 0.01743198805393329 0.017012672989165728 0.01661203825074173 0.016228972581860145 0.015862445708403793
