3.463180946440964 2.516837689307151
3.463180998046382 2.516837689307151
3.463180946440964 2.516837726810955
2.337362805309439 1.715997240975071
2.3373628401388586 1.715997240975071
2.337362805309439 1.7159972665454224
2.299347250145043 1.6878880082230427
2.299347284407987 1.6878880082230427
2.299347250145043 1.687888033374534
2.4361646258587935 1.5323044905070937
2.3334362522919236 1.648920066352458
2.3334362870628333 1.648920066352458
2.3334362522919236 1.6489200909232815
2.384163246375945 1.5927350568875898
2.384163281902746 1.5927350568875898
2.384163246375945 1.5927350806211915
2.4871888102781003 1.4818041502289245
2.487188847340102 1.4818041502289245
2.4871888102781003 1.481804172309527
2.5151353058037875 1.45627986390835
2.5151353432822243 1.45627986390835
2.5151353058037875 1.456279885608611
2.5685345250725073 1.4026281481961864
2.5685345633466543 1.4026281481961864
2.5685345250725073 1.4026281690969746
2.677192738677225 1.297208389679568
2.5959974701751887 1.3765842919028297
2.5959975088585656 1.3765842919028297
2.5959974701751887 1.3765843124155341
2.650634366557446 1.3241935219993233
2.650634406054976 1.3241935219993233
2.650634366557446 1.3241935417313444
2.70641746846067 1.2730248913803375
2.706417508789433 1.2730248913803375
2.70641746846067 1.2730249103498865
2.763040731875248 1.2227875620559103
2.7630407730477633 1.2227875620559103
2.763040731875248 1.2227875802768648
2.706395745514688 1.2730003964469265
2.749197018162912 1.2356901021832016
2.74919705912914 1.2356901021832016
2.749197018162912 1.235690120596419
2.7776457236691066 1.2107267899157212
2.7563301496168875 1.229473236137381
2.7563301906894075 1.229473236137381
2.7563301496168875 1.2294732544579599
2.770573979724006 1.2170138117941371
2.75989644932302 1.2263644979128143
2.759896490448682 1.2263644979128143
2.75989644932302 1.2263645161870693
2.7634608649651 1.2232535996384668
2.7634609061438757 1.2232535996384668
2.7634608649651 1.2232536178663658
2.759897027254901 1.2263651599734446
2.76257136718456 1.2240331606574657
2.762571408350081 1.2240331606574657
2.76257136718456 1.2240331788969812
0.25519090978121495 2.76257136718456 1.2240331606574657 0.000987055255408034
0.10747701170297348 0.10523892594684289 0.10311301944479799 0.10109135268412685 0.09916670144669905 0.09733247966090444 0.0955826717991041 0.09391177350592284 0.09231473934004968 0.09078693667775052 0.08932410496547655 0.08792231962622812 0.08657796002337625 0.08528768096947037 0.08404838733866397 0.08285721140182863 0.08171149255491228 0.08060875915504458 0.07954671221648578 0.07852321075073469 0.07753625856278352 0.07658399233931919
0.02724521470077923 0.026230523706123346 0.025278337096647733 0.024383659131843618 0.023541974401922655 0.0227491946201891 0.02200161200939974 0.021295858387121388 0.020628869186053278 0.019997851755826874 0.019400257386285806 0.018833756571464064 0.01829621710072434 0.017785684620706264 0.017300365360457617 0.01683861075370926 0.01639890372781444 0.01597984645933298 0.015580149422377811 0.015198621578307531 0.014834161574692632 0.014485749838166844
