5.259169679910789 5.424464770384317
5.259169758278524 5.424464770384317
5.259169679910789 5.4244648512151405
2.1259844629978892 2.2331318233243906
2.1259844946775264 2.2331318233243906
2.1259844629978892 2.233131856600648
1.9759255099983626 2.080491157634044
1.975925539441947 2.080491157634044
1.9759255099983626 2.080491188635778
1.952308116841014 2.1068988505863717
1.9523081459326719 2.1068988505863717
1.952308116841014 2.106898881981611
2.368043318545787e-06 4.735775643459365
1.4642701356896184 2.7641466060101467
1.8303370675501234 2.2712393304623726
1.830337094824271 2.2712393304623726
1.8303370675501234 2.271239364306476
1.597196094572234 2.6076679372765126
1.5971961183723105 2.6076679372765126
1.597196094572234 2.6076679761337926
1.5505921248918104 2.6987681708534628
1.5505921479974336 2.6987681708534628
1.5505921248918104 2.6987682110682423
1.4429425732069807 2.872826506514385
1.4429425947085006 2.872826506514385
1.4429425732069807 2.872826549322836
1.2348484682029877 3.2252974474819593
1.2348484866036638 3.2252974474819593
1.2348484682029877 3.2252974955426366
1.0429821510367594 3.586858282060386
1.0429821665784045 3.586858282060386
1.0429821510367594 3.5868583355087393
1.0023923543684359 3.6787438627583993
1.002392369305246 3.6787438627583993
1.0023923543684359 3.6787439175759546
1.006326308113415 3.671775998283005
1.0063263231088455 3.671775998283005
1.006326308113415 3.671776052996731
1.0061023695117899 3.6722201655180324
1.0061023845038835 3.6722201655180324
1.0061023695117899 3.672220220238377
0.09117502564933722 1.0061023695117899 3.6722201655180324 0.0012712446878611196
0.10579926068959733 0.10362927365651074 0.10156921609137769 0.09961118128583162 0.09774799087984572 0.0959731140348786 0.09428059696202082 0.09266500131896907 0.0911213502236366 0.08964508082638604 0.08823200254447569 0.08687826019718704 0.0855803013929801 0.08433484761474908 0.08313886852895373 0.08198955911164016 0.08088431924123068 0.07982073545617747 0.07879656461655392 0.0778097192435721 0.07685825434082669 0.0759403555265857
0.027993230051302213 0.026988750970036456 0.0260465381705864 0.02516152052634927 0.02432912887535052 0.023545238274701025 0.022806117742526173 0.02210838641713389 0.02144897522908123 0.020825093320148366 0.020234198558886616 0.01967397159932467 0.019142293010821865 0.018637223075589245 0.018156983908225777 0.017699943600519075 0.01726460213620634 0.01684957885559381 0.01645360127989697 0.01607549513072082 0.015714175401943812 0.015368638359976221
