3.428805224189338 2.248679295325388
3.4288052752825173 2.248679295325388
3.428805224189338 2.2486793288333207
2.4287502024177545 1.6076682354835437
2.428750238608953 1.6076682354835437
2.4287502024177545 1.6076682594396672
2.4020554305629074 1.5896368472949989
2.4020554663563227 1.5896368472949989
2.4020554305629074 1.5896368709824338
2.6265965317809026 1.3465028396135057
2.4581557082324594 1.5288326384912707
2.458155744861834 1.5288326384912707
2.4581557082324594 1.5288326612726524
2.5426899437876402 1.441082235475191
2.4796308364346 1.5072292936842604
2.4796308733839787 1.5072292936842604
2.4796308364346 1.5072293161437271
2.5219832560793956 1.4634364277946323
2.5219832936598747 1.4634364277946323
2.5219832560793956 1.4634364496015344
2.6078690196026084 1.3770083893208944
2.5436463255863306 1.4420215484420267
2.5436463634896147 1.4420215484420267
2.5436463255863306 1.4420215699298222
2.5867857872529747 1.3990037684004213
2.586785825799087 1.3990037684004213
2.5867857872529747 1.399003789247202
2.630656446226533 1.3567319357713346
2.630656485426369 1.3567319357713346
2.630656446226533 1.3567319559882158
2.675064375794031 1.3150248818820467
2.6750644156555965 1.3150248818820467
2.675064375794031 1.3150249014774444
2.6641616079129484 1.325659780192255
2.66416164761205 1.325659780192255
2.6641616079129484 1.325659799946125
2.68645340074797 1.3049001653030183
2.669747829951961 1.3204841666329596
2.669747869734304 1.3204841666329596
2.669747829951961 1.320484186309707
2.6753291532143106 1.3153032706655168
2.6711464186934535 1.3191924612461976
2.671146458496637 1.3191924612461976
2.6711464186934535 1.319192480903697
0.23818200227366326 2.6711464186934535 1.3191924612461976 0.0009233051212555598
0.10694162161933066 0.10470666054974902 0.10258389357982388 0.10056536669521554 0.09864384370960061 0.09681272871517048 0.09506599814365578 0.09339814111217169 0.09180410692748522 0.09027925878944232 0.08881933287477639 0.08742040210086316 0.08607884396889931 0.08479131197052675 0.083554710113614 0.08236617018383084 0.0812230314105373 0.08012282224978645 0.07906324403510849 0.07804215627918956 0.07705756343742315 0.07610760296827937
0.027224413528494515 0.02620672313309235 0.02525187488271029 0.024354834677696727 0.023511053474355555 0.022716413445386344 0.021967180825283338 0.021259964531738028 0.02059167978731421 0.01995951607808963 0.019360908881012134 0.0187935146722346 0.0182551887970229 0.01774396583992597 0.017258042183379875 0.016795760485142548 0.01635559584105055 0.015936143430499473 0.015536107468566084 0.015154291311476926 0.014789588581743297 0.014440975196195954
