4.469665403286822 4.207291104391153
4.469665469890026 4.207291104391153
4.469665403286822 4.207291167084676
2.0924968832750466 2.0023591736280175
2.0924969144556798 2.0023591736280175
2.0924968832750466 2.0023592034654945
1.9782851738139007 1.8947080962857292
1.978285203292647 1.8947080962857292
1.9782851738139007 1.89470812451908
2.0324598206261686 1.8250741632461793
2.03245985091218 1.8250741632461793
2.0324598206261686 1.8250741904419037
3.503217887925693 0.05010176091961349
2.400509167887088 1.3816294676216465
2.1248300041853083 1.7145109722860046
2.1248300358477428 1.7145109722860046
2.1248300041853083 1.714510997834209
2.315184195219691 1.4981983236039949
2.1733611775011044 1.6612771229220569
2.1733612098867097 1.6612771229220569
2.1733611775011044 1.6612771476770152
2.2695657235432845 1.554033683370431
2.2695657573624493 1.554033683370431
2.2695657235432845 1.5540337065273373
2.369636593694104 1.4503886595955144
2.369636629004441 1.4503886595955144
2.369636593694104 1.4503886812079896
2.472644419632272 1.3496620106810526
2.472644456477545 1.3496620106810526
2.472644419632272 1.3496620307925837
2.5001848120418164 1.3264498121357589
2.500184849297473 1.3264498121357589
2.5001848120418164 1.3264498319014013
2.4476025177520984 1.3756861790685533
2.4871041174016177 1.3388278277915227
2.487104154462357 1.3388278277915227
2.4871041174016177 1.338827847741612
2.474007307007324 1.3511887905914168
2.4838469467352526 1.3419360152843307
2.483846983747456 1.3419360152843307
2.4838469467352526 1.3419360352807357
2.4805711995409596 1.3450246186190697
2.480571236504351 1.3450246186190697
2.4805711995409596 1.3450246386614984
2.4838462356879916 1.341935261327348
2.4813907955711496 1.3442531675594982
2.481390832546754 1.3442531675594982
2.4813907955711496 1.3442531875904313
0.2306239770785916 2.4813907955711496 1.3442531675594982 0.0009341222448058366
0.10937370316728726 0.10717991209532021 0.10509424415539374 0.10310919251818917 0.10121791317205202 0.09941415487537271 0.09769219759896022 0.09604679831382248 0.09447314314775414 0.09296680507568163 0.09152370642825026 0.09014008560427567 0.08881246745844366 0.08753763690850408 0.08631261536823787 0.08513463966539171 0.08400114314900754 0.08290973872930683 0.08185820362653029 0.08084446563370694 0.0798665907229379 0.07892277184602017
0.029131685606475357 0.028089166753097354 0.02710923777718908 0.02618701727609581 0.02531808197209635 0.024498417169429867 0.023724373204940988 0.022992627098512457 0.022300148722725847 0.02164417090725978 0.021022162975156432 0.020431807277553202 0.01987097835269932 0.01933772438565378 0.01883025068832619 0.018346904956596168 0.017886164093067848 0.017446622411373593 0.01702698106150023 0.01662603853593117 0.01624268213395338 0.015875880276668208
