4.261496313504553 1.218876618194983
4.2614963770057965 1.218876618194983
4.261496313504553 1.21887663635766
3.210701323970594 0.9306889139969019
3.210701371813772 0.9306889139969019
3.210701323970594 0.9306889288980631
3.117715817625343 0.9917707665944342
3.117715864082929 0.9917707665944342
3.117715817625343 0.9917707814955954
1.9061150844494483 1.874115076726064
2.815456354115818 1.2132339810563648
3.042797542386984 1.0480084159084329
3.0427975877282005 1.0480084159084329
3.042797542386984 1.0480084315249751
2.8944737069281246 1.1624711805744687
3.0062161414752335 1.0772600209686254
3.006216186271345 1.0772600209686254
3.0062161414752335 1.0772600370210506
2.932552414352671 1.135131226861258
2.9325524580511075 1.135131226861258
2.932552414352671 1.1351312437760313
2.860664996806801 1.1951946963218252
2.860665039434031 1.1951946963218252
2.860664996806801 1.195194714131614
2.9325597408580975 1.1351399967317568
2.8791243168006226 1.1807822944338116
2.879124359702918 1.1807822944338116
2.8791243168006226 1.1807823120288388
2.843395951644564 1.2110699027008744
2.870223923963148 1.1883914312470518
2.870223966732817 1.1883914312470518
2.870223923963148 1.1883914489554641
2.8613108275271775 1.1959856835227582
2.8680023968170816 1.1902978845957572
2.869675358014004 1.1888758738147611
2.8696754007754994 1.1888758738147611
2.869675358014004 1.188875891530392
0.25335100040972347 2.869675358014004 1.1888758738147611 0.0008744992201340255
0.10423433946482838 0.10202861030854316 0.09993425343359905 0.09794332089272335 0.09604858698551669 0.09424346968394086 0.0925219618650728 0.09087857098819155 0.08930826605978794 0.08780643090298884 0.086368822892999 0.0849915364422181 0.08367097062159264 0.08240380039171762 0.08118695099083854 0.08001757508940695 0.07889303237400551 0.07781087126877598 0.07676881254119752 0.0757647345721981 0.0747966600990091 0.07386274426360112
0.02741197124968848 0.026373053743849375 0.025398853944320354 0.02448414432738558 0.023624205181388937 0.022814767782704984 0.022051964685179264 0.02133228614767249 0.020652541868551418 0.02000982731745773 0.01940149405723466 0.018825123535618736 0.01827850389979255 0.01775960944928341 0.017266582395757395 0.016797716643477015 0.0163514433427939 0.015926318002063157 0.015521008971653845 0.01513428713800927 0.014765016686586457 0.014412146810484677
