1.642851013845998 3.496389312200575
1.6428510383263857 3.496389312200575
1.642851013845998 3.4963893643008355
1.3845297649944597 2.956606298334955
1.384529785625561 2.956606298334955
1.3845297649944597 2.956606342391822
1.3766974571816113 2.9325318812745405
1.376697477696002 2.9325318812745405
1.3766974571816113 2.932531924972671
1.4709704650300086 2.773214132501736
1.4709704869491766 2.773214132501736
1.4709704650300086 2.773214173825847
1.5311824546264896 2.6780453774863178
1.5311824774428862 2.6780453774863178
1.5311824546264896 2.678045417392304
1.5781467355550078 2.604472159659403
1.5781467590712268 2.604472159659403
1.5781467355550078 2.6044721984690624
1.6312095179576138 2.5223836949083074
1.6312095422645299 2.5223836949083074
1.6312095179576138 2.5223837324947533
1.7265542854799538 2.377790984922711
1.6553467149795549 2.486435809023276
1.6553467396461432 2.486435809023276
1.6553467149795549 2.4864358460740568
1.7032292624254985 2.414278475585822
1.7032292878055924 2.414278475585822
1.7032292624254985 2.414278511561375
1.800539159213767 2.271000911180489
1.8005391860438913 2.271000911180489
1.800539159213767 2.27100094502104
1.901800313668903 2.1304880823239007
1.9018003420079361 2.1304880823239007
1.901800313668903 2.130488114070647
2.006223511801938 1.9923089516038939
2.006223541696998 1.9923089516038939
2.006223511801938 1.9923089812916106
2.1140363805236575 1.856757995086202
2.1140364120252544 1.856757995086202
2.1140363805236575 1.8567580227540523
2.2254581750374958 1.724157617325866
2.2254582081994068 1.724157617325866
2.2254581750374958 1.7241576430178165
2.340704619982358 1.5948675040053235
2.340704654861575 1.5948675040053235
2.340704619982358 1.5948675277707012
2.4599775619421775 1.4692823066645644
2.4599775985987 1.4692823066645644
2.4599775619421775 1.4692823285585768
2.583452269264714 1.347825840692259
2.5834523077611524 1.347825840692259
2.583452269264714 1.347825860776429
2.6168456742933817 1.3202625448031495
2.6168457132874208 1.3202625448031495
2.6168456742933817 1.3202625644765946
2.553551393267804 1.3793662934843636
2.6011116933014935 1.3351338439080265
2.601111732061078 1.3351338439080265
2.6011116933014935 1.3351338638030712
2.616930269983377 1.3203525609231437
2.6050913911330165 1.3314655185268396
2.6050914299519032 1.3314655185268396
2.6050913911330165 1.3314655383672218
2.6011432679676445 1.3351678055772374
2.6041061087990687 1.332392951323969
2.6041061476032734 1.332392951323969
2.6041061087990687 1.332392971178171
0.24502716234571298 2.6041061087990687 1.332392951323969 0.0007985266980208289
0.11017942280962367 0.1079068991965387 0.10574777704519003 0.10369407086037845 0.10173851075825711 0.09987446570191762 0.09809587618239744 0.09639719505175645 0.09477333540781219 0.09321962459218071 0.0917317634996863 0.0903057905122861 0.0889380494679508 0.08762516115738271 0.08636399791144564 0.08515166090173781 0.08398545982752037 0.0828628947055974 0.0817816395168882 0.08073952749529227 0.07973453787183422 0.07876478391065826
0.026721342026229902 0.025736621293303688 0.02481215543150017 0.02394315893758025 0.023125303555035857 0.022354667939531437 0.02162769352278761 0.020941145739094315 0.02029207990010565 0.01967781110623634 0.019095887669919372 0.018544067599739922 0.018020297757144425 0.01752269535079481 0.01704953147915963 0.01659921647083072 0.016170286805347368 0.015761393425856685 0.015371291279458419 0.014998829942177232 0.014642945203685791 0.014302651502595298
