2.651344183346577 3.025886578195719
2.651344222854684 3.025886578195719
2.651344183346577 3.0258866232849426
1.9178901578205059 2.205029704717538
1.9178901863992963 2.205029704717538
1.9178901578205059 2.2050297375750407
1.8832450750509446 2.1701130037545577
1.8832451031134831 2.1701130037545577
1.8832450750509446 2.1701130360917613
1.5314568820638 2.654724477614578
1.795170413386763 2.2911614631503725
1.7951704401368866 2.2911614631503725
1.795170413386763 2.291161497291339
1.6762023331742082 2.4642738783271954
1.6762023581515693 2.4642738783271954
1.6762023331742082 2.4642739150477375
1.5624659102524816 2.6408675885741455
1.562465933535038 2.6408675885741455
1.5624659102524816 2.640867627926139
1.340423573364152 2.997494074158747
1.508480880922352 2.730956126733439
1.5084809034004687 2.730956126733439
1.508480880922352 2.7309561674278564
1.3987709416153522 2.910079105759213
1.3987709624586635 2.910079105759213
1.3987709416153522 2.9100791491227707
1.364334473951766 2.972449408671719
1.364334494281934 2.972449408671719
1.364334473951766 2.972449452964667
1.3794140970365203 2.9469808864492664
1.379414117591392 2.9469808864492664
1.3794140970365203 2.9469809303627037
1.374076571810744 2.956175866464215
1.3740765922860805 2.956175866464215
1.374076571810744 2.956175910514668
1.3761284571466708 2.9526715181243883
1.3761284776525826 2.9526715181243883
1.3761284571466708 2.9526715621226227
0.10891026196118392 1.3761284571466708 2.9526715181243883 0.0007371804236862553
0.10499585375920283 0.10283805766875845 0.10078850423972142 0.09883951247938666 0.09698409690360468 0.09521589193525615 0.09352908575729961 0.09191836230034957 0.09037885024623321 0.0889060780973406 0.08749593450262531 0.0861446331495554 0.08484868163102419 0.08360485378037098 0.08241016503883353 0.0812618504800926 0.08015734516784703 0.07909426656602568 0.07807039875851995 0.07708367826720401 0.07613218128434525 0.07521411215898566
0.028689938056071118 0.02764020226818684 0.026654956663049935 0.025729037803524146 0.024857781480155258 0.024036966899839005 0.02326276787934988 0.022531710077561815 0.021840633444344053 0.021186659185278296 0.020567160643400324 0.019979737585312286 0.019422193451874063 0.018892515195436426 0.018388855378024368 0.017909516249508012 0.017452935562850012 0.01701767391602465 0.016602403438026204 0.016205897660241556 0.01582702243495791 0.015464727780415934
