3.8345841943968253 3.153720727450928
3.8345842515365827 3.153720727450928
3.8345841943968253 3.153720774445029
2.2653052937858713 1.8855720463136123
2.2653053275415505 1.8855720463136123
2.2653052937858713 1.8855720744108253
2.203992592333507 1.8363986701142259
2.203992625175556 1.8363986701142259
2.203992592333507 1.8363986974786985
2.0460984227288583 2.0276833860555192
2.1643973719084526 1.8841382461653025
2.1643974041604865 1.8841382461653025
2.1643973719084526 1.88413827424115
2.1085958613484084 1.9536702097790717
2.108595892768935 1.9536702097790717
2.1085958613484084 1.9536702388910263
2.05397434747936 2.0241329145768767
2.095299485600376 1.97155841262383
2.0952995168227715 1.97155841262383
2.095299485600376 1.9715584420023395
2.12275738908133 1.9364416193103318
2.1021847419808464 1.9627955023288872
2.10218477330584 1.9627955023288872
2.1021847419808464 1.9627955315768193
2.0953208065374795 1.9715751231915049
2.1004747272750395 1.96499506119882
2.100474758574552 1.96499506119882
2.1004747272750395 1.9649950904795281
0.16406420889565665 2.1004747272750395 1.96499506119882 0.0005903079682839437
0.10565856779313756 0.10344141088296094 0.1013357377984365 0.0993336304890119 0.09742788680331774 0.09561194300912995 0.0938798059321997 0.09222599338472491 0.09064548175444403 0.08913365979316175 0.08768628778452865 0.08629946138964611 0.08496957956929022 0.08369331606632648 0.08246759400375385 0.08128956321487348 0.08015657997406128 0.07906618884097226 0.07801610636892417 0.07700420646069109 0.07602850718282336 0.075087158873595
0.027432228060189558 0.026399164815669094 0.025430073998959888 0.024519821175948423 0.02366376726574754 0.022857713511710637 0.022097853289359943 0.021380729821061262 0.02070319900370741 0.02006239667078344 0.01945570970749528 0.0188807505200588 0.018335334430177312 0.01781745962518584 0.017325289344971243 0.016857136029977716 0.01641144719153268 0.01598679279734681 0.015581853992164359 0.015195412996845617 0.014826344049223986 0.014473605267376687
