5.225373963989508 1.8048654558455348
5.225374041853648 1.8048654558455348
5.225373963989508 1.8048654827401258
2.9160102552803235 1.0291738566763713
2.9160102987322625 1.0291738566763713
2.9160102552803235 1.0291738720122567
2.954516456311918 0.998335638647895
2.954516500337644 0.998335638647895
2.954516456311918 0.9983356535490562
3.4773532158003126 0.6152395772739779
3.0853520135725687 0.9027343243874294
2.9873510414940707 0.9746082881496189
2.98735108600907 0.9746082881496189
2.9873510414940707 0.9746083030507801
3.05326311633322 0.9274915504292847
3.053263161830386 0.9274915504292847
3.05326311633322 0.9274915653304459
3.1871836853850266 0.8362619745403568
3.0870710560223045 0.9051729402635215
3.087071102023248 0.9051729402635215
3.0870710560223045 0.9051729551646827
3.154359564850637 0.8600437350559422
3.1543596118542574 0.8600437350559422
3.154359564850637 0.8600437499571034
3.244372483248626 0.802939564347099
3.177177024107941 0.8462755002391438
3.1771770714515677 0.8462755002391438
3.177177024107941 0.846275515140305
3.22219313055451 0.8177386274583348
3.2221931785689293 0.8177386274583348
3.22219313055451 0.817738642359496
3.225288211633486 0.8162364569984478
3.2252882596940253 0.8162364569984478
3.225288211633486 0.816236471899609
3.2247972218553764 0.8165406289905831
3.2247972699085996 0.8165406289905831
3.2247972218553764 0.8165406438917443
0.35924432720169064 3.2247972218553764 0.8165406289905831 0.0006575908101221789
0.10982773332705051 0.10758945799674592 0.10546210395198675 0.10343792538025182 0.10150986408655095 0.0996714764916288 0.09791686951055596 0.09624064411122225 0.09463784552874337 0.0931039192605021 0.09163467209210016 0.09022623751071172 0.0888750449523699 0.08757779240619751 0.0863314219636837 0.08513309795661714 0.08398018737471585 0.08287024229459612 0.08180098408655453 0.08077028919556432 0.07977617631865953 0.07881679482310751
0.027749853599436845 0.02672812384930162 0.025768393968584692 0.024865797147772855 0.0240159247303252 0.02321477666169049 0.02245871791872843 0.021744440130946122 0.02106892771678601 0.02042942795317971 0.01982342447738413 0.019248613788970196 0.018702884378602944 0.01818429816049423 0.017691073928431694 0.017221572592187772 0.016774283982812024 0.01634781504258485 0.015940879238916725 0.015552287061765263 0.015180937481681847 0.01482581026078511
