4.463716839825762 5.079085556680288
4.463716906340326 5.079085556680288
4.463716839825762 5.07908563236456
1.9884816284874098 2.299130412460251
1.988481658118095 2.299130412460251
1.9884816284874098 2.299130446719964
1.8526508494338838 2.1447053719551348
1.8526508770405328 2.1447053719551348
1.8526508494338838 2.1447054039137354
1.8660008600042317 2.122468753511146
1.8660008878098113 2.122468753511146
1.8660008600042317 2.1224687851383948
3.3973302091290973 0.05000468020788906
2.248868861245008 1.6043790889357106
1.961752683691664 1.9929720790648284
1.9617527129240568 1.9929720790648284
1.961752683691664 1.9929721087624266
1.987796314460776 1.9622663495771588
1.9877963440812494 1.9622663495771588
1.987796314460776 1.9622663788172061
2.0375500676569986 1.898949573356946
2.0003003258005454 1.9464889026301122
2.000300355607343 1.9464889026301122
2.0003003258005454 1.946488931635057
1.9878609068997293 1.9623173260879923
1.9972086639586868 1.9504602387138619
1.9972086937194151 1.9504602387138619
1.9972086639586868 1.9504602677779843
2.0003228427561424 1.9465065349247581
1.9979881438659315 1.9494725501109318
1.997404467335146 1.9502140560699734
1.997404497098792 1.9502140560699734
1.997404467335146 1.9502140851304275
0.16601599880074647 1.997404467335146 1.9502140560699734 0.0008263933235947542
0.10827401299395273 0.10606559118253768 0.10396679827518461 0.10196996043909061 0.1000680872042077 0.09825479862548452 0.09652426134926777 0.09487113237281478 0.09329050946525837 0.09177788736925234 0.09032911902971204 0.0889403812035041 0.08760814389488367 0.08632914313863373 0.08510035671844095 0.08391898246391047 0.08278241881730529 0.08168824740187859 0.08063421735861753 0.07961823124822424 0.07863833234097814 0.07769269313937349
0.028376489049207247 0.027339596818970212 0.026365663087083487 0.02544972850897326 0.02458730348718057 0.02377431692648457 0.023007071241566642 0.022282202781932773 0.021596646959068544 0.020947607462621885 0.02033252903877389 0.01974907337734596 0.01919509771666173 0.018668635828453684 0.018167881090610197 0.017691171394499043 0.017236975666981944 0.016803881815894883 0.016390585932418995 0.015995882605002926 0.01561865621782269 0.01525787312260397
