1.803606166160039 1.001560175855018
1.8036061930358653 1.001560175855018
1.803606166160039 1.0015601907794278
1.4057324298518157 1.9692244135999373
1.405732450798861 1.9692244135999373
1.4057324298518157 1.9692244429436676
2.417075152513074 1.3261701340151608
2.4170751885303003 1.3261701340151608
2.417075152513074 1.3261701537766357
0.9734354046058105 2.799948362491719
2.109415380700191 1.7401180040270419
2.10941541213293 1.7401180040270419
2.109415380700191 1.7401180299568206
1.4666838232776809 2.5469176335575385
1.9725152099391254 1.9586590455167883
1.9725152393318925 1.9586590455167883
1.9725152099391254 1.9586590747030825
1.659634272226904 2.3686747685026868
1.8985583972156146 2.0642803063700725
1.8985584255063392 2.0642803063700725
1.8985583972156146 2.064280337130246
2.0549201183425567 1.8592123768051296
1.9384186552991332 2.013609554958338
1.938418684183822 2.013609554958338
1.9384186552991332 2.0136095849634588
2.0172280526936146 1.9115579024740363
1.9582903662790874 1.9882283333859276
1.9582903954598878 1.9882283333859276
1.9582903662790874 1.9882283630128386
1.93858675576514 2.013740272522208
1.9534095194524683 1.9946408633754285
1.9534095485605385 1.9946408633754285
1.9534095194524683 1.9946408930978934
1.9435459969357267 2.0073877747662867
1.9509460790955655 1.9978294780057615
1.9509461081669275 1.9978294780057615
1.9509460790955655 1.9978295077757406
1.94848193473272 2.0010175486153696
1.9484819637673634 2.0010175486153696
1.94848193473272 2.0010175784328545
1.949098374984503 2.00022084351354
1.9490984040283321 2.00022084351354
1.949098374984503 2.000220873319153
0.1633762055654967 1.949098374984503 2.00022084351354 0.0010244495332561525
0.10886848639090677 0.10665344572101541 0.10454825354573986 0.10254522909609687 0.10063737482988803 0.09881830368500458 0.09708217521688571 0.0954236394129683 0.09383778715560874 0.09232010645524687 0.0908664437022841 0.08947296929319469 0.08813614707702137 0.0868527071453019 0.08561962155385001 0.08443408262051132 0.0832934834905628 0.08219540070209591 0.08113757851858254 0.0801179148257588 0.0791344484157176 0.07818534750330497
0.028293753691084965 0.027262441463505996 0.026293648381273956 0.02538245705256487 0.02452441519945362 0.02371548498615221 0.022951998522154352 0.022230618716332085 0.02154830477652878 0.0209022817495423 0.020290013581525167 0.0197091792511816 0.019157651589741878 0.018633478454233278 0.01813486596545442 0.01766016356047792 0.017207850642442415 0.01677652463868017 0.016364890302558038 0.015971750115374373 0.015595995662748814 0.015236599875583363
