3.8656532847375282 3.642455725851014
3.865653342340251 3.642455725851014
3.8656532847375282 3.642455780127834
2.1821644892787697 2.083506212163318
2.1821645217955545 2.083506212163318
2.1821644892787697 2.08350624320998
2.0984942596774507 2.0082997641582656
2.098494290947452 2.0082997641582656
2.0984942596774507 2.008299794084264
2.0139650950710735 2.116242277799706
2.013965125081492 2.116242277799706
2.0139650950710735 2.1162423093341736
0.37893271516350135 4.326553122464488
1.6059916457878671 2.669399553596358
1.9127580665017183 2.2551081089500915
1.9127580950040346 2.2551081089500915
1.9127580665017183 2.255108142553821
1.715988180079488 2.5368667620010408
1.7159882056497044 2.5368667620010408
1.715988180079488 2.536866799803301
1.3471184252204156 3.116832632580524
1.628200812852117 2.6845825697137307
1.6282008371141998 2.6845825697137307
1.628200812852117 2.684582609717128
1.4473368452166628 2.9768060321236884
1.4473368667836626 2.9768060321236884
1.4473368452166628 2.976806076481555
1.1056628148518437 3.5731986578838253
1.1056628313275034 3.5731986578838253
1.1056628148518437 3.5731987111286343
0.8056056111168572 4.191576359271538
0.8056056260180184 4.191576359271538
0.8056056111168572 4.191576421730893
0.7978845285037308 4.2422066355660775
0.797884543404892 4.2422066355660775
0.7978845285037308 4.242206698779882
0.7988664330022569 4.240415824306977
0.7988664479034181 4.240415824306977
0.7988664330022569 4.2404158874940965
0.07969411076517652 0.7988664330022569 4.240415824306977 0.0006771135746891868
0.10423290842017519 0.10207482120388463 0.10002764524992211 0.09808325608226891 0.09623429393927621 0.09447407682457465 0.09279652499978054 0.09119609522817072 0.08966772335322633 0.08820677402233387 0.08680899655309345 0.08547048609488853 0.08418764936748416 0.0829571743661357 0.08177600351283196 0.08064130980893706 0.07955047560815127 0.07850107368242669 0.07749085029892086 0.07651771006462342 0.07557970232807928 0.07467500895558347
0.027435467778257533 0.02645992222075118 0.025545817874411986 0.024688032965063552 0.023881967549138537 0.023123481479138615 0.022408840703386678 0.0217346706635126 0.021097915752324916 0.020495803959524713 0.01992581596942387 0.019385658088527956 0.01887323847565228 0.0183866462264989 0.01792413293104903 0.017484096377934993 0.017065066126958767 0.01666569071060466 0.016284726258970816 0.015921026371021847 0.015573533079271944 0.015241268775630288
