1.9031654561208473 2.991183803678342
1.9031654844802226 2.991183803678342
1.9031654561208473 2.9911838482504542
1.5790130463737384 2.49054446830944
1.5790130699028664 2.49054446830944
1.5790130463737384 2.4905445054214446
1.5747746010393207 2.4617269379941416
1.574774624505291 2.4617269379941416
1.5747746010393207 2.4617269746767314
2.994538335220913 0.3250652760986652
1.929727913172012 1.927581360396506
1.6635252996113667 2.3282103721404903
1.6635253243998254 2.3282103721404903
1.6635252996113667 2.3282104068335285
1.8052676925997813 2.1257690399326408
1.8052677195003661 2.1257690399326408
1.8052676925997813 2.125769071609068
1.955071385864413 1.929218149727465
1.955071414997247 1.929218149727465
1.955071385864413 1.9292181784750555
2.1119977644138164 1.7383058382555738
2.1119977958850353 1.7383058382555738
2.1119977644138164 1.7383058641583493
2.276714971535665 1.5540732661241807
2.276715005461362 1.5540732661241807
2.276714971535665 1.5540732892816769
2.3226767784085736 1.5127864674624032
2.3226768130191546 1.5127864674624032
2.3226767784085736 1.5127864900046781
2.408552849054971 1.4239402507203398
2.3443127265658807 1.4907374854898836
2.3443127614988626 1.4907374854898836
2.3443127265658807 1.4907375077036031
2.387469800041268 1.4465271423131938
2.3874698356173405 1.4465271423131938
2.387469800041268 1.4465271638681279
2.4313695005365905 1.403054119285324
2.4313695367668196 1.403054119285324
2.4313695005365905 1.4030541401924597
2.4758148933886144 1.3601391511624192
2.442679936436486 1.3925354689713867
2.4426799728352537 1.3925354689713867
2.442679936436486 1.392535489721782
2.4205416538598086 1.4140800344867397
2.4371580247901132 1.39793458769001
2.4371580611065977 1.39793458769001
2.4371580247901132 1.3979346085208586
2.431631670803175 1.4033291592929447
2.431631707037311 1.4033291592929447
2.431631670803175 1.4033291802041787
2.4371571191111934 1.397933660042314
2.433015896468984 1.4019832232788176
2.433015932723746 1.4019832232788176
2.433015896468984 1.4019832441699955
0.2265340321417132 2.433015896468984 1.4019832232788176 0.0007511639052693122
0.1102649273811468 0.10804648167007032 0.10593751102924749 0.10393040407411741 0.1020182224366986 0.10019462954039404 0.09845382801927567 0.0967905046148618 0.09519978155490698 0.09367717356320483 0.09221854977138093 0.09082009990683396 0.0894783042184556 0.08818990667605803 0.08695189104268017 0.08576145947288023 0.08461601333621481 0.08351313600457018 0.0824505773758704 0.08142623993578851 0.08043816618414885 0.07948452727433102
0.0285425204946812 0.027517726908128246 0.02655458284370443 0.025648271366733824 0.02479442840295096 0.023989093684585638 0.023228667640101834 0.02250987343921231 0.02182972351744414 0.02118549000005213 0.02057467852621336 0.019995005043473447 0.01944437520125806 0.018920866022504153 0.01842270957543371 0.017948278404304078 0.01749607250955767 0.017064707694945936 0.016652905122579723 0.01625948193701748 0.015883342836915514 0.015523472487828552
