4.649492476323588 4.467074784009402
4.649492545606425 4.467074784009402
4.649492476323588 4.467074850574003
2.173708069763962 2.121752003606568
2.1737081021547366 2.121752003606568
2.173708069763962 2.1217520352231363
2.0575339474223484 2.0114195548325737
2.0575339780819935 2.0114195548325737
2.0575339474223484 2.011419584805061
2.026487820468367 2.0494860144607303
2.0264878506653887 2.0494860144607303
2.026487820468367 2.0494860450004517
0.19603674032674645 4.461245141939662
1.5689692113242373 2.6524972499675146
1.9122023475890473 2.2003102331062703
1.9980107056395002 2.0872633035522465
1.9980107354121799 2.0872633035522465
1.9980107056395002 2.0872633346548937
1.9414191210362386 2.1630898893412276
1.941419149965638 2.1630898893412276
1.9414191210362386 2.163089921573779
1.8861417596700145 2.2398798097781554
1.886141787775717 2.2398798097781554
1.8861417596700145 2.2398798431549656
1.8317730937541334 2.317315762195938
1.8729032768330365 2.259482360178426
1.87290330474147 2.259482360178426
1.8729032768330365 2.2594823938473367
1.900234925882328 2.2208682358153533
1.87975715352495 2.249843702242952
1.8797571815355143 2.249843702242952
1.87975715352495 2.249843735768236
1.8828902603754802 2.245440025390791
1.88054605178621 2.248746804318998
1.879959948100057 2.2495735708759392
1.8799599761136432 2.2495735708759392
1.879959948100057 2.2495736043971974
0.14779529077867937 1.879959948100057 2.2495735708759392 0.0005918433042444738
0.10690082640118875 0.10466420147956247 0.1025399969108975 0.100520229368869 0.0985976374808091 0.09676560364085487 0.09501808554080558 0.09334955607358728 0.09175495046726342 0.09022961967764703 0.08876928921043298 0.08737002266401907 0.08602818938563281 0.0847404357191618 0.08350365939577445 0.08231498668015531 0.08117175193772476 0.08007147933302794 0.07901186640778757 0.07799076931992369 0.07700618955300281 0.07605626192979305
0.027052266825278143 0.02603650102922073 0.025083560477542406 0.02418840596641554 0.023346484419248713 0.0225536748553938 0.021806241079404574 0.021100790174863104 0.020434236021477873 0.01980376716772963 0.01920681848729444 0.018641046128698602 0.0181043053365484 0.017594630781214614 0.01711021908368485 0.016649413264800024 0.01621068888440837 0.015792641667058068 0.015393976437508694 0.015013497212242972 0.014650098312868006 0.014302756384283667
