5.471891342194536 3.6036047509095988
5.471891423732071 3.6036047509095988
5.471891342194536 3.603604804607494
2.488504141023977 1.6701435794426887
2.4885041781055786 1.6701435794426887
2.488504141023977 1.6701436043297673
2.405847274661612 1.6158689361055478
2.4058473105115303 1.6158689361055478
2.405847274661612 1.6158689601838714
2.453917857062616 1.5619916740804047
2.4539178936288417 1.5619916740804047
2.453917857062616 1.5619916973558945
3.8695612272231825 0.05010942163867971
2.808090792993485 1.184266691454688
2.542722546849455 1.4678062637866314
2.5427225847389736 1.4678062637866314
2.542722546849455 1.4678062856586491
2.6346892641767585 1.3767058392849698
2.634689303436688 1.3767058392849698
2.6346892641767585 1.3767058597994855
2.7291010690304733 1.288141876271749
2.729101109697248 1.288141876271749
2.7291010690304733 1.2881418954665587
2.826014460352998 1.2023225368271329
2.826014502463895 1.2023225368271329
2.826014460352998 1.2023225547431349
2.9254494760617824 1.1194380262637171
2.851731346055609 1.1826765558824128
2.8517313885497177 1.1826765558824128
2.851731346055609 1.1826765735056668
2.9012260597977644 1.140968470075607
2.864161080438979 1.1723164208669206
2.864161123118305 1.1723164208669206
2.864161080438979 1.1723164383357965
2.852779205826146 1.181912618442054
2.861331494169495 1.174734182516412
2.8634698751608685 1.1729393120124263
2.8634699178298946 1.1729393120124263
2.8634698751608685 1.172939329490584
0.24935881382513114 2.8634698751608685 1.1729393120124263 0.00033996624554507486
0.10307522674488533 0.10090691924660795 0.09884779869918973 0.09689009675251062 0.0950267487654648 0.09325131748867181 0.09155792624265718 0.08994120027617174 0.0883962151879516 0.08691845146164394 0.0855037543033772 0.08414829808908394 0.08284855482791646 0.0816012661319934 0.08040341825380772 0.07925221981299985 0.07814508188557868 0.07707960017249327 0.07605353900190849 0.07506481695160949 0.0741114939054843 0.07319175938169806
0.028217985121293088 0.02715502225329647 0.026158003041628783 0.025221621892779978 0.024341086611079997 0.023512061169901986 0.022730615619702077 0.02199318215806268 0.02129651653048025 0.020637664051681364 0.02001392963949532 0.01942285133984225 0.018862176894766228 0.01832984296777249 0.017823956693775553 0.017342779266197164 0.016884711312390607 0.016448279841632177 0.016032126578265974 0.01563499751693039 0.015255733557735908 0.014893262097309635
