3.690821757359716 2.716354349066692
3.690821812357246 2.716354349066692
3.690821757359716 2.716354389543526
2.334063749084698 1.7374244960615246
2.334063783864958 1.7374244960615246
2.334063749084698 1.737424521951167
2.2877029670597246 1.7047983082839868
2.2877030011491555 1.7047983082839868
2.2877029670597246 1.7047983336874613
2.0768440975695084 1.9461390714466336
2.2349058767462537 1.7650813774422291
2.2349059100489463 1.7650813774422291
2.2349058767462537 1.7650814037439913
2.1596633367219575 1.8545060443380308
2.1596633689034492 1.8545060443380308
2.1596633367219575 1.8545060719723243
2.0865739616616397 1.9456989943507652
2.0865739927540146 1.9456989943507652
2.0865739616616397 1.9456990233439395
2.0150920463357194 2.038157345299021
2.0150920763629308 2.038157345299021
2.0150920463357194 2.038157375669932
1.9451410860307683 2.1317793193817542
1.998217142638587 2.0620084627808772
1.9982171724143427 2.0620084627808772
1.998217142638587 2.062008493507198
2.0334499577719605 2.0153908539033214
2.007062172089158 2.0503819844233204
2.007062201996715 2.0503819844233204
2.007062172089158 2.050382014976393
1.9982547814307112 2.0620370011444455
2.004869498258034 2.0533026483943324
2.0048695281329176 2.0533026483943324
2.004869498258034 2.053302678990926
0.1551421487846918 2.004869498258034 2.0533026483943324 0.0007891294226318171
0.10533068768561711 0.10313567025828396 0.10105070011083203 0.0990679865670607 0.09718044102070791 0.09538160119437472 0.09366556477229382 0.09202693111555381 0.09046074996229897 0.08896247617806685 0.08752792975816587 0.08615326039920686 0.08483491605419682 0.0835696149679445 0.08235432075936784 0.08118622017665664 0.08006270320180901 0.07898134522422211 0.07793989103993637 0.07693624046477279 0.07596843537677739 0.07503464802676882
0.02801888516603306 0.026971251772717197 0.025988193044931253 0.02506454851719189 0.024195653540571783 0.023377284418811872 0.022605610335198686 0.02187715114965663 0.021188740280053082 0.020537491995308577 0.019920772543989888 0.019336174623492 0.018781494764049833 0.018254713260627397 0.017753976335843826 0.017277580259876944 0.016823957189872153 0.016391662522730173 0.01597936358204973 0.015585829483129497 0.015209922039851923 0.014850587594453603
