4.004321480925477 1.3792592987418164
4.004321540594517 1.3792592987418164
4.004321480925477 1.3792593192943816
3.0114814446205047 1.0496708450346053
3.011481489495075 1.0496708450346053
3.0114814446205047 1.0496708606759197
3.1018440328915045 0.979617865567003
3.1018440791125825 0.979617865567003
3.1018440328915045 0.9796178804681642
4.12188261990433 0.24918610752300374
3.357532477124475 0.7979615995166102
3.1664355367486707 0.9351610174013643
3.166435583932237 0.9351610174013643
3.1664355367486707 0.9351610323025255
3.2959484277188005 0.8467285236562976
3.295948476832259 0.8467285236562976
3.2959484277188005 0.8467285385574588
3.5627235723661945 0.6817842854786331
3.3637821839362827 0.8073959005962957
3.3637822340605434 0.8073959005962957
3.3637821839362827 0.8073959154974569
3.4982660313962093 0.7267237886257568
3.4982660835244355 0.7267237886257568
3.4982660313962093 0.726723803526918
3.7148030440455853 0.6105882818158543
3.55341215613482 0.6996611152889836
3.5534122090847875 0.6996611152889836
3.55341215613482 0.6996611301901448
3.661963371343336 0.6421235873265168
3.6619634259108427 0.6421235873265168
3.661963371343336 0.642123602227678
3.6974677988716094 0.6265177871837626
3.697467853968173 0.6265177871837626
3.6974677988716094 0.6265178020849238
3.698335244440851 0.6262538231363812
3.6983352995503402 0.6262538231363812
3.698335244440851 0.6262538380375424
3.6983570253733222 0.6262429039076476
3.6983570804831363 0.6262429039076476
3.6983570253733222 0.6262429188088088
0.418248366204632 3.6983570253733222 0.6262429039076476 0.0009802460422395735
0.10396414320294152 0.10177326187616197 0.09969217465123728 0.09771312839476959 0.09582906472484048 0.09403354577663912 0.09232068902377831 0.09068510993292582 0.08912187140785746 0.08762643912981427 0.08619464202862641 0.08482263722719337 0.08350687889370663 0.08224409051406945 0.08103124016347396 0.07986551841285505 0.07874431855446534 0.07766521887237261 0.07662596671934052 0.07562446419219698 0.07465875522418389 0.07372701393554007
0.02782106205457365 0.026743153987897655 0.025732253934189576 0.02478301467976522 0.02389059701201424 0.02305061471021291 0.02225908612489492 0.021512391492517033 0.02080723524946633 0.02014061270992387 0.019509780558207523 0.018912230680079488 0.018345666920920947 0.017807984413179528 0.017297251162386475 0.016811691621427646 0.016349672017577418 0.01590968722686864 0.015490349016357366 0.01509037549732861 0.01470858165197443 0.014343870812979796
