5.717467263702018 3.6166981457037135
5.717467348898919 3.6166981457037135
5.717467263702018 3.6166981995967156
2.5128155571057187 1.6209026032160894
2.5128155945495885 1.6209026032160894
2.5128155571057187 1.6209026273694203
2.43402899036742 1.5709139166310975
2.4340290266372784 1.5709139166310975
2.43402899036742 1.5709139400395389
2.5186767270826698 1.4796394729099864
2.5186767646138777 1.4796394729099864
2.5186767270826698 1.4796394949583327
3.920251962967447 0.05036436592829174
2.8698580397141007 1.1230946436968103
2.607255198688016 1.3912814655375783
2.607255237539146 1.3912814655375783
2.607255198688016 1.3912814862692877
2.698069776513726 1.3052233714783918
2.6980698167180988 1.3052233714783918
2.698069776513726 1.3052233909277358
2.6761800016477673 1.3275654383028879
2.676180041525957 1.3275654383028879
2.6761800016477673 1.3275654580851544
2.721971925081249 1.2849459530531502
2.687686685939365 1.3169739905722118
2.6876867259890176 1.3169739905722118
2.687686685939365 1.3169740101966534
2.6991686637743433 1.306355764099998
2.690570812062217 1.3143342508532971
2.6905708521548464 1.3143342508532971
2.690570812062217 1.3143342704384036
2.6934402577093444 1.3116785605561583
2.6912891467947033 1.3136713814907057
2.690751365107905 1.314169590190333
2.690751405203225 1.314169590190333
2.690751365107905 1.3141696097729858
0.24367598707506932 2.690751365107905 1.314169590190333 0.0006357342864607827
0.10778306093648202 0.10552292654691858 0.10337642415032132 0.10133548382522638 0.09939276525263528 0.09754157875155531 0.09577581611833853 0.09408988991490111 0.09247868005500377 0.09093748670886474 0.08946198869012759 0.0880482066102539 0.08669247018757621 0.08539138918466069 0.08414182752088609 0.08294088016937881 0.08178585250042915 0.08067424177871664 0.07960372056032125 0.0785721217686042 0.07757742525646281 0.0766177456869098
0.026605650908833496 0.025607647716063824 0.0246714144559346 0.02379199183388161 0.022964899464406028 0.022186082596335376 0.02145186546754505 0.020758910385717408 0.02010418176443021 0.019484914455812772 0.018898585815618162 0.01834289101666743 0.017815721194578304 0.017315144067445814 0.016839386720317776 0.016386820287255025 0.015955946299611414 0.015545384499854414 0.015153861946562645 0.014780203258843225 0.014423321867866023 0.014082212159981535
