5.515859054574302 1.3383913118081656
5.515859136767007 1.3383913118081656
5.515859054574302 1.3383913317517504
3.231271387184107 0.8047145849298447
3.231271435333803 0.8047145849298447
3.231271387184107 0.8047145998310059
2.93753461575509 1.013186536279282
2.937534659527767 1.013186536279282
2.93753461575509 1.0131865513769378
2.3936016218106344 1.4411347609672438
2.811334789451116 1.1315557801648104
2.811334831343269 1.1315557801648104
2.811334789451116 1.1315557970263055
2.5462081327656922 1.3539485681403844
2.747445125073905 1.1898869836502826
2.7474451660140278 1.1898869836502826
2.747445125073905 1.1898870013809804
2.616325507120408 1.3027821555794392
2.715153248441189 1.2186678684892083
2.715153288900125 1.2186678684892083
2.715153248441189 1.2186678866487746
2.6499855344037306 1.275567671313368
2.649985573891592 1.275567671313368
2.6499855344037306 1.2755676903208073
2.586339135543629 1.334164210685903
2.5863391740830854 1.334164210685903
2.586339135543629 1.3341642305664991
2.523799409102357 1.3939404696098863
2.5237994467098988 1.3939404696098863
2.523799409102357 1.3939404903812178
2.462343467089352 1.4548304171019837
2.4623435037811285 1.4548304171019837
2.462343467089352 1.4548304387806463
2.4019539160118564 1.5167781421203794
2.447669288620945 1.4707189237473817
2.4476693250940595 1.4707189237473817
2.447669288620945 1.4707189456628014
2.4173688962206628 1.5015894736123094
2.44011997112177 1.4784617813970178
2.440120007482391 1.4784617813970178
2.44011997112177 1.4784618034278152
2.4420196413763815 1.476538176609357
2.44201967776531 1.476538176609357
2.4420196413763815 1.4765381986114905
2.4458058339480595 1.4726780269190418
2.4458058703934067 1.4726780269190418
2.4458058339480595 1.4726780488636544
2.4448606760695895 1.4736444260077248
2.4448607125008524 1.4736444260077248
2.4448606760695895 1.4736444479667379
0.21130872860016958 2.4448606760695895 1.4736444260077248 0.0007768157944318291
0.10700735805021917 0.10480750239717408 0.10271723740789067 0.10072886113327101 0.0988353603481065 0.097030336837648 0.09530794273250556 0.09366282365609405 0.09209006863267667 0.09058516585855456 0.08914396356907914 0.0877626353439964 0.0864376492865429 0.08516574059046823 0.08394388707606161 0.0827692873332084 0.08163934115808098 0.08055163201158749 0.07950391126326291 0.07849408401480082 0.0775201963236617 0.07658042366979513
0.02837093181682353 0.027328162393969572 0.02634904975795222 0.025428551201985606 0.02456210448581134 0.023745575105700134 0.022975210036826746 0.02224759707827434 0.021559629056858313 0.02090847225248048 0.02029153849798908 0.01970646048314618 0.019151069857469775 0.018623377782235533 0.018121557629304435 0.017643929564950925 0.01718894679155845 0.01675518324981111 0.016341322609586418 0.015946148399769253 0.015568535146189461 0.015207440403278837
