1.0556349728213312 4.594553268838505
1.0556349885515182 4.594553268838505
1.0556349728213312 4.594553337302684
0.9005581931717818 3.8852358640060984
0.900558208072943 3.8852358640060984
0.9005581931717818 3.8852359219006245
1.0269524652772593 3.5885353658120076
1.0269524805800434 3.5885353658120076
1.0269524652772593 3.5885354192853516
2.123311891748193 1.467513357740366
1.3040688095188573 3.059855236929554
1.3040688289509967 3.059855236929554
1.3040688095188573 3.05985528252495
1.6104661417556048 2.5475888787532632
1.6104661657534203 2.5475888787532632
1.6104661417556048 2.547588916715296
1.9473688031852054 2.0548488421795668
1.7039372832666062 2.431263237181026
1.7039373086572502 2.431263237181026
1.7039372832666062 2.4312632734096713
1.8706774066228837 2.1837318896846285
1.8706774344981494 2.1837318896846285
1.8706774066228837 2.1837319222247693
2.04966184009945 1.9449043173582288
2.0496618706417915 1.9449043173582288
2.04966184009945 1.9449043463395614
2.0083200660599245 2.007016997343119
2.0083200959862255 2.007016997343119
2.0083200660599245 2.0070170272500025
2.0996408179746373 1.8889956880286831
2.0314075690990623 1.9777125774149247
2.031407599369394 1.9777125774149247
2.0314075690990623 1.9777126068851385
2.0543941041427587 1.9483288909444518
2.0372165673105447 1.9704158724206566
2.0372165976674372 1.9704158724206566
2.0372165673105447 1.9704159017821412
2.0357888610847104 1.9722593210047952
2.0357888914203284 1.9722593210047952
2.0357888610847104 1.9722593503937493
2.03259883665678 1.9763517422434507
2.0325988669448627 1.9763517422434507
2.03259883665678 1.9763517716933865
2.035463620363161 1.9726721219757803
2.033315764030076 1.9754324071147673
2.0333157943288422 1.9754324071147673
2.033315764030076 1.975432436551004
0.15895994883125564 2.033315764030076 1.9754324071147673 0.001351053889998333
0.10532936908368204 0.10315084795379839 0.10108115459634523 0.09911261642558071 0.09723824926089544 0.09545168339309482 0.09374709875850205 0.09211916797225252 0.09056300615866016 0.0890741266731471 0.08764840194202701 0.08628202875759336 0.08497149745992456 0.08371356451640977 0.08250522807756569 0.08134370614519254 0.08022641703791607 0.07915096188101708 0.07811510888327841 0.07711677919430539 0.07615403416218325 0.07522506383407052
0.028545725003074302 0.02748704329683317 0.026493266368006186 0.02555923432443418 0.024680280460647998 0.023852176971085135 0.023071087346687457 0.022333524553899173 0.021636314226010415 0.020976562207452327 0.020351625885355173 0.019759088822175006 0.019196738270755687 0.01866254521071679 0.018154646594123004 0.017671329530315746 0.01721101717567454 0.016772256124847274 0.016353705126419937 0.015954124968737566 0.015572369401188228 0.015207376973181542
