5.927451881761275 3.715890722611594
5.9274519700871915 3.715890722611594
5.927451881761275 3.715890777982681
2.5240377626812833 1.6141058298158226
2.5240378002923767 1.6141058298158226
2.5240377626812833 1.6141058538678739
2.446452009257536 1.5665512209280767
2.446452045712512 1.5665512209280767
2.446452009257536 1.566551244271509
2.3686230379121245 1.6493048613175583
2.3686230732073583 1.6493048613175583
2.3686230379121245 1.649304885894116
0.7810331952546321 3.4201428721755986
1.9723848909366974 2.0926045668859654
2.2702249476377254 1.76071748160841
2.2702249814667135 1.76071748160841
2.2702249476377254 1.760717507845145
2.175275028285228 1.875082987529892
2.175275060699352 1.875082987529892
2.175275028285228 1.8750830154708058
2.0829863984889077 1.9916066543964992
2.0829864295278235 1.9916066543964992
2.0829863984889077 1.991606684073751
1.9932025849225103 2.110071091892301
1.9932026146235433 2.110071091892301
1.9932025849225103 2.1100711233348104
1.9057852333372247 2.23029239936954
1.9057852617356377 2.23029239936954
1.9057852333372247 2.2302924326034868
1.820600928447537 2.3521061520011006
1.820600955576605 2.3521061520011006
1.820600928447537 2.3521061870502136
1.842756389867916 2.3222721062252134
1.842756417327126 2.3222721062252134
1.842756389867916 2.322272140829764
1.8851806855291657 2.261248191486175
1.8534103826648385 2.3070495529896347
1.8534104102828053 2.3070495529896347
1.8534103826648385 2.3070495873673518
1.854597963572031 2.3053819294087847
1.8545979912076944 2.3053819294087847
1.854597963572031 2.3053819637616524
0.14646091884851187 1.854597963572031 2.3053819294087847 0.0010680286514990706
0.10734377095597805 0.10509075021175103 0.10295116843271092 0.10091695377232289 0.09898076593908728 0.09713591678678865 0.0953763007986464 0.09369633409225711 0.09209090078008768 0.09055530569432625 0.08908523263098451 0.08767670739103567 0.08632606499999702 0.08502992057494214 0.08378514338210157 0.08258883369118353 0.081438302086116 0.08033105093758433 0.07926475778176575 0.07823726038306893 0.07724654328735481 0.07629072569675424
0.026604910931644712 0.025602689652025182 0.024662607909451215 0.02377966901738081 0.022949359577336924 0.022167595615583603 0.021430675438862012 0.02073523829059308 0.02007822802446718 0.01945686112653539 0.018868598513335985 0.018311120615159437 0.01778230532269603 0.017280208434028894 0.016803046288896346 0.016349180319737915 0.015917103285411918 0.015505426984593711 0.015112871272539238 0.014738254227803824 0.01438048333520901 0.014038547568327245
