2.996528846087864 4.587073396441081
2.996528890739623 4.587073396441081
2.996528846087864 4.587073464793801
1.684839653728857 2.6136615512119543
1.6848396788349242 2.6136615512119543
1.684839653728857 2.6136615901585465
1.5831065694586848 2.4711761509231067
1.5831065930488109 2.4711761509231067
1.5831065694586848 2.471176187746501
1.418628495111465 2.713976698836063
1.4186285162506769 2.713976698836063
1.418628495111465 2.7139767392774674
8.179261920759906e-05 5.006610487938471
1.066727780631139 3.2888189941907053
1.0667277965266218 3.2888189941907053
1.066727780631139 3.288819043197927
0.761249762001275 3.8896192584335987
0.7612497769024362 3.8896192584335987
0.761249762001275 3.8896193163934423
0.3951445850931153 4.672663056259834
0.3951445999942765 4.672663056259834
0.3951445850931153 4.672663125887939
0.4758675550200272 4.538026668795389
0.4758675699211884 4.538026668795389
0.4758675550200272 4.538026736417256
0.4754332055071364 4.540582226660125
0.4754332204082976 4.540582226660125
0.4754332055071364 4.540582294320073
0.4754608129020558 4.540523362350825
0.47546082780321697 4.540523362350825
0.4754608129020558 4.5405234300098956
0.07617632683359521 0.4754608129020558 4.540523362350825 0.001008361289520032
0.10887081013250542 0.10673407110378094 0.10470576595017647 0.10277804922796702 0.10094380631682029 0.09919657097247699 0.09753045366758473 0.09594007913311359 0.09442053176987941 0.09296730781168998 0.09157627329698714 0.09024362705136497 0.08896586800445101 0.08773976626574059 0.08656233746862298 0.08543081996291346 0.08434265449605181 0.08329546607365466 0.08228704773288542 0.08131534599840994 0.08037844782159753 0.07947456882998159
0.028821637345305327 0.027871419162658454 0.026979733435253662 0.026141769216756556 0.025353201395359282 0.024610133255714144 0.023909046729441663 0.02324675919674966 0.02262038588443976 0.02202730705684898 0.021465139321828527 0.02093171047834321 0.02042503741944291 0.019943306677266126 0.019484857257868093 0.019048165465050573 0.01863183145566482 0.01823456730542357 0.01785518639521021 0.017492593954134134 0.017145778617912208 0.016813804880186658
