2.871871414388206 4.859678090961332
2.871871457182425 4.859678090961332
2.871871414388206 4.859678163376179
1.6167347681279371 2.7627456811422726
1.6167347922191626 2.7627456811422726
1.6167347681279371 2.7627457223103913
1.5313291209288173 2.6046616649358456
1.5313291437473995 2.6046616649358456
1.5313291209288173 2.604661703748329
1.9923056228704616 1.8822886552096163
1.6459999468172792 2.423460624689588
1.6459999713445899 2.423460624689588
1.6459999468172792 2.4234606608019655
1.8115529723412362 2.1819033574463447
1.811552999335479 2.1819033574463447
1.8115529723412362 2.1819033899592384
1.9875277003952876 1.9478294103602531
1.9875277300117582 1.9478294103602531
1.9875277003952876 1.9478294393851732
2.1733645681963987 1.7215058009333264
2.1733646005820546 1.7215058009333264
2.1733645681963987 1.721505826585762
2.226054480988614 1.6706763759800207
2.2260545141594106 1.6706763759800207
2.226054480988614 1.6706764008750388
2.129084304010675 1.7803860573276902
2.2020278303081846 1.698293117186477
2.202027863120956 1.698293117186477
2.2020278303081846 1.6982931424930165
2.226251195491431 1.6708487568007286
2.226251228665159 1.6708487568007286
2.226251195491431 1.6708487816983153
2.2202633032207406 1.6777692276854368
2.220263336305242 1.6777692276854368
2.2202633032207406 1.6777692526861465
2.208133310297809 1.6914752247719522
2.2172340995649975 1.681198639878496
2.2172341326043603 1.681198639878496
2.2172340995649975 1.681198664930308
2.214204155304426 1.684627397752085
2.2164773008582044 1.6820564362651826
2.21647733388629 1.6820564362651826
2.2164773008582044 1.6820564613297768
0.19596952886050478 2.2164773008582044 1.6820564362651826 0.0009706805632804788
0.11019562003462421 0.10794998934299936 0.10581576877047748 0.10378516559965276 0.10185108045222681 0.10000703346289755 0.09824709946764383 0.09656585098204322 0.09495830792633234 0.09341989320627173 0.0919463933873441 0.09053392380836935 0.08917889757253661 0.08787799793185465 0.08662815364733918 0.08542651696376376 0.08427044388604409 0.08315747648559321 0.0820853270003611 0.0810518635226484 0.08005509709492645 0.07909317005642755
0.02763608873058457 0.026628700347168 0.025682431768614313 0.02479247118745573 0.023954462349508546 0.02316445488331874 0.02241886068592443 0.021714415556638025 0.021048145386769676 0.020417336311645794 0.0198195083147927 0.019252391845140996 0.01871390706854716 0.018202145426481173 0.01771535321877588 0.017251916965032577 0.016810350331597782 0.016389282438781867 0.015987447386866263 0.015603674860017774 0.015236881684982748 0.014886064236781037
