3.5301533727419723 3.8254581589224417
3.5301534253453566 3.8254581589224417
3.5301533727419723 3.8254582159262105
1.9669603783486533 2.160149398320126
1.966960407658647 2.160149398320126
1.9669603783486533 2.16014943050886
1.8757470776152465 2.064164342076846
1.8757471055660562 2.064164342076846
1.8757470776152465 2.0641643728352914
1.8335678401997397 2.117652235630321
1.8335678675220297 2.117652235630321
1.8335678401997397 2.1176522671857985
0.21438990780013945 4.305010579885948
1.4289563774930913 2.6646272539639253
1.7325980614290348 2.2545312348491975
1.732598087246758 2.2545312348491975
1.7325980614290348 2.254531268444331
1.5377320325945092 2.5333685663077503
1.5377320555085021 2.5333685663077503
1.5377320325945092 2.5333686040578836
1.3579368222573107 2.8221534498256857
1.3579368424921463 2.8221534498256857
1.3579368222573107 2.822153491879049
1.0111958024888241 3.407527494044056
1.2751291353352683 2.9707254648176997
1.2751291543361731 2.9707254648176997
1.2751291353352683 2.970725509084959
1.1047937044417515 3.265189159678348
1.1047937209044605 3.265189159678348
1.1047937044417515 3.2651892083334584
0.7817682758005023 3.8639768339718303
1.0271399906945298 3.41651879125601
1.0271400060001084 3.41651879125601
1.0271399906945298 3.416518842166107
0.8682183510039521 3.717296016202852
0.8682183659051133 3.717296016202852
0.8682183510039521 3.717296071594879
0.8110158563668265 3.8393682140610066
0.8110158712679877 3.8393682140610066
0.8110158563668265 3.8393682712720514
0.8160919097941846 3.830400787812956
0.8160919246953457 3.830400787812956
0.8160919097941846 3.8304008448903755
0.815856694554129 3.8308821686118053
0.8158567094552902 3.8308821686118053
0.815856694554129 3.830882225696398
0.08904892668800302 0.815856694554129 3.8308821686118053 0.0008786865021287961
0.10886091577039254 0.10669550465426497 0.10463879902108539 0.1026830534612569 0.1008212299281688 0.09904691981372254 0.0973542759458792 0.09573795309171296 0.09419305577141776 0.09271509237307725 0.09129993471158272 0.08994378230336718 0.08864313073607491 0.08739474360253212 0.08619562754437891 0.08504301001488257 0.08393431942475846 0.08286716738090322 0.08183933276713805 0.08084874744947645 0.07989348341698517 0.07897174119376674
0.028693620522157737 0.027703914772339123 0.026774616254453595 0.025900862093745442 0.025078266463146738 0.02430286608937196 0.023571072784385565 0.02287963200305682 0.022225586581981843 0.021606244943137346 0.021019153153701675 0.020462070323680446 0.01993294689888292 0.019429905470752188 0.018951223778559532 0.018495319625180435 0.018060737466436452 0.017646136466937537 0.017250279843426027 0.016872025340578634 0.01651031670471166 0.01616417603839264
