3.4579945880245226 2.1719976197395825
3.4579946395526573 2.1719976197395825
3.4579945880245226 2.171997652104869
2.3830994403357675 1.5128006302675097
2.3830994758467163 1.5128006302675097
2.3830994403357675 1.5128006528099958
2.3517557710345955 1.4919182966997893
2.3517558060784873 1.4919182966997893
2.3517557710345955 1.4919183189311043
2.5544550189903537 1.2832429688931204
2.4023203637293284 1.4396839344932961
2.4023203995266913 1.4396839344932961
2.4023203637293284 1.4396839559462584
2.4799252880203957 1.3629045448122912
2.479925324974162 1.3629045448122912
2.4799252880203957 1.3629045651211515
2.5597212467155286 1.2884048540080033
2.5597212848583477 1.2884048540080033
2.5597212467155286 1.2884048732067317
2.641266420022258 1.2158239772952952
2.6412664593801947 1.2158239772952952
2.641266420022258 1.2158239954124843
2.7245818633534 1.1452822459829353
2.7245819039528336 1.1452822459829353
2.7245818633534 1.1452822630489705
2.7043950027193624 1.1636490800151673
2.704395043017988 1.1636490800151673
2.7043950027193624 1.1636490973548899
2.74634661788966 1.1287282878834624
2.7149294627732887 1.1549751169630997
2.7149295032288903 1.1549751169630997
2.7149294627732887 1.1549751341735701
2.72544392217373 1.146276920186016
2.7175690813923996 1.1528139381703648
2.7175691218873346 1.1528139381703648
2.7175690813923996 1.1528139553486312
2.7149436066262407 1.1549922775564085
2.716913589686563 1.1533595782878987
2.717406089539653 1.152951399758021
2.7174061300321593 1.152951399758021
2.717406089539653 1.1529514169383357
0.2646262177748774 2.717406089539653 1.152951399758021 0.0009730251979751946
0.1092455029107433 0.10704332865250567 0.10494994755757862 0.10295778532686649 0.10105993844603776 0.09925010307282113 0.09752251257195957 0.09587188252781871 0.09429336223703269 0.09278249182871692 0.09133516428224699 0.08994759171615543 0.0886162754094409 0.08733797909108225 0.08610970509693504 0.08492867304722496 0.08379230074401538 0.08269818702753663 0.08164409636415149 0.08062794496784836 0.07964778828222062 0.07870180967151108
0.028812476054168347 0.027775310920291483 0.02680062977706176 0.02588354332253588 0.025019622654060002 0.024204849307394548 0.023435571362118574 0.02270846480667914 0.02202049947204987 0.021368908940921316 0.020751163922503823 0.020164948653741976 0.019608139947984295 0.019078788563564333 0.018575102608698858 0.018095432736744597 0.01763825891813729 0.017202178603074606 0.016785896112876817 0.016388213118538077 0.016008020082750762 0.015644288557052764
