1.0201412174652176 5.360884571352711
1.0201412326665062 5.360884571352711
1.0201412174652176 5.360884651236116
0.7693439741810125 4.047529570706533
0.7693439890821737 4.047529570706533
0.7693439741810125 4.047529631019423
0.7702815949185062 3.917469496942264
0.7702816098196674 3.917469496942264
0.7702815949185062 3.9174695553171084
1.257499123112756 2.919881057191706
0.8922804656946849 3.668440312499306
0.8922804805958461 3.668440312499306
0.8922804656946849 3.6684403671633263
1.0539372737747568 3.3561221121538534
1.053937289479646 3.3561221121538534
1.0539372737747568 3.35612216216397
1.390883976435085 2.738733055700007
1.1407923438691667 3.2032329619001154
1.1407923608682973 3.2032329619001154
1.1407923438691667 3.2032330096320063
1.3124366908381462 2.896290296212772
1.3124367103949768 2.896290296212772
1.3124366908381462 2.896290339370861
1.496138351214175 2.59640818297367
1.4961383735083738 2.59640818297367
1.496138351214175 2.5964082216631668
1.6903327770461547 2.30321182071546
1.6903328022340758 2.30321182071546
1.6903327770461547 2.3032118550359906
1.8965959138537007 2.018376604739677
1.8965959421151821 2.018376604739677
1.8965959138537007 2.0183766348158323
1.9559881526141514 1.9535515645034738
1.9559881817606461 1.9535515645034738
1.9559881526141514 1.9535515936136605
2.0650680483146266 1.8156368378772418
2.0650680790865383 1.8156368378772418
2.0650680483146266 1.8156368649323391
2.0949437540058127 1.783389773265024
2.0949437852229074 1.783389773265024
2.0949437540058127 1.7833897998396024
2.1517379579796865 1.7162768664469035
2.1517379900430806 1.7162768664469035
2.1517379579796865 1.7162768920214218
2.2098981316955473 1.6503441882065604
2.2098981646255957 1.6503441882065604
2.2098981316955473 1.6503442127986052
2.2690804816007617 1.5853274724612962
2.269080515412696 1.5853274724612962
2.2690804816007617 1.5853274960845165
2.3293148346842343 1.5212841545021267
2.32931486939373 1.5212841545021267
2.3293148346842343 1.521284177171027
2.314642357265314 1.5376495493355553
2.314642391756173 1.5376495493355553
2.314642357265314 1.537649572248319
2.3449365020871604 1.5057952598887019
2.3222422182441798 1.529711095549232
2.3222422528482856 1.529711095549232
2.3222422182441798 1.5297111183437035
2.3298320527236163 1.5217630550366001
2.3241459735864205 1.5277301174927227
2.3241460082188943 1.5277301174927227
2.3241459735864205 1.5277301402576755
0.20775732062250107 2.3241459735864205 1.5277301174927227 0.0007071866641344208
0.10931427279374295 0.10710582837749756 0.10500654375816457 0.10300881564964094 0.10110571430315748 0.0992909121011085 0.09755862083195208 0.09590353647232598 0.09432079047531997 0.09280590670937335 0.09135476331508374 0.0899635588510821 0.08862878218815334 0.0873471856855342 0.08611576124692669 0.08493171890800255 0.08379246765350988 0.08269559820175709 0.08163886752827246 0.0806201849296701 0.07963759945392643 0.078689288544981
0.028659614765288284 0.027625364264298357 0.026653499499721445 0.02573913486320941 0.024877844986351344 0.024065614798512137 0.023298795645697475 0.022574066665295982 0.021888400726763305 0.021239034345981626 0.020623441063967653 0.02003930785115716 0.01948451415861637 0.018957113288852075 0.018455315802774933 0.017977474716956543 0.017522072277567816 0.017087708125097856 0.0166730886878069 0.016277017662433186 0.01589838745843467 0.015536171497408626
