1.612827548369358 2.290565373863865
1.6128275724023613 2.290565373863865
1.612827548369358 2.290565407995949
1.1682977055509305 3.3561000527336846
1.168297722959923 3.3561000527336846
1.1682977055509305 3.3561001027434725
1.6970823615514883 2.5788740642493764
1.697082386839986 2.5788740642493764
1.6970823615514883 2.5788741026775943
2.016974148108518 2.1420489659159507
2.016974178163775 2.1420489659159507
2.016974148108518 2.1420489978349675
0.3731995234072314 4.410508226275582
1.6153549065720922 2.715804913051061
1.9261703594672097 2.291750471740741
1.9261703881693848 2.291750471740741
1.9261703594672097 2.291750505890484
1.7276337160622077 2.5802061472556725
1.8779388143336917 2.36480993569641
1.8779388423171606 2.36480993569641
1.8779388143336917 2.364809970934824
1.864959824972608 2.3846680969098584
1.864959852762675 2.3846680969098584
1.864959824972608 2.3846681324441823
1.9093323962984827 2.319305628971846
1.8760732560856803 2.3683412714312606
1.8760732840413503 2.3683412714312606
1.8760732560856803 2.3683413067222956
1.8737138717592783 2.3718434599697726
1.8754977037357536 2.3692262802885207
1.8754977316828472 2.3692262802885207
1.8754977037357536 2.3692263155927433
0.1350608952267507 1.8754977037357536 2.3692262802885207 0.0006230912386193696
0.10303009824865772 0.10083496675089294 0.09875115663749448 0.09677068188358995 0.09488628646368116 0.09309136441809802 0.09137988996761134 0.08974635626870697 0.08818572161718878 0.08669336208757758 0.08526502974638765 0.08389681570383278 0.08258511737496166 0.08132660941103345 0.08011821783788724 0.0789570970024293 0.07784060898304036 0.07676630516625783 0.07573190973180444 0.0747353048219978 0.07377451720067162 0.07284770623172535
0.027264102019018306 0.026220976526108143 0.02524322674689643 0.024325540487060347 0.023463124757548835 0.02265164729727681 0.021887185468271113 0.02116618150438433 0.020485403246681185 0.0198419096264029 0.019233020264097886 0.01865628864442241 0.018109478403026655 0.01759054232713656 0.01709760372681205 0.016628939880979896 0.01618296730251079 0.01575822860092345 0.015353380750663058 0.014967184598076184 0.014598495461826762 0.014246254700101588
