1.2502348517703445 3.531611492857247
1.2502348704002957 3.531611492857247
1.2502348517703445 3.531611545482359
1.1933782376202198 3.375100315026232
1.1933782554029413 3.375100315026232
1.1933782376202198 3.375100365319146
1.1788746495050137 3.398597152294706
1.178874667071615 3.398597152294706
1.1788746495050137 3.39859720293775
1.1594252721614078 3.4348592057994614
1.1594252894381907 3.4348592057994614
1.1594252721614078 3.434859256982852
1.162529257089866 3.42915982257671
1.1625292744129019 3.42915982257671
1.162529257089866 3.4291598736751734
1.1620982368454178 3.4299707111817836
1.162098254162031 3.4299707111817836
1.1620982368454178 3.42997076229233
0.10100150599196389 1.1620982368454178 3.4299707111817836 0.0011446265898751853
0.10725970176606893 0.10503531385152715 0.1029236728411803 0.10091667219373837 0.09900695091791159 0.09718781108455986 0.09545314586116604 0.09379737656671515 0.09221539747998168 0.09070252732947644 0.08925446655604215 0.08786725957508644 0.08653726137941034 0.08526110791934358 0.0840356897775562 0.08285812872403345 0.08172575679436678 0.08063609758345383 0.0795868494883306 0.07857587066935902 0.07760116552932822 0.07666087253601232
0.026809477893258743 0.025829310116508058 0.02491009380542375 0.024046866861587992 0.02323515685783763 0.022470924994179926 0.021750517272532646 0.02107062186640133 0.020428231818967472 0.01982061233453277 0.019245272038363275 0.018699937672390622 0.018182531771972637 0.01769115293446795 0.01722405834577249 0.016779648277876823 0.01635645231031539 0.015953117062237784 0.01556839525068775 0.015201135915317049 0.01485027567084646 0.014514830866663494
