4.660491194639578 5.501018313659174
4.660491264086308 5.501018313659174
4.660491194639578 5.501018395630735
2.0065633256266393 2.4072528024842885
2.006563355526763 2.4072528024842885
2.0065633256266393 2.4072528383551504
1.857985369048553 2.2336866082045113
1.8579853967346924 2.2336866082045113
1.857985369048553 2.2336866414890353
1.8395842154262692 2.2537090803334383
1.83958424283821 2.2537090803334383
1.8395842154262692 2.2537091139163206
1.2758937735224407e-06 4.847170250404336
1.3797044849014255 2.902085724698178
1.7246302588772542 2.4158145717358193
1.7246302845762476 2.4158145717358193
1.7246302588772542 2.4158146077342617
1.6153833490272897 2.581819737791921
1.6153833730983773 2.581819737791921
1.6153833490272897 2.5818197762640334
1.401864936348904 2.9170514447106184
1.5633851416669546 2.6664916755787798
1.5633851649632087 2.6664916755787798
1.5633851416669546 2.666491715312602
1.457821678345816 2.834863162715785
1.4578217000690519 2.834863162715785
1.457821678345816 2.834863204958538
1.356561633201945 3.0058573314074146
1.3565616534162885 3.0058573314074146
1.356561633201945 3.005857376198179
1.3751780860966887 2.9773142977755693
1.375178106588439 2.9773142977755693
1.3751780860966887 2.9773143421410095
1.3716869968381098 2.983368563003434
1.3716870172778388 2.983368563003434
1.3716869968381098 2.98336860745909
1.3725092800069818 2.9819664272095707
1.372509300458964 2.9819664272095707
1.3725092800069818 2.9819664716443333
0.11709407015614537 1.3725092800069818 2.9819664272095707 0.0007429651695215458
0.10907554534699991 0.10682491689019473 0.104687419163393 0.10265500525789231 0.10072035875865554 0.09887681413144575 0.09711828709320615 0.0954392135678615 0.09383449604372762 0.0922994563274232 0.09082979383879927 0.08942154871697221 0.08807106911320027 0.08677498213545311 0.0855301679848591 0.08433373688805496 0.08318300848368777 0.08207549336748005 0.0810088765396534 0.07998100253218293 0.07898986202221077 0.07803357976272778
0.026696095343576864 0.02571556299860643 0.024795448643154198 0.02393090021616697 0.023117536247329953 0.022351393078207188 0.021628878729413003 0.020946732494050716 0.02030198947535805 0.01969194940216312 0.01911414915311651 0.018566338502793333 0.018046458672182714 0.017552623324887624 0.017083101700270473 0.01663630361722971 0.016210766118466984 0.015805141555990814 0.015418186945025369 0.01504875443613908 0.014695782774854099 0.014358289634725767
