4.6458451112581365 4.669448016227192
4.645845180486623 4.669448016227192
4.6458451112581365 4.66944808580739
2.108485105266734 2.1531133517180248
2.1084851366856103 2.1531133517180248
2.108485105266734 2.153113383801914
1.9893391101779894 2.0313219851217936
1.9893391398214522 2.0313219851217936
1.9893391101779894 2.0313220153908498
2.1306860907207454 1.8443617023880516
2.1306861224704425 1.8443617023880516
2.1306860907207454 1.8443617298711827
3.610123072904873 0.05076319699591103
2.5029018355959853 1.3979162682173034
2.226068294365855 1.7347333956905504
2.2260683275368573 1.7347333956905504
2.226068294365855 1.7347334215400925
2.4170558616146467 1.5156711425235054
2.27473282061674 1.6807815978969036
2.2747328545129006 1.6807815978969036
2.27473282061674 1.6807816229425012
2.3712846328895836 1.5721819756674127
2.371284668224478 1.5721819756674127
2.3712846328895836 1.5721819990947496
2.397404427459402 1.54693292654219
2.397404463183512 1.54693292654219
2.397404427459402 1.5469329495932869
2.447368705723118 1.494182537937218
2.409955763004422 1.5338026746953795
2.4099557989155613 1.5338026746953795
2.409955763004422 1.5338026975508203
2.435011816867561 1.5074976881927242
2.4350118531520644 1.5074976881927242
2.435011816867561 1.5074977106561902
2.428801935113651 1.5141250747804784
2.42880197130562 1.5141250747804784
2.428801935113651 1.5141250973427003
2.416222059029527 1.527227984962283
2.425660768765118 1.5174044489686604
2.42566080491028 1.5174044489686604
2.425660768765118 1.5174044715797488
2.426447742241509 1.516586219742886
2.426447778398398 1.516586219742886
2.426447742241509 1.5165862423417817
0.21015425843051272 2.426447742241509 1.516586219742886 0.0009283356556956876
0.10770034242648223 0.10547343671374979 0.10335775048351889 0.10134544494156454 0.09942938433392921 0.09760306047872311 0.09586052658904883 0.09419633911427189 0.09260550651679259 0.09108344406099621 0.0896259338253395 0.08822908926180154 0.0868893237226946 0.0856033224559608 0.08436801763896785 0.08318056607942345 0.08203832926199926 0.08093885546194231 0.079879863683499 0.07885922921232297 0.07787497059797946 0.07692523790585833
0.02768381681244811 0.026659925665775155 0.025698784873676522 0.024795405246369372 0.023945274650988092 0.023144305474584927 0.02238878855776957 0.02167535272652402 0.02100092917649053 0.020362720071182307 0.019758170806309927 0.019184945469402744 0.01864090508933814 0.018124088326105806 0.01763269429865698 0.017165067289296395 0.016719683097833664 0.016295136848514958 0.015890132078355868 0.015503470957521305 0.01513404551138026 0.014780829730248867
