2.2541222905422305 5.733764714297123
2.25412232413127 5.733764714297123
2.2541222905422305 5.733764799736875
1.283634722322545 3.2933228863281334
1.283634741450193 3.2933228863281334
1.283634722322545 3.2933229354024687
1.2060638673147484 3.071602418669671
1.2060638852865004 3.071602418669671
1.2060638673147484 3.0716024644401134
1.5940229172947675 2.3885151219777927
1.302196429115903 2.899620554100604
1.3021964485201418 2.899620554100604
1.302196429115903 2.8996205973083176
1.4385736515789131 2.673332380395424
1.4385736730153311 2.673332380395424
1.4385736515789131 2.673332420231181
1.7219081214039162 2.2273033278986283
1.7219081470623467 2.2273033278986283
1.7219081214039162 2.227303361088034
1.8101379698955944 2.1289836201767107
1.810137996868752 2.1289836201767107
1.8101379698955944 2.1289836519010388
1.96771838737026 1.9169140646199045
1.967718416691549 1.9169140646199045
1.96771838737026 1.91691409318415
2.136268236065833 1.7134539140492078
2.13626826789871 1.7134539140492078
2.136268236065833 1.7134539395816608
2.313749441576731 1.517735989331134
2.183544653413065 1.667326285282304
2.183544685950416 1.667326285282304
2.183544653413065 1.6673263101274018
2.2715743809357987 1.5688273605995386
2.2715744147848946 1.5688273605995386
2.2715743809357987 1.568827383976888
2.295244994299077 1.5457968046744655
2.2952450285008927 1.5457968046744655
2.295244994299077 1.545796827708633
2.249946548821274 1.5938682994519473
2.2839704208662033 1.55786163391941
2.2839704549000146 1.55786163391941
2.2839704208662033 1.5578616571333574
2.272684280401532 1.5699156433857513
2.272684314267167 1.5699156433857513
2.272684280401532 1.5699156667793173
2.2755181789215646 1.5669137646234859
2.275518212829428 1.5669137646234859
2.2755181789215646 1.5669137879723205
2.2783384902019947 1.5638991168485938
2.278338524151884 1.5638991168485938
2.2783384902019947 1.5638991401525066
2.2776347004840916 1.5646539817973084
2.2776347344234935 1.5646539817973084
2.2776347004840916 1.5646540051124695
0.20397737192416554 2.2776347004840916 1.5646539817973084 0.0008583983329254755
0.10973106165045966 0.10752085129508349 0.10541973807994402 0.10342013510686232 0.10151512643582382 0.09969839607392275 0.09796416558224591 0.09630713913750291 0.09472245505610712 0.09320564293239136 0.09175258566420233 0.09035948574195726 0.0890228352644314 0.08773938921860414 0.08650614162393387 0.08532030419519906 0.08417928722399408 0.0830806824183128 0.08202224747340996 0.08100189217614435 0.08001766586999635 0.07906774612950926
0.028697417551936766 0.027664888061419216 0.0266945113247646 0.025781429952279472 0.02492124318588455 0.024109957452780228 0.023343942907138846 0.0226198951661093 0.021934801559742003 0.021285911310547384 0.020670709140046484 0.020086891869152752 0.019532347638454264 0.019005137425043634 0.018503478575805428 0.01802573011413915 0.017570379608908615 0.017136031421756633 0.01672139617247226 0.01632528128240719 0.015946582473481494 0.015584276115498117
