3.9018618760783745 3.634260179097228
3.9018619342206473 3.634260179097228
3.9018618760783745 3.6342602332519247
2.142402412691839 2.0240664319604385
2.1424024446161227 2.0240664319604385
2.142402412691839 2.0240664621213784
2.0509619916053756 1.9418914675965508
2.050962022167091 1.9418914675965508
2.0509619916053756 1.9418914965329885
2.0222917474183744 1.9756199407594495
2.0222917775528697 1.9756199407594495
2.0222917474183744 1.9756199701984807
0.32857419459310266 4.147748021797886
1.5989429617490245 2.5187148012546454
1.9165351592129474 2.111456452475366
1.9165351877715466 2.111456452475366
1.9165351592129474 2.111456483938519
1.7130845773753962 2.389218790105874
1.7130846029023457 2.389218790105874
1.7130845773753962 2.3892188257080083
1.3328047208947431 2.963294963256322
1.3328047407550812 2.963294963256322
1.3328047208947431 2.963295007412858
1.0064730357730622 3.5696643664336705
1.0064730507706792 3.5696643664336705
1.0064730357730622 3.5696644196258145
0.3897751472125496 4.801081680564442
0.8650518433537505 3.8835817150952288
0.8650518582549117 3.8835817150952288
0.8650518433537505 3.883581772965106
0.565031070671604 4.503391167897634
0.5650310855727652 4.503391167897634
0.565031070671604 4.503391235003392
0.3810824387435966 4.9462560130640485
0.3810824536447578 4.9462560130640485
0.3810824387435966 4.946256086769007
0.40285522532582935 4.908359858097685
0.40285524022699054 4.908359858097685
0.40285522532582935 4.908359931237947
0.4025446042881477 4.909230457773786
0.4025446191893089 4.909230457773786
0.4025446042881477 4.9092305309270206
0.07006190391829359 0.4025446042881477 4.909230457773786 0.0007686740921599563
0.10634036102440933 0.10421829887776124 0.10220550068780691 0.10029391998756058 0.09847627486464054 0.09674595985906329 0.09509696964950462 0.09352383275212564 0.0920215537507951 0.09058556281922264 0.08921167149439053 0.08789603382486263 0.08663511215355406 0.08542564690756796 0.08426462986191913 0.08314928042274082 0.08207702454164208 0.08104547592844559 0.08005241927641212 0.0790957952536962 0.07817368704840064 0.07728430828318437
0.028313487029964994 0.0273778479025161 0.026500864700858058 0.02567760744353863 0.02490365694167881 0.024175042718568497 0.02348818948128002 0.02283987084143617 0.02222716919790245 0.021647440871540094 0.02109828572846517 0.020577520649289374 0.02008315630221386 0.019613376761354495 0.01916652158132142 0.018741069997312097 0.018335626968799663 0.017948910825931984 0.017579742312330813 0.01722703484718166 0.01688978585422807 0.016567069026264522
