5.718277705058975 5.256654586335147
5.718277790267953 5.256654586335147
5.718277705058975 5.256654664665404
2.183761763331284 2.0460448703850234
2.1837617958718702 2.0460448703850234
2.183761763331284 2.0460449008734676
2.0395906148722696 1.9149906928491047
2.0395906452645383 1.9149906928491047
2.0395906148722696 1.9149907213846897
2.0033605036577407 1.9568841131597923
2.0033605335101385 1.9568841131597923
2.0033605036577407 1.956884142319638
6.117960704266068e-06 4.505558434878303
1.5026456432182482 2.594149935317225
1.8783045783862793 2.116296971100053
1.8783046063751987 2.116296971100053
1.8783045783862793 2.1162970026353354
1.7599777304309145 2.2807664235072735
1.7599777566566264 2.2807664235072735
1.7599777304309145 2.2807664574933417
1.6457643909812385 2.44811861743952
1.645764415505039 2.44811861743952
1.6457643909812385 2.4481186539193303
1.7575987217307278 2.285026839472159
1.67521648906823 2.408411070717322
1.675216514030901 2.408411070717322
1.67521648906823 2.4084111066054437
1.6199817976290805 2.4904207668227656
1.661489478707339 2.4289682598164504
1.6614895034654615 2.4289682598164504
1.661489478707339 2.428968296010898
1.6752957791351928 2.408464238123105
1.6649616168587738 2.4238561605435063
1.6649616416686353 2.4238561605435063
1.6649616168587738 2.4238561966617778
1.6684119169026987 2.418729296792052
1.6684119417639736 2.418729296792052
1.6684119169026987 2.4187293328339274
1.6675510515101384 2.420012161621578
1.6675510763585855 2.420012161621578
1.6675510515101384 2.4200121976825697
0.13947654346903404 1.6675510515101384 2.420012161621578 0.0008513172232548067
0.10934926537062192 0.10711630188613329 0.104994474363217 0.10297597608536121 0.10105369863143326 0.09922115704275448 0.0974724241974484 0.09580207313019322 0.09420512622410983 0.092677010359836 0.09121351724004219 0.08981076821996528 0.08846518306946313 0.0871734521724941 0.08593251173816926 0.0847395216555798 0.08359184567408634 0.08248703363303092 0.08142280550101477 0.08039703701592055 0.07940774674352911 0.07845308439554774
0.027675121766464424 0.026663006150874528 0.025712507932139392 0.024818754973983243 0.02397733891904859 0.023184264281926485 0.022435903800021393 0.02172895919882884 0.021060426650896233 0.020427566311392375 0.019827875400952565 0.019259064380875986 0.018719035828975432 0.018205865678197746 0.017717786526029636 0.017253172761915507 0.01681052729347521 0.01638846968108509 0.01598572551510196 0.01560111689127493 0.015233553858218467 0.014882026726643162
