3.101893978646304 5.629346724083518
3.1018940248681264 5.629346724083518
3.101893978646304 5.6293468079673215
1.611225146184427 2.96099974818968
1.6112251701935525 2.96099974818968
1.611225146184427 2.960999792312015
1.493838698147124 2.752861282588083
1.4938387204070551 2.752861282588083
1.493838698147124 2.752861323608913
1.4441327510800155 2.8263169862360313
1.4441327725992703 2.8263169862360313
1.4441327510800155 2.8263170283514363
0.8394097221384906 3.827745299346038
1.2931236947861884 3.076777667619673
1.293123714055233 3.076777667619673
1.2931236947861884 3.076777713467233
1.1513334876299675 3.332570210819248
1.1513335047861732 3.332570210819248
1.1513334876299675 3.332570260478414
1.1572292884675708 3.3286528482622533
1.157229305711631 3.3286528482622533
1.1572292884675708 3.328652897863046
1.1569468574541977 3.329186769011572
1.1569468746940492 3.329186769011572
1.1569468574541977 3.329186818620321
0.1017568235397518 1.1569468574541977 3.329186769011572 0.0008863061789937469
0.1074397919656091 0.10524284791639164 0.10315643832652867 0.1011726837993261 0.09928442293312394 0.09748513363919187 0.0957688643974441 0.09413017404614703 0.0925640789189775 0.09106600632371631 0.0896317535079998 0.08825745138413096 0.08693953239124005 0.08567470196255965 0.08445991314109369 0.08329234395084274 0.08216937718492542 0.08108858231798838 0.0800476992895359 0.07904462393831613 0.07807739489657982 0.07714418177762149
0.0278234608013557 0.026818978632866208 0.025876306747977428 0.02499046812210342 0.024156971247337095 0.0233717552228753 0.022631141832009514 0.021931793627098146 0.02127067719241418 0.020645030879130735 0.020052336411116953 0.019490293848066075 0.018956799466554777 0.01844992618223387 0.017967906189364214 0.01750911553890284 0.017072060414604608 0.016655364899207957 0.016257760050612125 0.015878074131769736 0.015515223858434691 0.015168206546438932
