5.025014618726901 5.039703948682469
5.0250146936054545 5.039703948682469
5.025014618726901 5.03970402377991
2.1338036619876557 2.1776952764505273
2.133803693783808 2.1776952764505273
2.1338036619876557 2.1776953089007156
1.997162003793537 2.0425057471866106
1.9971620335535698 2.0425057471866106
1.997162003793537 2.042505777622318
1.966932521126706 2.078535143485527
1.9669325504362845 2.078535143485527
1.966932521126706 2.078535174458114
0.060158897372877496 4.624008369998771
1.4903200930821165 2.7149641013273524
1.8478603964143687 2.2377029972614277
1.8478604239496343 2.2377029972614277
1.8478603964143687 2.237703030605801
1.735002703545977 2.4013358720744087
1.7350027293995318 2.4013358720744087
1.735002703545977 2.4013359078571015
1.514771095666442 2.7323167554005345
1.6814779531301054 2.485080992724527
1.6814779781860794 2.485080992724527
1.6814779531301054 2.4850810297551194
1.5726802423702055 2.6514409479197063
1.5726802658049674 2.6514409479197063
1.5726802423702055 2.6514409874292553
1.3627652099420393 2.9890590537689476
1.5215349101200752 2.7366600721161447
1.5215349327927121 2.7366600721161447
1.5215349101200752 2.7366601128955574
1.4177598769386923 2.906198619495022
1.4177598980649608 2.906198619495022
1.4177598769386923 2.906198662800756
1.272938473492862 3.1548415184487375
1.382741106714121 2.96903546269204
1.3827411273185692 2.96903546269204
1.382741106714121 2.9690355069341163
1.3105187742433635 3.0934664363943916
1.310518793771615 3.0934664363943916
1.3105187742433635 3.0934664824906335
1.324249445804722 3.070982741729274
1.3242494655375765 3.070982741729274
1.324249445804722 3.070982787490483
1.321063569179667 3.0766315431197087
1.3210635888650482 3.0766315431197087
1.321063569179667 3.0766315889650913
1.3219143432359703 3.075139459808811
1.321914362934029 3.075139459808811
1.3219143432359703 3.07513950563196
0.10520177345903703 1.3219143432359703 3.075139459808811 0.0011332657854129407
0.10482647104651627 0.10266558023185157 0.10061339425409913 0.0986621719621134 0.09680487606824192 0.09503509628075743 0.09334698209933216 0.09173518391657266 0.09019480127709718 0.08872133731958635 0.08731065857276302 0.08595895939831165 0.0846627304763758 0.08341873081577546 0.0822239628441774 0.08107565019535733 0.07997121786324556 0.07890827443716579 0.07788459617081246 0.0768981126701048 0.07594689401297575 0.075029139138117
0.02847299564785503 0.027430090086897355 0.026451477204583566 0.025531986400838237 0.024666949664451553 0.023852145044791943 0.023083747265852227 0.022358284490367718 0.021672600390934972 0.021023820810262578 0.020409324397987046 0.019826716700241012 0.01927380725312717 0.018748589294704503 0.018249221763912405 0.01777401330059936 0.017321407999776304 0.016889972706453323 0.016478385665836304 0.016085426368002233 0.01570996644706304 0.015350961512789795
