3.5085597857570407 3.6966770310324426
3.508559838038656 3.6966770310324426
3.5085597857570407 3.696677086117223
2.0368498624119584 2.17484835675715
2.0368498927633865 2.17484835675715
2.0368498624119584 2.1748483891649157
1.9523959069695702 2.08997600729814
1.9523959360625363 2.08997600729814
1.9523959069695702 2.0899760384412094
1.9089847561189786 2.145527537203392
1.908984784565068 2.145527537203392
1.9089847561189786 2.1455275691742437
0.31656402751387125 4.318110929282199
1.511079381667274 2.68881978016218
1.80970827840417 2.2814967533511563
1.8097083053709249 2.2814967533511563
1.80970827840417 2.2814967873481073
1.6179493784248908 2.5582679790013714
1.6179494025342154 2.5582679790013714
1.6179493784248908 2.558268017122535
1.2579280080971131 3.127372328997091
1.2579280268417012 3.127372328997091
1.2579280080971131 3.1273723755985703
0.9458119538004095 3.7240956458927856
0.9458119687015707 3.7240956458927856
0.9458119538004095 3.724095701386135
0.35456371797719133 4.934222133803409
0.809360873361261 4.031918467847517
0.8093608882624221 4.031918467847517
0.809360873361261 4.031918527927784
0.5214313903411218 4.640680951156482
0.521431405242283 4.640680951156482
0.5214313903411218 4.640681020308017
0.35428673872673333 5.051312703929032
0.3542867536278945 5.051312703929032
0.35428673872673333 5.051312779199456
0.3676279965918354 5.030968279848311
0.3676280114929966 5.030968279848311
0.3676279965918354 5.030968354815581
0.36729629800166586 5.031796052897678
0.36729631290282705 5.031796052897678
0.36729629800166586 5.031796127877282
0.06804257773596267 0.36729629800166586 5.031796052897678 0.0007183194329445344
0.10563548716635521 0.10352358842495205 0.101520823977637 0.09961912044111686 0.09781117555970316 0.0960903688361491 0.0944506841937451 0.09288664284546702 0.0913932448507711 0.08996591809018405 0.08860047359288237 0.08729306632150516 0.08604016065828599 0.08483849995265172 0.08368507958706338 0.08257712309858034 0.08151206096123341 0.0804875116910955 0.07950126498380182 0.07855126663471458 0.07763560502619361 0.07675249899554733
0.02832674633738015 0.027393961936120034 0.026519886265192374 0.025699556568729135 0.024928527842082347 0.02420280942615223 0.023518810406048144 0.022873292461809608 0.022263329044582187 0.02168626993692718 0.021139710408517795 0.020621464304473872 0.02012954050793536 0.01966212230513264 0.019217549253374572 0.018794301212628997 0.018390984251812608 0.01800631818324479 0.01763912551434493 0.017288321635703867 0.016952906090071485 0.016631954788341053
