5.154916594445558 2.804733334171283
5.154916671259801 2.804733334171283
5.154916594445558 2.8047333759650663
2.555227337867287 1.4173878912224052
2.5552273759431414 1.4173878912224052
2.555227337867287 1.4173879123431306
2.497076304948406 1.384284561771179
2.4970763421577424 1.384284561771179
2.497076304948406 1.3842845823986263
2.657041769190239 1.22899612772669
2.536757842974153 1.3452929446363049
2.5367578807747906 1.3452929446363049
2.536757842974153 1.3452929646827319
2.5981601640921426 1.2877612931124103
2.598160202807746 1.2877612931124103
2.5981601640921426 1.2877613123015488
2.6609068554895186 1.2316989288702018
2.6609068951401205 1.2316989288702018
2.6609068554895186 1.2316989472239461
2.724707623014323 1.1768391254710877
2.6772356989887474 1.2184370523877177
2.677235738882668 1.2184370523877177
2.6772356989887474 1.2184370705438445
2.659686230091007 1.233746822962217
2.6728755826360433 1.2222955098182418
2.676173472949118 1.2194322006745328
2.6761735128272104 1.2194322006745328
2.676173472949118 1.2194322188454887
0.24647616729179278 2.676173472949118 1.2194322006745328 0.0006593686100493067
0.1070701563579162 0.10489082689437425 0.10281962175944089 0.10084897658966015 0.09897200033041556 0.097182403492345 0.09547443517665831 0.09384282767675106 0.09228274764018375 0.09078975292368788 0.0893597543991138 0.08798898207403393 0.08667395498027419 0.08541145435962046 0.08419849974052478 0.08303232755464962 0.0819103719890396 0.08083024780987007 0.07978973492813526 0.07878676450718758 0.07781940643746171 0.07688585802562745
0.029008456894344524 0.027953774298635485 0.026963051158982374 0.026031251030708503 0.025153814678799142 0.024326607974897597 0.023545876159085374 0.02280820361499908 0.022110478429599255 0.021449861112820604 0.02082375694045172 0.02022979145845091 0.01966578875061122 0.01912975212579999 0.018619846927382472 0.018134385207121288 0.017671812039850885 0.017230693284419188 0.01680970462149224 0.01640762172043919 0.01602331140616974 0.015655723712916
