3.2182111848133355 3.8424559596227823
3.218211232768419 3.8424559596227823
3.2182111848133355 3.842456016879838
1.8737329675207715 2.2615781499643015
1.8737329954415685 2.2615781499643015
1.8737329675207715 2.261578183664442
1.798521081621528 2.1680694165040153
1.7985211084215806 2.1680694165040153
1.798521081621528 2.1680694488107672
2.092376390121536 1.7632880370324167
1.8716830848149464 2.0666168859712166
1.8716831127051978 2.0666168859712166
1.8716830848149464 2.066616916766208
1.9791024138049178 1.9258921846953487
1.979102443295842 1.9258921846953487
1.9791024138049178 1.9258922133933787
2.0910100315423747 1.7887096825962645
2.0910100627008523 1.7887096825962645
2.0910100315423747 1.7887097092501159
2.2068262406919454 1.6548106180436661
2.121302316987976 1.756440896527571
2.1213023485978435 1.756440896527571
2.121302316987976 1.75644092270058
2.0639457739621423 1.8238635590349592
2.1070469725748366 1.7733674860726922
2.117823144618909 1.7607424226520076
2.117823176176933 1.7607424226520076
2.117823144618909 1.7607424488891144
2.110648876375097 1.7691662545981817
2.1160305332735954 1.7628491942124471
2.1173759483263614 1.7612699279516333
2.1173759798777216 1.7612699279516333
2.1173759483263614 1.7612699541966004
0.1830829292122843 2.1173759483263614 1.7612699279516333 0.000501045268370758
0.10930714636938435 0.10709683782627237 0.10499580892115785 0.1029964460266473 0.10109181012920831 0.0992755652946531 0.09754191583171452 0.09588555097739385 0.09430159610094004 0.09278556956916971 0.09133334453892217 0.08994111504653769 0.08860536585245961 0.0873228455739705 0.08609054270281485 0.08490566415880785 0.08376561607696326 0.08266798656541681 0.08161053020551431 0.08059115409472399 0.0796079052582566 0.07865895927702873
0.028587463391198057 0.027553318653615412 0.026581584911121343 0.025667374102469553 0.024806258546851003 0.023994221006043714 0.02322761080410434 0.022503105200317723 0.021817675326159632 0.021168556094554043 0.02055321957253036 0.019969351378847366 0.01941482972819749 0.01888770679486568 0.018386192112550978 0.017908637764606168 0.017453525151166518 0.01701945314732607 0.016605127490354716 0.016209351254500657 0.015831016289672165 0.015469095515645803
