4.682456656717269 1.0920939841320219
4.682456726491311 1.0920939841320219
4.682456656717269 1.0920940004054904
3.273761146190153 0.7788187857907412
3.2737611949729954 0.7788187857907412
3.273761146190153 0.7788188006919023
2.8393476359151433 1.0423689057487784
3.1673514947928973 0.8481934664528822
3.1673515419901124 0.8481934664528822
3.1673514947928973 0.8481934813540434
2.9542961073566834 0.9865800365897375
3.115017867267565 0.8841817490863257
3.115017913684948 0.8841817490863257
3.115017867267565 0.8841817639874869
3.009313380071239 0.9546262067392972
3.0093134249135027 0.9546262067392972
3.009313380071239 0.9546262216404584
2.9066736623895393 1.0294656921843512
2.906673705702352 1.0294656921843512
2.9066736623895393 1.0294657075245854
2.8064289758890126 1.1074840429479416
2.806429017708063 1.1074840429479416
2.8064289758890126 1.1074840594507398
2.7085721301703845 1.1884772400293022
2.708572170531254 1.1884772400293022
2.7085721301703845 1.188477257738993
2.613107429751558 1.272276710203064
2.6131074686898934 1.272276710203064
2.613107429751558 1.2722767291614645
2.520018809960205 1.3587080071550386
2.5200188475114116 1.3587080071550386
2.520018809960205 1.3587080274013656
2.544219574524791 1.3381455593750273
2.544219612436617 1.3381455593750273
2.544219574524791 1.33814557931495
2.5905586799251847 1.2947099476312511
2.555853314540983 1.327339130302956
2.555853352626165 1.327339130302956
2.555853314540983 1.3273391500818503
2.5674766872363453 1.3165215509416217
2.5674767254947293 1.3165215509416217
2.5674766872363453 1.3165215705593216
2.5645850100258616 1.319241087467162
2.564585048241156 1.319241087467162
2.5645850100258616 1.3192411071253862
2.5587698608219895 1.324646153956135
2.563132022358137 1.3205932138807364
2.5631320605517804 1.3205932138807364
2.563132022358137 1.3205932335591086
0.24000033249334363 2.563132022358137 1.3205932138807364 0.0012224194904325518
0.10964353606976443 0.1074122340877973 0.10529161302258798 0.10327393170946844 0.10135213779870839 0.09951979438978527 0.09777101562837627 0.0961004100478376 0.09450303061727498 0.09297433061001378 0.09151012453416728 0.09010655347504783 0.0887600542906365 0.08746733217893335 0.08622533620198465 0.08503123740758983 0.08388240923766917 0.08277640995331105 0.08171096684169038 0.08068396200025092 0.07969341951953006 0.07873749390840297
0.027980160815206524 0.026963497882366568 0.02600847648312388 0.025110243595052317 0.02426440592661821 0.02346697973709494 0.022714346783876727 0.02200321557795887 0.021330587246381427 0.020693725400358704 0.020090129492566937 0.019517511219069864 0.018973773582650816 0.01845699228657763 0.017965399172461753 0.017497367454062735 0.017051398531621475 0.016626110199406113 0.016220226083321045 0.015832566166245652 0.015462038276730459 0.015107630432199957
