2.9384993614279726 3.9788674501467
2.9384994052150253 3.9788674501467
2.9384993614279726 3.978867509436445
1.7617585644813474 2.4112456890373233
1.7617585907335958 2.4112456890373233
1.7617585644813474 2.411245724967684
1.6877165367622886 2.3097932350317376
1.6877165619112249 2.3097932350317376
1.6877165367622886 2.309793269450339
1.7811147546821837 2.1737476438128196
1.7811147812228618 2.1737476438128196
1.7811147546821837 2.1737476762041834
3.3254896928924063 0.05005531495446158
2.168241442432638 1.6435772761758294
1.8789236698113727 2.041961275722974
1.8789236978095172 2.041961275722974
1.8789236698113727 2.041961306150568
2.0790470206277476 1.781792931702663
1.929997915355021 1.977735275416148
1.9299979441142312 1.977735275416148
1.929997915355021 1.9777353048867001
2.03123369572569 1.8485627262201096
2.0312337259934306 1.8485627262201096
2.03123369572569 1.848562753765841
2.1368740668324366 1.722966776104312
2.1368740986743417 1.722966776104312
2.1368740668324366 1.7229668017785176
2.2459638066855825 1.6003549522379568
2.2459638401530513 1.6003549522379568
2.2459638066855825 1.600354976085104
2.3586958353166825 1.4810833277257618
2.3586958704639893 1.4810833277257618
2.3586958353166825 1.4810833497956233
2.389103225206297 1.4535373650739087
2.3891032608067095 1.4535373650739087
2.389103225206297 1.4535373867333032
2.4470416706583666 1.3954280352562032
2.4036662319364015 1.4390886215452134
2.4036662677538194 1.4390886215452134
2.4036662319364015 1.439088642989305
2.389178291612838 1.4536126340679274
2.4000668157424436 1.442741998438427
2.4000668515062262 1.442741998438427
2.4000668157424436 1.4427420199369583
2.403694237165283 1.4391164262791236
2.4009749585373457 1.4418368953266814
2.4002951342152836 1.4425170170811181
2.4002951699824684 1.4425170170811181
2.4002951342152836 1.4425170385762967
0.219163481677067 2.4002951342152836 1.4425170170811181 0.0008920889530087206
0.10961528346183129 0.10740498447286898 0.10530385862678486 0.10330430769291957 0.10139940600537602 0.09958282921194242 0.09784879167937961 0.09619199138530249 0.09460756129897803 0.09309102639830798 0.09163826559260747 0.09024547792426867 0.08890915251009958 0.0876260417576143 0.0863931374549389 0.08520764938704928 0.08406698617724397 0.08296873809229141 0.08191066158360952 0.08089066536598145 0.07990679786040893 0.07895723584935618
0.02866550776405164 0.02763362673532631 0.026663913045461972 0.025751502931480628 0.02489199044536086 0.024081377807794346 0.023316031783734377 0.022592645280179235 0.0219082034809987 0.02125995393056778 0.020645380060311785 0.02006217772231648 0.019508234353853026 0.018981610447628163 0.018480523046147296 0.01800333101590519 0.017548521889145484 0.017114700088454497 0.016700576373149225 0.016304958366849084 0.01592674204326525 0.015564904062503243
