2.545059002831224 5.3991680461538545
2.545059040755558 5.3991680461538545
2.545059002831224 5.399168126607728
1.4185756240058773 3.0424399354205027
1.4185756451443015 3.0424399354205027
1.4185756240058773 3.0424399807563907
1.3251258256112242 2.840821339273534
1.3251258453571377 2.840821339273534
1.3251258256112242 2.8408213816050707
1.3809497206679338 2.742407264494895
1.3809497412456881 2.742407264494895
1.3809497206679338 2.7424073053599476
1.9571943853468334 1.8082693398597691
1.5254352114185266 2.509135070586485
1.5254352341492825 2.509135070586485
1.5254352114185266 2.5091351079755113
1.6789004852073988 2.281669945283311
1.6789005102249654 2.281669945283311
1.6789004852073988 2.2816699792828428
1.663517222415961 2.3108474115538598
1.6635172472042992 2.3108474115538598
1.663517222415961 2.3108474459881694
1.7027176242262518 2.254552857279673
1.6733648931642744 2.2968070179599676
1.6733649180993544 2.2968070179599676
1.6733648931642744 2.296807052185059
1.6930064768244053 2.268688602693874
1.6782866518109503 2.289785365043202
1.6782866768193703 2.289785365043202
1.6782866518109503 2.2897853991636627
1.6832045706346468 2.282761022205386
1.6832045957163495 2.282761022205386
1.6832045706346468 2.2827610562211755
1.678287388305018 2.2897858806236626
1.6819783092490153 2.2845193567527167
1.6819783343124453 2.2845193567527167
1.6819783092490153 2.2845193907947077
0.14483485951102215 1.6819783092490153 2.2845193567527167 0.0006835937959274514
0.11016286540770494 0.10795719049762814 0.10586025660451481 0.1038645090890387 0.1019630611045903 0.10014962290419155 0.0984184397356118 0.09676423716333302 0.09518217282711598 0.09366779379096961 0.09221699875786675 0.09082600452831073 0.08949131616792658 0.08820970042318058 0.08697816198723061 0.08579392227153557 0.08465440038466467 0.08355719605896131 0.08250007429934894 0.08148095155746776 0.08049788325921572 0.07954905253522945
0.028797476511706343 0.027765469503293685 0.02679540763231014 0.02588246108417739 0.02502225327546731 0.02421081182515549 0.023444525463236922 0.02272010608878696 0.02203455530232902 0.0213851348329446 0.020769340361703328 0.020184878312002733 0.01962964523620748 0.019101709478165838 0.01859929483409248 0.018120765971060993 0.01766461539388333 0.017229451778254287 0.016813989511369663 0.016417039301344073 0.016037499734130174 0.015674349671672503
