5.7707555148100225 4.839660453177997
5.770755600800981 4.839660453177997
5.7707555148100225 4.8396605252945575
2.2358777729386787 1.9119427556884632
2.235877806255854 1.9119427556884632
2.2358777729386787 1.9119427841786303
2.1115561399481937 1.8075052602551391
2.111556171412832 1.8075052602551391
2.1115561399481937 1.8075052871890664
2.145337291657095 1.7655795727421044
2.1453373236251116 1.7655795727421044
2.145337291657095 1.7655795990512901
3.337028258281779 0.36410022025376687
2.443404099956376 1.4153322868826637
2.2199979217155414 1.6781404408523872
2.164145822894787 1.7438430281839705
2.164145855143073 1.7438430281839705
2.164145822894787 1.7438430541692567
2.2016427179013314 1.7002662484560458
2.2016427507083645 1.7002662484560458
2.2016427179013314 1.7002662737919871
2.1830437368208786 1.7219426282977004
2.1971582432834 1.7058228849087977
2.1971582760236092 1.7058228849087977
2.1971582432834 1.7058229103275395
2.2065547051777705 1.6950686583473324
2.199509153841123 1.7031358977733024
2.199509186616363 1.7031358977733024
2.199509153841123 1.703135923152005
2.2018604077615094 1.7004492110929101
2.201860440571786 1.7004492110929101
2.2018604077615094 1.700449236431578
2.201273538715053 1.7011217081130576
2.2012735715165848 1.7011217081130576
2.201273538715053 1.7011217334617463
0.18883775232557343 2.201273538715053 1.7011217081130576 0.0010356977291019515
0.10861617299200253 0.10640169008471533 0.1042970942112311 0.10229469742233635 0.10038749595036389 0.0985690973406407 0.09683365648257057 0.09517581933127346 0.09359067328956129 0.09207370337051204 0.09062075338779077 0.08922799152807225 0.08789187975070159 0.08660914653675247 0.08537676257513392 0.08419191902919455 0.08305200807490866 0.08195460544247642 0.08089745472809674 0.0798784532726648 0.07889563942995163 0.07794718106907231
0.028298288391976036 0.027266010636520975 0.026296382664187015 0.025384470976565463 0.024525809247700158 0.023716347377176192 0.02295240675626198 0.02223064091773378 0.021548000859285384 0.0209017044314407 0.020289209266591435 0.019708188798624543 0.01915651098462375 0.01863221939302678 0.018133516367814174 0.017658748016985408 0.01720639080673843 0.016775039571245043 0.016363396772409805 0.015970262865104796 0.015594527641586463 0.015235162444544575
