4.6306302498177 1.0845140723932158
4.630630318819468 1.0845140723932158
4.6306302498177 1.0845140885537348
3.248443396477941 0.7759369261618954
3.2484434448835198 0.7759369261618954
3.248443396477941 0.7759369410630566
2.948314621876872 0.9576118141417085
3.175076917459978 0.8239999072193871
3.175076964772311 0.8239999072193871
3.175076917459978 0.8239999221205483
3.026602815846652 0.9174140534533487
3.0266028609465483 0.9174140534533487
3.026602815846652 0.9174140683545099
2.9926559330675437 0.9451770098428978
2.992655977661592 0.9451770098428978
2.9926559330675437 0.945177024744059
2.920938823958743 0.9956680650180711
2.9209388674841232 0.9956680650180711
2.920938823958743 0.9956680799192323
2.8594822112957603 1.04176378166673
2.8594822539053655 1.04176378166673
2.8594822112957603 1.04176379719022
2.9042265728856798 1.0086799327515934
2.904226616162028 1.0086799327515934
2.9042265728856798 1.0086799477820956
2.8673963875299435 1.0363591338180642
2.8673964302574793 1.0363591338180642
2.8673963875299435 1.0363591492610187
2.89623504470106 1.0148641589462417
2.8962350878583254 1.0148641589462417
2.89623504470106 1.0148641740688962
2.872264968409973 1.0328707061928126
2.8722650112100565 1.0328707061928126
2.872264968409973 1.0328707215837856
2.8914812668555583 1.0185086881569605
2.891481309941987 1.0185086881569605
2.8914812668555583 1.0185087033339226
2.875545011297321 1.0304754637986362
2.875545054146281 1.0304754637986362
2.875545011297321 1.0304754791539172
2.888470969716241 1.020802013618457
2.8884710127578126 1.020802013618457
2.888470969716241 1.0208020288295925
2.8852564202107307 1.0232428482997449
2.8852564632044015 1.0232428482997449
2.8852564202107307 1.0232428635472515
2.8802336184087585 1.027004451811202
2.880233661327584 1.027004451811202
2.8802336184087585 1.027004467114761
2.881490871571924 1.0260661278180276
2.881490914509484 1.0260661278180276
2.881490871571924 1.0260661431076044
0.2940360072601925 2.881490871571924 1.0260661278180276 0.001015694483844977
0.10961555059856938 0.10740404914418507 0.10530182181368623 0.10330125953689988 0.10139542718840593 0.09957799213602994 0.09784316147807169 0.09618562679379625 0.09460051540488518 0.09308334729135488 0.09162999692848531 0.09023665941533308 0.08889982035355698 0.08761622901012968 0.08638287436119352 0.08519696366861187 0.08405590328714714 0.0829572814398973 0.08189885273367128 0.08087852421523826 0.07989434279457572 0.07894448388296406
0.028580833122080374 0.0275490014241028 0.02657936272834114 0.02566705093003726 0.024807657898497395 0.02399718382110036 0.023231993570372964 0.022508778294129318 0.021824521543192907 0.021176469348284828 0.020562103740076047 0.019979119276500264 0.01942540220115216 0.018899011907576185 0.018398164427839363 0.01792121770111452 0.017466658410028445 0.01703309020005351 0.016619223120913705 0.01622386414940332 0.01584590867065773 0.015484332810175007
