2.4003798131507965 3.3057335490147106
2.400379848919243 3.3057335490147106
2.4003798131507965 3.3057335982739793
1.7854849509409445 2.475885992414678
1.7854849775467436 2.475885992414678
1.7854849509409445 2.475886029308254
1.7519440650055764 2.4409026438452983
1.7519440911115773 2.4409026438452983
1.7519440650055764 2.440902680217582
1.2575433275862533 3.180610407966661
1.628180527809542 2.625680425912416
1.6281805520713226 2.625680425912416
1.628180527809542 2.625680465038103
1.467748410466082 2.8832753627410264
1.4677484323372376 2.8832753627410264
1.467748410466082 2.8832754057051773
1.1609407313336257 3.406958006186006
1.3939427447477262 3.0158503515082544
1.3939427655190917 3.0158503515082544
1.3939427447477262 3.015850396447927
1.2429283082492537 3.2790769757773246
1.2429283267703288 3.2790769757773246
1.2429283082492537 3.279077024639379
1.070953903595512 3.600864330754822
1.0709539195539688 3.600864330754822
1.070953903595512 3.6008643844118815
1.1049277952240808 3.545204734879705
1.104927811688788 3.545204734879705
1.1049277952240808 3.5452047877073722
1.1034251434575748 3.54837892580378
1.1034251598998908 3.54837892580378
1.1034251434575748 3.548378978678746
0.09445110146698166 1.1034251434575748 3.54837892580378 0.0007556140314312508
0.10532720962381947 0.10314515538096997 0.10107386336058004 0.09910535323770336 0.0972323806149839 0.09544835532897931 0.09374727021830047 0.09212363885357959 0.09057244096507983 0.08908907449952207 0.08766931340069135 0.08630927034445837 0.0850053637727693 0.08375428866678158 0.08255299057980435 0.08139864251860972 0.08028862431913206 0.07922050421128536 0.0781920223090465 0.07720107579723873 0.07624570561658962 0.07532408447443799
0.02760084321105647 0.026595841578643326 0.025653405328994575 0.024768427933850718 0.02393630865404657 0.023152894384618466 0.022414429030207447 0.021717509336480454 0.02105904626942702 0.020436231173011264 0.0198465060516017 0.01928753742080269 0.018757193251990743 0.018253522604651493 0.017774737598682897 0.01731919742795717 0.016885394158085897 0.01647194008672246 0.01607755647486913 0.015701063483365606 0.015341371170716657 0.014997471427246344
