4.3713670286091695 3.1615562216543194
4.371367093747614 3.1615562216543194
4.3713670286091695 3.161556268765178
2.351200379757196 1.7264557069520994
2.3512004147928116 1.7264557069520994
2.351200379757196 1.726455732678294
2.2777716977080544 1.673615518117186
2.277771731649498 1.673615518117186
2.2777716977080544 1.6736155430560005
2.3285437995293004 1.6154498314307788
2.328543834227307 1.6154498314307788
2.3285437995293004 1.6154498555028571
3.756460763274813 0.05008982204242263
2.6858155144114235 1.224376823359755
2.4181535392995177 1.5179489697328061
2.418153575332813 1.5179489697328061
2.4181535392995177 1.5179489923520084
2.51095222772654 1.4234781968993118
2.510952265142644 1.4234781968993118
2.51095222772654 1.42347821811079
2.6062553805428887 1.331534558963906
2.6062554193791203 1.331534558963906
2.6062553805428887 1.3315345788053172
2.7041312408689717 1.2423345619966284
2.7041312811636673 1.2423345619966284
2.7041312408689717 1.242334580508856
2.804612430038476 1.1560799730368776
2.730137939989013 1.2218486688204575
2.7301379806712385 1.2218486688204575
2.730137939989013 1.2218486870274214
2.7801487127061812 1.1784550807501555
2.742697262406824 1.2110658827708354
2.742697303276198 1.2110658827708354
2.742697262406824 1.2110659008171234
2.7395876388601486 1.213796369414204
2.7395876796831855 1.213796369414204
2.7395876388601486 1.2137963875011792
2.733331701068264 1.2192152720697873
2.7333317417980805 1.2192152720697873
2.733331701068264 1.2192152902375106
2.739582941478151 1.2137909511920726
2.734897837542431 1.217863034841267
2.734897878295585 1.217863034841267
2.734897837542431 1.2178630529888403
2.736460648696608 1.2165069558338737
2.735288899336752 1.2175244292681555
2.7352889400957325 1.2175244292681555
2.735288899336752 1.2175244474106832
0.2519255799504372 2.735288899336752 1.2175244292681555 0.0006006421647876844
0.10714759634604822 0.10493532495447423 0.10283351402006165 0.10083437955768823 0.09893083570240974 0.09711641975425628 0.095385226454994 0.09373185023131414 0.09215133432794707 0.09063912591292617 0.08919103637080694 0.08780320611231016 0.08647207332408445 0.08519434616295232 0.083966977967481 0.08278714511797265 0.08165222722563051 0.08055978937407655 0.0795075661727091 0.07849344741253098 0.07751546514184376 0.07657178200224748
0.027992413104950282 0.026959194714955684 0.02598924937409864 0.02507754811680185 0.024219542853436242 0.02341111339056932 0.022648520981612463 0.021928367526304823 0.02124755966575575 0.020603277128167962 0.019992944772133158 0.019414207852223794 0.018864910097738302 0.018343074251751367 0.01784688476562647 0.017374672385158337 0.016924900399608752 0.016496152354986242 0.016087121058757734 0.01569659872540614 0.015323468131399502 0.014966694664666998
