5.9881937619263255 5.273939744632488
5.988193851157366 5.273939744632488
5.9881937619263255 5.273939823220314
2.2950221394896992 2.0600387109968126
2.295022173688194 2.0600387109968126
2.2950221394896992 2.0600387416937815
2.154080708532194 1.9384769193264964
2.154080740630498 1.9384769193264964
2.154080708532194 1.9384769482120534
2.120419190004433 1.9767845951273162
2.1204192216011415 1.9767845951273162
2.120419190004433 1.9767846245837022
0.052105701326779386 4.62908385899685
1.6034405855720095 2.639937199807908
1.9912743098409993 2.1426504772008883
1.9912743395132988 2.1426504772008883
1.9912743098409993 2.1426505091288686
1.7448886074195822 2.4833169552643932
1.7448886334204485 2.4833169552643932
1.7448886074195822 2.4833169922686995
1.5222508950929112 2.8399568474299137
1.5222509177762171 2.8399568474299137
1.5222508950929112 2.8399568897485685
1.095904055160681 3.5647096512294927
1.0959040714909238 3.5647096512294927
1.095904055160681 3.564709704347806
1.0247092507788482 3.762500426387245
1.024709266048206 3.762500426387245
1.0247092507788482 3.7625004824528703
0.8374598554747065 4.138927348368286
0.8374598703758677 4.138927348368286
0.8374598554747065 4.1389274100431095
0.6763758936661542 4.490961586242807
0.6763759085673154 4.490961586242807
0.6763758936661542 4.49096165316335
0.6993010675646845 4.449275309318368
0.6993010824658457 4.449275309318368
0.6993010675646845 4.449275375617737
0.6986496637631308 4.450873995028917
0.698649678664292 4.450873995028917
0.6986496637631308 4.450874061352107
0.07772409133710056 0.6986496637631308 4.450873995028917 0.000815895818316335
0.10523693707773504 0.10306611367684666 0.10100718528542739 0.09905192098596818 0.09719286879623559 0.09542326652554324 0.09373696444927321 0.09212835804071065 0.09059232928794614 0.08912419536100802 0.08771966359027455 0.08637479187936173 0.08508595381032304 0.08384980781114885 0.08266326984924526 0.08152348919308146 0.08042782685016722 0.07937383634511398 0.07835924654850919 0.07738194630713278 0.07643997065985213 0.07553148845232101
0.027055229811338836 0.026106098635645968 0.02521686878738975 0.024382518807010516 0.02359854298727709 0.02286088946630685 0.022165906726275365 0.02151029723676587 0.020891077187177465 0.020305541422184874 0.019751232834578355 0.01922591558626764 0.018727551625129825 0.01825428004621575 0.017804398913437946 0.017376349214554696 0.01696870066991905 0.016580139155618026 0.016209455535546938 0.015855535725681946 0.015517351838185553 0.015193954273708555
