4.1848084366072715 2.3489335688193513
4.184808498965777 2.3489335688193513
4.1848084366072715 2.348933603821189
2.552596295125655 1.4528632176412235
2.552596333162304 1.4528632176412235
2.552596295125655 1.4528632392905725
2.5113393842363148 1.4313233940127585
2.511339421658188 1.4313233940127585
2.5113393842363148 1.4313234153411392
2.3327663940652252 1.6086141279338635
2.466598409734202 1.4755918430784318
2.4665984464893826 1.4755918430784318
2.466598409734202 1.4755918650664637
2.4009452635524196 1.5430666199517513
2.400945299329292 1.5430666199517513
2.4009452635524196 1.5430666429452358
2.2721479022783093 1.6804127673294968
2.2721479361359513 1.6804127673294968
2.2721479022783093 1.6804127923695984
2.1498956860685854 1.823615840280094
2.1498957181045277 1.823615840280094
2.1498956860685854 1.8236158674540874
1.9118073558225954 2.115377463670506
2.092187535981171 1.8979996458506563
2.0921875671571946 1.8979996458506563
2.092187535981171 1.897999674133055
1.9747116369886528 2.0451462993178104
1.9747116664141493 2.0451462993178104
1.9747116369886528 2.045146329792865
1.7487843330642212 2.346423167371383
1.919817399852044 2.1216303097177662
1.9198174284595526 2.1216303097177662
1.919817399852044 2.1216303413325215
1.8082777482852503 2.2733261587019795
1.8082777752306884 2.2733261587019795
1.8082777482852503 2.273326192577179
1.5933215760946018 2.582526323514155
1.5933215998369434 2.582526323514155
1.5933215760946018 2.582526361996796
1.5494073449137356 2.6658012982512522
1.5494073680017042 2.6658012982512522
1.5494073449137356 2.665801337974787
1.4494922220727298 2.8253935684223035
1.449492243671847 2.8253935684223035
1.4494922220727298 2.8253936105239483
1.3534061959360895 2.98732009513103
1.3534062161034133 2.98732009513103
1.3534061959360895 2.9873201396455684
1.3680897865706987 2.965258311089362
1.368089806956825 2.965258311089362
1.3680897865706987 2.965258355275154
1.3572119631642667 2.9838706157851167
1.357211983388301 2.9838706157851167
1.3572119631642667 2.983870660248254
1.3599458371389608 2.979225996198992
1.3599458574037329 2.979225996198992
1.3599458371389608 2.979226040592919
1.364138166634993 2.972056079558068
1.3641381869622358 2.972056079558068
1.364138166634993 2.972056123845155
1.3633922912348253 2.973336320564825
1.3633923115509536 2.973336320564825
1.3633922912348253 2.9733363648709887
0.11581294619598315 1.3633922912348253 2.973336320564825 0.000505577757015121
0.10865579433202567 0.10642194231626187 0.10430019144345758 0.10228258306581343 0.10036187959431099 0.0985314860697814 0.09678538154911347 0.09511805893513514 0.09352447208822481 0.0919999892327554 0.09054035181808198 0.08914163811688329 0.08780023094727883 0.08651278899256375 0.08527622126633715 0.08408766433347362 0.08294446195064105 0.0818441468354136 0.08078442431173197 0.07976315761256611 0.07877835464900804 0.0778281560793937
0.02716974192551596 0.026175539517129805 0.02524244415065998 0.024365560287462527 0.023540466059275376 0.022763160270343075 0.02203001605731351 0.021337740287716466 0.020683337915118526 0.02006408062441595 0.019477479197882473 0.018921259114579432 0.01839333896507225 0.017891811322153308 0.01741492575816174 0.016961073741938473 0.01652877518464076 0.016116666434548347 0.015723489547443577 0.015348082681825534 0.01498937148769783 0.014646361374432475
