2.031226548949251 4.515937772974055
2.0312265792168853 4.515937772974055
2.031226548949251 4.515937840266771
1.3623489636627966 3.0504871134200933
1.362348983963378 3.0504871134200933
1.3623489636627966 3.0504871588758933
1.3189962282728087 2.9361696468467375
1.318996247927384 2.9361696468467375
1.3189962282728087 2.936169690599075
1.7872237623807363 2.141525635916312
1.4358074168369703 2.7371924473741265
1.4358074382321682 2.7371924473741265
1.4358074168369703 2.7371924881614724
1.6010244791581343 2.474601379148308
1.6010245030152581 2.474601379148308
1.6010244791581343 2.4746014160227423
1.7763543657461116 2.2186518183691213
1.7763543922158544 2.2186518183691213
1.7763543657461116 2.21865185142961
1.9614229348713899 1.9696530803885166
1.9614229640988692 1.9696530803885166
1.9614229348713899 1.9696531097386347
2.1574808023882546 1.729211695891689
2.0139629993787276 1.9125986038227771
2.013963029389115 1.9125986038227771
2.0139629993787276 1.9125986323227173
2.1111872796669395 1.7917262495768946
2.1111873111260815 1.7917262495768946
2.1111872796669395 1.7917262762756963
2.2124708103162773 1.6742344068059702
2.2124708432846614 1.6742344068059702
2.2124708103162773 1.674234431754007
2.2218098482062665 1.666683891630597
2.221809881313813 1.666683891630597
2.2218098482062665 1.6666839164661225
2.19602942110203 1.6956543506704462
2.215368715685923 1.673930041075054
2.2153687486974896 1.673930041075054
2.215368715685923 1.6739300660185552
2.221808532553856 1.6666827223554506
2.2169829412308455 1.6721220158374335
2.2169829742664655 1.6721220158374335
2.2169829412308455 1.6721220407539932
2.2165811070965877 1.6725755539164904
2.21658114012622 1.6725755539164904
2.2165811070965877 1.6725755788398082
0.19681270160783282 2.2165811070965877 1.6725755539164904 0.0006070849211789905
0.11032700164945268 0.1080834411845621 0.10595108389807552 0.10392215985235628 0.10198958964910028 0.10014691098413335 0.0983882141598937 0.09670808534036845 0.09510155651275325 0.09356406127116883 0.092091395665184 0.09067968346358081 0.08932534527500297 0.08802507104453847 0.08677579551111887 0.08557467626672034 0.0844190741062586 0.08330653539805669 0.0822347762399066 0.08120166819592578 0.08020522543538652 0.0792435931170906
0.027733055952921006 0.0267244579999688 0.025776964967951413 0.02488577276223459 0.024046531507905842 0.023255296089331703 0.022508482712562592 0.021802830687813086 0.021135368744514178 0.020503385289086042 0.019904402098454576 0.01933615101279185 0.018796553250965135 0.018283701023370628 0.017795841160576184 0.017331360513648024 0.016888772914151005 0.01646670750939606 0.01606389831224158 0.015679174825207726 0.01531145361631717 0.014959730739338994
