5.598011936884276 1.3581130340325722
5.598012020301153 1.3581130340325722
5.598011936884276 1.3581130542700335
3.1873232637079134 0.7947335300181624
3.1873233112027313 0.7947335300181624
3.1873232637079134 0.7947335449193236
3.0275303600354544 0.9186560111621692
3.0275304051491725 0.9186560111621692
3.0275303600354544 0.9186560260633304
2.942524055928634 0.9855025877538621
2.942524099775659 0.9855025877538621
2.942524055928634 0.9855026026550233
2.903624942367285 1.0158903154040337
2.9036249856346683 1.0158903154040337
2.903624942367285 1.015890330541979
2.885116479046833 1.030094067555444
2.8851165220384187 1.030094067555444
2.885116479046833 1.0300940829050418
2.875603705736397 1.0373568658422345
2.875603748586231 1.0373568658422345
2.875603705736397 1.0373568813000564
2.870380823840178 1.041343388668404
2.870380866612185 1.041343388668404
2.870380823840178 1.0413434041856298
2.8673612470108294 1.0436495801949945
2.8673612897378415 1.0436495801949945
2.8673612470108294 1.0436495957465852
2.8656244366796346 1.0449769773944653
2.865624479380766 1.0449769773944653
2.8656244366796346 1.0449769929658357
0.29948214735966816 2.8656244366796346 1.0449769773944653 0.0010828027339991216
0.11148674855258398 0.10923228287235193 0.10708933373739174 0.10505012630400472 0.10310757526443308 0.10125521164359892 0.09948711850995204 0.09779787439270901 0.09618250337596247 0.09463643099013515 0.09315544514778117 0.09173566147769384 0.09037349250188227 0.0890656201768895 0.08780897138634519 0.0866006960274072 0.08543814738137064 0.08431886449947668 0.08324055636990013 0.08220108766191482 0.08119846586907718 0.08023082969555308
0.027556124199679483 0.026559340042341797 0.025622731926861958 0.02474158375315274 0.023911624054184386 0.023128977698529323 0.022390123462226817 0.021691856688874724 0.02103125636889357 0.020405656063831767 0.01981261818214895 0.019249911181418982 0.01871548933024412 0.018207474712959526 0.017724141202762823 0.017263900165339675 0.016825287686306735 0.016406953142640367 0.016007648961363405 0.015626221428675955 0.015261602429910013 0.014912802015555447
