5.031657545787477 5.927616530879627
5.031657620765016 5.927616530879627
5.031657545787477 5.927616619207996
1.9723175979775451 2.366962743192428
1.9723176273673675 2.366962743192428
1.9723175979775451 2.3669627784629212
1.8031231060782236 2.170716681982298
1.8031231329468516 2.170716681982298
1.8031231060782236 2.170716714328497
1.7755256396014054 2.2004094396830216
1.7755256660587992 2.2004094396830216
1.7755256396014054 2.2004094724716774
1.6752369811579015e-05 4.668806607264116
1.3316791255722291 2.8175308184098444
1.664599246750852 2.354715120476897
1.6645992715553135 2.354715120476897
1.664599246750852 2.3547151555648864
1.4516950856556534 2.669566592146852
1.4516951072875959 2.669566592146852
1.4516950856556534 2.6695666319264943
1.2566169498928195 2.995763085033707
1.2566169686178712 2.995763085033707
1.2566169498928195 2.9957631296740557
0.8812712462971652 3.6567881427205013
1.1673027679809975 3.1635065935981777
1.1673027853751643 3.1635065935981777
1.1673027679809975 3.1635066407380994
0.9831132728054428 3.4959729240609194
0.983113287706604 3.4959729240609194
0.9831132728054428 3.4959729761549756
0.6668570026983831 4.111056355108978
0.9076098601277902 3.6515230386374466
0.9076098750289514 3.6515230386374466
0.9076098601277902 3.65152309304938
0.7515411855121092 3.960114974187738
0.7515412004132704 3.960114974187738
0.7515411855121092 3.9601150331980497
0.7340789941299687 4.004629418033145
0.7340790090311299 4.004629418033145
0.7340789941299687 4.004629477706774
0.7350709421145813 4.002733604610417
0.7350709570157425 4.002733604610417
0.7350709421145813 4.002733664255795
0.08439424478066582 0.7350709421145813 4.002733604610417 0.0007401105182501364
0.10806923870345198 0.10592381372431006 0.10388638845039976 0.10194923811924685 0.10010534692252085 0.09834832944457687 0.09667236217217498 0.09507212362661138 0.09354274189840851 0.09207974855450048 0.09067903804566546 0.0893368318735659 0.08804964688681481 0.08681426716778587 0.0856277190494946 0.08448724886731258 0.0833903031055901 0.08233451064613509 0.08131766686532342 0.08033771936052593 0.07939275511549407 0.07848098893911458
0.028983879288143066 0.02799241604657764 0.027061616848301266 0.026186573513871696 0.025362862706120752 0.024586490085550524 0.02385384173156722 0.023161641786035688 0.022506915438285067 0.02188695650617898 0.021299298980996043 0.02074169199856389 0.020212077778545362 0.01970857214059918 0.019229447262466684 0.018773116392628356 0.01833812027047302 0.017923115041121946 0.017526861481136233 0.017148215376124466 0.01678611891243959 0.01643959296327255
