3.8537821520766 4.917696549346183
3.853782209502429 4.917696549346183
3.8537821520766 4.917696622625572
1.8954095487484992 2.4519917419734374
1.8954095769923025 2.4519917419734374
1.8954095487484992 2.4519917785109615
1.7750249455505367 2.297874636824827
1.7750249720004696 2.297874636824827
1.7750249455505367 2.297874671065827
1.8075330649759787 2.247537857673448
1.8075330919103203 2.247537857673448
1.8075330649759787 2.247537891164372
3.36791961856321 0.05001271466079338
2.1977811092713866 1.6982641113976058
1.9052447573471694 2.11032588953482
1.9052447857375285 2.11032588953482
1.9052447573471694 2.1103259209811265
2.0071782536647182 1.9762204781786847
2.007178283574005 1.9762204781786847
2.0071782536647182 1.9762205076266646
2.112339417228767 1.8446308558508835
2.034585518771551 1.9442476692854833
2.0345855490892375 1.9442476692854833
2.034585518771551 1.9442476982570311
2.086898915136158 1.8782402203313764
2.047735376788731 1.9278027336997976
2.047735407302366 1.9278027336997976
2.047735376788731 1.9278027624262968
2.060867841356288 1.9113439048632368
2.0510382308138158 1.9237038530834505
2.051038261376667 1.9237038530834505
2.0510382308138158 1.9237038817488716
2.047760277954871 1.9278226747684255
2.0502200964140207 1.9247346344824399
2.050220126964681 1.9247346344824399
2.0502200964140207 1.924734663163221
0.17288569627716877 2.0502200964140207 1.9247346344824399 0.0007862244673297657
0.10920605202824349 0.10696011744557873 0.10482608176045224 0.10279607974854926 0.10086294961651306 0.09902015770128558 0.09726173241457252 0.0955822061694282 0.09397656421390833 0.09244019945468186 0.09096887248650833 0.08955867615575651 0.08820600408109788 0.08690752263499744 0.08566014595799695 0.08446101363597976 0.08330747072024697 0.08219704981265921 0.08112745497443298 0.0800965472483579 0.07910233161100753 0.0781429451946076
0.027379836154866284 0.026370678335637072 0.025423142210938856 0.02453234758241323 0.023693878942691836 0.02290373451876587 0.022158281564684437 0.02145421706444086 0.020788533127344723 0.020158486460899735 0.019561571393257666 0.018995495991221415 0.01845816088262361 0.017947640445460152 0.017462166071865886 0.01700011125410161 0.01655997827319524 0.016140386299599838 0.0157400607399143 0.01535782368496177 0.014992585332844408 0.014643336276419942
