5.712205981352084 2.535691803943701
5.7122060664705865 2.535691803943701
5.712205981352084 2.535691841728453
2.6593279936243355 1.2081617516828222
2.6593280332514104 1.2081617516828222
2.6593279936243355 1.2081617696858353
2.6228286932555696 1.1934749271778686
2.6228287323387627 1.1934749271778686
2.6228286932555696 1.193474944962031
2.3823299060770733 1.3984910171597642
2.5625616811330985 1.2446560280913308
2.5625617193182433 1.2446560280913308
2.5625616811330985 1.2446560466381509
2.517602557234216 1.2853292780594445
2.551670860613168 1.2551972464126584
2.5516708986360266 1.2551972464126584
2.551670860613168 1.2551972651165548
2.574323658597927 1.2350537669554584
2.557347118709305 1.250176100343299
2.5573471568167467 1.250176100343299
2.557347118709305 1.2501761189723746
2.563020245267153 1.2451514163848347
2.558769758391089 1.2489248670717614
2.5587697965197296 1.2489248670717614
2.558769758391089 1.2489248856821922
2.5601877982209262 1.2476684231195763
2.5591247830097026 1.248611337897796
2.5591248211436337 1.248611337897796
2.5591247830097026 1.2486113565035548
0.24605755875128899 2.5591247830097026 1.248611337897796 0.0007750568678726109
0.10997276561488885 0.10778275540146438 0.10570035730038471 0.10371812544803943 0.101829269095966 0.1000275836182953 0.09830738985264079 0.09666348065482241 0.09509107371155613 0.09358576979330838 0.09214351574618204 0.09076057162047803 0.08943348141738743 0.08815904700651339 0.08693430482761826 0.0857565050417894 0.0846230928415221 0.0835316916671749 0.08248008810984359 0.08146621830872784 0.08048815567522007 0.07954409979679683
0.02937840267930191 0.028335024690089756 0.02735398954723604 0.026430456746184664 0.02556003813054169 0.02473874917419038 0.023962966133950415 0.023229388298233136 0.02253500466724904 0.021877064493768188 0.02125305119287766 0.020660659196836125 0.020097773388840612 0.019562450798840073 0.01905290428674508 0.018567487974578033 0.01810468422019256 0.01766309195192985 0.017241416206618797 0.016838458733209064 0.016453109541512172 0.01608433929040392
