2.308060671246582 2.4924557170706167
2.3080607056393663 2.4924557170706167
2.308060671246582 2.492455754211101
1.9804894657046257 2.1454273957349175
1.9804894952162184 2.1454273957349175
1.9804894657046257 2.145427427704277
1.9857123743523775 2.119707891633033
1.9857124039417977 2.119707891633033
1.9857123743523775 2.119707923219142
3.518511009605179 0.05001535470102603
2.3689305427464036 1.6023131305338845
2.081537758293586 1.990391158661406
2.0815377893109157 1.990391158661406
2.081537758293586 1.9903911883205456
2.2440434289008815 1.78389392472533
2.2440434623397345 1.78389392472533
2.2440434289008815 1.783893951307421
2.4173704565028467 1.586392172567419
2.4173704925244737 1.586392172567419
2.4173704565028467 1.5863921962065046
2.599985964394809 1.3974456804588387
2.465999242999243 1.5422241279926194
2.4659992797454953 1.5422241279926194
2.465999242999243 1.5422241509735497
2.5565753568474183 1.4470491956267035
2.55657539494336 1.4470491956267035
2.5565753568474183 1.447049217189417
2.6505157022933306 1.3551932668676026
2.6505157417890923 1.3551932668676026
2.6505157022933306 1.355193287061556
2.627928821695641 1.379041255971175
2.627928860854832 1.379041255971175
2.627928821695641 1.3790412765204911
2.6720508137708645 1.3366731394120073
2.6390214856032927 1.3685143487675866
2.6307631980692467 1.3764755696959625
2.6307632372706733 1.3764755696959625
2.6307631980692467 1.376475590207047
2.6252554937242625 1.3817794300644592
2.629387191611294 1.3778024890982583
2.6293872307922164 1.3778024890982583
2.629387191611294 1.3778025096291153
0.2306131624667781 2.629387191611294 1.3778024890982583 0.000645035565582445
0.10686163956235907 0.10461729955072521 0.10248586857669119 0.10045932258110235 0.09853036344842446 0.0966923403889518 0.09493918108745603 0.09326533126778207 0.09166570152643613 0.0901356204588141 0.08867079324504797 0.08726726498312912 0.08592138815881327 0.08462979372795149 0.08338936535990443 0.08219721645272261 0.08105066958357594 0.07994723810295974 0.07888460961971226 0.07786063115686352 0.07687329578664992 0.07592073057737889
0.026905471995333646 0.025894327000435466 0.024945831430149158 0.024054950872863093 0.023217137456873607 0.022428275690687234 0.02168463504675838 0.02098282836925722 0.02031977532158156 0.01969267020329405 0.01909895356247727 0.018536287111042243 0.01800253151969498 0.017495726728047594 0.01701407445540669 0.016555922640458604 0.016119751574546048 0.015704161524453458 0.015307861667392576 0.014929660183878863 0.014568455373980016 0.014223227679476263
