3.8003968594778383 5.9612943442981186
3.8003969161081645 5.9612943442981186
3.8003968594778383 5.961294433128327
1.7528479574412028 2.7929926404673306
1.7528479835606727 2.7929926404673306
1.7528479574412028 2.7929926820861644
1.6043361473560258 2.566910193886405
1.6043361712624973 2.566910193886405
1.6043361473560258 2.566910232136348
1.5389261212563061 2.6587285727204066
1.5389261441880924 2.6587285727204066
1.5389261212563061 2.6587286123385496
6.902269377406789e-05 5.108836304930589
1.1545110307233974 3.2714433146661195
1.4431381567794468 2.812104942031553
1.443138178283881 2.812104942031553
1.4431381567794468 2.812104983935182
1.257342705420592 3.1223929203051495
1.2573427241564583 3.1223929203051495
1.257342705420592 3.1223929668324297
0.9070682714863041 3.7552453025863892
1.1735221369123632 3.2826232454519406
1.1735221543992056 3.2826232454519406
1.1735221369123632 3.2826232943668385
1.0014543889558434 3.600728997238871
1.0014544038786766 3.600728997238871
1.0014543889558434 3.6007290508939143
0.8799427186934615 3.84727713522044
0.8799427335946227 3.84727713522044
0.8799427186934615 3.8472771925493365
0.9037516929002791 3.804417208417627
0.9037517078014403 3.804417208417627
0.9037516929002791 3.8044172651078614
0.9015373383893753 3.809032722919276
0.9015373532905365 3.809032722919276
0.9015373383893753 3.8090327796782866
0.9017839185323521 3.808538353824023
0.9017839334335133 3.808538353824023
0.9017839185323521 3.8085384105756668
0.08698794958863199 0.9017839185323521 3.808538353824023 0.0010613782839115236
0.10580314687031607 0.10365728138553626 0.10161990756577242 0.09968323477637135 0.09784018941148719 0.09608433532231919 0.09440980444807304 0.09281123618310011 0.09128372424504638 0.08982277000074605 0.08842424136624237 0.08708433653049062 0.08579955186371038 0.08456665346480978 0.08338265188091137 0.0822447795983003 0.08115047096016244 0.08009734421398863 0.079083185431889 0.07810593408144423 0.07716367005407702 0.07625460198304683
0.02862452346855373 0.027614300430136064 0.026666423155278035 0.02577582422285292 0.024937937680005774 0.024148641293513184 0.023404206303688238 0.022701253605690027 0.022036715450243057 0.02140780189507768 0.02081197135478878 0.020246904694280414 0.019710482392786822 0.019200764374307396 0.018715972158355 0.01825447303399443 0.017814766001722517 0.01739546926303744 0.016995309067575227 0.01661310975329476 0.016247784837067868 0.015898329031757856
