5.780008548144877 2.0384090503957344
5.780008634273716 2.0384090503957344
5.780008548144877 2.0384090807703963
2.9357838518004957 1.0600050030932326
2.9357838955470843 1.0600050030932326
2.9357838518004957 1.0600050188885382
1.665694353383109 2.0416561056169513
2.618323689339718 1.3054982495739387
2.8564810472063735 1.1214587111553607
2.856481089771258 1.1214587111553607
2.8564810472063735 1.1214587278663977
2.7792879228989276 1.185542364380922
2.779287964313545 1.185542364380922
2.7792879228989276 1.1855423820468798
2.7036049312855615 1.2514026546287633
2.7036049715724144 1.2514026546287633
2.7036049312855615 1.251402673276116
2.723091228304791 1.2356109623771139
2.723091268882012 1.2356109623771139
2.723091228304791 1.235610980789152
2.760796292636288 1.202524690503007
2.7325511570894667 1.2273779145628494
2.7254894802291023 1.2335915637623696
2.72548952084206 1.2335915637623696
2.7254894802291023 1.2335915821443162
2.7207802093326516 1.237731744900269
2.7243129517452154 1.234627506082688
2.724312992340642 1.234627506082688
2.7243129517452154 1.2346275244800713
0.2591381712671572 2.7243129517452154 1.234627506082688 0.0009056511526711342
0.10935305825439445 0.10709069949885344 0.10494140247297754 0.10289719190966168 0.10095080855737604 0.09909563222457901 0.09732561431217435 0.09563521853201867 0.09401936870417518 0.09247340268904906 0.09099303164806027 0.08957430394246865 0.0882135730779645 0.08690746918563613 0.08565287360036782 0.0844468961576399 0.08328685488076992 0.08217025777425149 0.08109478647617738 0.08005828155474458 0.07905872926134642 0.0780942495764366
0.02687848975807698 0.025884574860643453 0.02495160876319227 0.024074740703955683 0.023249584387849975 0.022472166744981165 0.021738883013819293 0.021046457294108843 0.020391907839156915 0.01977251646238052 0.019185801522066934 0.018629494023829084 0.018101516444398502 0.01759996393500192 0.017123087609121013 0.01666927965919637 0.016237060080856944 0.015825064812415256 0.015432035122404474 0.015056808099465326 0.014698308117441366 0.014355539164548799
