2.1122577233594755 3.5928998544147683
2.1122577548345682 3.5928998544147683
2.1122577233594755 3.5928999079531483
1.5735767430984247 2.6956688269260813
1.5735767665465454 2.6956688269260813
1.5735767430984247 2.695668867094677
1.5379715067749764 2.655178286686854
1.5379715296925378 2.655178286686854
1.5379715067749764 2.6551783262520936
1.0420346447139957 3.4418212662690597
1.4137583985341262 2.851594214919635
1.413758419600768 2.851594214919635
1.4137583985341262 2.8515942574117
1.2537317794676122 3.123171201628163
1.2537317981496714 3.123171201628163
1.2537317794676122 3.123171248167041
0.9474639407587422 3.6742159593845285
1.1799847498790823 3.2624623365103025
1.1799847674622252 3.2624623365103025
1.1799847498790823 3.26246238512478
1.0291961325182275 3.53927521806379
1.029196147854445 3.53927521806379
1.0291961325182275 3.539275270803101
0.9481833889750011 3.7025734193975413
0.9481834038761623 3.7025734193975413
0.9481833889750011 3.7025734745701846
0.9609486148204185 3.6797921011696597
0.9609486297215797 3.6797921011696597
0.9609486148204185 3.679792156002835
0.9598450616481006 3.6820077977063526
0.9598450765492618 3.6820077977063526
0.9598450616481006 3.682007852572544
0.09165570758088981 0.9598450616481006 3.6820077977063526 0.0007866242386436565
0.10704109319815157 0.10486865710871422 0.10280582958565557 0.1008447620249738 0.09897832560769224 0.09720003176233578 0.09550396277579082 0.09388471110184496 0.09233732614418792 0.09085726747959097 0.0894403636443599 0.08808277573859825 0.08678096521291044 0.08553166529462301 0.08433185558844741 0.08317873945221783 0.08206972380395107 0.08100240106365393 0.07997453297342917 0.07898403607363308 0.07802896864206436 0.07710751892818829
0.028207480985172596 0.02720745195195413 0.02626902356931421 0.025387206892267953 0.02455750426851171 0.023775853092479093 0.02303857681890976 0.02234234220294149 0.021684121893139847 0.0210611616369364 0.020470951469276785 0.019911200348649342 0.019379813783153454 0.01887487405539567 0.018394622710843325 0.01793744502152361 0.017501856177038082 0.017086488988930053 0.01669008292345945 0.01631147430260587 0.01594958753430151 0.015603427251046914
