4.709009973212803 4.76834408559804
4.709010043382519 4.76834408559804
4.709009973212803 4.768344156651904
2.073247888960783 2.135359288253842
2.073247919854584 2.135359288253842
2.073247888960783 2.135359320073175
1.9424025395476052 2.0028977782003023
1.9424025684916586 2.0028977782003023
1.9424025395476052 2.002897808045805
1.9764733496613824 1.9554788222026718
1.9764733791131304 1.9554788222026718
1.9764733496613824 1.9554788513415768
3.4739470318289234 0.050038968323304234
2.3509985901376154 1.4792421443394115
2.07025969119274 1.8365417371086419
2.0702597220420134 1.8365417371086419
2.07025969119274 1.8365417644752464
2.1679364516596897 1.7207783640877115
2.16793648396446 1.7207783640877115
2.1679364516596897 1.7207783897293072
2.268556567136325 1.6075639638112025
2.268556600940452 1.6075639638112025
2.268556567136325 1.6075639877657721
2.372274981567231 1.4971810005585349
2.372275016916883 1.4971810005585349
2.372274981567231 1.4971810228682703
2.4792123335950995 1.3899135273442904
2.4792123705382423 1.3899135273442904
2.4792123335950995 1.389913548055616
2.5078972598237868 1.3651942178568455
2.507897297194368 1.3651942178568455
2.5078972598237868 1.3651942381998246
2.5222496585235556 1.3516614413153616
2.511553707249784 1.3618850103904203
2.511553744674851 1.3618850103904203
2.511553707249784 1.3618850306840884
2.504418755988673 1.3686948795405056
2.5097713835226143 1.3635889580393519
2.509771420921122 1.3635889580393519
2.5097713835226143 1.3635889783584108
2.5079883623851082 1.3652921759003254
2.507988399757047 1.3652921759003254
2.5079883623851082 1.3652921962447642
0.22907083098579473 2.5079883623851082 1.3652921759003254 0.0008112870214353944
0.10876230646304046 0.10655304067643255 0.1044532654059503 0.1024553306551865 0.10055226637462164 0.09873771012395786 0.09700584356094326 0.0953513365585073 0.09376929792915269 0.09225523188458885 0.09080499948427566 0.08941478443274883 0.08808106267553907 0.08680057531981475 0.08557030447077985 0.08438745163015557 0.08324941835029283 0.08215378887785363 0.08109831455562705 0.08008089978078316 0.0790995893434594 0.07815255699163638
0.028497098167622734 0.02746349471799158 0.026492478820026512 0.02557912947772604 0.024718991221539723 0.023908023369064176 0.023142555472055414 0.02241924812396339 0.02173505842096938 0.021087209470095652 0.020473163423296196 0.01989059758896711 0.019337383234066842 0.01881156674270338 0.018311352842042165 0.01783508964489816 0.017381255291389324 0.016948446000378828 0.016535365365819666 0.016140814754125717 0.0157636846768259 0.015402947028431362
