3.5591081235012836 5.752318481629676
3.5591081765361277 5.752318481629676
3.5591081235012836 5.752318567345902
1.730136750858528 2.836664950290811
1.7301367766395745 2.836664950290811
1.730136750858528 2.8366649925604124
1.594492375370467 2.623075207099664
1.5944923991302549 2.623075207099664
1.594492375370467 2.6230752461865308
1.5420551954558197 2.6970242418016492
1.5420552184342327 2.6970242418016492
1.5420551954558197 2.6970242819904424
0.2801530051307337 4.714683031296552
1.226774574111385 3.2015607993007045
1.4634299143528449 2.8232799473143064
1.46342993615965 2.8232799473143064
1.4634299143528449 2.823279989384456
1.3100454918858926 3.0781582927196434
1.3100455114070917 3.0781582927196434
1.3100454918858926 3.078158338587776
1.017680539120113 3.596310531393369
1.239467041019451 3.209082393924555
1.2394670594889492 3.209082393924555
1.239467041019451 3.2090824417436092
1.0954128702939498 3.4693479273873455
1.0954128866168735 3.4693479273873455
1.0954128702939498 3.469347979084658
1.0002739309911473 3.6556971980547264
1.0002739458963903 3.6556971980547264
1.0002739309911473 3.6556972525288596
1.0138765913350796 3.6323903599787064
1.013876606443018 3.6323903599787064
1.0138765913350796 3.6323904141055405
1.0130531209237617 3.6340369661433747
1.0130531360194295 3.6340369661433747
1.0130531209237617 3.634037020294745
0.09701871122930072 1.0130531209237617 3.6340369661433747 0.0009312909458682667
0.10876504173329599 0.10653809754088231 0.10442381225833022 0.10241409663525869 0.10050160513613587 0.09867965358486049 0.09694214733557592 0.0952835184627979 0.09369867070053353 0.09218293105653369 0.09073200719142711 0.08934194978910392 0.08800911925911202 0.08673015620788178 0.08550195519644474 0.08432164137055316 0.08318654960684563 0.08209420586767739 0.08104231049887524 0.08002872324016737 0.07905144974835453 0.07810862945924804
0.026861458279772592 0.02589897795072127 0.02499605903038795 0.024147860428718398 0.02335001914952412 0.022598595431136567 0.02189002498058553 0.021221077290399296 0.020588819183322237 0.019990582860597333 0.01942393783850291 0.01888666624926334 0.018376741059293926 0.017892306822467695 0.017431662640736666 0.016993247050677018 0.016575624593733844 0.01617747386125774 0.015797576833796963 0.015434809358318778 0.015088132627734724 0.014756585544840687
