4.125477333023335 5.486069004847877
4.125477394497738 5.486069004847877
4.125477333023335 5.486069086596676
1.8903228532087213 2.5499234756984417
1.8903228813767268 2.5499234756984417
1.8903228532087213 2.5499235136952625
1.7587437255597678 2.3689326230926127
1.7587437517670914 2.3689326230926127
1.7587437255597678 2.3689326583924597
1.9404789486236513 2.099075965707816
1.940478977539041 2.099075965707816
1.9404789486236513 2.0990759969864854
3.474936285287335 0.050948171679013665
2.3280470061499003 1.5900301186026917
2.0412593188120027 1.974871058038869
2.041259349229137 1.974871058038869
2.0412593188120027 1.974871087466741
2.2393259047183105 1.7236663686621978
2.09176082461415 1.9128590959847314
2.091760855783815 1.9128590959847314
2.09176082461415 1.912859124488553
2.191973192881576 1.7881954551322898
2.1919732255445217 1.7881954551322898
2.191973192881576 1.7881954817784786
2.2192293519483797 1.7589367269568013
2.219229385017474 1.7589367269568013
2.2192293519483797 1.758936753167001
2.1674367341557983 1.8198744842857328
2.2063499043170567 1.7742292962011277
2.2063499371942323 1.7742292962011277
2.2063499043170567 1.7742293226392045
2.2192930731750353 1.7589906208881498
2.209602867473976 1.7704342786074916
2.2096029003996245 1.7704342786074916
2.209602867473976 1.770434304989018
2.2063717505120928 1.7742479134897151
2.2087966462495694 1.7713890051793872
2.2087966791632043 1.7713890051793872
2.2087966462495694 1.7713890315751404
0.18189396455640183 2.2087966462495694 1.7713890051793872 0.0010623527455064666
0.10715922690057007 0.10493693170323988 0.10282575754827235 0.10081786226938043 0.09890610798138719 0.09708398538063774 0.09534554737687995 0.09368535077666804 0.09209840492960347 0.09058012640931519 0.08912629893622549 0.08773303786312349 0.08639675864090031 0.08511414876340082 0.08388214275960887 0.08269789986030415 0.08155878401655026 0.08046234599027406 0.07940630727391287 0.07838854562759565 0.07740708204938296 0.07646006901738651
0.02768711432601874 0.026658290324962333 0.025692643524364178 0.024785143429452084 0.023931241093753313 0.023126816039799283 0.022368129722376007 0.021651784651483538 0.02097468842054303 0.020334021993887827 0.019727211699442245 0.019151904450419862 0.018605945786096912 0.01808736037809622 0.01759433469670067 0.017125201572797306 0.016678426426213946 0.01625259496135554 0.015846402156937466 0.015458642398885709 0.015088200624666936 0.014734044363878186
