2.8142709613806813 3.9660863008486613
2.8142710033165868 3.9660863008486613
2.8142709613806813 3.9660863599479526
1.8113765378118634 2.5760942576278154
1.8113765648034772 2.5760942576278154
1.8113765378118634 2.5760942960146114
1.7520767566366655 2.49293688716675
1.7520767827446437 2.49293688716675
1.7520767566366655 2.4929369243144044
1.792128032616223 2.4310112863674855
1.7921280593210116 2.4310112863674855
1.792128032616223 2.4310113225923766
2.3973711235752506 1.5292198920594209
1.9436256008154214 2.205688919069348
1.8301889102180038 2.3748065290543674
1.8301889374899438 2.3748065290543674
1.8301889102180038 2.374806564441742
1.9068842047630392 2.2627875467860608
1.9068842331778282 2.2627875467860608
1.9068842047630392 2.262787580504223
2.0643332854288303 2.0415829596441917
1.9468970376832522 2.207955272073595
1.9468970666942789 2.207955272073595
1.9468970376832522 2.2079553049746923
2.026335319934322 2.0978644917748968
2.0263353501290715 2.0978644917748968
2.026335319934322 2.0978645230355135
2.189617445526414 1.8809298706623694
2.0678586743846976 2.0441670413360473
2.067858705198193 2.0441670413360473
2.0678586743846976 2.04416707179651
2.150270737460825 1.9362843622197345
2.150270769502356 1.9362843622197345
2.150270737460825 1.93628439107262
2.319861279578462 1.7242449074021144
2.1934266381201755 1.88388995997365
2.1934266708047794 1.88388995997365
2.1934266381201755 1.883889988045798
2.279051019189371 1.7785387095762577
2.2790510531498773 1.7785387095762577
2.279051019189371 1.7785387360785496
2.4554342766243535 1.57211528825074
2.3239618920903307 1.7276405893386886
2.3239619267200613 1.7276405893386886
2.3239618920903307 1.7276406150825394
2.413038514075702 1.6251916947157976
2.413038550032778 1.6251916947157976
2.413038514075702 1.625191718933041
2.5054443004386124 1.525735215588347
2.5054443377726416 1.525735215588347
2.5054443004386124 1.5257352383235734
2.600393235788075 1.4287036729345248
2.6003932745369536 1.4287036729345248
2.600393235788075 1.4287036942238684
2.6979801064277855 1.334325586110701
2.697980146630822 1.334325586110701
2.6979801064277855 1.3343256059937016
2.6745380546007174 1.3588688437031256
2.67453809445444 1.3588688437031256
2.6745380546007174 1.3588688639518491
2.723785669508718 1.3121539898093428
2.686918580724509 1.347262901489075
2.686918620762716 1.347262901489075
2.686918580724509 1.3472629215648566
2.699270923151815 1.3356269675628125
2.6900229329156264 1.3443712834152943
2.690022973000092 1.3443712834152943
2.6900229329156264 1.3443713034479876
2.686939296350609 1.3472849826355295
2.6892532311211275 1.3451009838663284
2.6892532711941235 1.3451009838663284
2.6892532311211275 1.345101003909895
0.2337012889047262 2.6892532311211275 1.3451009838663284 0.0010693519181701
0.10590213757518978 0.10366428014484859 0.10153932677205982 0.09951922787398468 0.0975966645726133 0.0957649692922769 0.09401805625514689 0.09235036050113678 0.09075678426642261 0.08923264972883703 0.08777365727450018 0.08637584856298508 0.08503557377199215 0.08374946249013682 0.08251439780068585 0.08132749316209834 0.08018607174484618 0.07908764792970312 0.07802991071175407 0.07701070878781689 0.07602803713366293 0.075080024902085
0.026866885266490316 0.0258505876315546 0.024897529715539615 0.024002608758975426 0.023161217151890835 0.02236918709262507 0.021622742165226153 0.020918454888244956 0.020253209427528517 0.019624168783431654 0.01902874586234956 0.018464577926638956 0.01792950398833531 0.01742154477265694 0.016938884928831024 0.016479857209711207 0.016042928379173572 0.015626686638372043 0.015229830389439068 0.014851158178830228 0.014489559682818266 0.014144007615135786
