3.421833624232832 5.241631372765429
3.4218336752221266 5.241631372765429
3.421833624232832 5.241631450871823
1.7077263260826985 2.654298260098065
1.7077263515298038 2.654298260098065
1.7077263260826985 2.654298299650191
1.5796154178555748 2.4655512600873077
1.5796154413936787 2.4655512600873077
1.5796154178555748 2.4655512968268845
1.5032495144924038 2.5733548758800238
1.5032495368925671 2.5733548758800238
1.5032495144924038 2.5733549142259995
0.0001284312772158458 4.913146614678912
1.127941373324598 3.1586058454717123
1.409930368325694 2.7199920747703263
1.4099303893352937 2.7199920747703263
1.409930368325694 2.7199921153013666
1.2283311313047995 3.016413129474847
1.2283311496083598 3.016413129474847
1.2283311313047995 3.016413174422905
0.8857178333592522 3.6213850513900057
0.8857178482604134 3.6213850513900057
0.8857178333592522 3.621385105352848
0.5914906672332144 4.236798713394302
0.5914906821343756 4.236798713394302
0.5914906672332144 4.236798776527523
0.6507720114832564 4.142339133860878
0.6507720263844176 4.142339133860878
0.6507720114832564 4.1423391955865405
0.6515807085694726 4.141460097358345
0.6515807234706338 4.141460097358345
0.6515807085694726 4.14146015907091
0.08125837464235497 0.6515807085694726 4.141460097358345 0.0006135385428181802
0.10806514669507142 0.10593483910391456 0.10391181218008058 0.10198838425842705 0.10015758005124537 0.09841305215046592 0.09674901262927146 0.09516017328408437 0.0936416932895379 0.09218913323088848 0.09079841463768737 0.08946578427529775 0.08818778256176943 0.08696121557052632 0.08578313015740832 0.08465079181639476 0.08356166492390286 0.08251339507861 0.0815037932837009 0.0805308217524413 0.07959258114698892 0.07868729908515695
0.029313815815066285 0.02832428672313861 0.027395252486195253 0.026521810707245495 0.025699544887311195 0.02492446820426732 0.024192974645347247 0.023501796431108765 0.022847966835209867 0.022228787642909108 0.02164180060677391 0.021084762354705935 0.0205556222863752 0.02005250306218953 0.01957368334621647 0.01911758251283034 0.01868274706776285 0.018267838568917293 0.0178716228617757 0.017492960469321826 0.017130797997816773 0.01678416043807505
