4.4208335157777086 3.341559841087842
4.420833581653262 3.341559841087842
4.4208335157777086 3.341559890880964
2.304805960862706 1.7682879683979809
2.304805995206991 1.7682879683979809
2.304805960862706 1.768287994747525
2.23103702783464 1.7140697817020922
2.2310370610796824 1.7140697817020922
2.23103702783464 1.7140698072437224
1.8897328355280303 2.1064104233480467
2.1456143292415093 1.812092175002906
2.1456143612136542 1.812092175002906
2.1456143292415093 1.8120922020051835
2.085866280605953 1.886084703294195
2.0858663116877825 1.886084703294195
2.085866280605953 1.8860847313990472
2.1461549054096056 1.8125319652215819
2.1013552287160517 1.86804619701288
2.1013552600286847 1.86804619701288
2.1013552287160517 1.8680462248489376
2.0713921475513786 1.904970371435509
2.0938896180400586 1.877297600303143
2.0938896492414454 1.877297600303143
2.0938896180400586 1.877297628277057
2.0864149343645297 1.886541674597272
2.0920264157907797 1.8796130301182248
2.0920264469644025 1.8796130301182248
2.0920264157907797 1.8796130581266415
0.168975727035232 2.0920264157907797 1.8796130301182248 0.0006769746655660878
0.1065789125782789 0.10438368825625371 0.1022979032168411 0.10031385993559454 0.09842454978450701 0.0966235792400204 0.09490510515641024 0.093263777865379 0.09169469104720003 0.09019333747378684 0.08875556985461572 0.08737756612660681 0.08605579862224925 0.08478700662923301 0.08356817192192718 0.08239649690213624 0.08126938503525744 0.08018442330957519 0.07913936648206284 0.07813212290463796 0.07716074175110241 0.07622340148764124
0.028381151996392066 0.027333551825034864 0.026349983845594758 0.025425372270890492 0.02455512505502205 0.023735080803558597 0.022961462199729592 0.02223083507104107 0.02154007234753399 0.02088632227014366 0.020266980298489022 0.01967966424455846 0.019122192224356144 0.018592563075457934 0.018088938936119063 0.01760962972235118 0.01715307927430659 0.016717852973265463 0.016302626656266528 0.015906176677582352 0.015527370985348374 0.015165161098156965
