5.351246019850423 2.434086045437777
5.3512460995902025 2.434086045437777
5.351246019850423 2.4340860817084855
2.759625552212372 1.2798770962827681
2.7596255933339973 1.2798770962827681
2.759625552212372 1.279877115354423
2.737554585037521 1.270948731185217
2.737554625830263 1.270948731185217
2.737554585037521 1.270948750123829
0.6575262849045145 3.1444115559576757
2.2175737454472353 1.7393435638652912
2.6075856139230336 1.3880765613488562
2.7050885943989473 1.3002597927502406
2.7050886347079084 1.3002597927502406
2.7050885943989473 1.3002598121256215
2.640794232963531 1.3595805361749675
2.640794272314432 1.3595805361749675
2.640794232963531 1.3595805564342962
2.514703282169458 1.4808732984456299
2.5147033196414568 1.4808732984456299
2.514703282169458 1.4808733205123616
2.394643357858934 1.608138677186087
2.3946433935419007 1.608138677186087
2.394643357858934 1.6081387011492208
2.2787492865691688 1.7392089876735641
2.278749320525179 1.7392089876735641
2.2787492865691688 1.7392090135897975
2.1667442912591315 1.8736178529950127
2.1667443235461374 1.8736178529950127
2.1667442912591315 1.8736178809140944
2.0584025097107457 2.010996601068806
2.1411841435699572 1.9091123276117774
2.1411841754760874 1.9091123276117774
2.1411841435699572 1.909112356059768
2.1959883151157586 1.8409271511140328
2.154971395972426 1.8921356851067426
2.144716277523535 1.904938905789573
2.144716309482298 1.904938905789573
2.144716277523535 1.9049389341753746
2.1378752725642407 1.9134696930354955
2.1430075508382713 1.9070728242763209
2.143007582771572 1.9070728242763209
2.1430075508382713 1.9070728526939205
0.17334409363904602 2.1430075508382713 1.9070728242763209 0.0007188771010063572
0.10726895141422223 0.10501962832614803 0.10288335791279374 0.10085211482651617 0.09891859890137092 0.09707615671795512 0.09531871289894629 0.09364070979169532 0.09203705439643471 0.0905030715681949 0.08903446266299543 0.08762726891887102 0.08627783896358873 0.08498279992660406 0.08373903170546212 0.08254364399858313 0.08139395576894011 0.08028747684798908 0.07922189142756669 0.0781950432203306 0.07720492209752841 0.07624965203715038
0.026820422154490556 0.02581139934453123 0.024864823189743958 0.02397568461204857 0.023139457504067804 0.022352045110038757 0.021609733063765298 0.020909148178637572 0.02024722221735842 0.019621159980929507 0.019028411151072303 0.018466645400413026 0.01793373035278467 0.017427712033836334 0.016946797501405254 0.0164893393871475 0.016053822116862255 0.015638849607722695 0.015243134267030804 0.014865487139804717 0.014504809072041151 0.01416008277333958
