2.178994024062664 3.145534993329056
2.1789940565322055 3.145534993329056
2.178994024062664 3.14553504020118
1.687286352668791 2.450558133015216
1.6872863778113167 2.450558133015216
1.687286352668791 2.450558169531378
1.6607289829319127 2.425067535653514
1.660729007678703 2.425067535653514
1.6607289829319127 2.4250675717898362
1.0707046939779916 3.3057509913962395
1.5131110621606843 2.645131166716936
1.513111084707796 2.645131166716936
1.5131110621606843 2.645131206132462
1.3211154711863224 2.956874379514436
1.321115490872477 2.956874379514436
1.3211154711863224 2.9568744235752975
1.142017638489962 3.2762019605380113
1.142017655507351 3.2762019605380113
1.142017638489962 3.276202009357225
0.9884697754633796 3.5691165850737225
0.9884697903645407 3.5691165850737225
0.9884697754633796 3.569116638257704
1.0142728786736361 3.5276998735666423
1.0142728937874799 3.5276998735666423
1.0142728786736361 3.527699926133467
1.0136305335702651 3.5291023801348644
1.0136305486745372 3.5291023801348644
1.0136305335702651 3.529102432722588
0.09302319937987213 1.0136305335702651 3.5291023801348644 0.0010481524335730678
0.10627178609018295 0.10412559389492336 0.10208718369974865 0.10014888225900365 0.09830371533352186 0.09654533102091911 0.09486793278923003 0.09326622083900851 0.09173534063255481 0.09027083760666015 0.08886861723358831 0.08752490971914154 0.08623623873080351 0.08499939363656484 0.08381140480892386 0.0826695216110283 0.08157119273487051 0.0805140486064333 0.07949588561099137 0.07851465192447185 0.0775684347647488 0.07665544890073055
0.028972506453392805 0.027945925196662152 0.026982219556263842 0.02607633522178227 0.02522371121883386 0.024420223985133972 0.023662138588262584 0.022946066080172453 0.02226892613677948 0.0216279142592331 0.021020472921021948 0.02044426613547257 0.01989715699435344 0.019377187792590535 0.01888256240849925 0.018411630655062794 0.017962874356979772 0.017534894941574872 0.017126402360139095 0.0167362051806079 0.01636320171333696 0.016006372049631644
