1.2369574273173551 3.591110887697934
1.2369574457494572 3.591110887697934
1.2369574273173551 3.591110941209656
1.1130554659437855 3.2246624774707735
1.1130554825296044 3.2246624774707735
1.1130554659437855 3.224662525521989
1.1913705019716183 3.0683868813723576
1.1913705197244222 3.0683868813723576
1.1913705019716183 3.068386927094885
2.0784097685139495 1.518354074204718
1.4141029209829985 2.681436894614914
1.4141029420547742 2.681436894614914
1.4141029209829985 2.6814369345714373
1.658075491377292 2.3075152348712606
1.6580755160845422 2.3075152348712606
1.658075491377292 2.307515269255917
1.9212675131232462 1.9468630722276352
1.7298906994927106 2.2220674303121055
1.7298907252700908 2.2220674303121055
1.7298906994927106 2.2220674634234903
1.8602468439876476 2.040843035500102
1.8602468717074856 2.040843035500102
1.8602468439876476 2.0408430659110333
1.9980176327529626 1.8651893550788121
1.9980176625257455 1.8651893550788121
1.9980176327529626 1.8651893828722994
2.1417744193668984 1.6944000346135177
2.0359601315630296 1.824261923700723
2.0359601619011998 1.824261923700723
2.0359601315630296 1.8242619508843438
2.1073610498383837 1.738467633155975
2.1073610812405104 1.738467633155975
2.1073610498383837 1.7384676590611614
2.12632518547672 1.7179973248221754
2.126325217161434 1.7179973248221754
2.12632518547672 1.7179973504223305
2.089773930899315 1.7601718863963975
2.117222687121832 1.7285714685060285
2.1172227186709085 1.7285714685060285
2.117222687121832 1.7285714942637507
2.1263590410254483 1.718026563181874
2.119515729880527 1.7259430270779164
2.1195157614637723 1.7259430270779164
2.119515729880527 1.7259430527964716
2.124081964748711 1.7206688923749098
2.1206579775309655 1.7246250901812394
2.120658009131232 1.7246250901812394
2.1206579775309655 1.724625115880156
0.18719573586205207 2.1206579775309655 1.7246250901812394 0.0005934253607239506
0.11009122936207094 0.10788129735453064 0.10578027378367624 0.1037805989478059 0.10187538037455712 0.10005832234763462 0.0983236639684552 0.09666612460321579 0.09508085573439062 0.0935633983776832 0.09210964534542282 0.09071580773892035 0.08937838513840772 0.0880941390323597 0.08686006909030672 0.08567339193641073 0.08453152212652694 0.08343205507040197 0.082372751674071 0.08135152450624002 0.08036642531718814 0.07941563376007822
0.02877900119135235 0.027746208246957525 0.02677543507554054 0.02586184706343191 0.02500106285107617 0.02418910539144865 0.023422358918205915 0.022697531042529123 0.02201161930880374 0.02136188163362058 0.020745810132771946 0.020161107909191914 0.019605668433021424 0.019077557194728034 0.018574995354783987 0.018096345149900772 0.01764009684715316 0.0172048570642743 0.01678933829761805 0.016392349519313974 0.01601278772244997 0.01564963030809896
