2.9036742260757142 4.619029254560022
2.9036742693438318 4.619029254560022
2.9036742260757142 4.619029323388922
1.6783518244242743 2.696211067171891
1.6783518494336653 2.696211067171891
1.6783518244242743 2.696211107348567
1.597517370741634 2.5579409533430777
1.5975173945464978 2.5579409533430777
1.597517370741634 2.5579409914593683
1.9555968348232682 2.0038901282580195
1.6865007878639207 2.418886647349084
1.6865008129947408 2.418886647349084
1.6865007878639207 2.4188866833933043
1.8135833101936902 2.2331025856504194
1.8135833372181875 2.2331025856504194
1.8135833101936902 2.233102618926241
2.0774862313494014 1.8683862733510084
1.8813217717848025 2.1432253244159623
1.8813217998186815 2.1432253244159623
1.8813217717848025 2.143225356352508
2.0152998480980537 1.9623508924739368
2.0152998781283618 1.9623508924739368
2.0152998480980537 1.9623509217152437
2.1569992806812004 1.7874596237708822
2.1569993128229945 1.7874596237708822
2.1569992806812004 1.7874596504061062
2.304947227317298 1.6178215085104486
2.19607370988013 1.7469652500973434
2.1960737426041783 1.7469652500973434
2.19607370988013 1.746965276129154
2.2695407715307594 1.6617067483619736
2.2145704041385605 1.7257632777688376
2.214570437138231 1.7257632777688376
2.2145704041385605 1.7257633034847144
2.1961981956635612 1.747073211716641
2.210016059489017 1.7311238890103342
2.2100160924208225 1.7311238890103342
2.210016059489017 1.7311239148060904
2.2146181027896215 1.7258041704530562
2.214618135790003 1.7258041704530562
2.2146181027896215 1.7258041961695423
2.2134703522667447 1.727136483007064
2.213470385250023 1.727136483007064
2.2134703522667447 1.727136508743403
0.19261454480202156 2.2134703522667447 1.727136483007064 0.0008427774212365824
0.10979426562095411 0.1075361931021339 0.10539060748912786 0.10334960399618384 0.10140598458570739 0.09955318234384472 0.09778519513600066 0.09609652727538201 0.09448213812603341 0.09293739672016106 0.0914580416029076 0.09004014523032357 0.08868008234151853 0.0873745018067172 0.08612030152153648 0.08491460597619074 0.08375474617814711 0.08263824164932747 0.08156278425542465 0.08052622365619504 0.07952655419250008 0.07856190304905222
0.02713288500929529 0.026133895402533643 0.025195898782219502 0.024314064746768154 0.023484022863906502 0.022701812231654787 0.021963837224406434 0.02126682859385652 0.020607809214610997 0.01998406386590001 0.01939311252692307 0.01883268673646306 0.018300708629592242 0.01779527231728318 0.017314627319968953 0.01685716380477491 0.016421399409274028 0.016005967463044498 0.015609606442740872 0.015231150517424078 0.014869521059035051 0.014523719008564216
