4.9296615427124655 3.755859779001576
4.929661616170147 3.755859779001576
4.9296615427124655 3.7558598349682484
2.2768117533430363 1.764304109470503
2.276811787270175 1.764304109470503
2.2768117533430363 1.764304135760683
2.1900937995835315 1.69831719762256
2.190093832218472 1.69831719762256
2.1900937995835315 1.6983172229294583
2.2916167379322214 1.582336730074791
2.2154339755869827 1.6692953941368998
2.2154340085995217 1.6692953941368998
2.2154339755869827 1.6692954190113396
2.210828666030493 1.674685418455304
2.2108286989744075 1.674685418455304
2.210828666030493 1.6746854434100613
2.2014287730105218 1.6853008300944923
2.208480352032887 1.6773407397041677
2.208480384941809 1.6773407397041677
2.208480352032887 1.6773407646984926
2.2061319212766537 1.6799959576894181
2.2061319541505813 1.6799959576894181
2.2061319212766537 1.6799959827233086
0.18869888178065997 2.2061319212766537 1.6799959576894181 0.0013898596028031676
0.10820520430698981 0.10600673453042245 0.10391718974454879 0.1019289626465971 0.10003512169678011 0.09822933927933286 0.09650582862105314 0.09485928827987215 0.09328485319128693 0.09177805140804093 0.09033476579290232 0.08895120002959161 0.08762384840602204 0.08634946889965461 0.08512505915909904 0.0839478350309219 0.08281521132744425 0.08172478457137451 0.08067431748747303 0.07966172504094918 0.07868506184768673 0.07774251080329063
0.028711812663681714 0.027668383217569505 0.02668813063663967 0.025766091019945776 0.02489776949305028 0.02407908916888385 0.02330634631956246 0.022576170931869567 0.021885491937820693 0.021231506512307298 0.020611652915186508 0.020023586427769132 0.019465157995483335 0.01893439524124175 0.01842948555912453 0.01794876103659056 0.017490684986531373 0.0170538398989184 0.01663691664626223 0.01623870479819041 0.015858083918654908 0.015494015735020836
