4.077311591428919 1.876771217659516
4.077311652185596 1.876771217659516
4.077311591428919 1.8767712456255863
2.6917357484916 1.2559335944771757
2.691735788601588 1.2559335944771757
2.6917357484916 1.2559336131920447
2.6720638022596206 1.2452931765473227
2.672063842076474 1.2452931765473227
2.6720638022596206 1.245293195103637
4.0215670620211625 0.0500037670182405
3.0094430736164615 0.9464754886853257
2.756412537867261 1.1705940420863667
2.7564125789410086 1.1705940420863667
2.756412537867261 1.1705940595295772
2.9234598287651674 1.0319320397397973
2.9234598723281136 1.0319320397397973
2.9234598287651674 1.031932055116783
3.0998089791813705 0.9053108509972604
3.099809025372124 0.9053108509972604
3.0998089791813705 0.9053108658984216
3.4625159043674425 0.6666238601778524
3.1925658835486925 0.8489269546707033
3.1925659311216315 0.8489269546707033
3.1925658835486925 0.8489269695718645
3.3761341825280176 0.733019112395356
3.3761342328363373 0.733019112395356
3.3761341825280176 0.7330191272965172
3.567896040744177 0.6312382791084585
3.567896093909971 0.6312382791084585
3.567896040744177 0.6312382940096197
3.6721373507605466 0.5850462594114154
3.672137405479657 0.5850462594114154
3.6721373507605466 0.5850462743125766
3.663504067530285 0.5904534167193866
3.6635041221207496 0.5904534167193866
3.663504067530285 0.5904534316205478
3.6637522767427564 0.5903577180654456
3.66375233133692 0.5903577180654456
3.6637522767427564 0.5903577329666068
0.46703151126939957 3.6637522767427564 0.5903577180654456 0.0013831041895917737
0.110748598631768 0.10847020040101912 0.10630459157103145 0.104243921865867 0.1022810332968713 0.10040938746707112 0.0986230015741861 0.09691639196379102 0.0952845242475006 0.09372276913983525 0.09222686328549892 0.09079287444937616 0.08941717052734517 0.08809639190928524 0.08682742678834646 0.08560738906425705 0.0844335985345302 0.08330356310703743 0.08221496280150889 0.08116563533691105 0.08015356312703471 0.07917686152857584
0.026714695997655233 0.02569589150981229 0.024739422499651997 0.02384040595704263 0.022994412662302344 0.022197419321147327 0.02144576625414379 0.020736119948734026 0.02006543987244523 0.019430949024264742 0.01883010776900411 0.018260590558199487 0.01772026519194453 0.01720717432009943 0.016719518919495146 0.016255643516859455 0.015814022955924305 0.015393250532129671 0.014992027340033125 0.014609152697409325 0.014243515526462087 0.013894086586901715
