5.618669389679657 4.464090655621634
5.618669473404355 4.464090655621634
5.618669389679657 4.464090722141768
2.330363848415395 1.8883048234203468
2.3303638831405222 1.8883048234203468
2.330363848415395 1.8883048515582814
2.20792503797602 1.7916917796078322
2.207925070876667 1.7916917796078322
2.20792503797602 1.7916918063061202
2.2379137970286243 1.75273425926064
2.2379138303761383 1.75273425926064
2.2379137970286243 1.7527342853784158
3.6916246799001233 0.05003839338759852
2.6014495714535593 1.3271525695367117
2.3289046026138323 1.6464302122133003
2.328904637317215 1.6464302122133003
2.3289046026138323 1.6464302367470223
2.51701237243668 1.439222646205137
2.376837270437462 1.595465237620629
2.3768373058550973 1.595465237620629
2.376837270437462 1.5954652613949138
2.471896841379335 1.4927834228137455
2.4718968782134683 1.4927834228137455
2.471896841379335 1.492783445057952
2.6682028624998773 1.2933255211137276
2.521937975232094 1.443887060958774
2.5219380128118982 1.443887060958774
2.521937975232094 1.4438870824743677
2.621142426546861 1.34520396230949
2.6211424656049265 1.34520396230949
2.621142426546861 1.3452039823545912
2.7242664405744046 1.2506242876931373
2.724266481169138 1.2506242876931373
2.7242664405744046 1.2506243063288913
2.830307287036461 1.159326883560825
2.751778473497198 1.2290180301635316
2.751778514501893 1.2290180301635316
2.751778473497198 1.2290180484773274
2.69920312077676 1.2751786363796935
2.7387060490196293 1.240639015417519
2.7387060898295297 1.240639015417519
2.7387060490196293 1.240639033904481
2.725603754784271 1.2522263130215863
2.7354449584106977 1.2435521343285891
2.7379054567218457 1.2413834029725503
2.737905497519816 1.2413834029725503
2.7379054567218457 1.2413834214706045
2.7358601705523498 1.243186833532446
2.737393997246381 1.2418342034658745
2.7373940380367303 1.2418342034658745
2.737393997246381 1.2418342219706462
0.23932879474422186 2.737393997246381 1.2418342034658745 0.0009127740965370271
0.10448792793116127 0.10231427612310011 0.10024952337567686 0.09828596640821927 0.0964165955657416 0.09463502005032447 0.09293540239823653 0.09131240093018621 0.08976111909299213 0.08827706077112113 0.0868560907812171 0.08549439987623814 0.08418847368167914 0.08293506506749931 0.08173116952820633 0.08057400320206508 0.07946098321025055 0.07838971003932108 0.07735795172679491 0.07636362964081929 0.075404805671725 0.07447967067632434
0.028480219702518503 0.02742042764042436 0.02642587399605932 0.025491348176788574 0.02461214020650256 0.023783985313853655 0.02300301538212323 0.02226571633017497 0.021568890629993433 0.02090962428116359 0.02028525765979958 0.01969335974176136 0.019131705269897173 0.018598254494503797 0.018091135166858313 0.017608626508922802 0.01714914491930774 0.016711231207263845 0.01629353917366285 0.015894825381302338 0.015513939976998525 0.015149818445293192
