1.8012141518738403 3.8611474773604195
1.8012141787140228 3.8611474773604195
1.8012141518738403 3.8611475348960003
1.3974132721805446 3.0119514926932776
1.397413293003625 3.0119514926932776
1.3974132721805446 3.0119515375748525
1.3718155722171663 2.9731696171568474
1.3718155926588114 2.9731696171568474
1.3718155722171663 2.973169661460527
1.1475217044879125 3.3566951741107336
1.3156076105208483 3.0688830533746843
1.3156076301249293 3.0688830533746843
1.3156076105208483 3.0688830991046054
1.2428032551635277 3.197130648503343
1.2428032736827395 3.197130648503343
1.2428032551635277 3.1971306961443022
1.1292768845366454 3.402812770874272
1.1292769013641824 3.402812770874272
1.1292768845366454 3.4028128215801337
1.1616554953361868 3.3465732519832976
1.1616555126462027 3.3465732519832976
1.1616554953361868 3.3465733018511252
1.156716188506548 3.3560176196770466
1.1567162057429623 3.3560176196770466
1.156716188506548 3.356017669685606
1.1577014946650626 3.3542000672835415
1.157701511916159 3.3542000672835415
1.1577014946650626 3.3542001172650173
0.10084835191067176 1.1577014946650626 3.3542000672835415 0.0013478523848601727
0.10703707094823765 0.10484109282969023 0.1027557951949809 0.10077327201191436 0.0988863392696758 0.09708845567265516 0.09537365337497765 0.09373647733379738 0.09217193207998545 0.09067543488849221 0.08924277448399155 0.08787007454576228 0.08655376138347719 0.08529053524621215 0.08407734480344138 0.0829113644014438 0.08178997375335233 0.0807107397676495 0.07967140025957749 0.07866984932378937 0.07770412417553636 0.07677239329252426
0.027739512336010616 0.026735065802148787 0.025792581672214942 0.02490705760487682 0.024073980590659644 0.023289271452305565 0.022549236427644365 0.021850524839936873 0.021190092012098767 0.02056516670798894 0.019973222490313584 0.019411952474140813 0.018879247030400764 0.01837317405741217 0.01789196149236509 0.017433981780398844 0.016997738057766856 0.016581851838672095 0.016185052023599947 0.015806165071127122 0.015444106195879851 0.015097871473079706
