6.419030865489162 1.4060695741697986
6.419030961140176 1.4060695741697986
6.419030865489162 1.406069595121868
4.465778084203031 0.9933051996458329
4.46577815074831 0.9933051996458329
4.465778084203031 0.993305214546994
2.211822060563601 2.665616847152168
3.9148191097064404 1.4277625722406935
4.341786506360839 1.117383405368984
4.3417865710585 1.117383405368984
4.341786506360839 1.1173834220192942
4.072253863815413 1.3419483283813953
4.277191367453274 1.1767112753571318
4.277191431188392 1.1767112753571318
4.277191367453274 1.1767112928914962
4.143767512128776 1.290585712091722
4.244342701886916 1.2057637658263523
4.244342765132551 1.2057637658263523
4.244342701886916 1.2057637837936326
4.178028211544011 1.2631633868911203
4.178028273801483 1.2631633868911203
4.178028211544011 1.2631634057137215
4.2438922929838565 1.2052474918026082
4.194900513545822 1.24915996112639
4.194900576054711 1.24915996112639
4.194900513545822 1.249159979740324
4.162149801194846 1.2783228291687854
4.186744795948912 1.2564864130286821
4.186744858336271 1.2564864130286821
4.186744795948912 1.2564864317517888
4.194930972091012 1.2491940096410696
4.188795797377151 1.2546683282317916
4.188795859795072 1.2546683282317916
4.188795797377151 1.2546683469278066
4.190843388336743 1.252846403302077
4.1893087547981285 1.254214040730894
4.189308817223694 1.254214040730894
4.1893087547981285 1.2542140594201394
0.2504412883776913 4.1893087547981285 1.254214040730894 0.0005859248663999928
0.08316184855820116 0.08089739688241727 0.07876310816679179 0.0767483065230502 0.07484343257362752 0.07303990380093495 0.07132999494559346 0.06970673524019287 0.06816381982902815 0.06669553318137551 0.06529668267778264 0.06396254085251908 0.06268879502415768 0.06147150325083839 0.06030705571553433 0.05919214078631747 0.05812371511259531 0.057098977214878464 0.056115344106330664 0.055170430551960525 0.0542620306281258 0.053388101292893
0.017250144935560485 0.016391598034002065 0.015597797223795116 0.014862482410519537 0.014180117511240656 0.013545794341513775 0.012955150748202162 0.01240430067629167 0.011889774262751618 0.011408466379678014 0.010957592317431203 0.01053464951810321 0.010137384449842544 0.009763763860836524 0.009411949774105532 0.0090802776855147 0.008767237511425574 0.008471456902315438 0.008191686597008955 0.007926787540942608 0.007675719532781734 0.007437531198089913
