2.2374718587391014 5.219125327568866
2.23747189208003 5.219125327568866
2.2374718587391014 5.219125405339894
2.008291303476773 4.7113669160151685
2.0082913334026453 4.7113669160151685
2.008291303476773 4.711366986220006
1.8976883856676243 4.9308825542381385
1.897688413945385 4.9308825542381385
1.8976883856676243 4.9308826277140145
1.6594252670610377 5.467773512922841
1.6594252917884011 5.467773512922841
1.6594252670610377 5.467773594399016
1.6802811457066809 5.434768187963327
1.680281170744821 5.434768187963327
1.6802811457066809 5.434768268947684
1.6798933032462406 5.43575137668897
1.6798933282786015 5.43575137668897
1.6798933032462406 5.435751457687977
0.06610005764943305 1.6798933032462406 5.43575137668897 0.0005920162366711443
0.08271686385882733 0.08050846770830838 0.07842886464451045 0.07646724657969176 0.07461397203078715 0.07286041427231835 0.071198832349521 0.069622261082096 0.06812441691088314 0.06669961701541051 0.06534270959149996 0.06404901354933894 0.06281426619255252 0.06163457768248403 0.06050639129056239 0.059426448604256714 0.058391758985758095 0.05739957269275726 0.05644735716194424 0.0555327760316676 0.054653670543389064 0.053808043014426855
0.0170711160191277 0.016283438784512827 0.015554681006240838 0.014879043773929082 0.014251424667404956 0.013667320204073985 0.01312274373345889 0.012614156074441118 0.012138406705702822 0.011692683729521982 0.01127447115631955 0.010881512319842883 0.010511778444250615 0.01016344155525328 0.009834851066141721 0.009524513482489855 0.009231074761652186 0.008953304938918974 0.008690084694536934 0.008440393587290929 0.008203299723001368 0.007977950661747692
