5.105000218933251 3.809871809305411
5.1050002950036815 3.809871809305411
5.105000218933251 3.809871866076925
3.3832753471379453 2.5451978747651722
3.383275397552677 2.5451978747651722
3.3832753471379453 2.545197912691576
3.3517863438039184 2.5265233579908077
3.351786393749427 2.5265233579908077
3.3517863438039184 2.5265233956389395
2.7042106102688663 3.5104601042806998
3.189854221625006 2.772488971092805
3.189854269157538 2.772488971092805
3.189854221625006 2.77248901240611
3.0987409350179287 2.927249112931964
3.098740981192767 2.927249112931964
3.0987409350179287 2.9272491565513747
2.9152631782524496 3.2360293628929804
2.915263221693256 3.2360293628929804
2.9152631782524496 3.2360294111135754
2.5664650164652674 3.8640239188475705
2.8312741264309857 3.3947686827622285
2.831274168620258 3.3947686827622285
2.8312741264309857 3.394768733348224
2.6594508532773586 3.7101828435040285
2.6594508929062646 3.7101828435040285
2.6594508532773586 3.710182898790061
2.5947581721488198 3.842704704240413
2.5947582108137297 3.842704704240413
2.5947581721488198 3.8427047615011753
2.5906547995555664 3.8520609282296867
2.590654838159331 3.8520609282296867
2.5906547995555664 3.8520609856298673
0.08704744324278446 2.5906547995555664 3.8520609282296867 0.0004051394386602273
0.07882092869650417 0.07663021532409003 0.07456798484882345 0.07262344923103911 0.07078697876430892 0.06904995291090518 0.06740463324953132 0.06584405486468377 0.0643619331761601 0.06295258374433733 0.0616108530198077 0.06033205835640777 0.05911193589147897 0.057946595129555176 0.056832479255961695 0.055766330363219166 0.05474515890217405 0.05376621677657881 0.05282697358855579 0.051925095616299585 0.051058427167167804 0.050224974001125994
0.016646623378960633 0.01581006600615872 0.015037883808767364 0.014323686089773245 0.013661845142238659 0.013047391191049263 0.012475923555008832 0.011943535276793949 0.011446748974115779 0.01098246207172987 0.01054789990147716 0.010140575422544035 0.009758254529289757 0.009398926089281084 0.009060775997462007 0.008742164649898314 0.008441607337216314 0.008157757137643858 0.007889389955611309 0.007635391406708173 0.007394745295453058 0.007166523470463147
