3.513178526981932 6.490811822737014
3.5131785793323713 6.490811822737014
3.513178526981932 6.490811919457648
2.3783786634623443 4.428994524283028
2.378378698902948 4.428994524283028
2.3783786634623443 4.4289945902801895
2.305327715722943 4.3817630689500815
2.3053277500750027 4.3817630689500815
2.305327715722943 4.381763134243439
1.7723050363804733 5.502717763943868
1.7723050627898764 5.502717763943868
1.7723050363804733 5.502717845940753
1.7850051721456666 5.551191425270322
1.7850051987443163 5.551191425270322
1.7850051721456666 5.551191507989521
1.7841232555342486 5.5538263644029495
1.7841232821197568 5.5538263644029495
1.7841232555342486 5.553826447161412
0.06098608185463461 1.7841232555342486 5.5538263644029495 0.0006229998465440695
0.07842089996451791 0.07628640024670864 0.07427770218722589 0.07238413357913905 0.07059618653471438 0.06890536433727905 0.06730405159087507 0.0657854036824815 0.06434325232296365 0.06297202453044065 0.06166667289726828 0.06042261536522062 0.05923568304267145 0.05810207484808044 0.057018317967885 0.05598123328338385 0.05498790505774542 0.054035654286694226 0.05312201520933495 0.05224471455262653 0.05140165314714876 0.05059088960535433
0.017164981771653313 0.016353882407387905 0.015604358520053109 0.01491026932873371 0.014266220766695328 0.013667459640221948 0.01310978474601839 0.012589471942585959 0.012103210750057184 0.011648050512156616 0.011221354519647246 0.01082076078709428 0.010444148409656117 0.010089608615997236 0.009755419786718213 0.00944002583226356 0.009142017425859805 0.008860115670190639 0.008593157844818648 0.008340084937657923 0.00809993071035453 0.00787181208605263
