6.660960716442421 4.140037774844457
6.660960815698471 4.140037774844457
6.660960716442421 4.140037836535827
3.609064292534505 2.272275129271982
3.6090643463137537 2.272275129271982
3.609064292534505 2.27227516313152
3.55345614218498 2.264293624769946
3.5534561951356025 2.264293624769946
3.55345614218498 2.26429365851055
1.421163334938885 5.26931130478458
3.0200032661714813 3.01538008768729
3.4197138032857017 2.4518971364175064
3.4197138542434082 2.4518971364175064
3.4197138032857017 2.451897172953621
3.260804040551682 2.693683082017675
3.2608040891414483 2.693683082017675
3.260804040551682 2.693683122156681
2.9549978941097907 3.184940270795774
2.9549979381426907 3.184940270795774
2.9549978941097907 3.1849403182550824
2.393103009395819 4.196710124786034
2.393103045055833 4.196710124786034
2.393103009395819 4.196710187321888
1.414401258681662 6.294270440675389
1.4144012797578833 6.294270440675389
1.414401258681662 6.294270534467327
1.303659497675781 6.862238122059741
1.3036595171018213 6.862238122059741
1.303659497675781 6.862238224315057
1.0136590942023165 7.66814949227274
1.013659109307014 7.66814949227274
1.0136590942023165 7.668149606537071
1.0406329598828459 7.619352630042407
1.0406329753894854 7.619352630042407
1.0406329598828459 7.619352743579609
1.0399949016200698 7.621359809070375
1.0399949171172014 7.621359809070375
1.0399949016200698 7.621359922637486
0.04616540391912172 1.0399949016200698 7.621359809070375 0.0004778500738027172
0.07799207619064401 0.07591841807577629 0.0739687706033048 0.07213237482612661 0.07039968117279798 0.06876218451979252 0.06721228540741182 0.0657431727210134 0.06434872408485423 0.06302342094210592 0.06176227586766689 0.060560770115077815 0.05941479976149497 0.058320629105397113 0.05727485020589541 0.05627434764206659 0.05531626772484097 0.05439799151982082 0.0535171111426019 0.05267140887313584 0.05185883870590127 0.05107751001091855
0.01718920893886154 0.016451230326406524 0.015768538462469655 0.015135537697911112 0.014547336895229242 0.013999644600931307 0.013488682007736008 0.013011110349761724 0.01256397006518441 0.012144629598932661 0.011750742138999416 0.011380208911047558 0.011031147917667173 0.010701867216458844 0.010390841996930404 0.010096694849096706 0.00981817872366555 0.009554162170197852 0.009303616509861197 0.00906560465664388 0.008839271347744941 0.008623834582338312
