6.5424032676155885 5.15690878674596
6.542403365104994 5.15690878674596
6.5424032676155885 5.15690886358989
3.241316415230592 2.5876232793373273
3.2413164635299703 2.5876232793373273
3.241316415230592 2.5876233178959187
3.172385348795763 2.5449241454515215
3.1723853960679884 2.5449241454515215
3.172385348795763 2.5449241833738463
2.1984809237806386 4.031769394860453
2.9286372039335604 2.9164952161538524
2.9286372475736555 2.9164952161538524
2.9286372039335604 2.9164952596130176
2.656321099644995 3.3877810891843696
2.656321139227264 3.3877810891843696
2.656321099644995 3.3877811396662416
2.1426777852017023 4.3475916353964115
2.5353579118942986 3.6315730412714906
2.5353579496740757 3.6315730412714906
2.5353579118942986 3.631573095386146
2.283795820990833 4.1142561145124255
2.283795855022043 4.1142561145124255
2.283795820990833 4.114256175819619
1.8147257046349416 5.088578051406371
2.17197933738577 4.360386567052089
2.171979369750784 4.360386567052089
2.17197933738577 4.360386632026912
1.9416249973383366 4.8495382620445895
1.9416250262708037 4.8495382620445895
1.9416249973383366 4.849538334308341
1.891235982261538 4.9776024026054335
1.8912360104431503 4.9776024026054335
1.891235982261538 4.97760247677749
1.891312668540204 4.978403631441411
1.891312696722959 4.978403631441411
1.891312668540204 4.978403705625406
0.06862364180124869 1.891312668540204 4.978403631441411 0.000729172371300112
0.08092550933277504 0.07875035490030356 0.07670182198772578 0.0747693219744363 0.07294340319021346 0.07121560392949118 0.06957832741492057 0.06802473502904559 0.06654865481268109 0.06514450277215689 0.06380721497424773 0.06253218875992397 0.061315231693539356 0.06015251709636126 0.05904054520311114 0.05797610913581402 0.05695626501737147 0.055978305653124366 0.05503973729644065 0.054138259087383934 0.05327174481447493 0.05243822670060545
0.017584732238382705 0.01675476678642394 0.015987160545231385 0.015275787977946279 0.014615254407054178 0.014000794670498404 0.013428187627417603 0.012893683777097773 0.012393943768035206 0.011925985983960686 0.011487141722400767 0.011075016745976135 0.010687458200473626 0.010322526067169428 0.009978468458068447 0.009653700178064493 0.009346784072575191 0.009056414756972792 0.008781404388306206 0.008520670192935396 0.008273223507816107 0.008038160129919451
