3.1980814925924568 2.1957722762504974
3.1980815402475846 2.1957722762504974
3.1980814925924568 2.1957723089700543
1.1069093369866723 5.4632086012661425
2.8238658309960867 3.090497909484945
2.8238658730749666 3.090497909484945
2.8238658309960867 3.0904979555369527
1.9146857240178146 4.803879598916156
2.6463644264186694 3.5417584566312055
2.6463644658525722 3.5417584566312055
2.6463644264186694 3.541758509407519
2.197602580516465 4.401516635314746
2.197602613263295 4.401516635314746
2.197602580516465 4.401516700902454
1.8054810017400416 5.288540867006686
1.805481028643805 5.288540867006686
1.8054810017400416 5.288540945812086
1.8194591636700757 5.3052038802568795
1.81945919078213 5.3052038802568795
1.8194591636700757 5.305203959310577
1.8196024060191034 5.305024862433705
1.819602433133292 5.305024862433705
1.8196024060191034 5.305024941484736
0.06513572629338327 1.8196024060191034 5.305024862433705 0.00099645508358827
0.08022477693450508 0.07805488419077669 0.07601214521003541 0.0740858440647761 0.07226642547482466 0.07054534332857994 0.06891493205708049 0.06736829698608716 0.06589922051520485 0.06450208155011558 0.06317178607620638 0.06190370713379704 0.0606936327557689 0.05953772067239137 0.05843245878701173 0.057374630589021786 0.05636128480421332 0.05538970869288735 0.05445740449732908 0.053562068616047766 0.052701573145335905 0.05187394948151524
0.017172319353924225 0.0163626856676442 0.015614196552218315 0.014920796835207 0.014277161415106732 0.013678592775815372 0.01312093474911411 0.012600499678736027 0.012114006681755628 0.01165852913430308 0.01123144985310332 0.010830422720649843 0.010453339724325795 0.010098302559657244 0.009763598093843268 0.009447677104586738 0.009149135806420728 0.008866699756430577 0.00859920979687353 0.008345609746370832 0.008104935596227212 0.00787630600573086
