6.1887855220995185 6.131815089592354
6.188785614319609 6.131815089592354
6.1887855220995185 6.131815180963519
3.072791518583769 3.079599271612867
3.0727915643719306 3.079599271612867
3.072791518583769 3.079599317502472
2.9900836831768127 3.0077165425147183
2.990083727732532 3.0077165425147183
2.9900836831768127 3.0077165873331873
2.5186958448325183 3.806737463791369
2.871949015764207 3.207303599252175
2.8719490585595824 3.207303599252175
2.871949015764207 3.207303647044723
2.740820693745216 3.4425639615279446
2.7408207345866273 3.4425639615279446
2.740820693745216 3.442564012826145
2.485581875752897 3.9169282154135576
2.4855819127909533 3.9169282154135576
2.485581875752897 3.916928273780336
2.28664148038912 4.329534572872485
2.2866415144627332 4.329534572872485
2.28664148038912 4.329534637387578
2.2833839487192944 4.348508756442847
2.2833839827443665 4.348508756442847
2.2833839487192944 4.348508821240677
2.282557840739465 4.350262263436642
2.2825578747522273 4.350262263436642
2.282557840739465 4.350262328260602
0.0776548007335296 2.282557840739465 4.350262263436642 0.0008458961897962655
0.07956232559233355 0.0773786611966694 0.07532270480054581 0.07338374923997915 0.07155223716651196 0.06981961272728943 0.06817819530025752 0.06662107160745515 0.06514200320335234 0.06373534687530777 0.06239598592796926 0.061119270674861795 0.059900966745651145 0.05873721005002043 0.05762446742926786 0.05655950218289765 0.05553934378618773 0.054561261221176924 0.05362273943187491 0.052721458488079034 0.05185527510365589 0.05102220620666612
0.01700644733046681 0.016171722222597752 0.015400641696943102 0.014686913441552556 0.014024996206558489 0.013409996096006332 0.01283757895570202 0.012303896106138242 0.011805521179480428 0.011339396228185366 0.010902785601478303 0.010493236351256024 0.01010854414399135 0.009746723830058075 0.00940598396457055 0.009084704690653143 0.008781418492022288 0.00849479340085486 0.008223618312304138 0.007966790111248278 0.007723302361956982 0.007492235348983665
