3.4859889994135145 1.7616298132004544
3.4859890513587986 1.7616298132004544
3.4859889994135145 1.7616298394507843
5.244569386214961 0.127620931649981
4.043638374589167 1.5398437688232474
4.043638434844074 1.5398437688232474
4.043638374589167 1.5398437917687076
4.887177104645591 0.6859761494864238
4.268017032947284 1.3406085147842532
4.2680170965456945 1.3406085147842532
4.268017032947284 1.3406085347608767
4.709983483184234 0.9346189435151937
4.382328119885543 1.2434329386468472
4.38232818518732 1.2434329386468472
4.382328119885543 1.2434329571754419
4.158990471948368 1.4438344451094025
4.327647776312232 1.2947904047580703
4.32764784079921 1.2947904047580703
4.327647776312232 1.2947904240519508
4.383439753072401 1.2446427764207957
4.383439818390744 1.2446427764207957
4.383439753072401 1.2446427949674184
4.369823154193738 1.2575388539695658
4.369823219309177 1.2575388539695658
4.369823154193738 1.257538872708355
4.3418635483796155 1.2825417091542057
4.362853037346141 1.2638116218133824
4.362853102357717 1.2638116218133824
4.362853037346141 1.263811640645643
4.355874834194397 1.2700753927275017
4.361112217564826 1.26538171116425
4.3611122825504625 1.26538171116425
4.361112217564826 1.2653817300199068
0.2399036137811591 4.361112217564826 1.26538171116425 0.0004299168896678807
0.07915000870672288 0.07694155242063008 0.0748618631742717 0.07290022336876222 0.07104705268651024 0.069293763785736 0.06763263901188026 0.06605672470805098 0.06455974031533443 0.06313599994546795 0.06178034450705179 0.06048808279094958 0.05925494018557681 0.05807701391004919 0.056950733831894064 0.055872828083551415 0.05484029281405751 0.053850365513799944 0.05290050143481863 0.051988352699837974 0.05111174975250103 0.05026868485112989
0.016854102670807877 0.01599231776512284 0.015196859397622114 0.014461190951389388 0.013779545886283561 0.013146823651080289 0.012558501299881663 0.012010558219012505 0.01149941183291327 0.011021862531886247 0.01057504636865809 0.010156394318546072 0.00976359710059921 0.009394574723190208 0.009047450054133913 0.008720525828071876 0.0084122645970503 0.00812127120751307 0.007846277451219626 0.007586128591210867 0.007339771508775936 0.0071062442549537155
