4.438783941685034 4.170946871021217
4.438784007828069 4.170946871021217
4.438783941685034 4.170946933173169
3.129161769027605 2.9529858303196406
3.129161815655749 2.9529858303196406
3.129161769027605 2.9529858743225583
3.1557275076403033 2.8453056316174963
3.1557275546643075 2.8453056316174963
3.1557275076403033 2.845305674015854
4.864633443409473 0.050106570074387236
3.583185363198855 2.1469014926968555
3.2628235713238185 2.6711017138933264
3.2628236199436786 2.6711017138933264
3.2628235713238185 2.6711017536958437
3.4249217034394626 2.4200476700049136
3.4249217544747728 2.4200476700049136
3.4249217034394626 2.420047706066434
3.763845130450527 1.9277604975379696
3.5122590414276917 2.298811645077682
3.51225909376443 2.298811645077682
3.5122590414276917 2.298811679332645
3.6849052911754874 2.0548911460700596
3.684905346084855 2.0548911460700596
3.6849052911754874 2.0548911766903237
3.8698830848162564 1.8201846202811527
3.869883142482008 1.8201846202811527
3.8698830848162564 1.820184647404017
4.065492782431051 1.5942625461335511
3.9222021276556687 1.7668534488790133
3.922202186101035 1.7668534488790133
3.9222021276556687 1.7668534752071814
4.019205609325628 1.6532035087517423
3.9466653126644897 1.7386235604464788
3.946665371474386 1.7386235604464788
3.9466653126644897 1.7386235863539887
3.995461508917459 1.6820512410844595
3.995461568454475 1.6820512410844595
3.995461508917459 1.6820512661489762
3.9834730717719014 1.6963732828463487
3.9834731311302756 1.6963732828463487
3.9834730717719014 1.6963733081242804
3.958872942919395 1.7244839157479614
3.977337427019922 1.7034135058423256
3.977337486286868 1.7034135058423256
3.977337427019922 1.7034135312251648
3.983485288397063 1.6963839484705538
3.9788775788222757 1.701658908396206
3.9788776381121718 1.701658908396206
3.9788775788222757 1.7016589337528996
0.18990074539210977 3.9788775788222757 1.701658908396206 0.0005525294953379782
0.07980088232175124 0.07756094079594616 0.07545203967149297 0.07346323541837574 0.0715847495304687 0.06980782023868135 0.06812457588645814 0.0665279264342784 0.06501147019091187 0.06356941337861931 0.06219650055229328 0.060887954228286856 0.05963942235277104 0.05844693246401425 0.05730685158758902 0.0562158510558052 0.055170875568718344 0.05416911591872822 0.05320798488797078 0.05228509590055415 0.051398244072741385 0.05054538935549705
0.016236065429045633 0.015399742242061849 0.014628119340860423 0.013914791167519197 0.01325410995026725 0.012641082882745854 0.012071284871988058 0.011540784275049914 0.011046079505543713 0.010584044764614007 0.010151883453933126 0.0097470880750763 0.009367405621234816 0.009010807632414776 0.00867546422102943 0.008359721486695131 0.008062081831542604 0.007781186764035039 0.0075158018430246595 0.007264803466905986 0.007027167257121969 0.006801957822478435
