3.949593505629427 2.4063971436874994
3.9495935644829565 2.4063971436874994
3.949593505629427 2.406397179545611
3.5835175139026467 2.1898321279069677
3.583517567301219 2.1898321279069677
3.5835175139026467 2.189832160538009
3.537275996266684 2.2477115010811333
3.537276048976204 2.2477115010811333
3.537275996266684 2.247711534574645
2.069905253023035 4.3102038508592155
3.1706262087218753 2.7634717726532365
3.445806473603861 2.376788500198944
3.445806524950379 2.376788500198944
3.445806473603861 2.3767885356158525
3.268206057484785 2.6386439437246167
3.2682061061848504 2.6386439437246167
3.268206057484785 2.6386439830434756
2.9316966135162574 3.1745563605977245
2.9316966572019414 3.1745563605977245
2.9316966135162574 3.1745564079023008
2.633023611523243 3.732440902702329
2.633023650758352 3.732440902702329
2.633023611523243 3.732440958320032
2.061543156166051 4.861676479054699
2.061543186885438 4.861676479054699
2.061543156166051 4.861676551499324
1.968414303151738 5.16406232172253
1.968414332483397 5.16406232172253
1.968414303151738 5.164062398673055
1.8572354482980793 5.426227255552457
1.857235475973044 5.426227255552457
1.8572354482980793 5.426227336409545
1.861973820660589 5.418650416235138
1.861973848406161 5.418650416235138
1.861973820660589 5.418650496979321
0.06226637797462775 1.861973820660589 5.418650416235138 0.0006184037833494786
0.0780922210756697 0.07595702716253154 0.0739477714784958 0.07205376753868 0.07026549435588741 0.06857444326767734 0.06697298803510017 0.06545427423885418 0.06401212474648857 0.0626409586193503 0.061335721303756745 0.06009182433306094 0.05890509307566705 0.05777172131398442 0.05668823164272021 0.055651440841137975 0.05465842951029022 0.05370651537854983 0.0527932297716125 0.051916296820166075 0.05107361504254144 0.05026324099321831
0.01706262672826555 0.016248880859087156 0.015497105949774378 0.014801114846810497 0.014155472492104903 0.013555389469236944 0.0129966325697073 0.012475449371713463 0.011988504401877249 0.011532824908988222 0.01110575464437227 0.010704914336066549 0.010328167779105805 0.009973592653933843 0.009639455338613403 0.009324189105438392 0.009026375194498894 0.00874472634023789 0.008478072395649313 0.008225347755341793 0.007985580325496918 0.007757881827595911
