2.569672805495898 2.79094686048474
2.5696728437870067 2.79094686048474
2.569672805495898 2.790946902073089
1.0329883260783936 6.259549391198246
1.0329883414711192 6.259549391198246
1.0329883260783936 6.2595494844728
1.0925470774575932 7.400857722766976
1.0925470937378132 7.400857722766976
1.0925470774575932 7.4008578330483505
1.1421586079460941 7.437475584314881
1.1421586249655837 7.437475584314881
1.1421586079460941 7.437475695141903
1.1414760011141567 7.441895013255095
1.1414760181234747 7.441895013255095
1.1414760011141567 7.4418951241479725
1.1414882866064127 7.441870430420921
1.1414883036159136 7.441870430420921
1.1414882866064127 7.441870541313432
0.045562388243116425 1.1414882866064127 7.441870430420921 0.0005343344406837761
0.07630913972369194 0.074264551883675 0.07234231533320677 0.07053181673320096 0.06882363458499646 0.06720937696094671 0.06568154490297184 0.06423341690699581 0.06285895081539551 0.06155270014956847 0.060309742475355296 0.059125617839156895 0.057996275667821354 0.056918028810318426 0.05588751362888831 0.054901655233332 0.053957637103395434 0.05305287446779082 0.0521849909097899 0.0513517977528393 0.05055127584870097 0.04978155944793622
0.01738746074299155 0.01662531531472193 0.015920580690816543 0.0152674394260156 0.01466080529275682 0.014096214846522919 0.013569737314849607 0.013077899368410247 0.012617622038037315 0.012186167591336254 0.011781094613270135 0.01140021987424197 0.011041585837559034 0.010703432871522157 0.010384175401801102 0.010082381376491114 0.00979675452643238 0.009526118992544602 0.009269405964388881 0.00902564203328464 0.008793939011725111 0.008573485010636235
