4.750572799628002 6.383282805817453
4.750572870417053 6.383282805817453
4.750572799628002 6.383282900935779
2.6651926941349635 3.6189857350865604
2.6651927338494295 3.6189857350865604
2.6651926941349635 3.6189857890136503
2.5672622850057905 3.531793441485656
2.5672623232609797 3.531793441485656
2.5672622850057905 3.5317934941134794
1.7319058881853984 5.094407981001146
2.3576227756295265 3.921865213941709
2.3576228107608435 3.921865213941709
2.3576227756295265 3.921865272382055
2.140898376478896 4.364931819211769
2.140898408380768 4.364931819211769
2.140898376478896 4.364931884254322
1.7244692902444332 5.259189468722735
1.724469315941028 5.259189468722735
1.7244692902444332 5.259189547090766
1.6665316546130755 5.446655117723027
1.6665316794463323 5.446655117723027
1.6665316546130755 5.446655198884512
1.6671900291477344 5.4470433804937
1.6671900539908018 5.4470433804937
1.6671900291477344 5.4470434616609715
0.06122973068414861 1.6671900291477344 5.4470433804937 0.00036441781280696205
0.07998248444890124 0.07785304557923664 0.07584764096253763 0.07395587409312919 0.07216846948201389 0.07047712687400064 0.06887439739506009 0.06735357792026735 0.0659086206443259 0.06453405538826987 0.0632249226179534 0.06197671550575113 0.060785329654587154 0.059647019337027714 0.05855835929266116 0.05751621128293832 0.05651769473081284 0.055560160878253065 0.05464116998223714 0.05375847114257641 0.052909984415553286 0.05209378491807937
0.018182360851554454 0.01734356035606837 0.016567438662079208 0.015847835689540627 0.015179329970276611 0.0145571353844658 0.01397701421865758 0.013435203692767631 0.012928353645791393 0.012453473501523106 0.01200788698043066 0.011589193300552632 0.011195233833205318 0.010824063359570722 0.010473925220588976 0.010143229771825572 0.009830535652494329 0.00953453345783267 0.00925403146990949 0.008987943156373178 0.008735276191756262 0.008495122793456027
