5.985899913334669 3.1656800010055397
5.985900002531529 3.1656800010055397
5.985899913334669 3.1656800481778475
3.7180438493600128 1.9874776332410309
3.7180439047631837 1.9874776332410309
3.7180438493600128 1.9874776628567554
3.708193371501396 1.9726666243081876
3.708193426757783 1.9726666243081876
3.708193371501396 1.972666653703211
4.907203211924166 0.4402686312073092
4.007919699910927 1.5895565253109163
3.7830988273036406 1.8768785040680718
3.783098883676206 1.8768785040680718
3.7830988273036406 1.8768785320357408
3.883819041868485 1.7544177963975172
3.8838190997418987 1.7544177963975172
3.883819041868485 1.7544178225403795
4.091226277693755 1.5145282703486167
3.936735779782566 1.6953829297099163
3.9367358384445006 1.6953829297099163
3.936735779782566 1.6953829549730906
4.041660043445139 1.576504481536885
4.0416601036705675 1.576504481536885
4.041660043445139 1.5765045050286324
4.259052992330444 1.34562561295945
4.097180713999764 1.519911621762394
4.097180775052514 1.519911621762394
4.097180713999764 1.519911644410842
4.207183423739878 1.405716217323365
4.207183486431797 1.405716217323365
4.207183423739878 1.405716238270169
4.322094332040875 1.2964611501703882
4.322094396445099 1.2964611501703882
4.322094332040875 1.2964611694891648
4.440734659971341 1.1912677134278191
4.353017362361176 1.2716601349717656
4.35301742722619 1.2716601349717656
4.353017362361176 1.2716601539209782
4.294251698293344 1.3248756718285617
4.338413467197864 1.285060033696275
4.338413531845262 1.285060033696275
4.338413467197864 1.2850600528451617
4.323776515539153 1.2984238163160546
4.334772671112639 1.2884210668486444
4.334772735705785 1.2884210668486444
4.334772671112639 1.2884210860476144
4.329964038594618 1.2928048605453537
4.32996410311611 1.2928048605453537
4.329964038594618 1.2928048798096474
4.330880231507428 1.291971141890404
4.330880296042572 1.291971141890404
4.330880231507428 1.2919711611422744
0.2450687556866964 4.330880231507428 1.291971141890404 0.00042292895219967267
0.08090314443604682 0.07864615557863966 0.07652074849714881 0.07451597265883857 0.07262203938108568 0.07083017442810437 0.06913249207271567 0.06752188713294704 0.06599194211471648 0.06453684709387669 0.06315133037798089 0.06183059831946107 0.06057028292256528 0.059366396108280255 0.058215289683988126 0.05711362021526604 0.056058318122003806 0.05504656042467186 0.054075746652964066 0.05314347750125832 0.052247535875893356 0.051385870030178235
0.01629151487790368 0.01545876055773748 0.01469008580013625 0.013979176470557715 0.013320462193693703 0.01270901583603254 0.012140468152096727 0.011610935090176112 0.011116955699639934 0.010655438943290858 0.010223618011805345 0.00981901097655915 0.009439386812720277 0.009082735984861182 0.00874724491922845 0.008431273795587224 0.008133337181534188 0.007852087106805426 0.0075862982371808245 0.007334854859355927 0.007096739431440482 0.0068710224900325936
