5.8379890549449724 6.913139837055552
5.837989141937788 6.913139837055552
5.8379890549449724 6.913139940069363
2.9758854948724367 3.556797731469335
2.975885539216586 3.556797731469335
2.9758854948724367 3.5567977844697514
2.9104321939138735 3.434440262459891
2.9104322372826927 3.434440262459891
2.9104321939138735 3.434440313637039
4.198777696036138 1.0823452685643886
3.2325229174820205 2.84642457451489
3.2325229656503653 2.84642457451489
3.2325229174820205 2.8464246169299217
3.482335413819067 2.467612584059322
3.4823354657099084 2.467612584059322
3.482335413819067 2.467612620829615
3.9948281412767828 1.7186329888371454
3.615801012681369 2.2841374201267315
3.6158010665610028 2.2841374201267315
3.615801012681369 2.2841374541630315
3.879580357859707 1.9149149065981774
3.6833202428990233 2.1929770997249447
3.683320297784772 2.1929770997249447
3.6833202428990233 2.19297713240285
3.8171868727297062 2.009794329581192
3.817186929610223 2.009794329581192
3.8171868727297062 2.009794359529461
3.95841296489732 1.8322235190552816
3.9584130238822697 1.8322235190552816
3.95841296489732 1.8322235463575396
4.105734361561162 1.6596761112370852
4.105734422741372 1.6596761112370852
4.105734361561162 1.6596761359681864
4.146424735697727 1.6201595821782013
4.14642479748427 1.6201595821782013
4.146424735697727 1.6201596063204604
4.070311456523276 1.7042774708717077
4.127532398005192 1.641311301507136
4.127532459510218 1.641311301507136
4.127532398005192 1.6413113259645802
4.132325470988369 1.6360867269065948
4.132325532564817 1.6360867269065948
4.132325470988369 1.636086751286187
4.141825519204493 1.6255592392003075
4.141825580922502 1.6255592392003075
4.141825519204493 1.6255592634230278
4.151362878600447 1.6150655416028397
4.144220590081768 1.6229456080887128
4.142434916756111 1.6249157338545652
4.142434978483201 1.6249157338545652
4.142434916756111 1.6249157580676965
0.20047895006635008 4.142434916756111 1.6249157338545652 0.00025621883045036896
0.07913675975490918 0.0768892453658128 0.0747741442747242 0.07278031815877137 0.07089782295511173 0.06911775577536942 0.06743212434215991 0.06583373524775295 0.06431609800060807 0.0628733423619069 0.061500146908118426 0.06019167710798594 0.058943531489519016 0.05775169470751642 0.056612496515025305 0.05552257580103978 0.054478848988088725 0.05347848219229184 0.052518866639093165 0.0515975969035195 0.050712451607133203 0.049861376257013465
0.015619141474705691 0.014804306112548576 0.014053134309832408 0.013359263806035226 0.012717091907434025 0.012121671495229101 0.01156862292034147 0.011054059128722144 0.010574521840151205 0.010126926990403552 0.009708517960106208 0.009316825368376372 0.008949632417054643 0.008604944941247653 0.00828096546128047 0.007976070645854804 0.007688791690863947 0.007417797196656298 0.0071618781915598504 0.006919935003593984 0.006690965727452974 0.0064740560716294
