1.5138950028617462 2.420863039576598
1.5138950254205397 2.420863039576598
1.5138950028617462 2.4208630756502685
0.9524316062666706 5.2203656365323035
0.9524316211678318 5.2203656365323035
0.9524316062666706 5.220365714321813
1.4699502882731519 5.8286008872665676
1.469950310177118 5.8286008872665676
1.4699502882731519 5.828600974119489
1.7605312412931386 5.427717264578404
1.7605312675270985 5.427717264578404
1.7605312412931386 5.427717345457694
1.789235658408036 5.376097781622933
1.7892356850697249 5.376097781622933
1.789235658408036 5.376097861733033
1.7891318205008409 5.376509746432825
1.7891318471609825 5.376509746432825
1.7891318205008409 5.376509826549063
0.06402194383428739 1.7891318205008409 5.376509746432825 0.0005827749581149892
0.08003366576037389 0.07787101936369104 0.07583514142610351 0.07391534238825764 0.07210209145286034 0.07038686518869075 0.06876201900434689 0.06722067760837543 0.06575664129903423 0.06436430550593134 0.06303859146936576 0.06177488631607176 0.06056899109132967 0.05941707555185403 0.05831563872304923 0.057261474387170164 0.05625164080275563 0.05528343406603015 0.05435436461626038 0.053462136462853325 0.05260462877514326 0.05177987952861208
0.01725005380164162 0.016439100124980625 0.015689358612220334 0.014994765375857944 0.014349988361505908 0.013750324465896002 0.013191612995063525 0.012670162594295794 0.012182689328987369 0.011726264030844579 0.011298267371400885 0.010896351403388268 0.01051840653472931 0.010162533081086594 0.009827016689852997 0.009510307048097685 0.009210999384727804 0.00892781835727088 0.00865960397962237 0.008405299301535612 0.008163939595711931 0.007934642845801542
