1.2659379472659962 3.8306139729873845
1.2659379661299417 3.8306139729873845
1.2659379472659962 3.8306140300679807
1.7766998705241286 4.928125539935856
1.7766998969990198 4.928125539935856
1.7766998705241286 4.928125613370649
2.5256903294375515 3.8718480454202284
2.52569036707327 3.8718480454202284
2.5256903294375515 3.8718481031152603
2.952652687648253 3.129852583094868
2.952652731646207 3.129852583094868
2.952652687648253 3.129852629733306
3.3975422787234475 2.399849813603839
3.0766785211888394 2.9557993811807997
3.076678567034922 2.9557993811807997
3.0766785211888394 2.9557994252256425
3.297256293146206 2.589666694240354
3.2972563422791534 2.589666694240354
3.297256293146206 2.5896667328293947
3.3616114123197165 2.50435755195972
3.3616114624116302 2.50435755195972
3.3616114123197165 2.5043575892775554
3.480184260851186 2.326544717571676
3.4801843127099725 2.326544717571676
3.480184260851186 2.326544752239894
3.726475550049303 1.9771906009606992
3.54318895228451 2.2402334206408234
3.54318900508214 2.2402334206408234
3.54318895228451 2.2402334540229027
3.6680027539287816 2.0667444025414605
3.668002808586282 2.0667444025414605
3.6680027539287816 2.0667444333383522
3.9281215931068396 1.7275602528048224
3.7346724750206004 1.9832316525566032
3.734672530671557 1.9832316525566032
3.7346724750206004 1.9832316821090576
3.8666416003211883 1.8151213481449628
3.8666416579386382 1.8151213481449628
3.8666416003211883 1.8151213751923787
4.0058922868785 1.6529912436754535
4.005892346570946 1.6529912436754535
4.0058922868785 1.6529912683069425
4.151072112610307 1.4961481925623779
4.151072174466101 1.4961481925623779
4.151072112610307 1.4961482148567233
4.302648875734302 1.3454783237669588
4.302648939848767 1.3454783237669588
4.302648875734302 1.3454783438161482
4.267021258325152 1.3852964183706784
4.267021321908723 1.3852964183706784
4.267021258325152 1.3852964390132037
4.344004264729449 1.3111826690022237
4.2864460455309095 1.3669557644280863
4.286446109403933 1.3669557644280863
4.2864460455309095 1.3669557847973144
4.305787935026257 1.3485277082153262
4.2913212574541735 1.362390824092475
4.291321321399844 1.362390824092475
4.2913212574541735 1.3623908443936803
4.286496629644626 1.3670091937251232
4.290118078068839 1.3635485190391181
4.2910234601412505 1.3626833311852768
4.291023524082482 1.3626833311852768
4.2910234601412505 1.3626833514908407
0.23413633325954353 4.2910234601412505 1.3626833311852768 0.0004817303389151456
0.0804720194379768 0.07821673689030897 0.07609328969545906 0.07409067614872843 0.07219906496726293 0.07040964640715587 0.06871450511792826 0.06710651119058754 0.06557922648814894 0.06412682385826089 0.06274401724149004 0.06142600102551447 0.06016839727035395 0.05896720965498911 0.0578187831809 0.05671976882082948 0.05566709242753554 0.054657927322313594 0.05368967007055448 0.05275991902470703 0.05186645527628624 0.05100722571006825
0.01611307531558594 0.015285230188415669 0.014521332631288953 0.013815058839443494 0.013160832476553086 0.012553723318431785 0.011989361236829806 0.011463862981893693 0.010973769676194884 0.010515993300873976 0.010087770752905697 0.009686624295550445 0.009310327422621126 0.008956875319901355 0.008624459240776308 0.008311444223366642 0.00801634966757813 0.007737832366019748 0.007474671645538337 0.007225756328459973 0.006990073266372642 0.006766697235938481
