4.40150103327619 3.5844648729411137
4.401501098863667 3.5844648729411137
4.40150103327619 3.5844649263538026
3.236769767224182 2.6556446221363545
3.23676981545581 2.6556446221363545
3.236769767224182 2.655644661708543
3.1797226161141356 2.6811865344391155
3.1797226634956948 2.6811865344391155
3.1797226161141356 2.681186574391908
1.4886281290564682 5.35275656383672
2.7566323303167026 3.3490159759848264
2.7566323713937253 3.3490159759848264
2.7566323303167026 3.3490160258890533
2.4361163098554606 3.9811247936001544
2.4361163461564224 3.9811247936001544
2.4361163098554606 3.9811248529235366
1.8157194640685517 5.255595687914768
1.8157194911248802 5.255595687914768
1.8157194640685517 5.255595766229247
1.5322661966787186 6.030544625055764
1.5322662195112642 6.030544625055764
1.5322661966787186 6.030544714917882
1.5654937437458507 5.979084923014605
1.5654937670735254 5.979084923014605
1.5654937437458507 5.979085012109913
1.56506625161747 5.9803949426780365
1.5650662749387745 5.9803949426780365
1.56506625161747 5.980395031792866
0.05689322541576691 1.56506625161747 5.9803949426780365 0.0004262122770133768
0.07889998922595964 0.07677788562012391 0.07478075346262651 0.07289798186333317 0.07112012063962703 0.06943872699186301 0.06784623563376971 0.06633584833902031 0.06490143963238404 0.06353747596269209 0.06223894618041918 0.06100130153182194 0.05982040369489928 0.05869247963586023 0.05761408227064834 0.05658205608401157 0.05559350699616606 0.054645775880221584 0.05373641522691276 0.0528631685305429 0.052023952034369464 0.05121683852732694
0.017483893779087295 0.016679625530068506 0.01593594125374978 0.015246807831909235 0.014606928042278462 0.014011635586251465 0.013456807080682621 0.012938787977950133 0.012454329969984482 0.012000537899598575 0.011574824573817354 0.011174872170103347 0.010798599163632083 0.01044413189460714 0.010109780048722278 0.009794015448833012 0.009495453657598671 0.009212837973934952 0.008945025474231833 0.008690974805334163 0.008449735482550166 0.008220438484278676
