4.605185777110572 1.4551111584901797
4.605185845733188 1.4551111584901797
4.605185777110572 1.4551111801730257
4.250938962882229 1.3466707497267494
4.250939026226155 1.3466707497267494
4.250938962882229 1.3466707697937073
5.341945657403327 0.3142005103454406
4.5236784799143575 1.0885492716164273
4.319111686729162 1.282136462901938
4.319111751088942 1.282136462901938
4.319111686729162 1.2821364820072603
4.307634685002535 1.2938560203039804
4.307634749191294 1.2938560203039804
4.307634685002535 1.2938560395839376
4.3318599720033975 1.2717333204900576
4.3137068240127565 1.2883427158117775
4.313706888291997 1.2883427158117775
4.3137068240127565 1.28834273500958
4.312197997131587 1.2897311155575681
4.312198061388345 1.2897311155575681
4.312197997131587 1.2897311347760594
4.308222959355803 1.29335776833358
4.311203905073961 1.2906376941906657
4.311203969315905 1.2906376941906657
4.311203905073961 1.2906377134226659
0.24588704002469675 4.311203905073961 1.2906376941906657 0.0004309715748103352
0.08128508206353317 0.07902358863518695 0.07689372833945214 0.07488456439560721 0.07298631852572486 0.07119022421231022 0.06948840129038579 0.06787374841068132 0.06633985052625156 0.06488089905237855 0.06349162275321497 0.06216722773723765 0.060903345212109876 0.059695985869761464 0.05854149995370359 0.05743654221021453 0.05637804104897396 0.0553631713417254 0.05438933037341273 0.053454116532037604 0.052555310383701356 0.05169085782994371
0.016353541273273334 0.015520125871277136 0.014750694735947947 0.014038956625148735 0.013379359825542501 0.012766992409012998 0.01219749750603746 0.011667001120962767 0.011172050454339897 0.010709561054108552 0.010276771407281919 0.009871203820103442 0.00949063062791437 0.009133044934504581 0.00879663521114658 0.008479763193128745 0.008180944600650893 0.007898832284832704 0.007632201461062052 0.00737993674319704 0.007141020735034047 0.006914523971427949
