2.4147928288751968 3.574641991994867
2.414792864858414 3.574641991994867
2.4147928288751968 3.5746420452611836
3.636473248713849 1.5608111415230952
2.8012107478722963 3.13030844522396
2.8012107896135894 3.13030844522396
2.8012107478722963 3.1303084918691906
3.399293831321801 2.1157636897184258
2.957990110295268 2.8810936608606275
2.9579901543727556 2.8810936608606275
2.957990110295268 2.8810937037922684
3.266028210779128 2.379233483561852
3.266028259446741 2.379233483561852
3.266028210779128 2.3792335190151936
3.361528300443751 2.267199215675625
3.3615283505344262 2.267199215675625
3.361528300443751 2.267199249459526
3.532709676218459 2.027648148437564
3.5327097288599356 2.027648148437564
3.532709676218459 2.027648178651876
3.716112883964106 1.7973200333156305
3.7161129393385033 1.7973200333156305
3.716112883964106 1.797320060097786
3.909948025877028 1.575699377720054
3.909948084139794 1.575699377720054
3.909948025877028 1.5756994011998045
3.964971744270867 1.5268079010517839
3.96497180335355 1.5268079010517839
3.964971744270867 1.5268079238029946
4.066845255461783 1.4205359290912138
3.990664635582362 1.500456964536589
3.990664695047899 1.500456964536589
3.990664635582362 1.50045698689514
4.041918253193494 1.4476265494477372
4.041918313422769 1.4476265494477372
4.041918253193494 1.4476265710190537
4.094227191166664 1.3958408266584634
4.055278170893642 1.4349720352793347
4.055278231321996 1.4349720352793347
4.055278170893642 1.4349720566620843
4.081358709104065 1.4090047087741515
4.061815990613045 1.4284980144448884
4.06181605113882 1.4284980144448884
4.061815990613045 1.4284980357311676
4.068349296914585 1.4220194388901453
4.063454566557153 1.4268836814856118
4.0622308399782945 1.4280997838196186
4.062230900510251 1.4280997838196186
4.0622308399782945 1.4280998050999636
0.2267507229943081 4.0622308399782945 1.4280997838196186 0.0004055761061461153
0.08299153730250239 0.08071389650779054 0.07856776109417754 0.0765422957941715 0.0746278035956734 0.07281558274835835 0.07109780438783489 0.0694674074586576 0.06791800820220754 0.06644382194914222 0.06503959534113533 0.06370054742070351 0.06242231828503684 0.06120092421096411 0.060032718332281514 0.05891435609464506 0.05784276483267508 0.056815116913328904 0.05582880597258597 0.054881425841974946 0.053970751819821416 0.05309472399123306
0.016742252251188718 0.015901681212974837 0.015124912086227855 0.014405738932154747 0.01373867767999499 0.013118869768918354 0.012542000148660819 0.012004227296554697 0.011502123320928273 0.01103262255570716 0.010592977323842175 0.01018071977009901 0.009793628846440298 0.009429701683407479 0.009087128704712202 0.008764271944596579 0.00845964611237048 0.008171902019066656 0.007899812039942701 0.007642257335686513 0.007398216596341858 0.00716675610654148
