5.64373629133578 3.6332706385123137
5.643736375434004 3.6332706385123137
5.64373629133578 3.6332706926522653
3.4067054513586656 2.217112641726124
3.4067055021225325 2.217112641726124
3.4067054513586656 2.2171126747636767
3.3675777654028103 2.200101370894924
3.3675778155836293 2.200101370894924
3.3675777654028103 2.2001014036789894
2.4416931215855486 3.480493868757405
3.1359642400761922 2.520133739491138
3.135964286805701 2.520133739491138
3.1359642400761922 2.520133777044057
2.8659446383303258 2.9459855726962916
2.8659446810362286 2.9459855726962916
2.8659446383303258 2.9459856165948977
2.359526646111539 3.818099265881898
2.359526681271226 3.818099265881898
2.359526646111539 3.8180993227760105
2.2770471738721088 4.056347516561523
2.277047207802756 4.056347516561523
2.2770471738721088 4.056347577005811
2.055397068918662 4.509262078201257
2.055397099546465 4.509262078201257
2.055397068918662 4.509262145394498
1.6348083410125591 5.425857189819833
1.6348083653731018 5.425857189819833
1.6348083410125591 5.425857270671406
1.622742957956 5.507051236190571
1.6227429821367543 5.507051236190571
1.622742957956 5.507051318252029
1.6220488382114167 5.509233275627553
1.6220488623818279 5.509233275627553
1.6220488382114167 5.509233357721526
0.06282077749323667 1.6220488382114167 5.509233275627553 0.0003326138797729888
0.08162527104466506 0.07945843560941669 0.07741773453621408 0.0754925992676201 0.07367360071691097 0.07195230105915884 0.07032112782607813 0.06877326652975746 0.06730256874466262 0.06590347313886685 0.06457093739538201 0.06330037932658354 0.06208762577746631 0.060928868151157486 0.05982062358389003 0.05875970095526835 0.057743171050008715 0.056768340294858326 0.05583272758341455 0.05493404377551702 0.05407017351953693 0.053239159097451236
0.017806361531390362 0.016990703794451396 0.016235854205587506 0.01553584168001377 0.014885411192039889 0.014279923581042792 0.013715271213665886 0.01318780672692085 0.012694282605304431 0.012231799765397197 0.011797763657196654 0.01138984666076823 0.011005955773690736 0.01064420476011957 0.010302890074588221 0.009980469989573953 0.009675546450602724 0.009386849260394953 0.009113222257534987 0.00885361120798862 0.008607053171576468 0.008372667141903465
