2.89848591910601 1.267629158057471
2.898485962296816 1.267629158057471
2.89848591910601 1.2676291769466175
5.302147168343563 0.08045722470700967
3.346534373473415 1.766064580218969
3.346534423340663 1.766064580218969
3.346534373473415 1.766064606535382
4.430666625752853 0.977776301939481
4.43066669177493 0.977776301939481
4.430666625752853 0.9777763168406421
2.321751466433085 2.632902113233771
3.9613552709077022 1.4562448377281372
3.9613553299364956 1.4562448377281372
3.9613552709077022 1.4562448594278763
4.487059471223276 1.0405281297443292
4.487059538085672 1.0405281297443292
4.487059471223276 1.0405281452494066
3.9766065906403165 1.4748357905458516
4.3797890501313175 1.1692415215462302
4.37978911539526 1.1692415215462302
4.3797890501313175 1.1692415389692865
4.126949412113405 1.3891697810504473
4.31960096524988 1.2275159975705054
4.31960102961695 1.2275159975705054
4.31960096524988 1.2275160158619192
4.194129500571326 1.3385609975561603
4.2887105534763315 1.2558075597377019
4.2887106173830984 1.2558075597377019
4.2887105534763315 1.2558075784506928
4.320099871430237 1.2280705673306596
4.320099935804742 1.2280705673306596
4.320099871430237 1.228070585630337
4.312359225595911 1.235123706979426
4.31235928985507 1.235123706979426
4.312359225595911 1.2351237253842036
4.296639773398032 1.2489640946166467
4.308434510752969 1.2385896422948879
4.308434574953646 1.2385896422948879
4.308434510752969 1.2385896607513118
4.304507969412948 1.2420535082441528
4.307453570337577 1.2394563958870557
4.307453634523637 1.2394563958870557
4.307453570337577 1.2394564143563953
0.2563195473897252 4.307453570337577 1.2394563958870557 0.0008051540205340475
0.08237984371783653 0.0801060433016759 0.07796397849581257 0.07594275611592645 0.07403263143892709 0.0722248634062972 0.07051159078170753 0.06888572587713035 0.06734086306071255 0.06587119974431317 0.06447146794218327 0.06313687481304628 0.0618630508602302 0.06064600467988393 0.059482083324708626 0.05836793749723434 0.05730049090821676 0.0562769132368181 0.05529459621357386 0.05435113241772218 0.0534442964397031 0.052572028109487745
0.016536709343138833 0.01570129859323155 0.014929601597512398 0.014215392582198375 0.013553173222565345 0.012938075101868686 0.012365776771277778 0.011832433017998198 0.0113346143719342 0.01086925522453974 0.010433609212876413 0.010025210749948249 0.009641841769108647 0.009281502903678867 0.008942388449215992 0.008622864560190001 0.008321450219240408 0.008036800588955633 0.007767692415893295 0.0075130112064742405 0.007271739936171992 0.007042949088493832
