6.91294225811353 4.259068867133913
6.912942361124396 4.259068867133913
6.91294225811353 4.259068930598985
3.459152880633365 2.161029058494487
3.4591529321787595 2.161029058494487
3.459152880633365 2.1610290906963296
3.410156049671199 2.1430012332753066
3.4101561004864838 2.1430012332753066
3.410156049671199 2.1430012652085133
2.422946419276479 3.481351198108249
3.163082056480036 2.477465680495283
3.1630821036136316 2.477465680495283
3.163082056480036 2.4774657174123984
2.87496365857029 2.927336441144786
2.874963701410587 2.927336441144786
2.87496365857029 2.9273364847654983
2.3370070298953327 3.8504758215584043
2.337007064719451 3.8504758215584043
2.3370070298953327 3.850475878934965
1.8867555574261798 4.819422291465346
1.8867555855410285 4.819422291465346
1.8867555574261798 4.819422363280335
1.1937693928779456 6.428680175599803
1.7327848233326895 5.229500711601938
1.7327848491531954 5.229500711601938
1.7327848233326895 5.229500789527571
1.3905655441149385 6.035956634394826
1.3905655648359798 6.035956634394826
1.3905655441149385 6.035956724337589
1.3476537256944678 6.180044065674885
1.3476537457760733 6.180044065674885
1.3476537256944678 6.180044157764717
1.349184217498928 6.177219087557085
1.3491842376033394 6.177219087557085
1.349184217498928 6.177219179604823
0.05742705424663308 1.349184217498928 6.177219087557085 0.0008689403114146515
0.08214852517788014 0.07998798432134997 0.07795372446323197 0.07603509352264082 0.0742225986439957 0.0725077536617313 0.07088294983077788 0.06934134582572454 0.06787677376947478 0.06648365865387472 0.06515694899484908 0.06389205694944568 0.06268480643219525 0.06153138801901881 0.060428319630755435 0.05937241215472883 0.058360739299081 0.05739061108673261 0.05645955048842523 0.05556527277104662 0.05470566720127104 0.05387878079782499
0.01770706838666817 0.01692273969299819 0.016196592873025516 0.015522888110508734 0.014896581923454472 0.014313228119002916 0.013768894732568265 0.01326009409253925 0.012783723708669549 0.012337016122530037 0.011917496208025064 0.011522944688857477 0.011151366863226259 0.010800965705737912 0.010470118661641803 0.010157357566172196 0.009861351217555625 0.009580890210487084 0.0093148737010332 0.009062297826708119 0.008822245549051545 0.008593877722143137
