5.993513100729704 6.2238736702980475
5.993513190040009 6.2238736702980475
5.993513100729704 6.223873763040992
2.930836220632267 3.0792985504119414
2.93083626430513 3.0792985504119414
2.930836220632267 3.0792985962970656
2.8296758543698104 2.995892923343714
2.8296758965352664 2.995892923343714
2.8296758543698104 2.995892967985997
2.052158550135035 4.306587683870398
2.634585651869281 3.323126496552285
2.6345856911276666 3.323126496552285
2.634585651869281 3.3231265460707284
2.422035895198338 3.7155830990161354
2.4220359312894852 3.7155830990161354
2.422035895198338 3.715583154382638
2.0146886835630244 4.5098542017803736
2.014688713584225 4.5098542017803736
2.0146886835630244 4.509854268982438
1.7654146915331506 5.090940716306145
1.7654147178398794 5.090940716306145
1.7654146915331506 5.090940792167073
1.7953483285654337 5.043233786467377
1.7953483553182086 5.043233786467377
1.7953483285654337 5.043233861617417
1.7955188763109509 5.043027965739511
1.795518903066267 5.043027965739511
1.7955188763109509 5.043028040886483
0.07102812097786404 1.7955188763109509 5.043027965739511 0.000408149437805205
0.08359851739494474 0.08137320533737527 0.07927691003608785 0.07729888376380047 0.0754295289434459 0.07366024989106651 0.07198332664049599 0.0703918071551373 0.06887941491292285 0.06744046939520451 0.06606981744806924 0.06476277383793619 0.06351506960976097 0.06232280708936104 0.06118242056196591 0.060090641815464335 0.05904446986560164 0.05804114428682177 0.057078121660741624 0.05615305472773004 0.05526377388843003 0.05440827075347136
0.017250614993017003 0.016448713637659432 0.015706619794870275 0.015018489367752083 0.014379172881995986 0.013784119438904518 0.013229295656616551 0.012711117016604651 0.012226389516223447 0.011772259914561177 0.011346173168864817 0.010945835908466957 0.010569184994957716 0.010214360381091634 0.009879681614259953 0.009563627439323125 0.009264818044949502 0.008981999571120516 0.008714030556145268 0.008459870051777698 0.008218567176770287 0.007989251913975544
