1.964327399392047 1.0018722110260219
1.964327428662806 1.0018722110260219
1.964327399392047 1.0018722259550812
0.9687329977873176 2.9693888810244777
0.9687330126884788 2.9693888810244777
0.9687329977873176 2.96938892527182
1.1174441861939712 5.169437753588715
1.1174442028451872 5.169437753588715
1.1174441861939712 5.169437830619341
1.7437088326681618 5.334903785672211
1.7437088586514482 5.334903785672211
1.7437088326681618 5.334903865168472
2.0204492441262287 4.91824723247601
2.0204492742332687 4.91824723247601
2.0204492441262287 4.918247305763605
2.042086198429695 4.883623719067152
2.0420862288591506 4.883623719067152
2.042086198429695 4.883623791838816
2.0416185706032115 4.8847417045280315
2.0416186010256987 4.8847417045280315
2.0416185706032115 4.884741777316355
0.07133188703675586 2.0416185706032115 4.8847417045280315 0.0005124259787670848
0.08031401480698358 0.07811910590542054 0.07605292175765793 0.07410462130661336 0.07226453497445069 0.07052401235612323 0.06887529277280798 0.06731139483332745 0.06582602186606601 0.06441348065457637 0.0630686113680478 0.06178672694696676 0.06056356050314834 0.05939521953626105 0.05827814596725947 0.05720908115162404 0.05618503516895805 0.05520325979582341 0.05426122466011199 0.05335659615124364 0.052487218723875226 0.05165109828585427
0.01672232786329486 0.01591576115823847 0.01517053001521552 0.014480551691205051 0.013840474914992762 0.013245577784702737 0.012691681725791572 0.012175078722316003 0.011692469559622947 0.011240911235694102 0.010817772034050252 0.010420693021046356 0.010047554948281223 0.009696449717396829 0.009365655708119367 0.009053616387573205 0.008758921714865706 0.008480291933802005 0.008216563411607487 0.00796667623531371 0.007729663322084051 0.007504640836890241
