4.360476231373406 6.953553213157742
4.360476296349566 6.953553213157742
4.360476231373406 6.9535533167737595
2.563693329507864 4.133181804475173
2.563693367709871 4.133181804475173
2.563693329507864 4.1331818660643815
2.450106944860116 4.062435121584307
2.4501069813695544 4.062435121584307
2.450106944860116 4.062435182119308
1.3442786867916852 6.2876191218330035
2.1713713817509555 4.61826687076548
2.1713714141069103 4.61826687076548
2.1713713817509555 4.61826693958302
1.6895408798183111 5.6815053755078715
1.689540904994432 5.6815053755078715
1.6895408798183111 5.681505460168899
1.30285768056922 6.689433192308624
1.3028576999833124 6.689433192308624
1.30285768056922 6.689433291988947
1.3564207330675875 6.5979877255102535
1.3564207532798316 6.5979877255102535
1.3564207330675875 6.597987823827932
1.354737579293268 6.603033947461774
1.3547375994804312 6.603033947461774
1.354737579293268 6.603034045854647
0.05290363083181371 1.354737579293268 6.603033947461774 0.0005903126438474691
0.07907286619877324 0.07695404316799294 0.07496072750655416 0.07308217531354634 0.07130883018355023 0.06963216441677897 0.06804454485581803 0.06653911904459005 0.06510971823594275 0.06375077443063655 0.06245724915185344 0.06122457207553889 0.06004858797077219 0.058925510673481174 0.0578518830347312 0.05682454196204478 0.055840587816959955 0.054897357550746095 0.05399240105793915 0.053123460308142044 0.05228845088355272 0.051485445605473724
0.017189003002964533 0.016417908453448465 0.015704784915710434 0.01504382301225663 0.01442993073393693 0.013858629410209251 0.013325966817628125 0.01282844429463275 0.012362955354518286 0.011926733778655085 0.011517309559042756 0.011132471366283514 0.010770234463683245 0.010428813183972685 0.010106597242507929 0.009802131287826274 0.009514097193368617 0.009241298677928476 0.008982647910787215 0.008737153813566325 0.008503911816959047 0.008282094868590302
