4.07092974820154 6.702782177955612
4.070929808863121 6.702782177955612
4.07092974820154 6.702782277834849
2.5354675492996686 4.210942772295786
2.535467587081079 4.210942772295786
2.5354675492996686 4.210942835043722
2.4524449640658434 4.133498657229954
2.4524450006101213 4.133498657229954
2.4524449640658434 4.133498718823884
1.8929796040147229 5.275871649063905
2.311905117291523 4.418540838744754
2.311905151741594 4.418540838744754
2.311905117291523 4.418540904586143
2.171337273470157 4.721927513555383
2.171337305825604 4.721927513555383
2.171337273470157 4.721927583917586
1.8970880452116572 5.331844338603333
1.897088073480472 5.331844338603333
1.8970880452116572 5.331844418054005
1.901714815234903 5.342822380759745
1.901714843572662 5.342822380759745
1.901714815234903 5.342822460374002
1.9015908000765231 5.343165023887096
1.901590828412434 5.343165023887096
1.9015908000765231 5.343165103506459
0.060868744896253046 1.9015908000765231 5.343165023887096 0.0005680146831892538
0.076643570746838 0.07454522174615419 0.07257061813486246 0.07070926396391611 0.06895180719935197 0.06728988952816849 0.06571601895698066 0.06422346131614215 0.06280614751246501 0.06145859395510335 0.060175834044231685 0.05895335898585058 0.0577870664976999 0.05667321621580295 0.05560839081024746 0.0545894619815468 0.05361356064247217 0.05267805070026114 0.05178050594506815 0.05091868962600008 0.05009053635892235 0.049294136062722906
0.017434626014056834 0.016599096382549635 0.015827275876871175 0.01511280397850648 0.014450092604514636 0.01383421695037971 0.013260823749391892 0.012726053878141016 0.012226476826253364 0.011759035015888555 0.011320996329267032 0.01090991350102031 0.010523589272199443 0.010160046396562067 0.009817501746801512 0.00949434389612739 0.009189113654900119 0.008900487127470887 0.008627260924630455 0.008368339225021863 0.008122722426834192 0.007889497170914896
