4.694577728814597 4.445357773811752
4.694577798769257 4.445357773811752
4.694577728814597 4.445357840052745
3.0611470669014436 2.9179564568117176
3.0611471125160894 2.9179564568117176
3.0611470669014436 2.9179565002926573
3.0411309909145503 2.852225156610747
3.0411310362309334 2.852225156610747
3.0411309909145503 2.8522251991122136
4.751322444520565 0.05003298719989324
3.4687447308170145 2.151789794754856
3.1481004183700323 2.677229284084606
3.148100465280384 2.677229284084606
3.1481004183700323 2.6772293239784313
3.3101004232764843 2.4257555687320447
3.3101004726008245 2.4257555687320447
3.3101004232764843 2.4257556048786193
3.6490514046920217 1.9327602780759476
3.3974376304147333 2.3043349361154317
3.397437681040499 2.3043349361154317
3.3974376304147333 2.304334970452698
3.57010021732307 2.0600591448772647
3.5701002705217086 2.0600591448772647
3.57010021732307 2.060059175574538
3.7550702306437644 1.824965280059287
3.7550702865986714 1.824965280059287
3.7550702306437644 1.824965307253389
3.950667213648162 1.5986362025140257
3.950667272517691 1.5986362025140257
3.950667213648162 1.5986362263355613
4.006284725458473 1.5486423846565958
4.006284785156767 1.5486423846565958
4.006284725458473 1.5486424077331655
4.109154332394786 1.4400670571438667
4.0322297464762435 1.52171603612267
4.032229806561149 1.52171603612267
4.0322297464762435 1.521716058798006
4.006493300367126 1.5488418117365663
4.006493360068529 1.5488418117365663
4.006493300367126 1.548841834816108
4.032227600077003 1.5217139998191775
4.012997340838172 1.5421274070635949
4.012997400636492 1.5421274070635949
4.012997340838172 1.5421274300430838
4.019425363543477 1.5353401913854594
4.014609020060422 1.5404350415978458
4.013404903128079 1.5417087859294967
4.013404962932473 1.5417087859294967
4.013404903128079 1.5417088089027478
0.20962137737446895 4.013404903128079 1.5417087859294967 0.000650579948390321
0.08168867059513958 0.07942816452656618 0.07729879878866136 0.075289715189245 0.07339120171030476 0.07159454783611129 0.06989192083963927 0.06827625963751516 0.06674118342401182 0.06528091278018051 0.06389020134845458 0.06256427648432585 0.06129878755943267 0.06008976080602525 0.05893355977033835 0.05782685058911636 0.05676657142515132 0.05574990549882722 0.05477425723702475 0.05383723113132142 0.05293661295665141 0.05207035305143013
0.016611626266999285 0.015769702469498673 0.014992129218657384 0.01427260684563497 0.013605572952010304 0.012986103413106928 0.012409828218277635 0.011872859714092502 0.011371731247234014 0.01090334455336744 0.010464924522593516 0.010053980204156378 0.009668271103057308 0.009305777977211603 0.008964677472237462 0.00864332003704667 0.008340210651259077 0.008053991968419381 0.007783429539745083 0.007527398833854283 0.007284873810377565 0.007054916840986145
