6.724906617772027 5.607592543813595
6.724906717980945 5.607592543813595
6.724906617772027 5.6075926273732355
3.302497322192519 2.7870046267584527
3.302497371403564 2.7870046267584527
3.302497322192519 2.787004668288058
3.230706590429312 2.742655498821801
3.230706638570592 2.742655498821801
3.230706590429312 2.7426555396905523
1.971957191210583 4.749873107261738
2.9157558863561004 3.2443221768947845
2.915755929804249 3.2443221768947845
2.9157558863561004 3.2443222252389523
2.7543737119671 3.5575703680903157
2.7543737530104666 3.5575703680903157
2.7543737119671 3.557570421102245
2.424683084419204 4.180449675900625
2.4246831205497976 4.180449675900625
2.424683084419204 4.180449738194179
1.902755596136951 5.275258911870808
2.3033463773858003 4.458327124451564
2.3033464117083358 4.458327124451564
2.3033463773858003 4.458327190885815
2.0458087291551696 5.0073519429173565
2.0458087596400953 5.0073519429173565
2.0458087291551696 5.007352017532715
1.9832173404972047 5.166835766986744
1.983217370049446 5.166835766986744
1.9832173404972047 5.166835843978597
1.982586083435852 5.169664157438318
1.9825861129786868 5.169664157438318
1.982586083435852 5.169664234472317
0.06931698439102285 1.982586083435852 5.169664157438318 0.0004033574985425279
0.0802983229757217 0.07808982504743038 0.07601164164655101 0.07405272037069452 0.07220321244625094 0.07045431491989515 0.06879813675062908 0.06722758473621597 0.06573626596969497 0.06431840412860024 0.06296876738533659 0.061682606117836214 0.06045559891517257 0.05928380562877934 0.058163626428430815 0.05709176599266773 0.0560652021033659 0.055081158029534186 0.05413707818087587 0.05323060659087548 0.052359567855165115 0.051521950206073815
0.01608386194905836 0.015308274304732493 0.014591951591552226 0.013928972890554359 0.01331413603056423 0.012742856152930897 0.012211080427161026 0.011715216077812812 0.011252069425580116 0.010818794076774807 0.010412846739674096 0.010031949422125657 0.009674056986845866 0.009337329220225583 0.00902010671592158 0.008720889992909793 0.008438321364392432 0.008171169153232596 0.00791831391480286 0.007678736381952802 0.007451506891359975 0.00723577608753821
