6.0704487567874095 1.9658385470146418
6.070448847244145 1.9658385470146418
6.0704487567874095 1.965838576307919
4.235053282188193 1.386613398106305
4.235053345295405 1.386613398106305
4.235053282188193 1.3866134187684547
5.631237810415235 0.05329123859015095
4.591665466167806 1.0613900881220304
4.331311461425424 1.3138585623568986
4.331311525966994 1.3138585623568986
4.331311461425424 1.313858581934917
4.509157378852202 1.150743748699197
4.376406485418946 1.2737815788155804
4.376406550632485 1.2737815788155804
4.376406485418946 1.273781597796405
4.466232604129654 1.1932199775879508
4.399059080024788 1.2538619551416694
4.399059145575876 1.2538619551416694
4.399059080024788 1.2538619738256684
4.4441799311984225 1.2138140514747584
4.410391504771251 1.2439091157584847
4.410391570491206 1.2439091157584847
4.410391504771251 1.243909134294175
4.4217070157185425 1.2339370510563559
4.421707081607112 1.2339370510563559
4.4217070157185425 1.2339370694434508
4.418893396116682 1.2364472748785253
4.418893461963325 1.2364472748785253
4.418893396116682 1.2364472933030255
0.2528307880812414 4.418893396116682 1.2364472748785253 0.00035416482644496424
0.0802693069729067 0.07802259499645608 0.07590712514883845 0.07391195284920198 0.07202729709468408 0.07024439253975369 0.06855536315973919 0.06695311398169837 0.06543123799331794 0.06398393584719167 0.06260594638847211 0.061292486367959684 0.06003919797546631 0.0588421030518088 0.057697563021585054 0.05660224374053621 0.05555308457684054 0.05454727114994762 0.053582211237429005 0.052655513432915 0.051764968199035144 0.05090853101043239
0.016270956150898887 0.015436156114637263 0.014665773985678575 0.013953445485600907 0.013293557924320848 0.012681148368984417 0.012111817213019257 0.011581654595777301 0.0110871775786872 0.01062527635246802 0.010193168049257946 0.009788356977293968 0.009408600294957683 0.009051878304236516 0.00871636867782575 0.00840042404471171 0.008102552450529404 0.007821400284811738 0.007555737330286348 0.007304443641927531 0.0070664980073953595 0.006840967777303135
