4.821770123928726 2.618720282583222
4.8217701957787 2.618720282583222
4.821770123928726 2.618720321605195
3.78779074957981 2.0676389097536947
3.7877908060222905 2.0676389097536947
3.78779074957981 2.0676389405639153
3.8632639605617984 1.9618937732890713
3.8632640181289175 1.9618937732890713
3.8632639605617984 1.9618938025235666
5.364340563735519 0.050086675803425074
4.239236391113024 1.484495024204612
3.9579528642850086 1.8430953572776538
3.957952923263102 1.8430953572776538
3.9579528642850086 1.843095384741915
4.152140807978487 1.6094134130359148
4.007460298592237 1.7854865299844622
4.007460358308049 1.7854865299844622
4.007460298592237 1.7854865565902849
4.105626683757899 1.669545109609205
4.1056267449365045 1.669545109609205
4.105626683757899 1.669545134487366
4.207841035900985 1.557156149514832
4.207841098602702 1.557156149514832
4.207841035900985 1.5571561727182668
4.313206516677008 1.4477159028230295
4.313206580948793 1.4477159028230295
4.313206516677008 1.4477159243956776
4.421887585506087 1.3415675283027655
4.341499631214533 1.422379359487132
4.341499695907919 1.422379359487132
4.341499631214533 1.422379380682236
4.287629028578949 1.4759304678366354
4.328101004736203 1.4358362164049085
4.328101069229933 1.4358362164049085
4.328101004736203 1.4358362378005354
4.341563555482244 1.4224433109314274
4.33148481331918 1.4325063550978152
4.331484877863333 1.4325063550978152
4.33148481331918 1.4325063764438233
4.32812404460052 1.4358594686465016
4.330646135685126 1.4333461487506294
4.3306462002167825 1.4333461487506294
4.330646135685126 1.4333461701091514
0.21665069007407511 4.330646135685126 1.4333461487506294 0.0003513572957131326
0.07763750248018343 0.07543108410012404 0.0733547215923051 0.07139746911860896 0.06954955511957357 0.06780223170157876 0.06614764619611131 0.0645787312462539 0.06308911043177425 0.06167301697286901 0.06032522348021894 0.05904098106618299 0.057815966414890445 0.05664623564040938 0.05552818395213248 0.054458510302995984 0.05343418632547426 0.052452428967536616 0.0515106763299678 0.05060656628090742 0.04973791748578262 0.04890271254313089
0.016061579427578816 0.015223371370866493 0.014450685023450935 0.01373696850556063 0.01307645269025777 0.012464043952329489 0.011895233316066758 0.011366019257536364 0.010872841912507383 0.0104125268412469 0.009982236825425966 0.009579430435677931 0.009201826322989588 0.00884737236262281 0.008514218923230022 0.008200695652268148 0.007905291266544146 0.007626635917595572 0.007363485768718749 0.0071147094763002105 0.006879276314701293 0.006656245722925487
