4.036184047290367 4.390549790706929
4.036184107434196 4.390549790706929
4.036184047290367 4.390549856131219
2.86894263223229 3.144578200603963
2.8689426749828666 3.144578200603963
2.86894263223229 3.1445782474618293
2.8046743062950923 3.1498588544235395
2.804674348087996 3.1498588544235395
2.8046743062950923 3.149858901360094
1.2238323464690986 5.9041782616134295
2.408905761663711 3.8383244154863925
2.4089057975592043 3.8383244154863925
2.408905761663711 3.8383244726818835
1.764098742604134 5.143526069885687
2.2612874142402983 4.170990598256264
2.2612874479361067 4.170990598256264
2.2612874142402983 4.170990660408867
1.945277153538839 4.826711101024161
1.9452771825257273 4.826711101024161
1.945277153538839 4.826711172947761
1.6479932290819372 5.516464361296867
1.6479932536389499 5.516464361296867
1.6479932290819372 5.516464443498592
1.6861167380679918 5.452611427295988
1.6861167631930891 5.452611427295988
1.6861167380679918 5.45261150854623
1.6858703320892319 5.453500498735633
1.6858703572106575 5.453500498735633
1.6858703320892319 5.453500579999123
0.06424175765052698 1.6858703320892319 5.453500498735633 0.0007211289910788813
0.08158193014791107 0.07940116385967823 0.07734767719216068 0.0754107801639152 0.07358093764909689 0.07184961892542459 0.07020916989330958 0.06865270412485827 0.06717400961878883 0.06576746870916875 0.06442798903395636 0.06315094383793791 0.061932120182587466 0.06076767387722805 0.059654090143011 0.058588149182573566 0.05756689596079695 0.056587613611408676 0.055647799974665665 0.05474514684651869 0.053877521582308026 0.05304295075043178
0.01739392338572395 0.01658946682825237 0.01584525967565107 0.015155366202881848 0.014514564220493248 0.013918245054847036 0.013362329378783204 0.012843196115330687 0.012357622166401154 0.011902731139376975 0.011475949580713659 0.011074969495291785 0.010697716147330734 0.01034232031413691 0.010007094306320494 0.009690511184049934 0.009391186693668367 0.009107863526713257 0.008839397567341497 0.008584745846977526 0.008342955968755502 0.008113156800687624
