5.830017542472281 5.847644738418962
5.830017629346313 5.847644738418962
5.830017542472281 5.847644825555659
3.135297088200752 3.1752382399766246
3.1352971349203194 3.1752382399766246
3.135297088200752 3.1752382872913616
3.0755059111136442 3.097605412495202
3.0755059569422536 3.097605412495202
3.0755059111136442 3.0976054586531196
3.945971022696105 1.5978487513298054
3.293083172857211 2.7225972462893244
3.293083221927974 2.7225972462893244
3.293083172857211 2.722597286859185
3.4618483006367473 2.4676404053819696
3.4618483522223067 2.4676404053819696
3.4618483006367473 2.467640442152677
3.8054274637262946 1.9617827228167128
3.5503325190562083 2.342974019131816
3.5503325719602854 2.342974019131816
3.5503325190562083 2.3429740540448494
3.725419244877832 2.092316289306931
3.7254193003909046 2.092316289306931
3.725419244877832 2.0923163204848736
3.7754907312150228 2.034561311612551
3.7754907874742187 2.034561311612551
3.7754907312150228 2.034561341929877
3.868612830531207 1.9133200670258919
3.8686128881780304 1.9133200670258919
3.868612830531207 1.9133200955365826
3.9653492334232143 1.7949425644103587
3.9653492925115223 1.7949425644103587
3.9653492334232143 1.794942591157087
4.064928637405885 1.6789464132999385
4.064928697978042 1.6789464132999385
4.064928637405885 1.6789464383181898
4.1675371135138555 1.5656209289604692
4.0916135265578015 1.6515855929709835
4.091613587527594 1.6515855929709835
4.0916135265578015 1.6515856175815267
4.142665817117591 1.5946957448336168
4.142665878848122 1.5946957448336168
4.142665817117591 1.5946957685964351
4.155984123657367 1.580991834426604
4.155984185586356 1.580991834426604
4.155984123657367 1.5809918579852182
4.130037272882483 1.6090535295462742
4.149515096830049 1.5880235699371414
4.149515158662642 1.5880235699371414
4.149515096830049 1.5880235936005367
4.156001177142972 1.5810075614880996
4.151141022930099 1.5862736513415787
4.151141084786921 1.5862736513415787
4.151141022930099 1.5862736749788982
0.20082802937328148 4.151141022930099 1.5862736513415787 0.0005664543146171186
0.07864295238852428 0.0764166637073142 0.07432128465986237 0.07234582510376876 0.07048047097997455 0.06871643384588924 0.06704582250300707 0.0654615330963115 0.06395715471327555 0.06252688803468404 0.06116547501392175 0.059868137906165374 0.05863052625007091 0.057448670634636614 0.05631894227289212 0.05523801755979575 0.05420284692049926 0.053210627361970284 0.052258778229879066 0.05134491974688405 0.05046685397061249 0.04962254786183671
0.016018004184190016 0.015185392924976707 0.01441765463728522 0.013708322912787606 0.01305170142960272 0.012442758774481833 0.011877039294806576 0.011350587306575602 0.010859882465760822 0.010401784499195411 0.0099734858062968 0.009572470699200164 0.009196480257936806 0.008843481948364668 0.008511643290971963 0.008199308984267966 0.007904980981912264 0.0076273011017549235 0.007365035810572324 0.007117062882910843 0.006882359678054868 0.006659992817306599
