3.9062003490793984 6.089957647318514
3.9062004072863195 6.089957647318514
3.9062003490793984 6.089957738065955
2.48952804360257 3.9185799930436693
2.4895280806994284 3.9185799930436693
2.48952804360257 3.9185800514350615
2.400309606521298 3.8670845202554496
2.4003096422886983 3.8670845202554496
2.400309606521298 3.8670845778794996
1.460220259526861 5.716589237969088
2.1639126484399536 4.32916866469118
2.163912680684765 4.32916866469118
2.1639126484399536 4.32916872920082
1.7513913468922369 5.2106676103786
1.7513913729900017 5.2106676103786
1.7513913468922369 5.210667688023598
1.478825245892566 5.896251112097108
1.4788252679287792 5.896251112097108
1.478825245892566 5.896251199958096
1.50610985562869 5.853729373841592
1.5061098780714757 5.853729373841592
1.50610985562869 5.853729461068957
1.5056440580491293 5.855026553260995
1.505644080484974 5.855026553260995
1.5056440580491293 5.855026640507689
0.058248347812614565 1.5056440580491293 5.855026553260995 0.0008053820940636732
0.08049924307301352 0.07836494209743858 0.0763553261423088 0.07445989679740304 0.07266929453195503 0.07097514948850993 0.06936995491433458 0.06784695936465013 0.06640007454011086 0.0650237962000754 0.06371313605606659 0.06246356292149101 0.06127095169351422 0.06013153898592848 0.05904188442953425 0.05799883681808947 0.05699950441039346 0.056041228808205897 0.055121561919910585 0.054238245594674904 0.05338919357416254 0.052572475460900985
0.017997225809491365 0.01718157557344013 0.016426746830997593 0.015726741629921853 0.015076286548721361 0.014470730353745161 0.01390595803151351 0.013378318295444022 0.012884562225534496 0.012421791143036282 0.01198741217525398 0.011579100247952617 0.011194765469557798 0.01083252505409994 0.01049067907777674 0.010167689484191033 0.009862161851330686 0.009572829513574813 0.009298539697899103 0.009038241387757474 0.008790974673025127 0.008555861381645588
