5.1635984839441855 4.848749325269384
5.163598560887799 4.848749325269384
5.1635984839441855 4.848749397521379
3.01427966039375 2.8623280906239024
3.014279705310017 2.8623280906239024
3.01427966039375 2.8623281332759145
2.9248788749991834 2.8341475887758905
2.924878918583275 2.8341475887758905
2.9248788749991834 2.8341476310079807
1.102314146908797 5.821986840537442
2.468087255705281 3.580867132258569
2.468087292482647 3.580867132258569
2.468087255705281 3.5808671856176475
1.7508900257237978 4.995556259904349
1.7508900518140924 4.995556259904349
1.7508900257237978 4.995556334343938
1.1731031778223282 6.472674925741449
1.1731031953029278 6.472674925741449
1.1731031778223282 6.4726750221918214
1.1035220808034223 6.781919626784743
1.1035220972471826 6.781919626784743
1.1035220808034223 6.78191972784322
1.1064603169720741 6.7789229108906675
1.1064603334596177 6.7789229108906675
1.1064603169720741 6.7789230119044905
1.106483542738439 6.778867717452374
1.1064835592263287 6.778867717452374
1.106483542738439 6.778867818465375
0.04979709173205615 1.106483542738439 6.778867717452374 0.0004806115721182152
0.08007637864351137 0.0779971676207572 0.07603978895551347 0.07419391405907726 0.07245034686171622 0.07080087334488087 0.06923813428544882 0.06775551717350255 0.06634706404137831 0.06500739255564342 0.06373162821175264 0.0625153458611525 0.06135451911377405 0.06024547641150653 0.05918486277299606 0.0581696063767782 0.057196889285985694 0.05626412172968758 0.05536891944804937 0.05450908368471232 0.05368258347305268 0.05288753991569017
0.01871598563030078 0.01791331438424135 0.017169870945666563 0.01647979490192921 0.01583794305367687 0.015239786099903705 0.014681322251318551 0.014159004693358759 0.01366968043058072 0.013210538524390442 0.012779066115688633 0.012373010925460557 0.011990349166806248 0.011629257994559852 0.011288091773649596 0.010965361572576564 0.010659717389967464 0.010369932704872135 0.010094891009089543 0.009833574035277225 0.009585051440273029 0.009348471740795509
