4.482234251294049 4.161112214916674
4.482234318084544 4.161112214916674
4.482234251294049 4.161112276922077
3.103539725124394 2.8984381727932735
3.1035397713707398 2.8984381727932735
3.103539725124394 2.898438215983368
3.0915303223605792 2.8417634374045515
3.091530368427971 2.8417634374045515
3.0915303223605792 2.8417634797501266
4.795225653873226 0.05000896715444725
3.5175022157023674 2.1439067099163047
3.1980713340598994 2.667381155058544
3.198071381714876 2.667381155058544
3.1980713340598994 2.6673811948056207
3.3595897289170638 2.416611122035276
3.359589778978852 2.416611122035276
3.3595897289170638 2.4166111580455882
3.697687817328073 1.925098265670639
3.44671522510939 2.2955632048777623
3.4467152764694493 2.2955632048777623
3.44671522510939 2.2955632390843195
3.6189609582498754 2.052036596979113
3.618961012176596 2.052036596979113
3.6189609582498754 2.052036627556841
3.803544674242641 1.8177234451288
3.803544730919873 1.8177234451288
3.803544674242641 1.81772347221499
3.9987961790580693 1.5922225555362388
3.9987962386447755 1.5922225555362388
3.9987961790580693 1.5922225792622038
4.054343924849443 1.5424700629230057
4.054343985263875 1.5424700629230057
4.054343924849443 1.5424700859076008
4.157067096759088 1.434343284150341
4.08025529779785 1.5156593113881873
4.080255358598391 1.5156593113881873
4.08025529779785 1.5156593339732711
4.131942495752157 1.46190713793106
4.1319425573228985 1.46190713793106
4.131942495752157 1.4619071597151738
4.119245885688297 1.475558145379948
4.119245947069844 1.475558145379948
4.119245885688297 1.4755581673674778
4.145358732568679 1.4489435840697384
4.125791904321236 1.4689220231743194
4.120900077588567 1.4739167499297263
4.120900138994764 1.4739167499297263
4.120900077588567 1.4739167718927975
0.21134504797637232 4.120900077588567 1.4739167499297263 0.00046335324445240017
0.07975858699395791 0.07753931208744876 0.07544920800759164 0.07347754340296907 0.07161472352204641 0.06985214627009467 0.06818207918892681 0.06659755396385586 0.06509227566570829 0.06366054442341143 0.062297187618317804 0.06099750101358979 0.059757197495243324 0.05857236231736536 0.057439413921704645 0.05635506954855369 0.055316314977385886 0.054320377836724734 0.05336470400693844 0.052446936710072896 0.05156489793990007 0.05071657193503793
0.016865294958196685 0.016005393473473847 0.015211519691175769 0.014477181439518035 0.013796649596351507 0.013164855198699836 0.012577302037498015 0.012029992186479486 0.011519362367628742 0.011042229423056835 0.010595743461837746 0.01017734749389067 0.009784742562193386 0.009415857548031235 0.009068822958447324 0.008741948116015159 0.008433701262873291 0.008142692167155397 0.00786765688334953 0.0076074443710160465 0.007361004720540931 0.007127378771708642
