2.438025553307217 5.732158268764825
2.438025589636629 5.732158268764825
2.438025553307217 5.732158354180639
2.0458061385885227 4.868160255644697
2.0458061690734097 4.868160255644697
2.0458061385885227 4.868160328185938
1.8569220697117228 5.227678233851163
1.856922097382018 5.227678233851163
1.8569220697117228 5.2276783117496395
0.9252492566079354 7.400749475379551
1.6246123874265683 5.771206535534915
1.6246124116351794 5.771206535534915
1.6246123874265683 5.771206621532595
1.185752880232576 6.868915761971525
1.185752897901671 6.868915761971525
1.185752880232576 6.868915864326346
1.161553226864094 6.997121649764292
1.161553244172586 6.997121649764292
1.161553226864094 6.997121754029529
1.1614361547716148 6.99852076027727
1.1614361720783621 6.99852076027727
1.1614361547716148 6.998520864563355
0.048610302539949135 1.1614361547716148 6.99852076027727 0.0006881010566733561
0.0784547358508828 0.07638116273899012 0.07443031571845908 0.0725916797361699 0.0708559050496145 0.06921465074875689 0.06766045267630784 0.06618661145533364 0.06478709716701687 0.0634564678789543 0.062189799745705064 0.06098262681877144 0.05983088903596282 0.05873088712791635 0.05767924339610685 0.056672867492569994 0.055708926475051955 0.0547848185288356 0.05389814984316787 0.05304671421003419 0.052228474979177465 0.051441549058289245
0.01793448352983975 0.017152620364228335 0.016429106085268604 0.015758100324290463 0.015134486114551506 0.01455376437017412 0.014011965881597619 0.013505577598727569 0.01303148062204424 0.012586897830629079 0.01216934947670718 0.011776615393350967 0.011406702714055836 0.011057818204209835 0.010728344465963973 0.010416819408102011 0.010121918477746695 0.009842439236216123 0.009577287931042698 0.009325467773216632 0.009086068675585191 0.008858258246982368
