5.715593851254958 4.307031734801891
5.715593936423944 4.307031734801891
5.715593851254958 4.307031798981665
3.2374344145920224 2.467914893878652
3.2374344628335545 2.467914893878652
3.2374344145920224 2.4679149306534494
3.1734568306272384 2.440391429918306
3.17345687791543 2.440391429918306
3.1734568306272384 2.4403914662829718
1.5954625051239635 4.779224119349124
2.778597229836449 3.0249160160361575
2.7785972712407743 3.0249160160361575
2.778597229836449 3.0249160611109187
2.57667122131237 3.4138773233320703
2.576671259707763 3.4138773233320703
2.57667122131237 3.413877374202807
2.1623837768639236 4.18629298820405
2.1623838090859526 4.18629298820405
2.1623837768639236 4.186293050584677
1.4148976696146265 5.771948910319022
1.99031261422282 4.589351949745845
1.9903126438807892 4.589351949745845
1.99031261422282 4.5893520181325185
1.6265768626100234 5.386820663217365
1.6265768868479074 5.386820663217365
1.6265768626100234 5.386820743487248
1.2788324309813237 6.249150731502411
1.278832450037412 6.249150731502411
1.2788324309813237 6.2491508246220135
1.3169696802983217 6.1902677574762155
1.3169696999226992 6.1902677574762155
1.3169696802983217 6.190267849718393
1.3171244229582113 6.190162341125263
1.3171244425848947 6.190162341125263
1.3171244229582113 6.19016243336587
0.05751495016935271 1.3171244229582113 6.190162341125263 0.0005430378678941614
0.0826416977129006 0.08047742867128561 0.07843944778632966 0.07651711912838094 0.07470096262786993 0.0729825021677809 0.07135413682079347 0.06980903125886094 0.0683410221154419 0.06694453767809928 0.06561452876601281 0.06434640902932515 0.06313600321529865 0.06197950219557052 0.060873423751430414 0.05981457827945228 0.05880003871536827 0.05782711408560856 0.05689332618804975 0.05599638897987657 0.05513419031398493 0.05430477571838236
0.017803410868009246 0.01701975955271077 0.016294076951189597 0.015620655751587664 0.01499447998882275 0.014411126827449862 0.013866684178531367 0.013357681321486537 0.012881030252397934 0.01243397591561409 0.012014053821329116 0.011619053827746275 0.011246989087513218 0.010896069335987529 0.010564677842574435 0.010251351462901659 0.009954763324454321 0.009673707755801458 0.009407087133107717 0.009153900369932012 0.008913232819509825 0.00868424739450378
