6.736010257773852 2.2460908604748813
6.736010358148227 2.2460908604748813
6.736010257773852 2.246090893944243
4.2905192391493046 1.449336857614216
4.290519303083023 1.449336857614216
4.2905192391493046 1.4493368792110182
5.700016441184405 0.0538426067565656
4.651239411425237 1.1090996348808453
4.388523652246453 1.3734246671258663
4.388523717640551 1.3734246671258663
4.388523652246453 1.3734246875914886
4.568154000999319 1.2025356961185256
4.434142435531211 1.3314626840407893
4.4341425016050815 1.3314626840407893
4.434142435531211 1.3314627038811293
4.524878522268891 1.2469967843250571
4.524878589694835 1.2469967843250571
4.524878522268891 1.2469968029067573
4.618795728258769 1.166082730723035
4.54918129013228 1.2277654082073235
4.5491813579203635 1.2277654082073235
4.54918129013228 1.2277654265024538
4.502602186947621 1.2686587885925027
4.537600810467537 1.238061527817903
4.546351559105401 1.2304111541483238
4.546351626851318 1.2304111541483238
4.546351559105401 1.2304111724828788
4.538553120496084 1.23724142464443
4.5444018328364 1.2321186924847296
4.5444019005532645 1.2321186924847296
4.5444018328364 1.232118710844729
0.24741630058362585 4.5444018328364 1.2321186924847296 0.00042296993708771806
0.0776735319989709 0.07546666169459114 0.07338986633039016 0.07143219868588144 0.06958388599802974 0.067836179314348 0.06618122502580506 0.06461195493279286 0.06312199185411947 0.06170556831803114 0.060357456302132746 0.05907290633644062 0.057847594566878935 0.05667757660805761 0.055559247204212514 0.05448930487372471 0.05346472084200826 0.052482711674834044 0.05154071511339943 0.05063636868692597 0.04976749074090424 0.04893206357143681
0.01606015052234452 0.015222338276561857 0.014450003725471082 0.013736600100197768 0.01307636275531053 0.012464201997520926 0.011895612303435037 0.01136659518297835 0.010873593440644579 0.010413434986712013 0.009983284674520051 0.009580602903115833 0.009203109939135555 0.008848755087222188 0.008515689982172824 0.0082022453943829 0.007906911037822678 0.007628317950598338 0.007365223085212312 0.007116495801439553 0.00688110600129506 0.006658113684516872
