3.914566269027205 2.4984151543904654
3.9145663273587883 2.4984151543904654
3.914566269027205 2.498415191619752
3.4965026175615024 2.239677175350458
3.4965026696634514 2.239677175350458
3.4965026175615024 2.2396772087242485
3.449987709334999 2.295950129249194
3.449987760743822 2.295950129249194
3.449987709334999 2.2959501634615167
1.9904096278343821 4.377688421179398
3.0852659620143816 2.8165057965766565
3.358980014600731 2.4262099052119344
3.3589800646534336 2.4262099052119344
3.358980014600731 2.426209941365279
3.182272727401613 2.6903586769099386
3.182272774821172 2.6903586769099386
3.182272727401613 2.6903587169994068
2.8472533151603066 3.230508794170718
2.8472533575876873 3.230508794170718
2.8472533151603066 3.2305088423090504
2.237144206940694 4.345752040771587
2.2371442402767405 4.345752040771587
2.237144206940694 4.345752105528339
2.1445532986670144 4.6497700709012015
2.144553330623349 4.6497700709012015
2.1445532986670144 4.649770140188175
1.8820629927724277 5.228647428436207
1.8820630208173517 5.228647428436207
1.8820629927724277 5.228647506349125
1.4916766864981708 6.156956460829471
1.4916767087258855 6.156956460829471
1.4916766864981708 6.156956552575271
1.537698942921787 6.085988500620077
1.5376989658352869 6.085988500620077
1.537698942921787 6.085988591308373
1.5379916718430608 6.085649835057467
1.5379916947609227 6.085649835057467
1.5379916718430608 6.085649925740716
0.05577296613651239 1.5379916718430608 6.085649835057467 0.0005058344065161757
0.07855407031948955 0.07643995745874511 0.07445053410091271 0.07257519320431832 0.0708044906013098 0.06912999100149614 0.06754413761767848 0.06604014133475933 0.06461188611931792 0.063253847983929 0.06196102531151639 0.06072887873839778 0.05955327911117696 0.05843046228845994 0.05735698976604889 0.056329714273590084 0.05534574962926286 0.054402444253021744 0.053497357832896816 0.05262824071669503 0.05179301566613207 0.05098976166437289
0.017473846461718442 0.016671668356343098 0.01592995652753555 0.015242678999434656 0.014604541457409257 0.01401088168734494 0.013457581136009361 0.012940990516561465 0.012457866985077184 0.01200532088919636 0.011580770466983569 0.01118190317447607 0.010806642560766229 0.010453119802630301 0.010119649166577427 0.009804706792456729 0.009506912295443393 0.009225012767044852 0.0089578688244418 0.008704442413942783 0.00846378612091723 0.008235033777137366
