2.9618336596333643 6.923661060027554
2.961833703768125 6.923661060027554
2.9618336596333643 6.923661163198143
2.118075714978883 4.99519790702441
2.1180757465406708 4.99519790702441
2.118075714978883 4.995197981458659
2.031691917881278 5.000669928431532
2.0316919481558466 5.000669928431532
2.031691917881278 5.000670002947321
1.4281420170130905 6.363827666696191
1.4281420382940648 6.363827666696191
1.4281420170130905 6.363827761524613
1.4372229088520052 6.44355384400612
1.4372229302682955 6.44355384400612
1.4372229088520052 6.4435539400225545
1.4356717748528067 6.4486481606181805
1.4356717962459833 6.4486481606181805
1.4356717748528067 6.448648256710526
0.05337336382935076 1.4356717748528067 6.4486481606181805 0.0006961854159502891
0.07834769592227517 0.0762374800150095 0.07425230567583395 0.07238147201845811 0.07061545974281472 0.06894577338197069 0.0673648079656247 0.0658657358425512 0.0644424102239611 0.06308928265779751 0.061801332159064394 0.06057400413274399 0.05940315755614463 0.058285019153895765 0.05721614351460676 0.05619337827380626 0.05521383363126357 0.054274855588520396 0.05337400238943094 0.0525090237266844 0.05167784234382022 0.05087853771765628
0.017216142937275303 0.016433984390431648 0.015710834328249452 0.015040775521547036 0.014418620474208133 0.013839805876073438 0.013300304384969357 0.012796550583212326 0.0123253785797163 0.011883969221123192 0.011469805264484285 0.01108063317299027 0.01071443044268444 0.010369377565512648 0.010043833892885877 0.00973631679223109 0.009445483593064706 0.009170115903850305 0.008909105950150998 0.008661444641393266 0.008426211120325416 0.008202563587888763
