5.045640434331004 3.5938674659851833
5.045640509516905 3.5938674659851833
5.045640434331004 3.593867519537982
3.308514714161614 2.3764867982316193
3.308514763462325 2.3764867982316193
3.308514714161614 2.3764868336440323
3.2863490670727624 2.3490429806559487
3.2863491160431795 2.3490429806559487
3.2863490670727624 2.349043015659417
4.872092883149238 0.05000218829701142
3.682785256563168 1.7742831559639387
3.3854586632606867 2.2053538947704063
3.385458713707952 2.2053538947704063
3.3854586632606867 2.20535392763274
3.5472040476779068 1.9838786699302717
3.547204100535366 1.9838786699302717
3.5472040476779068 1.9838786994923676
3.7192510719390297 1.770307449862691
3.7192511273601894 1.770307449862691
3.7192510719390297 1.7703074762423276
3.9006033415001014 1.564578990666325
3.9006033996236207 1.564578990666325
3.9006033415001014 1.5645790139803688
4.092278572486485 1.3684324882132377
4.092278633466188 1.3684324882132377
4.092278572486485 1.3684325086044709
4.1464076206450295 1.3263510322873622
4.146407682431318 1.3263510322873622
4.1464076206450295 1.3263510520515327
4.0464739570177315 1.4202471132683683
4.121639039604476 1.3500516248977887
4.1216391010216835 1.3500516248977887
4.121639039604476 1.3500516450151256
4.096844600500653 1.3737251646917155
4.11550397358823 1.356035854884119
4.115504034914018 1.356035854884119
4.11550397358823 1.3560358750906278
4.1217167073983605 1.3501322981462318
4.117060236830531 1.3545632135690917
4.117060298179509 1.3545632135690917
4.117060236830531 1.3545632337536564
0.2253311725789099 4.117060236830531 1.3545632135690917 0.0005314737020974905
0.0809150390334568 0.07870044007066078 0.07661350999344217 0.07464374614022096 0.07278174747262225 0.07101907639042121 0.06934814044159403 0.06776209072958617 0.06625473438268503 0.06482045890628457 0.06345416660951195 0.062151217600166925 0.060907380089626505 0.05971878695290475 0.05858189765687601 0.057493464808486355 0.056450504689978045 0.055450271244050144 0.05449023305195519 0.0535680529145945 0.05268156970300342 0.05182878219206371
0.0176375036897184 0.016754598216833793 0.01593855966792203 0.015182897396577265 0.014481874249235912 0.01383040617761978 0.013223976782618031 0.012658564358251318 0.012130579431589869 0.011636811141602263 0.011174381082793007 0.01074070347072901 0.010333450676149075 0.00995052333025366 0.009590024332340066 0.009250236197273255 0.008929601268456235 0.0086267043952834 0.00834025773519048 0.00806908739151466 0.007812121641203299 0.007568380542389158
