1.0241694609582612 6.233061485623254
1.0241694762195754 6.233061485623254
1.0241694609582612 6.233061578503108
2.189974680110404 4.399944699581041
2.1899747127435694 4.399944699581041
2.189974680110404 4.399944765145326
3.0961371702864087 2.7482968599854827
3.0961372164224477 2.7482968599854827
3.0961371702864087 2.748296900938297
4.8854526381986485 0.056632527010924694
3.59914198316853 2.1159161767437684
3.599142036799925 2.1159161767437684
3.59914198316853 2.1159162082733762
4.586968991689315 0.8369030874768062
3.8629449895617225 1.8099132904863473
3.8629450471240885 1.8099132904863473
3.8629449895617225 1.809913317456157
4.38831323894238 1.195985466664574
3.999967674966 1.6614807070365194
3.9999677345701627 1.6614807070365194
3.999967674966 1.6614807317945113
4.271025828732774 1.3618855304122839
4.069419870097545 1.5881441225260777
4.069419930736626 1.5881441225260777
4.069419870097545 1.5881441461912693
4.207089735687749 1.4403115948017473
4.104305974597262 1.5516280271447707
4.104306035756187 1.5516280271447707
4.104305974597262 1.55162805026583
4.089398086868898 1.5678114956051188
4.089398147805678 1.5678114956051188
4.089398086868898 1.5678115189673305
4.158330237278022 1.4939858857111172
4.106655795689534 1.549378159945841
4.1066558568834735 1.549378159945841
4.106655795689534 1.5493781830333746
4.089387927093312 1.5678019785350772
4.102371976610659 1.5540149603166307
4.102372037740765 1.5540149603166307
4.102371976610659 1.5540149834732582
4.106696973819808 1.549416545076579
4.103455121271799 1.552867142118162
4.103455182418045 1.552867142118162
4.103455121271799 1.5528671652576855
0.2090113082172783 4.103455121271799 1.552867142118162 0.00037288619356301946
0.08052835973965265 0.07827102420148956 0.07614564684129083 0.07414121588121159 0.07224789096654184 0.07045685417109415 0.06876018275302512 0.06715074011585229 0.06562208206221652 0.06416837593881566 0.0627843306849754 0.0614651361341318 0.06020641019249636 0.05900415274449786 0.057854705319867916 0.05675471571009409 0.05570110684849758 0.05469104937327232 0.053721937380365195 0.05279136694622839 0.05189711706179064 0.05103713267053129
0.016082331980556717 0.015255535241938175 0.014492621243401574 0.013787272057275904 0.0131339164884702 0.012527628835963433 0.01196404297217149 0.011439279203416636 0.010949881828011392 0.010492765675313744 0.010065170206956239 0.009664620004041533 0.009288890662295749 0.008935979279596044 0.008604078853794153 0.008291556018814709 0.007996931637994548 0.007718863849062645 0.0074561332178715726 0.007207629710266398 0.006972341235167842 0.006749343548557445
