3.1771251536568172 4.559303561018394
3.1771252009996713 4.559303561018394
3.1771251536568172 4.559303628957312
2.586136158362348 3.7430463394478877
2.5861361968987797 3.7430463394478877
2.586136158362348 3.7430463952236246
2.4475639770402973 3.949241647280381
2.4475640135118426 3.949241647280381
2.4475639770402973 3.9492417061286673
1.1130174103944013 6.6061787743988205
2.113973961817472 4.613485496971974
2.113973993318139 4.613485496971974
2.113973961817472 4.613485565718265
1.5421654174344486 5.886191578348877
1.542165440414504 5.886191578348877
1.5421654174344486 5.886191666059967
1.2708471797987588 6.660159936897413
1.2708471987358576 6.660159936897413
1.2708471797987588 6.66016003614153
1.2953956969390166 6.623874395540153
1.2953957162419167 6.623874395540153
1.2953956969390166 6.623874494243573
1.2953034559905825 6.62426170583786
1.295303475292108 6.62426170583786
1.2953034559905825 6.624261804547051
0.051548470834379634 1.2953034559905825 6.62426170583786 0.0004974132974826569
0.07888928715555185 0.07679327423532765 0.07482099599752404 0.07296189401589484 0.0712065735914603 0.06954664852158143 0.06797460989084844 0.06648371469365028 0.06506789090545391 0.06372165625786619 0.06244004847956784 0.06121856517014871 0.06005311179886847 0.05893995658243655 0.05787569120819008 0.0568571965417668 0.05588161259949017 0.05494631218145867 0.054048877656688504 0.05318708047049947 0.05235886300975605 0.05156232251606052
0.017773930207856975 0.016984652081069244 0.016254416795996242 0.015577330897127204 0.014948226256516255 0.014362555200387046 0.0138163028656642 0.013305913645994214 0.012828229210727368 0.012380436070926442 0.011960021054070253 0.011564733356771243 0.011192552090119207 0.010841658428696227 0.010510411632284665 0.010197328336866825 0.009901064614957657 0.00962040038951471 0.00935422585447286 0.009101529611379163 0.008861388278048464 0.008632957363522428
