6.658336633434206 4.06796531688617
6.658336732651153 4.06796531688617
6.658336633434206 4.067965377503577
3.604911594347168 2.2288978963972284
3.6049116480645367 2.2288978963972284
3.604911594347168 2.2288979296103952
3.583081136422256 2.20945831088004
3.5830811898143256 2.20945831088004
3.583081136422256 2.2094583438035347
5.142424310681056 0.050000992557756696
3.9729041902838897 1.6695741164113944
3.6805246868191257 2.074468221748398
3.680524741663217 2.074468221748398
3.6805246868191257 2.0744682526603833
3.8432438481522118 1.8617313746551172
3.8432439054210077 1.8617313746551172
3.8432438481522118 1.8617314023970766
4.016424515510674 1.6574204644486121
4.016424575360063 1.6574204644486121
4.016424515510674 1.6574204891461017
4.198886020598256 1.4613534077121297
4.198886083166534 1.4613534077121297
4.198886020598256 1.4613534294879924
4.391518733265639 1.2752697448436818
4.250216412008032 1.4183580981862347
4.250216475341192 1.4183580981862347
4.250216412008032 1.4183581193214174
4.345745626700417 1.324508260497033
4.345745691457073 1.324508260497033
4.345745626700417 1.3245082802337442
4.322593392055772 1.3486914253402948
4.322593456467433 1.3486914253402948
4.322593392055772 1.348691445437363
4.371284757275333 1.3027288680075748
4.334831989705891 1.337270848066016
4.3348320542999215 1.337270848066016
4.334831989705891 1.3372708679929044
4.359238248633452 1.3143539120570744
4.340950588245605 1.3315598090765135
4.34095065293081 1.3315598090765135
4.340950588245605 1.3315598289183008
4.347063188052352 1.3258423500226695
4.347063252828641 1.3258423500226695
4.347063188052352 1.32584236977926
4.3409532209494985 1.3315626224315558
4.345540595818873 1.3272776335460246
4.345540660572474 1.3272776335460246
4.345540595818873 1.3272776533240025
0.24043583668841673 4.345540595818873 1.3272776335460246 0.0003673709453301712
0.08040879415219326 0.07815051130808594 0.07602440803560931 0.07401943935578705 0.07212573685795746 0.07033445883945791 0.06863766235420207 0.06702819359360256 0.06549959366269684 0.06404601733034362 0.06266216275039654 0.061343210490703556 0.06008477048423519 0.05888283574391248 0.057733741869516006 0.056634131529139174 0.05558092322515989 0.05457128376056867 0.053602603909663954 0.05267247687078705 0.05177867914049627 0.05091915350045348
0.015979023065928796 0.015156177077380031 0.014397005811224545 0.013695201750469614 0.013045204161560851 0.012442097664207967 0.011881526177709953 0.011359619692118395 0.010872931769497043 0.010418386050126623 0.009993230338428178 0.009594997087543678 0.009221469300907427 0.008870651032474914 0.008540741801471295 0.008230114348103381 0.007937295248064812 0.007660947979400239 0.007399858098235009 0.0071529202323253145 0.006919126645205793 0.006697557160420749
