6.0270204068428 1.0400507360704558
6.027020496652402 1.0400507360704558
6.0270204068428 1.0400507515684194
4.829820157546857 0.8439816660887142
4.829820229516786 0.8439816660887142
4.829820157546857 0.8439816809898754
2.5753353089590956 2.271179736966689
4.2703315178072705 1.2072270771116163
4.694251945589709 0.9411010916477641
4.694252015539514 0.9411010916477641
4.694251945589709 0.9411011065489253
4.42223323609161 1.1341024215387805
4.42223330198802 1.1341024215387805
4.42223323609161 1.1341024384382234
4.367054528365903 1.1966167474350544
4.367054593440086 1.1966167474350544
4.367054528365903 1.1966167652660336
4.24114203116703 1.3059646599131718
4.336190576720917 1.2246452895125886
4.336190641335191 1.2246452895125886
4.336190576720917 1.2246453077612254
4.2734937740554315 1.279616569869424
4.320609620551519 1.238493736190153
4.320609684933619 1.238493736190153
4.320609620551519 1.2384937546451478
4.304993719705332 1.252302766253706
4.304993783854738 1.252302766253706
4.304993719705332 1.2523027849144714
4.289442150496446 1.2661842058647568
4.301122816084426 1.2557920655481252
4.30404321438195 1.2531938238588833
4.304043278517192 1.2531938238588833
4.30404321438195 1.2531938425329265
0.24945128643561176 4.30404321438195 1.2531938238588833 0.0005946064028867437
0.08143348513204386 0.07918214230015402 0.07706135781489777 0.0750603253099347 0.07316937882403475 0.07137984888374203 0.06968393943276534 0.06807462223648676 0.06654554598708382 0.06509095781773101 0.06370563532647512 0.062384827529912305 0.06112420342811699 0.059919807076731134 0.05876801823872931 0.05766551783429397 0.05660925752819501 0.055596432894653255 0.05462445968357355 0.0536909527822346 0.05279370752543153 0.05193068305664364
0.016758741956202097 0.015910561461327855 0.015127157316768905 0.014402191831267489 0.013730068746576224 0.013105833703278467 0.012525089623274192 0.011983924561579354 0.011478850013398753 0.011006748013856678 0.010564825653682011 0.010150575867479309 0.00976174354222325 0.009396296150437345 0.00905239824165311 0.008728389232388 0.008422764023194793 0.008134156044673997 0.007861322395408576 0.00760313078576442 0.007358548044176651 0.007126629978355061
