6.98583251431159 6.128727693558985
6.985832618408606 6.128727693558985
6.98583251431159 6.128727784884144
3.1902817622450916 2.8348556797192983
3.1902818097839942 2.8348556797192983
3.1902817622450916 2.8348557219619397
3.10436632857251 2.777894008407084
3.104366374831173 2.777894008407084
3.10436632857251 2.7778940498009304
1.999915638939047 4.559300680123218
2.8278153159533232 3.2230066144903327
2.827815358091055 3.2230066144903327
2.8278153159533232 3.2230066625168736
2.5300984263389648 3.771119571417471
2.5300984640403694 3.771119571417471
2.5300984263389648 3.7711196276115313
1.9686173896500527 4.88511763474208
2.3980958675828337 4.0536812716885775
2.398095903317247 4.0536812716885775
2.3980958675828337 4.053681332093135
2.1232679434915593 4.613621243518362
2.1232679751307173 4.613621243518362
2.1232679434915593 4.613621312266676
1.8183211613133967 5.295815050085818
1.8183211884084935 5.295815050085818
1.8183211613133967 5.295815128999612
1.8488691600447398 5.25219786281249
1.8488691875950372 5.25219786281249
1.8488691600447398 5.252197941076337
1.8495422513531772 5.250795767251554
1.8495422789135043 5.250795767251554
1.8495422513531772 5.250795845494508
0.06575279839556503 1.8495422513531772 5.250795767251554 0.0004606915050729174
0.08014053858396257 0.07796947575483337 0.07592565997469922 0.07399836751119099 0.07217803585762396 0.07045611224474203 0.0688249249928243 0.06727757383436406 0.06580783605979809 0.06441008591470596 0.06307922513832802 0.061810622904625745 0.0606000637273187 0.05944370213405955 0.05833802311359662 0.057279807502394704 0.05626610161080131 0.05529419049904608 0.05436157440457556 0.05346594789799373 0.052605181408029375 0.051777304808758015
0.01713145402448582 0.016321001567453586 0.01557182131093549 0.01487784364280105 0.014233730565726585 0.01363477306529586 0.013076804733401844 0.012556128802598243 0.012069456288108339 0.011613853364742811 0.0111866964500126 0.010785633740750466 0.010408552172898947 0.010053548953917961 0.009718906963202899 0.009403073434795937 0.009104641433878293 0.008822333718282394 0.008554988641917111 0.008301547811226172 0.008061045250733508 0.007832597871078276
