3.246245697265847 5.6316137091536
3.2462457456386775 5.6316137091536
3.246245697265847 5.631613793071184
2.410892853457897 4.191374016501165
2.4108928893829997 4.191374016501165
2.410892853457897 4.191374078957504
2.435440303451552 4.03406162073835
2.4354403397424407 4.03406162073835
2.435440303451552 4.034061680850552
3.4734582465290074 1.950885457539619
2.6951950872427695 3.5137649494394374
2.695195127404306 3.5137649494394374
2.6951950872427695 3.5137650017986153
3.0520531268932607 2.87007703131939
3.0520531723723963 2.87007703131939
3.0520531268932607 2.8700770740868706
3.4490089912341806 2.250312690491148
3.4490090426284197 2.250312690491148
3.4490089912341806 2.25031272402342
3.5744602257062654 2.1157129132096193
3.5744602789698736 2.1157129132096193
3.5744602257062654 2.1157129447361984
3.7953733531870033 1.8214038253344613
3.630717460648535 2.042919358650496
3.630717514750441 2.042919358650496
3.630717460648535 2.0429193890923667
3.7426798546610796 1.8969072543516168
3.7426799104313555 1.8969072543516168
3.7426798546610796 1.8969072826177376
3.9752276554400146 1.611702118612253
3.8021807310245537 1.8267401411098685
3.8021807876814617 1.8267401411098685
3.8021807310245537 1.8267401683304179
3.9199852766176138 1.6853994133898669
3.919985335029946 1.6853994133898669
3.9199852766176138 1.6853994385042752
4.043636045260995 1.5491437724471593
4.043636105515867 1.5491437724471593
4.043636045260995 1.5491437955312004
4.171903020645274 1.4172244967495728
4.077252032279501 1.5177445696874223
4.077252093035291 1.5177445696874223
4.077252032279501 1.5177445923035788
4.140997880000127 1.4514102273971679
4.093283089964888 1.5012524103751415
4.09328315095956 1.5012524103751415
4.093283089964888 1.5012524327455457
4.125277830650547 1.4682027343459745
4.125277892121977 1.4682027343459745
4.125277830650547 1.4682027562239002
4.157686028502657 1.435558389825768
4.1334928126013715 1.4601553370107427
4.133492874195214 1.4601553370107427
4.1334928126013715 1.4601553587687528
4.125419900255091 1.468345246569018
4.125419961728638 1.468345246569018
4.125419900255091 1.4683452684490672
4.133491984536779 1.4601545208580207
4.1274441743596055 1.4663037464783963
4.127444235863316 1.4663037464783963
4.1274441743596055 1.466303768328025
0.2158680132895605 4.1274441743596055 1.4663037464783963 0.0005148106715754287
0.08049584114703656 0.07825640397815964 0.07614729962635948 0.07415770117160271 0.07227792831641386 0.0704993021856542 0.06881402123011528 0.06721505480923894 0.0656960516368213 0.06425126076539307 0.06287546318398538 0.06156391242890322 0.06031228287265746 0.059116624573974444 0.05797332375101371 0.0568790680879055 0.055830816207314 0.0548257707436175 0.05386135453624159 0.05293518953371104 0.05204507805856291 0.051188986133373374
0.016637702028915076 0.015789606133075142 0.015006621601856729 0.014282347163281816 0.013611133830917244 0.012987983474235307 0.012408462653072917 0.011868629201746438 0.011364969495310856 0.010894344692600267 0.010453944545069645 0.010041247600504094 0.009653986827001254 0.009290119843707154 0.008947803077319672 0.008625369272740102 0.008321307876758116 0.008034247888759732 0.007762942834942828 0.007506257574665347 0.007263156691167742 0.007032694255489742
