6.433625660141873 1.4633607592704592
6.433625756010366 1.4633607592704592
6.433625660141873 1.4633607810762337
4.509617551592427 1.0405541780085263
4.509617618790966 1.0405541780085263
4.509617551592427 1.040554193513992
2.2780471012848493 2.763588878276174
3.9648904722389755 1.4878455956909273
4.387867531889662 1.1679384702484095
4.387867597273983 1.1679384702484095
4.387867531889662 1.1679384876520489
4.121332540470242 1.3984995232850574
4.324094276918884 1.228728504400415
4.32409434135291 1.228728504400415
4.324094276918884 1.2287285227098965
4.192172615868475 1.3455467416443512
4.291639354182394 1.258515952522249
4.291639418132803 1.258515952522249
4.291639354182394 1.258515971275598
4.3246436743150465 1.2293384110215704
4.324643738757259 1.2293384110215704
4.3246436743150465 1.2293384293401401
4.291648111024644 1.258525854873191
4.316509768228431 1.236763230984995
4.316509832549439 1.236763230984995
4.316509768228431 1.2367632494142031
4.324785964247783 1.229497354632867
4.324786028692116 1.229497354632867
4.324785964247783 1.2294973729538052
4.316510778211676 1.2367643812451037
4.322725584149255 1.2313236507703509
4.322725648562886 1.2313236507703509
4.322725584149255 1.231323669118503
0.24947018889529737 4.322725584149255 1.2313236507703509 0.0004596751556243917
0.08083379303301119 0.07860077153266325 0.07649718788516185 0.07451233336825502 0.07263662885382446 0.07086148231730005 0.06917916697819534 0.06758271673646973 0.06606583615983903 0.06462282275476795 0.06324849964169031 0.06193815707105484 0.06068750147528616 0.059492610963911174 0.058349896343825314 0.05725606689105161 0.05620810022003547 0.055203215696056004 0.05423885091937312 0.05331264087920865 0.05242239943396802 0.051566102823181206
0.017014590260544124 0.016154134970455498 0.015359352767793344 0.014623822044479793 0.013941872004768076 0.013308481929784243 0.012719195530214437 0.012170047913035513 0.011657503125993297 0.01117840059864708 0.010729909087749142 0.01030948697057019 0.00991484792286226 0.009543931176695395 0.009194875683971395 0.008865997619253546 0.008555770744863342 0.008262809235369872 0.007985852620367183 0.007723752556009831 0.007475461178952042 0.007240020832570436
