3.661853421776003 4.410947151547338
3.661853476341871 4.410947151547338
3.661853421776003 4.410947217275573
2.836124081351766 3.440813899563702
2.8361241236133083 3.440813899563702
2.836124081351766 3.4408139508358246
2.7507959456923143 3.52317760104109
2.7507959866823684 3.52317760104109
2.7507959456923143 3.523177653540527
1.2932091133298647 6.234455960288336
2.38597776031116 4.200914766864001
2.3859777958649993 4.200914766864001
2.38597776031116 4.2009148294625085
1.7768424563628022 5.489246107127299
1.7768424828398182 5.489246107127299
1.7768424563628022 5.48924618892344
1.5898334013247721 6.043833695135398
1.589833425015136 6.043833695135398
1.5898334013247721 6.043833785195538
1.603901572327853 6.024480982925659
1.6039015962278487 6.024480982925659
1.603901572327853 6.024481072697421
1.6036936286244305 6.025042233066041
1.603693652521328 6.025042233066041
1.6036936286244305 6.025042322846167
0.057277559772055286 1.6036936286244305 6.025042233066041 0.0004024354413669202
0.07867667033607813 0.07654409021423521 0.07453761488408842 0.07264649239834368 0.07086115173771013 0.0691730461996287 0.06757452083763607 0.06605869979402869 0.06461939016126281 0.06325099963600082 0.06194846573048129 0.06070719470684268 0.05952300872258564 0.05839209993603119 0.057310990532219545 0.056276497802173905 0.055285703549631283 0.05433592721535771 0.05342470220486915 0.05254975498462107 0.05170898657757623 0.05090045614396486
0.017020519673336724 0.016231379506176077 0.015501995007376515 0.014826386122789349 0.014199305757125547 0.013616134716602573 0.01307279371153066 0.012565669350992318 0.01209155166246478 0.011647581143503088 0.011231203728757189 0.010840132355260781 0.010472314048689008 0.010125901645919463 0.00979922942464129 0.009490792036634166 0.00919922624369028 0.008923295038688167 0.008661873802756676 0.008413938205721457 0.00817855360343193 0.007954865723976603
