3.2339966790594827 5.091382645205276
3.2339967272497887 5.091382645205276
3.2339966790594827 5.091382721072789
2.535417202656346 4.030776759201999
2.5354172404370066 4.030776759201999
2.535417202656346 4.030776819265253
2.390152303270308 4.230852173546965
2.390152338886353 4.230852173546965
2.390152303270308 4.230852236591575
1.051933202009003 6.992486030381962
2.054863455961171 4.9211116339808125
2.0548634865810227 4.9211116339808125
2.054863455961171 4.92111170731109
1.477201918448734 6.247865549773472
1.477201940460758 6.247865549773472
1.477201918448734 6.247865642873924
1.1231052949564089 7.257684081412234
1.1231053116919818 7.257684081412234
1.1231052949564089 7.257684189560154
1.1633116793478646 7.192557122264761
1.1633116966825594 7.192557122264761
1.1633116793478646 7.1925572294422135
1.1633284688612888 7.192967356989205
1.1633284861962339 7.192967356989205
1.1633284688612888 7.192967464172771
0.04787110960733021 1.1633284688612888 7.192967356989205 0.0005247443936041784
0.07785122660042688 0.07577683485057296 0.07382592682128607 0.07198785541996972 0.0702531613384463 0.06861341246439885 0.06706106850859476 0.06558936638093607 0.06419222272290083 0.06286415069213738 0.061600188639538145 0.06039583875232204 0.059247014083032526 0.05814999266268459 0.057101377620997776 0.05609806241890094 0.055137200446958246 0.054216178364823724 0.05333259265660733 0.052484228959316245 0.05166904378965586 0.050885148351075535
0.01746051109738468 0.016696340618698582 0.015989490602045728 0.01533418663725515 0.014725374950073953 0.014158616402937961 0.01362999824965985 0.0131360603407137 0.012673733146276884 0.01224028548823 0.011833280283970767 0.011450536929861092 0.01109009920988201 0.010750207820469263 0.010429276766917463 0.010125873018928188 0.009838698919606644 0.009566576928742562 0.009308436351647818 0.00906330176238293 0.008830282877419235 0.008608565674654511
