1.7353930580432295 2.548678448636638
1.7353930839026013 2.548678448636638
1.7353930580432295 2.5486784866149064
1.0203252112445087 5.548016521432723
1.0203252264485392 5.548016521432723
1.0203252112445087 5.548016604104612
2.2482642154912567 4.264601753259049
2.2482642489930043 4.264601753259049
2.2482642154912567 4.264601816806567
3.4292183490545916 2.1292260953860196
2.630332469121357 3.7890189884519043
2.630332508316365 3.7890189884519043
2.630332469121357 3.789019044912687
3.1989073272897954 2.7095084062374504
2.7793865041595573 3.522895570105789
2.7793865455756435 3.522895570105789
2.7793865041595573 3.5228956226010237
3.0704360645549205 2.986756343778123
3.070436110307983 2.986756343778123
3.0704360645549205 2.986756388284261
3.3916345706493645 2.4681171278521967
3.391634621188658 2.4681171278521967
3.3916345706493645 2.4681171646300077
3.7433614535768918 1.9696762422502552
3.4887095877866168 2.3504900228289505
3.488709639772441 2.3504900228289505
3.4887095877866168 2.3504900578539814
3.662985153258547 2.100156632261832
3.6629852078412792 2.100156632261832
3.662985153258547 2.1001566635566045
3.8498412187445847 1.8590682875736904
3.849841276111689 1.8590682875736904
3.8498412187445847 1.8590683152759666
4.047574238575171 1.626817492048535
3.902745138060742 1.8041492652036915
3.902745196216176 1.8041492652036915
3.902745138060742 1.8041492920876105
4.000824640075088 1.6873584005225637
4.0008246996920205 1.6873584005225637
4.000824640075088 1.6873584256661631
4.102979174861211 1.5741146553929615
4.102979236000365 1.5741146553929615
4.102979174861211 1.5741146788490976
4.078540747014262 1.6033805770193377
4.078540807789255 1.6033805770193377
4.078540747014262 1.60338060091157
4.027143432062237 1.6597120931786713
4.065769729412468 1.6175345107652115
4.065769789997158 1.6175345107652115
4.065769729412468 1.6175345348683539
4.068999775011515 1.6140300348957242
4.068999835644337 1.6140300348957242
4.068999775011515 1.6140300589466459
4.075420701531305 1.6069851867501332
4.075420762259806 1.6069851867501332
4.075420701531305 1.6069852106960785
4.0689959078288656 1.6140265082630363
4.073819473379721 1.6087500393869019
4.075025396235882 1.6074308867611757
4.075025456958492 1.6074308867611757
4.075025396235882 1.6074309107137625
0.19754682072943974 4.075025396235882 1.6074308867611757 0.0003921021621398301
0.07915695533018619 0.07693174933504365 0.07483684092694717 0.07286133832624349 0.07099551035904836 0.06923063859444085 0.06755889110241796 0.06597321430266471 0.06446724000531166 0.06303520525416825 0.06167188299553848 0.06037252193125347 0.059132794188405835 0.05794874966258332 0.05681677607577611 0.05573356394220628 0.05469607576117334 0.053701518860489156 0.05274732140109416 0.051831111126141444 0.05095069649875122 0.05010404992382934
0.01634395303774473 0.015500884484918265 0.014723116305381867 0.014004175790644838 0.013338356891897971 0.012720616067119144 0.01214648391830552 0.011611989998764102 0.01111359863946071 0.010648154022874164 0.010212833040746125 0.009805104722826145 0.009422695228460889 0.009063557560603548 0.008725845299630705 0.00840788976791863 0.008108180129984788 0.00782534601078351 0.007558142279387742 0.0073054356991565095 0.007066193190495903 0.00683947149002444
