4.454662850860197 5.619633037947914
4.454662917239847 5.619633037947914
4.454662850860197 5.619633121686971
2.8398079259800557 3.619891329668752
2.8398079682964914 3.619891329668752
2.8398079259800557 3.619891383609336
2.727658236384262 3.6300867736084776
2.727658277029537 3.6300867736084776
2.727658236384262 3.630086827700986
1.1244300170769959 6.660337536671337
2.324906208842862 4.387271194948663
2.324906243486664 4.387271194948663
2.324906208842862 4.3872712603240975
1.6583678189813953 5.831886286484957
1.6583678436930014 5.831886286484957
1.6583678189813953 5.831886373386835
1.1058135750307214 7.323821270103759
1.1058135915086278 7.323821270103759
1.1058135750307214 7.3238213792372
1.1174340731966343 7.401411707611924
1.1174340898476995 7.401411707611924
1.1174340731966343 7.401411817901553
1.1177912439520192 7.401498417317007
1.1177912606084068 7.401498417317007
1.1177912439520192 7.401498527607928
0.046907465557411876 1.1177912439520192 7.401498417317007 0.0007884020579570771
0.0776517042294839 0.07558019372654043 0.07363237837534133 0.071797551947398 0.07006620788272425 0.06842987630139742 0.06688098674226327 0.06541275204596086 0.06401906970183338 0.0626944376872658 0.061433882388153706 0.06023289663417681 0.05908738623785901 0.0579936237115395 0.05694820806630726 0.055948029783227195 0.05499024019877075 0.05407222467024697 0.05319157898870093 0.05234608859051775 0.0515337101882609 0.0507525554988032
0.017278449139530225 0.016526637718565544 0.015831266607154386 0.015186631361668455 0.014587743048561391 0.0140302223397184 0.013510211470466361 0.013024300711819405 0.012569466693442203 0.01214302044794423 0.011742563465818808 0.01136595038020586 0.011011257161804804 0.010676753911990461 0.01036088150817944 0.010062231488735295 0.009779528672114908 0.00951161609191735 0.009257441900183735 0.009016047948984578 0.008786559807592204 0.008568178011398895
