2.6984983460070135 6.461505839632417
2.6984983862177723 6.461505839632417
2.6984983460070135 6.461505935916357
2.062950651879307 4.976566787186732
2.062950682619667 4.976566787186732
2.062950651879307 4.976566861343356
1.9835899350175894 5.023612289852912
1.9835899645753827 5.023612289852912
1.9835899350175894 5.023612364710568
1.4791623454355811 6.165270008062032
1.4791623674768177 6.165270008062032
1.4791623454355811 6.165270099931715
1.5031733690464049 6.1760692284562095
1.5031733914454335 6.1760692284562095
1.5031733690464049 6.176069320486812
1.5026066126384798 6.178003779330589
1.5026066350290632 6.178003779330589
1.5026066126384798 6.178003871390019
0.05661406032546901 1.5026066126384798 6.178003779330589 0.0005667727022198485
0.07959245715152342 0.07745143460372199 0.07543680327497142 0.0735377979069716 0.0717448353105351 0.07004935753998645 0.06844369917346943 0.06692097452674943 0.06547498142503602 0.06410011878882811 0.06279131579271273 0.0615439707585668 0.06035389826830256 0.059217283242792844 0.05813064094580343 0.05709078204467484 0.056094782000996476 0.05513995418076231 0.05422382616937487 0.05334411885622848 0.05249872791954171 0.05168570739707964
0.017099993326052096 0.016319107540952196 0.015597041333047163 0.014927921701846567 0.01430659534450224 0.013728525373210856 0.01318970483985424 0.01268658403749833 0.012216009143461638 0.011775170238125266 0.011361557105711965 0.010972921519441453 0.010607244950274604 0.010262710828596547 0.009937680641485357 0.009630673272304028 0.00934034709019542 0.009065484379320041 0.008804977765027148 0.008557818349490846 0.008323085314975135 0.008099936790645988
