2.083798547345017 3.38942056441401
2.0837985783960353 3.38942056441401
2.083798547345017 3.3894206149203123
1.6911849393281757 5.448800620311581
1.691184964528795 5.448800620311581
1.6911849393281757 5.4488007015050375
2.1015126223809357 5.030630288695057
2.101512653695914 5.030630288695057
2.1015126223809357 5.0306303636572895
2.1932153455325665 4.85641660799381
2.193215378214022 4.85641660799381
2.1932153455325665 4.856416680360057
2.201125662490583 4.84063848812961
2.201125695289911 4.84063848812961
2.201125662490583 4.840638560260744
2.201580026348803 4.839645931301847
2.2015800591549017 4.839645931301847
2.201580026348803 4.839646003418191
0.07090336490889204 2.201580026348803 4.839645931301847 0.000367938962168874
0.07799700036716899 0.07582473348134094 0.07378106510924332 0.07185506475010153 0.07003699323104103 0.06831814657872202 0.06669072350203835 0.06514771247842792 0.06368279518486208 0.062290263611474 0.06096494867399273 0.05970215852599341 0.05849762508304539 0.057347457523342145 0.05624810173520069 0.05519630485022662 0.054189084139281564 0.053223699662449296 0.052297630158585025 0.05140855173840585 0.05055431901038509 0.04973294832330011
0.016239466696835132 0.015436986955189505 0.014696425220326914 0.014011566190969679 0.013376949884364789 0.012787765209358459 0.012239760425446753 0.011729167533357707 0.01125263820397649 0.010807189299284956 0.010390156396233507 0.009999154011215462 0.009632041453884702 0.009286893425969936 0.008961974632494814 0.008655717796472007 0.008366704569259153 0.008093648911737833 0.007835382589788184 0.007590842483955468 0.0073590594599577475 0.007139148585542993
