5.224918189681418 4.970012324814844
5.224918267538766 4.970012324814844
5.224918189681418 4.9700123988737985
3.1029118849058643 2.979368519396518
3.1029119311428546 2.979368519396518
3.1029118849058643 2.979368563792568
3.041409465206066 2.9363428607049133
3.0414095105265986 2.9363428607049133
3.041409465206066 2.9363429044598317
2.1797504020854515 4.375862344206679
2.825808837011201 3.2961170903190817
2.825808879119034 3.2961170903190817
2.825808837011201 3.296117139435054
2.5924819589933805 3.727477884387019
2.5924819976243723 3.727477884387019
2.5924819589933805 3.727477939930768
2.146755364392816 4.601195269771814
2.4861251172847805 3.948422705299137
2.4861251543309315 3.948422705299137
2.4861251172847805 3.9484227641352203
2.267117898597964 4.387227223083001
2.267117932380653 4.387227223083001
2.267117898597964 4.387227288457781
2.193794293889588 4.555356005082805
2.19379432657967 4.555356005082805
2.193794293889588 4.5553560729628995
2.190942071702958 4.563255947488028
2.190942104350539 4.563255947488028
2.190942071702958 4.563256015485841
0.07456947589918261 2.190942071702958 4.563255947488028 0.0008183229324504062
0.07959017288882539 0.07740760039014036 0.07535286088087371 0.07341521378279504 0.07158507515199644 0.0698538679692451 0.06821389478085531 0.06665822894701495 0.06518062144400327 0.06377542071855194 0.06243750353621014 0.061162215123733966 0.059945317195910175 0.05878294269362663 0.05767155625321796 0.05660791958563339 0.055589061074518484 0.05461224901018753 0.05367496796594331 0.05277489789765829 0.051909895609699296 0.05107797828234451
0.01693287534968922 0.016106346272295725 0.01534281495416844 0.014636042261040004 0.013980536258932516 0.013371448563931151 0.012804486868938696 0.012275840865091864 0.011782119294821737 0.011320296288893807 0.01088766547327676 0.010481800600513052 0.010100521677754545 0.009741865740226834 0.009404061562792861 0.00908550771995911 0.008784753501213226 0.008500482268054495 0.008231496904707253 0.007976707068873093 0.00773511799405075 0.0075058206325987024
