5.375014133509764 5.40333761947263
5.375014213603716 5.40333761947263
5.375014133509764 5.403337699988635
3.019767033398946 3.0663687216814783
3.0197670783969817 3.0663687216814783
3.019767033398946 3.066368767373933
2.934763904972954 3.0206192597960024
2.934763948704344 3.0206192597960024
2.934763904972954 3.020619304806737
1.3239476470790086 5.756958942950668
2.53121511938643 3.7045345417496844
2.5312151571044748 3.7045345417496844
2.53121511938643 3.7045345969515506
1.8807200333298575 4.996733728750701
1.8807200613547699 4.996733728750701
1.8807200333298575 4.996733803207836
1.782057335679674 5.344689666096587
1.7820573622343976 5.344689666096587
1.782057335679674 5.344689745738669
1.6162581348231742 5.742296955809449
1.616258158907297 5.742296955809449
1.6162581348231742 5.742297041376341
1.623964732385064 5.731404508873363
1.623964756584024 5.731404508873363
1.623964732385064 5.7314045942779455
1.6244278114595887 5.730297317060906
1.6244278356654493 5.730297317060906
1.6244278114595887 5.73029740244899
0.0607115079252758 1.6244278114595887 5.730297317060906 0.0003902301899233292
0.08043205276581501 0.0782734504969046 0.07624147427771381 0.07432542429360972 0.07251576464415901 0.07080397055374482 0.0691823987959638 0.0676441773638068 0.06618311116553394 0.06479360112092128 0.06347057450785853 0.062209424790905465 0.061005959471226154 0.059856354746702395 0.05875711597392392 0.057705043089517884 0.05669720028424914 0.05573088933527961 0.054803626094508326 0.053913119707668024 0.05305725420274143 0.052234072139620336
0.01731451421435511 0.016515645966961024 0.015776815543773318 0.015092071859574351 0.014456185071354958 0.013864544492630776 0.013313072861575743 0.012798154063914347 0.012316571970789225 0.011865458495166677 0.011442249323323661 0.011044646060190575 0.010670583753920871 0.010318202947723891 0.009985825554827132 0.009671933972531035 0.009375152949249512 0.009094233798574308 0.008828040620222868 0.00857553824197292 0.008335781641538916 0.008107906644552286
