2.9816130200158923 3.431063893834863
2.9816130644453884 3.431063893834863
2.9816130200158923 3.431063944961699
2.8636916358608637 3.3135766612833626
2.8636916785331943 3.3135766612833626
2.8636916358608637 3.3135767106595027
2.4071307989176205 4.129667639247372
2.748782442570776 3.517106878810458
2.7487824835308263 3.517106878810458
2.748782442570776 3.5171069312194345
2.625441801209416 3.7494913629137505
2.6254418403315474 3.7494913629137505
2.625441801209416 3.7494914187855257
2.3846078531438795 4.217317033984404
2.3846078886773054 4.217317033984404
2.3846078531438795 4.217317096827325
2.1415667249162333 4.733233407932659
2.1415667568280643 4.733233407932659
2.1415667249162333 4.733233478463332
2.1638982957651964 4.701812366287258
2.1638983280097936 4.701812366287258
2.1638982957651964 4.701812436349722
2.1636421150821605 4.702443177775587
2.1636421473229404 4.702443177775587
2.1636421150821605 4.702443247847451
0.07405529080385787 2.1636421150821605 4.702443177775587 0.0003959042800707945
0.07990208909669635 0.0777024426431421 0.07563205979070091 0.07368003866202148 0.07183665621885435 0.07009321500435083 0.0684419128734201 0.06687573184204557 0.06538834290294081 0.06397402422754174 0.06262759063406027 0.06134433257204518 0.06011996317411818 0.058950572169693634 0.0578325856548209 0.05676273087566552 0.05573800531756327 0.05475564950257095 0.05381312299041427 0.0529080831542085 0.052038366366131496 0.05120197128162709
0.016477459485234085 0.015672342788663616 0.014928777767619241 0.014240643242353928 0.013602554811529706 0.013009762057724356 0.012458061897870564 0.011943725283090659 0.011463434977837778 0.011014232567758664 0.010593473181955136 0.010198786685910335 0.009828044319917328 0.00947932993505731 0.0091509151229698 0.008841237653402924 0.008548882730010423 0.00827256665417981 0.008011122552098602 0.007763487874398629 0.007528693422649308 0.00730585369437613
