3.9558171357291574 2.8202052271685814
3.955817194675426 2.8202052271685814
3.9558171357291574 2.8202052691929143
3.332943883006682 2.3909994680524758
3.3329439326714163 2.3909994680524758
3.332943883006682 2.3909995036811442
3.2507244142523786 2.484920863628776
3.250724462691947 2.484920863628776
3.2507244142523786 2.484920900656982
1.8026189975597506 4.659757759870983
2.889044783968079 3.028860792740298
2.889044827018201 3.028860792740298
2.889044783968079 3.0288608378738413
2.2440109386744367 4.164934093281879
2.244010972112805 4.164934093281879
2.2440109386744367 4.164934155344233
1.719818290703591 5.361576593609799
1.7198183163308807 5.361576593609799
1.719818290703591 5.361576673503516
0.7359309571599055 7.777803694810964
1.499215759361642 5.9753528181175115
1.4992157817016978 5.9753528181175115
1.499215759361642 5.975352907157207
1.0232522387135456 7.1898509240995425
1.0232522539611921 7.1898509240995425
1.0232522387135456 7.18985103123667
0.9785330121853546 7.389031588480832
0.9785330270865158 7.389031588480832
0.9785330121853546 7.389031698585983
0.9795996290943001 7.388012371614659
0.9795996439954613 7.388012371614659
0.9795996290943001 7.388012481704622
0.04770539831275711 0.9795996290943001 7.388012371614659 0.0004462634129268448
0.08004055300333242 0.07795032508942755 0.0759838736028984 0.07413057025421527 0.07238096915703682 0.0707266472266898 0.06916006961869482 0.0676744757729468 0.06626378249729871 0.06492250120743064 0.06364566698043343 0.06242877750952218 0.0612677403911027 0.06015882745166959 0.05909863504505088 0.05808404943140972 0.05711221649678334 0.056180515192503194 0.05528653417288464 0.05442805119126199 0.05360301488207039 0.05280952861287623
0.017842775412196053 0.017090412859881284 0.016393797538285976 0.01574734794421437 0.015146177531597846 0.014585992497422836 0.014063006704935519 0.01357387055101329 0.013115611233653925 0.012685582382639967 0.01228142141464098 0.011901013288245433 0.011542459583564743 0.011204052029522 0.010884249760751854 0.010581659713678358 0.010295019674361685 0.010023183574204385 0.009765108697556858 0.0095198445207714 0.009286522947774682 0.009064349744694607
