4.655921001146989 5.486639824091075
4.655921070525618 5.486639824091075
4.655921001146989 5.486639905848379
2.884285087873506 3.428788974098715
2.884285130852703 3.428788974098715
2.884285087873506 3.428789025191652
2.8094553090675762 3.3822857655630414
2.8094553509317226 3.3822857655630414
2.8094553090675762 3.382285815963027
1.844641426080817 5.136273773773418
2.567560242251555 3.820647143582779
2.5675602805111843 3.820647143582779
2.567560242251555 3.820647200514858
2.153173653765391 4.645411073139304
2.1531736858501787 4.645411073139304
2.153173653765391 4.645411142361323
1.9919065921044965 5.045903199926853
1.9919066217862178 5.045903199926853
1.9919065921044965 5.04590327511667
2.007121619935257 5.0208328316744
2.0071216498437 5.0208328316744
2.007121619935257 5.020832906490639
2.0068647770003922 5.021462339149403
2.006864806905008 5.021462339149403
2.0068647770003922 5.021462413975023
0.06755536038023924 2.0068647770003922 5.021462339149403 0.0003544322667643194
0.07887986881180142 0.07672071458811898 0.07468846331558542 0.07277239924061263 0.0709629680618009 0.06925162541396372 0.06763070817840638 0.06609332475763234 0.06463326117201283 0.06324490040992979 0.06192315292301582 0.06066339652861425 0.05946142428122905 0.05831339911810289 0.057215814282532335 0.05616545869102873 0.055159386543992404 0.05419489058974689 0.053269478543005 0.05238085223462666 0.051526889132711896 0.05070562592791355
0.01700140461736991 0.016181747278950196 0.015424523447078628 0.014723524883012581 0.014073292544121105 0.013469011567197544 0.012906422849144538 0.012381748329738686 0.01189162762990753 0.011433064136050147 0.011003378970547664 0.010600171569375188 0.010221285814083884 0.009864780848612968 0.009528905860199034 0.009212078224967309 0.00891286451804386 0.008629963969511227 0.008362194014648836 0.008108477642366304 0.007867832291720965 0.00763936008465015
