3.3958346153054366 5.304488075729297
3.3958346659073158 5.304488075729297
3.3958346153054366 5.304488154772328
2.4830486045005467 3.8987786655787358
2.4830486415008544 3.8987786655787358
2.4830486045005467 3.8987787236750653
2.451857854666627 3.8456177065934893
2.4518578912021565 3.8456177065934893
2.451857854666627 3.8456177638976587
2.497818986991893 3.7554779519539796
2.4978190242122964 3.7554779519539796
2.497818986991893 3.755478007914962
2.5145524283678555 3.723710003303545
2.5145524658376064 3.723710003303545
2.5145524283678555 3.723710058791148
2.5202702188630655 3.7127795738157885
2.5202702564180184 3.7127795738157885
2.5202702188630655 3.7127796291405155
2.522253291396547 3.708977747803143
2.52225332898105 3.708977747803143
2.522253291396547 3.7089778030712184
0.09093820810047892 2.522253291396547 3.708977747803143 0.0006401036560775069
0.08099099150695566 0.07877950472837689 0.07669631626331612 0.07473077555115021 0.07287336255214663 0.07111554383377239 0.0694496497426962 0.0678687692038908 0.06636665931105185 0.06493766737399664 0.06357666349410211 0.06227898206789092 0.06104037088699337 0.059856946722009356 0.05872515645782006 0.05764174299621093 0.05660371526428148 0.055608321768824076 0.054653027221499555 0.053735491830304585 0.052853552912009494 0.05200520852995875
0.01722905453396761 0.016378624215655703 0.01559269756631897 0.014864961721989225 0.014189846790360434 0.013562425019690115 0.012978325308775915 0.012433660493142347 0.011924965306877587 0.011449143293880616 0.011003421245120305 0.010585309984365897 0.010192570525119274 0.009823184785155037 0.009475330179273295 0.009147357521248038 0.008837771757018987 0.008545215126532113 0.008268452414176614 0.008006357999821937 0.00775790446590738 0.007522152552401277
