5.186417298860712 2.88288563333459
5.186417376144352 2.88288563333459
5.186417298860712 2.8828856762929336
3.5800836978822677 2.0076085448878405
3.580083751229672 2.0076085448878405
3.5800836978822677 2.007608574803539
3.5551478773127667 2.0049863361528946
3.5551479302885984 2.0049863361528946
3.5551478773127667 2.0049863660295193
1.6957560610291988 4.4114469582963505
3.090215989812702 2.6065658247973698
3.4388310032390073 2.1553455333172526
3.4388310544815823 2.1553455333172526
3.4388310032390073 2.155345565434404
3.2941560717685916 2.3567123595226662
3.2941561208553423 2.3567123595226662
3.2941560717685916 2.356712394640417
3.015735630471023 2.7670778013372885
3.015735675408986 2.7670778013372885
3.015735630471023 2.767077842569961
2.764954249107258 3.1948936924976388
2.7649542903082867 3.1948936924976388
2.764954249107258 3.1948937401052646
2.283734774395788 4.062129974620676
2.283734808426088 4.062129974620676
2.283734774395788 4.06213003515113
1.8714274861476976 4.9641685835114915
1.8714275140341403 4.9641685835114915
1.8714274861476976 4.964168657483368
1.6801781684464567 5.45276922320144
1.6801781934830624 5.45276922320144
1.6801781684464567 5.4527693044540335
1.7012770402224342 5.416024051971166
1.7012770655734377 5.416024051971166
1.7012770402224342 5.416024132676213
1.700736669215719 5.417406984894919
1.7007366945586704 5.417406984894919
1.700736669215719 5.417407065620574
0.06395710081911499 1.700736669215719 5.417406984894919 0.0008223736324375556
0.08119129864293126 0.07902054596575195 0.07697644699682064 0.0750483692202836 0.07322682809387257 0.07150333759776077 0.06987028328593045 0.0683208140306591 0.06684874936143752 0.06544849986636272 0.0641149985781187 0.06284364163212265 0.061630236779872824 0.06047095858041981 0.059362309288458946 0.058301084617630644 0.05728434368917062 0.056309382584561 0.05537371101066456 0.05447503166045058 0.053611221914630476 0.052780317581550044
0.017543491880025606 0.01673067040580316 0.01597873700968577 0.015281695236105635 0.014634268906175538 0.014031801260468237 0.013470170064912116 0.01294571588649158 0.01245518127704414 0.011995659026386156 0.011564547983899828 0.011159515218778159 0.010778463507440893 0.010419503313151628 0.010080928566128293 0.009761195669141288 0.009458905249001698 0.009172786252615027 0.00890168205071077 0.008644538265577092 0.008400392083228125 0.008168362847086419
