3.0276973533023472 3.7509733366201177
3.0276973984185536 3.7509733366201177
3.0276973533023472 3.750973392513976
2.783097788714895 3.4557821833637345
2.783097830186284 3.4557821833637345
2.783097788714895 3.455782234858902
2.709950079557297 3.581619591395982
2.7099501199387 3.581619591395982
2.709950079557297 3.5816196447662727
2.414391113887312 4.136627239683785
2.6364283353952342 3.7205668480286156
2.6364283746810777 3.7205668480286156
2.6364283353952342 3.720566903469382
2.4914962139922 3.9995683321592264
2.4914962511183867 3.9995683321592264
2.4914962139922 3.999568391757439
2.429106306990071 4.1297774869573525
2.4291063431865756 4.1297774869573525
2.429106306990071 4.129777548495833
2.425355382584743 4.138513860051965
2.4253554187253545 4.138513860051965
2.425355382584743 4.1385139217206275
0.08430594777370204 2.425355382584743 4.138513860051965 0.0005282785233655062
0.08042562853206033 0.07820109377077876 0.07610696741438815 0.07413229640633634 0.07226730510130115 0.07050324334463755 0.06883225713382715 0.06724727810060001 0.06574192874083767 0.06431044087133093 0.06294758523694197 0.06164861055113485 0.060409190544669714 0.05922537783514688 0.05809356362475913 0.05701044239351074 0.05597298088697759 0.054978390806732017 0.05402410470207804 0.05310775463713469 0.05222715327029942 0.05138027703592371
0.016296140541522286 0.015486139361781696 0.014738245836662538 0.014046299594077955 0.013404876672202018 0.01280918782461564 0.01225499259326519 0.011738526459367134 0.011256438879739913 0.010805740414862042 0.010383757475968711 0.009988093477839967 0.009616595394203323 0.009267324883757613 0.008938533294502206 0.008628639968474239 0.008336213363029787 0.008059954582331129 0.007798682976817828 0.007551323521624923 0.00731689572916045 0.007094503887975029
