2.945702876207659 1.1628783513700274
2.9457029201020526 1.1628783513700274
2.945702876207659 1.162878368698265
1.0326632601767642 3.6867109374342286
3.1339113069520836 1.931915609916821
3.1339113536510013 1.931915609916821
3.1339113069520836 1.931915638704607
4.3715211557552776 0.9441480583688256
4.371521220896019 0.9441480583688256
4.3715211557552776 0.9441480732699868
3.1643367044274884 1.96887659521076
4.15897229857603 1.2781138693748437
4.158972360549547 1.2781138693748437
4.15897229857603 1.2781138884202246
3.6061210726343567 1.8448556451521685
4.0498196974137155 1.4432297515963264
4.049819757760732 1.4432297515963264
4.0498196974137155 1.4432297731021255
4.334432771259565 1.1680832855003058
4.1246009623592 1.3784057696241991
4.124601023820544 1.3784057696241991
4.1246009623592 1.3784057901640456
4.26766609746419 1.241621589180447
4.1608300035295 1.3447003823356198
4.160830065530699 1.3447003823356198
4.1608300035295 1.344700402373217
4.232940697757796 1.2769181279951016
4.1789924575216295 1.3278993584358134
4.17899251979347 1.3278993584358134
4.1789924575216295 1.3278993782230557
4.21518594619445 1.2941557970635633
4.188077626430267 1.3195031098284855
4.188077688837486 1.3195031098284855
4.188077626430267 1.319503129490614
4.206208796884006 1.3026683304395084
4.206208859561402 1.3026683304395084
4.206208796884006 1.3026683498507792
4.201707846947316 1.3069110619724995
4.2017079095576415 1.3069110619724995
4.201707846947316 1.306911081446992
4.197163041642072 1.3111067819263404
4.197163104184675 1.3111067819263404
4.197163041642072 1.311106801463354
4.198299605269865 1.3100582445190057
4.198299667829404 1.3100582445190057
4.198299605269865 1.3100582640403948
0.23824261312547557 4.198299605269865 1.3100582445190057 0.0003264341703463195
0.081666406303331 0.07942131063117008 0.07730597943866238 0.07530970885383115 0.07342292074833676 0.07163702115024166 0.06994427909637117 0.06833772262990502 0.06681104923020474 0.06535854843252828 0.06397503477771313 0.06265578954378444 0.061396509966689876 0.06019326486698517 0.059042455772033584 0.057940782766100006 0.05688521441918091 0.05587296124397905 0.054901452212699674 0.05396831393421433 0.05307135214995955 0.052208535255622655
0.017085638329247924 0.01622626841978506 0.015432221288477595 0.014697134094093043 0.014015385167338098 0.013381994932494942 0.012792541615151346 0.012243089320253484 0.011730126490633304 0.011250513101934508 0.010801435231442919 0.010380365868338218 0.009985031021336034 0.00961338033454792 0.009263561550009392 0.008933898260802568 0.008622870486116473 0.00832909767223483 0.008051323783976029 0.007788404201684271 0.007539294181232754 0.00730303867007181
