4.526482951998186 5.956397009193012
4.526483019448038 5.956397009193012
4.526482951998186 5.956397097950243
2.6566630090231356 3.534460482401772
2.656663048610499 3.534460482401772
2.6566630090231356 3.5344605350693374
2.5458411225777002 3.4827497929712643
2.5458411605136892 3.4827497929712643
2.5458411225777002 3.4827498448682803
1.0080946495461807 6.329614844170672
2.159335344061124 4.19402572174726
2.159335376237728 4.19402572174726
2.159335344061124 4.194025784243113
1.519348794654022 5.553726392100996
1.5193488172940834 5.553726392100996
1.519348794654022 5.553726474857968
0.9886088097205907 6.959672253354292
0.9886088246217519 6.959672253354292
0.9886088097205907 6.95967235706149
1.0631917209639377 6.856479062569008
1.063191736806729 6.856479062569008
1.0631917209639377 6.8564791647385075
1.0654853145326442 6.851664793755358
1.0654853304096126 6.851664793755358
1.0654853145326442 6.851664895853119
0.05100825193458536 1.0654853145326442 6.851664793755358 0.0003595139647274186
0.08152267117713477 0.07941125585425449 0.07742356806818967 0.07554911455120959 0.07377855341712462 0.07210354104090372 0.07051660258650445 0.06901102206331629 0.0675807485845147 0.06622031612747856 0.06492477459463519 0.06368963037106198 0.0625107948946323 0.06138454001213857 0.06030745910356788 0.05927643312657292 0.05828860087199846 0.05734133283523218 0.056432208201989145 0.05555899452474015 0.05471962973040382 0.05391220615357369
0.018349328944829307 0.01756956119198718 0.01684721483729708 0.016176608177497356 0.015552755786453298 0.01497126800172844 0.014428266922000992 0.013920315904620074 0.013444360151092018 0.012997676438829275 0.012577830429198234 0.012182640276887495 0.011810145500775509 0.011458580264762657 0.011126350368433645 0.010812013369663745 0.01051426136038903 0.010231905997422474 0.009963865456098548 0.00970915302856944 0.009466867133051036 0.009236182537047558
