4.913795576205464 1.2626519418339797
4.913795649426724 1.2626519418339797
4.913795576205464 1.2626519606489597
4.506463672452776 1.162257529975301
4.5064637396043175 1.162257529975301
4.506463672452776 1.162257547294288
2.5902004447491094 2.7611460056094304
4.028201069487015 1.5629403251072127
4.387705801693531 1.2633845879994747
4.387705867075442 1.2633845879994747
4.387705801693531 1.263384606825372
4.273466038618169 1.3695890618429971
4.273466102297776 1.3695890618429971
4.273466038618169 1.3695890822514645
4.303449863821664 1.3446571077597391
4.303449927948064 1.3446571077597391
4.303449863821664 1.3446571277966914
4.360236360419082 1.2911985047367924
4.317721432706891 1.3313725171143698
4.317721497045954 1.3313725171143698
4.317721432706891 1.3313725369533662
4.314194712876048 1.3347373535035623
4.314194777162559 1.3347373535035623
4.314194712876048 1.3347373733926988
4.307089187781989 1.341412008543556
4.307089251962619 1.341412008543556
4.307089187781989 1.3414120285321525
4.308868195267106 1.33974614494148
4.308868259474245 1.33974614494148
4.308868195267106 1.3397461649052533
0.22836466003998956 4.308868195267106 1.33974614494148 0.0008102276030593162
0.07881291608121752 0.07660575368016005 0.07452755919366848 0.07256757481238756 0.07071618672476322 0.06896477965437856 0.06730561262683012 0.06573171250650987 0.06423678246107163 0.0628151230098349 0.06146156371638068 0.060171403914246836 0.05894036112297333 0.057764526031630514 0.0566403231077653 0.05556447603887448 0.05453397733700428 0.05354606153962965 0.052598181525409564 0.051687987534813594 0.050813308545463225 0.04997213570233802
0.016708156176730243 0.015850349847754054 0.015058767404460707 0.014326863568874165 0.013648866286655782 0.013019671935011683 0.012434756382232511 0.011890099274073938 0.011382119391177116 0.01090761930127931 0.010463737838125629 0.010047909189984272 0.009657827585731837 0.009291416734527866 0.00894680331323052 0.008622293909578855 0.008316354923311451 0.008027595005443642 0.00775474968081567 0.007496667853116776 0.007252299936801647 0.007020687398201787
