6.111003615892947 6.30935772446118
6.111003706953997 6.30935772446118
6.111003615892947 6.309357818477936
3.003868720860036 3.1388201290349045
3.003868765621168 3.1388201290349045
3.003868720860036 3.1388201758069694
2.9039466860282066 3.067913265730926
2.9039467293003844 3.067913265730926
2.9039466860282066 3.067913311446396
1.7073802244053853 5.124044764032976
2.604112727554355 3.5815267630419254
2.6041127663586585 3.5815267630419254
2.604112727554355 3.581526816410833
2.2920682063045095 4.194800157776414
2.2920682404589874 4.194800157776414
2.2920682063045095 4.194800220283807
1.7030737495749027 5.43858056028589
1.7030737749526792 5.43858056028589
1.7030737495749027 5.438580641327055
1.6266758531927752 5.723098560542928
1.6266758774321344 5.723098560542928
1.6266758531927752 5.723098645823742
1.628802741274268 5.72240483015224
1.6288027655453203 5.72240483015224
1.628802741274268 5.722404915422717
0.05902166364360717 1.628802741274268 5.72240483015224 0.0007150815892243416
0.07930602489913845 0.077178354892781 0.0751754622408313 0.07328680647035667 0.07150299333965572 0.06981562441639949 0.06821716950282768 0.06670085800387979 0.06526058606978898 0.06389083692972436 0.06258661230064917 0.06134337313101292 0.0601569882417504 0.0590236896724384 0.05794003374011285 0.05690286698137461 0.05590929628222145 0.05495666261022921 0.05404251785478056 0.053164604356585085 0.052320836770622985 0.051509285959168316
0.017705371689803875 0.016887335357692948 0.01613078766350874 0.015429635301222782 0.01477852303353478 0.01417272930135284 0.013608078542577774 0.01308086726060218 0.012587801453424115 0.012125943466600248 0.01169266669346306 0.011285616834083993 0.010902678655782778 0.010541947384488564 0.01020170400722312 0.0098803938886412 0.009576608204604325 0.009289067777649991 0.009016608966480526 0.008758171317034874 0.008512786728554132 0.008279569926089535
