5.392589433567494 6.401221976391009
5.392589513923339 6.401221976391009
5.392589433567494 6.40122207177665
2.8509498785019165 3.418503760055042
2.8509499209843803 3.418503760055042
2.8509498785019165 3.4185038109947175
2.761715731434636 3.3250594048208937
2.7617157725874075 3.3250594048208937
2.761715731434636 3.32505945436814
2.412507456516232 3.9519424327713013
2.6739762392645954 3.481490207973068
2.6739762791099464 3.481490207973068
2.6739762392645954 3.4814902598513147
2.5784334792562027 3.660120264458766
2.5784335176778557 3.660120264458766
2.5784334792562027 3.6601203189988083
2.3909624348495555 4.0192902406392665
2.390962470477672 4.0192902406392665
2.3909624348495555 4.019290300531359
2.278198105131056 4.255412519084343
2.278198139078853 4.255412519084343
2.278198105131056 4.255412582494931
2.2786903365030082 4.25822964128853
2.2786903704581403 4.25822964128853
2.2786903365030082 4.258229704741096
0.08111481559637868 2.2786903365030082 4.25822964128853 0.0006738898740417337
0.08110911296212542 0.07889487673808687 0.07680966232039177 0.07484269526793794 0.07298435339896057 0.07122601879181932 0.06955995169530334 0.06797918271264576 0.06647742028664526 0.06504897104543693 0.06368867099729386 0.06239182590986677 0.06115415949124224 0.05997176822021819 0.058841081861552104 0.05775882885675384 0.05672200590870474 0.05572785118410097 0.054773820645532 0.053857567098182596 0.05297692159732858 0.05212987691410432
0.016911056236096005 0.016084972296357032 0.015321595355409372 0.014614755031588343 0.013959013748729973 0.01334956608627389 0.012782153663806592 0.01225299292045337 0.011758713635879112 0.011296306429960566 0.01086307779259185 0.01045661144927245 0.010074735074371113 0.00971549153188898 0.009377113960746199 0.009058004134085184 0.00875671361457913 0.00847192730404486 0.008202449048812116 0.007947189014723157 0.007705152589279056 0.007475430604886899
