2.279750089157187 1.918774280979716
2.2797501231281103 1.918774280979716
2.279750089157187 1.9187743095716807
4.778350959848332 0.2952137187145205
4.77835103105131 0.2952137187145205
4.778350959848332 0.2952137336156817
4.82898879612069 0.6272583462849601
4.8289888680782305 0.6272583462849601
4.82898879612069 0.6272583611861213
4.295082774953679 1.1467572021154617
4.295082838955399 1.1467572021154617
4.295082774953679 1.1467572192034756
3.8581999429063054 1.7501377550916541
3.858200000397965 1.7501377550916541
3.8581999429063054 1.750137781170739
4.9033232322257385 0.6883203919295686
4.169391534513738 1.5454588151033646
4.169391596642513 1.5454588151033646
4.169391534513738 1.5454588381324954
4.687161357323174 1.0098758511888333
4.303563960393443 1.4163031767284586
4.303564024521543 1.4163031767284586
4.303563960393443 1.4163031978330205
4.570836583698632 1.1568826301376778
4.371983121910277 1.3531393181149132
4.371983187057902 1.3531393181149132
4.371983121910277 1.3531393382782602
4.507584638904665 1.2254849120832565
4.406328537698185 1.321705163302666
4.406328603357597 1.321705163302666
4.406328537698185 1.3217051829976076
4.474621540371045 1.2584049225168412
4.4746216070481015 1.2584049225168412
4.474621540371045 1.2584049412685359
4.405852733004866 1.321187928426498
4.457934134067624 1.27463633925925
4.45793420049602 1.27463633925925
4.457934134067624 1.2746363582528115
4.492518527820179 1.2434653048976358
4.466609913620061 1.2668766386330783
4.4666099801777355 1.2668766386330783
4.466609913620061 1.2668766575110113
4.457967619222065 1.2746736157517211
4.46445986638048 1.2688374875329709
4.4644599329061165 1.2688374875329709
4.46445986638048 1.2688375064401227
4.461372519775611 1.2716156928706144
4.463687546867407 1.2695318923117622
4.463687613381534 1.2695318923117622
4.463687546867407 1.2695319112292616
0.25194942926191477 4.463687546867407 1.2695318923117622 0.0004201874592539246
0.08005925898787053 0.07779543976465306 0.07566466772434856 0.07365577855628555 0.07175880219612284 0.06996481008424156 0.06826578484703558 0.06665450872522578 0.06512446773330567 0.06366976906628301 0.062285069700492315 0.06096551448508206 0.059706682306046664 0.058504539138133686 0.057355396991700745 0.056255877919618544 0.05520288237999136 0.05419356135887591 0.05322529174741049 0.05229565454309719 0.05140241550806412 0.050543507970118196
0.015599808942546627 0.014790437663911622 0.014044060576467978 0.013354403488428099 0.01271593898858407 0.012123784487586038 0.011573615795707384 0.011061593645602141 0.010584301035007645 0.010138689641180641 0.009722033864297038 0.009331891305419462 0.008966068687245542 0.008622592391639636 0.008299682924025532 0.007995732726737073 0.00770928685590949 0.007439026113071552 0.007183752286181683 0.006942375207789685 0.006713901382200254 0.006497423970506216
