2.504946748650677 6.680517657156548
2.504946785977292 6.680517657156548
2.504946748650677 6.680517756704019
1.9129944332178015 5.120518361292444
1.9129944617236398 5.120518361292444
1.9129944332178015 5.1205184375941135
1.8967303166630982 5.028507084260663
1.8967303449265824 5.028507084260663
1.8967303166630982 5.028507159191258
2.0068240403389637 4.779408538936814
2.0068240702429723 4.779408538936814
2.0068240403389637 4.779408610155551
2.016688066094277 4.761064172177459
2.016688096145271 4.761064172177459
2.016688066094277 4.761064243122844
2.016724989399274 4.761000825834325
2.0167250194508184 4.761000825834325
2.016724989399274 4.761000896778765
0.07566482275344177 2.016724989399274 4.761000825834325 0.00047117908212627384
0.08270876854469321 0.08046931437628503 0.07836041445762748 0.07637114373462119 0.0744917499761106 0.07271350231249296 0.07102856235125254 0.06942987409214219 0.06791106956018632 0.06646638763127649 0.06509060397259686 0.06377897038142011 0.06252716209877476 0.0613312319130056 0.06018757006321561 0.05909286911255858 0.058044093093113654 0.05703845033298476 0.05607336946661081 0.05514647820446338 0.054255584501098 0.053398659813123105
0.016574584788448286 0.01578250901902036 0.015050217764086564 0.014371826993984418 0.013742154721651864 0.013156623800361585 0.012611179883411618 0.012102221937174647 0.011626543186232295 0.011181280758972312 0.010763872614811015 0.010372020586250912 0.010003658572851471 0.009656925089694143 0.009330139507761149 0.009021781433886364 0.008730472768370398 0.008454962052784459 0.008194110781948769 0.007946881404980904 0.007712326782608815 0.007489580903193658
