6.66193324607077 6.107985503602176
6.661933345341311 6.107985503602176
6.66193324607077 6.107985594618253
3.05798440865848 2.8396151111078574
3.057984454225999 2.8396151111078574
3.05798440865848 2.83961515342142
2.971319162675684 2.7697281243869
2.9713192069517897 2.7697281243869
2.971319162675684 2.7697281656590653
2.400794841121228 3.6880508609780036
2.8283549675119017 2.9991190788637248
2.828355009657675 2.9991190788637248
2.8283549675119017 2.9991191235540815
2.666254216406337 3.2795267708289884
2.666254256136621 3.2795267708289884
2.666254216406337 3.2795268196977454
2.3532873673179284 3.846688352973593
2.353287402384643 3.846688352973593
2.3532873673179284 3.846688410293716
1.8412199262309192 4.879312983147752
2.234072566675282 4.109025444325953
2.2340725999655575 4.109025444325953
2.234072566675282 4.109025505555203
1.9818881365612684 4.627228769261252
1.9818881660937029 4.627228769261252
1.9818881365612684 4.627228838212334
1.9066336843052363 4.8092496566807394
1.9066337127162922 4.8092496566807394
1.9066336843052363 4.8092497283441435
1.9039510824091133 4.817156631856462
1.9039511107801952 4.817156631856462
1.9039510824091133 4.817156703637689
0.07224602447856643 1.9039510824091133 4.817156631856462 0.0006334615521492163
0.08254403518733704 0.08033945798773431 0.07826258959496925 0.07630280861955006 0.07445062748948576 0.07269754677277909 0.07103593111256223 0.0694589031749157 0.06796025266942643 0.06653435803130778 0.0651761187794121 0.0638808969083606 0.0626444659521107 0.061462966583715244 0.060332867802085334 0.059250932909365464 0.05821418960847503 0.057219903654549716 0.056265555580502745 0.05534882008895371 0.05446754776296479 0.05361974879848054
0.0175752285318995 0.016749237061460063 0.015984982921713797 0.015276439018188282 0.014618292343894378 0.014005845720458885 0.013434934780148833 0.012901857580240334 0.012403314726104326 0.01193635826756878 0.011498347945082603 0.01108691361387313 0.01069992287806823 0.010335453132357668 0.009991767343825229 0.00966729301710943 0.009360603876806579 0.009070403875797332 0.008795513199971077 0.008534855991052267 0.008287449551834507 0.00805239483366017
