3.604679746633792 2.269769937787178
3.604679800347706 2.269769937787178
3.604679746633792 2.2697699716093855
3.5114725152275845 2.221432750614148
3.5114725675526026 2.221432750614148
3.5114725152275845 2.221432783716075
2.9849908835667507 2.9536708117746464
3.379238353175527 2.4042185382474575
3.3792384035301026 2.4042185382474575
3.379238353175527 2.4042185740731052
3.221239236953385 2.6419171910302253
3.2212392849535902 2.6419171910302253
3.221239236953385 2.6419172303978593
2.917442568360785 3.1252028883138516
2.917442611834067 3.1252028883138516
2.917442568360785 3.1252029348830037
2.3598755990907647 4.12147042214529
2.3598756342556513 4.12147042214529
2.3598755990907647 4.121470483559985
1.8933958270890856 5.163500434429386
1.893395855302882 5.163500434429386
1.8933958270890856 5.163500511371538
1.2021805924166946 6.832954465728413
1.2021806103305814 6.832954465728413
1.2021805924166946 6.832954567547369
1.3339487339006568 6.626871590906059
1.333948753778042 6.626871590906059
1.3339487339006568 6.62687168965414
1.3392556965938143 6.616659713784406
1.3392557165502792 6.616659713784406
1.3392556965938143 6.616659812380319
1.3392351140311824 6.616724290464093
1.3392351339873407 6.616724290464093
1.3392351140311824 6.616724389060969
0.05159590239811951 1.3392351140311824 6.616724290464093 0.0003423560777581295
0.07835872010444031 0.07626381464307923 0.07429289432003403 0.07243535362741325 0.07068175852163898 0.06902368985591965 0.06745361108477307 0.06596475599963382 0.06455103307287385 0.0632069436341346 0.06192751161645293 0.06070822301968315 0.05954497356767556 0.05843402330083491 0.05737195706040714 0.05635564999548514 0.055382237366374265 0.054449088034952554 0.05355378112899448 0.052694085447053014 0.051867941236552646 0.051073444032742804
0.017553017798651156 0.016766844116763355 0.01603971793492769 0.015365727446880114 0.014739690202905144 0.014157047434466068 0.013613775773619068 0.013106313190879265 0.012631496607409379 0.012186509134265012 0.011768835283796634 0.011376222809597708 0.011006650079474012 0.01065829808449631 0.010329526346844415 0.01001885211802727 0.00972493236352259 0.009446548114880614 0.009182590839769432 0.008932050537365474 0.00869400531333446 0.008467612227326244
