6.366269610633443 4.124325701091519
6.366269705498253 4.124325701091519
6.366269610633443 4.124325762548761
3.5353081820814807 2.316036650720825
3.5353082347616778 2.316036650720825
3.5353081820814807 2.3160366852324605
3.5002803092660866 2.300440283202669
3.500280361424328 2.300440283202669
3.5002803092660866 2.3004403174819004
1.9958735498040834 4.4447887006587905
3.1241041174686646 2.836493778321911
3.4061617887875126 2.4344200391008384
3.4061618395432784 2.4344200391008384
3.4061617887875126 2.434420075376524
3.2926780717987114 2.6051546047678564
3.292678120863438 2.6051546047678564
3.2926780717987114 2.605154643587685
3.0720071077468236 2.950726173860004
3.072007153523297 2.950726173860004
3.0720071077468236 2.9507262178292506
2.65787050998612 3.658506092589537
2.973345822890748 3.1304337051591906
2.9733458671970534 3.1304337051591906
2.973345822890748 3.130433751806288
2.7699991702933207 3.4864751670956062
2.769999211569525 3.4864751670956062
2.7699991702933207 3.4864752190481347
2.384645222970267 4.210328653820742
2.38464525850425 4.210328653820742
2.384645222970267 4.210328716559528
2.171826542231929 4.690047112117184
2.1718265745946663 4.690047112117184
2.171826542231929 4.6900471820043315
2.1902853654422794 4.664615567471017
2.1902853980800745 4.664615567471017
2.1902853654422794 4.664615636979206
2.191569104020573 4.66189365440044
2.191569136677497 4.66189365440044
2.191569104020573 4.661893723868069
0.07395306313827998 2.191569104020573 4.66189365440044 0.00031892815454192267
0.07943166469373729 0.07724164716337821 0.07518038116205418 0.07323700485646796 0.07140183107674926 0.06966619460425602 0.06802232236231684 0.06646322265610832 0.06498259032126147 0.06357472521101151 0.062234461909554076 0.06095710892850508 0.059738395942407346 0.05857442786242622 0.05746164474595159 0.056396786702592905 0.05537686309097532 0.05439912541133448 0.053461043390551716 0.052560283832477 0.051694691869965274 0.05086227430826482
0.016558895541517474 0.015747403440783875 0.014998024401026364 0.014304577727238617 0.013661626787361162 0.01306437521845282 0.012508579428206006 0.01199047457183048 0.011506711714009289 0.01105430430859404 0.010630582467802406 0.010233153765596798 0.009859869540409502 0.009508795841168873 0.009178188306081903 0.008866470382456351 0.008572214393222501 0.008294125035880343 0.008031024965644371 0.007781842169212826 0.00754559888095615 0.0073214018310918325
