5.686705532904826 4.635082177425808
5.686705617643342 4.635082177425808
5.686705532904826 4.635082246493915
3.1709551680001824 2.614887440623138
3.1709552152510967 2.614887440623138
3.1709551680001824 2.6148874795879973
3.0939573670191454 2.584704779447838
3.093957413122703 2.584704779447838
3.0939573670191454 2.584704817962941
1.181692837360122 5.538026028715599
2.6153367287679234 3.322740720889545
2.6153367677394774 3.322740720889545
2.6153367287679234 3.3227407704022403
2.383599734180584 3.8077499811107645
2.383599769698988 3.8077499811107645
2.383599734180584 3.807750037850661
1.902542363242549 4.769169699292691
1.9025423915926396 4.769169699292691
1.902542363242549 4.769169770358857
1.1383250847180284 6.5348838094448
1.7306258476764367 5.218397491898749
1.7306258734647715 5.218397491898749
1.7306258476764367 5.218397569658931
1.356476848782324 6.104657114426455
1.356476868995404 6.104657114426455
1.356476848782324 6.104657205392935
1.3153111202705552 6.253191420619244
1.3153111398702182 6.253191420619244
1.3153111202705552 6.253191513799057
1.3166071617968111 6.2509843830211045
1.3166071814157867 6.2509843830211045
1.3166071617968111 6.25098447616803
0.054317206077274194 1.3166071617968111 6.2509843830211045 0.0006545909143705818
0.08050441147888972 0.07839291492499884 0.07640479589346555 0.07452964697399841 0.07275819379054031 0.07108214580681332 0.06949406991010752 0.06798728285538891 0.06655575939568135 0.06519405351499716 0.06389723065091797 0.06266080917127628 0.0614807096732379 0.06035321091886814 0.05927491142094607 0.0582426958557075 0.057253705612663325 0.05630531290140959 0.05539509792597212 0.054520828712329494 0.05368044323720851 0.05287203355836523
0.018381186475723423 0.017569126203328934 0.01681725722006436 0.01611964316765415 0.015471067931574219 0.014866933153676657 0.01430317229575196 0.013776178291278328 0.013282742400354517 0.012820002339434786 0.01238539812000604 0.0119766343194264 0.011591647738648405 0.011228579587720415 0.010885751490282229 0.01056164472012898 0.010254882182081152 0.00996421273039703 0.009688497484365868 0.009426697855348876 0.009177865044633231 0.008941130808819111
