3.2844090712908574 5.342835105472027
3.2844091202323664 5.342835105472027
3.2844090712908574 5.342835185086474
2.4159793213631913 3.942707581104191
2.4159793573640886 3.942707581104191
2.4159793213631913 3.942707639855112
2.415811788119672 3.8313558155419773
2.4158118241180726 3.8313558155419773
2.415811788119672 3.831355872633628
3.2013163528566713 2.295348917604578
2.612290002265469 3.447551577985066
2.6122900411916232 3.447551577985066
2.612290002265469 3.4475516293575876
2.882847083453652 2.9606873572209707
2.882847126411421 2.9606873572209707
2.882847083453652 2.9606874013386504
3.1763757737946947 2.487317721959085
3.176375821126382 2.487317721959085
3.1763757737946947 2.487317759023007
3.49544918246921 2.030776307059928
3.263929905815249 2.3790396404111163
3.2639299544515947 2.3790396404111163
3.263929905815249 2.3790396758615695
3.4220496853889366 2.149785172149551
3.4220497363814504 2.149785172149551
3.4220496853889366 2.1497852041838463
3.590476529199173 1.9279927597580384
3.590476582701443 1.9279927597580384
3.590476529199173 1.9279927884873693
3.7676827770462404 1.7131499762295046
3.767682833189089 1.7131499762295046
3.7676827770462404 1.7131500017574286
3.8175859691328755 1.6645996037905655
3.8175860260193395 1.6645996037905655
3.8175859691328755 1.6645996285950324
3.910384710769882 1.5607811924746084
3.840984422403256 1.6388240495646593
3.8409844796383843 1.6388240495646593
3.840984422403256 1.6388240739850406
3.8876466859310335 1.5871510352645477
3.8876467438614832 1.5871510352645477
3.8876466859310335 1.5871510589149411
3.9352047485605928 1.5363012769237432
3.935204807199713 1.5363012769237432
3.9352047485605928 1.536301299816416
3.9834306460361883 1.4860844465073517
3.9475026989792266 1.5239835207045478
3.9475027578016006 1.5239835207045478
3.9475026989792266 1.523983543413672
3.923490726275775 1.5491885197719455
3.941514789791303 1.530299106128787
3.9415148485244504 1.530299106128787
3.941514789791303 1.5302991289320207
3.947517190414396 1.5239972919095666
3.9430190834099146 1.5287271788277137
3.9430191421654777 1.5287271788277137
3.9430190834099146 1.5287272016075237
0.20730822075392907 3.9430190834099146 1.5287271788277137 0.0004753206345932194
0.0819715730321751 0.07972790907912164 0.07761358061708434 0.07561794905413256 0.07373149150620256 0.0719456608734709 0.07025276605713547 0.0686458690802487 0.06711869644559508 0.06566556252487224 0.06428130314851276 0.06296121787157764 0.06170101964182965 0.06049679080209375 0.05934494452886867 0.058242190949666116 0.05718550729816805 0.05617211156337172 0.05519943916996033 0.05426512229503249 0.0533669714833541 0.05250295927133527
0.017300166711536252 0.016433824495938176 0.015633100043962327 0.014891624321881113 0.014203767542111013 0.013564540701421941 0.012969511758600966 0.01241473406887796 0.01189668511086626 0.011412213881790192 0.01095849561391582 0.01053299269168258 0.010133420834828823 0.009757719765600895 0.00940402770415479 0.009070659140487242 0.008756085417675592 0.008458917733091927 0.008177892224197037 0.007911856855628504 0.007659759866294584 0.007420639570471852
