6.517614324261131 1.4297356408390867
6.517614421381152 1.4297356408390867
6.517614324261131 1.429735662143808
4.57558779652561 1.0185744662882799
4.575587864707182 1.0185744662882799
4.57558779652561 1.018574481466222
4.9645386512404865 0.7765657475887031
4.964538725217877 0.7765657475887031
4.9645386512404865 0.7765657624898643
5.1101224520917246 0.7157996775523586
5.110122528238483 0.7157996775523586
5.1101224520917246 0.7157996924535198
5.131579083676001 0.706383140819071
5.131579160142488 0.706383140819071
5.131579083676001 0.7063831557202322
5.1350491436670325 0.7045785095684487
5.135049220185228 0.7045785095684487
5.1350491436670325 0.7045785244696099
5.135727237941373 0.7042184366730672
5.135727314469673 0.7042184366730672
5.135727237941373 0.7042184515742284
0.39959842985909333 5.135727237941373 0.7042184366730672 0.0009129370539100034
0.08086445106373313 0.07861178450252138 0.07649015185735454 0.07448867975242116 0.07259764436179433 0.07080832619209537 0.06911288590440355 0.06750425777482462 0.06597605799444275 0.06452250549604462 0.06313835339033268 0.06181882941662561 0.060559584076706446 0.05935664533692447 0.058206378961942216 0.057105453690854874 0.05605081058856197 0.0550396360068609 0.054069337674482666 0.05313752350620196 0.05224198278066202 0.051380669386633215
0.01641570722305396 0.015569525574922456 0.01478858361674099 0.014066460712866297 0.013397489489688781 0.012776654708752423 0.012199507256865921 0.011662090785305963 0.011160878963964034 0.010692721668859397 0.010254798708871546 0.00984457993255333 0.009459790748582875 0.00909838225186289 0.008758505277928435 0.008438487816350163 0.008136815303378366 0.007852113388516841 0.007583132831756657 0.007328736240035995 0.00708788639491075 0.006859635959877377
