5.724536151319741 6.002016007501495
5.724536236621978 6.002016007501495
5.724536151319741 6.002016096938503
3.0899042739756184 3.273627217310492
3.08990432001878 3.273627217310492
3.0899042739756184 3.273627266091339
3.0045787835938547 3.21686841356926
3.0045788283655672 3.21686841356926
3.0045787835938547 3.2168684615043346
1.8274531958408335 5.2914001457679465
2.7096144216136384 3.735372202292289
2.7096144619900397 3.735372202292289
2.7096144216136384 3.7353722579536726
2.2157599584305734 4.708676368568611
2.2157599914479698 4.708676368568611
2.2157599584305734 4.708676438733357
1.9620843160757697 5.333163016369408
1.9620843453131045 5.333163016369408
1.9620843160757697 5.33316309583973
1.9830558447470394 5.306710817636592
1.9830558742968742 5.306710817636592
1.9830558447470394 5.306710896712746
1.9833641947010152 5.306059547108611
1.9833642242554448 5.306059547108611
1.9833641947010152 5.30605962617506
0.06442425664955997 1.9833641947010152 5.306059547108611 0.0008575797897140543
0.07773084838286294 0.07558093107610503 0.07355840401922595 0.07165241282519152 0.06985329097901341 0.06815240329131499 0.06654201318974506 0.065015169769731 0.06356561129474453 0.06218768244767569 0.06087626312361149 0.059626706946742464 0.05843478801067272 0.057296654597869895 0.05620878884265104 0.05516797147256103 0.0541712509028084 0.05321591607352949 0.05229947251477114 0.05141962120297027 0.050574239838356634 0.049761366227524605
0.016496470702742565 0.0156966537144456 0.014958252022475563 0.014275097638560875 0.013641775551927348 0.013053516820295933 0.012506108792580968 0.01199581943085419 0.01151933328263787 0.011073697117524576 0.010656273610984477 0.010264701753363314 0.009896862899194845 0.009550851563216401 0.009224950224351255 0.008917607524804175 0.0086274193541102 0.008353112392052605 0.008093529753439329 0.007847618434666855 0.007614418309092911 0.007393052457312085
