6.221495223820508 2.720903254525332
6.221495316528011 2.720903254525332
6.221495223820508 2.72090329506995
3.9960976739847522 1.7675797642313582
3.996097733531248 1.7675797642313582
3.9960976739847522 1.7675797905703492
3.9939159940649747 1.7527879120377008
3.993916053578961 1.7527879120377008
3.9939159940649747 1.752787938156276
4.718885298850633 0.9034913913002438
4.175085025210148 1.5404371144049631
4.175085087423763 1.5404371144049631
4.175085025210148 1.540437137359265
4.307740292800881 1.4096609014973234
4.307740356991213 1.4096609014973234
4.307740292800881 1.4096609225029078
4.575630705835064 1.1507515000988628
4.376359010531489 1.346681293309311
4.37635907574432 1.346681293309311
4.376359010531489 1.3466813133764262
4.512276518972534 1.2192989209761975
4.512276586210694 1.2192989209761975
4.512276518972534 1.2192989391451672
4.479757934392761 1.2526348104131872
4.479758001146355 1.2526348104131872
4.479757934392761 1.2526348290789004
4.549555535040914 1.190964279247408
4.4973597918707595 1.2373914649722744
4.497359858886643 1.2373914649722744
4.4973597918707595 1.2373914834108442
4.532368061314963 1.2066805395848952
4.53236812885251 1.2066805395848952
4.532368061314963 1.2066805575658364
4.523729037744127 1.2144852505641208
4.523729105152943 1.2144852505641208
4.523729037744127 1.2144852686613614
4.506134566415296 1.2297371207958574
4.519336053308643 1.2183047070936897
4.519336120651998 1.2183047070936897
4.519336053308643 1.2183047252478445
4.513440216209473 1.2234228089966628
4.517861023221042 1.2195839594959437
4.517861090542417 1.2195839594959437
4.517861023221042 1.2195839776691608
4.51638839028139 1.2208637616448952
4.516388457580822 1.2208637616448952
4.51638839028139 1.2208637798371829
0.24900070759194726 4.51638839028139 1.2208637616448952 0.0005832577379647069
0.0781097529935478 0.0759015533749652 0.07382311710793377 0.07186355663824955 0.07001314893739057 0.06826318657525808 0.06660585065415663 0.06503410202045795 0.06354158781376218 0.06212256093204003 0.06077181041102144 0.05948460105713066 0.0582566209513665 0.05708393566912457 0.05596294824788693 0.05489036408876492 0.0538631601052751 0.05287855753842242 0.051933997945134765 0.051027121940535596 0.05015575033604826 0.04931786736698175
0.016269918236686824 0.015425825894245564 0.014647423004114585 0.013928167807630202 0.013262297054348681 0.01264471972894508 0.01207092696931384 0.011536915475613613 0.011039122195947123 0.010574368466969809 0.010139812105954008 0.009732906209619367 0.009351363626147566 0.008993126239549325 0.008656338347343475 0.008339323529237448 0.008040564500876174 0.007758685526528404 0.007492437030842163 0.0072406821049719764 0.00700238464844025 0.006776598926649065
