5.356756299781241 1.101416886871859
5.35675637960313 1.101416886871859
5.356756299781241 1.1014169032842496
4.613177336914894 0.9557507055697655
4.613177405656593 0.9557507055697655
4.613177336914894 0.9557507204709267
2.5286921287765507 2.427305103993686
4.09429352051826 1.3267884640741197
4.485739811370699 1.05162310334574
4.4857398782134315 1.05162310334574
4.485739811370699 1.0516231190161454
4.361150141170624 1.1511683375439603
4.361150206156825 1.1511683375439603
4.361150141170624 1.1511683546977052
4.240355634245554 1.2552861874491095
4.240355697431776 1.2552861874491095
4.240355634245554 1.2552862061543313
4.123380488428291 1.3636773994230138
4.123380549871448 1.3636773994230138
4.123380488428291 1.3636774197433905
4.15411095740941 1.3382780244413466
4.154111019310487 1.3382780244413466
4.15411095740941 1.3382780443832432
4.212276528337399 1.2837369733728479
4.21227659110521 1.2837369733728479
4.212276528337399 1.2837369925020194
4.198004915705169 1.2976543569699999
4.198004978260316 1.2976543569699999
4.198004915705169 1.2976543763065567
4.168654075159148 1.3246361681119705
4.190689500426626 1.3044239819693002
4.196198554486351 1.299370749802423
4.196198617014582 1.299370749802423
4.196198554486351 1.299370769164556
0.24587655065338576 4.196198554486351 1.299370749802423 0.0005389450668923374
0.08293998278065645 0.080664168480613 0.07851975054052542 0.07649590265851129 0.07458293588812447 0.072772155747249 0.07105573993228016 0.06942663332018173 0.06787845752579486 0.0664054327553054 0.06500231008165433 0.06366431258162131 0.06238708403131267 0.06116664406789581 0.05999934889942575 0.05888185678850217 0.057811097654871184 0.05678424624143299 0.05579869837105263 0.05485204989100805 0.053942077960221144 0.053066724383519795
0.0167691554519803 0.01592752318629506 0.015149763676287965 0.014429664484754476 0.013761735809809019 0.013141114015590413 0.012563479540620896 0.012024986837842042 0.01152220441343424 0.011052063366975003 0.010611813108744846 0.010198983153259877 0.009811350071088756 0.009446908831411641 0.009103847891758273 0.008780527493852917 0.00847546070945577 0.008187296850713637 0.00791480691839435 0.0076568708105664495 0.0074124660554939804 0.007180657867126831
