5.379390971588306 5.160489740811283
5.3793910517474774 5.160489740811283
5.379390971588306 5.160489817708572
3.0681525963388205 2.973702928230643
3.068152642057857 2.973702928230643
3.0681525963388205 2.9737029725422697
2.9899464580835002 2.928367264254013
2.9899465026371743 2.928367264254013
2.9899464580835002 2.9283673078900856
1.5385611249228173 5.337812960950162
2.626656086091399 3.53047098050253
2.6266561252316247 3.53047098050253
2.626656086091399 3.530471033110647
2.2508290169428804 4.264716758231832
2.2508290504828463 4.264716758231832
2.2508290169428804 4.264716821781064
1.635574899952711 5.577823264099736
2.109824598290973 4.5986956485598895
2.1098246297298093 4.5986956485598895
2.109824598290973 4.5986957170857945
1.8070392492826526 5.257495780225331
1.8070392762096357 5.257495780225331
1.8070392492826526 5.257495858568123
1.7669645001260454 5.376630986315817
1.7669645264558682 5.376630986315817
1.7669645001260454 5.376631066433862
1.767632423848029 5.3758541253368595
1.7676324501878047 5.3758541253368595
1.767632423848029 5.3758542054433285
0.06783349069484323 1.767632423848029 5.3758541253368595 0.0002459250777858375
0.08245642783757418 0.08023269791744929 0.07813919609118089 0.07616495125754097 0.07430018054074158 0.07253613417735814 0.07086496381483916 0.06927961024959287 0.06777370737519198 0.06634149970307597 0.06497777129209661 0.06367778430455591 0.06243722571451539 0.06125216094422306 0.06011899340829318 0.059034429112025194 0.05799544558721851 0.056999264561776404 0.056043327852852945 0.05512527605091085 0.0542429296267364 0.053394272147530994
0.016496597076239947 0.015725105479303114 0.015011720851463519 0.014350694367040609 0.01373697051255697 0.01316608965561705 0.012634106085187549 0.012137518807817148 0.011673212902579059 0.011238409649552378 0.010830623975626128 0.01044762802513808 0.01008741987513421 0.009748196586561234 0.009428330921832904 0.009126351172479622 0.008840923633139748 0.00857083733403625 0.008314990706518179 0.008072379907787286 0.007842088573615926 0.007623278803326097
