3.3261992337135675 4.57464094017604
3.3261992832777985 4.57464094017604
3.3261992337135675 4.574641008343502
2.6720829951768463 3.6863254533213654
2.6720830349939857 3.6863254533213654
2.6720829951768463 3.6863255082518953
2.6633330809773565 3.647730591077002
2.663333120664112 3.647730591077002
2.6633330809773565 3.6477306454324236
2.8220389978937246 3.346986492450898
2.8220390399453827 3.346986492450898
2.8220389978937246 3.3469865423248835
2.879427235840647 3.250578144971681
2.8794272787474564 3.250578144971681
2.879427235840647 3.2505781934090696
2.897065118181077 3.2201326547274025
2.8970651613507115 3.2201326547274025
2.897065118181077 3.220132702711118
2.902440287304479 3.210741853964739
2.9024403305542092 3.210741853964739
2.902440287304479 3.210741901808521
2.9041044116161077 3.207821617448825
2.9041044548906356 3.207821617448825
2.9041044116161077 3.207821665249092
0.10620503244007595 2.9041044116161077 3.207821617448825 0.0007630704268652865
0.08036671756510863 0.07813216243056749 0.07602814270100812 0.074043757642526 0.07216926883997152 0.0703959517729818 0.06871596917955099 0.06712226263060855 0.06560845938297498 0.06416879209664492 0.06279802942168458 0.06149141580044851 0.06024461910823071 0.05905368498237308 0.057914996876125543 0.05682524102700729 0.055781375656273405 0.054780603821303786 0.05382034943028504 0.05289823600163732 0.05201206781183405 0.05115981312665408
0.01638966933323326 0.015558492010348438 0.014791234195126528 0.014081581099407492 0.013423965702540836 0.012813466916045457 0.012245723262456001 0.011716859475753613 0.011223423899199222 0.010762334934311137 0.010330835100689335 0.009926451514923926 0.00954696179937892 0.009190364597254606 0.008854854006166821 0.008538797354237758 0.008240715834915887 0.007959267593071124 0.007693232918267145 0.007441501253848564 0.007203059774497966 0.006976983321756551
