3.522272774375565 6.555216068900222
3.5222728268615193 6.555216068900222
3.522272774375565 6.5552161665805535
2.375924132173897 4.48184201065291
2.3759241675779257 4.48184201065291
2.375924132173897 4.48184207743756
2.225536386906373 4.564230254360356
2.2255364200694494 4.564230254360356
2.225536386906373 4.564230322372687
0.8109130273713778 7.602106568958557
1.868098276891994 5.3229032975810675
1.8680983047288275 5.3229032975810675
1.868098276891994 5.322903376898507
1.2547824224156512 6.791171648467288
1.2547824411133663 6.791171648467288
1.2547824224156512 6.791171749663632
0.577630716244761 8.735241341533223
0.5776307311459222 8.735241341533223
0.577630716244761 8.735241471698462
0.6970676225810777 8.530912588293376
0.6970676374822389 8.530912588293376
0.6970676225810777 8.53091271541388
0.6962302173085374 8.537759234042227
0.6962302322096986 8.537759234042227
0.6962302173085374 8.537759361264753
0.6962211593163582 8.537807984683994
0.6962211742175194 8.537807984683994
0.6962211593163582 8.537808111907246
0.04102841239725519 0.6962211593163582 8.537807984683994 0.00047807044360658276
0.07772003207224817 0.07569845852794217 0.07379828303888866 0.07200889063962918 0.07032087303252874 0.06872586172860279 0.06721638805850996 0.06578576516260362 0.06442798805421682 0.06313764861941924 0.06190986302039519 0.06074020944656059 0.05962467453633749 0.05855960709495289 0.05754167797634905 0.05656784519304593 0.055635323476415095 0.05474155763894378 0.05388419919563172 0.0530610857883358 0.05227022302832689 0.05150976843145629
0.017811960348750752 0.01709382628541045 0.016428957284492344 0.015811940359323377 0.015238053088497025 0.01470315892587661 0.014203620666843511 0.013736228564074976 0.013298140325970589 0.012886830802597522 0.012500049608370287 0.01213578527790007 0.011792234824211604 0.0114677777839018 0.011160954004725231 0.0108704445673744 0.010595055342402102 0.010333702771097382 0.010085401530147817 0.009849253797573032 0.009624439884407152 0.009410210035065605
