6.6546471776225005 2.8428301647324408
6.654647276784471 2.8428301647324408
6.6546471776225005 2.842830207093911
3.9086513473917712 1.6913109692194068
3.908651405635215 1.6913109692194068
3.9086513473917712 1.6913109944219042
5.366416026558158 0.052802645530358294
4.280230309848996 1.2881474957707648
4.00839948537607 1.5972974545118768
4.008399545105877 1.5972974545118768
4.00839948537607 1.5972974783134637
4.194988335128648 1.3964554044725486
4.055811858100592 1.5478088203886722
4.055811918536898 1.5478088203886722
4.055811858100592 1.547808843452821
4.150148265986634 1.448366002014715
4.150148327828663 1.448366002014715
4.150148265986634 1.4483660235970504
4.248092465837291 1.3524745754187355
4.248092529138802 1.3524745754187355
4.248092465837291 1.352474595572177
4.348767553052572 1.2594543690483284
4.274201095508111 1.3302798923752834
4.274201159198671 1.3302798923752834
4.274201095508111 1.3302799121979985
4.224265373595617 1.3772211500472649
4.261778096849311 1.3420796902123346
4.261778160354754 1.3420796902123346
4.261778096849311 1.3420797102108804
4.264912528880935 1.3391602350181042
4.264912592433085 1.3391602350181042
4.264912528880935 1.3391602549731467
4.271150272628675 1.3332880902561368
4.271150336273774 1.3332880902561368
4.271150272628675 1.3332881101236775
4.264910392952943 1.3391579652803889
4.2695953175819845 1.3347608718084285
4.269595381203913 1.3347608718084285
4.2695953175819845 1.3347608916979155
0.24268639105995948 4.2695953175819845 1.3347608718084285 0.0005550894992578707
0.08190400181010467 0.07962353254422694 0.07747585813558369 0.075449940499151 0.0735359112717704 0.07172492358936405 0.07000902542221064 0.06838105096730468 0.06683452721941283 0.06536359334552279 0.06396293089545073 0.06262770321359572 0.06135350268828878 0.06013630469778079 0.05897242729507034 0.057858495824990974 0.05679141179223564 0.05576832540308412 0.054786611290366716 0.05384384700374691 0.05293779390824729 0.05206638018511264
0.01606829885699966 0.015248760054830975 0.014492178991471344 0.013792361789630397 0.013143843056325237 0.01254178757711285 0.011981906818293996 0.011460387795297849 0.010973832299947271 0.01051920483127649 0.01009378786061034 0.009695143294797698 0.00932107919217357 0.008969620942222506 0.008638986248574655 0.008327563361112919 0.008033892090793256 0.007756647213646407 0.0074946239310509115 0.007246725103936724 0.007011950020873903 0.006789384495466016
