4.248739044344758 6.4798447993458
4.248739107655903 6.4798447993458
4.248739044344758 6.479844895903012
2.606288027870346 4.008506820504021
2.606288066707064 4.008506820504021
2.606288027870346 4.008506880235427
2.527132986082852 3.922641463564397
2.527133023740068 3.922641463564397
2.527132986082852 3.92264152201631
2.097224718226354 4.767697770712758
2.0972247494774376 4.767697770712758
2.097224718226354 4.76769784175699
2.074150010999329 4.868564855797466
2.074150041906573 4.868564855797466
2.074150010999329 4.868564928344735
2.0738399362794193 4.870004624663398
2.0738399671820424 4.870004624663398
2.0738399362794193 4.8700046972321225
0.0732493533371984 2.0738399362794193 4.870004624663398 0.0007605155593255793
0.08086371166470163 0.07864483880080099 0.07655634816557574 0.07458723849637171 0.0727276993711729 0.07096895614152933 0.06930313817361367 0.06772316646458648 0.06622265743181964 0.06479584025578419 0.06343748562532578 0.062142844111112074 0.0609075926981974 0.059727788256653896 0.05859982693159252 0.05752040859968012 0.05648650567559027 0.05549533566434512 0.05454433694870817 0.05363114737825589 0.05275358529135998 0.051909632655365634
0.016247640602586263 0.015460469636030927 0.014733328334153376 0.014060248875594896 0.013435982673376125 0.012855899778044497 0.012315904134097812 0.011812361933605565 0.011342040831291566 0.01090205820027132 0.010489836939853205 0.010103067613856804 0.009739675913388108 0.009397794612550166 0.009075739327458806 0.00877198750469659 0.008485160160114677 0.008214005966750218 0.007957387354798574 0.007714268339641094 0.007483703837942126 0.007264830268447853
