4.228986108831659 3.0596252188800306
4.2289861718484625 3.0596252188800306
4.228986108831659 3.059625264471999
3.5111421235234213 2.5521603873639083
3.511142175843516 2.5521603873639083
3.5111421235234213 2.5521604253940615
3.46091642445364 2.606912500624958
3.4609164760253135 2.606912500624958
3.46091642445364 2.606912539470981
1.9897221027270495 4.881781565789662
3.0932200754376016 3.175695868582847
3.0932201215301727 3.175695868582847
3.0932200754376016 3.175695915904403
3.0262584152123617 3.331213814031137
3.026258460307126 3.331213814031137
3.0262584152123617 3.331213863670091
2.8624392550176134 3.62759543279215
2.862439297671282 3.62759543279215
2.8624392550176134 3.627595486847534
2.547939441311369 4.227432904049141
2.5479394792786256 4.227432904049141
2.547939441311369 4.2274329670428
2.0306783072452466 5.315545999886728
2.426790525446903 4.503195056218639
2.4267905616089 4.503195056218639
2.426790525446903 4.503195123321475
2.171896011012327 5.0490119523003925
2.1718960433760994 5.0490119523003925
2.171896011012327 5.049012027536533
2.136097607252441 5.147855865119138
2.136097639082776 5.147855865119138
2.136097607252441 5.147855941828168
2.1373587276354975 5.145523941206678
2.1373587594846244 5.145523941206678
2.1373587276354975 5.14552401788096
0.06786612205003817 2.1373587276354975 5.145523941206678 0.0004731338430566398
0.07756495982598603 0.07539112896912147 0.07334678005974152 0.07142082953125495 0.0696034113047216 0.06788571587133892 0.06625985393371965 0.06471874039679042 0.06325599529349317 0.06186585886216045 0.060543118497200996 0.05928304569995089 0.05808134148333039 0.05693408894861898 0.055837711967945534 0.05478893908190882 0.053784771865906585 0.052822457137406395 0.05189946247441701 0.05101345459668916 0.05016228022878995 0.0493439491206369
0.015767130791930976 0.014987838730637536 0.014268968201377413 0.013604409561255897 0.01298880259809817 0.01241742977501166 0.011886126619834854 0.011391206220291723 0.01092939537101349 0.010497780382916362 0.010093760935337126 0.00971501064725968 0.009359443281676589 0.009025183688833727 0.008710542749305107 0.00841399570396411 0.008134163360780926 0.00786979575257141 0.007619757888977389 0.007383017302951 0.0071586331391395456 0.006945746570655766
