5.418947988060722 1.110512780958426
5.41894806880934 1.110512780958426
5.418947988060722 1.110512797506356
4.642775542506981 0.9589164147400816
4.642775611689728 0.9589164147400816
4.642775542506981 0.9589164296412428
2.5454634213019025 2.4364481353640537
4.121276279736858 1.3322823898642937
4.515303062010609 1.0561840544988517
4.515303129293868 1.0561840544988517
4.515303062010609 1.0561840702372205
4.262712711316614 1.2537670063161663
4.453824463296248 1.1076421797771145
4.453824529663404 1.1076421797771145
4.453824463296248 1.1076421962822691
4.3290151863998885 1.2083043446095263
4.329015250907242 1.2083043446095263
4.3290151863998885 1.2083043626146641
4.20955324156772 1.315257936251209
4.209553304294952 1.315257936251209
4.20955324156772 1.3152579558500794
4.329181007935403 1.2084898485938056
4.2409270960682415 1.2903065747044145
4.24092715926298 1.2903065747044145
4.2409270960682415 1.2903065939314806
4.181798886133208 1.3444490861618044
4.2262278047603985 1.30393203368244
4.2262278677361005 1.30393203368244
4.2262278047603985 1.3039320531125416
4.211506991250551 1.3175342374348828
4.222568576524705 1.3073551451765746
4.2253343188950385 1.3048100489057066
4.225334381857427 1.3048100489057066
4.2253343188950385 1.3048100683488915
0.22796674777726333 4.2253343188950385 1.3048100489057066 0.0006415041496641734
0.07923202518336661 0.07704748589283295 0.07498942684894233 0.07304739669078673 0.0712120451652167 0.06947498439868073 0.06782867023061012 0.06626630036924501 0.06478172670343672 0.06336937956733969 0.0620242021312776 0.0607415933988812 0.0595173585416053 0.058347665507800496 0.05722900701326921 0.0561581671605383 0.05513219205041781 0.05414836384618928 0.0532041778315116 0.05229732207071081 0.05142565933684019 0.05058721102064387
0.017630851886712123 0.016741078623160287 0.015919107111200485 0.015158317820989876 0.014452863995494204 0.013797568126879949 0.013187833914771413 0.012619571171683304 0.012089131588750765 0.011593253638246693 0.011129015185150005 0.010693792621524985 0.010285225535248377 0.00990118608707426 0.009539752403854233 0.009199185406292214 0.00887790858120951 0.008574490284388683 0.00828762822344871 0.008016135823140539 0.007758930219778034 0.007515021668728635
