4.6927739097147025 2.0521254611914195
4.692773979642483 2.0521254611914195
4.6927739097147025 2.0521254917704717
4.038075079327057 1.7733962581794123
4.038075139499065 1.7733962581794123
4.038075079327057 1.7733962846050757
4.0397645649223115 1.7641613144116879
4.039764625119495 1.7641613144116879
4.0397645649223115 1.76416134069974
4.853527455555939 0.8079430296860274
4.243191365258125 1.5251017160004823
4.090607343980385 1.7043913891714495
4.090607404935184 1.7043913891714495
4.090607343980385 1.7043914145688603
4.159652481240271 1.6261058864332116
4.159652543223923 1.6261058864332116
4.159652481240271 1.6261059106640776
4.300530380314127 1.4720382998830317
4.300530444397023 1.4720382998830317
4.300530380314127 1.4720383218181117
4.4495597085741725 1.3258409572559495
4.449559774877779 1.3258409572559495
4.4495597085741725 1.3258409770125192
4.604992820089583 1.1864711200690652
4.604992888709323 1.1864711200690652
4.604992820089583 1.1864711377488626
4.5683966753075165 1.2236824747426562
4.568396743381932 1.2236824747426562
4.5683966753075165 1.223682492976946
4.647299631960048 1.1553438008478263
4.588314784860963 1.2068224749145027
4.588314853232181 1.2068224749145027
4.588314784860963 1.2068224928975588
4.568608930286872 1.2239300749183957
4.583430658545548 1.2111476602035216
4.583430726843987 1.2111476602035216
4.583430658545548 1.2111476782510282
4.584666319331244 1.210083112282677
4.584666387648095 1.210083112282677
4.584666319331244 1.2100831303143205
0.2630190476532964 4.584666319331244 1.210083112282677 0.00047763834147128285
0.07946087451752357 0.0771993272486825 0.07507121678017435 0.0730653009528102 0.07117154498261502 0.06938096642934924 0.06768550301436488 0.06607789952696562 0.06455161073643503 0.06310071777292972 0.061719855881930574 0.060404151815292816 0.05914916941389214 0.0579508621756017 0.05680553179825551 0.05570979184859744 0.054660535841536635 0.053654909124560037 0.05269028405408786 0.051764238027259456 0.05087453399683287 0.05001910315076513
0.015332810001983364 0.01453147783410761 0.01379286234997059 0.0131106842206122 0.012479415302499085 0.01189417556789656 0.011350645818072774 0.010844993533900919 0.010373809696904778 0.009934054799898822 0.00952301257897869 0.009138250252541407 0.008777584259933876 0.008439050661474833 0.00812087950029032 0.00782147254047204 0.007539383890160925 0.007273303095998114 0.007022040359962253 0.006784513583334066 0.006559736987342308 0.006346811097526287
