4.42453858249192 5.701235859215419
4.424538648422682 5.701235859215419
4.42453858249192 5.701235944170453
2.812104570222398 3.6587896389782597
2.8121046121260216 3.6587896389782597
2.812104570222398 3.658789693498474
2.7150892227865566 3.640304619001531
2.715089263244539 3.640304619001531
2.7150892227865566 3.640304673246297
1.2296720285275184 6.44699759673467
2.3422363523763763 4.3416851025774506
2.3422363872784175 4.3416851025774506
2.3422363523763763 4.3416851672736
1.7197411439174282 5.67774195371151
1.7197411695435683 5.67774195371151
1.7197411439174282 5.677742038316458
1.4599387036814275 6.419960780725183
1.4599387254362095 6.419960780725183
1.4599387036814275 6.4199608763900535
1.491613941986752 6.3657644582883695
1.4916139642135318 6.3657644582883695
1.491613941986752 6.3657645531456515
1.4901779235294434 6.3696957577062685
1.490177945734825 6.3696957577062685
1.4901779235294434 6.369695852622132
0.05552824182020799 1.4901779235294434 6.3696957577062685 0.0004410519961552254
0.07907485865348311 0.07693391046464408 0.07492000598335438 0.07302226146706443 0.07123099568074169 0.06953756931757701 0.06793424927108171 0.06641409342657935 0.06497085247359609 0.06359888589979022 0.06229308985103964 0.061048834960929305 0.05986191258896187 0.058728488177892675 0.05764506066022364 0.05660842702262479 0.05561565128311078 0.054664037255644796 0.05375110457556338 0.05287456754084539 0.052032316391990914 0.0512224007096948
0.016694620490461408 0.015930699386876083 0.015224575255054567 0.014570442581832118 0.01396321245040813 0.013398408857989472 0.012872082055760703 0.012380735813296616 0.01192126612376119 0.01149090934951714 0.01108719818981351 0.010707924155620533 0.010351105478706735 0.010014959575959992 0.009697879345966207 0.00939841270089954 0.009115244839012094 0.008847182846257783 0.008593142283627803 0.008352135472594556 0.008123261237016772 0.00790569589782475
