5.450811967855364 5.522012902717647
5.450812049078792 5.522012902717647
5.450811967855364 5.522012985002052
3.126892669036908 3.1976185219513975
3.1268927156312394 3.1976185219513975
3.126892669036908 3.1976185695996264
3.046297626363331 3.152712042847141
3.046297671756703 3.152712042847141
3.046297626363331 3.1527120898262115
1.7497121291234974 5.403226106683822
2.7216219251707088 3.7150296113563424
2.721621965726036 3.7150296113563424
2.7216219251707088 3.7150296667145972
2.3905463312633097 4.375673216786691
2.390546366885226 4.375673216786691
2.3905463312633097 4.375673281989303
2.015251867948284 5.192460781606313
2.015251897977877 5.192460781606313
2.015251867948284 5.192460858980008
2.0982698494703804 5.043249635707912
2.0982698807370377 5.043249635707912
2.0982698494703804 5.043249710858188
2.0964020997181563 5.048920635841668
2.096402130956982 5.048920635841668
2.0964020997181563 5.048920711076448
0.0702569413057349 2.0964020997181563 5.048920635841668 0.0004943915004910371
0.07923034015178443 0.07703087976573852 0.07496166364771899 0.07301161086442275 0.07117085022414349 0.06943056136554243 0.06778283994824068 0.0662205828405368 0.06473738996918606 0.06332748010924606 0.06198561838266799 0.06070705362882246 0.05948746412875363 0.058322910423363766 0.05720979417618899 0.056144822203520954 0.05512497493590508 0.05414747869145521 0.05320978123769836 0.05230953019856404 0.05144455392967146 0.05061284454066591
0.015905876217408233 0.01512749994001217 0.014409022572550906 0.01374443158487301 0.013128446556815877 0.012556415664275653 0.01202422866403237 0.011528243475200343 0.011065224009735525 0.010632287345256553 0.010226858685323928 0.009846632834365918 0.009489541141406247 0.009153723050103807 0.008837501541299966 0.008539361875285636 0.008257933139851048 0.007991972191208807 0.007740349641525588 0.007502037601794245 0.007276098934309087 0.007061677806819879
