4.010271742908449 4.236012437238932
4.010271802666154 4.236012437238932
4.010271742908449 4.236012500360436
2.932389422276415 3.118432673857935
2.932389465972422 3.118432673857935
2.932389422276415 3.118432720326203
2.8845687638042365 3.1193026193584803
2.8845688067876605 3.1193026193584803
2.8845687638042365 3.1193026658397116
1.7254434459968548 5.132212252748025
2.5945419627701543 3.6224810011370225
2.5945420014318423 3.6224810011370225
2.5945419627701543 3.6224810551161957
2.1089104700329213 4.567763020862267
2.108910501458136 4.567763020862267
2.1089104700329213 4.56776308892724
2.0246110738850396 4.819717112972773
2.0246111040540957 4.819717112972773
2.0246110738850396 4.819717184792155
1.9575177915616364 4.973170961680217
1.9575178207309245 4.973170961680217
1.9575177915616364 4.973171035786239
1.9562244560437476 4.977478508320081
1.9562244851937636 4.977478508320081
1.9562244560437476 4.97747858249029
0.0675118530319807 1.9562244560437476 4.977478508320081 0.000645757299596043
0.07944391553232798 0.0772895498832983 0.07526115180652324 0.07334814078800812 0.07154107715960374 0.06983151402532496 0.06821187138353722 0.06667532870865588 0.06521573294848516 0.06382751944656209 0.0625056437429044 0.06124552256453098 0.06004298260695453 0.05889421594349624 0.0577957410916399 0.05674436892329821 0.05573717273556129 0.054771461905586044 0.05384475864202341 0.05295477741916585 0.0520994067415551 0.051276692938313446
0.01746790550641671 0.016634109524065688 0.015863382092356562 0.015149492767804145 0.014486958223519645 0.013870938175328534 0.01329714765476716 0.012761782794930895 0.012261457828945402 0.011793151426713536 0.011354160836749524 0.010942062574284666 0.010554678618341286 0.01019004725998106 0.009846397889938597 0.009522129133029703 0.009215789834343823 0.008926062482463087 0.008651748721111277 0.00839175665536848 0.008145089704007442 0.007910836787315441
