5.156460207790914 5.8949026680163445
5.156460284628159 5.8949026680163445
5.156460207790914 5.894902755857239
2.9589185728328173 3.417666663158991
2.95891861692414 3.417666663158991
2.9589185728328173 3.417666714086193
2.861397768692281 3.3747792067721765
2.8613978113304306 3.3747792067721765
2.861397768692281 3.3747792570603052
1.2787146647220176 6.2444763080157415
2.4644653890169463 4.091959887187111
2.464465425740342 4.091959887187111
2.4644653890169463 4.0919599481620645
1.8130479863225997 5.453318517709277
1.81304801333912 5.453318517709277
1.8130479863225997 5.453318598970055
1.4757190635040627 6.378068486291667
1.4757190854939903 6.378068486291667
1.4757190635040627 6.378068581332294
1.5121988997246183 6.327333898530658
1.5121989222581378 6.327333898530658
1.5121988997246183 6.327333992815281
1.5129844835859847 6.325607411306758
1.5129845061312104 6.325607411306758
1.5129844835859847 6.325607505565654
0.05454886566410444 1.5129844835859847 6.325607411306758 0.00032335253569697897
0.07813766150940955 0.07602024154280328 0.0740284493271461 0.07215152595184937 0.07037990063341064 0.06870503215707367 0.06711927483891104 0.06561576473754063 0.06418832266568607 0.06283137120120189 0.061539863413546905 0.06030922143432079 0.05913528333181539 0.05801425701683399 0.056942680123647074 0.055917384986257895 0.05493546797425057 0.0539942625707468 0.05309131567242113 0.05222436667209443 0.05139132895129349 0.05059027346586503
0.016985919371079714 0.016205343794396785 0.015483887640094986 0.014815612654227954 0.014195313002626664 0.013618409432087482 0.013080860781242683 0.012579089688920709 0.012109919971735314 0.011670523633780695 0.011258375859735669 0.010871216651280947 0.010507018013007761 0.010163955791383709 0.009840385429214362 0.009534821026437155 0.009245917202266352 0.008972453338569468 0.008713319853740076 0.008467506213269348 0.008234090430108582 0.00801222984666337
