7.643472784373216 4.751168198538885
7.643472898269836 4.751168198538885
7.643472784373216 4.751168269336808
7.307072160381822 4.610140138127765
7.307072269265682 4.610140138127765
7.307072160381822 4.610140206824206
5.5352375567096015 8.076483238969502
6.86135195050597 5.476532109315538
6.861352052748082 5.476532109315538
6.86135195050597 5.476532190922225
6.112804022155789 7.073707488029488
6.112804113243667 7.073707488029488
6.112804022155789 7.073707593435943
4.741504826184672 10.324047667265894
4.7415048968386 10.324047667265894
4.741504826184672 10.324047821106193
3.629219004166126 13.67188174555683
3.6292190582457033 13.67188174555683
3.629219004166126 13.671881949283744
3.187939002190495 15.38513458458466
3.1879390496944877 15.38513458458466
3.187939002190495 15.38513481384103
3.216095945057054 15.354234062323401
3.2160959929806183 15.354234062323401
3.216095945057054 15.354234291119319
3.217143588543282 15.350944015433111
3.2171436364824575 15.350944015433111
3.217143588543282 15.350944244180003
0.02356283749687016 3.217143588543282 15.350944015433111 9.949627072856542e-05
0.04145638385799578 0.03995151420296053 0.03855497491853426 0.03725547429330977 0.03604323732836393 0.03490975951039757 0.03384760698987175 0.03285025328621724 0.03191194497032587 0.031027590504167295 0.030192667714366635 0.02940314635770103 0.02865542298480982 0.027946265883668962 0.02727276832985967 0.026632308718063685 0.026022516421934958 0.025441242444937527 0.02488653409595267 0.02435661306029753 0.02384985634676135 0.02336477968008687
0.005839960909251856 0.005478155966312631 0.005150257163285696 0.004852099388479367 0.004580144897539293 0.004331372143738833 0.004103187126995072 0.0038933521575320188 0.0036999282032598485 0.003521227918243112 0.0033557771334139087 0.003202283099205003 0.0030596081513861325 0.002926747760207506 0.0028028121433137814 0.0026870107923005863 0.0025786393939639185 0.002477068729561863 0.0023817352156548723 0.0022921328134450454 0.002207806083842441 0.00212834420565759
