11.517277106062902 13.702647615513854
11.517277277683705 13.702647615513854
11.517277106062902 13.702647819699214
6.031065957788683 7.215161958066504
6.031066047658569 7.215161958066504
6.031065957788683 7.215162065580795
5.674758729551642 7.968997642908942
5.674758814112137 7.968997642908942
5.674758729551642 7.968997761656261
3.7725374624457704 12.622132294647734
5.202403137451537 9.133584236673826
5.202403214973384 9.133584236673826
5.202403137451537 9.133584372774838
4.309942909140967 11.48327393958023
4.309942973364121 11.48327393958023
4.309942909140967 11.483274110694346
4.067755261220357 12.338182249049096
4.0677553218346345 12.338182249049096
4.067755261220357 12.338182432902338
4.085108536809994 12.30284165195736
4.085108597682854 12.30284165195736
4.085108536809994 12.302841835283987
0.02828537549555943 4.085108536809994 12.30284165195736 0.00010330542683027313
0.04146565277853886 0.03993312573898377 0.03851138235265167 0.03718887678769401 0.03595560767482505 0.03480286925432662 0.03372304893888449 0.032709461537470175 0.03175621265082436 0.030858085441602918 0.03001044625784728 0.029209165557791524 0.028450551326417522 0.02773129274697443 0.027048412335742286 0.026399225096442807 0.025781303524727323 0.025192447510176807 0.024630658356088905 0.024094116275743354 0.023581160835269656 0.023090273903395284
0.0056941911428567615 0.005319238972219304 0.004980744889652344 0.0046741191217235115 0.004395473042566807 0.00414149430100709 0.003909347175548829 0.003696592490290186 0.0035011228185713237 0.0033211097241832143 0.0031549605478395095 0.0030012828130038254 0.0028588547519733166 0.0027266007772818943 0.0026035709715296193 0.0024889238598894315 0.002381911877832502 0.002281869062393517 0.0021882005862449137 0.00210037382570461 0.0020179107108867574 0.0019403811517944903
