13.07384116776805 13.503608402999225
13.073841362583465 13.503608402999225
13.07384116776805 13.50360860421867
6.4662578432083295 6.712562494175958
6.46625793956308 6.712562494175958
6.4662578432083295 6.712562594200934
6.081668448520642 7.538469335901671
6.081668539144563 7.538469335901671
6.081668448520642 7.538469448233617
4.176694971371227 12.065560660897894
5.610008995876616 8.672160144312507
5.610009079472265 8.672160144312507
5.610008995876616 8.672160273537763
4.713251998700622 10.958357170246753
4.71325206893355 10.958357170246753
4.713251998700622 10.958357333539
4.6726671892126515 11.209163382480728
4.672667258840819 11.209163382480728
4.6726671892126515 11.20916354951028
4.675364883162144 11.203337142998633
4.675364952830511 11.203337142998633
4.675364883162144 11.203337309941366
0.03120580208552992 4.675364883162144 11.203337142998633 0.00013803181243653135
0.04077220107857289 0.03924235283900777 0.03782399756705043 0.03650544394841239 0.03527657125016854 0.03412857560002441 0.03305376364515171 0.03204538363388703 0.031097486273180732 0.030204809441457335 0.029362682138705753 0.02856694404557221 0.027813877821650217 0.027100151858457718 0.026422771657423755 0.025779038358989877 0.02516651322899063 0.024582987130242564 0.02402645418388692 0.023495088966445792 0.022987226702380476 0.022501346004011505
0.0052906145829859155 0.004930450576264532 0.00460611696998977 0.004313023800450233 0.004047291291158723 0.0038056222697690732 0.003585200491456439 0.0033836090376701306 0.0031987643925403286 0.003028862852294815 0.002872336703685734 0.0027278181910566158 0.002594109731548909 0.002470159172012854 0.0023550391367489288 0.0022479297120663335 0.002148103866286661 0.002054915122918722 0.0019677870982112828 0.001886204588082259 0.0018097059479894818 0.0017378765560321697
