9.92116216915181 11.72105295219733
9.921162316988646 11.72105295219733
9.92116216915181 11.72105312685463
6.20156706370129 7.3567803834371865
6.201567156111841 7.3567803834371865
6.20156706370129 7.356780493061757
6.0415322358733015 7.693045873754912
6.041532325899147 7.693045873754912
6.0415322358733015 7.693045988390228
5.464327579827657 9.073813357885848
5.464327661252483 9.073813357885848
5.464327579827657 9.073813493096203
5.541663164982948 8.927366160569127
5.541663247560164 8.927366160569127
5.541663164982948 8.927366293597249
5.53974523722143 8.932927429010977
5.539745319770066 8.932927429010977
5.53974523722143 8.932927562121968
0.038593835538640486 5.53974523722143 8.932927429010977 0.0001029448971983819
0.040680035027157425 0.03913515410145459 0.037703428223868504 0.03637296333833332 0.03513346295586434 0.03397597072036382 0.032892660823663135 0.03187666628112334 0.030921937376542048 0.030023124308647408 0.029175479375078087 0.02837477502342941 0.02761723486199566 0.026899475312907956 0.026218456049734454 0.025571437721505462 0.024955945748814563 0.02436973920255914 0.023810783955191536 0.02327722943806067 0.02276738845418507 0.02227971958950193
0.005094695067852473 0.004735513868594954 0.004412946922616443 0.0041222186643480145 0.0038593015013935147 0.0036207805391764328 0.00340374581665652 0.0032057058805904422 0.003024518031846518 0.0028583316881879454 0.0027055421341857983 0.0025647525483144685 0.002434742665106539 0.002314442786130445 0.0022029121261432105 0.002099320690925378 0.0020029340463390464 0.0019131004653842466 0.0018292400398924682 0.0017508354223058193 0.0016774239255109406 0.0016085907585442747
