6.2934948767011 7.267305103308869
6.293494970481482 7.267305103308869
6.2934948767011 7.267305211600154
5.928039598554962 6.919684085091612
5.928039686889636 6.919684085091612
5.928039598554962 6.9196841882029405
4.354189258480617 10.551942450364194
5.5319223063804905 7.827553960506149
5.531922388812556 7.827553960506149
5.5319223063804905 7.827554077145793
4.83910836611345 9.537172466662996
4.839108438221784 9.537172466662996
4.83910836611345 9.53717260877794
3.9835831826664245 11.898514114241895
3.9835832420264397 11.898514114241895
3.9835831826664245 11.898514291543572
4.1044221388047175 11.684186950384575
4.104422199965374 11.684186950384575
4.1044221388047175 11.684187124492528
4.10718193709246 11.678502422558596
4.107181998294241 11.678502422558596
4.10718193709246 11.678502596581843
0.030018172200771298 4.10718193709246 11.678502422558596 0.00021963603410057322
0.042508484373445114 0.040943212958570195 0.03949066637393848 0.03813914526620129 0.03687850820109647 0.03569992186871535 0.03459565763643944 0.03355892476322081 0.03258373282515194 0.03166477757651801 0.03079734573476938 0.029977235140249775 0.029200687479778272 0.028464331333645104 0.027765133749430442 0.027100358893675125 0.02646753260638331 0.025864411900522966 0.02528895862185057 0.024739316623192363 0.02421379191916059 0.02371083537784865
0.005827712310650551 0.0054444928692770345 0.005098461324763976 0.004784948238513493 0.004499995163758507 0.004240228517055199 0.0040027588141200625 0.0037850996023300466 0.0035851018079542836 0.0034009002357077 0.003230869715090807 0.0030735889546922687 0.0029278105934129454 0.0027924362629748673 0.0026664957254214864 0.002549129341706595 0.00243957327689923 0.0023371469643251753 0.0022412424427977976 0.0021513152537093105 0.0020668766424912755 0.0019874868550983915
