12.21712001105241 9.165235425404099
12.217120193101685 9.165235425404099
12.21712001105241 9.165235561976749
6.928791879668454 5.228150787594576
6.928791982915499 5.228150787594576
6.928791879668454 5.228150865500093
4.714395537238782 9.780614207165558
6.371171217653294 6.365983257811863
6.3711713125911436 6.365983257811863
6.371171217653294 6.365983352672406
5.437487977984282 8.484093980507533
5.4374880590091665 8.484093980507533
5.437487977984282 8.484094106930385
3.763928004949581 12.8005539559046
5.052801938881485 9.575678153958531
5.052802014174102 9.575678153958531
5.052801938881485 9.575678296647254
4.242789886947967 11.74409644878996
4.2427899501704625 11.74409644878996
4.242789886947967 11.744096623790634
3.3821673369914187 14.401220786797222
3.3821673873896394 14.401220786797222
3.3821673369914187 14.401221001392134
3.493588853639027 14.206837455115114
3.4935889056975578 14.206837455115114
3.493588853639027 14.206837666813488
3.4974616832814327 14.196932470584262
3.497461735397673 14.196932470584262
3.4974616832814327 14.19693268213504
0.025384571841586823 3.4974616832814327 14.196932470584262 0.00010487546103751657
0.04181415532515398 0.040287489496984095 0.03887080580895496 0.037552649589266296 0.03632310135462883 0.03517352843222015 0.03409638318701466 0.03308503798536307 0.032133649338145276 0.031237045388604653 0.030390632203658993 0.029590315307873125 0.028832433648279265 0.028113703754849177 0.0274311723085575 0.026782175678095044 0.026164305260659687 0.025575377679215396 0.02501340906119276 0.024476592761653582 0.02396328000496229 0.0234719630087449
0.005779836824896633 0.00541413489306986 0.005083121371828081 0.004782502350543798 0.0045086332519176505 0.004258403674117401 0.004029145518523662 0.0038185591454289085 0.003624653604321399 0.0034456979387689525 0.003280181269699307 0.0031267798852502027 0.0029843299595087103 0.0028518048211840295 0.0027282959214431778 0.002612996825738831 0.002505189690543609 0.0024042337920717723 0.002309555757420137 0.002220641214391851 0.002137027628560178 0.0020582981378934107
