6.949552987796857 11.409476061856058
6.949553091353267 11.409476061856058
6.949552987796857 11.4094762318705
5.492928072047458 9.068959497581996
5.492928153898465 9.068959497581996
5.492928072047458 9.068959632720023
4.783373636480547 10.836575123587323
4.7833737077583685 10.836575123587323
4.783373636480547 10.836575285064876
3.5175863431638197 14.45557376771821
4.4839457232934485 11.747098855259582
4.483945790109447 11.747098855259582
4.4839457232934485 11.747099030304994
3.869782008279108 13.563040785965407
3.8697820659433533 13.563040785965407
3.869782008279108 13.563040988070464
3.7365806501658447 14.070591072880289
3.736580705845235 14.070591072880289
3.7365806501658447 14.070591282548435
3.7384259059042995 14.070184048659872
3.7384259616111866 14.070184048659872
3.7384259059042995 14.070184258321952
0.02464134383747507 3.7384259059042995 14.070184048659872 0.00017928177813296526
0.040257974371227086 0.03877409856455072 0.037397700048147194 0.03611753445791923 0.03492387001707128 0.03380824206608211 0.032763253770248094 0.031782413205045164 0.030859999320041458 0.029990950994007153 0.029170774679437544 0.028395467108431716 0.027661450275394624 0.026965516484152907 0.02630478169050362 0.02567664571727949 0.025078758190855702 0.024508989262890503 0.023965404351932472 0.023446242276123595 0.022949896258033165 0.022474897371376895
0.005650184146757697 0.0052850527855045045 0.004955051644420146 0.004655784287145354 0.004383524626985908 0.004135097327348295 0.003907782486234829 0.0036992391069345437 0.003507443223126308 0.0033306375448442583 0.00316729022837655 0.0030160609217868115 0.002875772649927368 0.002745388415049394 0.002623991627492153 0.0025107696642701033 0.0024049999953700356 0.0023060384282746057 0.002213309108082943 0.002126295979149562 0.002044535468576252 0.001967610195316055
