12.236494994526106 12.837701349586572
12.236495176864091 12.837701349586572
12.236494994526106 12.837701540883229
6.451425243466049 6.798597777182503
6.451425339599776 6.798597777182503
6.451425243466049 6.798597878489504
7.561236278050657 4.279858270960551
6.728461621169492 6.1687211563613555
6.728461721431383 6.1687211563613555
6.728461621169492 6.168721248282464
6.95362064394518 5.687009612979524
6.953620747562202 5.687009612979524
6.95362064394518 5.687009697722571
7.409857693546755 4.726375374140783
7.409857803962239 4.726375374140783
7.409857693546755 4.726375444569265
7.901888824877694 3.7835732994402482
7.901888942625013 3.7835732994402482
7.901888824877694 3.783573355819884
8.432120328917945 2.861713799092364
8.045999485897564 3.5601504570056215
8.0459996057923 3.5601504570056215
8.045999485897564 3.560150510055997
8.309712979995563 3.0984169953686784
8.309713103819936 3.0984169953686784
8.309712979995563 3.0984170415386894
8.59096437387123 2.647151829410122
8.590964501886575 2.647151829410122
8.59096437387123 2.647151868855758
8.890151825265983 2.2075730930129644
8.890151957739569 2.2075730930129644
8.890151825265983 2.207573125908367
8.977971133357652 2.107777394650818
8.977971267139846 2.107777394650818
8.977971133357652 2.1077774260591484
9.1383893025742 1.8957593290847832
9.138389438746813 1.8957593290847832
9.1383893025742 1.8957593573337985
9.183471734960765 1.8469184920584505
9.183471871805157 1.8469184920584505
9.183471734960765 1.8469185195796807
9.268115513302652 1.744415599058801
9.268115651408335 1.744415599058801
9.268115513302652 1.744415625052619
9.35562526271262 1.6443483414592608
9.3556254021223 1.6443483414592608
9.35562526271262 1.6443483659619604
9.445392885020606 1.5463014839346125
9.445393025767927 1.5463014839346125
9.445392885020606 1.5463015069763002
9.537566963345121 1.4505134284667496
9.537567105465945 1.4505134284667496
9.537566963345121 1.450513450081084
9.56210402689371 1.428099241436143
9.562104169380163 1.428099241436143
9.56210402689371 1.4280992627164801
9.515107149834273 1.4751008011760303
9.550408566819716 1.4399031403943363
9.550408709131894 1.4399031403943363
9.550408566819716 1.439903161850565
0.21995018188211168 9.550408566819716 1.4399031403943363 0.00012898062677857652
0.04117712879915376 0.03958436562994609 0.03810928648668247 0.036739464669992714 0.03546414323232289 0.034273966894768894 0.033160763415704515 0.03211736420527744 0.031137456291912842 0.030215459492228335 0.02934642396294978 0.02852594432983046 0.027750087372281917 0.027015330850633006 0.026318511537888254 0.025656780890970187 0.025027567091219078 0.024428542418110384 0.023857595107174643 0.023312804993221362 0.022792422361045932 0.022294849523911572
0.004692776337338142 0.004344564375123478 0.004033222206255297 0.003753799173011652 0.0035021360390157692 0.0032747201463148995 0.00306857012844628 0.002881143580985443 0.0027102626803118947 0.002554053922071148 0.0024108990341694778 0.0022793947844552812 0.0021583199075926184 0.002046607760360319 0.001943323609863579 0.0018476456870573836 0.0017588493149040462 0.0016762935585762318 0.0015994099534627278 0.0015276929521748207 0.0014606917994591437 0.0013980035978325696
