12.98597230637272 4.092650185198391
12.985972499878786 4.092650185198391
12.98597230637272 4.092650246183631
8.55619777470399 2.714929703165392
8.556197902201273 2.714929703165392
8.55619777470399 2.714929743620997
6.354059008230266 6.219187934372075
8.041885123187086 3.61273817528029
8.041885243020513 3.61273817528029
8.041885123187086 3.6127382291142838
7.056227516763782 5.432295623493023
7.819566225547964 4.079877016290578
7.8195663420685815 4.079877016290578
7.819566225547964 4.0798770770854835
7.3357615183986695 4.994486529389924
7.335761627710035 4.994486529389924
7.3357615183986695 4.994486603813573
6.431950184586578 6.856054496808616
6.4319502804301045 6.856054496808616
6.431950184586578 6.856054598971789
5.6443113581152895 8.76967287660159
5.644311442222083 8.76967287660159
5.6443113581152895 8.769673007279899
4.6460426917897975 11.381728582982259
4.646042761021229 11.381728582982259
4.6460426917897975 11.38172875258323
4.809046603820984 11.092928867394534
4.809046675481363 11.092928867394534
4.809046603820984 11.092929032692055
4.813699888034107 11.083781696108218
4.8136999597638255 11.083781696108218
4.813699888034107 11.083781861269436
0.032019925611664446 4.813699888034107 11.083781696108218 0.00011387273217225856
0.04066735431733343 0.03913494087085134 0.03771452440569974 0.036394331418930365 0.035164173466261835 0.03401519061786636 0.032939642900158606 0.03193073962489458 0.03098249885236275 0.030089630988401585 0.02924744183639729 0.028451751429660065 0.02769882573867798 0.026985318941088597 0.026308224403136203 0.02566483288182312 0.025052696740595487 0.024469599195933455 0.023913527790977017 0.02338265143541309 0.02287530046599478 0.022389949275175975
0.005112999466136425 0.004762469591714299 0.004446993768549024 0.004162062147571786 0.003903865153329092 0.0036691673156192717 0.0034552067807619353 0.003259614711492966 0.0030803502101685925 0.0029156474469264203 0.0027639724502192286 0.0026239875968630437 0.002494522275472047 0.0023745485286868788 0.0022631607331141603 0.002159558571088805 0.0020630326996526295 0.001972952640127153 0.0018887565042242339 0.0018099422456754302 0.001736060184303243 0.001666706595663222
