9.41983359539916 12.186011028300076
9.419833735765618 12.186011028300076
9.41983359539916 12.186011209885791
5.949827822846386 7.730023201248359
5.9498279115057295 7.730023201248359
5.949827822846386 7.730023316434681
5.775735537489206 8.094310603538554
5.775735623554373 8.094310603538554
5.775735537489206 8.094310724153182
5.086200999672786 9.780494171344328
5.086201075463087 9.780494171344328
5.086200999672786 9.780494317085049
5.185724360450578 9.592768191295471
5.185724437723893 9.592768191295471
5.185724360450578 9.592768334238857
5.183416852829775 9.600008912573246
5.183416930068705 9.600008912573246
5.183416852829775 9.600009055624527
0.0366993478269394 5.183416852829775 9.600008912573246 0.00020073684012356628
0.04142107789732117 0.03985785768141254 0.03840871662557328 0.0370616973126265 0.03580644520420073 0.03463395066965149 0.033536338938127526 0.03250669796862013 0.031538936535668395 0.030627666555265907 0.02976810498122306 0.02895599159726405 0.02818751979406745 0.02745927801113649 0.026768199983179072 0.026111522290899067 0.025486748000037526 0.024891615397620703 0.02432407101385233 0.023782246261943824 0.02326443714406861 0.022769086565446274
0.005179095183809686 0.004819233151592815 0.004495660451024435 0.004203684525111527 0.0039393429246306405 0.0036992718911516022 0.0034806015865820293 0.003280871998790321 0.0030979650097669826 0.002930049186904243 0.0027755346566038803 0.0026330360180144355 0.002501341706803621 0.00237938856283562 0.0022662406191361474 0.0021610713327486564 0.0020631486358010753 0.00197182230824354 0.001886513270419066 0.0018067044699871934 0.0017319330983338905 0.001661783919959378
