12.465038008689943 12.503230266574418
12.465038194433484 12.503230266574418
12.465038008689943 12.503230452887067
6.513718867216246 6.567950816473426
6.513718964278221 6.567950816473426
6.513718867216246 6.567950914343521
6.025640001100144 7.621733822089073
6.025640090889177 7.621733822089073
6.025640001100144 7.621733935661758
4.092876362779358 12.235072498663284
5.5504339100156965 8.778381341926316
5.550433992723607 8.778381341926316
5.5504339100156965 8.778381472734392
4.639460772282494 11.107489583061998
4.639460841415847 11.107489583061998
4.639460772282494 11.10748974857649
4.537831380568903 11.537796008009018
4.53783144818786 11.537796008009018
4.537831380568903 11.537796179935576
4.540731040242693 11.533895383095066
4.540731107904858 11.533895383095066
4.540731040242693 11.5338955549635
0.03147733359841398 4.540731040242693 11.533895383095066 0.0001837443925449027
0.04150293059251029 0.03994912469023521 0.03850845567026384 0.0371690651630222 0.03592068779232509 0.03475439374019008 0.033662379418722174 0.03263779612930725 0.031674608939758084 0.030767479766447833 0.029911669972366023 0.02910295879811305 0.02833757471335755 0.02761213737072082 0.026923608305861824 0.026269248888695355 0.025646584314901202 0.025053372651910287 0.024487578132733553 0.023947348034452837 0.023430992593643476 0.022936967504373417
0.005195650709696732 0.004844800490419306 0.00452865658032527 0.00424279199022281 0.003983462646094533 0.0037474849269476473 0.0035321380519371653 0.003335085721943101 0.0031543127976869276 0.0029880738073656027 0.002834850825737238 0.0026933188262835673 0.002562317029757701 0.0024408250926004934 0.002327943223603202 0.0022228755058199025 0.002124915846985686 0.0020334360958125576 0.001947875951112236 0.001867734361413971 0.0017925621688820754 0.0017219557961317405
