3.671412635999595 8.490612211721494
3.6714126907079065 8.490612211721494
3.671412635999595 8.490612338241476
5.157528180570305 8.136921951213273
5.157528257423463 8.136921951213273
5.157528180570305 8.136922072462859
6.511729123871899 5.493140122058004
6.511729220904225 5.493140122058004
6.511729123871899 5.49314020391217
7.365348052428679 3.9078532581893484
7.365348162180918 3.9078532581893484
7.365348052428679 3.9078533164208995
8.255512152552566 2.363066171500895
7.616658117259124 3.53972867929422
7.616658230756174 3.53972867929422
7.616658117259124 3.5397287320402877
8.059871409045318 2.766261294674003
7.730029887936781 3.347856442685162
7.730030003123202 3.347856442685162
7.730029887936781 3.3478564925721104
7.955186220820476 2.9631785514122626
7.955186339361989 2.9631785514122626
7.955186220820476 2.9631785955670638
8.193985388914752 2.5868178048016746
8.193985511014649 2.5868178048016746
8.193985388914752 2.5868178433482636
8.446124767414654 2.2192607506162303
8.44612489327172 2.2192607506162303
8.446124767414654 2.2192607836857925
8.715253971088053 1.8639553523995418
8.518559606307765 2.1345835842340435
8.518559733244194 2.1345835842340435
8.518559606307765 2.1345836160418177
8.652200356199055 1.9562348709321447
8.652200485126887 1.9562348709321447
8.652200356199055 1.9562349000823158
8.792667899753265 1.7832118008640307
8.792668030774227 1.7832118008640307
8.792667899753265 1.7832118274359572
8.9389335213515 1.6150616254064003
8.938933654551988 1.6150616254064003
8.9389335213515 1.615061649472694
9.091686189367822 1.4527818177227443
9.091686324844504 1.4527818177227443
9.091686189367822 1.4527818393708802
9.133909571620823 1.4164301590382513
9.133909707726682 1.4164301590382513
9.133909571620823 1.4164301801447055
9.213285141478341 1.3382218007778854
9.153894979231154 1.3970227440339775
9.15389511563482 1.3970227440339775
9.153894979231154 1.3970227648512386
9.19377080197732 1.358110331383087
9.193770938975181 1.358110331383087
9.19377080197732 1.358110351620508
9.183935365106933 1.3679734064711835
9.183935501958235 1.3679734064711835
9.183935365106933 1.3679734268555757
0.23029733358664184 9.183935365106933 1.3679734064711835 0.00015516072562341414
0.04300833483477977 0.04136426932983425 0.039840384064458174 0.03842412611154101 0.03710461072572444 0.03587235650408279 0.03471906884538415 0.03363746185495697 0.03262111104820204 0.03166433087740045 0.030762072382217544 0.029909837244623906 0.02910360528722508 0.028339773044212542 0.02761510149634754 0.026926671425439558 0.026271845132124043 0.025648233490347304 0.025053667495736502 0.02448617361284626 0.023943952345729536 0.023425359553261544
0.005097290353572376 0.004724287215840717 0.004390243995078052 0.004090001616455025 0.0038192140991668115 0.0035742018917511538 0.0033518346962146768 0.0031494372953929446 0.0029647134365146034 0.0027956839730184 0.002640636330600533 0.0024980830172012434 0.0023667273944015877 0.002245435308990965 0.002133211477238749 0.00202917974202174 0.0019325665002799654 0.0018426867371375661 0.0017589322123260527 0.0016807614310006141 0.0016076910997468135 0.0015392888234284047
