13.954831035899117 2.9310938884846878
13.954831243842303 2.9310938884846878
13.954831035899117 2.9310939321613905
8.981314868608571 1.9046493277240588
8.981315002440592 1.9046493277240588
8.981314868608571 1.9046493561055455
6.473262908371185 5.167541911783027
8.409691626036933 2.7601003252681826
8.409691751351103 2.7601003252681826
8.409691626036933 2.7601003663968826
7.912986593967367 3.661118444821903
7.912986711880055 3.661118444821903
7.912986593967367 3.661118499376819
6.938357298691134 5.473381091178318
6.938357402080714 5.473381091178318
6.938357298691134 5.473381172738052
6.785236940505086 5.964493645559505
6.785237041612995 5.964493645559505
6.785236940505086 5.964493734437386
6.356741061241227 6.899876359800709
6.35674115596405 6.899876359800709
6.356741061241227 6.899876462616879
5.541281836880156 8.78911547012895
5.54128191945169 8.78911547012895
5.541281836880156 8.789115601096976
4.123514865631669 12.473035324849002
5.2122671992827865 9.719482285312296
5.2122672769516205 9.719482285312296
5.2122671992827865 9.719482430143868
4.521511426075172 11.568316683513302
4.521511493450943 11.568316683513302
4.521511426075172 11.568316855894654
4.4192247767512685 11.951309341836515
4.4192248426028495 11.951309341836515
4.4192247767512685 11.951309519924902
4.421779823057084 11.947089878737712
4.4217798889467375 11.947089878737712
4.421779823057084 11.947090056763225
0.029343356060702375 4.421779823057084 11.947089878737712 0.00019481969039075324
0.040722989514575134 0.03920130354846846 0.03779035124287744 0.036478527188028596 0.035255785576774744 0.034113387962540674 0.033043698209966665 0.03204001469558436 0.031096432129396168 0.030207727095836363 0.02936926271395094 0.0285769088050317 0.02782697471251369 0.027116152502373498 0.026441468725338296 0.0258002432764111 0.025190054165875834 0.024608707236501614 0.024054210037239582 0.023524749204239578 0.023018670813092477 0.02253446325764352
0.005358402206238545 0.004998171296164328 0.004673479477689668 0.004379801154489805 0.004113308272625766 0.003870745246356599 0.0036493292777983843 0.003446670346430146 0.0032607065554578142 0.0030896515572071343 0.002931951546155183 0.0027862498806467137 0.0026513578254212665 0.0025262302342524655 0.002409945242163247 0.002301687229308027 0.002200732467931808 0.0021064369803016183 0.0020182262269284206 0.0019355863165644105 0.001858056486741185 0.0017852226493178525
