7.386309498729281 3.6501979286009845
7.386309608793869 3.6501979286009845
7.386309498729281 3.650197982993172
3.7736909953369255 11.054959942192541
6.804028867164502 5.625936733242391
6.804028968552433 5.625936733242391
6.804028867164502 5.625936817075381
5.147564952468828 9.397740748770824
5.147565029173523 9.397740748770824
5.147564952468828 9.397740888808073
4.934594516428248 10.405357855060718
4.934594589959437 10.405357855060718
4.934594516428248 10.405358010112632
4.237913359688535 12.343715387587972
4.237913422838365 12.343715387587972
4.237913359688535 12.343715571523665
3.7515998974204225 13.902610804336254
3.7515999533236175 13.902610804336254
3.7515998974204225 13.902611011501298
3.773308102757372 13.889582258472686
3.7733081589840443 13.889582258472686
3.773308102757372 13.88958246544359
3.775036679336445 13.884217550991728
3.775036735588875 13.884217550991728
3.775036679336445 13.884217757882691
0.02521854452822292 3.775036679336445 13.884217550991728 0.00011328457596143654
0.040546760488727074 0.03905149032202264 0.037664516991419164 0.03637451330400512 0.03517167511471845 0.03404747431052299 0.03299445822768425 0.03200608565687974 0.031076591899753144 0.030200877059320088 0.029374413037807193 0.02859316569377452 0.027853529357574985 0.027152271479294658 0.026486485629154007 0.02585355141836123 0.025251100181832423 0.02467698548034777 0.02412925765160361 0.02360614177707622 0.023106018542124233 0.02262740755605637
0.005616685243026535 0.005253109934654266 0.00492454468243042 0.004626606307608316 0.004355579990492667 0.0041083000568874015 0.0038820549577857364 0.003674510968967828 0.0034836504959367283 0.0033077218628921063 0.0031451981976458594 0.002994743570621024 0.002855184956574294 0.002725488898717659 0.002604741992423643 0.0024921344884005843 0.002386946456748753 0.0022885360636619384 0.0021963295991291537 0.0021098129623402335 0.0020285243657576515 0.0019520480621211568
