11.153989410976404 10.601693370432162
11.153989577183799 10.601693370432162
11.153989410976404 10.601693528409704
6.45488603747558 6.163480202739969
6.454886133660877 6.163480202739969
6.45488603747558 6.163480294582981
7.535935652915611 3.7976270734681723
6.728145379560217 5.573395536582659
6.728145479817395 5.573395536582659
6.728145379560217 5.573395619632724
7.288092665810905 4.399538065804142
7.288092774411949 4.399538065804142
7.288092665810905 4.399538131362368
7.456767479203684 4.121569627587608
7.4567675903181785 4.121569627587608
7.456767479203684 4.121569689003781
7.763650470840179 3.548251730854262
7.763650586527586 3.548251730854262
7.763650470840179 3.548251783727333
8.091551253994965 2.9866899286659456
8.091551374568475 2.9866899286659456
8.091551253994965 2.9866899731710936
8.44132760069437 2.4384864184982984
8.441327726479953 2.4384864184982984
8.44132760069437 2.4384864548345777
8.545168083330045 2.313400186260706
8.545168210662972 2.313400186260706
8.545168083330045 2.313400220733055
8.73401113197357 2.048719343930462
8.734011262120479 2.048719343930462
8.73401113197357 2.0487193744587593
8.93610050768803 1.7940086658249534
8.936100640846304 1.7940086658249534
8.93610050768803 1.7940086925577658
9.150348856274533 1.5494370189695086
9.150348992625357 1.5494370189695086
9.150348856274533 1.5494370420579193
9.21177350363609 1.4961982593214846
9.211773640902212 1.4961982593214846
9.21177350363609 1.4961982816165762
9.325056210576625 1.3795944873514832
9.240367908758603 1.4673157697512011
9.240368046450815 1.4673157697512011
9.240367908758603 1.4673157916159099
9.297404794494852 1.4094007760288347
9.29740493303698 1.4094007760288347
9.297404794494852 1.4094007970305429
9.355759724191323 1.3528140725334747
9.355759863603007 1.3528140725334747
9.355759724191323 1.3528140926919754
9.341538241857299 1.3673298912236145
9.341538381057065 1.3673298912236145
9.341538241857299 1.3673299115984177
9.312266004317765 1.3955251801477786
9.334242211805286 1.3744015129248672
9.334242350896334 1.3744015129248672
9.334242211805286 1.3744015334050457
0.2284908746513945 9.334242211805286 1.3744015129248672 0.00016868626335696683
0.04225869468998608 0.04063620636348576 0.039132789208093134 0.037735956326127154 0.03643488696533473 0.03522016091165337 0.03408354152365111 0.033017797443456925 0.032016555259752166 0.03107417709396447 0.030185658373147337 0.029346542044881827 0.028552846255842954 0.027801003111502902 0.027087806600558685 0.026410368134453303 0.025766078442603785 0.025152574794867714 0.02456771270745419 0.024009541436911738 0.023476282686690803 0.02296631204802464
0.004962433710601642 0.004597426012460393 0.004270735062035044 0.003977260954261727 0.0037127117588347846 0.0034734570012514166 0.003256410763199849 0.003058937852181634 0.0028787780527495988 0.002713984636489657 0.0025628741820111663 0.002423985416543519 0.002296045292717866 0.002177940898050463 0.0020686960900317707 0.001967451978283482 0.0018734505530689281 0.0017860208985297724 0.0017045675383713429 0.0016285605481158934 0.0015575271366331856 0.0014910444543638486
