13.3132396516111 5.72862371813822
13.313239849993831 5.72862371813822
13.3132396516111 5.728623803501366
7.680868398670629 3.327720040882854
7.680868513124487 3.327720040882854
7.680868398670629 3.3277200904697466
9.669858819242823 0.058460030724666545
8.223311265357674 2.539675162353048
8.223311387894562 2.539675162353048
8.223311265357674 2.539675200197157
9.31034654213096 0.9650671845257748
8.510958355937175 2.157479008748217
8.510958482760337 2.157479008748217
8.510958355937175 2.15747904089716
9.087988634451255 1.3943964104178135
8.661129989098743 1.971328081458337
8.661130118159637 1.971328081458337
8.661129989098743 1.9713281108334144
8.959123826987517 1.5971430722322881
8.737496952102502 1.8793008640392157
8.737497082301353 1.8793008640392157
8.737496952102502 1.8793008920429808
8.888983417726829 1.6942183476581576
8.888983550183003 1.6942183476581576
8.888983417726829 1.6942183729039784
9.049778240143173 1.517162672173323
9.049778374995377 1.517162672173323
9.049778240143173 1.5171626947808083
9.218414448039654 1.3475586730353615
9.094442576326712 1.4774093387361789
9.094442711844467 1.4774093387361789
9.094442576326712 1.4774093607512935
9.178154142954321 1.3920085460169367
9.11552512623033 1.4562118459343951
9.115525262062238 1.4562118459343951
9.11552512623033 1.4562118676336426
9.15759488328566 1.4137222473556095
9.157595019744457 1.4137222473556095
9.15759488328566 1.4137222684217126
9.147229764032462 1.4244933292765232
9.147229900336807 1.4244933292765232
9.147229764032462 1.4244933505031279
0.22181006806912384 9.147229764032462 1.4244933292765232 0.0001850797025149926
0.042871157206855935 0.04123134059173972 0.03971145854071705 0.03829897693609871 0.03698302826172653 0.03575414686681277 0.034604052536821944 0.03352547251106655 0.03251199429562097 0.031557943293670426 0.030658280552389245 0.029808516906546255 0.029004640557794704 0.028243055719119614 0.027520530416281514 0.026834151902230964 0.026181288428843312 0.025559556349924954 0.024966791713192556 0.024401025646707722 0.023860462964668417 0.023343463514400545
0.005085527374933195 0.004713112905740851 0.004379624373749375 0.004079903522390935 0.003809605648721199 0.003565052748304285 0.003343116209032953 0.0031411225502491983 0.0029567772475116018 0.0027881028362024703 0.0026333883537213113 0.0024911478355796562 0.0023600860797651805 0.002239070275943277 0.002127106390481373 0.002023319426356828 0.001926936854655124 0.0018372746534606873 0.001753725499408089 0.001675748743732161 0.001602861873445687 0.0015346332131858848
