12.061428631227523 7.70541971677668
12.061428810956816 7.70541971677668
12.061428631227523 7.705419831596381
7.265456373591103 4.663983860090322
7.26545648185484 4.663983860090322
7.265456373591103 4.663983929589097
9.08262770568203 1.142205042235883
7.738618275851608 3.7935341659648922
7.738618391166006 3.7935341659648922
7.738618275851608 3.7935342224929562
8.709153292856556 2.0660153661301304
7.991582715982049 3.3676231353869666
7.991582835065911 3.3676231353869666
7.991582715982049 3.3676231855684615
8.493932127447177 2.5136852427071346
8.120561988569573 3.1561706567365433
8.120562109575376 3.1561706567365433
8.120561988569573 3.156170703767151
8.376502321683656 2.732041242731914
8.376502446503267 2.732041242731914
8.376502321683656 2.7320412834425007
8.651248992233342 2.3198453172785913
8.651249121146998 2.3198453172785913
8.651248992233342 2.3198453518469804
8.730618847791751 2.2247801980192605
8.73061897788811 2.2247801980192605
8.730618847791751 2.224780231171069
8.87668051369573 2.024745717896535
8.876680645968577 2.024745717896535
8.87668051369573 2.0247457480675974
9.030711002779098 1.8307807418896456
9.03071113734718 1.8307807418896456
9.030711002779098 1.8307807691704046
9.191657959104496 1.6425152890465795
9.191658096070872 1.6425152890465795
9.191657959104496 1.6425153135219646
9.236356300245095 1.5996632643911788
9.236356437877529 1.5996632643911788
9.236356300245095 1.5996632882280188
9.320187939947134 1.5085084123205343
9.320188078828757 1.5085084123205343
9.320187939947134 1.5085084347990614
9.342612691953564 1.4871615173028212
9.342612831169342 1.4871615173028212
9.342612691953564 1.4871615394632547
9.385790028938658 1.4427773389431393
9.385790168797827 1.4427773389431393
9.385790028938658 1.442777360442197
9.429725806262306 1.3991438060956243
9.396974653051231 1.4320748139689932
9.396974793077066 1.4320748139689932
9.396974653051231 1.4320748353085708
0.22038656661659783 9.396974653051231 1.4320748139689932 0.0001400549469867184
0.041759810502311416 0.04015122985843415 0.03866104988563141 0.03727681660139573 0.035987742855598685 0.034784441788290744 0.03365870925452956 0.032603345152241975 0.031612005859451016 0.03067908170332772 0.02979959469024438 0.02896911272795898 0.0281836773444961 0.02743974250916895 0.026734122630890315 0.026063948178257572 0.025426627657962303 0.024819814920293004 0.02424138094609934 0.023689389418670763 0.02316207550431319 0.02265782736298052
0.004849120434891251 0.004491068460176036 0.004170745390320765 0.003883110182596413 0.0036239235935365023 0.0033896021948228434 0.003177102021153771 0.0029838252700104917 0.0028075450494574475 0.0026463443433987956 0.002498566243058313 0.002362773156861831 0.0022377132146088534 0.0021222924666340435 0.0020155517743986563 0.001916647517546047 0.0018248354201330292 0.0017394569375937285 0.001659927755055581 0.00158572803372601 0.0015163941103678508 0.0014515114093150419
