6.7625099006169895 4.5908399318760775
6.762510001386239 4.5908399318760775
6.7625099006169895 4.590840000284923
3.3417679926470325 12.014173161302654
6.120583171985083 6.530785688803604
6.1205832631888795 6.530785688803604
6.120583171985083 6.530785786119894
4.527183272344223 10.294150488930903
4.527183339804511 10.294150488930903
4.527183272344223 10.294150642325699
4.319630407002303 11.294543748742589
4.319630471369812 11.294543748742589
4.319630407002303 11.294543917044406
3.6616378478782527 13.22909931964009
3.6616379024409085 13.22909931964009
3.6616378478782527 13.22909951676903
3.6041086056565654 13.510286667702546
3.6041086593619687 13.510286667702546
3.6041086056565654 13.510286869021506
3.6057142977848824 13.506996931873903
3.6057143515142123 13.506996931873903
3.6057142977848824 13.506997133143843
0.026341390677872223 3.6057142977848824 13.506996931873903 0.0001562278849872766
0.04213543150387009 0.04059690125676941 0.039169038422691295 0.03784034251483417 0.03660084998368073 0.0354418864020302 0.0343558649693013 0.0333361215686703 0.03237677888836504 0.03147263381726686 0.030619063603387148 0.029811947233964724 0.02904759923808846 0.028322713684772342 0.027634316593463628 0.026979725321020533 0.02635651376219618 0.025762482416724998 0.025195632548108363 0.024654143796877626 0.024136354721911266 0.02364074583299783
0.005881799815413333 0.005506931465533999 0.005167761192200065 0.0048598609034654515 0.004579472425629758 0.004323388818899532 0.004088859635124175 0.003873514730603783 0.003675302577398907 0.003492439990941656 0.0033233709122398175 0.0031667324205918324 0.003021326557363508 0.0028860968484002176 0.0027601086474061654 0.0026425326034369935 0.0025326306958840285 0.002429744389801601 0.0023332845504237653 0.0022427228236696064 0.002157584243435714 0.002077440869617136
