10.280501935178906 5.507227278930314
10.280502088370323 5.507227278930314
10.280501935178906 5.507227360994396
7.460045989792765 4.012994204070166
7.460046100956113 4.012994204070166
7.460045989792765 4.01299426386844
5.586568653631058 7.52415782786983
7.0011195477853905 4.895758741455022
7.0011196521102015 4.895758741455022
7.0011195477853905 4.895758814407512
6.130620941085464 6.685110301737371
6.130621032438835 6.685110301737371
6.130620941085464 6.685110401353278
5.975049003855406 7.157623845729444
5.975049092890575 7.157623845729444
5.975049003855406 7.15762395238635
5.585139436197922 8.072969265058672
5.585139519422985 8.072969265058672
5.585139436197922 8.07296938535529
5.237528130326697 8.948235296689985
5.237528208371948 8.948235296689985
5.237528130326697 8.948235430029081
5.2465366917985845 8.94522685267238
5.246536769978073 8.94522685267238
5.2465366917985845 8.945226985966649
0.03966577653279402 5.2465366917985845 8.94522685267238 0.00015469172249060073
0.042434006569686655 0.040837735088790586 0.03935753549271787 0.0379812911030582 0.036698502075932504 0.035500026491364335 0.034377869276874244 0.03332500903776736 0.03233525513709361 0.03140312907470461 0.030523765507738523 0.029692829241986195 0.028906445282767926 0.0281611396218827 0.027453788895526007 0.026781577407634347 0.02614196029689145 0.02553263185088331 0.0249514981506712 0.02439665337329683 0.02386635919604666 0.023359026840546623
0.005289884027333632 0.004922466408783247 0.004592048926583901 0.00429385792088257 0.004023860106978212 0.003778629855617706 0.0035552432488937104 0.003351192947911294 0.0031643193538107043 0.002992754612266779 0.0028348768079939912 0.0026892722940206693 0.00255470455322432 0.0024300883346727678 0.0023144680720892626 0.002206999796249661 0.0021069359120302533 0.002013612335046862 0.00192643758048195 0.0018448834738843322 0.0017684772150528864 0.0016967945750832433
