14.403964338506059 11.983117178262791
14.403964553141853 11.983117178262791
14.403964338506059 11.983117356825153
6.509496541733852 5.449918171910495
6.50949663873291 5.449918171910495
6.509496541733852 5.449918253120604
4.30241761801577 10.093849011431018
5.959585873531731 6.611782598428556
5.95958596233648 6.611782598428556
5.959585873531731 6.611782696951795
4.939428208944516 8.971570956274775
5.717523140755917 7.207171803532047
5.717523225953651 7.207171803532047
5.717523140755917 7.207171910927276
5.217456632225185 8.391344162463183
5.217456709971348 8.391344162463183
5.217456632225185 8.391344287503955
4.800882782636504 9.476171148132769
4.8008828541752315 9.476171148132769
4.800882782636504 9.476171289338723
4.839985277517386 9.404255570559963
4.839985349638787 9.404255570559963
4.839985277517386 9.404255710694292
4.839149916600051 9.406630259155286
4.8391499887090035 9.406630259155286
4.839149916600051 9.406630399325
0.038541326826256994 4.839149916600051 9.406630259155286 0.00021942862609138894
0.04381257945531888 0.04218181322084304 0.04066880128003571 0.03926132588193472 0.03794879113259549 0.03672196442878219 0.03557276548350777 0.034494093097098305 0.03347968207360016 0.032523984371634965 0.03162206985960375 0.030769543023696208 0.0299624727302751 0.029197332727846467 0.028470951029131376 0.02778046667118481 0.02712329263379204 0.026497083920590057 0.025899709986438178 0.02532923083832913 0.02478387625313903 0.024262027649565147
0.00550589880110795 0.005131143573841334 0.004793555698306792 0.004488400063585167 0.00421166840534426 0.003959950082494878 0.003730328758377775 0.0035202992437746495 0.0033277001463185786 0.0031506589971799937 0.002987547291455828 0.0028369434542538713 0.0026976021804502215 0.0025684289287244513 0.0024484586059849945 0.002336837675847802 0.0022328090785230215 0.002135699469746486 0.0020449083810634055 0.0019598989786897983 0.0018801901577729003 0.0018053497565154195
