8.522255442968305 9.01136028068435
8.522255569959807 9.01136028068435
8.522255442968305 9.011360414964082
6.388264645982117 6.780601643052838
6.3882647411746785 6.780601643052838
6.388264645982117 6.780601744091676
5.812476437273165 8.055040543940114
5.812476523885814 8.055040543940114
5.812476437273165 8.055040663969573
4.234528213193672 11.940136952175171
5.429308557251886 9.030835499049683
5.429308638154888 9.030835499049683
5.429308557251886 9.030835633619619
4.674277614792048 10.986826795225959
4.674277684444212 10.986826795225959
4.674277614792048 10.986826958942435
4.471181311579785 11.658318972286102
4.4711813782055785 11.658318972286102
4.471181311579785 11.658319146008592
4.478179677591611 11.648263140656066
4.478179744321689 11.648263140656066
4.478179677591611 11.648263314228712
0.03032649233428275 4.478179677591611 11.648263140656066 0.0001765391667880377
0.04108883813158454 0.03955332329252546 0.03812949349929246 0.03680565271727405 0.035571675044300956 0.03441875109592973 0.03333918176756756 0.03232620940936043 0.03137387876380895 0.03047692174528845 0.029630661444065527 0.0288309317279351 0.028074009573219674 0.027356557842155575 0.026675576678407094 0.026028362048071216 0.025412470233422493 0.024825687308246466 0.024266002800073322 0.02373158688590652 0.023220770581753893 0.022732028478242707
0.005348009480678924 0.004987733291953558 0.004663039564229618 0.004369394946459372 0.004102964787236619 0.003860487924060663 0.0036391768677201198 0.0034366376659324648 0.0032508051367665905 0.003079890194967187 0.0029223367593724614 0.0027767863013853237 0.0026420485252679105 0.002517076998155352 0.002400948797913234 0.0022928474397115642 0.0021920484916483187 0.002097907406383456 0.0020098491873006097 0.0019273595800009262 0.0018499775373197838 0.001777288751852082
