7.1909749998284465 11.32639083074681
7.190975106982324 11.32639083074681
7.1909749998284465 11.326390999523186
5.578646058432895 8.79469553185437
5.578646141561199 8.79469553185437
5.578646058432895 8.794695662905545
5.792161686767415 8.219045028727516
5.79216177307735 8.219045028727516
5.792161686767415 8.219045151200831
6.360564387140629 6.8309755380433534
6.360564481920425 6.8309755380433534
6.360564387140629 6.830975639832821
6.457470724230842 6.65892888591548
6.457470820454654 6.65892888591548
6.457470724230842 6.6589289851412525
6.463816823962048 6.645726559337207
6.463816920280425 6.645726559337207
6.463816823962048 6.645726658366249
0.0514175534689868 6.463816823962048 6.645726559337207 0.0001987732190570647
0.040895338713532244 0.03932979749951739 0.03787928823100673 0.03653170619551528 0.03527657100380467 0.034104765603885256 0.033008323573022635 0.03198025467566813 0.031014400959005685 0.030105317376739677 0.02924817223565113 0.02843866375589442 0.027672949802899853 0.02694758844297086 0.026259487438071903 0.025605861158930425 0.024984193682590337 0.024392207068379804 0.023827833988075694 0.02328919403190432 0.022774573129605288 0.022282405621035114
0.0049657444578675 0.004606838189398146 0.0042851782774404 0.0039958417904485365 0.003734683738786638 0.003498195734125581 0.003283393403538898 0.003087726130628609 0.002909004252526081 0.0027453399942464905 0.0025950992819496537 0.002456862223131757 0.0023293905311016394 0.0022116005439721956 0.0021025407743695806 0.0020013731467428283 0.001907357250463384 0.0018198370706429556 0.0017382297635799692 0.0016620161265871833 0.0015907324776557566 0.0015239637127740747
