9.544840877803773 8.849076465652793
9.544841020032987 8.849076465652793
9.544840877803773 8.849076597514308
6.4616373903682325 6.018855362543068
6.461637486654133 6.018855362543068
6.4616373903682325 6.018855452231001
5.7713170623046794 7.500145038737286
5.771317148304005 7.500145038737286
5.7713170623046794 7.500145150498156
4.133426915016846 11.470222787295963
5.379694047377881 8.499841995665285
5.379694127541569 8.499841995665285
5.379694047377881 8.499842122322802
4.5951033480387595 10.498708624671927
4.595103416511135 10.498708624671927
4.5951033480387595 10.498708781114876
4.326150348554066 11.356462248497303
4.32615041301873 11.356462248497303
4.326150348554066 11.356462417721778
4.343661485231226 11.32353543167384
4.343661549956826 11.32353543167384
4.343661485231226 11.323535600407666
0.030915318604351483 4.343661485231226 11.32353543167384 8.115930878358408e-05
0.04201539550677324 0.0404574131573783 0.039012072589388075 0.0376676463784289 0.03641397247373575 0.03524220277409552 0.03414459840867214 0.03311436195487599 0.03214549908119389 0.031232703791761858 0.030371262724718066 0.029556974927109073 0.028786084273719263 0.028055222272492755 0.02736135944677714 0.026701763835092405 0.026073965425290436 0.0254757255588687 0.024905010515700435 0.02435996862929309 0.023838910395354445 0.0233402911276567
0.005643197583754029 0.005266688830559779 0.004927082672989549 0.00461970988286432 0.00434061627577092 0.004086435349186265 0.003854286599862171 0.0036416937743451107 0.003446518712047993 0.0032669074744935364 0.003101246222143923 0.0029481248750928375 0.0028063070277774102 0.0026747049178510096 0.0025523585021479537 0.0024384178876645382 0.0023321285168803507 0.0022328186250312534 0.0021398885799134328 0.002052801788281329 0.001971076911299755 0.0018942811781596266
