13.626917489705793 8.769372352364957
13.626917692762687 8.769372352364957
13.626917489705793 8.769372483038788
7.222422767919379 4.6776331945003164
7.222422875541865 4.6776331945003164
7.222422767919379 4.677633264202482
5.103681605556586 8.91526371719403
6.70884394873395 5.74494188062694
6.708844048703515 5.74494188062694
6.70884394873395 5.744941966233245
5.721890682481366 7.898443074084309
5.721890767744181 7.898443074084309
5.721890682481366 7.898443191780283
4.871857802231257 10.109571347722603
4.871857874827596 10.109571347722603
4.871857802231257 10.109571498366956
4.701834291060521 10.704132449289602
4.7018343611233115 10.704132449289602
4.701834291060521 10.704132608793605
4.710826818109827 10.687690594854985
4.710826888306617 10.687690594854985
4.710826818109827 10.687690754113985
0.032987547329345834 4.710826818109827 10.687690594854985 0.0001705900347239456
0.04160795432724226 0.04005060580807581 0.03860644603636148 0.03726364227988846 0.03601194596681235 0.034842437729314286 0.033747319863995054 0.032719746288033515 0.03175368236073418 0.030843788655498285 0.029985324062806552 0.02917406459110244 0.02840623498905833 0.02767845089727778 0.026987669692248056 0.026331148541446445 0.025706408469059017 0.025111203454125913 0.02454349376014934 0.02400142283721438 0.02348329725205383 0.022987569194075436
0.005369978935341386 0.005004574749623059 0.004675481468834315 0.004378055569998577 0.004108370330717088 0.0038630874380486792 0.0036393545748420416 0.003434723160848293 0.003247081850455063 0.0030746024374427926 0.0029156955957900525 0.002768974468571725 0.002633224557009408 0.0025073786963274577 0.002390496161322363 0.0022817451421483954 0.0021803879841754657 0.0020857687055281927 0.0019973023999817754 0.0019144662071958814 0.001836791591279333 0.0017638577157846585
