9.369918905431746 7.5996738913724124
9.369919045054418 7.5996738913724124
9.369918905431746 7.599674004616378
6.889533464364547 5.61210591201611
6.889533567026596 5.61210591201611
6.889533464364547 5.612105995643005
5.612807936906697 8.301391035828129
5.612808020544053 8.301391035828129
5.612807936906697 8.301391159528494
4.1502171897419 12.158948843981221
5.308311011294507 9.286797991532806
5.308311090394505 9.286797991532806
5.308311011294507 9.28679812991688
4.576308141331799 11.21530850034527
4.576308209524104 11.21530850034527
4.576308141331799 11.21530866746639
4.245481535128988 12.258081577641473
4.245481598391593 12.258081577641473
4.245481535128988 12.258081760301122
4.2662844044311905 12.22119494570034
4.266284468003782 12.22119494570034
4.2662844044311905 12.221195127810336
4.266579810359797 12.220416808210494
4.266579873936791 12.220416808210494
4.266579810359797 12.220416990308895
0.02819118996258052 4.266579810359797 12.220416808210494 0.00013021877354310984
0.04063112595319144 0.03911937995910308 0.03771738021376601 0.03641364638347427 0.03519823879909105 0.03406250951352275 0.03299889990764642 0.032000775040257334 0.03106228721903567 0.03017826297300543 0.02934410889006907 0.028555732757702193 0.02780947719082724 0.02710206350611506 0.02643054404868085 0.0257922615263876 0.025184814181750025 0.024606025848931654 0.02405392011648606 0.0235266979551035 0.02302271828116618 0.02254048101712214
0.005530739564257638 0.005162000520566787 0.004829434047743151 0.004528453773050181 0.004255177967293373 0.004006303480845576 0.003779005238089041 0.003570855533418548 0.0033797587908048084 0.003203898489733991 0.003041693730935384 0.0028917634908555657 0.0027528970472811545 0.0026240293875117514 0.0025042206620730914 0.0023926389407160874 0.002288545677668768 0.002191283410321821 0.002100265307543928 0.0020149662564758904 0.0019349152343339586 0.00185968875778966
