11.488680438441328 11.014394438424445
11.488680609636008 11.014394438424445
11.488680438441328 11.014394602551711
6.427439410521428 6.189262518500655
6.4274395062977385 6.189262518500655
6.427439410521428 6.189262610727853
8.402460482373774 1.87039754568971
6.932194573795744 5.114644607043262
6.932194677093493 5.114644607043262
6.932194573795744 5.1146446832574055
7.986322535879385 2.98693692940944
7.205777441612872 4.587816578122782
7.2057775489873235 4.587816578122782
7.205777441612872 4.587816646486576
7.74803517214327 3.531626261864792
7.748035287597991 3.531626261864792
7.74803517214327 3.531626314490124
8.354753957112734 2.511100051303639
8.35475408160827 2.511100051303639
8.354753957112734 2.5111000887219457
8.551741752692323 2.2890760710728646
8.551741880123204 2.2890760710728646
8.551741752692323 2.289076105182756
8.898823411333273 1.8074852905814516
8.64054276229027 2.170168163238312
8.64054289104439 2.170168163238312
8.64054276229027 2.1701681955763377
8.817445258810285 1.9318315396786774
8.817445390200458 1.9318315396786774
8.817445258810285 1.9318315684652105
9.006394913495814 1.7029279193511693
9.006395047701556 1.7029279193511693
9.006394913495814 1.7029279447267727
9.206155363886719 1.4833952296112496
9.059722737168196 1.6513302383454422
9.059722872168585 1.6513302383454422
9.059722737168196 1.6513302629521802
9.158834653880248 1.5408696670230548
9.15883479035752 1.5408696670230548
9.158834653880248 1.5408696899838021
9.262058328316877 1.4342414208262515
9.185689120155308 1.5152692372067018
9.185689257032742 1.5152692372067018
9.185689120155308 1.515269259785973
9.237028910673123 1.4616930916530317
9.198586134548918 1.5019349539055236
9.198586271618533 1.5019349539055236
9.198586134548918 1.5019349762860985
9.185749908454294 1.5153277650769228
9.195396568246226 1.5053017286997146
9.197808502472116 1.5027949364403794
9.197808639530143 1.5027949364403794
9.197808502472116 1.502794958833769
0.20707600832330808 9.197808502472116 1.5027949364403794 0.0001301139307830823
0.04184223976337996 0.0402360648908418 0.03874774158606295 0.03736491328919037 0.03607687185700415 0.03487429483777932 0.033749030849399925 0.03269392320809637 0.0317026641701031 0.03076967382468642 0.02988999895463034 0.029059228160899318 0.02827342030588436 0.027529043918799824 0.02682292566772282 0.02615220636548348 0.025514303263655114 0.024906877617273004 0.024327806685563818 0.023775159480774015 0.023247175695748582 0.022742247337103328
0.0050519184873508835 0.004680397385730206 0.004347869205616673 0.004049145135353825 0.003779858236375339 0.00353631444044821 0.0033153736604627166 0.003114354357230218 0.0029309564923982257 0.002763198981217977 0.0026093686472925728 0.0024679783525978515 0.002337732486326811 0.002217498386408086 0.0021062825678537372 0.0020032108644704575 0.0019075117712759918 0.0018185024163929156 0.001735576702389661 0.0016581952449006155 0.0015858768061137864 0.00151819097635361
