14.008540413167108 11.006635704616247
14.008540621910626 11.006635704616247
14.008540413167108 11.0066358686279
6.8971713802157275 5.4517005457709
6.89717148299159 5.4517005457709
6.8971713802157275 5.451700627007569
4.743248008403592 9.971215829335566
6.36161311250813 6.582967583218673
6.361613207303552 6.582967583218673
6.36161311250813 6.582967681312534
5.360819967992839 8.877474971394726
5.360820047875282 8.877474971394726
5.360819967992839 8.877475103679412
4.500117923875109 11.228122342600125
4.500117990932091 11.228122342600125
4.500117923875109 11.228122509912186
4.5550011827059285 11.21500433545335
4.555001250580736 11.21500433545335
4.5550011827059285 11.215004502569938
4.553934404631044 11.218915527462796
4.553934472489955 11.218915527462796
4.553934404631044 11.218915694637666
0.03126003059648641 4.553934404631044 11.218915527462796 0.00019048480442485907
0.04131344352181984 0.03977006060011792 0.038338814572924235 0.037007979292663515 0.035767399887184935 0.0346082395168625 0.03352277332008401 0.03250421965057912 0.03154660100132229 0.030644628723874197 0.029793606945388396 0.028989352069314394 0.02822812499993479 0.027506573813123446 0.026821685048393853 0.0261707421515685 0.025551289876379533 0.024961103674316882 0.02439816327811679 0.023860629825325486 0.023346825981938376 0.022855218618008568
0.0054138020534252275 0.005047947658778617 0.0047182888244950705 0.0044202103947967135 0.004149808476968241 0.0039037630929936386 0.0036792366165283256 0.003473792205456836 0.00328532786050671 0.003112022784502564 0.002952293491347762 0.0028047576932254304 0.002668204431462568 0.0025415692485499073 0.0024239134529775714 0.002314406724445296 0.0022123124589876206 0.002116975372202756 0.002027810971952332 0.0019442965854916227 0.0018659636844287292 0.0017923912975575844
