4.0893760320161014 2.0040564572230473
4.089376092952553 2.0040564572230473
4.0893760320161014 2.0040564870858155
5.68269526062307 3.2386994104352844
5.682695345301828 3.2386994104352844
5.68269526062307 3.2386994586956663
4.713731092553164 7.688457500035408
4.7137311627932315 7.688457500035408
4.713731092553164 7.688457614602353
4.304082424928598 10.64906426242924
4.304082489064425 10.64906426242924
4.304082424928598 10.649064421112664
4.42922553407418 10.694026711246567
4.429225600074783 10.694026711246567
4.42922553407418 10.694026870599982
4.431960185127153 10.692941252172284
4.431960251168506 10.692941252172284
4.431960185127153 10.692941411509526
0.034327617856861004 4.431960185127153 10.692941252172284 0.0001338743893477759
0.04358301856677063 0.04196850682836771 0.040470495983676864 0.039076887443524104 0.03777719256634072 0.03656227500510576 0.03542414072084457 0.03435576573890157 0.033350954004644474 0.03240421940565184 0.03151068732104499 0.030666012044788575 0.029866307187240974 0.029108086745194807 0.028388214987017532 0.0277038636572514 0.02705247528719238 0.026431731621823475 0.025839526352069816 0.025273941484585595 0.024733226796760367 0.02421578191818284
0.0055203399453774855 0.0051516240656830975 0.0048190369453798235 0.004518012746303808 0.004244683413173969 0.0039957547385376544 0.0037684073266686952 0.003560216908653208 0.0033690898112805115 0.0031932103779215436 0.0030309978799888684 0.00288107101280812 0.002742218489395405 0.002613374565214987 0.002493598572094312 0.002382057728733977 0.002278012642336986 0.0021808050308973386 0.0020898472861543343 0.0020046135687750008 0.001924632184229002 0.0018494790333009228
