10.004918412431627 9.464941843258796
10.00491856151653 9.464941843258796
10.004918412431627 9.46494198429742
6.6788983048139645 6.338623730568482
6.678898404337305 6.338623730568482
6.6788983048139645 6.338623825021336
7.385519320049831 4.7794991723461395
6.8554210809409675 5.948465339424088
6.855421183094702 5.948465339424088
6.8554210809409675 5.948465428063129
7.055479231962348 5.5225045126570205
7.055479337097181 5.5225045126570205
7.055479231962348 5.52250459494875
7.463044879525931 4.674121461290018
7.463044990733966 4.674121461290018
7.463044879525931 4.674121530939855
7.899374651433719 3.840167092593741
7.579490635475622 4.469654206322751
7.579490748418834 4.469654206322751
7.579490635475622 4.469654272925789
7.796379211673036 4.052011733332712
7.79637932784814 4.052011733332712
7.796379211673036 4.052011793712392
8.022471330283937 3.6392790793880407
8.022471449828075 3.6392790793880407
8.022471330283937 3.6392791336175248
8.256928682339236 3.231240306968808
8.256928805377061 3.231240306968808
8.256928682339236 3.2312403551180404
8.32138554972868 3.1328181023883594
8.321385673726986 3.1328181023883594
8.32138554972868 3.132818149070987
8.4430923667853 2.9314380559227513
8.44309249259718 2.9314380559227513
8.4430923667853 2.9314380996045823
8.568810078917416 2.732537253287843
8.568810206602636 2.732537253287843
8.568810078917416 2.732537294005821
8.697953419042312 2.5358434045433293
8.697953548651919 2.5358434045433293
8.697953419042312 2.5358434423303406
8.830980925211058 2.34175539606504
8.830981056802928 2.34175539606504
8.830980925211058 2.3417554309599145
8.968421499034516 2.150767016576593
8.96842163267441 2.150767016576593
8.968421499034516 2.1507670486255193
9.110887264359071 1.9634972161734494
9.110887400121872 1.9634972161734494
9.110887264359071 1.963497245431838
9.259071275324718 1.7807187400700597
9.259071413295631 1.7807187400700597
9.259071275324718 1.7807187666048367
9.299825238966163 1.7382980025169972
9.299825377544357 1.7382980025169972
9.299825238966163 1.7382980284196559
9.376690231903094 1.649228417534571
9.376690371626667 1.649228417534571
9.376690231903094 1.6492284421099896
9.455946548797641 1.5622798445707373
9.455946689702225 1.5622798445707373
9.455946548797641 1.5622798678505212
9.537059368729631 1.4770605477488512
9.53705951084289 1.4770605477488512
9.537059368729631 1.4770605697587684
9.620128169575464 1.3937467287620153
9.620128312926544 1.3937467287620153
9.620128169575464 1.39374674953046
9.642100653584652 1.374193952022521
9.642100797263149 1.374193952022521
9.642100653584652 1.3741939724996066
9.68447971369331 1.3333966507473054
9.652738883568846 1.364039970254611
9.652739027405865 1.364039970254611
9.652738883568846 1.3640399905803906
0.23165617059545052 9.652738883568846 1.364039970254611 0.0001589240722184379
0.04117510726149167 0.03958143426845429 0.038105580064416236 0.03673509641994689 0.03545920875350031 0.03426854725784668 0.03315492765521895 0.032111171332174726 0.03113095692851182 0.030208697207973395 0.029339436371577623 0.02851876399515824 0.027742742559613554 0.027007846152956014 0.026310908399998795 0.025649078049980543 0.025019780948245043 0.024420687353064584 0.02384968374632499 0.023304848437374005 0.022784430380776915 0.0222868307271206
0.004652981868035991 0.004307478261402826 0.003998583486013429 0.003721378346425315 0.0034717306308505074 0.0032461509685581995 0.003041678123841776 0.0028557871493325748 0.0026863154068781253 0.002531402641773736 0.0023894421768763715 0.0022590409563033632 0.0021389866710218464 0.0020282205819404948 0.0019258149502133076 0.0018309542114392475 0.0017429192066019427 0.0016610739200625154 0.001584854282759206 0.0015137586837957438 0.0014473399009712975 0.0013851982144382571
