14.969303781008445 13.112243336044466
14.969304004068453 13.112243336044466
14.969303781008445 13.112243531432117
6.9073653409251605 6.084008248771617
6.907365443852925 6.084008248771617
6.9073653409251605 6.084008339430405
5.813297308158958 8.478361878121342
6.639098151206841 6.6849677732734385
6.639098250137113 6.6849677732734385
6.639098151206841 6.684967872887221
6.108504348318444 7.8895211166384
6.108504439342252 7.8895211166384
6.108504348318444 7.889521234201426
6.000243544440141 8.190802699689398
6.0002436338507374 8.190802699689398
6.000243544440141 8.190802821741869
5.998121976432013 8.198231711600641
5.998122065810995 8.198231711600641
5.998121976432013 8.198231833763813
0.0420280050924583 5.998121976432013 8.198231711600641 0.0001851087690219658
0.04010055065007893 0.03856526367147521 0.037143033569857195 0.03582192301923501 0.03459160393588156 0.03344309741846108 0.03236856212880947 0.031361120986572136 0.030414718381958434 0.029524001859526628 0.028684223548358985 0.02789115762184372 0.02714103084404201 0.026430463857816777 0.02575642133546144 0.025116169477203625 0.02450723963028719 0.023927397029056673 0.023374613837949632 0.022847045824699888 0.022343012108133182 0.02186097751967001
0.004869402637861143 0.00452047298846574 0.004207565466173167 0.003925931951102717 0.00367157443791728 0.0034411084492398094 0.00323165436705476 0.0030407503969963542 0.002866282416808676 0.0027064270933442763 0.0025596054949296567 0.002424445057181397 0.0022997482368682922 0.002184466550667186 0.002077678972916418 0.0019785738800483896 0.0018864338949262614 0.0018006231133829858 0.0017205762964699648 0.001645789691714612 0.001575813209921446 0.0015102437344163971
