10.12624106586067 13.663779412604482
10.12624121675342 13.663779412604482
10.12624106586067 13.663779616210661
6.037999697523243 8.190943650275651
6.0379997874964495 8.190943650275651
6.037999697523243 8.190943772330222
5.470598212357847 9.462663617034039
5.470598293876113 9.462663617034039
5.470598212357847 9.462663758038715
3.723156463239283 14.02190165089145
3.7231565187186373 14.02190165089145
3.723156463239283 14.021901859834067
3.5220065258920936 15.225874848247244
3.5220065783740804 15.225874848247244
3.5220065258920936 15.22587507513046
3.2074967395024734 16.337057985427126
3.207496787297899 16.337057985427126
3.2074967395024734 16.337058228868262
3.220558273329775 16.318556336333096
3.220558321319833 16.318556336333096
3.220558273329775 16.318556579498534
0.02215030055064393 3.220558273329775 16.318556336333096 0.00014818519032193592
0.04011580681047762 0.03865083538280777 0.03729189645471381 0.03602787396562095 0.03484915403963977 0.03374737956613996 0.032715251340317796 0.031746365784400835 0.03083508163899072 0.029976409769440247 0.02916592154539108 0.028399672242868507 0.027674136672902958 0.026986154819636905 0.02633288571848088 0.025711768153393637 0.025120487025547766 0.024556944461154622 0.02401923489727624 0.02350562352099883 0.023014527546948712 0.02254449990656943
0.005596306534311822 0.00524847134596355 0.00493333762335733 0.004646874026739565 0.004385658841843852 0.004146771472699043 0.003927706023597878 0.003726301935675542 0.003540687907059175 0.003369236244530763 0.0032105254700572146 0.003063309506835575 0.0029264921450163585 0.0027991057710200586 0.0026802935605395924 0.002569294501296486 0.0024654307399837937 0.002368096847795903 0.002276750677306566 0.0021909055452653103 0.002110123524921874 0.0020340096706152415
