9.485102843530427 12.009204915553813
9.485102984869474 12.009204915553813
9.485102843530427 12.00920509450491
5.912277147341655 7.529413057313462
5.91227723544145 7.529413057313462
5.912277147341655 7.52941316951046
5.339786057783243 8.790340681327002
5.339786137352256 8.790340681327002
5.339786057783243 8.790340812313286
3.652153118051781 13.114275447696041
3.652153172473103 13.114275447696041
3.652153118051781 13.114275643113974
3.4548907661889072 14.257787522284728
3.4548908176707913 14.257787522284728
3.4548907661889072 14.257787734742317
3.0502298921700963 15.64441915619242
3.050229937622064 15.64441915619242
3.0502298921700963 15.644419389312432
3.083180061457521 15.574099154522033
3.083180107400484 15.574099154522033
3.083180061457521 15.574099386594195
3.0830587019933318 15.574851806365071
3.0830587479344866 15.574851806365071
3.0830587019933318 15.574852038448448
0.022905077940648333 3.0830587019933318 15.574851806365071 0.0001541921912045608
0.041492941636510176 0.039994954939235 0.0386045275444016 0.03731046940401296 0.03610309157099373 0.034973962707512254 0.033915711461993084 0.03292186495267443 0.03198671589654644 0.031105212631828933 0.03027286756383618 0.029485680533584902 0.028740074347968516 0.028032840278752573 0.027361091777850163 0.026722224999628737 0.026113884990503777 0.025533936618983212 0.024980439488537797 0.02445162621092104 0.02394588352625324 0.023461735843985487
0.006029561339641795 0.00566002651328769 0.005324904366902779 0.005019985820283102 0.00474169399469211 0.004486972373795177 0.004253195600127631 0.0040380977777966336 0.00383971443173152 0.003656335206687633 0.0034864650762959316 0.003328792343386385 0.003182162096214939 0.00304555407539432 0.002918064127717687 0.0027988885932679276 0.00268731110400494 0.0025826913747834497 0.002484455648392658 0.0023920885198793415 0.0023051259159805352 0.002223149045873827
