9.640713062662735 12.738860186584859
9.640713206320555 12.738860186584859
9.640713062662735 12.738860376408667
5.856833382774308 7.770939464665685
5.856833470047927 7.770939464665685
5.856833382774308 7.7709395804617065
5.657803078991646 8.176227850761427
5.657803163299481 8.176227850761427
5.657803078991646 8.176227972596715
4.6201870941666865 10.726786865110498
5.399103760567333 8.814153827070117
5.399103841020248 8.814153827070117
5.399103760567333 8.814153958411243
4.897948855531162 10.096473333109302
4.897948928516287 10.096473333109302
4.897948855531162 10.096473483558478
4.788355111137071 10.435821406692916
4.788355182489123 10.435821406692916
4.788355111137071 10.435821562198774
4.789620493824267 10.435008413088909
4.789620565195174 10.435008413088909
4.789620493824267 10.435008568582651
0.03420584935294435 4.789620493824267 10.435008413088909 0.00015296255441535667
0.04192186318779678 0.04035110666132398 0.03889454636731891 0.03754024432627996 0.03627786034243749 0.035098394997493065 0.03399398040436278 0.032957708738264 0.031983490864525135 0.031065939107287586 0.030200269506445023 0.029382219902642948 0.02860798095174264 0.02787413775875441 0.02717762027926305 0.026515660995091565 0.025885758653641486 0.025285647084438548 0.024713268285049005 0.024166749111699293 0.023644381025260577 0.023144602436621788
0.005305342785168063 0.00494323229423816 0.004617175661600457 0.004322556227787291 0.0040554705038913985 0.0038126004063495735 0.00359111133474894 0.003388570304431848 0.003202879760149927 0.0030322237387394764 0.002875023822691373 0.002729902906193247 0.002595655232881576 0.0024712214974366245 0.002355668058165259 0.0022481695043913693 0.0021479939751355035 0.002054490744793066 0.001967079685182915 0.001885242287329492 0.0018085139851061309 0.0017364775697773388
