12.154528654627123 9.876011384422585
12.154528835743713 9.876011384422585
12.154528654627123 9.876011531586622
7.106085896479954 5.802901920883817
7.106086002368885 5.802901920883817
7.106085896479954 5.802902007353794
5.1125128028846305 10.058070635080472
6.611325969676844 6.868388790320207
6.611326068193278 6.868388790320207
6.611325969676844 6.868388892667175
5.6759830137002485 9.023692056951443
5.675983098278986 9.023692056951443
5.6759830137002485 9.023692191414932
4.947893898864604 11.000697208065715
4.947893972593969 11.000697208065715
4.947893898864604 11.000697371988878
5.030469459279675 10.867787072939228
5.030469534239511 10.867787072939228
5.030469459279675 10.867787234881876
5.031267549501084 10.866431937511669
5.031267624472813 10.866431937511669
5.031267549501084 10.866432099434123
0.03244784461576511 5.031267549501084 10.866431937511669 0.00021378982287585874
0.040011869122951196 0.038495257948974945 0.03708992294711092 0.03578412651007272 0.03456771587907312 0.03343186599100796 0.03236887052842192 0.03137197100950436 0.03043521611933058 0.02955334524957538 0.028721691544613247 0.027936100762778544 0.027192863035398643 0.02648865520296055 0.025820491871157113 0.025185683691774145 0.024581801658294933 0.024006646431558188 0.02345822189023689 0.022934712244483 0.022434462166576383 0.021955959485774293
0.004967994891760271 0.004623551596949293 0.004313846664482363 0.004034379453217843 0.003781352192904243 0.0035515427623948 0.003342203455279913 0.003150979856586107 0.002975845403741138 0.0028150482689681313 0.0026670679882215558 0.0025305798502801525 0.0024044255026965996 0.0022875885674572107 0.002179174316087683 0.0020783926516033733 0.0019845437977972047 0.0018970062156765876 0.0018152263604096905 0.001738709965903921 0.0016670146026169564 0.0015997433008011104
