12.8918775481594 2.086776594819321
12.891877740263345 2.086776594819321
12.8918775481594 2.086776625914715
8.968290627599277 1.4668941013169403
8.968290761237222 1.4668941013169403
8.968290627599277 1.4668941231753658
10.455274784287468 0.07984021846804312
9.382904410029031 1.172725045024839
9.382904549845202 1.172725045024839
9.382904410029031 1.172725062499804
8.616861081602568 1.8412590441716894
9.201154856669923 1.3504245256624832
9.201154993777815 1.3504245256624832
9.201154856669923 1.3504245457853767
9.575661701782858 1.0066445884583903
9.29920364114785 1.2695608301392012
9.299203779716782 1.2695608301392012
9.29920364114785 1.2695608490571317
9.111455894004855 1.440910732408953
9.25305817926704 1.3132497497370461
9.253058317148351 1.3132497497370461
9.25305817926704 1.3132497693059924
9.160246844035324 1.4000746162430593
9.230100934003927 1.335215546487547
9.23010107154315 1.335215546487547
9.230100934003927 1.3352155663838092
9.253307011041018 1.313512797226137
9.235959516788055 1.3298515259505612
9.235959654414577 1.3298515259505612
9.235959516788055 1.3298515457668931
0.234957178954057 9.235959516788055 1.3298515259505612 0.00019315053268412598
0.04284843411833854 0.041209933942739536 0.03969124338648995 0.03827984438149368 0.036964882930213966 0.03573690483460646 0.03458763963571717 0.03350982292563658 0.03249704939697754 0.03154365066454735 0.030644593167895844 0.029795392442310727 0.02899204080292678 0.028230946075872374 0.02750887947178258 0.026822931060407427 0.026170471592850464 0.02554911964713306 0.024956713256185335 0.024391285324874078 0.023851042261883913 0.02333434534903864
0.005106657738212705 0.0047328240444355985 0.004398051872481786 0.004097166682212576 0.0038258097901360754 0.0035802911462811727 0.003357471724521703 0.003154669010592118 0.002969580618409701 0.0028002222200722822 0.0026448768429744077 0.002502053244266241 0.002370451572901253 0.0022489349124941945 0.002136505593249593 0.0020322853897961663 0.0019354988998109789 0.0018454595377380212 0.0017615576876347755 0.001683250645965181 0.0016100540541219214 0.0015415345755160495
