6.1133861580630215 2.5798631757911874
6.113386249159574 2.5798631757911874
6.1133861580630215 2.5798632142341447
5.40145665420054 6.528048138899457
5.401456734688517 6.528048138899457
5.40145665420054 6.528048236174955
7.055031744449218 5.032306982659113
7.055031849577383 5.032306982659113
7.055031744449218 5.032307057646331
8.678624851595943 2.0946306413035187
7.561259731525138 4.363085024629131
7.561259844196688 4.363085024629131
7.561259731525138 4.363085089644164
8.34759635292513 2.8804610217616027
7.765319735584822 3.9964916316918506
7.765319851297104 3.9964916316918506
7.765319735584822 3.9964916912442168
8.166935134394906 3.2597217385453954
8.166935256091723 3.2597217385453954
8.166935134394906 3.2597217871190343
8.28612568463475 3.087090880979173
8.286125808107645 3.087090880979173
8.28612568463475 3.087090926980412
8.504657587721809 2.728935874961871
8.504657714451083 2.728935874961871
8.504657587721809 2.728935915626184
8.736939044417085 2.3795413617284398
8.736939174607622 2.3795413617284398
8.736939044417085 2.3795413971863693
8.982636233364264 2.0394471213397516
8.982636367215974 2.0394471213397516
8.982636233364264 2.039447151729882
9.053414230935164 1.9620363654818915
9.05341436584155 1.9620363654818915
9.053414230935164 1.9620363947185118
9.183787115200415 1.7976870080177207
9.183787252049507 1.7976870080177207
9.183787115200415 1.7976870348053446
9.320904135436017 1.638920755267849
9.320904274328312 1.638920755267849
9.320904135436017 1.6389207796896714
9.46363390398611 1.485180671294401
9.463634045005245 1.485180671294401
9.46363390398611 1.4851806934253176
9.50284843329608 1.4503567110564344
9.502848574899556 1.4503567110564344
9.50284843329608 1.4503567326684335
9.576820426671095 1.3759921075225052
9.521465624744542 1.431889928405258
9.521465766625436 1.431889928405258
9.521465624744542 1.4318899497420805
9.558614522362545 1.3948703805767786
9.558614664797 1.3948703805767786
9.558614522362545 1.394870401361967
9.549442344642873 1.4042392986363732
9.549442486940652 1.4042392986363732
9.549442344642873 1.4042393195611693
0.22657191167759838 9.549442344642873 1.4042392986363732 0.00013325409796138778
0.04149295529295516 0.03988949297822752 0.03840440274985516 0.03702519624821454 0.035741061650792126 0.03454259474440756 0.03342157955915011 0.032370808345022664 0.031383932985113314 0.03045534168549846 0.029580056110506354 0.02875364514961235 0.027972152287093207 0.027232034154814934 0.026530108324404042 0.02586350876896823 0.0252296477200156 0.024626182880004087 0.024050989138487154 0.023502134090373217 0.022977856776263912 0.02247654916326421
0.00469312973659732 0.0043452837705755904 0.004034228026025351 0.0037550281176559606 0.003503537567430579 0.0032762537750619927 0.0030702033432156565 0.002882850211828579 0.002712021630510065 0.002555848168327038 0.0024127148362023325 0.0022812210571266623 0.0021601477198654488 0.002048429933746775 0.0019451343952986682 0.001849440503886323 0.0017606245392859032 0.0016780463513708715 0.001601138119793817 0.0015293948265044596 0.001462366151285543 0.0013996495541176981
