14.265414885625246 8.803415178829656
14.265415098196492 8.803415178829656
14.265414885625246 8.803415310010765
7.4316282625305865 4.61585646201498
7.4316283732704775 4.61585646201498
7.4316282625305865 4.615856530796601
5.268385398740721 8.909979885896774
6.904294336648665 5.696071098010167
6.904294439530667 5.696071098010167
6.904294336648665 5.69607118288824
5.899117989531943 7.8799665689551714
5.899118077435651 7.8799665689551714
5.899117989531943 7.879966686375823
4.11381282774485 12.344471149148191
5.49243222259089 9.011139153564532
5.492432304434508 9.011139153564532
5.49243222259089 9.011139287840969
4.6279342202611256 11.254445222915049
4.627934289222719 11.254445222915049
4.6279342202611256 11.25444539061935
3.745367107279669 13.908556857521415
3.745367163089988 13.908556857521415
3.745367107279669 13.908557064775062
3.857221641035765 13.721234691109258
3.8572216985128462 13.721234691109258
3.857221641035765 13.721234895571587
3.86169586497075 13.709535713899077
3.861695922514502 13.709535713899077
3.86169586497075 13.709535918187079
0.025096826709055442 3.86169586497075 13.709535713899077 0.00015706319709950933
0.040113602619106806 0.038630810499960554 0.037255528000269565 0.035976501994811394 0.034783993072708 0.0336695299999343 0.032625710333480364 0.03164603740411825 0.030724786178068283 0.029856892215406463 0.02903785922598066 0.028263681695753703 0.027530779799105138 0.0268359443842402 0.026176290262030385 0.02554921637457016 0.024952371691561132 0.0243836258975346 0.02384104410382463 0.023322864955870028 0.022827481616302193 0.022353425193065445
0.005618539731767092 0.005252374650495179 0.004921628170168892 0.004621851101437913 0.004349274281689186 0.004100687099538861 0.0038733406898944036 0.0036648702176009756 0.0034732320528981456 0.003296652654798779 0.0031335867263520114 0.0029826827629918376 0.0028427545339879553 0.002712757354373799 0.002591768247070867 0.002478969281348311 0.0023736335181551425 0.002275113105449412 0.002182829154982461 0.0020962631017136654 0.002014949302367926 0.0019384686738062626
