11.00566378354698 12.605622447368747
11.00566394754415 12.605622447368747
11.00566378354698 12.605622635207158
6.175386057600517 7.106900543221021
6.17538614962094 7.106900543221021
6.175386057600517 7.106900649122092
5.895979322161865 7.697216988775638
5.895979410018803 7.697216988775638
5.895979322161865 7.697217103473109
4.390676616213509 11.302939620816016
5.521775977043905 8.599530738247797
5.521776059324779 8.599530738247797
5.521775977043905 8.59953086639079
4.805174681117516 10.41702229713123
4.805174752720199 10.41702229713123
4.805174681117516 10.417022452356958
4.752495250628757 10.64919302296481
4.752495321446455 10.64919302296481
4.752495250628757 10.649193181650153
4.753639956164047 10.647395909425947
4.753640026998802 10.647395909425947
4.753639956164047 10.647396068084511
0.03366291087165807 4.753639956164047 10.647395909425947 0.00017799611020797535
0.041799275222317835 0.04023253754187521 0.038779780171732406 0.03742907750463796 0.03617010171675472 0.034993865450724616 0.0338925123819889 0.03285914564473005 0.03188768640912121 0.03097275663527343 0.030109581338472014 0.02929390669686394 0.028521931097134263 0.027790246804225448 0.02709579040048657 0.026435800499266988 0.02580778152128337 0.025209472546604595 0.024638820434027563 0.02409395654297944 0.023573176508543854 0.02307492261365507
0.0052648147196951295 0.004905917443117014 0.004582731623543807 0.0042906853805459565 0.004025913231693607 0.0037851294638243764 0.0035655271429428505 0.003364697012496512 0.0031805619373497895 0.0030113235866805884 0.002855418818116313 0.002711483801208127 0.002578324352826674 0.0024548912873992965 0.0023402598378644904 0.002233612398242688 0.002134223990058137 0.0020414499730081735 0.0019547156130803015 0.0018735071946163412 0.0017973644210275968 0.0017258738953214526
