11.5743873074649 2.2394443587432566
11.57438747993671 2.2394443587432566
11.5743873074649 2.239444392113578
8.765195960875776 1.7081170118973819
8.765196091487374 1.7081170118973819
8.765195960875776 1.7081170373503087
10.26241482661942 0.0649563211823827
9.166135332218824 1.3232791145657308
9.166135468804884 1.3232791145657308
9.166135332218824 1.3232791342841261
9.588008080910253 0.9615112737794851
9.282387311994585 1.2471951880901502
9.282387450312934 1.2471951880901502
9.282387311994585 1.2471952066748067
9.075641759892129 1.4328546165196059
9.23148320923403 1.2944666804462646
9.23148334679385 1.2944666804462646
9.23148320923403 1.2944666997353211
9.18066898076835 1.3418347694183677
9.219069389053493 1.3066120879215102
9.219069526428331 1.3066120879215102
9.219069389053493 1.3066121073915475
9.231842117383898 1.2948447065130528
9.231842254949067 1.2948447065130528
9.231842117383898 1.2948447258077425
9.219071384215033 1.3066142531714462
9.228669229558939 1.2978084286219274
9.228669367076828 1.2978084286219274
9.228669229558939 1.2978084479607799
0.2459682942804109 9.228669229558939 1.2978084286219274 0.0001066336295338796
0.04360434159455938 0.041938946007273506 0.04039519520168001 0.0389603932614443 0.03762353011567282 0.03637501411016058 0.03520645330981858 0.0341104755992262 0.03308057987035122 0.03211101227072927 0.031196662771112004 0.030332978299806995 0.029515889455477725 0.028741748405401953 0.02800727604239902 0.027309516840917043 0.02664580014372297 0.02601370684235732 0.025411040600008646 0.024835802914683694 0.024286171441160284 0.023760481088141275
0.005031841218614159 0.004664012135104753 0.004334563692163536 0.004038418718341939 0.0037712993978350944 0.003529583235442604 0.003310187950863728 0.0031104789466043213 0.0029281944998939212 0.0027613849542841573 0.0026083630329224944 0.0024676630361144484 0.002338007173716965 0.002218277656773655 0.002107493460937692 0.0020047908975375788 0.0019094073021488384 0.00182066728683691 0.0017379711095449803 0.0016607847989964343 0.0015886317409643939 0.0015210854856476292
