11.07057081419821 6.079585538891611
11.07057097916257 6.079585538891611
11.07057081419821 6.079585629484495
7.423732741570552 4.0943063060562075
7.42373285219279 4.0943063060562075
7.423732741570552 4.0943063670661255
9.405389501135291 0.4510100701514639
7.941501989543517 3.1960019635258465
7.941502107881118 3.1960019635258465
7.941501989543517 3.196002011149987
8.490317382519926 2.3163217088949137
8.092271629127511 2.9851507217653945
8.092271749711756 2.9851507217653945
8.092271629127511 2.9851507662476067
8.365476149057168 2.544562238281254
8.365476273712476 2.544562238281254
8.365476149057168 2.544562276198186
8.661778975661042 2.11916412305811
8.661779104731606 2.11916412305811
8.661778975661042 2.119164154636116
8.9823393447467 1.7117331825779905
8.749043946191398 2.0233400263423613
8.749044076562312 2.0233400263423613
8.749043946191398 2.023340056492477
8.908103928414922 1.8186704085988774
8.908104061156015 1.8186704085988774
8.908103928414922 1.8186704356991783
9.077253764627331 1.6222574169676525
9.077253899888953 1.6222574169676525
9.077253764627331 1.6222574411411717
9.255051285045573 1.433636707327016
9.124456042027663 1.577858057101936
9.124456177992654 1.577858057101936
9.124456042027663 1.5778580806138534
9.212710173334763 1.4829441966795398
9.146690934546259 1.5542900896089094
9.146691070842575 1.5542900896089094
9.146690934546259 1.5542901127696365
9.191056101232236 1.5070556727797721
9.191056238189645 1.5070556727797721
9.191056101232236 1.5070556952366516
9.146474625324016 1.5540859837941379
9.180132548712116 1.5190196137946153
9.18013268550675 1.5190196137946153
9.180132548712116 1.5190196364297714
0.20983736083342297 9.180132548712116 1.5190196137946153 0.00020432048595528808
0.04237176412667151 0.0407453692654014 0.039238302419977285 0.03783805299719807 0.036533779264125786 0.03531604238178642 0.034176589132342665 0.03310817336689277 0.03210440844284639 0.03115964461635507 0.030268866648467424 0.029427607876272514 0.028631877767234776 0.02787810057129332 0.02716306315186764 0.02648387044407733 0.02583790727904795 0.025222805544363062 0.024636415835622625 0.024076782902683187 0.023542124314179756 0.023030811861308332
0.004958603827497606 0.004593974123938816 0.004267611070286232 0.003974422905971731 0.0037101243054708053 0.0034710901866079617 0.0032542390617777217 0.0030569394012632312 0.00287693403512657 0.0027122787811745502 0.002561292357961658 0.002422515300179573 0.002294676094340868 0.00217666313555336 0.002067501400791084 0.001966332962044501 0.0018724006401186646 0.0017850342386046775 0.0017036389066472737 0.0016276852653353676 0.0015567010009838573 0.0014902636831658905
