5.6800797496818625 13.833262652536904
5.6800798343216465 13.833262652536904
5.6800797496818625 13.833262858668581
4.501826785287656 10.914914267288408
4.501826852370102 10.914914267288408
4.501826785287656 10.914914429933305
5.596082539701342 7.784149663695009
5.596082623089471 7.784149663695009
5.596082539701342 7.784149779687878
7.3587194121533495 3.727471831096282
6.0921301846704825 6.795890097451327
6.092130275450296 6.795890097451327
6.0921301846704825 6.795890198717981
6.988530538285912 4.774171187354164
6.9885306424231315 4.774171187354164
6.988530538285912 4.774171258494858
8.025861574595156 2.8210134194009666
7.281939653671225 4.305565649511617
7.281939762180581 4.305565649511617
7.281939653671225 4.305565713669544
7.797912354733394 3.3275613508962216
7.797912470931343 3.3275613508962216
7.797912354733394 3.3275614004807497
8.375587381377661 2.384687128137361
7.957082422501411 3.1015416519788515
7.95708254107118 3.1015416519788515
7.957082422501411 3.1015416981954234
8.244472271773114 2.629220645010621
8.244472394625324 2.629220645010621
8.244472271773114 2.6292206841890615
8.55662496303817 2.172886604614906
8.556625090541818 2.172886604614906
8.55662496303817 2.1728866369934394
8.89526448522065 1.7358473236527516
8.649005391368071 2.0700719161964827
8.649005520248295 2.0700719161964827
8.649005391368071 2.070071947042958
8.81706960706212 1.850585164488964
8.817069738446696 1.850585164488964
8.81706960706212 1.8505851920648317
8.99629064805074 1.6401099088437239
8.996290782105918 1.6401099088437239
8.99629064805074 1.640109933283266
9.185233026775586 1.4383159736182796
9.046585121933697 1.5927103643302494
9.04658525673832 1.5927103643302494
9.046585121933697 1.5927103880634832
9.140354533532905 1.4911608633894187
9.140354669734801 1.4911608633894187
9.140354533532905 1.4911608856094472
9.237769774698037 1.393103357395575
9.165637305258425 1.4676057326386176
9.165637441837063 1.4676057326386176
9.165637305258425 1.4676057545076473
9.214105839472232 1.4183406119708133
9.177810804026254 1.4553451612631614
9.177810940786292 1.4553451612631614
9.177810804026254 1.4553451829494943
9.202114507265101 1.4307811074509305
9.202114644387292 1.4307811074509305
9.202114507265101 1.4307811287712304
9.196090455240336 1.4369730149016824
9.196090592272762 1.4369730149016824
9.196090455240336 1.436973036314249
0.22115140172096825 9.196090455240336 1.4369730149016824 0.00019822239840126436
0.04271931393113298 0.04108249279180543 0.03956557246883105 0.03815600269925795 0.036842904623234314 0.035616804856220444 0.034469418165309636 0.033393468812174254 0.03238254285512573 0.03143096539130767 0.030533698007818185 0.029686252699483086 0.028884619275465647 0.028125203871600817 0.027404776650800516 0.026720427140309217 0.026069525944680642 0.025449691804237624 0.02485876315350031 0.024294773482586993 0.023755929924574138 0.023240594589173054
0.005004843377875387 0.00463759501071298 0.004308808430150727 0.004013376646382714 0.0037469997893104395 0.003506039110309724 0.0032874004229191045 0.0030884404890834656 0.002906891402481874 0.002740799173140217 0.0025884735833422105 0.0024484470394251783 0.002319440642028678 0.0022003360785169106 0.0020901522347408024 0.0019880256505068242 0.0018931941199950106 0.0018049828767946242 0.0017227929121148612 0.001646091060805715 0.001574401558194467 0.0015072988252995136
