14.267522033153336 13.067301924471382
14.26752224575598 13.067301924471382
14.267522033153336 13.067302119189353
6.6254283065143085 6.105120514461327
6.625428405240884 6.105120514461327
6.6254283065143085 6.1051206054347125
5.806530133860644 7.87086667063476
5.806530220384685 7.87086667063476
5.806530133860644 7.870866787919812
3.8438784982719785 12.721950525510154
5.340259213624746 9.093222972843465
5.340259293200809 9.093222972843465
5.340259213624746 9.093223108343047
4.408093987011925 11.538079204347019
4.408094052697644 11.538079204347019
4.408093987011925 11.538079376277798
4.140020101086197 12.478816781761479
4.1400201627773034 12.478816781761479
4.140020101086197 12.478816967710339
4.159831493004214 12.439279648733356
4.159831554990533 12.439279648733356
4.159831493004214 12.439279834093067
0.02740338032180556 4.159831493004214 12.439279648733356 9.501236722649345e-05
0.040549414824959 0.039045007074100746 0.03764965172222585 0.03635195337319438 0.035142044808274306 0.03401134015758655 0.03295233421949978 0.031958438206668924 0.031023844460256085 0.030143414363175237 0.02931258495545343 0.028527290720945047 0.027783897754103573 0.027079148085716334 0.026410112389298575 0.02577414963600455 0.0251688725382596 0.02459211783788924 0.024041920666143655 0.023516492340398033 0.023014201072865077 0.022533555156067087
0.005637037436135417 0.0052634209043940965 0.004926311844619223 0.004621094884322842 0.004343862282008703 0.00409128749900546 0.0038605243849462964 0.003649126208810757 0.0034549801893629874 0.0032762542216806592 0.003111353268464759 0.0029588834613533312 0.0028176223916219377 0.002686494399187715 0.0025645499208325497 0.0024509481526390486 0.0023449424321132814 0.0022458678628937104 0.0021531307971368657 0.002066199863470541 0.0019845982862116023 0.0019078972876890132
