14.259729372440779 8.6472581865867
14.259729584927305 8.6472581865867
14.259729372440779 8.647258315440888
7.074376953218653 4.31888676991406
7.0743770586350845 4.31888676991406
7.074376953218653 4.318886834270487
9.328606550038133 0.09091713021305114
7.670047285050426 3.27965303652509
7.670047399343037 3.27965303652509
7.670047285050426 3.279653085395729
8.299570674363267 2.260570017754675
7.844458518785158 3.036224217155828
7.844458635676699 3.036224217155828
7.844458518785158 3.0362242623990943
8.15801993047582 2.5259432011380887
8.15802005203979 2.5259432011380887
8.15801993047582 2.5259432387775753
8.50228617891071 2.0358531845104246
8.502286305604647 2.0358531845104246
8.50228617891071 2.035853214847001
8.606449173310912 1.9282925609733719
8.606449301556998 1.9282925609733719
8.606449173310912 1.92829258970717
8.794076193455812 1.6948981097455635
8.794076324497759 1.6948981097455635
8.794076193455812 1.6948981350015135
8.848120823626067 1.643090945817354
8.848120955473341 1.643090945817354
8.848120823626067 1.643090970301317
8.94837018229223 1.5318736664713855
8.948370315633337 1.5318736664713855
8.94837018229223 1.531873689298082
9.05279447171842 1.4245667006400318
9.052794606615569 1.4245667006400318
9.05279447171842 1.4245667218677298
9.160450963280587 1.3205027925708979
9.08080506278704 1.3997351106966238
9.08080519810158 1.3997351106966238
9.08080506278704 1.3997351315543023
9.134357842386075 1.3474196819806021
9.094261322363884 1.38672629268793
9.084236279199361 1.3965538341182302
9.08423641456503 1.3965538341182302
9.084236279199361 1.396553854928504
0.2248398112195038 9.084236279199361 1.3965538341182302 0.00014188560214441738
0.04317348799041078 0.041526419356234 0.039999533917233474 0.03858030133388056 0.037257853369069185 0.03602272050924672 0.034866616526176335 0.033782261218311356 0.03276323375190048 0.031803850675752234 0.030899063946503227 0.030044375272235455 0.02923576383374411 0.028469625027963123 0.02774271833653953 0.02705212278382989 0.026395198734861566 0.025769555011841094 0.0251730204903795 0.024603619483516376 0.024059550340392533 0.02353916678287262
0.0051937271685078504 0.004814558779582659 0.004474903755214512 0.0041695418952620335 0.003894073774565707 0.003644773051108969 0.0034184683964130196 0.0032124485495089892 0.0030243855335876295 0.002852272223907709 0.002694371320480699 0.0025491734340483377 0.002415362492960751 0.0022917870611344885 0.0021774364522230524 0.0020714207538068997 0.0019729540536578788 0.0018813402998009035 0.0017959613360867465 0.0017162667420329107 0.0016417651748976783 0.0015720169672311592
