10.47989041511184 2.569079207306956
10.479890571274376 2.569079207306956
10.47989041511184 2.5690792455892195
8.395487044673974 2.0681692033609846
8.39548716977648 2.0681692033609846
8.395487044673974 2.0681692341791074
9.96226454638673 0.057298267236428835
8.8048428709576 1.5797253362287091
8.804843002159982 1.5797253362287091
8.8048428709576 1.579725359768451
8.930839015220236 1.4822095843130991
8.930839148300109 1.4822095843130991
8.930839015220236 1.482209606399743
9.154299258088066 1.2550468214748187
8.987633310775522 1.4263481884071765
8.987633444701695 1.4263481884071765
8.987633310775522 1.4263482096614208
9.100963336922112 1.3143631205886006
9.016288823201002 1.3986826232100213
9.016288957554176 1.3986826232100213
9.016288823201002 1.3986826440520166
9.073309998586717 1.3430528369637047
9.073310133789573 1.3430528369637047
9.073309998586717 1.3430528569767515
9.131635265874829 1.2887918864011705
9.088237246053136 1.3298692200249622
9.088237381478425 1.3298692200249622
9.088237246053136 1.329869239841558
9.059224420315223 1.3571598380602192
9.081006727821306 1.3367159144264213
9.081006863138851 1.3367159144264213
9.081006727821306 1.3367159343450408
0.23385588077556319 9.081006727821306 1.3367159144264213 0.00013006548166895752
0.04348194691527243 0.041826299147019894 0.04029125376417464 0.03886425849051281 0.03753442314901977 0.036292256750347675 0.035129452350855524 0.03403870997173944 0.03301359003616774 0.03204839142419168 0.031138049500451813 0.030278050435309904 0.029464358887689116 0.02869335670041661 0.02796179071543538 0.027266728176176643 0.026605518469686597 0.025975760188456067 0.025375272674002053 0.024802071350819282 0.024254346277847227 0.023730443440882844
0.0052561166504334735 0.004873265527782893 0.004530223743358745 0.004221743717465179 0.003943401080160662 0.003691446882333404 0.0034626893793434487 0.0032543989147588537 0.0030642309596382354 0.002890163505864177 0.002730445872787374 0.002583556638745367 0.00244816890639749 0.002323121492323351 0.0022073949256444033 0.002100091368738642 0.0020004177511811832 0.0019076715476394142 0.0018212287404406158 0.001740533594612785 0.001665089942470272 0.0015944537301683724
