7.7673490805146725 9.390385495019235
7.767349196257193 9.390385495019235
7.7673490805146725 9.390385634946883
5.85635742355264 7.091046851275253
5.856357510819166 7.091046851275253
5.85635742355264 7.091046956940086
6.493102391650936 5.593266142720329
6.493102488405701 5.593266142720329
6.493102391650936 5.593266226066489
8.282523372191879 1.8508104269048937
6.958374652546828 4.666431819530198
6.958374756234691 4.666431819530198
6.958374652546828 4.666431889065451
7.905190833743655 2.821021383710082
7.204089013180898 4.2098143780884465
7.204089120530189 4.2098143780884465
7.204089013180898 4.209814440819569
7.690724894713875 3.294016552033424
7.6907250093146065 3.294016552033424
7.690724894713875 3.2940166011180954
7.839882052049912 3.0819531154676456
7.839882168873259 3.0819531154676456
7.839882052049912 3.0819531613923257
8.109768434866535 2.6391931633256522
8.1097685557115 2.6391931633256522
8.109768434866535 2.639193202652695
8.401563577935146 2.210555053339864
8.401563703128199 2.210555053339864
8.401563577935146 2.210555086279701
8.71623003809288 1.7984142355331065
8.487006739130113 2.1130657929919945
8.487006865596369 2.1130657929919945
8.487006739130113 2.1130658244791283
8.643204225467443 1.906133185666434
8.643204354261222 1.906133185666434
8.643204225467443 1.906133214070032
8.808896063890096 1.7067216178154772
8.808896195152876 1.7067216178154772
8.808896063890096 1.706721643247611
8.982812932854978 1.51444140197904
8.982813066709321 1.51444140197904
8.982812932854978 1.5144414245459754
9.031517989213501 1.4716747104463286
9.031518123793607 1.4716747104463286
9.031517989213501 1.4716747323759907
9.122429559367454 1.3792638015107124
9.054427128088422 1.4487516988445597
9.0544272630099 1.4487516988445597
9.054427128088422 1.4487517204326423
9.100134015147546 1.4027946221870373
9.10013415075011 1.4027946221870373
9.100134015147546 1.4027946430903062
9.088882666300321 1.414455686689876
9.088882801735227 1.414455686689876
9.088882666300321 1.4144557077669082
9.065857576529156 1.4372622284249803
9.08314018708188 1.4201712139167464
9.087460922592898 1.415898375939631
9.087461058006618 1.415898375939631
9.087460922592898 1.4158983970381611
0.22316289199340056 9.087460922592898 1.415898375939631 0.000150996241159268
0.04318244615074416 0.04153394571637928 0.04000580400749747 0.03858546488312545 0.03726203873383766 0.03602603823926484 0.03486916225331346 0.03378411801181798 0.03276447404977126 0.03180453787730348 0.030899253732526263 0.030044116704817436 0.029235100276902792 0.028468594921788864 0.027741355850970085 0.0270504583730489 0.026393259609273866 0.02576736554138577 0.02517060255040377 0.024600992752405574 0.02405673255652337 0.023536173967143515
0.005149873644076994 0.004773613004568979 0.004436592435385496 0.00413362385773288 0.003860335555454036 0.0036130251603405826 0.0033885421476375923 0.0031841933623878585 0.0029976666317112766 0.0028269686648031054 0.0026703743050418465 0.0025263848516690317 0.002393693666007804 0.002271157658457146 0.0021577735463857725 0.0020526580008516817 0.001955030977607348 0.0018642016669337235 0.0017795566063579969 0.0017005495869596655 0.0016266930528540896 0.001557550748454848
