6.39334426548842 7.960442229343588
6.393344360756673 7.960442229343588
6.39334426548842 7.960442347963421
6.043294145635321 7.623743877450224
6.043294235687421 7.623743877450224
6.043294145635321 7.62374399105286
4.468431751393812 11.364559112188218
5.64679001738588 8.558752720343744
5.646790101529608 8.558752720343744
5.64679001738588 8.558752847879099
4.9497020618764465 10.323715613857626
4.949702135632755 10.323715613857626
4.9497020618764465 10.323715767692976
3.994614009942083 13.012553711482902
3.9946140694664702 13.012553711482902
3.994614009942083 13.012553905385062
4.1425617016042935 12.737850905183679
4.142561763333273 12.737850905183679
4.1425617016042935 12.737851094992449
4.145119024761222 12.733838513684066
4.145119086528308 12.733838513684066
4.145119024761222 12.733838703433047
0.027447410475474276 4.145119024761222 12.733838513684066 0.00016115839637492312
0.040635888052862106 0.03912568654757664 0.03772514997409561 0.036422796762174046 0.03520868830809634 0.034074179194605814 0.03301171422307088 0.03201466237153699 0.03107718009972265 0.030194098142962457 0.029360827232059305 0.028573279158607866 0.027827800356864697 0.027121115752333495 0.026450281076648312 0.02581264219947219 0.025205800304237008 0.024627581952991664 0.02407601325944867 0.023549297528403356 0.023045795831578873 0.02256401008039583
0.005478285537289787 0.005115508031779896 0.004788169299437568 0.004491788134924832 0.0042225708805073685 0.003977288435965668 0.0037531782287426106 0.0035478655109274396 0.0033592997420932766 0.0031857028370913935 0.003025526812296928 0.0028774189266934105 0.0027401928377422786 0.002612804613250597 0.002494332685977093 0.0023839610267085364 0.002280964958005033 0.0021846991450577887 0.0020945873897633667 0.002010113924896875 0.0019308159614508326 0.0018562772870437286
