12.802783145558449 6.692306668845336
12.802783336334784 6.692306668845336
12.802783145558449 6.692306768568477
7.590296185136577 3.990360114286051
7.590296298240804 3.990360114286051
7.590296185136577 3.9903601737470504
6.5678664097757204 5.973588750446327
7.362862258573151 4.499706473210757
7.362862368288348 4.499706473210757
7.362862258573151 4.499706540261608
6.858181006215168 5.494661975093141
7.240761500151266 4.75046807487313
7.240761608047021 4.75046807487313
7.240761500151266 4.75046814566062
6.991039481835123 5.249265446427977
6.9910395860097285 5.249265446427977
6.991039481835123 5.249265524648127
6.720258394281111 5.818122926833596
6.720258494420765 5.818122926833596
6.720258394281111 5.818123013530384
6.712273414206102 5.846771114382975
6.71227351422677 5.846771114382975
6.712273414206102 5.8467712015066535
0.05903999976229546 6.712273414206102 5.846771114382975 0.00020558940178374375
0.04166896519698225 0.040074964498108524 0.038597898228683133 0.037225488268981595 0.03594709956414891 0.03475347700123198 0.03363653077136182 0.032589160206365674 0.031605108351283634 0.030678841247540518 0.02980544720324479 0.028980552323325758 0.02820024933998378 0.027461037379549934 0.026759770766866406 0.02609361533355904 0.025460010985144076 0.024856639511167736 0.024281396805682767 0.023732368812360526 0.02320781062711989 0.022706128287270106
0.00497692068261845 0.004616141361996604 0.004292857970170591 0.0040021130093159645 0.003739731735056383 0.003502180224777842 0.0032864522300093853 0.0030899784061870807 0.002910553056212346 0.0027462746694773836 0.0025954973943055366 0.0024567912265054115 0.0023289091855249974 0.0022107601226686742 0.0021013860922355697 0.0019999434376801774 0.0019056869168006393 0.0018179563242757086 0.0017361651753816556 0.0016597910980316766 0.0015883676463910035 0.0015214773020338483
