8.390785928863759 5.047193811322915
8.390786053896212 5.047193811322915
8.390785928863759 5.047193886531963
7.737864726512038 4.682013555482716
7.737864841815208 4.682013555482716
7.737864726512038 4.682013625250155
5.898999637195984 8.294697166458572
7.275539258499914 5.585012319908497
7.275539366913898 5.585012319908497
7.275539258499914 5.585012403131666
6.498547052067917 7.248864211269239
6.498547148903815 7.248864211269239
6.498547052067917 7.248864319285733
5.0746075375453605 10.634255810470783
5.074607613162906 10.634255810470783
5.0746075375453605 10.634255968933543
3.91940188513273 14.120511670501287
3.919401943536369 14.120511670501287
3.91940188513273 14.120511880913307
3.9808245030632223 14.218538182868423
3.98082456238213 14.218538182868423
3.9808245030632223 14.218538394741152
3.9921908797141237 14.185217663097406
3.9921909392024033 14.185217663097406
3.9921908797141237 14.18521787447362
0.024166739058509745 3.9921908797141237 14.185217663097406 0.00015194893909765202
0.0388654363645681 0.03741680765691017 0.03607386178339726 0.03482547064744341 0.033662011723560335 0.032575122452945665 0.03155750106328186 0.03060274391661586 0.029705211822112786 0.028859919484117463 0.028062443556140838 0.027308845754967222 0.02659560823925294 0.025919579033584057 0.02527792572538944 0.02466809601016214 0.024087783933584486 0.023534900894854795 0.023007550646863637 0.022504007665760536 0.022022698372404604 0.021562184776964005
0.005345541237675672 0.004993240585585933 0.004675305773185923 0.004387388141677216 0.00412580805195034 0.003887434659709081 0.0036695902442512216 0.0034699735052875057 0.0032865976357324012 0.0031177399953473063 0.002961900959590089 0.0028177700755320258 0.0026841980750651503 0.002560173612177525 0.002444803832476088 0.002337298068595371 0.002236954098611477 0.00214314651632535 0.0020553168498571575 0.001972965134043983 0.0018956426968849403 0.0018229459639297644
