3.1134391728671167 5.078536585749296
3.1134392192609757 5.078536585749296
3.1134391728671167 5.078536661425388
2.795633142629484 11.026984842486694
2.795633184287664 11.026984842486694
2.795633142629484 11.026985006801572
3.5229822156141215 13.011159412520259
3.5229822681106473 13.011159412520259
3.5229822156141215 13.011159606401643
4.010754391240408 12.389097303267286
4.0107544510053055 12.389097303267286
4.010754391240408 12.389097487879223
4.091823770034527 12.19564412465914
4.091823831007452 12.19564412465914
4.091823770034527 12.195644306388399
4.094510819511496 12.188803609586126
4.094510880524461 12.188803609586126
4.094510819511496 12.188803791213452
0.029103027812282356 4.094510819511496 12.188803609586126 0.0002480229226714454
0.04196266872655144 0.040412125481920996 0.038973627739011904 0.03763550342017331 0.03638764095896551 0.035221238017104334 0.0341285970378275 0.033102957800072004 0.03213835942005651 0.031229525952483385 0.030371771029414508 0.029560917952252384 0.028793232400974453 0.028065365502570393 0.02737430544966453 0.026717336211593553 0.02609200215677503 0.0254960776242486 0.024927540656762646 0.02438455024753522 0.023865426565342445 0.023368633713636074
0.005638361517849205 0.005267313909158523 0.004932320876971372 0.004628846623585574 0.004353047751920843 0.004101650041299162 0.0038718500994836523 0.003661236307221132 0.0034677248437728118 0.003289507589434037 0.0031250094476312344 0.002972853187271305 0.0028318303266639516 0.0027008768998848854 0.0025790531910066883 0.002465526710117709 0.0023595578313075198 0.0022604876270091914 0.002167727522817964 0.002080750467808847 0.001999083371711542 0.0019223006052980444
