6.8403261379622124 10.864662397944766
6.840326239891015 10.864662397944766
6.8403261379622124 10.864662559840852
5.477032974779329 8.702501134620547
5.47703305639348 8.702501134620547
5.477032974779329 8.70250126429792
5.79204107001044 7.876536253070205
5.792041156318578 7.876536253070205
5.79204107001044 7.876536370439742
6.534512652559443 6.095633948689958
5.982219199912409 7.433239404787961
5.982219289054422 7.433239404787961
5.982219199912409 7.433239515551859
6.359893349835306 6.54549985760087
6.359893444605102 6.54549985760087
6.359893349835306 6.545499955136418
6.665703351048829 5.87930182666977
6.665703450375549 5.87930182666977
6.665703351048829 5.879301914278194
6.674778058087429 5.873044335159459
6.6747781575493725 5.873044335159459
6.674778058087429 5.8730444226746386
0.058374358070497845 6.674778058087429 5.873044335159459 0.00013964407885941237
0.04163222687432524 0.04004097550288693 0.038566376399146486 0.037196189215847705 0.03591981056672092 0.03472801204327604 0.03361272647779561 0.032566872496920085 0.03158420966863617 0.030659218248669264 0.029786998826555035 0.02896318816236481 0.028183888268667665 0.02744560638479708 0.026745203953119794 0.02607985307043712 0.025446999174813915 0.02484432895629555 0.024269742662228908 0.023721330114230704 0.023197349871904156 0.0226962110741036
0.0050306342088941945 0.004666382117581865 0.004339948251703096 0.004046337311404698 0.003781341998498778 0.0035414002570890203 0.0033234814423092666 0.003124994983441842 0.0029437166561522878 0.002777728728105464 0.0026253711018929433 0.002485201226650125 0.0023559610406797124 0.002236549582093958 0.0021260001922611383 0.0020234614591911905 0.0019281812207920738 0.0018394930829651937 0.0017568050136032506 0.0016795896573407335 0.0016073760824059427 0.001539742723953867
