10.894167141022043 8.08805558682839
10.894167303357785 8.08805558682839
10.894167141022043 8.08805570734981
7.098473591538218 5.296892285190152
7.098473697313717 5.296892285190152
7.098473591538218 5.296892364119998
4.12448796747203 11.445067030501397
6.351357177664667 6.832637959383981
6.351357272307264 6.832637959383981
6.351357177664667 6.832638061198221
5.796289216426559 8.175941504018656
5.796289302797999 8.175941504018656
5.796289216426559 8.175941625849678
4.715707861043531 10.87457140692921
4.715707931313053 10.87457140692921
4.715707861043531 10.874571568972952
3.568791666833982 14.293451735585899
3.5687917200131216 14.293451735585899
3.568791666833982 14.293451948574928
3.756224179352993 13.96986111585524
3.756224235325095 13.96986111585524
3.756224179352993 13.969861324022393
3.766726958573425 13.943584288748225
3.7667270147020306 13.943584288748225
3.766726958573425 13.943584496523822
0.02476815582565839 3.766726958573425 13.943584288748225 7.962234388116079e-05
0.04024695297834459 0.03876294673492344 0.03738642244800303 0.036106137411954634 0.034912360792267116 0.03379662838045359 0.03275154345915609 0.03177061399814405 0.030848118695979438 0.02997899608971032 0.029158752237583525 0.028383383451471927 0.027649311297843072 0.026953327657239692 0.02629254807499163 0.02566437198145816 0.02506644863159821 0.024496647828289277 0.023953034664479803 0.02343384765573006 0.02293747974441134 0.022462461745485798
0.005662419532511722 0.005295789895362302 0.004964475882658213 0.004664054514908431 0.004390777476387988 0.00414145073704227 0.003913338611401639 0.003704086724514546 0.003511659728072766 0.0033342906136158146 0.0031704392105587737 0.0030187580086850655 0.002878063859468477 0.0027473144248026187 0.0026255884816359784 0.002512069375555369 0.0024060310593030584 0.0023068262636656706 0.002213876435619842 0.0021266631476411515 0.002044720736871924 0.0019676299765688052
