11.439638649526021 2.219736588222361
11.43963881998992 2.219736588222361
11.439638649526021 2.2197366212990137
9.088256322511162 1.773976331668031
9.088256457936735 1.773976331668031
9.088256322511162 1.7739763581023382
10.580187381425144 0.059255675722918344
9.478623016404919 1.3610639074443558
9.478623157647409 1.3610639074443558
9.478623016404919 1.3610639277257885
9.59710927543186 1.28269820682834
9.597109418439933 1.28269820682834
9.59710927543186 1.2826982259420328
9.808369265984618 1.0927247275303018
9.650736723706238 1.2361241695931107
9.650736867513421 1.2361241695931107
9.650736723706238 1.2361241880127962
9.757730359088779 1.1426761166499573
9.677765273073732 1.2130868399455277
9.677765417283672 1.2130868399455277
9.677765273073732 1.2130868580219303
9.70471445032642 1.1899567105986015
9.684577438721362 1.2073927013735484
9.684577583032812 1.2073927013735484
9.684577438721362 1.2073927193651017
0.2540121463245617 9.684577438721362 1.2073927013735484 0.00016645380501166814
0.041421773119173826 0.03982432199812352 0.038344580650599765 0.03697015394430673 0.03569030759616851 0.03449570227659739 0.03337817662043674 0.03233056908070526 0.03134657083439783 0.03042060366714101 0.029547718070793608 0.028723507790118213 0.027944037827888495 0.02720578351833479 0.026505578748128034 0.025840571773017487 0.02520818736989376 0.024606094295883413 0.02403217721133271 0.023484512372309346 0.02296134651830434 0.022461078478145404
0.004835122362409764 0.004477609484907615 0.004157820319956202 0.0038707074270919292 0.003612027345906002 0.003378193996838705 0.0031661618842400803 0.002973332473474336 0.0027974787041208492 0.002636683784416314 0.002489291298313463 0.00235386432480945 0.0022291517763636803 0.002114060550512271 0.0020076323863037035 0.0019090245470592055 0.0018174936295719353 0.00173238193938456 0.0016531059813463505 0.001579146701116532 0.0015100411818508572 0.0014453755549423
