2.052367165409566 13.338299885517051
2.0523671959922196 13.338299885517051
2.052367165409566 13.338300084273207
4.067363762217104 10.997284241713594
4.067363822825547 10.997284241713594
4.067363762217104 10.9972844055859
6.266997648462558 5.857508071925462
6.2669977418481 5.857508071925462
6.266997648462558 5.857508159209134
8.502359143733003 1.6838248236967583
7.002475204032124 4.930091056933781
7.002475308377136 4.930091056933781
7.002475204032124 4.930091130397863
8.076106826519538 2.820249035130798
7.286560885403259 4.41090639397602
7.286560993981477 4.41090639397602
7.286560885403259 4.4109064597036465
7.835889014989448 3.3624464946532067
7.8358891317532935 3.3624464946532067
7.835889014989448 3.3624465447575638
8.00670472863267 3.1208138413854347
8.006704847941867 3.1208138413854347
8.00670472863267 3.120813887889185
8.314196735234532 2.615139979606297
8.314196859125717 2.615139979606297
8.314196735234532 2.6151400185749196
8.405001901801324 2.4983259885224207
8.405002027045612 2.4983259885224207
8.405001901801324 2.4983260257503788
8.57176040022841 2.2538756860987785
8.571760527957593 2.2538756860987785
8.57176040022841 2.2538757196841432
8.748104421194359 2.016247545041733
8.748104551551274 2.016247545041733
8.748104421194359 2.0162475750861626
8.93309824866436 1.785289473196071
8.933098381777896 1.785289473196071
8.93309824866436 1.785289499798957
8.985065773903775 1.732638281210206
8.98506590779169 1.732638281210206
8.985065773903775 1.7326383070285283
9.08195020581428 1.6208147879650674
9.081950341145884 1.6208147879650674
9.08195020581428 1.6208148121170898
9.10810568646609 1.5946597931049415
9.10810582218744 1.5946597931049415
9.10810568646609 1.5946598168672241
9.158220224981447 1.5402419217166343
9.158220361449562 1.5402419217166343
9.158220224981447 1.5402419446680276
9.209354567230722 1.486781181544284
9.209354704460798 1.486781181544284
9.209354567230722 1.48678120369905
9.19684881381043 1.500406685661781
9.196848950854157 1.500406685661781
9.19684881381043 1.5004067080195829
9.222538514179366 1.473794052961976
9.20328913676183 1.4937708512720491
9.19847667544491 1.4987651710839047
9.198476812512894 1.4987651710839047
9.19847667544491 1.4987651934172461
0.2171412276162048 9.19847667544491 1.4987651710839047 0.00010379118220469416
0.042880748004581234 0.041234884235253996 0.039709772530083697 0.038292753454071016 0.036972856226361775 0.035740529609111456 0.03458742206380391 0.03350620108498594 0.03249040388943786 0.031534313355221465 0.030632854413418082 0.0297815070996228 0.028976233248219685 0.028213414415847817 0.027489799092532793 0.026802457630449483 0.026148743614273162 0.025526260630991615 0.024932833584133646 0.02436648384774087 0.023825407676852057 0.02330795738980006
0.004858654692956155 0.004501398831378225 0.004181633425652796 0.003894370294525897 0.0036354112412732365 0.0034012048520973477 0.003188732231667055 0.0029954152792144367 0.0028190426338163647 0.002657709554617373 0.002509768855281867 0.002373790656817082 0.0022485292131831647 0.0021328954391347747 0.0020259340583033557 0.001926804512831086 0.0018347649496182577 0.0017491587341603827 0.0016694030498154097 0.001594979224781608 0.0015254244961084296 0.0014603249735376826
