8.578398769129128 9.346191213198349
8.578398896957232 9.346191213198349
8.578398769129128 9.34619135246745
6.166402401709551 6.7425601035926395
6.166402493596107 6.7425601035926395
6.166402401709551 6.742560204064614
5.909618774279255 7.3046301979738795
5.909618862339437 7.3046301979738795
5.909618774279255 7.304630306821352
5.257817964320825 8.846532591824635
5.2578180426684185 8.846532591824635
5.257817964320825 8.846532723648243
5.3282039573643365 8.734287618916639
5.328204036760763 8.734287618916639
5.3282039573643365 8.734287749067667
5.329172753574805 8.732370859446357
5.329172832985667 8.732370859446357
5.329172753574805 8.732370989568823
0.040225893254503875 5.329172753574805 8.732370859446357 0.00022047993814803952
0.042269187601591054 0.04067765089208347 0.03920187858781553 0.037829785139029404 0.03655089743004494 0.035356096668931615 0.03423740793622832 0.03318782750907357 0.032201180335460676 0.03127200173125414 0.030395438659472074 0.029567166934129713 0.028783321446978566 0.028040437101110344 0.027335398592029953 0.026665397535094785 0.026027895721037975 0.025420593505817986 0.024841402520259844 0.024288422028767364 0.023759918382360433 0.02325430710527256
0.005311948483937984 0.004941817755443471 0.004609043319916118 0.004308797778443396 0.004037003228447005 0.003790196840861822 0.003565423556208577 0.003360149862248018 0.003172194077768339 0.002999669648250706 0.0028409387653186868 0.002694574227635989 0.0025593279194624685 0.0024341046326404846 0.002317940226062942 0.002209983323898614 0.0021094799149006223 0.0020157603410262963 0.0019282282625768885 0.0018463512653007104 0.001769652837061181 0.001697705491300867
