11.479197289271156 11.5405648421907
11.479197460324524 11.5405648421907
11.479197289271156 11.540565014158517
6.257822458128404 6.324955560081761
6.257822551377225 6.324955560081761
6.257822458128404 6.324955654330943
5.770139358158694 7.362214570677117
5.7701394441404705 7.362214570677117
5.770139358158694 7.362214680382663
3.9149030025557106 11.792573220506721
5.314045229074173 8.473003424034978
5.314045308259618 8.473003424034978
5.314045229074173 8.473003550292567
4.439547170484917 10.709685804446059
4.439547236639325 10.709685804446059
4.439547170484917 10.709685964032813
3.848083902773029 12.519603806827446
3.848083960113948 12.519603806827446
3.848083902773029 12.51960399338408
3.89032227331032 12.470651376683014
3.890322331280639 12.470651376683014
3.89032227331032 12.4706515625102
3.8932533197948462 12.462137063968301
3.8932533778088416 12.462137063968301
3.8932533197948462 12.462137249668615
0.027645594870104873 3.8932533197948462 12.462137063968301 7.119503599874965e-05
0.04186780039566532 0.04033144393712269 0.03890567193476882 0.03757900135432947 0.03634148054490135 0.035184443121748336 0.03410030765647115 0.03308241356497852 0.03212488581191282 0.031222522715683106 0.03037070239404727 0.029565304344881624 0.028802643388256995 0.02807941376055098 0.02739264159019918 0.026739644328103638 0.02611799597614254 0.025525497171461062 0.024960149354917964 0.024420132388814797 0.023903785099162314 0.02340958830687296
0.005936543858762943 0.005550592334585906 0.005201842078083774 0.004885641602364936 0.004598046238687237 0.00433569276130664 0.004095699265273957 0.0038755846372057743 0.0036732033488256943 0.003486692323615226 0.003314427383293929 0.0031549873463778346 0.0030071242774240697 0.002869738709545003 0.002741858910796152 0.002622623456264603 0.0025112665161104975 0.0024071053857597892 0.0023095298755720375 0.002217993249341148 0.002132004458244616 0.002051121462608861
