10.765554274383842 7.62004617630123
10.765554434803102 7.62004617630123
10.765554274383842 7.620046289848767
7.166134636501505 5.090956853661504
7.166134743285233 5.090956853661504
7.166134636501505 5.090956929522673
9.072198825964028 1.243509647355757
7.6562300483266155 4.13594263594702
7.656230162413333 4.13594263594702
7.6562300483266155 4.135942697577368
8.67731537007928 2.2474597949827215
7.922165643218795 3.669745599757867
7.922165761268262 3.669745599757867
7.922165643218795 3.669745654441338
8.45002299506761 2.73507331236084
8.057564029135262 3.438050473812656
8.057564149202323 3.438050473812656
8.057564029135262 3.4380505250436
8.326330500129108 2.9734797028296738
8.326330624201102 2.9734797028296738
8.326330500129108 2.973479747137974
8.614196726848188 2.520495759740377
8.614196855209723 2.520495759740377
8.614196726848188 2.520495797298691
8.921937479882835 2.0807719303839547
8.921937612830064 2.0807719303839547
8.921937479882835 2.0807719613898725
9.013304528329272 1.9825074859898875
9.013304662637974 1.9825074859898875
9.013304528329272 1.982507515531551
9.179270941149156 1.7716271784425683
9.179271077930952 1.7716271784425683
9.179270941149156 1.7716272048418704
9.22630989797657 1.7237910395509235
9.226310035459301 1.7237910395509235
9.22630989797657 1.7237910652374115
9.314242508673065 1.6224416707813705
9.314242647466093 1.6224416707813705
9.314242508673065 1.6224416949576352
9.405369633882067 1.5239546887734379
9.405369774032996 1.5239546887734379
9.405369633882067 1.5239547114821324
9.498980214591802 1.4278251004404257
9.429625509848933 1.5007837502523498
9.429625650361302 1.5007837502523498
9.429625509848933 1.5007837726157705
9.476220088039756 1.4525146615237314
9.441327006003021 1.4887677207303796
9.441327146689757 1.4887677207303796
9.441327006003021 1.4887677429147472
0.20605196025897976 9.441327006003021 1.4887677207303796 0.00014778940451575393
0.040615503583226784 0.03904687992312259 0.03759399311552277 0.03624463965306863 0.034988253387685485 0.03381564304089015 0.03271877806036007 0.0316906128604616 0.03072494173775681 0.02981627845431306 0.028959755776401683 0.028151041248206585 0.027386266245397032 0.026661965947528708 0.025975028332357524 0.025322650659880496 0.02470230220218065 0.02411169220422557 0.02354874224376466 0.023011562305393803 0.022498430002389363 0.022007772475989205
0.004886727129162771 0.0045247680661389756 0.00420106692924274 0.003910495954734639 0.0036487455879891323 0.003412175023969988 0.0031976931861346365 0.003002663361793492 0.002824826342071433 0.002662238126595216 0.0025132191603605748 0.00237631275403653 0.002250250857638057 0.002133925753372988 0.002026366537437959 0.001926719495295536 0.0018342316572872237 0.0017482369638041366 0.0016681445809867475 0.0015934289960851057 0.0015236215915004141 0.001458303452195443
