6.215689565116595 2.3529030946350593
6.215689657737586 2.3529030946350593
6.215689565116595 2.3529031296960476
3.877771390455751 8.57424445733435
3.8777714482390473 8.57424445733435
3.877771390455751 8.57424458510055
4.139611824826642 11.988005674491578
4.139611886511665 11.988005674491578
4.139611824826642 11.988005853126783
4.599382217973352 11.784027342067263
4.5993822865094875 11.784027342067263
4.599382217973352 11.784027517662954
4.696644431516737 11.562061537986864
4.696644501502193 11.562061537986864
4.696644431516737 11.562061710275007
4.702038400865008 11.548145689099202
4.70203847093084 11.548145689099202
4.702038400865008 11.548145861179982
0.029850694288348523 4.702038400865008 11.548145689099202 0.00014733425265193816
0.039875060136484966 0.03837396176694282 0.03698258246087373 0.035689381699913675 0.03448437422869573 0.03335887797372379 0.03230530919886751 0.03131701493497015 0.030388135040661266 0.029513487983455742 0.028688475734731822 0.027909004162825615 0.0271714160666447 0.02647243457674852 0.025809115104683936 0.02517880437608571 0.024579105362054533 0.02400784714410061 0.02346305892364515 0.022942947527674673 0.022445877875244442 0.02197035596096455
0.0052143436719706455 0.004858150905005253 0.004537504064347465 0.004247835401834451 0.003985286178140742 0.0037465788695782336 0.0035289154138537083 0.0033298956125415225 0.003147451259523657 0.0029797926294790416 0.002825364748809596 0.0026828114600300538 0.002550945733797207 0.002428725018964262 0.0023152306780038624 0.002209650752905484 0.002111265459868922 0.0020194349305709325 0.001933588811477135 0.0018532174065832854 0.0017778641075955942 0.0017071189023035714
