8.996136569135261 6.462521307573399
8.996136703188142 6.462521307573399
8.996136569135261 6.462521403872471
6.933968599702892 5.003034011871376
6.933968703027076 5.003034011871376
6.933968599702892 5.003034086422392
5.0239534044414516 8.873811621627274
6.45467210488697 5.970600592036762
6.454672201069079 5.970600592036762
6.45467210488697 5.970600681005644
5.644315259976221 7.765199076000944
5.644315344083072 7.765199076000944
5.644315259976221 7.765199191711427
4.172799270996466 11.41810044794324
5.303247976209062 8.688772890933325
5.303248055233615 8.688772890933325
5.303247976209062 8.688773020406131
4.587829887595398 10.523286148782562
4.587829955959391 10.523286148782562
4.587829887595398 10.523286305591744
4.250526315402065 11.552605735440693
4.250526378739843 11.552605735440693
4.250526315402065 11.552605907587933
4.27634651420674 11.503232645251199
4.276346577929268 11.503232645251199
4.27634651420674 11.503232816662722
0.03118114539357819 4.27634651420674 11.503232645251199 0.00011476721514892063
0.042474664085402604 0.04090134865384255 0.0394417468005958 0.038084020299840905 0.036817911367961004 0.035634488720013874 0.03452594082638741 0.03348540649088533 0.032506835154877144 0.03158487104112325 0.03071475654093769 0.02989225123008028 0.029113563651618865 0.028375293585549174 0.027674382977293507 0.027008074051346802 0.02637387341535532 0.025769521181039572 0.02519296430462785 0.02464233349070663 0.024115923117171378 0.023612173731061226
0.005568727591270699 0.005198892932813834 0.004865193827455425 0.004563068475800008 0.004288652620145895 0.004038655398035644 0.003810260223385703 0.003601045092401055 0.0034089180832528455 0.0032320648273621634 0.003068905478812379 0.002918059268772255 0.002778315154631811 0.0026486073950532105 0.002527995128388938 0.0024156452218446053 0.002310817806215878 0.002212854026226808 0.0021211656270351867 0.0020352260690342868 0.0019545629199543965 0.0018787513187022863
