12.819278384914357 13.318392952312436
12.81927857593649 13.318392952312436
12.819278384914357 13.318393150771957
6.212942227354056 6.494363713275759
6.21294231993411 6.494363713275759
6.212942227354056 6.49436381004932
5.717835160379775 7.543006327674331
5.717835245582159 7.543006327674331
5.717835160379775 7.543006440073884
3.7520605793881328 12.26779098431718
5.233905999557602 8.72730097090653
5.233906077548879 8.72730097090653
5.233905999557602 8.727301100953449
4.311027730682817 11.113775491945633
4.311027794922135 11.113775491945633
4.311027730682817 11.113775657553793
3.529339228231017 13.51910553583005
3.5293392808222697 13.51910553583005
3.529339228231017 13.519105737280421
3.629078850258706 13.344142538358614
3.629078904336195 13.344142538358614
3.629078850258706 13.344142737201834
3.6301530454818662 13.342619975240114
3.630153099575362 13.342619975240114
3.6301530454818662 13.342620174060645
0.0265707397718431 3.6301530454818662 13.342619975240114 0.00013547949659905247
0.04221204258323506 0.040670854177401704 0.039240475896683065 0.037909399304116034 0.036667652816396556 0.03550655411945534 0.03441850881438365 0.03339684555664503 0.03243568021974757 0.031529803306999275 0.030674586109078576 0.02986590207240537 0.029100060583458483 0.02837375094483909 0.027683994761988788 0.027028105305880235 0.0264036526895474 0.02580843391207746 0.025240446995472548 0.024697868577328506 0.02417903443297941 0.023682422490306325
0.005911500298396431 0.005534147709300178 0.005192759514435429 0.004882872790790744 0.004600699817546224 0.004343008494826454 0.00410702687000183 0.0038903663522630127 0.0036909595330610013 0.0035070095095673277 0.003336948332954275 0.003179402744226341 0.003033165767591352 0.002897173040464776 0.0027704829956118806 0.002652260193061647 0.0025417612407058177 0.002438322852806268 0.0023413516822988656 0.002250315631273221 0.00216473639844095 0.002084183065898404
