8.296767423005363 13.028241569190115
8.296767546636833 13.028241569190115
8.296767423005363 13.028241763326042
5.626624188533063 8.867476512572757
5.626624272376296 8.867476512572757
5.626624188533063 8.867476644708454
5.479897755634444 9.170486866863422
5.479897837291284 9.170486866863422
5.479897755634444 9.170487003514324
4.985443779832628 10.442082641107538
4.985443854121529 10.442082641107538
4.985443779832628 10.442082796706694
5.031345943535549 10.357786044430188
5.031346018508446 10.357786044430188
5.031345943535549 10.357786198773228
5.0314946751842475 10.35766238789615
5.031494750159361 10.35766238789615
5.0314946751842475 10.357662542237348
0.0339561120686922 5.0314946751842475 10.35766238789615 0.00011577656541031463
0.0407638267833233 0.03922440897942988 0.037797535895449236 0.0364713818408761 0.03523571129126062 0.03408162200547429 0.03300133607064501 0.03198802881976733 0.03103568789380014 0.030138996461491464 0.02929323592454223 0.028494204435726013 0.027738148324208206 0.027021704114269216 0.02634184928386866 0.02569586026964339 0.02508127650852843 0.024495869530822403 0.023937616298458423 0.02340467612554766 0.02289537063362721 0.022408166287372345
0.005121434394921562 0.004767114622117559 0.004448443407234466 0.0041608151338070375 0.003900341102052503 0.0036637202537406596 0.0034481361904512746 0.0032511745684164275 0.0030707564048499023 0.002905083898475331 0.002752596159280986 0.002611932835319512 0.0024819040713857515 0.0023614655740248243 0.0022496978171904053 0.00214578862306885 0.0020490185078089348 0.001958748302994437 0.0018744086587266216 0.0017954911091763324 0.0017215404409635753 0.00165214815217004
