9.03893459608031 13.872997065249233
9.038934730770931 13.872997065249233
9.03893459608031 13.872997271972999
5.87489300860467 9.063837287663802
5.874893096147398 9.063837287663802
5.87489300860467 9.063837422725502
5.281679315747983 10.46140923019506
5.281679394451138 10.46140923019506
5.281679315747983 10.461409386082204
3.6351776437353456 14.961536424332781
3.6351776979037136 14.961536424332781
3.6351776437353456 14.961536647277047
3.4405219106835645 16.143585990996534
3.440521961951336 16.143585990996534
3.4405219106835645 16.14358623155471
3.4027677646408394 16.310245412823722
3.4027678153460306 16.310245412823722
3.4027677646408394 16.31024565586532
3.4029706436022424 16.310070986272418
3.4029706943104565 16.310070986272418
3.4029706436022424 16.310071229311415
0.021266134687477734 3.4029706436022424 16.310070986272418 0.0001456870937860577
0.038671425925323015 0.037248122389198536 0.03592827896052302 0.03470101039893829 0.03355690677773836 0.03248779186564468 0.03148652744276571 0.030546853687649797 0.029663258117400188 0.028830867299676568 0.028045356854127155 0.02730287624064844 0.026599985577417613 0.025933602303459705 0.025300955942387068 0.02469954956786296 0.02412712684081839 0.023581643700958842 0.023061243963704802 0.022564238208257252 0.022089085450441713 0.02163437718106973
0.005512470852921198 0.0051633701892781865 0.0048474991289427505 0.0045607222446191744 0.004299533922221211 0.0040609456884949 0.003842396555596963 0.0036416811248749024 0.0034568915133857893 0.0032863701274350654 0.003128671013304924 0.0029825280390758237 0.0028468285536199516 0.0027205914650633043 0.0026029489065862604 0.002493130830537637 0.0023904520056482214 0.002294300996281757 0.002204130784256676 0.002119450758093881 0.0020398198455483154 0.001964840605949673
