9.450698540317573 8.870384887212637
9.450698681143955 8.870384887212637
9.450698540317573 8.870385019391673
6.6238676986568485 6.252875957124405
6.623867797360169 6.252875957124405
6.6238676986568485 6.252876050299518
5.67507947742955 8.289789323070583
5.675079561994824 8.289789323070583
5.67507947742955 8.28978944659807
4.10493768481643 12.278024723966995
4.104937745984768 12.278024723966995
4.10493768481643 12.27802490692382
2.8875092170792636 16.387676143225914
2.887509260106504 16.387676143225914
2.8875092170792636 16.38767638742132
2.965615078089911 16.528305220279275
2.965615122281019 16.528305220279275
2.965615078089911 16.528305466570217
2.969693925763082 16.520072775812757
2.96969397001497 16.520072775812757
2.969693925763082 16.520073021981023
0.02140488853506506 2.969693925763082 16.520072775812757 0.00018276763546961177
0.040545419128121034 0.03908174489950813 0.03772338457313435 0.036459349681864685 0.03528013123498552 0.03417745869993524 0.03314410460651199 0.032173725012535535 0.03126072838365711 0.030400167155246797 0.02958764752799613 0.028819254018240332 0.028091486022201604 0.027401204219996814 0.026745585083481904 0.026122082093350103 0.02552839253856758 0.02496242898247101 0.024422294647574776 0.023906262105075165 0.02341275476258966 0.022940330730481514
0.005981417655865021 0.005617546722070755 0.005287451007129807 0.004987004152766448 0.004712699933509971 0.004461542330868965 0.004230957927323698 0.004018725541207646 0.003822919296903122 0.0036418622511604926 0.003474088377381935 0.0033183112153103906 0.0031733978724084893 0.003038347349561298 0.0029122723819580794 0.002794384153604821 0.002683979373581505 0.002580429303170349 0.0024831704021907324 0.0023916963253783866 0.002305551049255702 0.002224322949538185
