14.251735551515418 5.992798690253622
14.251735763882827 5.992798690253622
14.251735551515418 5.992798779553281
8.121919197720647 3.437848579747458
8.121919318746674 3.437848579747458
8.121919197720647 3.4378486309753935
10.150668342042895 0.05840868935918442
8.673049923133929 2.620975125677665
8.673050052372444 2.620975125677665
8.673049923133929 2.620975164733238
9.780208307222287 0.9905427970062801
8.965793611152854 2.22466973555573
8.96579374475359 2.22466973555573
8.965793611152854 2.2246697687058923
9.552992070564994 1.4333257612168242
9.118570423069457 2.0314122569960262
9.118570558946745 2.0314122569960262
9.118570423069457 2.0314122872664275
9.421759805358848 1.643039977370409
9.196269711901374 1.9358344230873312
9.196269848936472 1.9358344230873312
9.196269711901374 1.935834451933512
9.350390971621277 1.7436474188934843
9.235347505037987 1.8882318859859542
9.23534764265539 1.8882318859859542
9.235347505037987 1.888231914122802
9.31305091526323 1.7926574026808813
9.313051054038501 1.7926574026808813
9.31305091526323 1.7926574293935582
9.393123225506185 1.6990586476035856
9.39312336547463 1.6990586476035856
9.393123225506185 1.6990586729215325
9.475068262247888 1.6070949984096525
9.475068403437406 1.6070949984096525
9.475068262247888 1.6070950223572342
9.455270287595422 1.6306812033479061
9.455270428489928 1.6306812033479061
9.455270287595422 1.6306812276469496
9.496582228198449 1.5850040863359058
9.465647030471578 1.6193062122176072
9.46564717152071 1.6193062122176072
9.465647030471578 1.61930623634715
0.19862308795760764 9.465647030471578 1.6193062122176072 0.00013674244961738605
0.04089000630859492 0.03930492960862386 0.037837200977353186 0.036474404232308626 0.03520579494370982 0.03402203147138743 0.03291495572079914 0.031877413335011796 0.030903105374141697 0.02998646529478031 0.02912255638021279 0.028306985796504727 0.027535832238830108 0.02680558474462116 0.026113090727951645 0.025455511664753336 0.024830285154757104 0.024235092321328405 0.02366782969818584 0.023126584902687094 0.02260961551686706 0.022115330695833452
0.004608962246703888 0.004266075674279453 0.003959588288298185 0.003684599828422973 0.003436995492580087 0.003213301794091783 0.0030105719132062694 0.0028262939398722943 0.0026583169994441416 0.0025047914367458167 0.0023641201187045565 0.0022349185815706855 0.0021159822530460613 0.0020062593640346967 0.0019048284595061876 0.0018108796453477302 0.001723698884477094 0.0016426547930806815 0.0015671874957321555 0.0014967991831812335 0.001431046083952024 0.0013695316144874481
