7.0400983397127295 9.745055370381419
7.04009844461837 9.745055370381419
7.0400983397127295 9.745055515594059
5.9177433372509 8.227977537007439
5.917743425432147 8.227977537007439
5.9177433372509 8.227977659613858
5.1766142577900744 10.010278214640337
5.176614334927638 10.010278214640337
5.1766142577900744 10.010278363805106
4.278622756630314 12.488106913720218
4.278622820386762 12.488106913720218
4.278622756630314 12.488107099807513
4.413878865132266 12.235891795833616
4.413878930904186 12.235891795833616
4.413878865132266 12.235891978162613
4.41754905117734 12.228230680923906
4.417549117003951 12.228230680923906
4.41754905117734 12.228230863138743
0.0293657160990326 4.41754905117734 12.228230680923906 0.00011643371702103753
0.04074906037064241 0.03922330940698881 0.03780880463322776 0.036493862502872974 0.03526837307589225 0.03412354490912403 0.033051697795244944 0.0320460932429715 0.031100794949479604 0.030210553275352044 0.029370709056447692 0.028577113091914567 0.027826058416143877 0.027114223054729554 0.026438621424134372 0.025796562893879882 0.02518561631244349 0.024603579521424186 0.02404845306026899 0.023518417406051505 0.02301181320715962 0.02252712406219556
0.005191038826564862 0.0048421009436380065 0.004527596604108519 0.004243138311595759 0.0039850155119817736 0.0037500730375349257 0.0035356142771790244 0.0033393234864459932 0.0031592030315323026 0.0029935223737877163 0.0028407763494330837 0.0026996508578173975 0.002568994491783362 0.002447794962447099 0.0023351594142528467 0.002230297913597442 0.0021325095395393835 0.0020411706183440783 0.001955724732454152 0.00187567420457447 0.0018005728131840198 0.001730019540155315
