11.643425930353288 11.797694622554902
11.643426103853855 11.797694622554902
11.643425930353288 11.79769479835425
6.448840547751385 6.565693894277805
6.448840643846598 6.565693894277805
6.448840547751385 6.5656939921142685
6.209719826977496 7.081958593466791
6.209719919509532 7.081958593466791
6.209719826977496 7.081958698996197
5.574905564552646 8.556950356517067
5.574905647625212 8.556950356517067
5.574905564552646 8.556950484025563
5.666687844706896 8.389185042729064
5.666687929147125 8.389185042729064
5.666687844706896 8.389185167737663
5.664421223349208 8.395729791503438
5.664421307755662 8.395729791503438
5.664421223349208 8.395729916609561
0.041655137746198445 5.664421223349208 8.395729791503438 0.00023292363726106052
0.0413778748853421 0.039807107827101736 0.038351258901673575 0.03699826815092052 0.035737692134968635 0.034560444093407326 0.03345858226208024 0.032425136326124794 0.031453964285888605 0.030539633737119785 0.029677322872966583 0.028862737512034654 0.028092041222893202 0.027361796208431075 0.026668913075501968 0.02601060797756802 0.02538436590380694 0.02478790911484619 0.024219169906127505 0.023676267024915966 0.023157485183841406 0.022661257208503455
0.0050829691914896094 0.004723700396252403 0.004401102520947197 0.004110390695145083 0.0038475291194677787 0.0036090957751387723 0.0033921745867835436 0.0031942688976534734 0.0030132316090252832 0.002847208438282603 0.0026945915715422637 0.0025539816031886365 0.002424156120837284 0.002304043649214442 0.002192701938555716 0.002089299793076217 0.001993101798045794 0.0019034554312696674 0.0018197801447138904 0.0017415580809187362 0.0016683261514619124 0.0015996692546755538
