8.653681121103338 14.356028052237159
8.653681250053236 14.356028052237159
8.653681121103338 14.356028266158647
5.408411906231322 8.992818166164406
5.40841198682294 8.992818166164406
5.408411906231322 8.992818300167839
5.824376693499448 7.863441623093779
5.824376780289424 7.863441623093779
5.824376693499448 7.863441740268191
7.666131920177666 3.4285998435199394
6.2930908490983954 6.75820418903524
6.293090942872756 6.75820418903524
6.2930908490983954 6.75820428974033
7.268612723849885 4.564274369489071
6.54547432982899 6.213582058581387
6.545474427364159 6.213582058581387
6.54547432982899 6.213582151170974
7.043998151615822 5.121466339248409
7.043998256579574 5.121466339248409
7.043998151615822 5.121466415564204
8.110426692711918 2.9702571100128603
7.321271495981169 4.589084729094338
7.321271605076616 4.589084729094338
7.321271495981169 4.58908479747703
7.86987819586844 3.521248864299596
7.869878313138763 3.521248864299596
7.86987819586844 3.521248916770293
8.039295782413898 3.27350836912257
8.03929590220874 3.27350836912257
8.039295782413898 3.273508417901646
8.345001712853415 2.756928684640211
8.34500183720363 2.756928684640211
8.345001712853415 2.7569287257216497
8.434665557359384 2.636596590485031
8.434665683045695 2.636596590485031
8.434665557359384 2.636596629773382
8.59983570113486 2.3860043017237147
8.599835829282398 2.3860043017237147
8.59983570113486 2.3860043372779494
8.774068860906452 2.1416265662045952
8.774068991650266 2.1416265662045952
8.774068860906452 2.141626598117318
8.956530486150506 1.9033296361053083
8.95653061961321 1.9033296361053083
8.956530486150506 1.90332966446713
9.007647376847581 1.8484031583436349
9.007647511071987 1.8484031583436349
9.007647376847581 1.8484031858869883
9.103100763361201 1.732609942227824
9.103100899007973 1.732609942227824
9.103100763361201 1.732609968045724
9.128836069392612 1.705312366475942
9.12883620542287 1.705312366475942
9.128836069392612 1.7053123918870765
9.178181711742987 1.648789255672756
9.178181848508553 1.648789255672756
9.178181711742987 1.6487892802416304
9.228519870816678 1.593148225713631
9.22852000833234 1.593148225713631
9.228519870816678 1.5931482494533895
9.27960775248962 1.5381947652219385
9.241560117628849 1.5796642401124559
9.241560255338825 1.5796642401124559
9.241560117628849 1.5796642636512874
0.19477177042388194 9.241560117628849 1.5796642401124559 0.0002883742335535283
0.04098806997257659 0.03940973535156972 0.03794753953866606 0.0365892703224506 0.03532434943404527 0.034143571351851636 0.033038890074463555 0.03200324400654459 0.03103041132488096 0.030114889871936702 0.02925179690367684 0.028436784999564715 0.02766597120008381 0.02693587702564304 0.02624337749079909 0.02558565758952251 0.024960175013357455 0.024364628091833325 0.023796928126335295 0.023255175434720773 0.02273763854188209 0.022242736047073774
0.0050048497462612815 0.004635414991975757 0.004304895921173735 0.00400809472860438 0.0037406400352345895 0.0034988364797124104 0.0032795448271230937 0.0030800858213432722 0.0028981626291496366 0.0027317979316896462 0.002579282624011831 0.0024391337662860624 0.002310059948942968 0.0021909326302018287 0.0020807623090126387 0.001978678631873153 0.0018839137149954666 0.0017957881063252615 0.0017136989242763237 0.001637109798751735 0.0015655423103986973 0.0014985686801361371
