2.6160893110251235 8.736888308014628
2.616089350007892 8.736888308014628
2.6160893110251235 8.736888438204408
3.422992320423921 12.039181318227367
3.4229923714304813 12.039181318227367
3.422992320423921 12.03918149762515
4.458009559884138 11.070978831371546
4.458009626313657 11.070978831371546
4.458009559884138 11.070978996341987
4.858491929497542 10.193183630160934
4.858492001894714 10.193183630160934
4.858491929497542 10.193183782051207
4.8942351547505645 10.120161448493956
4.894235227680351 10.120161448493956
4.8942351547505645 10.120161599296113
4.894348269835233 10.12003339313551
4.894348342766706 10.12003339313551
4.894348269835233 10.120033543935758
0.03450853829751466 4.894348269835233 10.12003339313551 0.0001308452603501682
0.041592093194741685 0.04003193302683506 0.03858522216372722 0.03724010260059864 0.03598630259832632 0.03481488174354822 0.03371802333105693 0.032688864191224715 0.03172135435914914 0.0308101406870465 0.029950469790243645 0.029138106699159217 0.028369266343577115 0.02764055557842503 0.026948923914025445 0.026291621469287402 0.025666162946543156 0.025070296648935494 0.024501977738435463 0.023959345074596038 0.023440701088578857 0.022944494239642906
0.005373044098173836 0.005004448234479222 0.004672678182831404 0.00437300695242146 0.004101438867972 0.003854578472036995 0.0036295259389154152 0.0034237930679517008 0.003235235371275199 0.0030619968377631358 0.002902464748031992 0.002755232509628698 0.0026190689305367137 0.0024928926907240565 0.0023757510332328593 0.002266801898248953 0.0021652988803679113 0.002070578511733157 0.0019820494699315265 0.0018991833855391414 0.001821506984577028 0.0017485953493241724
