9.811235850406241 2.9860741767287227
9.811235996605049 2.9860741767287227
9.811235850406241 2.9860742212246953
8.445285216349117 2.578343622774561
8.445285342193673 2.578343622774561
8.445285216349117 2.578343661194875
6.4678347405499075 5.567967532235725
7.95725879372785 3.329902206545489
8.32970064133998 2.7702507276351533
8.32970076546219 2.7702507276351533
8.32970064133998 2.770250768915106
8.089979010048973 3.1487821833891596
8.089979130599055 3.1487821833891596
8.089979010048973 3.1487822303096706
7.634783646496477 3.9206677157167094
7.634783760263619 3.9206677157167094
7.634783646496477 3.920667774139211
7.22464133819908 4.717406933378773
7.224641445854625 4.717406933378773
7.22464133819908 4.717407003673614
6.429784841634976 6.323720578323288
6.429784937446236 6.323720578323288
6.429784841634976 6.323720672554067
5.730392664341973 7.973839046314737
5.730392749731477 7.973839046314737
5.730392664341973 7.973839165134198
5.35722961120235 8.962871986102344
5.357229691031292 8.962871986102344
5.35722961120235 8.962872119659545
5.3895994377378695 8.905823456559123
5.38959951804916 8.905823456559123
5.3895994377378695 8.905823589266234
5.388840833948923 8.907864877243979
5.3888409142489095 8.907864877243979
5.388840833948923 8.90786500998151
0.039568124449872566 5.388840833948923 8.907864877243979 0.00017380255199373447
0.04176697275705963 0.040188721459936703 0.03872561890369887 0.037365606693007695 0.0360982402691183 0.03491442975450546 0.03380622880450248 0.03276666147724958 0.03178957942329575 0.03086954341600729 0.03000172454601311 0.029181821396351764 0.028405990278511952 0.027670786200489746 0.026973112698380014 0.026310179023995482 0.02567946346574072 0.025078681805865446 0.02450576009742768 0.023958811088812204 0.023436113740131697 0.022936095370171775
0.005175198712122262 0.004813181848602856 0.004487830648675984 0.004194390614813321 0.00392884798366798 0.0036877964072811304 0.003468330627407245 0.003267961111334757 0.0030845450836676316 0.002916230471336152 0.002761410085423236 0.002618683968543495 0.0024868282940882086 0.0023647695521113263 0.0022515630238083228 0.002146374752726226 0.0020484663809515495 0.0019571823435897214 0.0018719390130998083 0.0017922154626518977 0.0017175455792898975 0.0016475113068481586
