6.017153407361182 13.437836920000022
6.017153497023754 13.437836920000022
6.017153407361182 13.437837120239395
4.930101319199808 10.956875509598309
4.930101392664043 10.956875509598309
4.930101319199808 10.956875672868478
6.188845886296805 7.423467595470321
6.188845978517795 7.423467595470321
6.188845886296805 7.423467706088608
8.010205833214595 3.400057970812586
6.712911439644479 6.451650296645099
6.712911539674654 6.451650296645099
6.712911439644479 6.45165039278218
7.629808691731893 4.442771580763832
7.629808805424902 4.442771580763832
7.629808691731893 4.442771646966287
7.930564551291666 3.9798306508755252
7.930564669466286 3.9798306508755252
7.930564551291666 3.9798307101796233
8.460312003520617 3.0110989009269193
8.066231646313687 3.739442345763498
8.066231766509905 3.739442345763498
8.066231646313687 3.7394424014855314
8.335512679573732 3.257512769215439
8.33551280378255 3.257512769215439
8.335512679573732 3.257512817756162
8.62209894032452 2.785668825973323
8.622099068803806 2.785668825973323
8.62209894032452 2.785668867483023
8.9264038759773 2.3250530449119857
8.926404008991083 2.3250530449119857
8.9264038759773 2.325053079557976
9.015457979322914 2.2196140049225415
9.015458113663707 2.2196140049225415
9.015457979322914 2.2196140379973675
9.17839172524665 1.9968031157236372
9.178391862015344 1.9968031157236372
9.17839172524665 1.9968031454783224
9.224132392660279 1.9451330328545102
9.224132530110563 1.9451330328545102
9.224132392660279 1.945133061839251
9.310057061027479 1.837128515159307
9.31005719975814 1.837128515159307
9.310057061027479 1.8371285425346553
9.398886897953552 1.7315004670457785
9.398887038007882 1.7315004670457785
9.398886897953552 1.731500492847146
9.490026879242487 1.6278591225579757
9.490027020654907 1.6278591225579757
9.490026879242487 1.6278591468149668
9.514277512827002 1.603315115131798
9.514277654600784 1.603315115131798
9.514277512827002 1.603315139023055
9.467813830790108 1.6543360164441143
9.5027150882861 1.6161188536945232
9.50271522988759 1.6161188536945232
9.5027150882861 1.6161188777765707
0.19450011602107364 9.5027150882861 1.6161188536945232 9.934433364573988e-05
0.040262615554725566 0.038700533209739554 0.0372541872212127 0.035911322148613305 0.03466133400512265 0.03349500433971978 0.03240428351706152 0.03138211301107984 0.030422278842377512 0.02951929003459443 0.02866827729072467 0.027864908104828473 0.027105315306140864 0.02638603663864901 0.025703963452150383 0.025056296952080413 0.024440510748545453 0.023854318677738354 0.023295647054676318 0.022762610665224385 0.022253491925500784 0.021766722734061612
0.004667934180125562 0.004320311525775607 0.004009627522929987 0.003730904215209719 0.003479962393725352 0.0032532748582591448 0.003047849736885266 0.0028611371271108662 0.0026909539506017035 0.00253542312216232 0.0023929240366689737 0.002262052056952285 0.002141585199980101 0.002030456610618586 0.001927731712716818 0.001832589158969913 0.0017443048807195191 0.0016622386789869985 0.0015858229078953468 0.0015145528882027817 0.0014479787572201463 0.0013856985159249862
