3.593351625760331 5.355469972046049
3.5933516793054427 5.355469972046049
3.593351625760331 5.355470051848771
2.942178268017326 11.771793513296679
2.9421783118591986 11.771793513296679
2.942178268017326 11.771793688710071
3.9576579706554345 12.26248707330019
3.9576580296291337 12.26248707330019
3.9576579706554345 12.262487256025485
4.547492708202864 11.100462521056125
4.547492775965786 11.100462521056125
4.547492708202864 11.100462686465907
4.644029811892587 10.883849179179675
4.644029881094023 10.883849179179675
4.644029811892587 10.883849341361666
4.646809206730903 10.877560369299712
4.646809275973756 10.877560369299712
4.646809206730903 10.877560531387992
0.03178511531437134 4.646809206730903 10.877560369299712 0.00015025664008359895
0.04120094906006116 0.039660551097535024 0.03823205987455172 0.036903779133620807 0.03566557853776509 0.034508641591900535 0.03342526046542458 0.03240866789708793 0.031452898631958465 0.030552674538819217 0.029703308838808166 0.02890062585222045 0.02814089341901656 0.02742076572688668 0.02673723473054133 0.026087588698064774 0.02546937669760131 0.024880378057500385 0.024318576008261077 0.023782134855007086 0.023269380142294436 0.022778781364568054
0.0054635491157088425 0.005092647797305441 0.004758548923100892 0.004456550846804769 0.004182677263180833 0.003933547316443934 0.003706271992486301 0.0034983709012392024 0.003307704998307879 0.003132421856728467 0.0029709108878770147 0.0028217665005991787 0.0026837576328595297 0.0025558024287156886 0.0024369470926397675 0.0023263481530689063 0.0022232575221644304 0.0021270098598673076 0.0020370118454645604 0.0019527330350225065 0.0018736980427170695 0.0017994798317267683
