13.772855596974058 3.0039483117526613
13.7728558022056 3.0039483117526613
13.772855596974058 3.003948356514979
8.348822002516206 1.8410900241826493
8.348822126923348 1.8410900241826493
8.348822002516206 1.8410900516170285
9.942519093589643 0.08639608725512349
8.80627227583159 1.4643731884255837
8.806272407055273 1.4643731884255837
8.80627227583159 1.4643732102464446
9.651965036768088 0.6340063648493144
9.028458406231076 1.2683440957304268
9.02845854076559 1.2683440957304268
9.028458406231076 1.2683441146302266
8.593631775543438 1.6709631813982206
8.923936013338787 1.3733373803502829
8.923936146315796 1.3733373803502829
8.923936013338787 1.3733374008146044
9.139045517699701 1.1695679448149556
8.979078669693939 1.323876107035732
8.979078803492637 1.323876107035732
8.979078669693939 1.3238761267630235
9.087686515280138 1.2231147240146543
9.006523870788039 1.2990055729873
8.986223844856257 1.3179868897843354
8.986223978761426 1.3179868897843354
8.986223844856257 1.3179869094238705
0.24208772045294036 8.986223844856257 1.3179868897843354 0.00016447815471488619
0.04452520589265777 0.042835670845969495 0.04126883040588228 0.03981195402343923 0.03845399158623202 0.037185308448188174 0.03599746844832109 0.034883055197120726 0.03383552407038579 0.032849078991641044 0.03191856933962343 0.03103940328390377 0.030207474600772517 0.029419100605611672 0.028670969296142677 0.02796009416238804 0.02728377540589265 0.02663956653937575 0.026025245521215067 0.02543878972673059 0.024878354177634825 0.024342252548060578
0.005266452750547825 0.004884405393795657 0.004541927938497133 0.004233825085563875 0.003955713251866762 0.0037038754428843877 0.003475145044515264 0.003266812231212213 0.0030765481691678053 0.0029023433032463047 0.0027424568533353207 0.002595375280891975 0.0024597779713103145 0.0023345087500645885 0.0022185521381296995 0.0021110134754740995 0.0020111022157422837 0.001918117832035089 0.001831437881570952 0.0017505078624922186 0.0016748325641317951 0.001603968666474801
