13.242368631215625 13.118932694116767
13.242368828542293 13.118932694116767
13.242368631215625 13.118932889604098
6.360485938506208 6.335467729585228
6.360486033284833 6.335467729585228
6.360485938506208 6.3354678239910545
6.034633892875123 7.033954874785328
6.034633982798175 7.033954874785328
6.034633892875123 7.033954979599423
4.913033147339784 9.648203051352269
5.758001391465193 7.689120555533715
5.7580014772661 7.689120555533715
5.758001391465193 7.6891206701105395
5.216048821724531 9.004171068791187
5.216048899449715 9.004171068791187
5.216048821724531 9.004171202963791
5.132216196039472 9.267838918891465
5.132216272515453 9.267838918891465
5.132216196039472 9.267839056993028
5.133970597384346 9.264968011632384
5.13397067388647 9.264968011632384
5.133970597384346 9.264968149691166
0.037495863943692975 5.133970597384346 9.264968011632384 0.00018336954730099555
0.041939874447661236 0.0403643425526333 0.038903321315692456 0.037544858332390046 0.03627859649627656 0.03509551839205307 0.033987737953763364 0.03294832956726799 0.031971187045528766 0.03105090659479527 0.0301826891692732 0.02936225858830812 0.02858579254079684 0.02784986418269361 0.027151392486388346 0.02648759985594706 0.025855975802478778 0.02525424569632066 0.02468034379022351 0.02413238985010504 0.02360866884473267 0.023107613238699146
0.005397782566715449 0.005024241488675374 0.004688225850500722 0.0043849023427323525 0.004110186536916186 0.003860608687678884 0.0036332066157884093 0.0034254396353292664 0.0032351189532176857 0.0030603510516685247 0.0028994913705195128 0.0027511062116988855 0.002613941246080819 0.002486895351899626 0.002368998781568983 0.0022593948604398124 0.002157324581621855 0.002062113586514272 0.001973161119358456 0.0018899306221092258 0.0018119416978772075 0.0017387632206653666
