9.28103183464238 14.899365295175109
9.281031972940532 14.899365295175109
9.28103183464238 14.899365517192953
5.4681355739760935 8.828726555701543
5.4681356554576634 8.828726555701543
5.4681355739760935 8.82872668725982
5.069113329568493 9.714331352555174
5.069113405104168 9.714331352555174
5.069113329568493 9.714331497309992
3.3433830343979594 14.324366106818122
4.640561462845712 10.867914310333795
4.640561531995466 10.867914310333795
4.640561462845712 10.867914472278338
3.8284918857063697 13.191313624631734
3.8284919427553445 13.191313624631734
3.8284918857063697 13.191313821197625
3.473921044581532 14.453329463225051
3.4739210963469893 14.453329463225051
3.473921044581532 14.453329678596443
3.501092384352493 14.399620601994279
3.5010924365228346 14.399620601994279
3.501092384352493 14.399620816565347
3.5006926118463952 14.401111463494148
3.50069266401078 14.401111463494148
3.5006926118463952 14.401111678087432
0.024060298786740764 3.5006926118463952 14.401111463494148 0.00024049461725341614
0.04078946008839826 0.03929874142288205 0.03791551672921375 0.03662857887197767 0.03542822442006217 0.03430601006647851 0.03325455481300307 0.032267378215008274 0.03133876725910983 0.03046366614094195 0.029637584483074526 0.02885652049714915 0.02811689633053417 0.02741550340437127 0.026749455989076333 0.02611615160616755 0.02551323711462108 0.024938579552876247 0.02439024097693455 0.023866456670406905 0.023365616211237446 0.022886246967816982
0.0058772995494342645 0.005504212120527296 0.005166609682405366 0.004860088990925922 0.004580914111064459 0.004325897847903499 0.004092307191930773 0.003877787348855909 0.0036803002728043634 0.003498074607151309 0.0033295646643929804 0.003173416618027477 0.0030284404863445643 0.0028935867963290622 0.0027679270513066437 0.0026506373070723788 0.00254098430155397 0.0024383136924915616 0.0023420400435022848 0.0022516382667125134 0.0021666362839921722 0.002086608711822935
