8.314893582892278 5.246566167846009
8.314893706793848 5.246566167846009
8.314893582892278 5.246566246025937
7.498787928913083 4.753381336817375
7.498788040653731 4.753381336817375
7.498787928913083 4.753381407648276
3.9551769179748613 11.758804862285636
6.610697319546714 6.5040420790051945
6.61069741805378 6.5040420790051945
6.610697319546714 6.504042175922974
5.940239391582244 8.109555429832389
5.940239480098708 8.109555429832389
5.940239391582244 8.109555550674182
4.640839972509495 11.337605764187867
4.6408400416634 11.337605764187867
4.640839972509495 11.337605933131357
4.4409223388764385 12.184263710454394
4.440922405051338 12.184263710454394
4.4409223388764385 12.184263892014071
4.21929115933158 12.858290927371126
4.219291222203918 12.858290927371126
4.21929115933158 12.858291118974591
4.216747121016757 12.876219940786294
4.216747183851186 12.876219940786294
4.216747121016757 12.876220132656924
0.027659341072236443 4.216747121016757 12.876219940786294 0.00017832641166015995
0.04046856052446989 0.03895855051701036 0.03755851538754972 0.03625690865075917 0.03504373969311113 0.03391032124744873 0.03284906431474843 0.03185331048754233 0.030917193979832693 0.030035527419844475 0.029203706778895198 0.028417631808206074 0.027673639118664772 0.026968445626264027 0.02629910054176698 0.025662944439095347 0.025057574216677043 0.02448081298719197 0.02393068410709152 0.023405388697977713 0.022903286125066657 0.022422876989387535
0.005281646021046888 0.004930289992250693 0.004613374374057733 0.004326531215264529 0.00406606454787207 0.0038288298767163212 0.0036121381860413295 0.003413678916147533 0.0032314577376907207 0.0030637459571780617 0.0029090391305216044 0.0027660230157001767 0.0026335454122894428 0.002510592751479596 0.0023962705414447756 0.0022897869585165502 0.0021904390183647726 0.002097600873459046 0.0020107138709953886 0.0019292780748390336 0.001852845010073991 0.0017810114326560508
