14.42802222517668 4.699863531028909
14.428022440170965 4.699863531028909
14.42802222517668 4.699863601062334
8.169564034621684 2.6838165564475904
8.169564156357675 2.6838165564475904
8.169564034621684 2.6838165964395735
9.980006841841991 0.0730718926340077
8.678781206970587 2.0742646308494375
8.678781336294504 2.0742646308494375
8.678781206970587 2.0742646617583893
9.658913403521561 0.8241591985974712
8.938176597419675 1.7735522249403655
8.938176730608886 1.7735522249403655
8.938176597419675 1.773552251368353
9.458575306203528 1.1735181738136597
9.07355681711452 1.6282915075084332
9.073556952321052 1.6282915075084332
9.07355681711452 1.6282915317718674
9.341870396278118 1.3355087503483218
9.14224460844607 1.556603940243533
9.14224474467613 1.556603940243533
9.14224460844607 1.5566039634387392
9.278491445232483 1.4121557509881435
9.176759805451573 1.5209250785707877
9.17675994219595 1.5209250785707877
9.176759805451573 1.5209251012343374
9.245408717925917 1.449200279550812
9.245408855693244 1.449200279550812
9.245408717925917 1.449200301145579
9.31597252917535 1.3793585404521858
9.315972667994158 1.3793585404521858
9.31597252917535 1.3793585610062298
9.387988680670205 1.3110153337507433
9.334485385555167 1.3628254177190748
9.334485524649839 1.3628254177190748
9.334485385555167 1.3628254380267562
9.370365908906804 1.328519907394869
9.343487836781522 1.3542829724263572
9.34348797601034 1.3542829724263572
9.343487836781522 1.3542829926067461
0.2319808259946261 9.343487836781522 1.3542829724263572 0.0001085832640929195
0.042359446008711034 0.04073361641887072 0.039227068378437195 0.03782729662630243 0.03652346399766081 0.035306135586478354 0.03416706157682912 0.033098998775449584 0.03209556311846763 0.031151107120889816 0.030260617529941598 0.02941962943542566 0.028624153856804304 0.027870616422769903 0.02715580522539709 0.026476826297946898 0.02583106545581005 0.02521615547114758 0.024629947736594122 0.024070487721930944 0.023535993647600378 0.023024837896264992
0.004963714240288996 0.004598753429799921 0.00427209001846167 0.003978628624913551 0.0037140808116446124 0.003474818810880785 0.003257758808463833 0.0030602672518274445 0.0028800852061631336 0.002715266944420599 0.002564129828641439 0.0024252131988165898 0.0022972444862506564 0.002179111151487869 0.002069837341607215 0.001968564389784045 0.0018745344574914113 0.0017870767585427543 0.0017055959133326847 0.0016295620678830676 0.0015585024807807525 0.0014919943357148595
