13.741233541893186 2.8798174107012304
13.741233746653522 2.8798174107012304
13.741233541893186 2.8798174536138537
8.408829085765392 1.782137930384291
8.40882921106671 1.782137930384291
8.408829085765392 1.7821379569402156
9.97454050912537 0.083400561256181
8.853266303911436 1.4132909214041194
8.853266435835385 1.4132909214041194
8.853266303911436 1.4132909424637952
9.689947171064148 0.6168894182860986
9.073290868677795 1.2262552827516735
9.073291003880364 1.2262552827516735
9.073290868677795 1.2262553010243011
8.643672970332258 1.6122617831220407
8.969938055906725 1.327084251302367
8.969938189569218 1.327084251302367
8.969938055906725 1.3270842710774635
9.182535467333214 1.1316476122565875
9.024441136759059 1.2797399234554532
9.02444127123371 1.2797399234554532
9.024441136759059 1.279739942525064
9.131741563157414 1.183122620132397
9.051551608171419 1.2559063307716465
9.051551743050048 1.2559063307716465
9.051551608171419 1.2559063494861091
9.105513348198285 1.2079459115184215
9.065121695373925 1.2440064491158955
9.065121830454764 1.2440064491158955
9.065121695373925 1.2440064676530362
9.092179389430191 1.2201129564290671
9.071908557497359 1.2380585826880381
9.071908692679331 1.2380585826880381
9.071908557497359 1.2380586011365486
0.24729846225894747 9.071908557497359 1.2380585826880381 0.00012176114760481631
0.04374131093566435 0.042081639519241924 0.04054248694870542 0.03911134913339204 0.0377773724371873 0.03653109344940216 0.0353642258835975 0.034269485057908666 0.033240442532573376 0.03227140509213224 0.031357313492506096 0.030493657342343952 0.029676403223627017 0.0289019337301099 0.0281669955521201 0.027468655091195126 0.026804260369603018 0.026171408224315747 0.025567915954953273 0.024991796740138135 0.024441238253961856 0.023914584009572273
0.005428232433211148 0.0050344725976199205 0.004681493350303152 0.004363940763676617 0.0040772973573392785 0.0038177325587360894 0.003581982960175971 0.0033672558786158628 0.0031711512509283806 0.0029915980408779155 0.002826802196317556 0.0026752038494391073 0.0025354419524417204 0.002406324924593635 0.0022868061829257047 0.0021759636588626935 0.0020729825827109213 0.0019771409588655877 0.001887797265753344 0.0018043800026047256 0.0017263787752715212 0.0016533366693789692
