8.404270460746506 5.9437779921985925
8.404270585979894 5.9437779921985925
8.404270460746506 5.943778080767786
7.115453469979472 5.051860903895933
7.115453576007991 5.051860903895933
7.115453469979472 5.051860979174527
5.278284254013509 8.783365438251705
6.6549005643092105 5.9846496887933105
6.654900663474956 5.9846496887933105
6.6549005643092105 5.984649777971541
5.872347534201479 7.713009868946896
5.872347621706276 7.713009868946896
5.872347534201479 7.7130099838797
4.44423251163148 11.228541139095864
5.540120555271843 8.601564748393923
5.540120637826072 8.601564748393923
5.540120555271843 8.601564876567226
4.844820742478856 10.366834225726311
4.84482081467231 10.366834225726311
4.844820742478856 10.36683438020418
4.7524100820911785 10.703310678325693
4.752410152907607 10.703310678325693
4.7524100820911785 10.703310837817451
4.7557351496546 10.696809971159682
4.7557352205205765 10.696809971159682
4.7557351496546 10.696810130554573
0.032923889607534784 4.7557351496546 10.696809971159682 0.00016136717714079055
0.041382725268850576 0.039831148831352525 0.03839248187732751 0.03705490716561711 0.03580819125439129 0.03464342934297441 0.03355283761394876 0.0325295831278636 0.031567643621688936 0.03066169128321723 0.0298069958730852 0.028999343555114413 0.02823496855416739 0.027510495346623916 0.026822889544283128 0.026169415989246693 0.025547602858359768 0.024955210798467083 0.024390206291194195 0.023850738588131762 0.0233351196717962 0.022841806790395068
0.005320153891681636 0.004957161283342363 0.004630315280348454 0.004334985041582332 0.004067255693427191 0.0038237999108808904 0.003601775513422022 0.0033987432382399482 0.0032126002829693115 0.0030415262619736118 0.002883939001086687 0.002738458180238181 0.0026038752744094733 0.002479128578631727 0.0023632823594371384 0.0022555093730617 0.0021550761442388484 0.0020613305192940835 0.0019736911013873712 0.0018916382500940002 0.001814706386543323 0.0017424773924444806
