10.00101013771519 4.279605165914742
10.001010286741854 4.279605165914742
10.00101013771519 4.279605229685828
7.941413872454544 3.4134415225761803
7.941413990790832 3.4134415225761803
7.941413872454544 3.4134415734404224
6.0514788180707715 6.693586620824314
7.472891290867475 4.235747420039134
7.472891402222232 4.235747420039134
7.472891290867475 4.235747483156689
6.607095062765298 5.918958186770831
6.607095161218687 5.918958186770831
6.607095062765298 5.918958274970181
5.062531167291298 9.375188611402272
5.062531242728891 9.375188611402272
5.062531167291298 9.375188751103469
4.851415127981678 10.29775590781245
4.851415200273397 10.29775590781245
4.851415127981678 10.297756061260971
4.208673684217909 12.078116834789316
4.208673746932034 12.078116834789316
4.208673684217909 12.078117014767283
3.7537177618432795 13.516295129517538
3.753717817778033 13.516295129517538
3.7537177618432795 13.51629533092603
3.7971253366840734 13.427688463290522
3.79712539326565 13.427688463290522
3.7971253366840734 13.427688663378673
3.796997709833354 13.42853260209337
3.7969977664130288 13.42853260209337
3.796997709833354 13.428532802194098
0.026744875959748837 3.796997709833354 13.42853260209337 0.00012730642726966552
0.04157876564069071 0.04004815148823038 0.038628171614529645 0.03730728081546777 0.036075482285456185 0.03492407719427428 0.033845461194455195 0.032832957940868816 0.031880682022137743 0.030983425431252296 0.030136563002113172 0.029335973224228377 0.028577971601234407 0.027859254299318164 0.027176850281935217 0.026528080478995547 0.025910522815261523 0.025321982141485313 0.024760464285900924 0.024224153582973952 0.0237113933483557 0.02322066885956901
0.005611194043203427 0.005248425914036279 0.00492053413877736 0.004623160619613143 0.004352610335397116 0.004105733361030845 0.003879830765045192 0.0036725789992420876 0.0034819687271225664 0.003306255013385608 0.0031439165177297498 0.002993621873845261 0.0028542018389105263 0.002724626105599597 0.0026039839029826334 0.002491467693119934 0.0023863594099973653 0.0022880187965625726 0.0021958734812842716 0.002109410503309123 0.0020281690490215327 0.001951734205714269
