12.48230961904744 14.811802980287029
12.482309805048347 14.811802980287029
12.48230961904744 14.811803201000092
6.285818641438537 7.495367695859449
6.285818735104534 7.495367695859449
6.285818641438537 7.4953678075491315
6.1210754609542946 7.84042317292128
6.1210755521654265 7.84042317292128
6.1210754609542946 7.84042328975269
5.473378121621381 9.398742475207216
5.4733782031810705 9.398742475207216
5.473378121621381 9.398742615259392
5.540253174486417 9.28956764071815
5.540253257042623 9.28956764071815
5.540253174486417 9.289567779143495
5.541837065970477 9.28599361424133
5.541837148550284 9.28599361424133
5.541837065970477 9.285993752613416
0.03627404395356837 5.541837065970477 9.28599361424133 0.000155501006556637
0.039644552249941095 0.03813492409737971 0.036736162182603234 0.03543657976723367 0.03422606463572716 0.033095824544825715 0.0320381801510293 0.03104639546833225 0.030114538205378467 0.029237364051999032 0.028410220285026794 0.0276289650530172 0.026889899458714516 0.026189710144630864 0.0255254205432959 0.024894349310846643 0.024294074743895132 0.023722404202444307 0.02317734773915233 0.02265709527743629 0.022159996795378105 0.021684545065003297
0.005064428028071176 0.004706542029214558 0.004385227743890956 0.004095702326212254 0.0038339342651271696 0.003596507057333091 0.003380510704446057 0.003183454767261667 0.0030031982455293186 0.002837892682537201 0.0026859357336669783 0.0025459330668275945 0.0024166669369860404 0.002297070137424548 0.002186204306122285 0.0020832417780628 0.001987450338901319 0.0018981803638036085 0.001814853925953022 0.0017369555386246157 0.001664024257674944 0.0015956469214553149
