4.438783941685034 4.170946871021217
4.438784007828069 4.170946871021217
4.438783941685034 4.170946933173169
3.8974710790391214 3.6570819562886627
3.897471137115966 3.6570819562886627
3.8974710790391214 3.6570820107834305
4.477121510772209 2.568620141500962
4.040440966951947 3.384017082522856
4.0404410271592095 3.384017082522856
4.040440966951947 3.38401713294864
4.19959239582381 3.104132058878711
4.199592458402614 3.104132058878711
4.19959239582381 3.1041321051338833
4.527736023090875 2.550073420309678
4.527736090559399 2.550073420309678
4.527736023090875 2.550073458308733
4.89471660125626 2.0209378324511813
4.894716674193221 2.0209378324511813
4.89471660125626 2.0209378625655017
5.00881132062982 1.907365846670671
5.008811395266925 1.907365846670671
5.00881132062982 1.907365875092637
5.211296693338309 1.6570371075867552
5.060273276030342 1.8454730572512268
5.06027335143429 1.8454730572512268
5.060273276030342 1.8454730847509182
5.16280483366878 1.7213622977204937
5.162804910600567 1.7213622977204937
5.16280483366878 1.7213623233707906
5.190665141887183 1.6923180937390314
5.190665219234121 1.6923180937390314
5.190665141887183 1.6923181189565362
5.137683935169953 1.7529154696768647
5.1774890253132 1.7075276496748277
5.177489102463799 1.7075276496748277
5.1774890253132 1.7075276751189725
5.190729218694994 1.692373840947382
5.180816888708987 1.7037548370366973
5.178338619861527 1.706600294037858
5.1783386970247856 1.706600294037858
5.178338619861527 1.706600319468184
0.185879802152478 5.178338619861527 1.706600294037858 0.00038469283700358505
0.0659461689421743 0.06385122804348176 0.06188889998817738 0.060047190303485105 0.05831548587497434 0.056684364904299525 0.055145436875365654 0.053691207234755456 0.05231496251600074 0.05101067244711964 0.04977290622454196 0.0485967606505645 0.04747779824380066 0.04641199376428073 0.0453956878636337 0.04442554678914171 0.04349852724856938 0.04261184568851721 0.04176295135892264 0.04094950263522172 0.040169346151548595 0.03942049836635409
0.011853801810586335 0.011152829895122762 0.010512382060550808 0.009925808975387324 0.009387331641287331 0.008891910983233841 0.00843513921925549 0.008013149031550993 0.007622537344549865 0.0072603011343733 0.006923783185010211 0.006610626097361459 0.006318733169729899 0.006046235019034938 0.005791461013954496 0.005552914754429468 0.005329252964389981 0.005119267272367476 0.00492186844271686 0.004736072692342892 0.004560989787163046 0.004395812661480423
