2.6984983460070135 6.461505839632417
2.6984983862177723 6.461505839632417
2.6984983460070135 6.461505935916357
2.6878692281937977 6.09356156888903
2.6878692682461702 6.09356156888903
2.6878692281937977 6.093561659690174
3.923533249560988 3.1025852349002894
2.997094312529976 5.3465899728988004
2.997094357190161 5.3465899728988004
2.997094312529976 5.3465900525692
3.3564506329719146 4.557514458814169
3.3564506829869267 4.557514458814169
3.3564506329719146 4.557514526726426
4.114952762503581 2.998096924164162
3.5542372576340435 4.171736369626699
3.5542373105963057 4.171736369626699
3.5542372576340435 4.171736431790415
3.94508276396036 3.3977745345508215
3.945082822746674 3.3977745345508215
3.94508276396036 3.3977745851816077
4.382394907883093 2.649085533197658
4.382394973185866 2.649085533197658
4.382394907883093 2.6490855726721083
4.871935728453508 1.9334550999678104
4.5196620618074705 2.4813243958577047
4.519662129155684 2.4813243958577047
4.5196620618074705 2.4813244328323196
4.7625154607277524 2.122205321419657
4.762515531694763 2.122205321419657
4.7625154607277524 2.1222053530429803
4.8348832779578705 2.041524365076963
4.8348833500032455 2.041524365076963
4.8348832779578705 2.0415243954980467
4.966941371317645 1.8696327401318418
4.966941445330839 1.8696327401318418
4.966941371317645 1.8696327679915405
5.1062458925627014 1.703559499937104
5.106245968651694 1.703559499937104
5.1062458925627014 1.7035595253221187
5.144510730892838 1.6651872238862313
5.144510807552022 1.6651872238862313
5.144510730892838 1.6651872486994546
5.108548808636017 1.7060001873260398
5.135644067632207 1.675498244565297
5.135644144159267 1.675498244565297
5.135644067632207 1.6754982695321665
5.144662135534746 1.6653193784139648
5.144662212196186 1.6653193784139648
5.144662135534746 1.6653194032291574
5.135643919400027 1.6754981132355937
5.1424173021006725 1.6678726414056306
5.1441107289311825 1.6659661802176537
5.144110805584406 1.6659661802176537
5.1441107289311825 1.6659662050424844
0.19140981492920517 5.1441107289311825 1.6659661802176537 0.00027021667576216285
0.06687658563845872 0.06476463150957257 0.06278583012521598 0.06092818661305746 0.05918108203657617 0.057535084841054664 0.055981791956210114 0.05451369434401633 0.05312406278400781 0.05180685048321109 0.050556609730278264 0.04936842031890205 0.04823782787145539 0.04716079052107322 0.046133632675409104 0.045153004800776886 0.04421584834128081 0.043319365031671046 0.04246098998121161 0.0416383680037069 0.04084933274989732 0.04009188826581451
0.011998447229912234 0.011293701629772633 0.010649468861023812 0.01005913586683049 0.009516950736542431 0.009017894322127615 0.008557573189119429 0.008132130024451924 0.00773816838366761 0.007372689261104392 0.007033037443988854 0.0067168559918842205 0.006422047487470732 0.006146740949273633 0.005889263494205475 0.005648115997408655 0.005421952126505803 0.005209560232989834 0.005009847669843996 0.004821827175320401 0.0046446050210984385 0.004477370671163475
