3.0276973533023472 3.7509733366201177
3.0276973984185536 3.7509733366201177
3.0276973533023472 3.750973392513976
3.899620638168905 3.4355844482716416
3.899620696277781 3.4355844482716416
3.899620638168905 3.4355844994658393
4.656158842670955 2.238154616696723
4.656158912053129 2.238154616696723
4.656158842670955 2.238154650047826
6.2888615211609 0.07512399814289861
5.104012203179804 1.7297713107131574
5.104012279235512 1.7297713107131574
5.104012203179804 1.7297713364887586
6.008481604348273 0.7207916401363188
5.344344395881798 1.4910308831950816
5.344344475518735 1.4910308831950816
5.344344395881798 1.4910309054131732
5.822388841130561 1.010927012466412
5.468461575910596 1.3757743681219001
5.4684616573970235 1.3757743681219001
5.468461575910596 1.3757743886225358
5.226423652135433 1.612785334186913
5.4093432557919545 1.4364151867808583
5.40934333639745 1.4364151867808583
5.4093432557919545 1.4364152081851125
5.529695879436178 1.3172330378361978
5.4398488723530285 1.4070472021113505
5.439848953413094 1.4070472021113505
5.4398488723530285 1.4070472230779876
5.500382632761019 1.3478192651884178
5.4550758833206725 1.3923364601748882
5.455075964607637 1.3923364601748882
5.4550758833206725 1.3923364809223182
5.439941353548926 1.4071423306294766
5.451316945443836 1.3960630032104924
5.451317026674789 1.3960630032104924
5.451316945443836 1.3960630240134522
0.22159504263900742 5.451316945443836 1.3960630032104924 0.0004272654715014501
0.06601230755646116 0.06391888030420988 0.06195782369152505 0.06011717804728314 0.058386359632652624 0.05675597153272384 0.05521764438037152 0.053763901654223914 0.052388045308450454 0.05108405829585835 0.0498465211848152 0.04867054058091665 0.04755168747382426 0.04648594395968877 0.045469657056619484 0.044499498547655045 0.04357242996272226 0.04268567195605435 0.041836677454728646 0.04102310805232038 0.04024281320308982 0.03949381183976566
0.011950608482660142 0.011245631406101008 0.01060141455536397 0.010011293170815207 0.009469473615902144 0.008970903015136608 0.008511160638404514 0.008086367063759481 0.007693107931719396 0.0073283697209656235 0.006989485464682313 0.006674088716496612 0.0063800743865847255 0.006105565318606965 0.005848883679617476 0.005608526398004091 0.005383144016704021 0.00517152243657733 0.004972567112760273 0.004785289338906242 0.004608794313502146 0.00444227073135076
