6.419030865489162 1.4060695741697986
6.419030961140176 1.4060695741697986
6.419030865489162 1.406069595121868
5.556240380397524 1.2237570863511582
5.5562404631919575 1.2237570863511582
5.556240380397524 1.2237571045865598
3.4476487364478428 3.075994998162544
5.033546250801122 1.6918381125269948
5.430141412245001 1.3456929823873203
5.430141493160413 1.3456929823873203
5.430141412245001 1.3456930024397082
5.687576687771234 1.107356394848136
5.496436977392565 1.2882715040923194
5.496437059295858 1.2882715040923194
5.496436977392565 1.2882715232890607
5.367359229081361 1.407049647713872
5.46455888659421 1.3183857757754658
5.464558968022483 1.3183857757754658
5.46455888659421 1.3183857954209448
5.400491455215968 1.378283124334583
5.448653915476974 1.3334789000957827
5.448653996668245 1.3334789000957827
5.448653915476974 1.3334789199661667
5.416725408100984 1.3635397126046933
5.440698601421692 1.34102248049762
5.4406986824944195 1.34102248049762
5.440698601421692 1.3410225004804122
5.4486803567268165 1.3335068827671475
5.442700437607061 1.3391503984817166
5.442700518709618 1.3391503984817166
5.442700437607061 1.3391504184366125
0.2398592882275098 5.442700437607061 1.3391503984817166 0.0004830959514967392
0.06821835759009456 0.06606761922058473 0.06405233786214382 0.06216032332894793 0.06038078244739242 0.058704127786445306 0.05712181644575423 0.05562621362398076 0.054210476705479536 0.052868456407889744 0.05159461217339594 0.050383939498218865 0.04923190730589549 0.04813440380137934 0.04708768951145326 0.04608835643526031 0.04513329240699728 0.04421964991889026 0.043344818772739185 0.042506402027524044 0.04170219479275866 0.040930165485603374
0.011709361398629258 0.011023264599154873 0.010395975841908604 0.009821078063752861 0.009292988722724963 0.008806835528479972 0.00835835280236633 0.007943794721038283 0.007559862431242578 0.0072036426037896915 0.006872555455651243 0.006564310636649533 0.006276869671387695 0.006008413883437707 0.005757316919422434 0.005522121144907444 0.005301517309326101 0.005094326979287987 0.004899487323134091 0.004716037898117893 0.0045431091479829055 0.004379912365264069
