5.105000218933251 3.809871809305411
5.1050002950036815 3.809871809305411
5.105000218933251 3.809871866076925
4.2484177222765265 3.182739770861677
4.248417785582884 3.182739770861677
4.2484177222765265 3.182739818288195
4.1553479068405705 3.3249946757584685
4.155347968760079 3.3249946757584685
4.1553479068405705 3.3249947253047503
2.6835407696467337 5.932545383880965
3.7879121392462425 3.9771733443188335
3.7879121956905317 3.9771733443188335
3.7879121392462425 3.977173403583335
3.4596460481428544 4.649919531572619
3.4596460996955978 4.649919531572619
3.4596460481428544 4.6499196008618195
3.2755699160775276 5.066136380601945
3.275569964887323 5.066136380601945
3.2755699160775276 5.066136456093259
3.3014486435874373 5.018409662805204
3.3014486927828557 5.018409662805204
3.3014486435874373 5.018409737585335
3.3007535951111833 5.020070396232542
3.3007536442962446 5.020070396232542
3.3007535951111833 5.02007047103742
0.0684130592398331 3.3007535951111833 5.020070396232542 0.0001758574939751856
0.06527795013469234 0.06321855155225956 0.06129025172133469 0.059481077561522475 0.05778045410258447 0.056179008683850944 0.05466840674464644 0.053241213490570316 0.05189077685764854 0.05061112808824558 0.04939689693592793 0.04824323907398361 0.047145773726495116 0.04610052989649791 0.045103899851833384 0.044152598760478994 0.043243629554766405 0.04237425225682773 0.041541957122771776 0.040744441065930406 0.039979586904336034 0.03924544504780829
0.01171414136299062 0.011042938494233358 0.010429176156717655 0.009866527718700448 0.009349504639644887 0.008873328329570697 0.008433824002251566 0.008027332367758629 0.007650635860825974 0.0073008967656183815 0.006975605118312669 0.006672534679332599 0.0063897055920128475 0.006125352602882 0.005877897925167968 0.005645927992708047 0.005428173484817015 0.005223492110525565 0.005030853728167708 0.004849327447655119 0.00467807042114174 0.0045163180756885345
