3.522272774375565 6.555216068900222
3.5222728268615193 6.555216068900222
3.522272774375565 6.5552161665805535
3.0373030120522597 5.646536242879813
3.0373030573116013 5.646536242879813
3.0373030120522597 5.64653632701976
3.199203909932722 5.238066188631805
3.199203957604575 5.238066188631805
3.199203909932722 5.238066266685074
3.7296316756246304 4.0596784778549715
3.3340189433257486 4.944473175275458
3.3340189930065023 4.944473175275458
3.3340189433257486 4.944473248953849
3.605670223720678 4.358219488940361
3.605670277449351 4.358219488940361
3.605670223720678 4.3582195538828925
3.851259936616839 3.8744394595363865
3.8512599940050842 3.8744394595363865
3.851259936616839 3.874439517270033
3.8742319881471663 3.8439125041923607
3.8742320458777217 3.8439125041923607
3.8742319881471663 3.8439125614711207
3.8728452931736905 3.846644071539855
3.8728453508835825 3.846644071539855
3.8728452931736905 3.8466441288593183
0.08797682899740777 3.8728452931736905 3.846644071539855 0.000383807994725347
0.06535131782761472 0.06327386736246313 0.06132857367617476 0.05950340265451836 0.057787718021566174 0.0561720870322085 0.054648117219241905 0.053208318640281686 0.05184598716062792 0.05055510516722043 0.049330256788710655 0.04816655523747486 0.047059580321617965 0.04600532452207164 0.04500014630981051 0.04404072960496368 0.04312404846405775 0.04224733623228804 0.04140805852125871 0.040603889474322266 0.0398326908656615 0.0390924936489119
0.011605779132742147 0.010924803330749867 0.01030264524188221 0.009732812049073189 0.009209668079398095 0.008728304830806444 0.008284433032686875 0.007874292643683825 0.007494577513695015 0.007142372083439102 0.006815098004755716 0.006510468968556983 0.006226452348509719 0.005961236525053351 0.005713202960089526 0.005480902258325104 0.005263033585133021 0.005058426919410492 0.0048660277083501634 0.004684883563300467 0.004514132695138228 0.004352993836315727
