1.2659379472659962 3.8306139729873845
1.2659379661299417 3.8306139729873845
1.2659379472659962 3.8306140300679807
1.5869934522287172 6.548932106942967
1.5869934758767625 6.548932106942967
1.5869934522287172 6.5489322045296605
3.184913983637953 4.545986566024119
3.18491403109687 4.545986566024119
3.184913983637953 4.545986633764598
5.107116422355721 0.9989680883499887
3.7962580070913003 3.7437888793462886
3.7962580636599528 3.7437888793462886
3.7962580070913003 3.74378893513309
4.7625657048049295 1.973111040937239
4.0539026702597285 3.3102743024037427
4.053902730667586 3.3102743024037427
4.0539026702597285 3.3102743517306736
4.556605163608646 2.4358871760665743
4.18382755180664 3.0941760831254874
4.1838276141505295 3.0941760831254874
4.18382755180664 3.094176129232304
4.441125987718278 2.6604559247764983
4.4411260538962125 2.6604559247764983
4.441125987718278 2.6604559644203807
4.721597512117495 2.241348080800718
4.7215975824747805 2.241348080800718
4.721597512117495 2.241348114199407
5.025037755364188 1.8385582104474096
4.804411938642144 2.146287576044818
4.804412010233461 2.146287576044818
4.804411938642144 2.1462876080269955
4.954831279732277 1.9439192557814373
4.954831353565017 1.9439192557814373
4.954831279732277 1.9439192847480915
5.114522497774271 1.748784353469021
5.114522573986595 1.748784353469021
5.114522497774271 1.7487843795279385
5.077155220468732 1.7995521462911857
5.07715529612424 1.7995521462911857
5.077155220468732 1.7995521731066022
5.158376309695766 1.7031267167104625
5.097654683832277 1.7756107062316895
5.097654759793252 1.7756107062316895
5.097654683832277 1.7756107326903507
5.118075690322687 1.751602310945156
5.118075766587958 1.751602310945156
5.118075690322687 1.7516023370460643
5.113018977140202 1.7576453595288444
5.113019053330122 1.7576453595288444
5.113018977140202 1.7576453857198011
0.18617473449919697 5.113018977140202 1.7576453595288444 0.00029563990606463363
0.06713816170201153 0.06500921878018108 0.06301487453988983 0.06114296994826479 0.059382744578724764 0.05772464442759209 0.05616016004068063 0.05468168960896949 0.0532824227239939 0.05195624129984047 0.050697634817634715 0.04950162756681485 0.04836371597344067 0.047279814440998734 0.04624620840044853 0.04525951348670804 0.04431663993863894 0.0434147614669017 0.04255128795515717 0.041723841460013296 0.04093023505785412 0.040168454155429294
0.011636313573065793 0.010949567552706858 0.01032201877341667 0.009747174079469144 0.009219388870029944 0.008733740150458648 0.008285920752311243 0.00787215086144906 0.007489103752990675 0.007133843231814351 0.006803770753317043 0.006496580578290709 0.006210221618971936 0.0059428648767008135 0.0056928755677183125 0.005458789192201243 0.005239290930315589 0.005033197853858415 0.0048394435276803574 0.004657064645271612 0.004485189400620764 0.004323027346080048
