4.6927739097147025 2.0521254611914195
4.692773979642483 2.0521254611914195
4.6927739097147025 2.0521254917704717
6.483430596282665 0.15530851556468073
5.2706874181735905 1.749985021761847
5.270687496712953 1.749985021761847
5.2706874181735905 1.7499850478386558
4.441383129620268 2.7566358403572995
5.077420910654441 2.0125993286280943
5.077420986313908 2.0125993286280943
5.077420910654441 2.012599358618161
5.482899932987196 1.5018551354687104
5.184056036332587 1.889276564117732
5.1840561135810415 1.889276564117732
5.184056036332587 1.8892765922701467
5.390200741041164 1.6366452560419062
5.236575179737679 1.826933736585502
5.23657525776873 1.826933736585502
5.236575179737679 1.8269337638089362
5.184981507602274 1.8900446038296017
5.184981584864519 1.8900446038296017
5.184981507602274 1.890044631993461
5.236562954441712 1.8269237442769284
5.198162694894598 1.874502344112638
5.198162772353258 1.874502344112638
5.198162694894598 1.8745023720448997
5.172494915143574 1.9061628435533047
5.191764037641203 1.8824322602054981
5.191764115004516 1.8824322602054981
5.191764037641203 1.8824322882559248
5.198179656069086 1.87451606010229
5.193371382421315 1.8804560032002646
5.193371459808579 1.8804560032002646
5.193371382421315 1.8804560312212426
0.17121435661905526 5.193371382421315 1.8804560032002646 0.00018375913303801482
0.06467055158659092 0.06258910431255763 0.060640608537615104 0.05881293016806618 0.057095345034605526 0.055478343200200377 0.05395346444303693 0.05251315936531439 0.05115067166143713 0.04985993793361776 0.048635502120511105 0.04747244214441502 0.046366306814768124 0.04531306137318818 0.044309040345936725 0.043350906597285785 0.04243561566258774 0.04156038459135127 0.040722664654958746 0.039920117376070124 0.03915059342141981 0.03841211396994203
0.011314691384801073 0.01063547999174415 0.010015646777503103 0.009448590615350687 0.008928584426230358 0.008450642718796642 0.008010411500812454 0.007604076429949101 0.007228285895055045 0.006880086367067224 0.006556867871265775 0.006256317839555934 0.005976381925937235 0.005715230628034406 0.005471230766240347 0.005242921040317506 0.005028991019529272 0.00482826303303212 0.0046396765174626705 0.00446227445243183 0.00429519157518109 0.004137644115498086
