2.279750089157187 1.918774280979716
2.2797501231281103 1.918774280979716
2.279750089157187 1.9187743095716807
5.011412538866106 0.7284064927681517
5.011412613541973 0.7284064927681517
5.011412538866106 0.7284065076693129
4.747994652680186 1.5000379960059718
4.7479947234308195 1.5000379960059718
4.747994652680186 1.5000380183582798
6.574584006535465 0.23358679477430577
5.301319678387959 1.5510465538213387
5.301319757383777 1.5510465538213387
5.301319678387959 1.5510465769337334
6.094985009042033 0.773115212958019
5.52206453060818 1.3823328185194956
5.522064612893353 1.3823328185194956
5.52206453060818 1.3823328391178598
5.92515439700577 0.9998553464345581
5.62567279694288 1.2897937418414525
5.625672880771938 1.2897937418414525
5.62567279694288 1.289793761060877
5.421807805650624 1.4785572965511369
5.575687568858674 1.3380225233385694
5.575687651942894 1.3380225233385694
5.575687568858674 1.3380225432766588
5.47495487026439 1.4336837850865725
5.550792341285107 1.3622374410937883
5.550792423998359 1.3622374410937883
5.550792341285107 1.362237461392708
5.575980834967515 1.3383277279243886
5.55715626716322 1.3563311851069244
5.557156349971302 1.3563311851069244
5.55715626716322 1.356331205317834
5.569733243421389 1.3443581605241637
5.560304886801797 1.353342531988429
5.560304969656796 1.353342531988429
5.560304886801797 1.3533425521548041
0.239864739866967 5.560304886801797 1.353342531988429 0.000549094665682114
0.06727739852957232 0.06513252488514909 0.06312376806572169 0.061238785116027844 0.05946665821204124 0.057797698092178 0.05622327860845102 0.05473569689271853 0.05332805470055124 0.051994157338975916 0.05072842725452947 0.04952582989286807 0.048381809869905035 0.04729223583965971 0.04625335272314548 0.04526174018929099 0.04431427646368048 0.04340810669214176 0.04254061521046376 0.04170940117398016 0.04091225708553718 0.040147149830762535
0.011206475558299338 0.010541514835888659 0.009934146381268305 0.009378023140260658 0.008867631499217082 0.00839816598981823 0.007965424990431048 0.0075657235755201635 0.007195820425438796 0.006852856309249153 0.006534302128872736 0.0062379148912694166 0.005961700277568482 0.0057038807203940054 0.005462868095648847 0.005237240292557156 0.0050257210534774 0.004827162578896131 0.004640530477826757 0.0044648907133039125 0.004299398249745241 0.004143287156005468
