5.993513100729704 6.2238736702980475
5.993513190040009 6.2238736702980475
5.993513100729704 6.223873763040992
3.698228803335035 3.872413556808304
3.6982288584429384 3.872413556808304
3.698228803335035 3.8724136145117622
3.6065637732371605 3.9052953225007454
3.6065638269791487 3.9052953225007454
3.6065637732371605 3.9052953806941804
1.85796599310446 7.282896045678188
3.1686470539689564 4.749585261080727
3.168647101185477 4.749585261080727
3.1686470539689564 4.749585331855063
2.444692546481086 6.343286308001872
2.444692582909844 6.343286308001872
2.444692546481086 6.343286402524204
2.3839958096757137 6.629284406113778
2.3839958452000194 6.629284406113778
2.3839958096757137 6.6292845048978135
2.3848071333708893 6.631563394761775
2.384807168907285 6.631563394761775
2.3848071333708893 6.63156349357977
0.05328196516279804 2.3848071333708893 6.631563394761775 0.0005321777335350003
0.06770248950776159 0.06564297418445271 0.06371317534466397 0.06190131700822701 0.06019699685023325 0.05859099317343298 0.057075103247905004 0.05564200728405985 0.05428515346110395 0.05299866033584724 0.05177723366581912 0.05061609524074618 0.049510921761242874 0.04845779215864412 0.0474531420347792 0.046493724130136194 0.04557657391485301 0.04469897954827104 0.04385845557639788 0.043052719838030905 0.04227967313381474 0.04153738128156205
0.012588245119199273 0.011919965197115452 0.011306834540445058 0.010742897717745803 0.01022298272840434 0.009742580837188621 0.00929774726436094 0.008885018723612073 0.00850134463901094 0.008144029522201262 0.007810684497512564 0.0074991863593082434 0.00720764285816536 0.006934363159547949 0.006677832615056804 0.006436691143226859 0.006209714642721869 0.005995798962217025 0.0057939460333545495 0.0056032518398671785 0.005422895950388546 0.005252132387040909
