5.156460207790914 5.8949026680163445
5.156460284628159 5.8949026680163445
5.156460207790914 5.894902755857239
3.778116135021313 4.335571472231011
3.7781161913196306 4.335571472231011
3.778116135021313 4.33557153683606
3.8093835712268396 4.2035463470405405
3.809383627991078 4.2035463470405405
3.8093835712268396 4.203546409678262
4.665741811953979 2.4933562899678305
4.023567845315063 3.776195911648186
4.023567905270896 3.776195911648186
4.023567845315063 3.77619596791789
4.308286279849541 3.248642975754291
4.3082863440480095 3.248642975754291
4.308286279849541 3.2486430241628437
4.614294953291442 2.73314770040023
4.614295022049795 2.73314770040023
4.614294953291442 2.7331477411273046
4.944726305921046 2.232955928843158
4.704360223432504 2.613359178160849
4.704360293532934 2.613359178160849
4.704360223432504 2.6133592171029356
4.868325467174183 2.3624417203619954
4.868325539717886 2.3624417203619954
4.868325467174183 2.3624417555651203
5.042344046048208 2.1183890498374285
5.042344121184989 2.1183890498374285
5.042344046048208 2.118389081403885
5.225225475948316 1.880905251692798
5.225225553810243 1.880905251692798
5.225225475948316 1.8809052797204704
5.2767525308114855 1.8264973170361947
5.276752609441226 1.8264973170361947
5.2767525308114855 1.8264973442531256
5.372602130688121 1.7112849168816722
5.372602210746131 1.7112849168816722
5.372602130688121 1.7112849423818046
5.472281033982435 1.5993690592746301
5.472281115525777 1.5993690592746301
5.472281033982435 1.5993690831070864
5.574950888831169 1.490190563904814
5.498969161134857 1.5730715488750988
5.498969243075883 1.5730715488750988
5.498969161134857 1.5730715723156916
5.550054954126655 1.5182490854967685
5.550055036828919 1.5182490854967685
5.550054954126655 1.5182491081204428
5.56337669095924 1.505077710329661
5.563376773860012 1.505077710329661
5.56337669095924 1.5050777327570666
5.5893842095521125 1.4781069083252953
5.5698960052847815 1.498351865421241
5.569896088282699 1.498351865421241
5.5698960052847815 1.4983518877484239
5.568275278043699 1.5000421009885425
5.5682753610174665 1.5000421009885425
5.568275278043699 1.5000421233409116
0.20974294130858384 5.568275278043699 1.5000421009885425 0.00036290627439073564
0.06431072616629667 0.06223438224180798 0.060290954316027386 0.05846828493171374 0.056755632328015476 0.05514347352496035 0.053623338845432016 0.05218767226657786 0.05082971308923548 0.04954339527886015 0.04832326151693795 0.047164389547780045 0.046062328842368494 0.04501304595194961 0.0440128772074186 0.04305848765022404 0.04214683526747219 0.04127513975668212 0.0404408551709688 0.039641645898621944 0.03887536551632473 0.03814003812597452
0.01120748140432012 0.01053271180298293 0.009917089933266217 0.009354022564246207 0.008837791866081269 0.008363422373063388 0.007926570479614401 0.007523432295363836 0.0071506665192521595 0.0068053296486806384 0.0064848213581614154 0.006186838293291441 0.0059093348536171965 0.005650489800109544 0.0054086777334667775 0.005182444659124836 0.004970486992102217 0.004771633466234016 0.00458482950312922 0.004409123670395842 0.004243655919545786 0.0040876473440761545
