5.1635984839441855 4.848749325269384
5.163598560887799 4.848749325269384
5.1635984839441855 4.848749397521379
3.901181973192778 3.6827170456494938
3.9011820313249195 3.6827170456494938
3.901181973192778 3.6827171005262542
3.8193086667727805 3.7796757142052395
3.8193087236849146 3.7796757142052395
3.8193086667727805 3.7796757705267967
2.2783003850082943 6.707456079953699
3.433940020389775 4.51160473766824
3.433940071559469 4.51160473766824
3.433940020389775 4.51160480489639
2.7914387240629552 5.884778948632686
3.284012831320932 4.85970356855953
3.2840128802565363 4.85970356855953
3.284012831320932 4.859703640974756
2.968053218147173 5.548741561128123
2.9680532623746125 5.548741561128123
2.968053218147173 5.548741643810816
2.8895454593043555 5.754379935322289
2.8895455023619383 5.754379935322289
2.8895454593043555 5.754380021069232
2.895679378969109 5.741867506137128
2.895679422118094 5.741867506137128
2.895679378969109 5.741867591697621
0.0594798235934878 2.895679378969109 5.741867506137128 0.0004681317144710364
0.06561046798801702 0.06356912979683256 0.06165720135482139 0.059862890827408546 0.05817578292277404 0.05658664581904546 0.05508726933898068 0.05367032869371071 0.05232926925347163 0.05105820869280182 0.04985185355794928 0.0487054278584846 0.04761461172608677 0.04657548853607994 0.0455844991706191 0.044638402331131394 0.04373423999307684 0.042869307247123935 0.042041125894354485 0.04124742126452887 0.040486101810044715 0.03975524109739032
0.012205292951816875 0.01152568311022905 0.010903421584527999 0.010332240739963538 0.009806700865227988 0.009322063435956032 0.008874186228004918 0.00845943612403209 0.008074616316049563 0.007716905275101172 0.007383805382003013 0.007073099524010686 0.006782814286842707 0.006511188629058631 0.006256647131128372 0.0060177770759549535 0.005793308749844098 0.005582098459697774 0.005383113848790854 0.005195421163966649 0.005018174184671944 0.004850604571476208
