5.375014133509764 5.40333761947263
5.375014213603716 5.40333761947263
5.375014133509764 5.403337699988635
3.9141757288509913 3.9433445315331133
3.9141757871767546 3.9433445315331133
3.9141757288509913 3.943344590293526
4.0685833227411266 3.598216420611605
4.068583383367742 3.598216420611605
4.0685833227411266 3.5982164742292078
5.64302554732401 0.7085883419804349
4.464749754833816 2.8772078700082533
4.464749821363772 2.8772078700082533
4.464749754833816 2.8772079128819916
4.912524468627434 2.187063698369282
4.589054956458139 2.713353391593262
4.589055024840387 2.713353391593262
4.589054956458139 2.7133534320253783
4.811151113487493 2.367125735241488
4.811151185179231 2.367125735241488
4.811151113487493 2.36712577051441
5.051646087807229 2.0334155910789242
5.051646163082622 2.0334155910789242
5.051646087807229 2.0334156213791776
5.309442315349701 1.7128826004914974
5.121445671778296 1.957897140423842
5.121445748093783 1.957897140423842
5.121445671778296 1.957897169598783
5.249234790882862 1.7967449940341913
5.153752187759609 1.9178965953885716
5.153752264556501 1.9178965953885716
5.153752187759609 1.917896623967458
5.186019767629304 1.8778646348155204
5.161930618626431 1.9079795429192286
5.161930695545191 1.9079795429192286
5.161930618626431 1.9079795713503394
5.153893341325469 1.9180113341207312
5.153893418124465 1.9180113341207312
5.153893341325469 1.9180113627013273
5.155907846578406 1.9155075500034229
5.15590792340742 1.9155075500034229
5.155907846578406 1.9155075785467097
0.1747725038191299 5.155907846578406 1.9155075500034229 0.0003449920321511389
0.06601849771422146 0.06389528398304097 0.06190761937258824 0.06004313905321316 0.058290914212097804 0.05664125283732729 0.05508553222298279 0.053616057551586764 0.052225942010898654 0.05090900477075637 0.04965968383464117 0.04847296132968587 0.047344299238395914 0.046269583928819094 0.04524507812537613 0.04426737919409956 0.04333338280458248 0.04244025118509443 0.041585385313842274 0.04076640049357545 0.039981104842899344 0.03922748030914417
0.010972755601516953 0.010314619087748495 0.009713978211704501 0.009164445398784577 0.008660478294444995 0.00819725175505814 0.0077705514447699575 0.0073766850502498165 0.007012407919105963 0.006674860553001893 0.006361515881047746 0.006070134631799761 0.00579872743538269 0.005545522537959731 0.005308938212242927 0.005087559110241394 0.004880115935998907 0.004685467922950054 0.004502587687655406 0.004330548102949567 0.0041685108920299545 0.004015716693174507
