1.0241694609582612 6.233061485623254
1.0241694762195754 6.233061485623254
1.0241694609582612 6.233061578503108
2.377874003509803 6.332143790923128
2.377874038942887 6.332143790923128
2.377874003509803 6.332143885279423
4.0164452749596515 3.3542118061570174
4.01644533480935 3.3542118061570174
4.0164452749596515 3.3542118561386682
6.086858213867466 0.08067127722795675
4.658370054289256 2.6292291091626225
4.65837012370438 2.6292291091626225
4.658370054289256 2.629229148341189
5.735606253296796 1.0198094918526122
4.94677647512477 2.2403350750922786
4.946776548837483 2.2403350750922786
4.94677647512477 2.2403351084758727
5.519111825358174 1.4592463604562045
5.096176704350494 2.0498520579071102
5.096176780289444 2.0498520579071102
5.096176704350494 2.049852088452286
4.805607879068167 2.4371330813109244
5.025549530948854 2.148151877131057
5.025549605835377 2.148151877131057
5.025549530948854 2.1481519091410144
5.098120447517421 2.0512781750723246
5.098120523485336 2.0512781750723246
5.098120447517421 2.0512782056387513
5.080540652431942 2.0759082696699496
5.080540728137898 2.0759082696699496
5.080540652431942 2.0759083006033934
5.044138629949735 2.124257579693428
5.071474949342528 2.088021721542906
5.071475024913394 2.088021721542906
5.071474949342528 2.0880217526568545
5.08057392626052 2.0759332432338016
5.073757495191538 2.0850054900371764
5.073757570796416 2.0850054900371764
5.073757495191538 2.0850055211061793
0.154228088721438 5.073757495191538 2.0850054900371764 0.0005704455141739167
0.06396833533342364 0.06190327674398902 0.059970411239167666 0.05815764710185518 0.056454300755181624 0.05485090087651022 0.05333902378925309 0.05191115455186341 0.05056056925490008 0.04928123489786813 0.048067723899749205 0.0469151408403979 0.04581905946460583 0.04477546832991985 0.043780723761229025 0.04283150900365845 0.04192479865130896 0.04105782758136983 0.04022806374781133 0.03943318429152002 0.03867105450857195 0.03793970928868618
0.011287780977858644 0.010607778275514037 0.009987401213548297 0.00942000195198069 0.008899815401610936 0.008421825063591072 0.00798165159240332 0.007575459873154648 0.007199881244930803 0.006851948163557411 0.00652903911991693 0.006228832044808436 0.00594926476184536 0.005688501314251865 0.005444903203695732 0.005217004750391164 0.005003491922114914 0.004803184092149768 0.004615018277718481 0.004438035485311046 0.0042713688506920006 0.004114233311884489
