2.945702876207659 1.1628783513700274
2.9457029201020526 1.1628783513700274
2.945702876207659 1.162878368698265
1.3913990599023298 3.92215201333287
1.3913990806357914 3.92215201333287
1.3913990599023298 3.9221520717774894
1.861261866852335 6.196078097674789
1.861261894587298 6.196078097674789
1.861261866852335 6.196078190003548
3.4062674781975577 4.0690273888762505
3.4062675289548983 4.0690273888762505
3.4062674781975577 4.069027449509483
4.9886831751156295 1.3257789391126424
3.9136423158398346 3.4612350784906054
3.9136423741576496 3.4612350784906054
3.9136423158398346 3.461235130067027
4.691946311904324 2.082247854671677
4.119354575353934 3.123015259593611
4.1193546367371 3.123015259593611
4.119354575353934 3.123015306130165
4.521796791058637 2.4411934489604112
4.222889142245895 2.9543198584684713
4.222889205171847 2.9543198584684713
4.222889142245895 2.954319902491268
4.428045382758859 2.615762482846999
4.428045448741877 2.615762482846999
4.428045382758859 2.615762521824897
4.648256541658398 2.2867986168902137
4.648256610922818 2.2867986168902137
4.648256541658398 2.2867986509661686
4.882505126496332 1.9676782945813123
4.8825051992513275 1.9676782945813123
4.882505126496332 1.9676783239020037
5.133748348536726 1.6617583328464287
4.9505195640861475 1.8957865530186646
4.9505196378546374 1.8957865530186646
4.9505195640861475 1.8957865812680856
5.07505032135548 1.741937161092
5.075050396979623 1.741937161092
5.07505032135548 1.7419371870488864
5.109485108615892 1.7064006730448875
5.109485184753153 1.7064006730448875
5.109485108615892 1.706400698472239
5.174621223938417 1.631891125292535
5.125870792284605 1.6878626442983633
5.1258708686660315 1.6878626442983633
5.125870792284605 1.6878626694494767
5.142239332873699 1.669309476965499
5.129993009988381 1.6832510673016834
5.1299930864312335 1.6832510673016834
5.129993009988381 1.6832510923840789
0.1852793623379123 5.129993009988381 1.6832510673016834 0.00025339546704963666
0.06602766759614662 0.06394226669531629 0.06198835512278089 0.06015408689510508 0.058428974992880175 0.056803705118014684 0.055269978746393326 0.05382038032754458 0.05244826447461967 0.05114765977326495 0.04991318646276523 0.0487399857422311 0.04762365885555455 0.04656021443216359 0.04554602282240722 0.044577776379258624 0.04365245481178007 0.04276729487816883 0.041919763803309404 0.04110753590242091 0.04032847197246304 0.03958060107951943
0.012217332370736082 0.01149959058125394 0.01084348617074404 0.010242282376825238 0.009690119785377389 0.009181885519036502 0.008713104165555688 0.00827984649441628 0.00787865278474567 0.007506468200224879 0.007160588133115664 0.006838611827326597 0.0065384029007786275 0.006258055636632546 0.005995866113949965 0.005750307411016788 0.005520008246645087 0.005303734532400537 0.0051003733967009204 0.004908919313913274 0.00472846203097538 0.004558176033097855
