1.7353930580432295 2.548678448636638
1.7353930839026013 2.548678448636638
1.7353930580432295 2.5486784866149064
1.5142283505088439 5.624135662221429
1.5142283730726045 5.624135662221429
1.5142283505088439 5.624135746027581
2.3200262905006963 6.411933906216195
2.320026325071782 6.411933906216195
2.3200262905006963 6.4119340017614554
3.0236048896925944 5.3230884440527015
3.0236049347478184 5.3230884440527015
3.0236048896925944 5.323088523372901
3.2244133269140365 4.953899978793999
3.2244133749615393 4.953899978793999
3.2244133269140365 4.953900052612861
3.2333597326986347 4.941749364464832
3.233359780879449 4.941749364464832
3.2333597326986347 4.941749438102637
3.2331543126599356 4.942213334150264
3.2331543608376894 4.942213334150264
3.2331543126599356 4.9422134077949815
0.0714708359062709 3.2331543126599356 4.942213334150264 0.0003391237593951704
0.06715503815907245 0.06505381085296327 0.06308560796893113 0.06123834799885512 0.059501352460305225 0.057865150480240365 0.056321314734948016 0.05486232310491317 0.053481441519508205 0.05217262434318199 0.050930429347251574 0.049749944861056494 0.04862672713474778 0.04755674629751094 0.04653633957813213 0.04556217068384995 0.0446311944195295 0.043740625781025236 0.0428879128809872 0.042070713167658855 0.0412868724816625 0.04053440656573777
0.011740250000641824 0.01107391907306668 0.010464190067751141 0.009904872215288213 0.009390589277040763 0.00891665583996102 0.008478974702467848 0.008073951394028868 0.007698422676238727 0.007349596502720204 0.0070250014097925 0.006722443700297748 0.006439971092603214 0.006175841753424068 0.0059284978304060135 0.005696542758898167 0.005478721745183915 0.00527390493195664 0.005081072835975855 0.004899303716495904 0.004727762589278715 0.004565691647198279
