4.821770123928726 2.618720282583222
4.8217701957787 2.618720282583222
4.821770123928726 2.618720321605195
4.5341028740555265 2.459336875302812
4.534102941618924 2.459336875302812
4.5341028740555265 2.459336911949787
6.066447575214035 0.19143401790074766
4.918003985546607 1.892912639453722
4.630889688766851 2.3182842525139478
4.6308897577724855 2.3182842525139478
4.630889688766851 2.318284287059075
4.8285511432205634 2.0390279741358754
4.828551215171582 2.0390279741358754
4.8285511432205634 2.03902800451976
5.041844984728668 1.771521232603921
5.041845059858012 1.771521232603921
5.041844984728668 1.7715212590016443
5.103053276714885 1.7117765469279087
5.103053352756304 1.7117765469279087
5.103053276714885 1.7117765724353668
5.215724434992196 1.5830569291921832
5.131495298557841 1.6798387634718879
5.131495375023079 1.6798387634718879
5.131495298557841 1.679838788503436
5.159919309469819 1.6478849495794177
5.159919386358609 1.6478849495794177
5.159919309469819 1.647884974134817
5.13149778814075 1.6798409778673666
5.152906011781623 1.6559549135941563
5.152906088565906 1.6559549135941563
5.152906011781623 1.6559549382698073
5.145791008332564 1.6639353515258932
5.151131621310248 1.6579539020718603
5.151131698068091 1.6579539020718603
5.151131621310248 1.6579539267772987
0.19749804468927323 5.151131621310248 1.6579539020718603 0.0003290023471114808
0.06783797670461263 0.06569574136853107 0.06368856466988841 0.06180428033543734 0.06003211765716516 0.058362510252605145 0.056786934903540184 0.05529777518765401 0.05388820563565265 0.052552092952507755 0.051283911482874395 0.05007867061341698 0.048931852216402165 0.04783935657084105 0.046797455466243795 0.04580275141258915 0.04485214205850505 0.043942789065841 0.043072090809047586 0.04223765836703118 0.04143729435736969 0.04066897423111397
0.011716468133141218 0.011028347356189863 0.010399308524805353 0.009822895236288319 0.009293491806931039 0.008806197936914902 0.008356724202763396 0.00794130459191328 0.007556623035999647 0.007199751486277303 0.006868097540570881 0.006559360002619093 0.006271491051967298 0.006002663941383784 0.005751245331337413 0.0055157715268991745 0.005294928008970947 0.005087531754858548 0.004892515927512488 0.004708916581914613 0.004535861093996792 0.004372558064453572
