2.3347092680313706 4.111479825297723
2.3347093028212496 4.111479825297723
2.3347092680313706 4.111479886563546
4.2203249249828385 2.2014302412462117
4.220324987870581 2.2014302412462117
4.2203249249828385 2.2014302740500784
6.057593173182079 0.14234979045514695
4.817057726030936 1.855207196706667
4.81705779781069 1.855207196706667
4.817057726030936 1.8552072243514084
5.710724746487347 0.8039217995778378
5.054800540825708 1.6052702804303918
5.054800616148106 1.6052702804303918
5.054800540825708 1.605270304350783
4.595483093225435 2.1200400491104396
4.944785576698266 1.738101883199071
4.944785650381313 1.738101883199071
4.944785576698266 1.7381019090988075
5.171776336580706 1.478361044992548
5.003096917723098 1.6745670953706662
5.003096992275052 1.6745670953706662
5.003096917723098 1.6745671203236603
4.889254975143686 1.804133831594917
4.974971281172625 1.7072499503218388
4.974971355305474 1.7072499503218388
4.974971281172625 1.7072499757618456
4.946756058926419 1.739855496977675
4.968004990600433 1.7154762540549464
4.968005064629477 1.7154762540549464
4.968004990600433 1.7154762796175347
4.975078491472009 1.707341952433703
4.975078565606455 1.707341952433703
4.975078491472009 1.7073419778750807
4.9680045946437295 1.715475909718346
4.973316579573576 1.7093811302833541
4.973316653681768 1.7093811302833541
4.973316579573576 1.709381155755118
0.18881066240058675 4.973316579573576 1.7093811302833541 0.00033063213772870103
0.06850090362138231 0.06636258494814333 0.06435803279364259 0.062475290954542684 0.06070376419766 0.05903403317501636 0.05745769822842258 0.055967247045830164 0.05455594209447254 0.05321772451980635 0.05194713180832261 0.05073922700002834 0.04958953762868557 0.04849400288475593 0.0474489277529946 0.04645094308591502 0.04549697074542914 0.044584193085356445 0.043710026163118615 0.04287209616450307 0.042068218604640446 0.04129637993429922
0.012325805576289333 0.011611169788940083 0.010957243778176839 0.010357460326939185 0.009806098915672133 0.009298160725612483 0.008829264212880111 0.008395557550488632 0.007993644954299087 0.0076205244789146614 0.007273535323201509 0.0069503130476462355 0.006648751396540529 0.006366969652080874 0.006103284636617477 0.005856186632653566 0.005624318614981261 0.005406458291212106 0.005201502530400255 0.005008453828018434 0.004826408512060659 0.00465454644177094
