5.686705532904826 4.635082177425808
5.686705617643342 4.635082177425808
5.686705532904826 4.635082246493915
4.034068020738914 3.306738163163499
4.034068080851212 3.306738163163499
4.034068020738914 3.3067382124377374
4.001070320569864 3.314349239447404
4.001070380190458 3.314349239447404
4.001070320569864 3.3143492888350563
3.382981664854596 4.40845086508478
3.8464722639211697 3.5878639274017363
3.846472321238073 3.5878639274017363
3.8464722639211697 3.587863980865075
3.5785497776628286 4.08921494712695
3.5785498309873756 4.08921494712695
3.5785497776628286 4.089215008061001
3.552036132156695 4.160098738238323
3.552036185086158 4.160098738238323
3.552036132156695 4.160098800228625
3.553812212635685 4.156887804363336
3.5538122655916133 4.156887804363336
3.553812212635685 4.156887866305792
0.0822446884247946 3.553812212635685 4.156887804363336 0.00023822366960822257
0.06702501843761485 0.06492740183377567 0.06296205871523188 0.06111704181515503 0.05938178153837654 0.057746895705841135 0.056204029526442975 0.05474572041853511 0.05336528335434269 0.052056713229054564 0.05081460141292858 0.04963406416757944 0.04851068102595916 0.04744044157181294 0.04641969932591022 0.045445131666523975 0.04451370489092166 0.043622643671214545 0.042769404278229374 0.04195165104619222 0.04116723563298537 0.04041417869875902
0.012074704063003355 0.011381468635613528 0.010747236387587374 0.010165572295850994 0.009630882259802256 0.009138286679408353 0.008683515309251799 0.008262819457346547 0.007872898383628934 0.007510837370873275 0.0071740554285922905 0.006860260977321618 0.00656741416876919 0.006293694743691317 0.006037474527193184 0.005797293820633609 0.005571841078370345 0.005359935362406943 0.005160511153453563 0.00497260516681809 0.004795344878925245 0.004627938517520408
