4.913795576205464 1.2626519418339797
4.913795649426724 1.2626519418339797
4.913795576205464 1.2626519606489597
5.937449668154965 0.8548426975454082
5.93744975662986 0.8548426975454082
5.937449668154965 0.8548427124465694
2.988252764899216 2.804529184514746
5.231940668342204 1.3872401401678864
5.800353632322258 1.0281316212160858
5.800353718754263 1.0281316212160858
5.800353632322258 1.0281316365364408
5.455618438160684 1.304636851434831
5.7217263788835755 1.1057450771608213
5.721726464143942 1.1057450771608213
5.7217263788835755 1.105745093637707
5.550339693840355 1.2452118412943627
5.6799088689099255 1.1418396645854305
5.679908953547163 1.1418396645854305
5.6799088689099255 1.1418396816001675
5.594764289582046 1.212242037685168
5.5947643729505305 1.212242037685168
5.594764289582046 1.212242055748982
5.512156238508457 1.2856041765908697
5.512156320645985 1.2856041765908697
5.512156238508457 1.2856041957478648
5.533509109564299 1.268084594886108
5.533509192020011 1.268084594886108
5.533509109564299 1.268084613782041
5.574633378580132 1.2312021074474537
5.5438326621259355 1.2589115651866871
5.54383274473548 1.2589115651866871
5.5438326621259355 1.2589115839459313
5.5541443838264515 1.2497252380136317
5.546422685336427 1.2566286300191731
5.544492079738645 1.2583546367912264
5.544492162358015 1.2583546367912264
5.544492079738645 1.2583546555421716
0.2482238569178784 5.544492079738645 1.2583546367912264 0.0004167078818102718
0.06736495375938852 0.06523862182242222 0.06324631941486471 0.06137597479435193 0.05961690080413035 0.05795960514688448 0.056395630498950695 0.05491741922104114 0.05351819843165803 0.05219188200921599 0.050932986725262724 0.04973656021983538 0.04859811893836888 0.04751359447886922 0.046479287064715526 0.04549182507525889 0.0445481297433619 0.043645384274042236 0.04278100675766269 0.04195262634956983 0.041158062269646994 0.04039530524304022
0.011885951170220118 0.011188551976857846 0.0105509969504655 0.009966748930821464 0.009430121795495454 0.008936153597935348 0.008480500787615974 0.00805934967996033 0.007669342095159508 0.007307512679207062 0.006971235892239302 0.0066581810253459085 0.0063662739079649614 0.006093664209724641 0.005838697435506199 0.005599890870222486 0.005375912857881098 0.005165564903861839 0.004967766174661656 0.004781540039348064 0.004606002354554578 0.004440351242392044
