2.9618336596333643 6.923661060027554
2.961833703768125 6.923661060027554
2.9618336596333643 6.923661163198143
2.701208250305835 6.276567588558451
2.7012082905569748 6.276567588558451
2.701208250305835 6.276567682086596
2.9980899131014804 5.531142538856527
2.9980899577765014 5.531142538856527
2.9980899131014804 5.531142621276974
3.351144494160684 4.739663380125896
3.3511445440966283 4.739663380125896
3.351144494160684 4.739663450752384
3.3973557227091504 4.669973970740042
3.397355773333696 4.669973970740042
3.3973557227091504 4.669974040328077
3.399055546557514 4.666753733356808
3.3990555972073886 4.666753733356808
3.399055546557514 4.666753802896857
0.07183404721562137 3.399055546557514 4.666753733356808 0.00038702183370032555
0.06527343017839624 0.06322114795941393 0.061298990357836695 0.059495128660968524 0.057799108115134966 0.05620165663712981 0.05469452418988348 0.053270347313609086 0.0519225343915715 0.05064516808471095 0.049432922045028714 0.04828098955428291 0.04718502216286474 0.04614107674723393 0.04514556968104373 0.04419523703905557 0.04328709993497266 0.04241843424288227 0.04158674407372953 0.04078973847838109 0.04002531093151776 0.03929152121911122
0.012069336879302455 0.011376935247943379 0.010743665363778548 0.010163040407467709 0.009629428017020363 0.009137920567455679 0.008684227531441761 0.008264585788625304 0.007875684589240059 0.007514602533445929 0.007178754443685713 0.006865846414928726 0.006573837651166519 0.006300907954405443 0.00604542993884583 0.005805945208888245 0.005581143873540728 0.005369846878314383 0.005170990723945057 0.0049836142133126695 0.004806846926936602 0.004639899175928197
