1.2843489127808263 4.109333065237521
1.2843489319191166 4.109333065237521
1.2843489127808263 4.109333126471355
1.3379007881245792 7.418761171713422
1.3379008080608545 7.418761171713422
1.3379007881245792 7.4187612822615785
2.4940910169858617 6.467895637278939
2.4940910541507137 6.467895637278939
2.4940910169858617 6.467895733658095
3.246753423680088 4.973604512682545
3.246753472060484 4.973604512682545
3.246753423680088 4.973604586795028
3.4895072333659134 4.546988686069593
3.489507285363623 4.546988686069593
3.4895072333659134 4.546988753825004
3.514271257863131 4.50563296737521
3.5142713102298537 4.50563296737521
3.514271257863131 4.505633034514373
3.514539642513065 4.505178312355388
3.5145396948837866 4.505178312355388
3.514539642513065 4.505178379487776
0.07661265741345602 3.514539642513065 4.505178312355388 0.00030104341716433934
0.06591746184111369 0.06383508275947576 0.06188502540227312 0.06005523956320593 0.0583350766532457 0.05671509436881533 0.05518689269255682 0.0537429755959455 0.05237663392506471 0.0510818458249794 0.04985319174888897 0.048685781646851216 0.047575192366746656 0.04651741365131399 0.04550880139799884 0.04454603707729921 0.04362609239135416 0.042746198406362707 0.041903818516833106 0.0410966247019944 0.04032247661919065 0.03957940314908374
0.011641949323215462 0.010969088313087367 0.01035394415933633 0.009790165100717702 0.009272237911152392 0.008795360412764327 0.008355335706785845 0.00794848405703941 0.007571569184811767 0.007221736379130242 0.0068964603339629294 0.006593501024912124 0.006310866256303999 0.006046779763354388 0.005799653957255942 0.005568066564346718 0.0053507405423235555 0.005146526763247228 0.004954389039924738 0.004773391143130348 0.004602685515180289 0.004441503433090149
