2.89848591910601 1.267629158057471
2.898485962296816 1.267629158057471
2.89848591910601 1.2676291769466175
1.484785138913934 4.097744775783648
1.4847851610389566 4.097744775783648
1.484785138913934 4.097744836844803
1.6897842031827102 6.805713963412463
1.689784228362457 6.805713963412463
1.6897842031827102 6.805714064825503
2.8190272123203757 5.551755443026741
2.8190272543271546 5.551755443026741
2.8190272123203757 5.551755525754343
3.52621369370389 4.18882087832635
3.526213746248569 4.18882087832635
3.52621369370389 4.1888209407446455
3.7452683710689194 3.8422368077595572
3.745268426877767 3.8422368077595572
3.7452683710689194 3.8422368650133474
3.741045603634676 3.8586311298980083
3.7410456593805996 3.8586311298980083
3.741045603634676 3.858631187396093
3.7433818721710312 3.8541793924396734
3.7433819279517677 3.8541793924396734
3.7433818721710312 3.8541794498714217
0.08969561581777707 3.7433818721710312 3.8541793924396734 0.00046942745111172004
0.06720828109464823 0.06509443075889859 0.0631141238026218 0.06125528282513045 0.059507224012635244 0.0578604646715363 0.05630656132643152 0.05483797295023091 0.05344794495395288 0.052130410400025945 0.050879905565869514 0.049691497512654115 0.04856072173686113 0.04748352832215726 0.04645623528361071 0.04547548801893285 0.04453822396277321 0.04364164168838875 0.0427831738227423 0.041960463241395435 0.04117134209251602 0.04041381326816753
0.01178510919156928 0.011102269712293096 0.010477833760459318 0.009905412344334499 0.009379452693029613 0.008895112498740943 0.008448155308182412 0.008034863161704821 0.007651963356906327 0.007296566825773403 0.006966116098130701 0.006658341208045379 0.006371222205730071 0.006102957182255661 0.005851934911019006 0.005616711368491275 0.005395989525147164 0.005188601901780028 0.00499349547145935 0.004809718556980245 0.004636409430792614 0.004472786371463687
