2.520482064623816 4.165233013878555
2.5204821021819255 4.165233013878555
2.520482064623816 4.1652330759453635
3.4525757824404923 4.455921682038714
3.4525758338878805 4.455921682038714
3.4525757824404923 4.455921748437122
4.644344956406278 2.464296361499825
4.644345025612411 2.464296361499825
4.644344956406278 2.4642963982207022
6.254362648346309 0.3116583598794245
5.1221348247804785 1.9917053119890191
5.122134901106235 1.9917053119890191
5.1221348247804785 1.991705341667741
4.3134628296432265 3.065274796408067
4.932682128532502 2.269219348542239
4.932682202035194 2.269219348542239
4.932682128532502 2.2692193823562423
4.549643589026175 2.821403136471241
4.8418702013653245 2.4105692160133687
4.841870273514813 2.4105692160133687
4.8418702013653245 2.4105692519336492
5.0328956612179985 2.1341354295693726
4.890626603409343 2.342162629728109
4.8906266762853585 2.342162629728109
4.890626603409343 2.342162664629052
4.986965205706252 2.204520104114109
4.914933169310424 2.3079083920199572
4.914933242548635 2.3079083920199572
4.914933169310424 2.307908426410472
4.9391781296622295 2.273610522634097
4.921053496616078 2.2993759998963466
4.921053569945489 2.2993759998963466
4.921053496616078 2.299376034159719
4.933161550655575 2.282216876547697
4.924084599884459 2.295089107852423
4.9240846732590375 2.295089107852423
4.924084599884459 2.2950891420519155
0.14537570718198456 4.924084599884459 2.295089107852423 0.00031336027788071664
0.06491232553762337 0.06281674600658167 0.06085533935051444 0.05901582944641599 0.057287370283946315 0.05566034693816549 0.0541262083376588 0.05267732615176668 0.051306875231610205 0.05000873191556877 0.04877738720396404 0.04760787236033519 0.04649569493874771 0.04543678359177912 0.04442744030049274 0.04346429890004737 0.04254428896367186 0.041664604262224327 0.04082267514327439 0.040016144277972544 0.03924284531017598 0.038500784013779106
0.011008444213715078 0.010345293289868654 0.00974029831433549 0.009186973693049709 0.008679695342875044 0.008213569699533978 0.007784324924672398 0.0073882201973701185 0.007021969798008202 0.0066826793395117715 0.006367792012221593 0.006075043114226426 0.005802421462058998 0.005548136535030508 0.0053105904139100326 0.005088353741820257 0.0048801450704328946 0.004684813064307159 0.004501321125626438 0.004328734074672808 0.004166206581316979 0.0040129730921169525
