6.658336633434206 4.06796531688617
6.658336732651153 4.06796531688617
6.658336633434206 4.067965377503577
4.656070604448338 2.862720066624565
4.656070673829197 2.862720066624565
4.656070604448338 2.862720109282418
4.565750413927808 2.9936911814168305
4.565750481962791 2.9936911814168305
4.565750413927808 2.9936912260263053
2.8808931944878102 5.811168830998399
4.145084380619646 3.698388171730894
4.145084442386216 3.698388171730894
4.145084380619646 3.698388226841172
4.067825944426759 3.8884631412050132
4.06782600504209 3.8884631412050132
4.067825944426759 3.8884631991476293
3.879620835163551 4.253111295980894
3.879620892974406 4.253111295980894
3.879620835163551 4.253111359357191
3.5177571348493806 4.989733602276229
3.517757187268047 4.989733602276229
3.5177571348493806 4.989733676629053
3.4934220693566287 5.073944678556923
3.493422121412674 5.073944678556923
3.4934220693566287 5.07394475416459
3.4975695689908792 5.0652576933848685
3.497569621108727 5.0652576933848685
3.4975695689908792 5.0652577688630895
0.06537829440041198 3.4975695689908792 5.0652576933848685 0.0004860151633075011
0.06219520791448487 0.06019818272443724 0.05832973259890687 0.05657798365221609 0.05493246347821706 0.05338390282208366 0.05192406958020613 0.05054562922011081 0.04924202689978724 0.048007387494530755 0.04683643046984519 0.04572439711652266 0.0446669881230963 0.04366030982758021 0.04270082778476767 0.04178532652273168 0.04091087455445188 0.040074793866920734 0.03927463323787558 0.038508144835124165 0.037773263639746375 0.03706808930579469
0.011377137652041092 0.010710962948966334 0.010102726524157337 0.009545953010066452 0.009035036620735288 0.008565106460496196 0.008131915241642546 0.007731746935091442 0.007361339805918458 0.007017822007321652 0.006698657470743665 0.006401600273099614 0.006124656011923747 0.0058660489967050115 0.005624194285707335 0.005397673774411274 0.005185215683801482 0.004985676911357823 0.004798027800459758 0.004621338959412875 0.004454769822925852 0.00429755869933996
