3.9558171357291574 2.8202052271685814
3.955817194675426 2.8202052271685814
3.9558171357291574 2.8202052691929143
2.1668530771066017 6.626169456554639
2.1668531093952286 6.626169456554639
2.1668530771066017 6.626169555292258
2.9557916318819104 5.931233693919243
2.955791675926638 5.931233693919243
2.9557916318819104 5.931233782301512
3.687136389248225 4.332556694261824
3.6871364441908385 4.332556694261824
3.687136389248225 4.33255675882195
3.881634242726256 4.046687957908819
3.8816343005671134 4.046687957908819
3.881634242726256 4.046688018209169
3.866617834808264 4.082111590117401
3.8666178924253596 4.082111590117401
3.866617834808264 4.082111650945604
3.8710943648959533 4.073373837003444
3.8710944225797546 4.073373837003444
3.8710943648959533 4.073373897701444
0.08243814007107675 3.8710943648959533 4.073373837003444 0.00027543906270320563
0.06395272672509776 0.06190300883141011 0.059984509864292934 0.05818520184318911 0.056494463468332486 0.05490288320220987 0.053402094053745325 0.05198463435130013 0.05064382992159543 0.04937369398030189 0.04816884174192345 0.04702441731379049 0.04593603088348052 0.04489970456527307 0.043911825558138405 0.04296910549979934 0.04206854508988402 0.0412074032089183 0.04038316988579733 0.03959354256987055 0.03883640524917283 0.038109810027059536
0.011376549058830744 0.010704100231965226 0.010090154319922032 0.009528203197490185 0.009012605023330665 0.00853845172482063 0.008101459156132128 0.007697875673114826 0.00732440573284716 0.0069781458022546705 0.006656530392231384 0.0063572864540034505 0.006078394707976119 0.005818056741068734 0.005574666921210515 0.0053467883485410865 0.005133132200690227 0.0049325399411163295 0.00474396795018969 0.0045664742126950725 0.004399206755992111 0.004241393582817167
