5.724536151319741 6.002016007501495
5.724536236621978 6.002016007501495
5.724536151319741 6.002016096938503
3.732272275429616 3.9314909958788142
3.7322723310448067 3.9314909958788142
3.732272275429616 3.931491054462595
3.7662534055115886 3.778272669259346
3.766253461633138 3.778272669259346
3.7662534055115886 3.778272725559996
5.562728278540149 0.3713115383409069
4.215566175155609 2.926914040259789
4.21556623797244 2.926914040259789
4.215566175155609 2.9269140838742067
4.5645295360461215 2.402971287537287
4.564529604062912 2.402971287537287
4.5645295360461215 2.4029713233443495
4.932979021247755 1.8925436117309231
4.665976858557019 2.2826523136957846
4.665976928085493 2.2826523136957846
4.665976858557019 2.2826523477099547
4.848767182988924 2.0264091554696813
4.848767255241185 2.0264091554696813
4.848767182988924 2.0264091856655306
5.045122130051329 1.7804059164509052
5.045122205229507 1.7804059164509052
5.045122130051329 1.7804059429810208
5.100924719771496 1.7249250669778815
5.100924795781197 1.7249250669778815
5.100924719771496 1.724925092681268
5.204189368958354 1.6061621647768265
5.126979200967864 1.69544325175189
5.126979277365807 1.69544325175189
5.126979200967864 1.6954432770159633
5.178939190428064 1.6363483012652242
5.1789392676002715 1.6363483012652242
5.178939190428064 1.6363483256487141
5.232007599805086 1.5782466867961031
5.192502885833019 1.6220994584413504
5.192502963207341 1.6220994584413504
5.192502885833019 1.622099482612516
5.1660935680696785 1.6512638434804066
5.185918867137059 1.6294070939362093
5.185918944413272 1.6294070939362093
5.185918867137059 1.629407118216267
5.187573398391747 1.6275879035264624
5.187573475692614 1.6275879035264624
5.187573398391747 1.627587927779412
0.19797723074529328 5.187573398391747 1.6275879035264624 0.0006255903936369405
0.06724950571360044 0.06512416907496557 0.06313289831278646 0.06126361000778888 0.05950560754711117 0.0578493909833876 0.05628649681542499 0.054809362429740154 0.053411210955987505 0.05208595309198684 0.05082810309263207 0.04963270662731163 0.048495278620174866 0.047411749517913215 0.046378418697187375 0.045391913941277146 0.044449156093012795 0.04354732813646811 0.04268384807949445 0.0418563451078905 0.041062638563771355 0.0403007193686582
0.011839581143463767 0.011143634657104984 0.010507485153761948 0.00992459352277701 0.009389272730977343 0.008896560706812284 0.008442114362490873 0.008022120909613234 0.007633223377921231 0.007272457843079753 0.00693720034279779 0.006625121837929266 0.006334149877121392 0.006062435866088316 0.005808327038095278 0.005570342380423677 0.0053471519000272945 0.005137558716237294 0.00494048355392272 0.004754951280678946 0.004580079189349444 0.004415066774837601
