5.985899913334669 3.1656800010055397
5.985900002531529 3.1656800010055397
5.985899913334669 3.1656800481778475
4.602522115532402 2.44670636836286
4.602522184115326 2.44670636836286
4.602522115532402 2.446706404821626
4.680292296004272 2.3308014977294875
4.680292365746062 2.3308014977294875
4.680292296004272 2.330801532461136
6.275329413392511 0.050065435993568386
5.079664034765701 1.7610462971384997
4.780744995269543 2.1887920663334217
4.780745066508194 2.1887920663334217
4.780744995269543 2.1887920989489653
4.9869692543489155 1.9086113236910793
4.833299585210662 2.1194929254664605
4.8332996572324385 2.1194929254664605
4.833299585210662 2.119492957049366
4.937563147388706 1.9802573948104603
4.93756322096413 1.9802573948104603
4.937563147388706 1.9802574243185949
5.153261228403647 1.7073031286285176
4.992616780382142 1.912926470689354
4.992616854777929 1.912926470689354
4.992616780382142 1.9129264991941797
5.101755389205977 1.777478371924142
5.101755465228056 1.777478371924142
5.101755389205977 1.7774783984106337
5.215779507744881 1.6461165670243216
5.215779585466052 1.6461165670243216
5.215779507744881 1.64611659155337
5.333723944806196 1.5182630056292543
5.3337240242848765 1.5182630056292543
5.333723944806196 1.5182630282531362
5.455863677797445 1.394411041494893
5.4558637590961485 1.394411041494893
5.455863677797445 1.3944110622732366
5.582414015829523 1.2750693667157964
5.488958591881917 1.3662008372429573
5.488958673673774 1.3662008372429573
5.488958591881917 1.3662008576009361
5.551865964656402 1.306142379891889
5.504777142166348 1.3512828713143343
5.504777224193919 1.3512828713143343
5.504777142166348 1.3512828914500181
5.536343766479341 1.3213723849980452
5.512695727548506 1.3438337730009386
5.5126958096940735 1.3438337730009386
5.512695727548506 1.3438337930256223
5.520605412325966 1.3363752244250846
5.520605494589397 1.3363752244250846
5.520605412325966 1.3363752443386272
5.512697646629434 1.3438358076345864
5.518635822387505 1.3382481317193433
5.518635904621587 1.3382481317193433
5.518635822387505 1.3382481516607945
0.23810933226265663 5.518635822387505 1.3382481317193433 0.00032733235869436534
0.06721221977463088 0.06507963391367814 0.06308194486285133 0.061206960080916625 0.05944389028707174 0.0577831565217566 0.056216227656093326 0.05473548298099646 0.05333409554468148 0.052005932728269186 0.05074547120181114 0.04954772392427012 0.048408177269126815 0.047322736694199646 0.04628767964688809 0.04529961461756168 0.0443554454345174 0.0434523400419078 0.04258770312368354 0.04175915203694851 0.040964495601210585 0.040201715359036
0.011569497050303397 0.010886676901027894 0.01026273317950824 0.00969120483380239 0.009166475708667592 0.008683648045773998 0.00823843709685428 0.0078270829954462 0.007446276791833244 0.007093098155265237 0.006764962723004034 0.0064595774543595484 0.006174902650568227 0.005909119544276224 0.00566060255805792 0.005427895489590911 0.005209691009455504 0.005004812962022605 0.004812201045259872 0.004630897515254846 0.004460035618788018 0.004298829504747019
