5.830017542472281 5.847644738418962
5.830017629346313 5.847644738418962
5.830017542472281 5.847644825555659
3.9220517259333096 3.952462351815633
3.9220517843764346 3.952462351815633
3.9220517259333096 3.9524624107119117
3.9353540181546527 3.8446847975131373
3.9353540767959974 3.8446847975131373
3.9353540181546527 3.8446848548034054
5.047411713946313 1.728317902909442
4.213414011622665 3.3156839519988033
4.213414074407426 3.3156839519988033
4.213414011622665 3.3156840014063444
4.413528345350829 2.982491262723332
4.413528411117526 2.982491262723332
4.413528345350829 2.982491307165915
4.818652411753486 2.31907061952497
4.517840377812557 2.81852547796558
4.517840445133625 2.81852547796558
4.517840377812557 2.8185255199648824
4.724369718180174 2.4892706430467824
4.724369788578769 2.4892706430467824
4.724369718180174 2.4892706801398057
4.783697250941924 2.4123181347817235
4.783697322224568 2.4123181347817235
4.783697250941924 2.412318170728065
4.89383255636567 2.2522056955812033
4.811500663156429 2.3724768065257473
4.811500734853376 2.3724768065257473
4.811500663156429 2.372476841878407
4.86688904483933 2.2926421533579044
4.866889117361628 2.2926421533579044
4.86688904483933 2.2926421875209346
4.8111864773368955 2.3722579096220837
4.853278354861451 2.312762774877097
4.853278427180934 2.312762774877097
4.853278354861451 2.3127628093399477
4.881256433652707 2.2730439093958124
4.860291885580032 2.3028464771880572
4.860291958004025 2.3028464771880572
4.860291885580032 2.302846511503144
4.867300592757621 2.292926769697564
4.862049595718581 2.3003704691345113
4.8620496681687655 2.3003704691345113
4.862049595718581 2.300370503412702
0.14862534206188105 4.862049595718581 2.3003704691345113 0.0004370273796902792
0.06623698453266524 0.06410845099387534 0.06211576765813638 0.060246544302589945 0.05848982961409204 0.05683591155491907 0.05527614952262659 0.05380283264555377 0.05240905965951548 0.05108863668245857 0.049835989894761214 0.048646090683361225 0.04751439124857416 0.04643676902680053 0.04540947856847763 0.04442910974270163 0.043492551328922054 0.04259695921060324 0.041739728512538016 0.04091846912793777 0.0401309841677639 0.039375250936392873
0.010928801913020186 0.010273852600503135 0.009676091727683835 0.009129167983732388 0.008627570320415173 0.008166500699521096 0.007741768320729689 0.007349701364009734 0.006987073070413004 0.00665103960706525 0.00633908765400121 0.0060489900410646835 0.005778768074503401 0.005526659442156986 0.0052910907864316195 0.0050706541958030265 0.0048640869963621864 0.004670254331156274 0.0044881341016839455 0.004316803916746192 0.0041554297519926725 0.004003256071370316
