1.0667619673855975 5.313463922606205
1.0667619832815896 5.313463922606205
1.0667619673855975 5.313464001782988
1.7329064600993127 7.337629496109879
1.7329064859216312 7.337629496109879
1.7329064600993127 7.337629605449079
2.780927080369376 6.035155351126108
2.780927121808419 6.035155351126108
2.780927080369376 6.035155441056931
3.3337812927167816 4.93837113595825
3.333781342393994 4.93837113595825
3.3337812927167816 4.938371209545714
3.436949521159938 4.771208076410858
3.436949572374477 4.771208076410858
3.436949521159938 4.771208147507398
3.435238721856843 4.776684742353835
3.435238773045889 4.776684742353835
3.435238721856843 4.776684813531984
0.07249174069088282 3.435238721856843 4.776684742353835 0.00021190713493178902
0.06543658169653063 0.06336437508114522 0.06142422593345506 0.059604067193674434 0.05789324080698044 0.05628230051501598 0.05476284643121852 0.053327385658639134 0.05196921434911961 0.050682317497496306 0.04946128347051625 0.04830123083010109 0.04719774545693971 0.0461468263378951 0.04514483866840713 0.04418847315363007 0.04327471058085617 0.042400790889714705 0.041564186092653194 0.04076257650177353 0.03999382980353404 0.03925598259357042
0.01151653036533779 0.010851417877963775 0.010243447508590622 0.009686312141978183 0.00917454075470575 0.008703370641816394 0.00826864154211883 0.00786670753505091 0.007494363424884774 0.0071487829864797245 0.006827466963631622 0.006528199118688708 0.006249008955060312 0.005988139991261851 0.005744022670565089 0.005515251155202357 0.005300563386949339 0.00509882390341898 0.004909008986716261 0.004730193792286249 0.0045615411640273764 0.004402291889559139
