4.482234251294049 4.161112214916674
4.482234318084544 4.161112214916674
4.482234251294049 4.161112276922077
3.883030363671298 3.610840180036033
3.8830304215329594 3.610840180036033
3.883030363671298 3.6108402338417442
3.9458210533224403 3.480052749358668
3.9458211121197557 3.480052749358668
3.9458210533224403 3.480052801215495
4.599887011361271 2.293291739175586
4.109752691016816 3.1835916786257785
4.109752752256903 3.1835916786257785
4.109752691016816 3.183591726064991
4.451796193773971 2.5987350847408996
4.1974687213723385 3.0386896941915347
4.197468783919496 3.0386896941915347
4.1974687213723385 3.0386897394715398
4.371185695708848 2.747854412417435
4.371185760844591 2.747854412417435
4.371185695708848 2.7478544533636566
4.555270541138224 2.4634681997057526
4.555270609017045 2.4634681997057526
4.555270541138224 2.4634682364142892
4.7486447917924295 2.185315098912006
4.606642458521707 2.3961362023128125
4.606642527166029 2.3961362023128125
4.606642458521707 2.3961362380180242
4.702707263418167 2.2566290686797323
4.702707333493966 2.2566290686797323
4.702707263418167 2.256629102306126
4.802307116574229 2.119623388777023
4.802307188134182 2.119623388777023
4.802307116574229 2.1196234203618727
4.904766758647036 1.9847430387603318
4.904766831733756 1.9847430387603318
4.904766758647036 1.9847430683353078
4.932216934956103 1.9524993453809174
4.932217008451863 1.9524993453809174
4.932216934956103 1.9524993744754249
4.984753304553481 1.8860719290672754
4.945419638957019 1.9359469862559973
4.945419712649514 1.9359469862559973
4.945419638957019 1.9359470151038554
4.9717662085807985 1.9027954220213505
4.971766282665889 1.9027954220213505
4.9717662085807985 1.9027954503752118
4.998391287516795 1.8698671193958503
4.998391361998629 1.8698671193958503
4.998391287516795 1.8698671472590416
4.991811546822271 1.8781604907716456
4.99181162120606 1.8781604907716456
4.991811546822271 1.8781605187584178
4.978478985220086 1.8946084324866463
4.988483272076007 1.8822764154927
4.9884833464102 1.8822764154927
4.988483272076007 1.8822764435408044
0.17339355857634065 4.988483272076007 1.8822764154927 0.0002227750049461024
0.06701667206500282 0.06489540759044182 0.06290809468200141 0.06104264725365463 0.059288367810780514 0.0576357568616484 0.056076352353206335 0.0546025938466081 0.053207707167404444 0.05188560607229837 0.050630808116168685 0.049438362415861935 0.04830378741881487 0.04722301711632154 0.0461923544098075 0.04520843055675355 0.044268169801038 0.043368758438386175 0.04250761768760167 0.04168237983727249 0.0408908672196476 0.040131073631524024
0.011793391208453997 0.011098652113910663 0.010463705364513817 0.00988200254753634 0.009347849730787174 0.008856279819976899 0.008402946168560124 0.007984033569972118 0.007596183522243473 0.007236431255764218 0.006902152491794842 0.006591018279273674 0.00630095656140931 0.006030119367606133 0.00577685472297582 0.005539682526801588 0.005317273780484344 0.005108432650711141 0.00491208093957694 0.004727244603902931 0.0045530420240003965 0.004388673769995787
