5.8379890549449724 6.913139837055552
5.837989141937788 6.913139837055552
5.8379890549449724 6.913139940069363
3.7181106929674983 4.425928161468576
3.718110748371665 4.425928161468576
3.7181106929674983 4.425928227420045
3.703084443483437 4.328426325025775
3.7030844986636953 4.328426325025775
3.703084443483437 4.328426389524353
4.327097244636977 3.0643621687955465
3.859072367693566 4.012378025038168
3.8590724251982254 4.012378025038168
3.859072367693566 4.01237808482726
4.060803278863026 3.625054128173045
4.06080333937371 3.625054128173045
4.060803278863026 3.625054182190561
4.479907748562909 2.8587564771954637
4.168554572905736 3.435137175182711
4.168554635022039 3.435137175182711
4.168554572905736 3.435137226370244
4.381846583052895 3.0540575509420167
4.381846648347498 3.0540575509420167
4.381846583052895 3.0540575964510204
4.60959143246688 2.6814351614248997
4.4424812735133505 2.9632658557655436
4.44248133971148 2.9632658557655436
4.4424812735133505 2.963265899921646
4.5556211519834475 2.776508905959698
4.471028924836127 2.9167367680459635
4.47102899145965 2.9167367680459635
4.471028924836127 2.9167368115087284
4.527895871762532 2.8235388713555216
4.527895939233439 2.8235388713555216
4.527895871762532 2.8235389134295295
4.512037571697856 2.84997285172644
4.512037638932455 2.84997285172644
4.512037571697856 2.849972894194345
4.548066535546903 2.7916517925225217
4.521068345042141 2.835407150774441
4.521068412411309 2.835407150774441
4.521068345042141 2.8354071930252998
4.528944300362565 2.8227042970905702
4.52304513219925 2.8322362857062484
4.523045199597875 2.8322362857062484
4.52304513219925 2.832236327909858
0.11914220032059153 4.52304513219925 2.8322362857062484 0.0004105548744957789
0.06520134540316891 0.0631067483987345 0.061145923450583645 0.059306657455162407 0.057578157618307035 0.05595085405633332 0.05441623390156103 0.052966701291522214 0.051595458720873004 0.050296406102150984 0.049064054568624525 0.04789345259956765 0.04678012248594158 0.045720005506150754 0.04470941446539621 0.04374499248223186 0.0428236770931965 0.04194266889942008 0.041099404104638776 0.040291530397415815 0.03951688571578914 0.03877347950340615
0.011184967715297062 0.010515849361090011 0.009905141694996927 0.009346353959052896 0.008833855207086416 0.008362743840406042 0.007928739221746877 0.0075280912785996405 0.007157504824254433 0.0068140759677169215 0.006495238491494446 0.006198718479140331 0.005922495795389253 0.0056647712784074905 0.005423938709784876 0.005198560794010517 0.00498734851355699 0.004789143334802605 0.004602901828915556 0.004427682344499607 0.004262633428416207 0.004106983740258882
