3.3958346153054366 5.304488075729297
3.3958346659073158 5.304488075729297
3.3958346153054366 5.304488154772328
3.1632023046828155 4.893028174425566
3.163202351818203 4.893028174425566
3.1632023046828155 4.893028247337368
4.047843666903219 2.9670695552807427
3.3837211621777703 4.411088260855414
3.383721212599145 4.411088260855414
3.3837211621777703 4.411088326585752
3.6077763220594172 3.9603915423784564
3.6077763758194736 3.9603915423784564
3.6077763220594172 3.9603916013928893
4.071300774576456 3.0668267328762395
4.071300835243565 3.0668267328762395
4.071300774576456 3.066826778575519
4.604748004867986 2.213159913000798
4.2212929893154545 2.864751506298209
4.2212930522176215 2.864751506298209
4.2212929893154545 2.8647515489863333
4.485939347014036 2.4366270476738943
4.485939413859741 2.4366270476738943
4.485939347014036 2.436627083982467
4.776874198408813 2.0259140591291107
4.7768742695897854 2.0259140591291107
4.776874198408813 2.025914089317583
4.863875213081513 1.9350083999783252
4.863875285558901 1.9350083999783252
4.863875213081513 1.9350084288121974
5.020921577784602 1.7383653197227102
4.903670431364977 1.8862785892183709
4.90367050443536 1.8862785892183709
4.903670431364977 1.8862786173261121
4.982952590564291 1.7885680235030266
4.982952664816071 1.7885680235030266
4.982952590564291 1.788568050154767
5.064832644180554 1.693023938183652
5.064832719652442 1.693023938183652
5.064832644180554 1.6930239634116746
5.148733740171611 1.5992496266094398
5.1487338168937224 1.5992496266094398
5.148733740171611 1.5992496504401164
5.128507758455571 1.6233426365366943
5.128507834876292 1.6233426365366943
5.128507758455571 1.6233426607263846
5.170813402974364 1.5767756278633958
5.139134289319489 1.6117466153340874
5.139134365898557 1.6117466153340874
5.139134289319489 1.6117466393509834
5.149744071141678 1.600135267625116
5.141799607862984 1.6088555936837847
5.141799684481769 1.6088555936837847
5.141799607862984 1.6088556176576012
0.19425281077953493 5.141799607862984 1.6088555936837847 0.0003921634128378562
0.0667888291343502 0.06468937354365645 0.06272187088173499 0.060874471380044023 0.05913668039762822 0.05749917328138222 0.055953639257732515 0.054492649269701245 0.05310954364988849 0.05179833629388445 0.050553632614915515 0.04937055905350056 0.04824470231197156 0.04717205680331306 0.04614897906273908 0.0451721480811136 0.04423853069140351 0.04334535128044263 0.04249006521439365 0.04167033546218685 0.040884011980688494 0.04012911349143994
0.012333424935274492 0.011612828510158265 0.01095383914420324 0.010349751737472873 0.009794730855641547 0.009283681580586336 0.008812141740474577 0.008376191648293854 0.007972378233733864 0.007597651051764284 0.007249308126892999 0.006924949971618606 0.006622440421595593 0.006339873174454196 0.006075543116457506 0.00582792168091476 0.005595635612085315 0.0053774486141673905 0.005172245451577908 0.004979018137824274 0.004796853908811467 0.00462492472478322
