4.07092974820154 6.702782177955612
4.070929808863121 6.702782177955612
4.07092974820154 6.702782277834849
3.149792696336985 5.183015586697016
3.149792743272554 5.183015586697016
3.149792696336985 5.183015663929966
3.301543707345339 4.769227676237577
3.301543756542174 4.769227676237577
3.301543707345339 4.769227747304607
4.697805431735152 1.790210907940763
3.6533469999510513 4.02576286529416
3.6533470543901636 4.02576286529416
3.6533469999510513 4.025762925282701
4.411261428764573 2.5657670961928676
3.851377674873022 3.6653322586029606
3.8513777322630216 3.6653322586029606
3.851377674873022 3.6653323132206674
4.24271810758788 2.9418972943374104
4.242718170809306 2.9418972943374104
4.24271810758788 2.9418973381750964
4.684715118433436 2.248251762236941
4.365437332466611 2.7769076447904677
4.365437397516696 2.7769076447904677
4.365437332466611 2.7769076861696163
4.584663426260709 2.4289618296846975
4.584663494577518 2.4289618296846975
4.584663426260709 2.4289618658790495
4.821803961421543 2.0929696615714053
4.648424062879055 2.348308377364675
4.648424132145972 2.348308377364675
4.648424062879055 2.3483084123571967
4.766086998045641 2.1796755623480144
4.766087069065872 2.1796755623480144
4.766086998045641 2.179675594827711
4.8891822520040735 2.0149662697584083
4.798270210732527 2.1395901490480447
4.798270282232325 2.1395901490480447
4.798270210732527 2.1395901809304223
4.7373000089703305 2.22237319471678
4.783121221292859 2.1603544935724095
4.7831212925669195 2.1603544935724095
4.783121221292859 2.1603545257642
4.7983593679904875 2.1396554894951296
4.78695321517264 2.155196350428707
4.786953286503802 2.155196350428707
4.78695321517264 2.155196382543635
0.15093855342499662 4.78695321517264 2.155196350428707 0.000366712160671879
0.06641091731481102 0.06430773290224837 0.06233742607816348 0.060488000736297814 0.05874883990790357 0.057110516336744396 0.055564632918357594 0.05410368774269527 0.05272095949512749 0.05141040977468338 0.050166599527599005 0.0489846173048341 0.0478600174619241 0.04678876674972288 0.04576719801182379 0.0447919699216187 0.04386003186914737 0.04296859325302232 0.04211509655203554 0.04129719364950924 0.040512724964979804 0.03975970101554447
0.011910902050203386 0.011208717296937688 0.01056700723467276 0.009979143995112821 0.009439365212115155 0.008942644627987785 0.008484584262620927 0.00806132421514346 0.007669466940481005 0.00730601345377445 0.006968309400083717 0.006653999312741046 0.006360987692371906 0.006087405786389933 0.00583158314843947 0.005592023218736725 0.005367382297316367 0.005156451388924754 0.004958140485521507 0.004771464923860446 0.004595533514437819 0.004429538186624813
