2.8540708033974687 6.279001655384626
2.854070845926438 6.279001655384626
2.8540708033974687 6.2790017489490415
2.7912994241684386 5.94410954442376
2.7912994657620414 5.94410954442376
2.7912994241684386 5.944109632997895
3.8125098092209053 3.5109849148816283
3.0465601736861436 5.335724882780397
3.046560219083428 5.335724882780397
3.0465601736861436 5.335724962288894
3.34287694320819 4.684559593940256
3.3428769930209383 4.684559593940256
3.34287694320819 4.684559663745634
3.961693572050341 3.394464471466949
3.503102083203211 4.36474266218689
3.5031021354035 4.36474266218689
3.503102083203211 4.3647427272266235
3.819911698479383 3.723297786177416
3.819911755400503 3.723297786177416
3.819911698479383 3.7232978416588765
4.5012910151050365 2.465123842703884
3.997526002694545 3.4128012092869047
3.9975260622623243 3.4128012092869047
3.997526002694545 3.4128012601416056
4.348507806874744 2.789397941389905
4.34850787167256 2.789397941389905
4.348507806874744 2.7893979829551734
4.456868081096456 2.6471067178333
4.456868147508965 2.6471067178333
4.456868081096456 2.6471067572782636
4.651672715161418 2.347096518224391
4.651672784476743 2.347096518224391
4.651672715161418 2.347096553198855
4.86079570606745 2.0568853192725296
4.86079577849895 2.0568853192725296
4.86079570606745 2.0568853499225095
4.920444769892974 1.9902581887820259
4.920444843213315 1.9902581887820259
4.920444769892974 1.990258218439184
5.030663821150326 1.849401871669269
4.9482771889298505 1.955263149366121
4.948277262664926 1.955263149366121
4.9482771889298505 1.9552631785018124
5.00374328300597 1.8851154641541399
5.003743357567555 1.8851154641541399
5.00374328300597 1.8851154922445492
5.060450732708969 1.8159674310596121
5.0604508081155615 1.8159674310596121
5.060450732708969 1.8159674581196354
5.118108086610335 1.7476094404970395
5.07520605678774 1.7991714644419476
5.075206132414204 1.7991714644419476
5.07520605678774 1.7991714912516916
5.046518950607935 1.8334693692204265
5.068056042768069 1.8077640961890504
5.0680561182879895 1.8077640961890504
5.068056042768069 1.8077641231268347
5.0752270193611775 1.7991889509702266
5.069854032366255 1.8056247073262575
5.068510758312174 1.807233678212084
5.06851083383887 1.807233678212084
5.068510758312174 1.8072337051419642
0.18151237516702057 5.068510758312174 1.807233678212084 0.00039307866020353745
0.0671541827121164 0.06502522845553856 0.06303085280991222 0.06115890040709775 0.05939861385774386 0.05774044168162064 0.056175876525742977 0.05469731833404097 0.053297958162817675 0.0519716791516978 0.050712971808163955 0.04951686128171389 0.04837884471926414 0.04729483712835501 0.04626112444577415 0.04527432272949664 0.044331342571564 0.04342935797672651 0.04256577907269318 0.04173822811768752 0.04094451835369003 0.0401826353224457
0.011646266624313631 0.010959057755414333 0.01033107570710518 0.009755825257369403 0.009227659848744282 0.00874165464798206 0.008293500768795753 0.00787941679889972 0.007496074531376632 0.007140536400003745 0.00681020259390104 0.006502766205823342 0.006216175071472187 0.0059485992004807645 0.005698402895744865 0.005464120816289625 0.005244437367506065 0.005038168907354268 0.004844248342733512 0.00466171176039806 0.004489686794515485 0.004327382480583454
