3.9062003490793984 6.089957647318514
3.9062004072863195 6.089957647318514
3.9062003490793984 6.089957738065955
3.1957966480537596 4.976022216371566
3.1957966956748405 4.976022216371566
3.1957966480537596 4.976022290520076
3.430231132786905 4.42171390313297
3.430231183901332 4.42171390313297
3.430231132786905 4.421713969021641
4.820958921225698 1.5734779358983064
3.7826304472320302 3.711977707536204
3.782630503597616 3.711977707536204
3.7826304472320302 3.7119777628489823
4.538073407207175 2.3187982823112083
3.9802178654067353 3.368558287264948
3.9802179247166034 3.368558287264948
3.9802178654067353 3.368558337460378
4.370882803514202 2.6791442967664567
4.370882868645431 2.6791442967664567
4.370882803514202 2.6791443366888177
4.494637172380815 2.5244533865728584
4.494637239356129 2.5244533865728584
4.494637172380815 2.524453424190145
4.714849221356499 2.1950837772791014
4.714849291613228 2.1950837772791014
4.714849221356499 2.1950838099883985
4.954147457992489 1.879308477448198
4.954147531815039 1.879308477448198
4.954147457992489 1.8793085054520766
5.023812922314492 1.808896628599271
5.023812997175138 1.808896628599271
5.023812922314492 1.8088966555539312
5.151173419595681 1.657160920071627
5.151173496354146 1.657160920071627
5.151173419595681 1.657160944765249
5.186452358676282 1.6224021398610333
5.186452435960444 1.6224021398610333
5.186452358676282 1.6224021640367092
5.253127685961254 1.549152524783777
5.203225345377476 1.6041850873218095
5.203225422911576 1.6041850873218095
5.203225345377476 1.6041851112260301
5.236697548957019 1.5676831978924837
5.211624599703065 1.5950883270029985
5.211624677362323 1.5950883270029985
5.211624599703065 1.5950883507716669
5.228391854749686 1.5768659988230755
5.215824674586965 1.5905403602759236
5.2158247523088095 1.5905403602759236
5.215824674586965 1.590540383976822
5.224216088951071 1.5814363673885303
5.217924783291333 1.5882664427257298
5.217924861044471 1.5882664427257298
5.217924783291333 1.5882664663927442
0.2010577595069838 5.217924783291333 1.5882664427257298 0.00038992383881092293
0.0670733124904903 0.0649545518053198 0.06296940008610803 0.061105818860496784 0.059353150882842154 0.0577019308149515 0.05614372569027819 0.054670999926678676 0.05327700066132024 0.05195565997989164 0.05070151124761277 0.04950961725734509 0.048375508317795045 0.04729512873353365 0.04626479039473704 0.04528113241096977 0.04434108589998424 0.04344184318726006 0.042580830791058365 0.04175568566603686 0.04096423425987297 0.04020447400500051
0.011923944581666793 0.011223459750056853 0.010583133683654487 0.009996390527436706 0.009457510947061805 0.008961504399013867 0.00850400263306035 0.008081170566730522 0.00768963142849038 0.007326403664871224 0.006988847582070197 0.006674620071388713 0.006381636071040395 0.006108035660383563 0.0058521558789722625 0.005612506521689574 0.005387749290231591 0.005176679786325111 0.004978211917999046 0.004791364360717701 0.004615248773186007 0.004449059515513028
