4.750572799628002 6.383282805817453
4.750572870417053 6.383282805817453
4.750572799628002 6.383282900935779
3.6415069288049184 4.912127353196659
3.6415069830676003 4.912127353196659
3.6415069288049184 4.912127426393061
3.604774540346269 4.915367774991543
3.6047745940615954 4.915367774991543
3.604774540346269 4.91536784823623
3.446344865250412 5.257038017010515
3.4463449166049522 5.257038017010515
3.446344865250412 5.257038095346486
3.470838238812148 5.2081835983268805
3.470838290531668 5.2081835983268805
3.470838238812148 5.208183675934864
3.4683094665269403 5.2139238203881675
3.4683095182087786 5.2139238203881675
3.4683094665269403 5.213923898081687
0.06371266292312994 3.4683094665269403 5.2139238203881675 0.0005424337040544748
0.061908352688178854 0.059916488491271645 0.058053128065270646 0.05630637690866259 0.05466574797379482 0.053121961946344914 0.05166678017637464 0.050292864274822366 0.04899365759649679 0.04776328477387511 0.04659646620716795 0.04548844500166146 0.04443492430838316 0.04343201339533734 0.042476181074293726 0.041564215348053615 0.04069318833735633 0.039860425704515756 0.039063479919824146 0.038300106822472445 0.037568245014740764 0.03686599770009079
0.01126849123213384 0.01060836120258042 0.010005727130083882 0.009454149445093036 0.008948055702916848 0.008482605836927275 0.008053580917194172 0.007657290901695552 0.0072904978068951175 0.006950351454346269 0.006634335519834186 0.006340222058717902 0.006066033033708667 0.005810007650633636 0.005570574530018465 0.005346327920006097 0.0051360072987699824 0.004938479829565721 0.004752725224631055 0.00457782264976296 0.004412939363075893 0.004257320831932737
