4.036184047290367 4.390549790706929
4.036184107434196 4.390549790706929
4.036184047290367 4.390549856131219
3.7137222323318864 4.053101899410122
3.71372228767066 4.053101899410122
3.7137222323318864 4.053101959806047
3.5166543780406716 4.4325635727992525
3.5166544304429053 4.4325635727992525
3.5166543780406716 4.432563638849596
3.149579835112683 5.196545613573398
3.1495798820450798 5.196545613573398
3.149579835112683 5.1965456910079615
3.197601168659769 5.122527518922403
3.1976012163077394 5.122527518922403
3.197601168659769 5.122527595254011
3.197046710293266 5.1240902271759925
3.197046757932974 5.1240902271759925
3.197046710293266 5.124090303530887
0.06752656526252776 3.197046710293266 5.1240902271759925 0.00029926791822397985
0.06599070990450005 0.0639206697129833 0.06198201801818062 0.06016278683346522 0.05845240253646054 0.05684149096828236 0.05532171392684068 0.05388563138270276 0.052526584873142095 0.05123859841423611 0.05001629396835488 0.04885481905743374 0.04774978455318427 0.04669721102837889 0.04569348233736891 0.04473530532356716 0.043819674738006874 0.042943842605039834 0.042105291395628776 0.04130171047092247 0.04053097534314328 0.03979112937065534
0.011842596028668391 0.011169928134864959 0.010554515235900074 0.009990077330786868 0.00947116364927639 0.008993026180965378 0.008551514870512283 0.008142990392223388 0.007764251253473532 0.007412472629145652 0.00708515484129357 0.006780079801813381 0.0064952740555009915 0.006228977315102042 0.005979615583082339 0.005745778117828215 0.00552619763330008 0.005319733227386562 0.005125355620469412 0.0049421343560262865 0.00476922667262735 0.004605867803915336
