1.5138950028617462 2.420863039576598
1.5138950254205397 2.420863039576598
1.5138950028617462 2.4208630756502685
1.4667175799401517 5.275723846488958
1.466717601795947 5.275723846488958
1.4667175799401517 5.27572392510337
2.2395961482289497 6.413280210123394
2.239596181601533 6.413280210123394
2.2395961482289497 6.4132803056887155
3.0775574097857454 5.184957198626366
3.0775574556449246 5.184957198626366
3.0775574097857454 5.184957275888249
3.3756148531969705 4.6393207318318
3.3756149034975516 4.6393207318318
3.3756148531969705 4.639320800963066
3.39494714082657 4.614609873884128
3.3949471914152247 4.614609873884128
3.39494714082657 4.614609942647174
3.393954988000645 4.616765741250559
3.3939550385745156 4.616765741250559
3.393954988000645 4.616765810045729
0.073498121119691 3.393954988000645 4.616765741250559 0.00043555155388801835
0.06595330922545371 0.06388394309649002 0.06194558020024416 0.06012633142032451 0.05841568629093383 0.056804321388378126 0.05528393938284459 0.053847133252687536 0.05248727124708343 0.051198399035115 0.049975156153078286 0.0488127043971658 0.0477066662361734 0.04665307166186733 0.045648312171096016 0.04468910079753873 0.04377243729294875 0.04289557770630645 0.04205600773106907 0.041251419290902355 0.040479689917034836 0.03973886453897474
0.012039795769937193 0.011350462459291975 0.01071989077418562 0.01014164684393062 0.009610142570779448 0.00912050750051796 0.008668482454731228 0.008250330861650744 0.007862764544357586 0.007502881368888944 0.007168112661452124 0.00685617870452808 0.006565050939770041 0.006292919759341308 0.006038166970573589 0.005799342182281762 0.005575142493052819 0.005364394968807661 0.005166041483975917 0.004979125571700392 0.00480278098673298 0.00463622173257845
