6.366269610633443 4.124325701091519
6.366269705498253 4.124325701091519
6.366269610633443 4.124325762548761
4.493924875645126 2.927408125320931
4.493924942609825 2.927408125320931
4.493924875645126 2.9274081689427116
4.532273660425103 2.8496401357065304
4.532273727961243 2.8496401357065304
4.532273660425103 2.8496401781694773
6.2399705782699755 0.08830347622908752
4.9594009083841035 2.1594315651005846
4.639258292122033 2.6772136705507847
4.639258361252368 2.6772136705507847
4.639258292122033 2.677213710444377
4.859808281061044 2.336531866515501
4.695433350840627 2.5927239545829766
4.695433420808037 2.5927239545829766
4.695433350840627 2.5927239932175743
4.806899697876872 2.423160247428914
4.80689976950526 2.423160247428914
4.806899697876872 2.4231602835368156
5.037273988925415 2.089043388761749
4.865681338088746 2.340462798252049
4.865681410593048 2.340462798252049
4.865681338088746 2.3404628331276625
4.9822392934671855 2.1743578906080216
4.9822393677083365 2.1743578906080216
4.9822392934671855 2.174357923008479
5.104011114173572 2.0120365396178173
5.104011190229264 2.0120365396178173
5.104011114173572 2.012036569599498
5.2301077285257405 1.8530515052455416
5.230107806460419 1.8530515052455416
5.2301077285257405 1.8530515328581607
5.264411336819682 1.815677720454523
5.264411415265524 1.815677720454523
5.264411336819682 1.8156777475102293
5.329473072458722 1.7378245260306973
5.280779110161848 1.7963004056581722
5.280779188851589 1.7963004056581722
5.280779110161848 1.7963004324251342
5.264509872967398 1.8157605252366362
5.264509951414708 1.8157605252366362
5.264509872967398 1.8157605522935765
5.2686054269756255 1.8109192487343304
5.268605505483964 1.8109192487343304
5.2686054269756255 1.8109192757191301
0.18414728582291073 5.2686054269756255 1.8109192487343304 0.0001656478534115982
0.06581895012491708 0.06369750128961642 0.06171169221133986 0.05984913136541845 0.05809886843802842 0.05645119410373478 0.0548974717295777 0.05342999531742259 0.05204186910723338 0.050726905140400076 0.04947953577714926 0.04829473871563213 0.04716797250330978 0.04609512088740593 0.04507244463875483 0.044096539716529104 0.04316430083115532 0.04227288961787718 0.04141970676073393 0.04060236751156489 0.03981868013531146 0.03906662688476534
0.010882471046795898 0.010228218645767114 0.00963123623646765 0.009085149090185594 0.008584427592815651 0.008124259012345328 0.0077004409501811736 0.007309292466473851 0.006947579669264128 0.006612453186782363 0.006301395439898883 0.006012176026785255 0.005742813846727916 0.005491544842000089 0.005256794439092645 0.0050371539337929015 0.0048313601966584125 0.0046382781826813015 0.004456885816341825 0.004286260894721656 0.004125569709985409 0.0039740571408027085
