5.64373629133578 3.6332706385123137
5.643736375434004 3.6332706385123137
5.64373629133578 3.6332706926522653
4.329075308907206 2.8000208963194924
4.3290753734154555 2.8000208963194924
4.329075308907206 2.800020938043055
4.322889948448251 2.7935826273800375
4.32289001286433 2.7935826273800375
4.322889948448251 2.7935826690076624
4.384703485757673 2.6944080251469322
4.338342103674728 2.76878687520741
4.338342168321064 2.76878687520741
4.338342103674728 2.7687869164655496
4.361220830060101 2.7323447390297986
4.344085038347391 2.7596909811071417
4.344085103079302 2.7596909811071417
4.344085038347391 2.7596910222297417
4.354943545252974 2.7424058528584383
4.346802810380145 2.755371676521618
4.346802875152554 2.755371676521618
4.346802810380145 2.7553717175798558
0.12205504180889903 4.346802810380145 2.755371676521618 0.00036743846207761384
0.06723984495633402 0.06511913069753078 0.06313215546346446 0.06126686296581434 0.05951258155776412 0.05785983416824981 0.05630017819485275 0.054826070077055665 0.053430750291327156 0.05210814531627252 0.05085278375745316 0.049659724333720484 0.048524493837887546 0.0474430335157397 0.0464116525754004 0.04542698775686006 0.04448596806916966 0.04358578394833781 0.04272386020862487 0.04189783225865642 0.04110552513553506 0.040344934978059084
0.011870984504249943 0.011175248610159765 0.010539216327867917 0.009956361418446738 0.00942100831937987 0.008928205109666928 0.00847361763463322 0.008053440933128021 0.007664324868656171 0.007303311465449595 0.00696778192599645 0.006655411685264594 0.006364132159678623 0.006092098091980725 0.005837659588949573 0.005599338107324123 0.005375805771808636 0.005165867513709401 0.004968445604290529 0.004782566227066598 0.0046073477909349065 0.00444199073364803
