3.914566269027205 2.4984151543904654
3.9145663273587883 2.4984151543904654
3.914566269027205 2.498415191619752
6.035862941142817 0.17191423579220544
4.658905420643828 2.2425033369003318
4.658905490066929 2.2425033369003318
4.658905420643828 2.2425033703162356
5.6153994880663785 0.9922051233419447
4.926969510379301 1.9543635244231137
4.926969583796868 1.9543635244231137
4.926969510379301 1.9543635535453996
5.420329391859543 1.3410710507156178
5.0550069170236 1.804940803811986
5.055006992349073 1.804940803811986
5.0550069170236 1.8049408307077
5.309294422866934 1.5045730756651512
5.1200849713323064 1.7311503668899149
5.120085047627518 1.7311503668899149
5.1200849713323064 1.7311503926860656
5.249117834782517 1.5825864174106825
5.152760973201984 1.6943764041546838
5.152761049984106 1.6943764041546838
5.152760973201984 1.6943764294028598
5.217754060706722 1.620511119274988
5.217754138457316 1.620511119274988
5.217754060706722 1.6205111434224853
5.2844888336229525 1.5482155328427845
5.284488912367973 1.5482155328427845
5.2844888336229525 1.5482155559129938
5.352548152783162 1.4771654743684532
5.352548232542345 1.4771654743684532
5.352548152783162 1.477165496379934
5.336022615650128 1.495384090694194
5.336022695163061 1.495384090694194
5.336022615650128 1.4953841129771535
5.370279586991587 1.4600782080689185
5.344620027358601 1.4865899249290422
5.3446201069996455 1.4865899249290422
5.344620027358601 1.4865899470809583
5.353205400692116 1.4777840062197805
5.346774564983453 1.4843964641709093
5.346774644656603 1.4843964641709093
5.346774564983453 1.4843964862901402
0.2115229077357661 5.346774564983453 1.4843964641709093 0.00025547454690524386
0.06644519637777456 0.06434088479969001 0.06236950607139123 0.0605190612599138 0.058778930558301384 0.05713968392075841 0.05559292154134874 0.05413113892134987 0.052747612284555066 0.05143630090250247 0.050191763529936574 0.04900908666077464 0.04788382272410325 0.04681193666959009 0.045789759658691774 0.044813948795036196 0.04388145200442621 0.04298947731995226 0.04213546594695682 0.0413170685810019 0.040532124533483455 0.039778643287252044
0.011925403685134523 0.011222915358238545 0.01058089844419311 0.00999272788231679 0.009452643494701533 0.008955620716917665 0.008497262865912078 0.00807371102038728 0.007681568360329399 0.007317836421955342 0.0069798612080742796 0.006665287479234193 0.006372019859245898 0.006098189636132415 0.005842126338960623 0.005602333332288485 0.005377466800859459 0.00516631760378608 0.004967795564587288 0.004780915834875482 0.0046047870282442714 0.004438600869387277
