2.083798547345017 3.38942056441401
2.0837985783960353 3.38942056441401
2.083798547345017 3.3894206149203123
1.4035373179856534 7.309577807206738
1.4035373388999892 7.309577807206738
1.4035373179856534 7.309577916127935
2.2617250793738446 7.1085703884730025
2.2617251130761744 7.1085703884730025
2.2617250793738446 7.108570494398956
2.673412904316587 6.34893927383451
2.6734129441535437 6.34893927383451
2.673412904316587 6.348939368441078
2.7175461369898612 6.271322140395333
2.7175461774844543 6.271322140395333
2.7175461369898612 6.271322233845315
2.7166808423237145 6.273806574650359
2.716680882805414 6.273806574650359
2.7166808423237145 6.273806668137362
0.055255091325620787 2.7166808423237145 6.273806574650359 0.0005401550454016569
0.06545774743607194 0.06342290243061363 0.06151743708069361 0.059729512010257925 0.05804867757721171 0.05646567764876864 0.05497228537905792 0.05356116512329019 0.052225755807679054 0.05096017199925127 0.04975911964590158 0.048617824030442784 0.04753196793757559 0.04649763839589758 0.04551128064832775 0.044569658239004994 0.04366981829469517 0.04280906123320853 0.0419849142574671 0.041195108097287034 0.040437556546084906 0.03971033841007753
0.012050067313253296 0.01138648581637901 0.010778757103616938 0.010220767278946543 0.009707214073101211 0.00923348163887746 0.008795537147775144 0.008389844991977265 0.008013295274364172 0.007663143950164917 0.007336962514365474 0.00703259554451503 0.006748124735685605 0.006481838323130096 0.006232204993900261 0.005997851552971477 0.005777543741207922 0.00557016970867779 0.005374725732729932 0.005190303840024568 0.005016081048620089 0.004851309992806278
