5.715593851254958 4.307031734801891
5.715593936423944 4.307031734801891
5.715593851254958 4.307031798981665
4.147602733664076 3.1420741806490584
4.147602795468173 3.1420741806490584
4.147602733664076 3.142074227469612
4.133565949646141 3.1294877319832612
4.133566011241074 3.1294877319832612
4.133565949646141 3.1294877786162623
4.181375197028209 3.0475777448727523
4.181375259335555 3.0475777448727523
4.181375197028209 3.0475777902851995
4.168497620351328 3.06991026542066
4.168497682466783 3.06991026542066
4.168497620351328 3.0699103111658874
4.173352886632399 3.061730715767705
4.173352948820203 3.061730715767705
4.173352886632399 3.061730761391048
0.11079395268260772 4.173352886632399 3.061730715767705 0.0002656842007700671
0.06716317270701377 0.06504462904390709 0.0630598021029726 0.06119662351330436 0.059444412988860815 0.05779368744873314 0.05623600028736221 0.05476380547000766 0.053370342160249405 0.05204953640171986 0.050795917024022856 0.04960454345979823 0.048470943574425863 0.04739105994371333 0.046361203284942455 0.04537801196596995 0.04443841669593394 0.043539609647544636 0.04267901738127294 0.04185427704100504 0.041063215372892516 0.040303830187372255
0.011821497570506278 0.011129650448648767 0.01049717587897929 0.009917578398395339 0.009385210480255857 0.008895145643150313 0.008443072751124436 0.008025207630187088 0.007638218891022135 0.007279165451578055 0.006945443731645716 0.006634742872232646 0.006345006636684541 0.006074400894439047 0.00582128578468884 0.005584191815935953 0.005361799286134356 0.005152920512879483 0.004956484448663399 0.004771523326326561 0.004597161037478957 0.004432602994203916
