5.356756299781241 1.101416886871859
5.35675637960313 1.101416886871859
5.356756299781241 1.1014169032842496
3.748964122518232 2.7535386916814577
5.150195094624285 1.6394585697123447
5.150195171368173 1.6394585697123447
5.150195094624285 1.639458594142181
5.997781503457608 0.8582909722277233
5.409056540727058 1.512849534849069
5.409056621328282 1.512849534849069
5.409056540727058 1.5128495573922838
5.811754183206538 1.1005498953983595
5.5125445733594205 1.4125998410902325
5.512544655502736 1.4125998410902325
5.5125445733594205 1.4125998621396105
5.719098397866879 1.2116654896996075
5.565173435376133 1.363404857788679
5.56517351830368 1.363404857788679
5.565173435376133 1.3634048781049946
5.669627063247353 1.2641616533795217
5.66962714773138 1.2641616533795217
5.669627063247353 1.2641616722169982
5.778352138455715 1.1696173144808166
5.778352224559872 1.1696173144808166
5.778352138455715 1.1696173319094727
5.890244574403019 1.0788436576489155
5.807390375211564 1.1483037816691293
5.807390461748424 1.1483037816691293
5.807390375211564 1.148303798780189
5.863059341173774 1.102577315285725
5.82137740729253 1.1369576632902776
5.821377494037813 1.1369576632902776
5.82137740729253 1.136957680232267
5.835347047745676 1.1255901387439784
5.8353471346991235 1.1255901387439784
5.835347047745676 1.1255901555165786
5.821380745472108 1.1369617643755314
5.831875588427933 1.1284575743577385
5.831875675329651 1.1284575743577385
5.831875588427933 1.1284575911730668
0.27140726004309546 5.831875588427933 1.1284575743577385 0.0002833214390267695
0.06594326017142915 0.06383815652332324 0.061866771068757744 0.06001696677432404 0.05827800930786198 0.0566403733753128 0.05509557974798011 0.05363605754578184 0.05225502739690545 0.05094640192785328 0.049704700699792034 0.04852497723521057 0.04740275620213201 0.04633397916383367 0.04531495757747877 0.04434233194867934 0.04341303623128045 0.04252426671080732 0.04167345473252946 0.040858242736099226 0.04007646314228828 0.039326119706725206
0.011514099967381133 0.01082966938181739 0.010204600297942446 0.00963234221653314 0.009107205853980602 0.008624233516726938 0.008179091223482303 0.0077679785843557106 0.0073875532359352625 0.007034867254420169 0.006707313462425604 0.006402579937580167 0.006118611344434437 0.005853575962410662 0.005605837484650685 0.005373930825854045 0.005156541309499681 0.0049524867124520824 0.004760701732775704 0.004580224518497148 0.004410184954136777 0.004249794450524334
