5.450811967855364 5.522012902717647
5.450812049078792 5.522012902717647
5.450811967855364 5.522012985002052
3.9149779014528816 3.977845626647566
3.9149779597905985 3.977845626647566
3.9149779014528816 3.977845685922085
4.030910227659595 3.699875235813842
4.030910287724838 3.699875235813842
4.030910227659595 3.699875290946279
5.59816565775966 0.7729327769222052
4.424399207469444 2.9690390492639747
4.424399273398129 2.9690390492639747
4.424399207469444 2.969039093506104
4.869406321376082 2.268379518981947
4.869406393935891 2.268379518981947
4.869406321376082 2.268379552783436
5.011427997463293 2.117086631437494
5.011428072139389 2.117086631437494
5.011427997463293 2.117086662984543
5.261088843196999 1.7855625157111006
5.075092399491411 2.035161253870821
5.075092475116181 2.035161253870821
5.075092399491411 2.0351612841970868
5.201805902601854 1.8708341945359717
5.201805980114802 1.8708341945359717
5.201805902601854 1.8708342224135737
5.2368117053979475 1.832548104838002
5.236811783432523 1.832548104838002
5.2368117053979475 1.8325481321450967
5.30303735258729 1.752678916602534
5.253473486678977 1.8126686489102575
5.241081359227617 1.827667475893922
5.241081437325815 1.827667475893922
5.241081359227617 1.8276675031282896
0.17831474229629285 5.241081359227617 1.827667475893922 0.0002365673400272725
0.0651358356032418 0.06303864338294671 0.061075441021717435 0.05923399674021981 0.057503500360158444 0.055874365947727024 0.054338065904080086 0.05288699090401156 0.05151433117670174 0.050213975484621885 0.048980424840420915 0.047808718546385805 0.046694370577126144 0.04563331467673793 0.044621856824825924 0.04365663395535978 0.04273457799928705 0.04185288447465169 0.04100898497337779 0.04020052299717535 0.03942533268041429 0.03868142000864595
0.011162047267017144 0.010491770057199545 0.009880107639977681 0.009320541813136388 0.008807417699581847 0.008335812873331043 0.007901428595579687 0.007500499075946156 0.00712971548787471 0.006786162108045992 0.006467262456404334 0.0061707337157868875 0.005894548030920296 0.00563689954328949 0.00539617622465512 0.005170935738342784 0.004959884692066555 0.004761860755413704 0.0045758172042606295 0.004400809527296676 0.004235983789657528 0.004080566497918114
