6.736010257773852 2.2460908604748813
6.736010358148227 2.2460908604748813
6.736010257773852 2.246090893944243
5.161425080011169 1.7328363399595514
5.1614251569223955 1.7328363399595514
5.161425080011169 1.732836365780825
5.377302667630667 1.5092409948454482
5.377302747758721 1.5092409948454482
5.377302667630667 1.5092410173348916
4.1089777911325545 2.8405178388337324
5.064389842303594 1.845982276063
5.303366359212281 1.5972196440627404
5.303366438238598 1.5972196440627404
5.303366359212281 1.5972196678631678
5.148989743058677 1.767499243743722
5.265569044809529 1.6404986011793234
5.265569123272622 1.6404986011793234
5.265569044809529 1.6404986256246576
5.188979475775126 1.7261774103199892
5.246596027404161 1.662072911986983
5.246596105584534 1.662072911986983
5.246596027404161 1.6620729367537994
5.20845793582024 1.7050518728340767
5.237102859505735 1.6728542074715138
5.237102937544649 1.6728542074715138
5.237102859505735 1.6728542323989841
5.218073395097138 1.6943787460405932
5.21807347285249 1.6943787460405932
5.218073395097138 1.694378771288804
5.199189647408408 1.7160312366483335
5.1991897248823715 1.7160312366483335
5.199189647408408 1.7160312622191916
5.203950117625548 1.7106528478951992
5.203950195170448 1.7106528478951992
5.203950117625548 1.710652873385913
0.1875531750288273 5.203950117625548 1.7106528478951992 0.0002610542106352047
0.06606739288696208 0.06396352841811016 0.06199306163333485 0.06014390712925944 0.05840537359829638 0.05676797172470264 0.0552232524635597 0.053763670333738606 0.05238246739581648 0.05107357440817666 0.04983152630782712 0.048651389683955513 0.04752870033038895 0.046459409299894436 0.04543983615563792 0.04446662833633991 0.04353672573205303 0.0426473297151531 0.041795875992471615 0.0409800107445653 0.04019756960093579 0.039446559068793643
0.011657033990514092 0.01096581980758733 0.010334421969061444 0.009756254712976491 0.009225596107229082 0.00873745834541599 0.008287479748897571 0.007871834502250296 0.007487156933477786 0.007130477769384121 0.006799170287188686 0.006490904673965132 0.0062036092174942575 0.0059354372023711546 0.005684738586678863 0.0054500356973376535 0.005230002314255839 0.005023445620838503 0.004829290586131547 0.0046465664157440655 0.004474394767758893 0.004311979478542296
