2.504946748650677 6.680517657156548
2.504946785977292 6.680517657156548
2.504946748650677 6.680517756704019
2.7436664801955417 5.914043334866708
2.743666521079358 5.914043334866708
2.7436664801955417 5.914043422992821
3.9258017406777417 3.114329478737923
3.046797733594437 5.217371580124928
3.046797778995261 5.217371580124928
3.046797733594437 5.217371657869823
3.6724211344494195 3.8326132174957817
3.6724211891727587 3.8326132174957817
3.6724211344494195 3.832613274606169
4.411703990881657 2.5050510830726505
3.8836591643870952 3.5168783328716815
3.8836592222581263 3.5168783328716815
3.8836591643870952 3.5168783852772525
4.250930200891468 2.8517827935788818
4.250930264235264 2.8517827935788818
4.250930200891468 2.851782836073757
4.663977125915359 2.214105501862699
4.663977195414034 2.214105501862699
4.663977125915359 2.214105534855442
5.1287469009740745 1.6130820856516102
4.794527129651973 2.076141005743204
4.7945272010959945 2.076141005743204
4.794527129651973 2.0761410366801156
5.024740002010755 1.7739621579380285
4.853139492348962 2.001415057402881
4.853139564666376 2.001415057402881
4.853139492348962 2.001415087226289
4.969887597308975 1.8515905412068254
4.969887671366071 1.8515905412068254
4.969887597308975 1.8515905687976746
5.092262096478432 1.7063253092407402
5.09226217235905 1.7063253092407402
5.092262096478432 1.7063253346669687
5.0632422799891845 1.7439111357582107
5.0632423554373736 1.7439111357582107
5.0632422799891845 1.7439111617445116
5.125186506906329 1.6719230175169248
5.078831248399509 1.7260031741232376
5.078831324079992 1.7260031741232376
5.078831248399509 1.726003199842689
5.094391314505657 1.70807009383038
5.082749753230166 1.7215447821465013
5.079838959703684 1.7249139018327522
5.079839035399183 1.7249139018327522
5.079838959703684 1.7249139275359722
0.18518024866087834 5.079838959703684 1.7249139018327522 0.00044909973835878736
0.06693215815439121 0.06482072857549927 0.06284232092052512 0.060984960928707366 0.059238046913352035 0.057592161803926685 0.05603891472972734 0.0545708069576588 0.05318111799505435 0.051863808459231955 0.05061343694477949 0.04942508862265051 0.048294313709143964 0.047217074268658024 0.046189698077984065 0.045208838494488035 0.04427143944571318 0.04337470480151155 0.042516071507915816 0.041693185959466 0.04090388316748451 0.04014616834894226
0.01205516353647507 0.011347871310632222 0.010701252731613188 0.010108683361846317 0.00956440058767366 0.009063375254865383 0.008601204615444325 0.00817402271606704 0.007778425116056236 0.007411405422663659 0.007070301607277196 0.00675275044594984 0.006456648731539217 0.006180120148939385 0.005921486901820276 0.005679245338683677 0.005452044955507697 0.005238670257765829 0.005038025050890476 0.004849118799039533 0.004671054750286397 0.004503019574454528
