6.517614324261131 1.4297356408390867
6.517614421381152 1.4297356408390867
6.517614324261131 1.429735662143808
5.832453296541472 1.2846496163215848
5.832453383451799 1.2846496163215848
5.832453296541472 1.2846496354643557
7.195255566825825 0.05116879721289758
6.175629772061095 0.9790371712420263
5.920667968851588 1.2110545224951794
5.920668057076416 1.2110545224951794
5.920667968851588 1.211054540541298
6.095348161585226 1.061792687952878
5.964993090232759 1.1745196052779594
5.964993179118083 1.1745196052779594
5.964993090232759 1.1745196227796653
6.053112094105263 1.100809989876601
6.053112184303662 1.100809989876601
6.053112094105263 1.1008100062799482
6.144007677561057 1.0305528966095925
6.144007769113906 1.0305528966095925
6.144007677561057 1.0305529119660273
6.236885109600666 0.9629374481985502
6.236885202537497 0.9629374481985502
6.236885109600666 0.9629374630997114
6.331724782966147 0.8981030236848142
6.331724877316199 0.8981030236848142
6.331724782966147 0.8981030385859754
6.428462332736407 0.836135994463259
6.42846242852796 0.836135994463259
6.428462332736407 0.8361360093644202
6.5270138955962045 0.7770965525283123
6.527013992856291 0.7770965525283123
6.5270138955962045 0.7770965674294735
6.503011851047503 0.7928693454916178
6.50301194794993 0.7928693454916178
6.503011851047503 0.792869360392779
6.486778927329724 0.8025812248300063
6.4867790239902625 0.8025812248300063
6.486778927329724 0.8025812397311675
6.496236461430725 0.7970008565321989
6.496236558232192 0.7970008565321989
6.496236461430725 0.7970008714333601
6.490621891262325 0.8003429448662306
6.490621987980128 0.8003429448662306
6.490621891262325 0.8003429597673918
6.4939225686658855 0.7983876820596256
6.493922665432873 0.7983876820596256
6.4939225686658855 0.7983876969607868
0.36611041382960985 6.4939225686658855 0.7983876820596256 0.00013514748547385752
0.06481342259647402 0.06271192218542324 0.06074530901331188 0.05890121392669985 0.05716871151697004 0.055538118863773606 0.05400082647464812 0.05254915566646565 0.05117623776160535 0.049875911360386535 0.048642634655316104 0.04747141031312982 0.04635772089880919 0.045297473175825206 0.04428694990739295 0.043322768018944566 0.04240184217357747 0.041521352968711185 0.04067871909050418 0.03987157286820381 0.03909773875785838 0.03835521435715733
0.010764802969323639 0.010111435532045309 0.009515666058934176 0.008971044323515082 0.008471979739356122 0.008013610326728935 0.007591693923934191 0.0072025175159716945 0.0068428213786309415 0.006509735385444346 0.006200725337983209 0.005913547586981856 0.005646210535965276 0.005396941878298922 0.005164160626684253 0.004946453161805101 0.004742552662434977 0.004551321389371785 0.0043717353851992265 0.004202871225121409 0.004043894514172932 0.00389404987550571
