6.5424032676155885 5.15690878674596
6.542403365104994 5.15690878674596
6.5424032676155885 5.15690886358989
4.124482312958559 3.2755530665726464
4.124482374418135 3.2755530665726464
4.124482312958559 3.275553115382191
4.060586060724909 3.316796654331624
4.060586121232356 3.316796654331624
4.060586060724909 3.3167967037557458
2.1966031958570262 6.617425933992376
3.5943498637295512 4.14192051950617
3.594349917289538 4.14192051950617
3.5943498637295512 4.1419205812255955
3.2318444614233104 4.9184206370233845
3.2318445095815456 4.9184206370233845
3.2318444614233104 4.918420710313563
2.8610851173394516 5.760395082368148
2.861085159972942 5.760395082368148
2.8610851173394516 5.760395168204724
2.9197620597455654 5.6581815678603435
2.9197621032534102 5.6581815678603435
2.9197620597455654 5.658181652173819
2.919589620636872 5.659214483674198
2.9195896641421473 5.659214483674198
2.919589620636872 5.659214568003065
0.06067419183125389 2.919589620636872 5.659214483674198 0.0005014669435820702
0.06592015081989563 0.06386966823214789 0.061949089482514576 0.06014658776661181 0.05845171548311309 0.056855211019342676 0.05534883676506376 0.05392524268798931 0.052577850936677724 0.05130075782314056 0.05008865023580102 0.04893673408637499 0.04784067283433667 0.04679653448466947 0.04580074573755296 0.0448500521971239 0.04394148373177762 0.04307232422944786 0.042240085114801554 0.04144248209671355 0.040677414698012546 0.03994294818869716
0.012173184758891195 0.011494730201808174 0.010873523036328502 0.010303310299907343 0.009778664175706577 0.009294855855945307 0.00884775111494691 0.008433723470031728 0.008049581658592845 0.007692508821608267 0.007360011301830512 0.007049875372272928 0.00676013053255094 0.006489018266249096 0.006234965356359092 0.005996561019159307 0.005772537248306831 0.005561751867066585 0.00536317387270417 0.005175870727178578 0.004998997305573721 0.004831786260714255
