4.605185777110572 1.4551111584901797
4.605185845733188 1.4551111584901797
4.605185777110572 1.4551111801730257
6.519429144322834 0.21969217079935888
5.157366788923207 1.594781714433518
5.1573668657739615 1.594781714433518
5.157366788923207 1.5947817381976173
5.975837453815103 0.8024732475298718
5.393646924813442 1.4358017443596782
5.393647005185044 1.4358017443596782
5.393646924813442 1.4358017657547915
5.800310383449866 1.0370078559739504
5.498068065685498 1.3389928671106104
5.498068147613097 1.3389928671106104
5.498068065685498 1.3389928870631589
5.706659618825954 1.1451050194784318
5.551205616472765 1.2916079112686734
5.551205699192175 1.2916079112686734
5.551205616472765 1.2916079305151311
5.656669934399838 1.1959365413640677
5.577835713342891 1.2679843790044114
5.57783579645912 1.2679843790044114
5.577835713342891 1.267984397898851
5.630861366298546 1.220474238271741
5.591161796291347 1.2561850634632834
5.59116187960615 1.2561850634632834
5.591161796291347 1.2561850821818996
5.61774749230984 1.2325115740042865
5.6177475760208 1.2325115740042865
5.61774749230984 1.2325115923701402
5.644598597278831 1.2091395501745639
5.624531999841002 1.226752013165416
5.62453208365306 1.226752013165416
5.624531999841002 1.2267520314454454
5.611137351901075 1.2384734354576823
5.621188075833128 1.2296877742428587
5.621188159595358 1.2296877742428587
5.621188075833128 1.2296877925666345
0.2522153688145037 5.621188075833128 1.2296877742428587 0.00025008488392981836
0.06679813078606 0.06468174307641782 0.06269909975878189 0.060838123847843366 0.05908812704938945 0.05743961899427 0.05588414655167006 0.05441415792244777 0.05302288723662905 0.05170425618894616 0.05045278989018926 0.049263544626470895 0.04813204563120508 0.047054233307198705 0.04602641660543322 0.04504523248586297 0.044107610564035324 0.04321074219351894 0.0423520533543096 0.041529180816546885 0.04073995113098804 0.03998236206591002
0.011790237429936512 0.011095485603745264 0.010460560952284446 0.009878906228799562 0.009344820631761647 0.008853331726238669 0.008400088717245383 0.007981273181451108 0.007593524129468825 0.007233874876044454 0.006899699675516329 0.006588668462290497 0.006298708341844968 0.006027970723219758 0.005774803181706207 0.005537725300365114 0.0053154078687793725 0.0051066549231292 0.00491038819803163 0.004725633631378563 0.0045515096216307786 0.004387216785060895
