1.7714212166151977 3.9956671746406895
1.771421243011431 3.9956671746406895
1.7714212166151977 3.9956672341807704
2.5969684227552254 5.162587342254476
2.5969684614530704 5.162587342254476
2.5969684227552254 5.162587419183022
4.0844174420098485 2.8592786684227693
4.0844175028724115 2.8592786684227693
4.0844174420098485 2.859278711029342
5.9867653249617465 0.0854705860432472
4.660734767212088 2.24697399567024
4.660734836662448 2.24697399567024
4.660734767212088 2.246974029152762
5.661488209078076 0.895409259889981
4.927557198984127 1.9220579175762698
4.927557272410451 1.9220579175762698
4.927557198984127 1.9220579462171645
4.411190033549692 2.585702115971805
4.8044802149269685 2.092478640995025
4.804480286519302 2.092478640995025
4.8044802149269685 2.0924786721753863
5.059480622078411 1.7582041127202694
4.870166000949837 2.0104227499307488
4.8701660735209655 2.0104227499307488
4.870166000949837 2.010422779888382
4.742252776782329 2.1772441336267567
4.838602681934379 2.052443040608909
4.838602754035177 2.052443040608909
4.838602681934379 2.0524430711926933
4.806927113995177 2.0943787811136096
4.830793715489168 2.0630091084231132
4.830793787473604 2.0630091084231132
4.830793715489168 2.0630091391643446
4.838738833145959 2.0525450341011036
4.838738905248786 2.0525450341011036
4.838738833145959 2.052545064686408
4.830793704438434 2.06300910003255
4.836760089886473 2.0551667576253982
4.836760161959815 2.0551667576253982
4.836760089886473 2.0551667882497693
0.15891924024144788 4.836760089886473 2.0551667576253982 0.00028590237455325374
0.06692285881760598 0.06480771522759504 0.06282601253511767 0.060965721517123546 0.059216193842971866 0.05756797269370401 0.056012633192680704 0.054542647404316864 0.053151269668464694 0.05183243883824702 0.0505806946257065 0.04939110576833015 0.04825920813784172 0.04718095124185547 0.046152651835506285 0.04517095357683615 0.04423279183654828 0.043335362917619684 0.04247609705940841 0.041652634699227774 0.04086280554580938 0.04010461008676628
0.011912181335316744 0.011211514232214132 0.010571074461501441 0.009984273728494395 0.009445382452537943 0.008949401631374315 0.008491956017771812 0.008069204731335195 0.007677766189130472 0.007314654840199464 0.006977227666497877 0.006663138793333568 0.006370300856862038 0.006096852020743246 0.0058411277312037276 0.0056016364592465845 0.005377038808252845 0.005166129470725048 0.004967821604173092 0.004781133266879571 0.004605175612483093 0.004439142590354395
