3.949593505629427 2.4063971436874994
3.9495935644829565 2.4063971436874994
3.949593505629427 2.406397179545611
1.8775719654852283 6.541220333382067
3.9096719922305234 3.5619418322744596
3.909672050489176 3.5619418322744596
3.9096719922305234 3.561941885351529
2.9518791308888503 5.666732048181333
2.9518791748752773 5.666732048181333
2.9518791308888503 5.666732132622221
2.6752929281401308 6.6227484308030204
2.675292968005102 6.6227484308030204
2.6752929281401308 6.622748529489662
2.719860375377745 6.555277498973683
2.719860415906823 6.555277498973683
2.719860375377745 6.55527759665493
2.7188339994643926 6.558246930401584
2.7188340399781765 6.558246930401584
2.7188339994643926 6.558247028127078
0.05330461947128662 2.7188339994643926 6.558246930401584 0.0005081678711819116
0.06452032766049123 0.062498327241496 0.06060572353336915 0.058830593194420536 0.05716242269645763 0.05559190774499714 0.054110785672919756 0.05271169471365629 0.05138805530159218 0.05013396951415401 0.04894413552733724 0.047813774553045474 0.04673856819923277 0.04571460457022887 0.04473833172590288 0.04380651736066281 0.04291621375914118 0.04206472724441927 0.04124959146429279 0.04046854396724326 0.039719505607058794 0.039000562387086886
0.011662360107471363 0.011016837242357731 0.010425964848126891 0.00988371917429635 0.009384882523276596 0.008924917791526628 0.008499865070296014 0.008106256015695203 0.007741042606199433 0.0074015376072451835 0.0070853646074599515 0.006790415916572457 0.006514816949088564 0.006256895981389972 0.006015158378910328 0.0057882645565589825 0.0055750110688439535 0.0053743143333028045 0.005185196577375766 0.00500677366901385 0.004838244548431688 0.004678882025096442
