6.6546471776225005 2.8428301647324408
6.654647276784471 2.8428301647324408
6.6546471776225005 2.842830207093911
4.8429405411965725 2.082671939948903
4.8429406133620105 2.082671939948903
4.8429405411965725 2.0826719709831334
6.3906923371662225 0.05215434044892664
5.2388541964354 1.5820114146592292
4.950581143204317 1.9648732247663763
4.950581216973725 1.9648732247663763
4.950581143204317 1.964873254045269
5.148738151187774 1.7147013914517133
5.000974398292372 1.903016301415459
5.000974472812698 1.903016301415459
5.000974398292372 1.9030163297726117
5.10123406686252 1.7788751101957518
5.101234142876831 1.7788751101957518
5.10123406686252 1.7788751367030566
5.205640764992835 1.6582008466398095
5.205640842562928 1.6582008466398095
5.205640764992835 1.6582008713489276
5.313340665516277 1.5404563438955856
5.313340744691223 1.5404563438955856
5.313340665516277 1.5404563668501738
5.424551519717604 1.4260221601607634
5.342325753032187 1.5130464098770986
5.342325832639044 1.5130464098770986
5.342325753032187 1.513046432423247
5.397637752229937 1.4555456110169167
5.3562266606250395 1.498741700394007
5.356226740439037 1.498741700394007
5.3562266606250395 1.4987417227269986
5.370114084865767 1.48442390051907
5.370114164886703 1.48442390051907
5.370114084865767 1.48442392263871
5.35622786604107 1.498742869478227
5.36666433362335 1.4880246591817325
5.366664413592881 1.4880246591817325
5.36666433362335 1.4880246813550277
0.21174090398701206 5.36666433362335 1.4880246591817325 0.0003178922195616672
0.06634072192209546 0.06423557570103017 0.062263593380100936 0.060412739041073416 0.05867236196957675 0.057033006207001344 0.05548625015591321 0.054024570940160076 0.05264122924486368 0.0513301711716782 0.05008594428876825 0.04890362556935327 0.04777875932534511 0.046707303575131066 0.04568558355363272 0.044710251291405274 0.043778250367898515 0.04288678509006332 0.0420332934675551 0.04121542345484115 0.04043101201253278 0.03967806660839506
0.011820874589205985 0.011122992069308148 0.010485294935322291 0.00990117789920238 0.009364899449132224 0.008871452528437004 0.008416456796164783 0.007996068530026008 0.007606905007900847 0.007245980816732949 0.006910654023536003 0.006598580530198292 0.006307675243138942 0.006036078937153197 0.005782129892789056 0.005544339548300001 0.00532137153841931 0.0051120235990239305 0.004915211904024878 0.004729957472351564 0.004555374341716848 0.004390659254368967
