5.418947988060722 1.110512780958426
5.41894806880934 1.110512780958426
5.418947988060722 1.110512797506356
7.03203854176328 0.10274615403469833
5.885658666672257 1.0194932129026293
5.885658754375406 1.0194932129026293
5.885658666672257 1.019493228094262
6.658971955036235 0.46595890029309994
6.0852934926667555 0.8903739228065235
6.085293583344694 0.8903739228065235
6.0852934926667555 0.8903739377076847
6.083657151569137 0.8987673707976167
6.083657242222693 0.8987673707976167
6.083657151569137 0.8987673856987779
6.102597988066013 0.886357377559224
6.0884137645660745 0.8956977887399878
6.08841385529051 0.8956977887399878
6.0884137645660745 0.895697803641149
6.095820937388989 0.8908411215652682
6.090267449421963 0.8944865119199708
6.090267540174019 0.8944865119199708
6.090267449421963 0.8944865268211319
0.3198675545080468 6.090267449421963 0.8944865119199708 0.0005312611188124683
0.06538746628778551 0.06331017916018902 0.0613643827560651 0.0595381848527635 0.05782106268142202 0.056203674545967475 0.05467770118360109 0.05323571162067819 0.05187104929212096 0.0505777349948657 0.04935038388364325 0.048184134226725066 0.047074586047852106 0.046017748109760545 0.045009991961080076 0.044048011984789394 0.04312879056294096 0.04224956761691876 0.04140781390131073 0.04060120752749367 0.03982761327417564 0.03908506430954898
0.011984919012094515 0.011275145062058916 0.010626701307796853 0.010032847275756287 0.009487724819828193 0.008986225940417581 0.008523882669230662 0.008096774991977132 0.007701453573968364 0.007334874679902823 0.0069943451759506454 0.006677475897928388 0.006382141985714007 0.006106449037957677 0.0058487041456843445 0.005607391028756602 0.005381148633346203 0.005168752657810513 0.0049690995636196 0.004781192701131875 0.004604130240167564 0.004437094644945513
