4.40150103327619 3.5844648729411137
4.401501098863667 3.5844648729411137
4.40150103327619 3.5844649263538026
4.134325751419292 3.375247410517865
4.134325813025546 3.375247410517865
4.134325751419292 3.375247460812971
3.8682999622393712 3.8474340127417666
3.8683000198815325 3.8474340127417666
3.8682999622393712 3.847434070073001
3.4285163613153933 4.707866390424046
3.763778942317143 4.065229673068757
3.7637789984018197 4.065229673068757
3.763778942317143 4.065229733645399
3.546506247994537 4.49677451355837
3.5465063008415982 4.49677451355837
3.546506247994537 4.496774580565532
3.5377181769465738 4.526576789882728
3.5377182296626826 4.526576789882728
3.5377181769465738 4.526576857333978
3.538651432308926 4.524697053213316
3.5386514850389417 4.524697053213316
3.538651432308926 4.5246971206365565
0.07402093953634603 3.538651432308926 4.524697053213316 0.00021658749365110677
0.0646471145402027 0.06259979310462305 0.06068278408263604 0.05888420021737531 0.05719353922335729 0.05560149045410377 0.05409977263331513 0.05268099705780527 0.05133855178665258 0.05006650320016957 0.048859511998797 0.04771276125704509 0.0466218945824373 0.04558296277800068 0.04459237768758365 0.04364687213038657 0.04274346501559924 0.04187943087856689 0.04105227320320473 0.04025970099676986 0.03949960816678453 0.038770055319228454
0.011821170361159707 0.011135832276038603 0.010509421541502835 0.009935438873143784 0.009408244803099947 0.008922928690716576 0.008475200092460423 0.008061298297415566 0.007677916686508256 0.007322139240130804 0.006991387042846865 0.006683373047738551 0.006396063691315305 0.006127646211553635 0.005876500731012229 0.005641176335202697 0.0054203705121162035 0.0052129114287203255 0.005017742609591579 0.004833909655749999 0.004660548701453465 0.0044968763557536396
