3.4859889994135145 1.7616298132004544
3.4859890513587986 1.7616298132004544
3.4859889994135145 1.7616298394507843
6.114837968149159 0.18409409796024323
4.0696587758831155 2.258415689223498
4.069658836525757 2.258415689223498
4.0696587758831155 2.2584157228765145
3.6477961159851664 3.7321518781338656
3.6477961703415644 3.7321518781338656
3.6477961159851664 3.732151933747262
2.5659456837991073 6.186788274974255
2.5659457220346775 6.186788274974255
2.5659456837991073 6.186788367164584
3.008697919471097 5.5074722713004
3.00869796430419 5.5074722713004
3.008697919471097 5.507472353368132
3.081339011976492 5.373969121001589
3.0813390578920212 5.373969121001589
3.081339011976492 5.373969201079969
3.081080489189671 5.375571703094573
3.081080535101348 5.375571703094573
3.081080489189671 5.3755717831968335
0.06501014620181267 3.081080489189671 5.375571703094573 0.00023880173364551805
0.06622683382660201 0.06415409168060562 0.06221291982294346 0.060391325636765684 0.058678715529521766 0.057065699020914386 0.05554392446170835 0.054105940653155576 0.052745079779242456 0.05145535795934239 0.05023139043448278 0.04906831895948146 0.04796174941840032 0.04690769803704545 0.04590254485272947 0.04494299333293919 0.04402603522232882 0.04314891985047206 0.04230912725800946 0.04150434460167731 0.04073244538352481 0.03999147111983136
0.01181329204268684 0.011146986368232586 0.010537236984246886 0.009977845501381533 0.009463432621058166 0.008989312950458782 0.008551391331070836 0.008146076606498642 0.007770209592832971 0.007421002667702568 0.007095988905536617 0.006792979089148703 0.006510025246174945 0.006245389611917995 0.005997518122097635 0.0057650177008957484 0.005546636740001968 0.005341248269700236 0.0051478354085131095 0.004965478747549065 0.004793345382628057 0.0046306793539757085
