4.694577728814597 4.445357773811752
4.694577798769257 4.445357773811752
4.694577728814597 4.445357840052745
3.9354962748285525 3.739999607811312
3.9354963334720168 3.739999607811312
3.9354962748285525 3.7399996635416493
3.8632401610794718 3.850926160871972
3.863240218646236 3.850926160871972
3.8632401610794718 3.8509262182552435
3.147556802448118 5.221145285327144
3.6845238525904773 4.193587693594645
3.684523907494161 4.193587693594645
3.6845238525904773 4.193587756083971
3.3418408604463816 4.886403792286288
3.341840910243691 4.886403792286288
3.3418408604463816 4.886403865099378
3.352132363595879 4.892815188480464
3.3521324135465433 4.892815188480464
3.352132363595879 4.892815261389091
3.351781925339546 4.893641305066157
3.351781975284989 4.893641305066157
3.351781925339546 4.893641377987095
0.07036131989088312 3.351781925339546 4.893641305066157 0.0001416397434070883
0.06547766435759231 0.06341122005718698 0.061476263629768 0.0596607950948352 0.057954214341577895 0.05634712532402164 0.05483117180160057 0.053398898927812945 0.052043636121125975 0.050759397540222975 0.049540797186244934 0.048382976210285034 0.04728154044726869 0.046232506552075975 0.04523225539922102 0.04427749163815733 0.04336520848362786 0.042492656973231235 0.04165731904942524 0.04085688392596573 0.0400892272835681 0.03935239290978798
0.011684635782183265 0.01101364182842192 0.010400105253458964 0.009837698823669918 0.009320932758616082 0.008845026868984812 0.008405804599233962 0.007999604846685285 0.007623208272218856 0.00727377547644591 0.0069487949322375895 0.006646038972181787 0.006363526452521747 0.006099490972146657 0.0058523537306172085 0.005620700274071886 0.005403260510718867 0.005198891485112069 0.005006562487716117 0.004825342147440377 0.004654387213057788 0.004492932777240476
