6.433625660141873 1.4633607592704592
6.433625756010366 1.4633607592704592
6.433625660141873 1.4633607810762337
5.592994083284257 1.2786971655979626
5.592994166626363 1.2786971655979626
5.592994083284257 1.2786971846520352
3.5102602508991576 3.1789537368142984
5.0776858393336095 1.759586567674754
5.469707000108737 1.4045944266053099
5.4697070816137225 1.4045944266053099
5.469707000108737 1.4045944475353977
5.220888133206627 1.6541710126502922
5.409596663020783 1.469008739276815
5.409596743630055 1.469008739276815
5.409596663020783 1.469008761166751
5.286766414723865 1.5953517458517625
5.379356229521144 1.5010420072524113
5.379356309679798 1.5010420072524113
5.379356229521144 1.5010420296196803
5.318333965272734 1.5645930856678647
5.318334044522086 1.5645930856678647
5.318333965272734 1.5645931089821186
5.258795095433111 1.629535978119544
5.2587951737952645 1.629535978119544
5.258795095433111 1.6295360024015222
5.2740821679702465 1.613678521447524
5.274082246560195 1.613678521447524
5.2740821679702465 1.6136785454932077
5.303757779716992 1.5811213080701647
5.281523847019096 1.6055600368198935
5.281523925719934 1.6055600368198935
5.281523847019096 1.6055600607446023
5.279675682495374 1.6076008238311845
5.279675761168672 1.6076008238311845
5.279675682495374 1.6076008477863035
0.19166524978655586 5.279675682495374 1.6076008238311845 0.00040676599313247693
0.0649982366765837 0.06293113105138816 0.06099497634614646 0.0591779192891135 0.05746947274538224 0.055860327626143756 0.054342194520865625 0.05290766980455549 0.05155012198785498 0.05026359488091993 0.049042724780348074 0.047882669398029334 0.04677904665951101 0.045727881828698684 0.04472556168205068 0.04376879467176568 0.04285457619390669 0.04198015822186149 0.04114302268425844 0.04034085806437844 0.03957153877915756 0.0388331069631988
0.012026202487879733 0.01131425218183626 0.010663833413124641 0.010068179660804357 0.009521410936559787 0.009018400816904044 0.008554665704242742 0.008126272252510136 0.007729759694530182 0.00736207444106673 0.0070205148232522375 0.006702684249480111 0.006406451367034427 0.006129916074800056 0.005871380439598577 0.0056293237353503495 0.005402380959436504 0.005189324290655883 0.004989047043025766 0.004800549743301829 0.004622928020618037 0.0044553620465593215
