4.010271742908449 4.236012437238932
4.010271802666154 4.236012437238932
4.010271742908449 4.236012500360436
3.8237691509231646 4.00795109102876
3.823769207901765 4.00795109102876
3.8237691509231646 4.007951150751885
5.062982080785858 1.584846339335901
4.13339940844405 3.4018249734943122
4.133399470036501 3.4018249734943122
4.13339940844405 3.4018250241854546
4.566438553516932 2.6486631978400457
4.566438621562169 2.6486631978400457
4.566438553516932 2.648663237308203
4.703991011742166 2.4805775237681487
4.703991081837094 2.4805775237681487
4.703991011742166 2.4805775607316343
4.9473297512546255 2.120744023075784
4.947329824975584 2.120744023075784
4.9473297512546255 2.1207440546773326
5.019843175617769 2.039903615882767
5.019843250419261 2.039903615882767
5.019843175617769 2.0399036462796993
5.152170708812406 1.8676744181530234
5.152170785585732 1.8676744181530234
5.152170708812406 1.867674445983541
5.291779673861493 1.7012929003395005
5.291779752715155 1.7012929003395005
5.291779673861493 1.7012929256907403
5.258871273274023 1.7444829363174337
5.258871351637311 1.7444829363174337
5.258871273274023 1.744482962312255
5.329716416567125 1.662176595007775
5.276731353123172 1.7240353678303948
5.276731431752597 1.7240353678303948
5.276731353123172 1.7240353935205237
5.259024987618452 1.7446161872956978
5.272340151641291 1.729210809248637
5.272340230205282 1.729210809248637
5.272340151641291 1.729210835015886
0.1825083505080839 5.272340151641291 1.729210809248637 0.00035844074551658723
0.06467864258773832 0.0626047194747033 0.06066292179769031 0.058841222399832485 0.05712898800826344 0.05551678626650462 0.05399622342834142 0.0525598072696573 0.05120083083403073 0.04991327346446683 0.048691716237505185 0.04753126944525748 0.046427510194894 0.045376428536197236 0.044374380803412314 0.04341804908125704 0.04250440588714617 0.04163068331069889 0.040794345973943796 0.03999306727645468 0.039224708473029876 0.038487300200723294
0.011567530227832051 0.010876214883762893 0.010245115592852088 0.009667561228942289 0.009137761017431826 0.00865067155896036 0.008201886238715598 0.007787542900093551 0.0074042464797032664 0.007049003945621857 0.006719169391231097 0.006412397542604045 0.006126604261061244 0.005859932881760426 0.005610725437629483 0.005377497986177093 0.005158919392972164 0.00495379303633758 0.004761040988139552 0.004579690299483236 0.004408861080826594 0.004247756116023889
