2.569672805495898 2.79094686048474
2.5696728437870067 2.79094686048474
2.569672805495898 2.790946902073089
3.8315995555533675 2.852357208083835
3.8315996126486502 2.852357208083835
3.8315995555533675 2.8523572505872696
5.900983435490618 0.07301628236425728
4.52075489612635 2.3274688694298113
4.520754963490847 2.3274688694298113
4.52075489612635 2.3274689041118
5.53957586750987 0.9261212201114428
4.795755620622091 1.9928268003460985
4.795755692084419 1.9928268003460985
4.795755620622091 1.992826830041532
5.334698762904154 1.3146062308538564
4.936257180479715 1.8280178506618432
4.936257254035679 1.8280178506618432
4.936257180479715 1.8280178779014318
5.214656149844685 1.4961975277002533
5.007639710172269 1.7465917859816382
5.007639784791915 1.7465917859816382
5.007639710172269 1.746591812007884
5.1491260458885275 1.5826274757673762
5.043513268231344 1.7060392864182883
5.0435133433855475 1.7060392864182883
5.043513268231344 1.7060393118402546
5.114833644314538 1.6245587764176448
5.114833720531498 1.6245587764176448
5.114833644314538 1.624558800625457
5.188267534381497 1.544977790345299
5.133749815876002 1.6051930127967446
5.133749892374836 1.6051930127967446
5.133749815876002 1.6051930367159846
5.1703230083415 1.565270350291158
5.142926918351342 1.5952434209986885
5.142926994986925 1.5952434209986885
5.142926918351342 1.595243444769668
5.152096859408217 1.5852872285636121
5.152096936180443 1.5852872285636121
5.152096859408217 1.5852872521862327
5.142929088416054 1.5952454192539975
5.149815149240189 1.587786157911062
5.149815225978415 1.587786157911062
5.149815149240189 1.5877861815709193
0.19689195310984697 5.149815149240189 1.587786157911062 0.0005514264103164352
0.06695868842339278 0.06485598051356994 0.06288534222695251 0.06103492118636263 0.05929421955746044 0.05765390910797353 0.056105675248524195 0.054642084981020515 0.05325647465421237 0.05194285419779364 0.050695825121075726 0.0495105100539882 0.04838249200330159 0.04730776181585384 0.046282672598985004 0.04530390005865592 0.044368407887493966 0.043473417475853086 0.042616381334897695 0.0417949597164662 0.041006999993833115 0.04025051843348986
0.012354384289901182 0.011633398982043599 0.010973996420387842 0.010369480041540705 0.009814021104759325 0.009302529922520553 0.00883054839044851 0.00839415996312936 0.007989913974278675 0.007614761795096533 0.007266002797943311 0.006941238470201817 0.00663833332581202 0.006355381505318817 0.006090678151684376 0.005842694808207372 0.005610058214202874 0.005391531979561321 0.005186000705606851 0.004992456190525161 0.004809985415980062 0.004637760059740072
