6.221495223820508 2.720903254525332
6.221495316528011 2.720903254525332
6.221495223820508 2.72090329506995
4.919790068683023 2.1634302205156466
4.919790141993608 2.1634302205156466
4.919790068683023 2.163430252753269
3.147168977365091 4.582345051157224
4.477386930936046 2.768709387030416
4.809942615775168 2.3152977613077153
4.809942687448898 2.3152977613077153
4.809942615775168 2.3152977958083403
4.596503917451931 2.6234613112035103
4.596503985945176 2.6234613112035103
4.596503917451931 2.62346135029613
4.195149730941183 3.2567055158161384
4.195149793453785 3.2567055158161384
4.195149730941183 3.2567055643448324
4.122271584965786 3.4293872713543614
4.122271646392419 3.4293872713543614
4.122271584965786 3.429387322456214
3.941509032418294 3.7577860396571845
3.9415090911513557 3.7577860396571845
3.941509032418294 3.75778609565256
3.594362657793786 4.422295482998846
3.594362711353963 4.422295482998846
3.594362657793786 4.422295548896185
2.9498854542007686 5.776172418643169
3.4420798744657852 4.764831328317513
3.4420799257567722 4.764831328317513
3.4420798744657852 4.764831399319032
3.1262801303486345 5.444797450503557
3.1262801769338386 5.444797450503557
3.1262801303486345 5.444797531637361
3.1144135763215157 5.495875832614864
3.1144136227298946 5.495875832614864
3.1144135763215157 5.495875914509796
3.115931734547746 5.492585787037161
3.1159317809787472 5.492585787037161
3.115931734547746 5.492585868883067
0.062202275526624384 3.115931734547746 5.492585787037161 0.0002651081201422516
0.06468093108394476 0.06264351435181259 0.06073601774444987 0.05894654316537929 0.057264587146692816 0.0556808446053048 0.05418704444064442 0.052775811176105726 0.05144054800847783 0.0501753375388696 0.048974857174240494 0.04783430675485843 0.04674934641334238 0.04571604303093053 0.04473082394575443 0.04379043680122954 0.0428919146118049 0.04203254527728881 0.04120984490284175 0.04042153438504748 0.039665518809605234 0.03893986927660136
0.011782772551825867 0.011113657425658919 0.010501658330754844 0.009940480441187826 0.009424665501230362 0.008949463223231988 0.00851072491882318 0.008104815126870828 0.007728537878072392 0.007379074917956931 0.007053933743292915 0.0067509037259731435 0.006468018929392543 0.00620352648491426 0.005955859605303954 0.005723614479555188 0.005505530428228761 0.0053004728071726695 0.005107418235631578 0.0049254417964759364 0.004753705914860885 0.004591450669646472
