3.2844090712908574 5.342835105472027
3.2844091202323664 5.342835105472027
3.2844090712908574 5.342835185086474
4.204295135169682 3.3102936054071765
3.5248768069203797 4.839581962787868
3.524876859445137 4.839581962787868
3.5248768069203797 4.839582034903259
4.001126094129037 3.830849864342333
4.001126153750462 3.830849864342333
4.001126094129037 3.830849921426444
4.540497256868054 2.854411141837614
4.151463288236235 3.5959651214511807
4.151463350097858 3.5959651214511807
4.151463288236235 3.5959651750352366
4.419049899949005 3.106592193376537
4.21962018971001 3.4743194664722177
4.219620252587251 3.4743194664722177
4.21962018971001 3.474319518243612
4.354906522015909 3.2304553184998563
4.354906586909073 3.2304553184998563
4.354906522015909 3.2304553666373916
4.495793713677457 2.989783522061656
4.495793780670003 2.989783522061656
4.495793713677457 2.9897835666129025
4.466741257878874 3.0432075170575614
4.466741324438505 3.0432075170575614
4.466741257878874 3.0432075624048873
4.522223193522605 2.9500508349351744
4.480700422710742 3.019971392055242
4.480700489478381 3.019971392055242
4.480700422710742 3.0199714370563226
4.499982983747572 2.9876945677739
4.485538421904992 3.01191258178879
4.485538488744723 3.01191258178879
4.485538421904992 3.011912626669785
0.11082075397164093 4.485538421904992 3.01191258178879 0.0004083235384884653
0.06407346165031932 0.06200460822097554 0.06006839912131511 0.0582526750182474 0.056546696525305834 0.05494094600769052 0.05342696115928046 0.05199719465700397 0.05064489531750764 0.04936400706260967 0.048149082697679764 0.04699521006192025 0.04589794855286861 0.04485327438333343 0.043857533215936696 0.04290739905281749 0.041999838447019704 0.04113207925637369 0.04030158328714677 0.039506022278790735 0.038743256767041864 0.03801131743383977
0.01112184158917319 0.010453208082145192 0.009843218468600732 0.009285324037211157 0.008773848037381883 0.00830385265757194 0.007871028641414514 0.007471603324583228 0.007102263723290542 0.006760091971170778 0.006442510926491668 0.0061472381876543055 0.005872247085856718 0.0056157334880934 0.0053760874555919885 0.0051518689733836475 0.0049417871045446095 0.004744682034430875 0.004559509561206098 0.0043853276632646945 0.004221284835040794 0.004066609932755106
