6.724906617772027 5.607592543813595
6.724906717980945 5.607592543813595
6.724906617772027 5.6075926273732355
4.154042442290171 3.4871002989211193
4.154042504190227 3.4871002989211193
4.154042442290171 3.487100350882963
4.151962351017861 3.4252083996143923
4.151962412886921 3.4252083996143923
4.151962351017861 3.4252084506539746
5.085112393802104 1.746794840829813
4.38525846746014 3.005621159377935
4.385258532805584 3.005621159377935
4.38525846746014 3.0056212041651804
4.558894261891965 2.729146108347434
4.558894329824783 2.729146108347434
4.558894261891965 2.7291461490148805
4.911140203957451 2.1793514484065124
4.649422719523372 2.593309592283267
4.649422788805169 2.593309592283267
4.649422719523372 2.593309630926591
4.828707398365136 2.320463762403288
4.69494336954919 2.5255629273792284
4.694943439509298 2.5255629273792284
4.69494336954919 2.525562965013049
4.785401251016569 2.3896794021894325
4.785401322324604 2.3896794021894325
4.785401251016569 2.3896794377984305
4.878884814155464 2.255859432975461
4.878884886856513 2.255859432975461
4.878884814155464 2.255859466590386
4.9748186977103925 2.1237850193911423
4.974818771840968 2.1237850193911423
4.9748186977103925 2.123785051038005
4.951743150637803 2.157444404017112
4.951743224424526 2.157444404017112
4.951743150637803 2.157444436165539
4.903492258146585 2.2232744242069464
4.939744856685159 2.173948939870947
4.939744930293093 2.173948939870947
4.939744856685159 2.1739489722653107
4.927721128335003 2.190434955705169
4.936753712191099 2.178081188315915
4.936753785754462 2.178081188315915
4.936753712191099 2.178081220771854
0.14981439014620768 4.936753712191099 2.178081188315915 0.00034356217380095697
0.0649514457564908 0.06286612727191859 0.06091380121316298 0.059082347681376005 0.057361053112517456 0.055740415335098395 0.05421197964577265 0.05276820038789491 0.05140232359306421 0.050108287094153714 0.048880635191374186 0.04771444548933643 0.04660526595258078 0.04554906057247566 0.04454216231741231 0.04358123226455755 0.042663223995765116 0.04178535249097811 0.04094506687617722 0.040140026484859995 0.03936807977631528 0.038627245723884186
0.011385508772382345 0.01070385975218769 0.010081674960413716 0.00951235676508746 0.008990179489982361 0.00851015750509323 0.00806793555825301 0.007659697246470402 0.007282088341295228 0.006932152325123177 0.0066072760037130885 0.006305143464009934 0.006023696968434525 0.005761103634676008 0.005515726957290975 0.005286102394627928 0.005070916379989511 0.004868988225962568 0.004679254480553985 0.004500755367164532 0.004332623000678368 0.004174071121556761
