5.045640434331004 3.5938674659851833
5.045640509516905 3.5938674659851833
5.045640434331004 3.593867519537982
4.43248219802218 3.168761778306594
4.432482264071312 3.168761778306594
4.43248219802218 3.168761825524824
4.216672504823325 3.52981446536199
4.216672567656642 3.52981446536199
4.216672504823325 3.529814517960324
2.8046207838135064 6.11753996886848
3.8671199844624975 4.178622117542848
3.867120042087076 4.178622117542848
3.8671199844624975 4.17862217980917
3.2175788309089057 5.50174328580993
3.7139720407916164 4.5137792312285665
3.7139720961341123 4.5137792312285665
3.7139720407916164 4.513779298489118
3.3956924741781402 5.178487025297045
3.395692524777901 5.178487025297045
3.3956924741781402 5.1784871024625145
3.1441570840974067 5.758989378359399
3.144157130948998 5.758989378359399
3.1441570840974067 5.758989464175028
3.1749092576462306 5.703179713155525
3.1749093049560653 5.703179713155525
3.1749092576462306 5.703179798139526
3.174324704032776 5.704713071495623
3.1743247513339 5.704713071495623
3.174324704032776 5.704713156502471
0.060298155210585014 3.174324704032776 5.704713071495623 0.00023359764874458376
0.0634564821667243 0.06143495056728147 0.05954337144710352 0.057769744497235334 0.05610348787543889 0.054535236901801155 0.05305667570178934 0.051660395744162604 0.05033977644520719 0.04908888396621591 0.04790238508122328 0.046775473584142295 0.045703807174386685 0.044683453134935734 0.043710841417322954 0.042782723990093315 0.04189613950314849 0.04104838247959759 0.04023697637667399 0.03945964996377478 0.03871431655331156 0.03799905569243972
0.011306466983954811 0.010657457271629703 0.010064367725825033 0.009520976299651122 0.009021896066800313 0.008562445513014695 0.008138541493531248 0.00774661048935229 0.00738351470903788 0.007046490291297767 0.006733095416008922 0.0064411665640702965 0.006168781507306891 0.0059142278793016334 0.005675976392414692 0.005452657937454857 0.005243043939793574 0.005046029456332771 0.004860618587214071 0.004685911848819657 0.004521095213852214 0.00436543057275444
