5.224918189681418 4.970012324814844
5.224918267538766 4.970012324814844
5.224918189681418 4.9700123988737985
3.9820348739543983 3.8055871674152
3.9820349332913416 3.8055871674152
3.9820348739543983 3.805587224122868
3.930466566296618 3.8547357854222173
3.930466624865134 3.8547357854222173
3.930466566296618 3.8547358428622567
3.2239005495730493 5.206209368140391
3.753731253268687 4.192591699560885
3.7537313092036415 4.192591699560885
3.753731253268687 4.19259176203537
3.44383677819922 4.818962070374977
3.443836829516387 4.818962070374977
3.44383677819922 4.818962142183108
3.392174264954548 4.9528824301452925
3.3921743155018835 4.9528824301452925
3.392174264954548 4.952882503948992
3.3945793607288404 4.9486125430866545
3.3945794113120145 4.9486125430866545
3.3945793607288404 4.948612616826728
0.0695218335261163 3.3945793607288404 4.9486125430866545 0.0005976267470357375
0.06480393566019205 0.06274756770599547 0.060822532787804126 0.05901680015642883 0.057319747729047146 0.0557219643259387 0.054215083886434395 0.052791645866740004 0.051444977178027575 0.050169091929173355 0.048958605952611756 0.04780866365758267 0.04671487520564803 0.045673262363961666 0.04468021168173416 0.04373243386954643 0.04282692845118709 0.04196095291250854 0.04113199569845898 0.040337752513481956 0.039576105466250344 0.038845104670688774
0.011495141343939946 0.010831122413126226 0.010224236307083669 0.009668162426284212 0.009157420577296108 0.008687242072194548 0.00825346301234154 0.007852435556136258 0.007480953832511953 0.007136191834444074 0.006815651153868274 0.006517116834591343 0.006238619948314791 0.005978405760041087 0.005734906557630617 0.0055067183874491455 0.005292581072637014 0.005091360999327049 0.004902036244425096 0.004723683690481821 0.00455546783197812 0.004396631025583951
