6.66193324607077 6.107985503602176
6.661933345341311 6.107985503602176
6.66193324607077 6.107985594618253
4.012367953862624 3.709758975334454
4.012368013651566 3.709758975334454
4.012367953862624 3.7097590306141703
3.9055092127390534 3.7878186746122844
3.9055092709356756 3.7878186746122844
3.9055092127390534 3.787818731055181
2.079211224998234 7.24705503547332
3.4481763747612413 4.652525160759517
3.4481764261430734 4.652525160759517
3.4481763747612413 4.652525230087544
2.6987895173513246 6.278410210499882
2.698789557566422 6.278410210499882
2.6987895173513246 6.278410304055484
2.199944026599153 7.640183057244779
2.1999440593808735 7.640183057244779
2.199944026599153 7.640183171092378
2.2784340285086095 7.504130322033949
2.2784340624599224 7.504130322033949
2.2784340285086095 7.504130433854204
2.2771240873800895 7.508907813290935
2.2771241213118825 7.508907813290935
2.2771240873800895 7.50890792518238
0.047178764713982524 2.2771240873800895 7.508907813290935 0.00026878699711570546
0.06523436816874917 0.06322434940584953 0.06134261250776294 0.05957733469451687 0.057918095459852506 0.056355675933173296 0.054881891481619156 0.053489451350350596 0.05217184041666393 0.05092321912485696 0.04973833844277799 0.048612467288976106 0.04754133035969412 0.046521054666511456 0.04554812340016552 0.044619335980671936 0.04373177335115424 0.04288276773267305 0.04206987618749852 0.04129085744467961 0.04054365152912826 0.03982636180745002
0.012017880297795606 0.011380366126605963 0.010795853780949402 0.010258547497976622 0.009763426991939852 0.009306126023098577 0.008882832546689942 0.0084902061857407 0.008125309687540225 0.00778555172728998 0.00746863896626574 0.00717253569453829 0.006895429718714287 0.006635703414834265 0.0063919090717147395 0.006162747812916477 0.0059470515154967695 0.005743767247903162 0.005551943833282186 0.005370720212355606 0.005199315335156948 0.00503701935589732
