6.91294225811353 4.259068867133913
6.912942361124396 4.259068867133913
6.91294225811353 4.259068930598985
4.470505000209403 2.7715332807418216
4.470505066825119 2.7715332807418216
4.470505000209403 2.7715333220408858
6.186582001793024 0.050044191989275344
4.904355952915828 2.0942317992666664
4.583677808726921 2.6053190754657627
4.583677877029043 2.6053190754657627
4.583677808726921 2.6053191142880423
4.804523897212742 2.2692119620425406
4.804523968805727 2.2692119620425406
4.804523897212742 2.2692119958564336
5.044023509802701 1.9461315973305426
5.044023584964508 1.9461315973305426
5.044023509802701 1.9461316263301633
5.301004813770787 1.6367748519635787
5.113652886142893 1.8736018682099989
5.113652962342259 1.8736018682099989
5.113652886142893 1.8736018961288423
5.240983981378735 1.7179675570529291
5.2409840594754815 1.7179675570529291
5.240983981378735 1.7179675826526406
5.210498651592325 1.7579406427703184
5.210498729234805 1.7579406427703184
5.210498651592325 1.7579406689656754
5.2758853763160305 1.6815640240592888
5.226957357466748 1.7389429658221174
5.226957435354483 1.7389429658221174
5.226957357466748 1.7389429917343868
5.243386733382141 1.7199199183396636
5.243386811514692 1.7199199183396636
5.243386733382141 1.7199199439684676
5.22696487842104 1.7389494587472911
5.239314383323743 1.7247056795677682
5.239314461395611 1.7247056795677682
5.239314383323743 1.7247057052678856
0.19001185546976274 5.239314383323743 1.7247056795677682 0.0004865731969944714
0.06633539285697762 0.06421476232523321 0.06222895190213838 0.06036571466021474 0.058614220119624576 0.05696485855489065 0.05540907633304241 0.05393923678524063 0.052548502181651954 0.051230733223000056 0.049980403132069084 0.04879252396277958 0.04766258317266117 0.04658648884920834 0.04556052225922028 0.0445812966163865 0.04364572114670371 0.04275096968212632 0.041894453136719426 0.0410737953216937 0.04028681164017482 0.03953149027268633
0.01130887401468368 0.010635349314358146 0.0100203232678042 0.009457332683734965 0.008940765016576376 0.0084657302126695 0.008027954074592154 0.007623689192180459 0.007249640271370862 0.006902901309166174 0.006580902551825821 0.006281365562073753 0.006002265031436989 0.005741796222538403 0.005498347126255478 0.005270474580223463 0.005056883726093328 0.004856410289434183 0.0046680052530605545 0.004490721565707773 0.004323702586418249 0.004166172013158509
