3.1980814925924568 2.1957722762504974
3.1980815402475846 2.1957722762504974
3.1980814925924568 2.1957723089700543
6.054745807248466 0.11449274222694905
3.9142979273398018 2.7132662256679767
3.9142979856673863 2.7132662256679767
3.9142979273398018 2.713266266098794
5.266495294058876 1.5754498266907102
5.266495372535771 1.5754498266907102
5.266495294058876 1.575449850166742
2.9712200199138006 4.263193661447404
4.780325669888407 2.31328792927138
4.78032574112081 2.31328792927138
4.780325669888407 2.3132879637420567
5.860317359803443 0.9144734933800232
5.096303858046422 2.0045011470415504
5.096303933987268 2.0045011470415504
5.096303858046422 2.004501176910945
5.6441989591588495 1.3112645876601943
5.238717908229753 1.8356340058380343
5.238717986292733 1.8356340058380343
5.238717908229753 1.8356340331911125
5.5222508291731796 1.4968116703688934
5.311450644225424 1.7525111005618637
5.311450723372206 1.7525111005618637
5.311450644225424 1.752511126676314
5.168724954983427 1.9211149282119662
5.276297022078586 1.795103235008251
5.276297100701538 1.795103235008251
5.276297022078586 1.7951032617573737
5.311962047292557 1.7529384031785307
5.31196212644696 1.7529384031785307
5.311962047292557 1.7529384292993484
5.276299324091664 1.7951051820528794
5.30318959925867 1.763599587313706
5.303189678282353 1.763599587313706
5.30318959925867 1.7635996135933878
5.285321591081771 1.7846519280499689
5.2987303316198116 1.768869227248547
5.302082539780694 1.7649235227802562
5.302082618787881 1.7649235227802562
5.302082539780694 1.7649235490796662
0.17989806598495883 5.302082539780694 1.7649235227802562 0.00023107855351140976
0.0642794523087242 0.06220840294675159 0.06026973575551356 0.05845136004916297 0.05674259098875881 0.05513395432490744 0.05361702226683521 0.05218427493368903 0.050828982926358526 0.04954510741221139 0.048327214792342706 0.0471704035604489 0.046070241394243344 0.04502271086748179 0.044024162450975075 0.0430712736982588 0.042161013696646335 0.04129061201565907 0.04045753150894898 0.03965944442805777 0.03889421139085538 0.0381598628175917
0.011352044097613041 0.010669875599145515 0.0100473981938297 0.009477970029564246 0.008955829478035375 0.008475961620129488 0.00803398730082844 0.007626070581357356 0.007248841248126378 0.006899329692853238 0.006574911995991989 0.00627326345662486 0.005992319139609812 0.0057302402729662695 0.00548538553910568 0.0052562864733488555 0.00504162632061854 0.004840221812827371 0.004651007420462459 0.004473021706269754 0.004305395469986969 0.004147341423322025
