6.1887855220995185 6.131815089592354
6.188785614319609 6.131815089592354
6.1887855220995185 6.131815180963519
3.8989553199586626 3.8845980474898916
3.8989553780576243 3.8845980474898916
3.8989553199586626 3.8845981053749132
3.929333392756215 3.737626124695164
3.929333451307845 3.737626124695164
3.929333392756215 3.7376261803901336
5.743235074892018 0.32268224833640957
4.382957404373506 2.884181304410594
4.38295746968466 2.884181304410594
4.382957404373506 2.8841813473882443
4.487758456656589 2.764923348367386
4.4877585235294015 2.764923348367386
4.487758456656589 2.7649233895679544
4.6572996564615785 2.4964486491391975
4.657299725860751 2.4964486491391975
4.6572996564615785 2.496448686339181
4.837319271982531 2.2348844685167926
4.837319344064205 2.2348844685167926
4.837319271982531 2.2348845018191663
5.026630906995101 1.9799648980522073
5.026630981897738 1.9799648980522073
5.026630906995101 1.9799649275559834
5.226780093156403 1.7334629998121533
5.080117193016197 1.9213078663553953
5.080117268715842 1.9213078663553953
5.080117193016197 1.9213078949851135
5.17943837570681 1.7974489816995767
5.105175233226561 1.8905271554999157
5.1051753092996 1.8905271554999157
5.105175233226561 1.8905271836709656
5.130197827836164 1.8597176229011196
5.111498567396878 1.8828802416637624
5.1114986435641425 1.8828802416637624
5.111498567396878 1.8828802697208644
5.1052606659443045 1.8905970046972518
5.109943803734651 1.8848132316650452
5.109943879878747 1.8848132316650452
5.109943803734651 1.884813259750951
0.172743999564964 5.109943803734651 1.8848132316650452 0.0004197337560188028
0.06577423004306379 0.06367082437256408 0.06170117769528418 0.05985313626772017 0.05811595239755528 0.056480090132311214 0.054937061769287664 0.05347928972440383 0.05209998935870794 0.05079306919971442 0.049553045660341626 0.04837496988914847 0.04725436481099945 0.0461871707596945 0.04516969838087309 0.04419858770815318 0.04327077249855027 0.04238344906301289 0.04153404895093309 0.04072021494889503 0.039939779937813814 0.03919074822225257
0.011444799786860683 0.010762748200509717 0.010139963079198802 0.00956989379569038 0.009046852183338592 0.008565882559851587 0.00812265358189007 0.007713367920467433 0.007334686541498142 0.006983665002313446 0.00665769967107957 0.006354482170538665 0.0060719606624146626 0.0058083068412087425 0.005561887709138417 0.005331241367905936 0.005115056195822438 0.004912152886839734 0.004721468916189291 0.004542045069496168 0.004373013731514462 0.004213588679477024
