6.98583251431159 6.128727693558985
6.985832618408606 6.128727693558985
6.98583251431159 6.128727784884144
4.088545446106114 3.6168183646521834
4.088545507030188 3.6168183646521834
4.088545446106114 3.616818418546977
3.9940577496168563 3.6738771335027636
3.9940578091329546 3.6738771335027636
3.9940577496168563 3.6738771882477987
2.1113722732390174 7.177807351563658
3.5227128063884092 4.549769004885863
3.5227128588809205 4.549769004885863
3.5227128063884092 4.549769072682704
2.756125519344516 6.194027743916512
2.7561255604139867 6.194027743916512
2.756125519344516 6.194027836214717
2.635659715474087 6.631281296725233
2.6356597547484775 6.631281296725233
2.635659715474087 6.631281395539025
2.5322158053949835 6.9003581649078605
2.5322158431279393 6.9003581649078605
2.5322158053949835 6.900358267731209
2.541266772692291 6.8801187606074805
2.5412668105601166 6.8801187606074805
2.541266772692291 6.88011886312924
0.05212984742405091 2.541266772692291 6.8801187606074805 0.0004242758701874031
0.06561339606307554 0.06357249575465017 0.06166193603961414 0.05986971895020903 0.058185265176073725 0.05659921203933434 0.05510324473657452 0.053689954685338145 0.052352720071920905 0.05108560467669933 0.04988327181985197 0.048740910873803896 0.0476541742664514 0.04661912327942977 0.0456321812498443 0.044690093028412495 0.04378988974449227 0.042928858088760596 0.04210451345495645 0.041314576389043636 0.04055695188204173 0.03982971111529689
0.011650175737792423 0.011016564931144003 0.010436155685019701 0.009903109459278109 0.009412367912216248 0.008959531349176816 0.008540758601900253 0.008152684153958539 0.007792349217962617 0.007457144156763535 0.007144760173274351 0.006853148608723049 0.006580486514659671 0.006325147420580013 0.0060856764222268975 0.005860768877363086 0.005649252125145135 0.005450069749125275 0.005262267987739437 0.00508498396406661 0.004917435461911836 0.004758912020410228
