3.604679746633792 2.269769937787178
3.604679800347706 2.269769937787178
3.604679746633792 2.2697699716093855
1.852207845414353 6.152348189633571
1.8522078730144005 6.152348189633571
1.852207845414353 6.152348281310703
3.002189565434846 5.2998261915643585
3.002189610170957 5.2998261915643585
3.002189565434846 5.299826270537923
3.8154272049159434 3.794108757962939
3.8154272617702394 3.794108757962939
3.8154272049159434 3.794108814499565
4.223619526990784 3.1331964202731335
4.223619589927619 3.1331964202731335
4.223619526990784 3.1331964669613983
4.377256329414966 2.9012673480028037
4.377256394641168 2.9012673480028037
4.377256329414966 2.901267391235056
4.415454272032715 2.843509076031389
4.415454337828111 2.843509076031389
4.415454272032715 2.843509118402976
4.422941179620033 2.8316961555948357
4.422941245526993 2.8316961555948357
4.422941179620033 2.8316961977903965
4.424411354912159 2.829330177527156
4.424411420841026 2.829330177527156
4.424411354912159 2.8293302196874612
0.11616056463502666 4.424411354912159 2.829330177527156 0.0003052802626306114
0.06524942499920162 0.06317049891637051 0.06122359907524104 0.05939673919491557 0.057679319272534696 0.05606193395895787 0.054536211351880935 0.05309467680900487 0.05173063743417781 0.050438083718776415 0.04921160547868025 0.048046319751876 0.046937808741983854 0.045882066231119206 0.04487545115872237 0.04391464728469312 0.04299662803580501 0.042118625782131575 0.04127810491154305 0.040472738170325206 0.03970038582067805 0.03895907723449918
0.011727841884195116 0.0110327834638796 0.010397933727363385 0.009816651071488849 0.009283167424628872 0.008792456626277367 0.008340124927102625 0.007922319540702272 0.007535651985988339 0.007177133595626079 0.006844121069669582 0.006534270353832386 0.006245497441224746 0.0059759449522375965 0.0057239535529878035 0.005488037438796666 0.0052668632436961476 0.005059231846321647 0.004864062631770573 0.004680379842038909 0.004507300707627782 0.00434402510232983
