1.964327399392047 1.0018722110260219
1.964327428662806 1.0018722110260219
1.964327399392047 1.0018722259550812
1.2024917221471836 3.071156256319309
1.2024917400657065 3.071156256319309
1.2024917221471836 3.0711563020831036
1.8347709740935914 5.183631819914444
1.8347710014338094 5.183631819914444
1.8347709740935914 5.183631897156578
2.988654507649925 4.950425740702967
2.9886545521843475 4.950425740702967
2.988654507649925 4.950425814470059
4.114222059338976 2.990656223955929
4.114222120645662 2.990656223955929
4.114222059338976 2.9906562685201794
5.32160835823627 1.1852360772205977
4.480909370278507 2.590190070818605
4.4809094370492595 2.590190070818605
4.480909370278507 2.590190109415445
5.083443752037116 1.6867061395561538
4.638195691927574 2.3689002292639736
4.638195761042076 2.3689002292639736
4.638195691927574 2.368900264563338
4.9495894482720155 1.9240781835846152
4.718113331965602 2.2591723109886135
4.718113402270969 2.2591723109886135
4.718113331965602 2.2591723446529044
4.561334311651342 2.480821853605936
4.679515592735184 2.3150021939893293
4.6795156624654 2.3150021939893293
4.679515592735184 2.3150022284855503
4.718698402362434 2.2595813609092708
4.689469964727866 2.3012605397919774
4.689470034606415 2.3012605397919774
4.689469964727866 2.3012605740834315
4.709019631233232 2.273520661152693
4.69436736819638 2.2943326191278337
4.694367438147904 2.2943326191278337
4.69436736819638 2.294332653316054
0.1445673611308559 4.69436736819638 2.2943326191278337 0.0004164921003942233
0.0668363334530404 0.06471870975261271 0.06273493645299015 0.06087292343446774 0.05912197131281573 0.05747258030173705 0.05591628923027244 0.05444553939908195 0.053053558986888835 0.051734264531171574 0.050482176653323385 0.049292347714532295 0.04816029950262763 0.04708196938372186 0.046053663622415156 0.04507201679366441 0.044133956388350215 0.04323667186111314 0.04237758748949092 0.041554338512771384 0.04076475010126314 0.0400068187750485
0.011744622507979223 0.011051934713922688 0.010418933987493065 0.009839074962977307 0.009306667568141629 0.008816749062288761 0.008364977415975725 0.007947542138911358 0.007561089428744928 0.007202659118738409 0.0068696313824484455 0.0065596815359375196 0.006270741583780389 0.006000967400532572 0.005748710637029996 0.005512494600746354 0.005290993489151921 0.0050830144606435305 0.0048874821139161225 0.00470342501739049 0.004529963988491108 0.004366301870564223
