6.660960716442421 4.140037774844457
6.660960815698471 4.140037774844457
6.660960716442421 4.140037836535827
4.469725987921494 2.800141483169938
4.4697260545256015 2.800141483169938
4.469725987921494 2.8001415248952974
4.366248598828847 2.9281749864916358
4.366248663891021 2.9281749864916358
4.366248598828847 2.928175030124843
2.6592957565108524 5.745606747278007
3.939983007639825 3.6328190484511853
3.939983066350147 3.6328190484511853
3.939983007639825 3.6328191025844077
3.1793182155471205 5.093740506715414
3.1793182629226537 5.093740506715414
3.1793182155471205 5.093740582618063
3.0661198657887634 5.489647737873964
3.06611991147751 5.489647737873964
3.0661198657887634 5.48964781967609
2.740183482353313 6.24594865830154
2.7401835231852285 6.24594865830154
2.740183482353313 6.245948751373428
2.2823733532472636 7.393829481075856
2.2823733872572767 7.393829481075856
2.2823733532472636 7.3938295912525005
2.356613188716493 7.250688480185531
2.356613223832766 7.250688480185531
2.356613188716493 7.250688588229209
2.354219076159411 7.258159323610586
2.354219111240009 7.258159323610586
2.354219076159411 7.258159431765589
0.04748199071092807 2.354219076159411 7.258159323610586 0.00023944247559235172
0.06467090382459427 0.06267685043632211 0.06080987336651566 0.05905828586261337 0.057411783507460894 0.05586124708219352 0.05439857796759918 0.05301656003782816 0.051708743240280755 0.050469345018936074 0.04929316649158778 0.04817552088377651 0.04711217219067147 0.04609928241067275 0.0451333659922834 0.044211250375033075 0.043330041698355415 0.04248709490895029 0.04167998762475457 0.04090649721803684 0.040164580665889606 0.039452356787127094
0.012270446582155828 0.011614359302793064 0.01101294529428817 0.01046022734609733 0.009951026206217179 0.009480836108039577 0.009045722307124169 0.00864223631227197 0.008267345418145363 0.007918373857067198 0.007592953437678821 0.007288981966456872 0.0070045880834548515 0.006738101407617143 0.006488027095873186 0.0062530240862885235 0.006031886428228097 0.005823527208980752 0.005626964672153037 0.005441310192662867 0.005265757829693261 0.0050995752251171145
