4.655921001146989 5.486639824091075
4.655921070525618 5.486639824091075
4.655921001146989 5.486639905848379
3.627343268548685 4.294725810869291
3.6273433226003116 4.294725810869291
3.627343268548685 4.294725874865693
3.555022655377729 4.379080620095701
3.5550227083516948 4.379080620095701
3.555022655377729 4.379080685349087
2.838815905606867 5.840768994688013
3.3757921286137953 4.744478051320457
3.3757921789170178 4.744478051320457
3.3757921286137953 4.744478122018689
3.057249061595724 5.42912094520063
3.0572491071522854 5.42912094520063
3.057249061595724 5.4291210261008365
2.992011547219282 5.602049553454975
2.9920115918037284 5.602049553454975
2.992011547219282 5.602049636932018
2.996133545611444 5.593942150169755
2.9961335902573127 5.593942150169755
2.996133545611444 5.593942233525989
0.06308544444398789 2.996133545611444 5.593942150169755 0.00027326022707880785
0.06633609015156161 0.0642615812508002 0.06231886489150253 0.06049591199173121 0.05878209935209515 0.05716801232617509 0.05564527943805763 0.05420643314137337 0.05284479207571743 0.05155436108567897 0.050329745983650566 0.04916608060430269 0.048058964149530654 0.04700440718327032 0.0459987849253214 0.04503879672721726 0.04412143080284685 0.04324393344099801 0.04240378205331147 0.041598661514853766 0.0408264433400103 0.040085167307133074
0.011732451789417994 0.011073950586715264 0.01047126194541424 0.009918267639324721 0.009409659216546745 0.008940813903372771 0.008507691911948797 0.008106751080517456 0.007734875616139569 0.0073893163643472875 0.007067640542208444 0.006767689273815023 0.006487541585197047 0.006225483768044033 0.005979983222838068 0.005749666053144191 0.005533297812400661 0.0053297669092111245 0.005138070262001269 0.004957300862977298 0.004786636967761592 0.004625332673362591
