5.392589433567494 6.401221976391009
5.392589513923339 6.401221976391009
5.392589433567494 6.40122207177665
3.777091764277179 4.510550808442122
3.777091820560232 4.510550808442122
3.777091764277179 4.510550875654567
3.6894414898778964 4.5833821866308115
3.689441544854859 4.5833821866308115
3.6894414898778964 4.583382254928528
2.647069797373126 6.750293869449363
3.4283225768809724 5.125041453667071
3.42832262796696 5.125041453667071
3.4283225768809724 5.12504153003614
2.9716130786074273 6.144314662527718
2.971613122887913 6.144314662527718
2.9716130786074273 6.144314754085141
2.8920976107865566 6.385465390780411
2.8920976538821694 6.385465390780411
2.8920976107865566 6.38546548593126
2.898201687504284 6.373021286289636
2.8982017306908543 6.373021286289636
2.898201687504284 6.373021381255054
0.05517967303657123 2.898201687504284 6.373021286289636 0.000284790009525368
0.06382484032552349 0.061802246086447465 0.059909770153000856 0.058135368353883624 0.05646842586515734 0.05489955325136089 0.05342041611470064 0.05202359212942741 0.05070245050827115 0.049451049936183676 0.04826405178059881 0.04713664599695217 0.04606448763089543 0.045043642202914964 0.04407053856854732 0.04314192809463171 0.04225484919178773 0.041406596405413894 0.040594693399639815 0.03981686927682313 0.03907103776407554 0.03835527887164503
0.011241592278117694 0.010608193542755094 0.010028971264038145 0.009497909379959363 0.009009801180794601 0.00856012286091234 0.008144929361443537 0.007760768161197441 0.007404607593648536 0.007073776978564619 0.006765916408751765 0.006478934463286611 0.0062109724567928105 0.005960374101094865 0.00572565966706305 0.005505503902908296 0.005298717099970649 0.005104228805376178 0.0049210737683819325 0.004748379778107594 0.00458535710803561 0.004431289329788492
