6.111003615892947 6.30935772446118
6.111003706953997 6.30935772446118
6.111003615892947 6.309357818477936
3.8148704242004827 3.9618918801624146
3.8148704810464817 3.9618918801624146
3.8148704242004827 3.9618919391992042
3.8274715382882842 3.8384145600093906
3.8274715953220544 3.8384145600093906
3.8274715382882842 3.8384146172062246
5.1945135717558415 1.2232038221849093
4.169321947231083 3.1847899540229228
4.1693220093588215 3.1847899540229228
4.169321947231083 3.1847900014799913
4.421671460118356 2.7774167740594042
4.421671526006395 2.7774167740594042
4.421671460118356 2.777416815446139
4.9362003936993135 1.968842278950774
4.555205662703951 2.578477303762941
4.555205730581805 2.578477303762941
4.555205662703951 2.5784773421852467
4.819425703544581 2.178701173377184
4.81942577535962 2.178701173377184
4.819425703544581 2.178701205842361
4.898989634983611 2.0891374818528425
4.898989707984245 2.0891374818528425
4.898989634983611 2.089137512983417
5.043496940396235 1.8980198877271552
5.043497015550196 1.8980198877271552
5.043496940396235 1.8980199160098556
5.196652435733029 1.7137600430779487
5.196652513169184 1.7137600430779487
5.196652435733029 1.7137600686149634
5.239083920409813 1.6714801706266356
5.239083998478248 1.6714801706266356
5.239083920409813 1.671480195533631
5.318703012226933 1.5819655112477438
5.259136509640009 1.6492338610055117
5.25913658800725 1.6492338610055117
5.259136509640009 1.6492338855810114
5.29913836943423 1.6046483283813635
5.299138448397545 1.6046483283813635
5.29913836943423 1.6046483522924868
5.258957212193467 1.6490723433864096
5.289274398304372 1.6159156807854471
5.289274477120703 1.6159156807854471
5.289274398304372 1.6159157048644672
5.30943779615205 1.5937697553401167
5.294325857888386 1.6103888783434201
5.294325936779988 1.6103888783434201
5.294325857888386 1.6103889023400844
5.299374763248269 1.6048597424408533
5.295591174656451 1.609009422726488
5.295591253566909 1.609009422726488
5.295591174656451 1.6090094467025968
0.19622818281883891 5.295591174656451 1.609009422726488 0.00045202678061145613
0.06571144208531757 0.06361872242836374 0.061658703544025514 0.05981936223666373 0.05809006234180436 0.05646136357978714 0.05492486064350056 0.053473047177084565 0.052099200337484095 0.05079728244910274 0.04956185691199444 0.048388016043017755 0.047271318945515436 0.04620773783822316 0.04519361154517286 0.0442256050684978 0.043300674345554804 0.04241603543871904 0.04156913752694906 0.040757639167791446 0.039979387380904105 0.03923239917261647
0.011750207220634374 0.011053512643693185 0.010417109314915008 0.009834358839083842 0.00929949363005816 0.00880748614353996 0.008353939997037436 0.007934998970426235 0.007547270671518271 0.007187762275421113 0.006853826241355231 0.006543114304431521 0.006253538354547533 0.005983237066925566 0.005730547351982171 0.005493979856378786 0.005272197880221042 0.005063999183697285 0.004868300244894111 0.004684122602985061 0.004510580980541307 0.0043468729278134345
