6.0704487567874095 1.9658385470146418
6.070448847244145 1.9658385470146418
6.0704487567874095 1.965838576307919
5.129878780447778 1.6690707478846296
5.129878856888928 1.6690707478846296
5.129878780447778 1.669070772755722
6.571390283898677 0.05083801175034175
5.492878049458378 1.266863005072981
5.223211055629592 1.570911145632083
5.2232111334615015 1.570911145632083
5.223211055629592 1.5709111690404831
5.408843114033565 1.3736153694160886
5.270445920114847 1.5223784468269723
5.270445998650612 1.5223784468269723
5.270445920114847 1.522378469512179
5.3642434902673966 1.424663366422413
5.364243570200854 1.424663366422413
5.3642434902673966 1.4246633876515515
5.461617146106219 1.330511402802027
5.461617227490657 1.330511402802027
5.461617146106219 1.330511422628192
5.561712006568707 1.2392576904721335
5.561712089444675 1.2392576904721335
5.561712006568707 1.2392577089385122
5.664606058820359 1.151172305099608
5.588381032803581 1.218391405255411
5.588381116076948 1.218391405255411
5.588381032803581 1.2183914234108577
5.537342896538313 1.262907289193797
5.575684061772203 1.2295917012958668
5.57568414485637 1.2295917012958668
5.575684061772203 1.229591719618211
5.588440857825583 1.218459591917228
5.578888514112866 1.2268262507459087
5.5788885972447835 1.2268262507459087
5.578888514112866 1.2268262690270444
0.25260555818584873 5.578888514112866 1.2268262507459087 0.0002565464614514862
0.06721412018614456 0.06509279149805976 0.0631051675021876 0.061239206529875675 0.05948424796144326 0.057830822995778436 0.056270495180702165 0.05479572547448447 0.053399757616161024 0.05207652037992939 0.05082054392353048 0.04962688794777803 0.0484910797916644 0.047409060915876225 0.04637714049348285 0.045391955042781186 0.04445043321378244 0.04354976498445739 0.04268737464181858 0.041860897021116505 0.04106815655777385 0.04030714877429677
0.01193688148189762 0.011236559348167969 0.010596327074836804 0.010009621223484864 0.009470732741424775 0.008974679611507658 0.008517100663382182 0.008094166699792073 0.007702505845626029 0.007339140623779566 0.007001434735384546 0.006687047899413346 0.006393897408722762 0.006120125302245371 0.005864070248673007 0.005624243395285608 0.005399307564133746 0.005188059282536807 0.004989413220504897 0.004802388677946025 0.004626097822332149 0.004459735425219815
