1.3002818221244135 4.037933791428697
1.3002818415001225 4.037933791428697
1.3002818221244135 4.0379338515985985
1.7692844512565253 6.494151090178455
1.7692844776209182 6.494151090178455
1.7692844512565253 6.494151186948848
3.3723504781390563 4.351764788370046
3.3723505283909945 4.351764788370046
3.3723504781390563 4.351764853216395
5.379124609780954 0.6958095699017735
3.9993863521520394 3.51875941706065
3.99938641174754 3.51875941706065
3.9993863521520394 3.5187594694942517
5.024507492251761 1.7028810092814377
4.273001513846016 3.075022189330588
4.2730015775187 3.075022189330588
4.273001513846016 3.075022235151989
4.80944743085548 2.180987674307031
4.412082710843932 2.854571703649057
4.412082776589088 2.854571703649057
4.412082710843932 2.8545717461854903
4.687446390598651 2.411917405291611
4.687446460447045 2.411917405291611
4.687446390598651 2.411917441231981
4.990912988632581 1.9880353369517296
4.770195011223067 2.3112289512183892
4.770195082304512 2.3112289512183892
4.770195011223067 2.3112289856583845
4.9206302401528985 2.0983645862053018
4.9206303134760025 2.0983645862053018
4.9206302401528985 2.0983646174733708
5.080076974106976 1.8921638708162094
5.080077049806022 1.8921638708162094
5.080076974106976 1.8921638990116483
5.042725578827582 1.9455609495790707
5.042725653970049 1.9455609495790707
5.042725578827582 1.945560978570188
5.12381085693198 1.8435282260359285
5.063187066534152 1.9202050585818073
5.063187141981518 1.9202050585818073
5.063187066534152 1.9202050871950924
5.083573676800693 1.894788925727431
5.083573752551844 1.894788925727431
5.083573676800693 1.8947889539619862
5.078525447463309 1.9011814984506485
5.078525523139235 1.9011814984506485
5.078525447463309 1.9011815267804606
0.17139442511442649 5.078525447463309 1.9011814984506485 0.0004081678021565091
0.06594263355141561 0.06383699260923821 0.061865115903007833 0.060014861615162333 0.058275491191579605 0.056637475607668485 0.05509233233375675 0.05363248756441394 0.052251159331192475 0.050942257951907315 0.04970030093157722 0.04852033995832651 0.047397898060869005 0.046328915334984073 0.0453097019219134 0.0443368971452891 0.0434074338955289 0.042518507499835205 0.04166754843849043 0.040852198369180415 0.040070289004675914 0.03931982345860892
0.011498628339531062 0.010814511028232566 0.01018975708299478 0.009617813895627639 0.009092990457209718 0.008610327678043938 0.008165490461077958 0.007754677537995633 0.007374545866766657 0.007022147012335908 0.006694873425574645 0.0063904129280947354 0.006106710023940429 0.005841932910417584 0.005594445262490376 0.0053627820284566415 0.0051456286069603415 0.00494180288305019 0.0047502396888560935 0.004569977326406187 0.004400145849220703 0.004239956848039206
