4.454662850860197 5.619633037947914
4.454662917239847 5.619633037947914
4.454662850860197 5.619633121686971
3.5608486441688454 4.502543170636166
3.560848697229625 4.502543170636166
3.5608486441688454 4.502543237729287
3.5785817646578915 4.41492296700798
3.578581817982915 4.41492296700798
3.5785817646578915 4.414923032795459
3.911764643245095 3.7337215774060777
3.6619099117288347 4.244691877461941
3.6619099662955445 4.244691877461941
3.6619099117288347 4.244691940712778
3.76666199157912 4.036467885683888
3.766662047706758 4.036467885683888
3.76666199157912 4.036467945831947
3.9610741121922164 3.658870129795004
3.9610741712168203 3.658870129795004
3.9610741121922164 3.6588701843164175
3.9404401298393528 3.7063427346217823
3.940440188556486 3.7063427346217823
3.9404401298393528 3.7063427898505927
3.9482639551902396 3.691864657185127
3.948264014023957 3.691864657185127
3.9482639551902396 3.6918647121981976
3.9463044387244626 3.6955412950500675
3.946304497528981 3.6955412950500675
3.9463044387244626 3.695541350117924
0.09460333447574609 3.9463044387244626 3.6955412950500675 0.0004963690487988261
0.06652732920301721 0.06441150155279589 0.06243023482308084 0.06057128227074024 0.058823818614336554 0.0571782426379302 0.055626011305018985 0.054159499754366354 0.052771882652993256 0.051457033250995717 0.0502094371712722 0.04902411851505191 0.0478965763021128 0.046822729616393215 0.045798870111553105 0.04482162076105033 0.04388789992445711 0.042994889954648036 0.04214000969590787 0.04132089032625953 0.04053535408263693 0.0397813954782803
0.011272303303692121 0.010609670314308397 0.010004302758385028 0.009449879769016158 0.008940914393255818 0.00847262728135861 0.008040841756379409 0.007641896296548424 0.007272571258653881 0.006930027295812013 0.006611753416282898 0.006315523020914166 0.006039356567916552 0.005781489762309251 0.005540346366868438 0.005314514892107371 0.005102728552750241 0.00490384798361237 0.004716846293688433 0.00454079610745209 0.0043748582999459445 0.004218272179617801
