5.379390971588306 5.160489740811283
5.3793910517474774 5.160489740811283
5.379390971588306 5.160489817708572
3.952439082454271 3.807642719273333
3.9524391413502027 3.807642719273333
3.952439082454271 3.807642776011631
3.9379140474706276 3.7750042649163857
3.9379141061501195 3.7750042649163857
3.9379140474706276 3.775004321168333
4.103113607617405 3.462551828947978
3.9791922621143043 3.6968484895091906
3.9791923214088896 3.6968484895091906
3.9791922621143043 3.696848544596526
4.03391422414052 3.5949645418387504
4.033914284250526 3.5949645418387504
4.03391422414052 3.5949645954078964
4.070054081824414 3.5290873755504295
4.070054142472945 3.5290873755504295
4.070054081824414 3.529087428137929
4.042473196164381 3.5797647809011064
4.042473256401926 3.5797647809011064
4.042473196164381 3.5797648342437585
4.049441008204465 3.56713520699486
4.049441068545838 3.56713520699486
4.049441008204465 3.5671352601493167
4.059242287848437 3.549154485164506
4.059242348335861 3.549154485164506
4.059242287848437 3.549154538051029
4.056799367216862 3.5536536910722547
4.056799427667883 3.5536536910722547
4.056799367216862 3.553653744025821
0.09658943108565099 4.056799367216862 3.5536536910722547 0.00045552382174185696
0.06571091329409091 0.06361392588368071 0.06165053505500314 0.05980856323890428 0.058077248089942655 0.05644704575454985 0.05490946556894893 0.0534569305694187 0.052082659299383306 0.05078056526584498 0.04954517108497223 0.04837153490351823 0.04725518711994087 0.0461920757802341 0.04517851930675322 0.04421116544783361 0.04328695552273803 0.04240309318901143 0.041557017084425336 0.0407463767986776 0.03996901171510314 0.03922293233320399
0.011325875960860727 0.010656571773457212 0.010045303707004885 0.009485649416377832 0.008972035510673554 0.008499608779617085 0.008064129238962554 0.007661880943396758 0.007289597328334993 0.006944398480553915 0.006623738241452942 0.006325359446018457 0.00604725591832205 0.005787640098302575 0.0055449153783001665 0.005317652391891189 0.005104568630230287 0.004904510868753639 0.004716439974765414 0.004539417738075313 0.0043725954256068 0.004215203809233179
