2.4147928288751968 3.574641991994867
2.414792864858414 3.574641991994867
2.4147928288751968 3.5746420452611836
1.40830490600265 7.769433028319776
1.4083049269880283 7.769433028319776
1.40830490600265 7.76943314409335
2.190432095645985 7.39188911598202
2.1904321282859667 7.39188911598202
2.190432095645985 7.391889226129751
2.54184531278561 6.677957399985741
2.541845350662057 6.677957399985741
2.54184531278561 6.677957499495061
2.583336415911935 6.597490256373633
2.5833364544066475 6.597490256373633
2.583336415911935 6.597490354683899
2.5840184135894266 6.596170351173187
2.5840184520943015 6.596170351173187
2.5840184135894266 6.596170449463785
0.05188635328950908 2.5840184135894266 6.596170351173187 0.0003348376449284614
0.06496563421033925 0.06295355994534058 0.06106942646783655 0.0593015147586781 0.05763948397331033 0.056074176329565635 0.05459745392326641 0.05320206159643427 0.05188151117502099 0.0506299833223651 0.0494422439832915 0.048313572968452574 0.047239702684208455 0.04621676537659564 0.045241247548958675 0.04430995044711868 0.043419955695465154 0.042568595321334175 0.04175342553068796 0.04097220370107324 0.04022286814254693 0.03950352024722522
0.012257392553183814 0.011589298419061905 0.010977217419038133 0.010415024829351974 0.00989740990124763 0.009419749929194775 0.008978006341537446 0.008568638552193145 0.00818853220993283 0.007834939176203412 0.007505427102512657 0.0071978369006668605 0.006910246731049631 0.0066409413963166115 0.006388386236011736 0.00615120478361303 0.00592815958052395 0.005718135648569742 0.005520126209075441 0.005333220306818589 0.005156592054365445 0.004989491259102365
