3.3261992337135675 4.57464094017604
3.3261992832777985 4.57464094017604
3.3261992337135675 4.574641008343502
4.259882296841259 3.399081957055711
4.259882360318452 3.399081957055711
4.259882296841259 3.399082007705979
4.86995476725635 2.429329816435486
4.869954839824331 2.429329816435486
4.86995476725635 2.429329852635321
3.97827457817858 3.8176664899784294
4.67510698077475 2.7929162676707446
4.675107050439273 2.7929162676707446
4.67510698077475 2.79291630928844
4.985393043607209 2.3135408341440606
4.758433169300248 2.6769997600159954
4.758433240206427 2.6769997600159954
4.758433169300248 2.6769997999064
4.901031895244887 2.4558148140427436
4.794580262408665 2.6220273922281656
4.794580333853479 2.6220273922281656
4.794580262408665 2.6220274312994185
4.818336054894705 2.5857442835659112
4.800636590461417 2.613034562101073
4.800636661996477 2.613034562101073
4.800636590461417 2.6130346010383225
0.12710661761035524 4.800636590461417 2.613034562101073 0.00031629107646344144
0.06363709784704527 0.06156934284349712 0.05963463441630614 0.057820737190284514 0.05611684860834688 0.05451339845752576 0.05300188059905735 0.05157471112026889 0.050225108264457946 0.04894699039110048 0.04773488892770609 0.04658387383828917 0.04548948958366857 0.044447699910113936 0.04345484009408698 0.04250757550658513 0.04160286555224543 0.04073793219479282 0.039910232408592934 0.039117434001497024 0.03835739434120008 0.037628141589440306
0.010884824230393237 0.010224689669649905 0.00962280639592357 0.009072637042970847 0.00856851830432306 0.008105527135831783 0.007679369791089635 0.0072862894270399724 0.006922988875620361 0.006586565851252904 0.006274458395396046 0.005984398780156061 0.0057143744275380635 0.005462594668036784 0.00522746237637358 0.005007549694462364 0.004801577190827274 0.004608395918484263 0.004426971925054573 0.004256372843782032 0.004095756255480905 0.003944359561863096
