6.0270204068428 1.0400507360704558
6.027020496652402 1.0400507360704558
6.0270204068428 1.0400507515684194
7.35144610729505 0.05411725925727251
6.3627362865425265 0.7998833690898464
6.1152616965643585 0.9865477497885105
6.115261787688858 0.9865477497885105
6.1152616965643585 0.9865477646896716
6.2834391268572025 0.8669119234180801
6.157742578253371 0.9572621154411618
6.157742670010886 0.9572621154411618
6.157742578253371 0.957262130342323
6.242494388286686 0.8983874566405631
6.2424944813071015 0.8983874566405631
6.242494388286686 0.8983874715417243
6.415531574339451 0.7858951846651923
6.286293985352126 0.8711134949718282
6.286294079025206 0.8711134949718282
6.286293985352126 0.8711135098729894
6.373346331604311 0.8156970374452083
6.373346426574572 0.8156970374452083
6.373346331604311 0.8156970523463695
6.550794778772858 0.7103005118444508
6.418216259022934 0.7902222793177995
6.418216354661809 0.7902222793177995
6.418216259022934 0.7902222942189607
6.5074323225193345 0.7383610339893634
6.507432419487633 0.7383610339893634
6.5074323225193345 0.7383610488905246
6.688953914091628 0.6401455015909611
6.5532804088211325 0.7146919260495748
6.55328050647262 0.7146919260495748
6.5532804088211325 0.714691940950736
6.644484494168243 0.6664124317605178
6.6444845931787775 0.6664124317605178
6.644484494168243 0.666412446661679
6.82968542053785 0.5753245846947367
6.691207269905941 0.6445205173726144
6.691207369612699 0.6445205173726144
6.691207269905941 0.6445205322737756
6.784198925161784 0.5997807497649423
6.7841990262542256 0.5997807497649423
6.784198925161784 0.5997807646661035
6.969498716080044 0.5170659053935677
6.830898750710737 0.5799631775547653
6.83089885249906 0.5799631775547653
6.830898750710737 0.5799631924559265
6.923866948622193 0.5393263263538016
6.92386705179585 0.5393263263538016
6.923866948622193 0.5393263412549628
6.955929519231509 0.5273406187706059
6.955929622882936 0.5273406187706059
6.955929519231509 0.5273406336717671
6.956501621294648 0.5272280747686152
6.9565017249546 0.5272280747686152
6.956501621294648 0.5272280896697764
0.488547670947033 6.956501621294648 0.5272280747686152 0.00038366675323001467
0.06481140389876913 0.06271912812443382 0.06076052394396777 0.058923400673482416 0.05719698153255969 0.05557170798478624 0.0540390751172404 0.052591492564438604 0.05122216654686915 0.04992499943630464 0.04869450392923031 0.047525729443876945 0.04641419878463532 0.045355853462511725 0.04434700633917422 0.0433843004885812 0.04246467335477443 0.041585325435468584 0.040743692845140345 0.03993742321359802 0.03916435446062465 0.03842249605752503
0.011139027026906436 0.010459750689313851 0.009840408311278435 0.009274300325273861 0.008755616011209489 0.008279298995974814 0.007840935354245083 0.007436660172486385 0.0070630792520064946 0.006717203270696307 0.006396392234248422 0.0060983084549519 0.005820876621913834 0.005562249788011342 0.0053207803094602255 0.005094994944082039 0.004883573452371086 0.004685330157761832 0.004499198014166321 0.0043242148039190145 0.004159511150931769 0.004004300084672384
