4.42453858249192 5.701235859215419
4.424538648422682 5.701235859215419
4.42453858249192 5.701235944170453
3.4693107689278095 4.502041542962927
3.4693108206245684 4.502041542962927
3.4693107689278095 4.502041610048574
3.3056604390994426 4.76482972337445
3.3056604883576215 4.76482972337445
3.3056604390994426 4.764829794375945
1.8601737545270325 7.85418886026555
2.944360975476769 5.5371797269554826
2.9443610193511662 5.5371797269554826
2.944360975476769 5.53717980946589
2.3212230488534003 7.005428115378983
2.321223083442319 7.005428115378983
2.3212230488534003 7.005428219767997
2.211038573888084 7.393558625280645
2.211038606835126 7.393558625280645
2.211038573888084 7.3935587354532535
2.219704506386692 7.376633492731171
2.2197045394628665 7.376633492731171
2.219704506386692 7.376633602651576
2.219297705730661 7.377751005406411
2.219297738800774 7.377751005406411
2.219297705730661 7.377751115343468
0.04733690818737413 2.219297705730661 7.377751005406411 0.0005732897763002832
0.06586793600936836 0.06385718694840373 0.06197402472599197 0.0602067588315471 0.05854507744994142 0.056979851303419635 0.05550296980978672 0.05410720356115599 0.052786088355627286 0.05153382696875775 0.05034520559811637 0.049215522501389 0.04814052681302214 0.04711636589388937 0.04613953986390771 0.04520686220495565 0.044315425513162074 0.04346257163516659 0.042645865549687495 0.04186307245945053 0.04111213764376153 0.04039116869232013
0.01248584665537546 0.011829622031455421 0.011227592866577022 0.010673870401817349 0.010163348815543743 0.009691583414397364 0.009254690327886011 0.008849263494464766 0.008472305627150973 0.008121170539726285 0.007793514751236721 0.007487256704450631 0.0072005422612246165 0.006931715395388694 0.006679293207651055 0.006441944549164514 0.006218471669958659 0.006007794412451403 0.005808936554125163 0.005621013971378632 0.005443224351807452 0.005274838227275912
