3.2339966790594827 5.091382645205276
3.2339967272497887 5.091382645205276
3.2339966790594827 5.091382721072789
4.386424079905913 2.6123492602345477
3.5391387082262904 4.479831905763093
3.5391387609635667 4.479831905763093
3.5391387082262904 4.479831972517791
4.141873571583094 3.2529926563096336
3.695234162215742 4.175840622231958
3.6952342172790216 4.175840622231958
3.695234162215742 4.1758406844568325
4.003682440565046 3.5659507760632687
4.0036825002245635 3.5659507760632687
4.003682440565046 3.565950829200076
4.339847337529467 2.970888487789832
4.339847402198232 2.970888487789832
4.339847337529467 2.9708885320595204
4.704033590156942 2.392550923495868
4.43951209055206 2.8321042674702457
4.439512156705945 2.8321042674702457
4.43951209055206 2.832104309671888
4.620208677232159 2.542060762489974
4.620208746078633 2.542060762489974
4.620208677232159 2.5420608003696312
4.8126456943270375 2.259670101046107
4.812645766041046 2.259670101046107
4.8126456943270375 2.2596701347178154
5.015654223050054 1.9847809806997465
5.015654297789125 1.9847809806997465
5.015654223050054 1.9847810102752879
5.073446001003136 1.9218632478876523
5.073446076603372 1.9218632478876523
5.073446001003136 1.9218632765256463
5.180353872548914 1.788578478291418
5.100435467203851 1.8887543157167324
5.100435543206262 1.8887543157167324
5.100435467203851 1.888754343861365
5.15422793957455 1.822384890395731
5.154228016378531 1.822384890395731
5.15422793957455 1.822384917551382
5.209195556880417 1.7569854121951496
5.168282814184766 1.8063032652130688
5.1682828911981815 1.8063032652130688
5.168282814184766 1.806303292129085
5.195688847786697 1.7735383144652355
5.175154028581158 1.7981285508495604
5.170020222886095 1.804276227376118
5.1700202999254 1.804276227376118
5.170020222886095 1.8042762542619288
0.18016900329160168 5.170020222886095 1.804276227376118 0.0004065169825752074
0.06591772952306997 0.0638107364779003 0.06183768462532373 0.05998640792894447 0.05824614732874649 0.05660735637155814 0.05506153766072244 0.05360110466501907 0.05221926448714958 0.05090991802988167 0.04966757466314457 0.048487279026009925 0.04736454802273657 0.04629531641434297 0.045275889683867164 0.04430290307808127 0.04337328591148945 0.04248423036822045 0.04163316416044954 0.04081772650339645 0.040035746950846 0.03928522670478736
0.011439572508243633 0.010758273180639382 0.01013614454952708 0.009566649692003744 0.009044111949227152 0.00856358533856737 0.008120746721886498 0.007711805735365028 0.007333429277269383 0.0069826779739157446 0.0066569525381885925 0.006353948327899342 0.006071616724980824 0.005808132207949726 0.005561864192356448 0.005331352877289203 0.0051152884683779865 0.004912493255402853 0.004721906110466478 0.004542569044625599 0.00437361551996723 0.004214260262810764
