4.360476231373406 6.953553213157742
4.360476296349566 6.953553213157742
4.360476231373406 6.9535533167737595
3.189508463850318 5.1113165370006985
3.189508511377698 5.1113165370006985
3.189508463850318 5.1113166131652505
3.1240368977318287 5.133796181878896
3.1240369442836062 5.133796181878896
3.1240368977318287 5.13379625837842
2.7008116142776535 6.0702223549600465
2.700811654522883 6.0702223549600465
2.7008116142776535 6.070222445413409
2.7454252751061174 6.005208225363617
2.745425316016142 6.005208225363617
2.7454252751061174 6.005208314848193
2.7455888406451736 6.005232988707523
2.7455888815576355 6.005232988707523
2.7455888406451736 6.005233078192468
0.05886373121629762 2.7455888406451736 6.005232988707523 0.0005361733379948252
0.06693817042335352 0.06486723946319836 0.06292739123980973 0.0611066908821764 0.05939459677966908 0.05778176502153604 0.056259885528984095 0.054821544109789164 0.053460105822752416 0.05216961594463049 0.050944715544362466 0.04978056923275246 0.04867280310371246 0.04761745124117433 0.046610909453296254 0.04564989512758984 0.04473141228864414 0.043852721093218014 0.04301131112263324 0.042204877935143104 0.04143130242561786 0.04068863260992645
0.01205898516013824 0.011396313629259327 0.010789215984708922 0.010231638187236472 0.00971832513421721 0.009244698257346442 0.008806754270273913 0.008400981029530042 0.008024287309891746 0.0076739439463183075 0.007347534303083677 0.007042912429961794 0.006758167580320177 0.00649159401571158 0.006241665220468184 0.006007011808954915 0.005786402536033075 0.005578727924497049 0.00538298610688085 0.005198270547070478 0.0050237593627234884 0.004858706015044813
