3.513178526981932 6.490811822737014
3.5131785793323713 6.490811822737014
3.513178526981932 6.490811919457648
3.035444918845704 5.659423940390594
3.035444964077358 5.659423940390594
3.035444918845704 5.659424024722583
2.729269520937376 6.32835148394245
2.729269561606661 6.32835148394245
2.729269520937376 6.328351578242236
1.9701276933080458 8.214882486432248
2.54360569844184 6.801621931075555
2.543605736344518 6.801621931075555
2.54360569844184 6.80162203242762
2.1767929830557162 7.749921628578381
2.1767930154924593 7.749921628578381
2.1767929830557162 7.749921744061212
2.1196050446072885 7.9440254558700145
2.119605076191865 7.9440254558700145
2.1196050446072885 7.944025574245218
2.1225050548421707 7.937443797320929
2.122505086469961 7.937443797320929
2.1225050548421707 7.937443915598059
0.04379417615138348 2.1225050548421707 7.937443797320929 0.0004073580892677275
0.06448930764588783 0.06251249994606357 0.060661911172653155 0.058925888617244675 0.057294165773428704 0.055757663198495656 0.05430832252867071 0.052938967427369275 0.05164318653527206 0.05041523448952267 0.04924994785760261 0.048142673441740745 0.04708920689112979 0.04608573994111399 0.0451288149030882 0.0442152852730274 0.04334228152329875 0.042507181301665184 0.04170758339091326 0.04094128488833283 0.04020626115106292 0.039500648124800725
0.01230586548980062 0.011662651430914816 0.011072639644067264 0.010530019026149556 0.010029757510531602 0.009567479553732118 0.009139365526401828 0.008742068656794503 0.008372646119220903 0.008028501583462026 0.0077073370988370695 0.007407112619129156 0.007126011811916997 0.006862413060450047 0.0066148647748476 0.006382064294784333 0.0061628397975737916 0.00595613473102557 0.005760994375270251 0.005576554206267688 0.005402029789311606 0.005236707976143586
