1.9614569822486083 4.433376972832503
1.961457011476595 4.433376972832503
1.9614569822486083 4.433377038894968
3.150143920188749 4.509494628878295
3.1501439671295515 4.509494628878295
3.150143920188749 4.509494696075001
4.9448399317795975 1.4120271468067012
3.7740595617331425 3.8678703749194945
3.7740596179710124 3.8678703749194945
3.7740595617331425 3.867870432555254
4.621650854800613 2.291355660733809
4.002924055150783 3.483345802998958
4.002924114799 3.483345802998958
4.002924055150783 3.4833458549048553
4.437775431716994 2.7011331136807577
4.437775497845001 2.7011331136807577
4.437775431716994 2.7011331539307775
4.578579872112691 2.527254894071887
4.578579940338847 2.527254894071887
4.578579872112691 2.527254931730919
4.827032731839707 2.155086546074031
4.8270328037681 2.155086546074031
4.827032731839707 2.155086578187323
4.901307180039173 2.0714313742850803
4.901307253074341 2.0714313742850803
4.901307180039173 2.071431405151813
5.036638943701068 1.8932605589598503
5.036639018752837 1.8932605589598503
5.036638943701068 1.893260587171631
5.074310453789428 1.8519135193650236
5.074310529402546 1.8519135193650236
5.074310453789428 1.8519135469606856
5.145325827278241 1.7654745342332065
5.092186131539632 1.8304044460732884
5.092186207419119 1.8304044460732884
5.092186131539632 1.8304044733484401
5.110039442029956 1.8088768035308622
5.09668518890767 1.8250523681258684
5.096685264854197 1.8250523681258684
5.09668518890767 1.8250523953212678
0.17161864898306523 5.09668518890767 1.8250523681258684 0.00035003570775425034
0.06509395162699994 0.06302283435997574 0.06108296350621841 0.05926245530008553 0.05755079605331941 0.05593865346340685 0.05441771774910362 0.052980567345219484 0.05162055490855101 0.05033171019332175 0.04910865699533314 0.04794654187563189 0.04684097278477815 0.0457879660392653 0.04478390036895878 0.043825476971549045 0.042909684687084323 0.04203376955061246 0.041195208100089774 0.040391683914968224 0.03962106694219824 0.03888139523392951
0.011967942121086981 0.011258827125272113 0.010611035467300993 0.010017820153698573 0.009473318541379975 0.008972419648303675 0.008510653653632473 0.008084099529125513 0.007689307543954677 0.007323234017141734 0.006983186192863463 0.006666775512705679 0.006371877877666629 0.006096599748387816 0.00583924913796515 0.005598310718073964 0.0053724243940848375 0.005160366814675054 0.004961035371131698 0.004773434315031775 0.004596662683394069 0.004429903770211501
