4.526482951998186 5.956397009193012
4.526483019448038 5.956397009193012
4.526482951998186 5.956397097950243
3.5085891619756633 4.628741206696629
3.5085892142577157 4.628741206696629
3.5085891619756633 4.628741275670248
3.54801955023697 4.483477114049261
3.548019603106581 4.483477114049261
3.54801955023697 4.4834771808582765
4.191035826295251 3.155677584567149
3.708894853052174 4.15178772213358
3.708894908319014 4.15178772213358
3.708894853052174 4.151787784000038
3.913840168849568 3.7508115650401135
3.9138402271703314 3.7508115650401135
3.913840168849568 3.7508116209315614
4.339505548601586 2.9571196672740325
4.0232773542947795 3.5540385544466506
4.023277414246284 3.5540385544466506
4.0232773542947795 3.554038607405952
4.239914033026689 3.1592563227634787
4.2399140962063315 3.1592563227634787
4.239914033026689 3.159256369840066
4.471236736729066 2.7728960404147878
4.471236803355686 2.7728960404147878
4.471236736729066 2.772896081734159
4.716281633966362 2.3950899269614694
4.536893995535244 2.681445763323328
4.536894063140233 2.681445763323328
4.536893995535244 2.681445803279984
4.658579588420672 2.492002548242116
4.658579657838917 2.492002548242116
4.658579588420672 2.4920025853758476
4.785639271616872 2.30612099412158
4.785639342928454 2.30612099412158
4.785639271616872 2.3061210284854607
4.91720885371755 2.1234038347685584
4.917208926989671 2.1234038347685584
4.91720885371755 2.1234038664097414
4.953039146779269 2.07999073418103
4.953039220585304 2.07999073418103
4.953039146779269 2.0799907651753076
5.020967449534144 1.9902144873287129
5.020967524352389 1.9902144873287129
5.020967449534144 1.9902145169852197
5.09074170806356 1.9018652843854136
5.090741783921523 1.9018652843854136
5.09074170806356 1.9018653127254148
5.161951107259967 1.8146686658722346
5.161951184179033 1.8146686658722346
5.161951107259967 1.814668692912905
5.234674099891307 1.7287303440548507
5.234674177894029 1.7287303440548507
5.234674099891307 1.7287303698149403
5.308984063932262 1.644160502750293
5.308984143042289 1.644160502750293
5.308984063932262 1.6441605272501938
5.328552974035858 1.6239321919400633
5.328553053437485 1.6239321919400633
5.328552974035858 1.6239322161385388
5.3663968986921535 1.582262723859463
5.366396978657699 1.582262723859463
5.3663968986921535 1.582262747437015
5.376159766410479 1.57212772932893
5.376159846521503 1.57212772932893
5.376159766410479 1.5721277527554587
5.395335674483543 1.5515264829964552
5.39533575488031 1.5515264829964552
5.395335674483543 1.5515265061160015
5.414660685079682 1.5310650371448788
5.400207062535489 1.546449327936559
5.400207143004844 1.546449327936559
5.400207062535489 1.5464493509804498
0.2062120345157732 5.400207062535489 1.546449327936559 0.00048511267393537967
0.06578576227808104 0.06368270373772619 0.0617133513598337 0.05986555900453449 0.058128585381974344 0.056492899951491954 0.05495001960151494 0.05349237065628221 0.05211317181474249 0.05080633446391781 0.04956637747352304 0.04838835410870379 0.04726778912252461 0.04620062443173458 0.04518317205570879 0.044212073222801684 0.04328426273118484 0.04239693780083702 0.041547530776220094 0.04073368514045488 0.03995323438559984 0.039204183353190966
0.01147174590480703 0.010788722386475416 0.01016501476507082 0.0095940698744054 0.00907019705207404 0.008588438189375325 0.008144459603654734 0.00773446172511603 0.00735510338403876 0.007003438110438578 0.006676860354037313 0.006373059926675414 0.006089983284052694 0.005825800515935956 0.005578877116901388 0.005347749773534103 0.0051311055367885055 0.004927763856192763 0.004736661040693088 0.0045568367830746805 0.004387422444154205 0.0042276308417691175
