5.186417298860712 2.88288563333459
5.186417376144352 2.88288563333459
5.186417298860712 2.8828856762929336
4.623861028710345 2.5743977737834274
4.623861097611243 2.5743977737834274
4.623861028710345 2.5743978121449436
6.2754331560845085 0.050009896776540774
5.03677312875593 1.9433322986792207
4.72710839723483 2.416663361639571
4.727108467674235 2.416663361639571
4.72710839723483 2.416663397650661
4.889786802762561 2.1808683102646573
4.889786875626062 2.1808683102646573
4.889786802762561 2.1808683427621274
5.06204299122566 1.9519766865338866
5.062043066655979 1.9519766865338866
5.06204299122566 1.9519767156206058
5.243288909322358 1.730135556327542
5.110253620420647 1.8990171892742356
5.11025369656936 1.8990171892742356
5.110253620420647 1.8990172175717968
5.200236060325637 1.7875763844573707
5.132940078221482 1.8713121732700213
5.132940154708249 1.8713121732700213
5.132940078221482 1.8713122011547456
5.178172061570326 1.8157870366227211
5.178172138731102 1.8157870366227211
5.178172061570326 1.8157870636800564
5.224240652299948 1.76095403501276
5.189913801676767 1.8022706628816434
5.18991387901251 1.8022706628816434
5.189913801676767 1.802270689737569
5.2128919032072245 1.7748070482361005
5.195672557992806 1.7954166909929195
5.19567263541436 1.7954166909929195
5.195672557992806 1.795416717746713
5.201427265164393 1.7885593190234104
5.197115154496601 1.7937056450738484
5.196037107848652 1.7949922489141585
5.196037185275639 1.7949922489141585
5.196037107848652 1.7949922756616274
0.17561263807011407 5.196037107848652 1.7949922489141585 0.0003198913549232134
0.06469692984384755 0.06262584605863876 0.06068655693059533 0.05886707901723869 0.05715681614604898 0.05554636757417272 0.0540273665969531 0.052592344205478384 0.05123461344300352 0.049948170939270585 0.04872761275994328 0.04756806223329293 0.04646510783683251 0.045414749565035925 0.044413352472807484 0.04345760631135822 0.042544490354038095 0.04167124265765634 0.04083533312634202 0.04003443984515773 0.039266428233524796 0.03852933263728678
0.011670114090733555 0.010973898566098499 0.010338234880560505 0.009756424476259205 0.009222651494630708 0.008731849636243332 0.008279591401865828 0.007861995600174754 0.007475649823280173 0.007117545234449322 0.006785021521663038 0.006475720275489419 0.006187545372891271 0.005918629207496857 0.005667303815107995 0.005432076111332245 0.005211606594431546 0.0050046909772231704 0.004810244302220082 0.004627287168158824 0.0044549337568054225 0.004292381398975017
