5.5353347110349205 4.445953163921485
5.535334793517835 4.445953163921485
5.5353347110349205 4.44595323017135
5.213531601425471 4.184984056668979
5.213531679113146 4.184984056668979
5.213531601425471 4.1849841190301005
5.639733136673914 3.3560637308012042
5.319762213497588 3.977623809795299
5.319762292768223 3.977623809795299
5.319762213497588 3.977623869066513
5.425247980111528 3.779821971767432
5.425248060954022 3.779821971767432
5.425247980111528 3.7798220280911683
5.639210911259731 3.3858281641564476
5.639210995290522 3.3858281641564476
5.639210911259731 3.385828214609219
5.865411621190293 2.998730637468092
5.865411708591737 2.998730637468092
5.865411621190293 2.9987306821526607
6.102994047565524 2.618512480328023
5.928512714227244 2.9060944912892097
5.928512802568967 2.9060944912892097
5.928512714227244 2.906094534593392
6.046600632954283 2.7155477580817124
6.046600723055654 2.7155477580817124
6.046600632954283 2.7155477985465275
6.169147447025373 2.5278376293023657
6.169147538952833 2.5278376293023657
6.169147447025373 2.5278376669700817
6.202004920377877 2.4824373283647856
6.2020050127949515 2.4824373283647856
6.202004920377877 2.4824373653559846
6.2460477057374115 2.417506175848626
6.213101956587574 2.466263441024628
6.213102049170008 2.466263441024628
6.213101956587574 2.466263477774817
6.202105562657143 2.4825059212803713
6.2103643599563645 2.4703318242975643
6.210364452498005 2.4703318242975643
6.2103643599563645 2.470331861108377
0.13783437117158726 6.2103643599563645 2.4703318242975643 0.00024855288881710534
0.0545310011217882 0.052606350824766494 0.050813318049161574 0.049139043414920765 0.047572266019568765 0.04610308614194609 0.04472276839011466 0.04342357758710154 0.04219864129879881 0.04104183415495292 0.039947680084764445 0.03891126934862316 0.03792818784589776 0.03699445665235978 0.03610648011767153 0.03526100115468249 0.03445506259434738 0.033685973675448136 0.032951280896682804 0.0322487425876301 0.03157630666051525 0.03093209109122756
0.0077261491560627876 0.007210890536363917 0.006744987038194472 0.006322443061279315 0.00593812949710855 0.005587640486469197 0.00526717655879 0.004973448840482606 0.0047036001731836415 0.0044551398692136 0.004225889516199929 0.004013937774309409 0.0038176025242084837 0.0036353990489656316 0.0034660131891772056 0.0033082786132167734 0.0031611575055457324 0.003023724104565017 0.002895150624520994 0.0027746951789009906 0.0026616913897543814 0.0025555394217184084
