6.218394101607285 1.3502025891119729
6.218394194268578 1.3502025891119729
6.218394101607285 1.3502026092315593
8.24514393607723 0.315856358790668
8.245144058939449 0.315856358790668
8.24514393607723 0.3158563736918292
7.805084230259078 0.6675154458576018
7.805084346563897 0.6675154458576018
7.805084230259078 0.667515460758763
6.886644227885905 1.338980051005727
6.886644330504901 1.338980051005727
6.886644227885905 1.3389800709580846
7.12866473641092 1.488398492215859
7.128664842636303 1.488398492215859
7.12866473641092 1.488398514394725
7.540008749841114 1.0954668300955472
7.242036333783657 1.4025391293644656
7.242036441698408 1.4025391293644656
7.242036333783657 1.4025391502639273
7.446166971709612 1.2044722725198247
7.293881144719661 1.3538734032419337
7.293881253406959 1.3538734032419337
7.293881144719661 1.3538734234162195
7.397228412940251 1.2561785137571988
7.397228523167544 1.2561785137571988
7.397228412940251 1.2561785324757173
7.425180790424132 1.2342075346482817
7.4251809010679475 1.2342075346482817
7.425180790424132 1.2342075530394072
7.478684989266653 1.1873723125793816
7.478685100707743 1.1873723125793816
7.478684989266653 1.1873723302726078
7.53327577199767 1.141808250415894
7.492616613404078 1.1763303616016345
7.492616725052765 1.1763303616016345
7.492616613404078 1.1763303791303228
7.519838431114239 1.153460469372755
7.499440744877831 1.1706351936713368
7.4994408566282065 1.1706351936713368
7.499440744877831 1.1706352111151606
7.506259072708892 1.164933078825638
7.5011504546751295 1.1692158191024302
7.501150566450981 1.1692158191024302
7.5011504546751295 1.1692158365251035
0.25890305699409877 7.5011504546751295 1.1692158191024302 0.00028184891457027315
0.05233680716036067 0.05047353728619366 0.048738535724096324 0.0471191884116701 0.04560445928692475 0.044184654559490374 0.04285122740867029 0.04159661535781086 0.04041410420425767 0.03929771364336599 0.03824210070376743 0.03724247787625072 0.03629454342014878 0.035394421806580235 0.03453861263565245 0.03372394666637614 0.032947547840072845 0.03220680037316169 0.03149932015319871 0.030822929800527688 0.03017563686283271 0.02955561469592511
0.0077089091619627365 0.007189755844238295 0.006720764541413459 0.00629578993657914 0.005909582266794564 0.005557638052161685 0.005236078542013934 0.004941550251299861 0.004671143191952166 0.004422323348108947 0.004192876671558113 0.003980862437319598 0.003784574238032668 0.003602507239095731 0.0034333305863751325 0.003275864071443536 0.0031290583284111083 0.002991977971162437 0.0028637871876447864 0.0027437373945023015 0.00263115662525708 0.002525440381856345
