7.6580174676396044 7.96516489373073
7.658017581752957 7.96516489373073
7.6580174676396044 7.965165012420936
4.908176638835075 5.124528809238683
4.908176711972606 5.124528809238683
4.908176638835075 5.124528885600113
5.228938916301377 4.40443518013719
5.228938994218639 4.40443518013719
5.228938916301377 4.404435245768388
7.011592447443298 0.8695172746311597
5.681249158200399 3.524089178132443
5.681249242857608 3.524089178132443
5.681249158200399 3.524089230645464
6.179300480295847 2.6687889275002634
6.1793005723746 2.6687889275002634
6.179300480295847 2.6687889672683176
6.739546685500997 1.8528735962766598
6.336551334039487 2.4777476456194165
6.336551428461459 2.4777476456194165
6.336551334039487 2.4777476825407336
6.6150486541791125 2.068678394491725
6.4075982824667586 2.37646348241698
6.407598377947413 2.37646348241698
6.4075982824667586 2.376463517829045
6.548930457081878 2.1733629683744438
6.548930554668546 2.1733629683744438
6.548930457081878 2.1733630007600757
6.697751042717704 1.9756838453573924
6.697751142521972 1.9756838453573924
6.697751042717704 1.9756838747973757
6.8530431000513685 1.7830469347850444
6.853043202169668 1.7830469347850444
6.8530431000513685 1.7830469613545141
7.0156754316856915 1.5965654957811468
6.896078239951451 1.7386114266536905
6.896078342711024 1.7386114266536905
6.896078239951451 1.7386114525610197
6.976845752548731 1.6448950486544662
6.916420851816055 1.7153130886270433
6.916420954878757 1.7153130886270433
6.916420851816055 1.7153131141872002
6.936741988660456 1.6919960174209734
6.92154657918412 1.7095237389471891
6.921546682323202 1.7095237389471891
6.92154657918412 1.709523764421078
0.18137454029703504 6.92154657918412 1.7095237389471891 0.0003326920378871373
0.05194541534392654 0.05009897701151747 0.04837948285866922 0.046774465602913255 0.045273015496967585 0.04386554797775317 0.04254361110664142 0.04129972518334153 0.04012724851528834 0.039020264560703025 0.03797348662485322 0.03698217704090355 0.03604207835805654 0.03514935452722106 0.034300540446036226 0.03349249852189042 0.03272238114979915 0.031987598194095995 0.03128578871847859 0.030614796335516115 0.029972647650113975 0.029357533356226293
0.007894049145840906 0.00736326590264382 0.006883690466236653 0.006449059250226085 0.006054019963682825 0.005693979975725829 0.005364982786205705 0.0050636069071393055 0.004786882703850124 0.004532223699072122 0.004297369579077778 0.004080338711170011 0.0038793884260995147 0.0036929816666953674 0.003519758877485494 0.003358514226179361 0.003208175419399618 0.003067786511773612 0.002936493216948534 0.0028135303170753615 0.0026982108383114363 0.002589916717417401
