5.92369854628627 2.4028339482552257
5.923698634556257 2.4028339482552257
5.92369854628627 2.4028339840602415
2.589099494836312 7.85666421846266
5.3208410525947984 3.8828850649181446
5.320841131881509 3.8828850649181446
5.3208410525947984 3.882885122777641
3.9424584010873804 6.766635249757991
5.071657407405316 4.642098228251645
5.0716574829789005 4.642098228251645
5.071657407405316 4.642098297424299
4.382919010226518 6.084189725309545
4.3829190755371 6.084189725309545
4.382919010226518 6.084189815971037
3.9445017809735563 7.18856184359933
3.9445018397512133 7.18856184359933
3.9445017809735563 7.188561950717249
4.000793911438279 7.093465596325095
4.000793971054755 7.093465596325095
4.000793911438279 7.093465702025969
4.001987138285694 7.091036470541166
4.0019871979199495 7.091036470541166
4.001987138285694 7.091036576205844
0.04906017935192908 4.001987138285694 7.091036470541166 0.0001468415882756865
0.05276312501876267 0.05092803107194514 0.04921850610011182 0.04762220695179588 0.04612834256547576 0.04472743969329483 0.04341114941918938 0.04217208649400252 0.04100369522864295 0.039900137002877874 0.03885619546287657 0.037867196269108123 0.03692893887224657 0.036037638278962406 0.03518987515227143 0.03438255289539722 0.033612860611255596 0.03287824102495998 0.032176362614357606 0.0315050953214054 0.030862489321280374 0.030246756411264775
0.008078344156430687 0.007567544565952071 0.007104328549141062 0.006682991175257657 0.006298651753933144 0.005947116020980623 0.005624764268553376 0.00532846002836015 0.0050554751349293214 0.00480342791830101 0.004570231978543366 0.0043540535337474205 0.004153275749353353 0.003966468779789848 0.0037923645057123642 0.003629835148212043 0.0034778750977079737 0.0033355854192566874 0.003202160594877675 0.003076877142676296 0.0029590838162525026 0.0028481931393639463
