6.541946943721219 7.52653689068846
6.541947041203825 7.52653689068846
6.541946943721219 7.526537002842599
4.479557140469373 5.1756004123010655
4.479557207219976 5.1756004123010655
4.479557140469373 5.1756004894235215
4.489567837755491 5.084294233630899
4.489567904655265 5.084294233630899
4.489567837755491 5.084294309392788
4.846193355928804 4.322467594065121
4.846193428142713 4.322467594065121
4.846193355928804 4.322467658474907
4.992057245858176 4.058920672482785
4.9920573202456255 4.058920672482785
4.992057245858176 4.058920732965416
5.03316624925802 3.983513950294171
5.033166324258041 3.983513950294171
5.03316624925802 3.9835140096531547
5.044867850981978 3.9614920056348297
5.044867926156368 3.9614920056348297
5.044867850981978 3.9614920646656606
5.048323509578378 3.95493679482479
5.04832358480426 3.95493679482479
5.048323509578378 3.954936853757941
0.08648654004618983 5.048323509578378 3.95493679482479 0.00016862885598442615
0.05577830174797541 0.05384739793225017 0.05204690453283358 0.05036422266017946 0.04878830398273778 0.04730942256694998 0.045918985302230125 0.04460937360891167 0.04337381064430859 0.04220624939801042 0.04110127798445257 0.040054039159827144 0.03906016165734821 0.038115701384296846 0.037217090882335685 0.0363610957392758 0.035544776871118615 0.034765457779589025 0.03402069604168375 0.0333082584111024 0.032626099012395576 0.03197234019163896
0.008483943155847154 0.007934137156108153 0.0074358706157072185 0.006982996071158289 0.006570240732422661 0.00619306378876785 0.005847539706356638 0.005530262330508577 0.005238265723899116 0.004968958532595948 0.004720069337702593 0.00448960096823734 0.004275792155651665 0.004077085228325554 0.003892098795282958 0.0037196045672899013 0.003558507621904904 0.003407829545742187 0.0032666939889578264 0.0031343142490196916 0.0030099825672484396 0.0028930608755999114
