7.450652073259963 8.884186449407402
7.450652184283331 8.884186449407402
7.450652073259963 8.884186581792097
4.627625394342646 5.5424133691963515
4.627625463299638 5.5424133691963515
4.627625394342646 5.542413451784746
4.662037905318012 5.38021656761159
4.662037974787791 5.38021656761159
4.662037905318012 5.3802166477830635
5.366272086119956 3.8489601526957924
4.838155075441283 4.997546227891567
4.838155147535412 4.997546227891567
4.838155075441283 4.997546302360809
5.04820983867399 4.561842557320586
5.048209913898178 4.561842557320586
5.04820983867399 4.561842625297337
5.480379090278935 3.696352807877925
5.158754481292493 4.3467378037357545
5.158754558163925 4.3467378037357545
5.158754481292493 4.346737868507195
5.377868889356365 3.9155191025125893
5.377868969492856 3.9155191025125893
5.377868889356365 3.9155191608583704
5.835197754718335 3.063056154737245
5.495228327088859 3.7040553103363485
5.4952284089741426 3.7040553103363485
5.495228327088859 3.7040553655310737
5.72769624119936 3.279886286225809
5.727696326548685 3.279886286225809
5.72769624119936 3.2798863350999232
5.9749746677178175 2.8641771669075893
5.9749747567518785 2.8641771669075893
5.9749746677178175 2.864177209587155
6.044851606405528 2.765486961232229
6.044851696480836 2.765486961232229
6.044851606405528 2.765487002441196
6.17474909701202 2.5614849637896064
6.174749189022951 2.5614849637896064
6.17474909701202 2.5614850019587068
6.310290606300787 2.36118850279699
6.310290700331445 2.36118850279699
6.310290606300787 2.3611885379814406
6.450662083532191 2.164246832736241
6.450662179654547 2.164246832736241
6.450662083532191 2.164246864986032
6.596512224264287 1.9713273949523014
6.596512322559978 1.9713273949523014
6.596512224264287 1.9713274243273686
6.636545692576359 1.9260178238987253
6.636545791468596 1.9260178238987253
6.636545692576359 1.9260178525986273
6.712120236582266 1.8316195635603587
6.712120336600652 1.8316195635603587
6.712120236582266 1.831619590853617
6.789982708672167 1.7390994106386286
6.789982809850795 1.7390994106386286
6.789982708672167 1.7390994365532293
6.869633081274817 1.6481139095910995
6.869633183640327 1.6481139095910995
6.869633081274817 1.6481139341499105
6.951175865391043 1.558820474137056
6.9511759689716355 1.558820474137056
6.951175865391043 1.558820497365291
7.034704267967527 1.4713816428340716
7.034704372792789 1.4713816428340716
7.034704267967527 1.4713816647593667
7.120305022923596 1.385970554516676
7.120305129024408 1.385970554516676
7.120305022923596 1.3859705751692466
7.142976724791911 1.3659729824657394
7.142976831230558 1.3659729824657394
7.142976724791911 1.365973002820323
7.099408321475794 1.4078946957732477
7.132130489789667 1.3765008704144515
7.132130596066693 1.3765008704144515
7.132130489789667 1.3765008909259129
7.1104004338116065 1.3975178545160907
7.126710632626173 1.3817681712339858
7.126710738822437 1.3817681712339858
7.126710632626173 1.381768191823936
0.22942209719913653 7.126710632626173 1.3817681712339858 0.00018657767888545778
0.053918733606848054 0.05201221629739211 0.05023623353568552 0.048578017896279004 0.04702639052522683 0.045571525115215665 0.04420475213780801 0.04291839565726494 0.04170563665547092 0.04056039803961678 0.03947724747127688 0.038451314912593994 0.03747822238130194 0.03655402387803002 0.03567515382458812 0.03483838265193036 0.03404077841747682 0.0332796735259399 0.0325526357854309 0.03185744315894194 0.031192061676188657 0.030554626056883524
0.00779177384962571 0.00727121359878759 0.0068005904712721945 0.006373829795530134 0.0059857359553436 0.005631846894624655 0.005308315448973007 0.005011812096030721 0.004739444892137174 0.00448869326568487 0.004257353034770599 0.004043490557854673 0.003845404348218223 0.0036615928138290085 0.0034907270447415016 0.0033316277762471458 0.0031832458197503227 0.0030446453840309584 0.0029149898142831776 0.002793529360588064 0.002679590655552729 0.0025725676360507763
