1.4003757628325513 5.050578388571595
1.4003757836997763 5.050578388571595
1.4003757628325513 5.050578463831078
1.7141083778692936 9.424318711001792
1.7141084034114988 9.424318711001792
1.7141083778692936 9.424318851435084
3.378532031653255 8.420495954385647
3.3785320819973053 8.420495954385647
3.378532031653255 8.420496079860815
5.174215439990884 4.607966545297828
5.174215517092702 4.607966545297828
5.174215439990884 4.60796661396188
7.042049653920365 1.2937832115383063
5.772645404506712 3.8687642276942382
5.772645490525832 3.8687642276942382
5.772645404506712 3.8687642853433175
6.687409258689732 2.201022926951236
6.014070942867637 3.459071255308366
6.014071032484277 3.459071255308366
6.014070942867637 3.459071306852544
6.486017568357044 2.633356491318951
6.135330396566698 3.2545479059386335
6.135330487990245 3.2545479059386335
6.135330396566698 3.2545479544351763
6.375782120312999 2.844282637188443
6.375782215319556 2.844282637188443
6.375782120312999 2.844282679571557
6.6336588514469295 2.444740131646277
6.633658950296149 2.444740131646277
6.6336588514469295 2.444740168075744
6.9087777754378 2.0568687613992074
6.707763299548782 2.3517780713274465
6.7077633995022445 2.3517780713274465
6.707763299548782 2.3517781063716705
6.84437076842565 2.1571706331451814
6.844370870414722 2.1571706331451814
6.84437076842565 2.1571706652895286
6.987940217152081 1.967641034028851
6.9879403212805045 1.967641034028851
6.987940217152081 1.9676410633489874
7.137464358387944 1.7827730088419997
7.1374644647444505 1.7827730088419997
7.137464358387944 1.7827730354073876
7.1787076126539375 1.7399670811058656
7.178707719625017 1.7399670811058656
7.1787076126539375 1.7399671070333955
7.256335451773632 1.6499263543162126
7.198255320772616 1.7175790156410455
7.198255428034979 1.7175790156410455
7.198255320772616 1.7175790412349674
7.237247044402003 1.6727125586803047
7.237247152245388 1.6727125586803047
7.237247044402003 1.6727125836056642
7.276853857788394 1.62838814322814
7.247313866330925 1.6617812418228117
7.247313974324317 1.6617812418228117
7.247313866330925 1.6617812665852818
7.267075746253394 1.6395819970185384
7.252264707190276 1.656240680228328
7.252264815257441 1.656240680228328
7.252264707190276 1.6562407049082375
0.1927030112586895 7.252264707190276 1.656240680228328 0.00029043711025161887
0.05112813730264517 0.04928645082919261 0.04757273877417965 0.04597429818981774 0.04448003001132458 0.04308019723876818 0.04176622497610421 0.04053053422757602 0.03936640307091701 0.03826785015142619 0.03722953646787044 0.03624668222196704 0.03531499613127215 0.03443061510062516 0.033590052540010705 0.03279015392965385 0.03202805848379249 0.03130116596624032 0.030607107873875588 0.029943722336553853 0.029309032189872124 0.02870122576558084
0.007226397825679938 0.006732998276715858 0.0062878696302715795 0.005885025579626473 0.005519362839533774 0.005186512176704537 0.004882717436261657 0.004604736812076668 0.0043497618831373 0.004115350911206488 0.003899373642302496 0.0036999654314584193 0.0035154889579648158 0.003344502147550898 0.0031857311917255957 0.0030380477701209296 0.0029004497522934036 0.002772044791046909 0.0026520363275959265 0.002539711615673769 0.0024344314415511896 0.0023356212733910055
