2.7063334522095825 2.2250323746396212
2.7063334925370937 2.2250323746396212
2.7063334522095825 2.2250324077951875
2.4915736494565666 5.722015081183157
2.4915736865839073 5.722015081183157
2.4915736494565666 5.722015166447826
2.6969655291135095 9.324083135971437
2.6969655693014274 9.324083135971437
2.6969655291135095 9.324083274911102
3.5196901287298994 8.936636165507283
3.5196901811773693 8.936636165507283
3.5196901287298994 8.93663629867354
3.8188083860651165 8.344840513623328
3.8188084429697957 8.344840513623328
3.8188083860651165 8.344840637971142
3.835360096938468 8.3164495398444
3.8353601540897873 8.3164495398444
3.835360096938468 8.316449663769156
3.8351129693622426 8.317181906709179
3.835113026509879 8.317181906709179
3.8351129693622426 8.317182030644847
0.04373755084450848 3.8351129693622426 8.317181906709179 0.0002057908432325496
0.05157238310828698 0.04976156663193244 0.04807597947732964 0.04650316166282032 0.04503224137547115 0.04365369164393869 0.04235913007472367 0.04114115308264609 0.03999319792684859 0.03890942729559946 0.03788463228158062 0.03691415043778492 0.035993796263866375 0.03511980198902615 0.03428876692393222 0.03349761397598692 0.03274355217849405 0.03202404428938677 0.031336778680195125 0.030679644869341546 0.030050712162211855 0.029448210948858917
0.0074015005038291825 0.006934793610431787 0.006511683544432459 0.00612690754610204 0.00577597136933315 0.005455018936109622 0.005160726964850981 0.00489021927536375 0.004640996698090721 0.004410879435205816 0.004197959416914412 0.004000560726356777 0.0038172065729918606 0.0036465916080767958 0.0034875586195133395 0.0033390788336845538 0.0032002352014609253 0.0030702081637000427 0.0029482634853841474 0.0028337418224181924 0.0027260497451604866 0.0026246519911386264
