2.7796123573751608 5.14863976706363
2.7796123987946126 5.14863976706363
2.7796123573751608 5.14863984378434
2.700522571973696 9.007982183739664
2.700522612214618 9.007982183739664
2.700522571973696 9.007982317969057
3.5255488201198766 8.544880531348364
3.525548872654648 8.544880531348364
3.5255488201198766 8.544880658677005
3.8666978480018566 7.835733996028881
3.8666979056201445 7.835733996028881
3.8666978480018566 7.8357341127904165
3.906032319364891 7.754307221785364
3.9060323775693084 7.754307221785364
3.906032319364891 7.754307337333546
3.9072149040630624 7.751577210160721
3.9072149622851016 7.751577210160721
3.9072149040630624 7.751577325668222
0.046350101819599865 3.9072149040630624 7.751577210160721 0.00020781447851136317
0.0523164712399857 0.05048725921377914 0.04878395090005185 0.04719408698008034 0.04570678660883 0.04431250718492225 0.04300284632795746 0.041770377729691915 0.04060851435921069 0.03951139388707555 0.03847378225837024 0.03749099216906898 0.036558813842648925 0.035673456007638514 0.03483149537413012 0.034029833222462336 0.03326565796863183 0.03253641277250132 0.03183976741721547 0.03117359381966093 0.030535944638684673 0.029925034535086055
0.007656307231512815 0.007172947292345169 0.0067346857562314115 0.006336094756044995 0.005972535360968644 0.0056400246025263 0.005335127781855883 0.005054870744020891 0.00479666802159816 0.0045582636665883365 0.004337682285537949 0.004133188324460162 0.003943252059049593 0.0037665210621195063 0.003601796166523777 0.0034480111346908396 0.0033042153977303782 0.003169559347237949 0.0030432817585073204 0.00292469900026459 0.0028131957473981487 0.0027082169626593193
