1.354583929687995 4.774151963983179
1.3545839498728685 4.774151963983179
1.354583929687995 4.7741520351235875
1.3737952161058407 9.59726225856039
1.3737952365769845 9.59726225856039
1.3737952161058407 9.597262401570742
2.8033706744083853 9.356542112158023
2.8033707161818637 9.356542112158023
2.8033706744083853 9.356542251581365
4.153568194328117 6.5564266850772945
4.1535682562211065 6.5564266850772945
4.153568194328117 6.556426782775666
4.851828245409095 5.201363332530363
4.851828317706969 5.201363332530363
4.851828245409095 5.201363410036716
5.018304191949335 4.917560847264137
5.0183042667278945 4.917560847264137
5.018304191949335 4.917560920541504
5.021805780594145 4.914164461126523
5.021805855424883 4.914164461126523
5.021805780594145 4.91416453435328
0.07149518365247187 5.021805780594145 4.914164461126523 0.00029634709623716567
0.05314894182139985 0.051270706406631034 0.04952159519962583 0.047888899923100706 0.04636150678006532 0.04492965706884409 0.04358474913874109 0.04231917369013951 0.041126176122368574 0.039999740940896894 0.03893449424886223 0.037925621137854686 0.03696879541217703 0.03606011956910457 0.03519607334476896 0.03437346944377371 0.03358941531771807 0.03284128005664633 0.03212666561820996 0.031443381749904166 0.030789424066246567 0.030162954830002902
0.007586330230765798 0.0070859587504648784 0.006633366593546071 0.0062227381468319175 0.005849103793093232 0.005508198540853986 0.005196347077261888 0.00491036982429012 0.00464750578130603 0.004405348854151301 0.004181795074308616 0.003974998654354209 0.0037833352467897454 0.003605371101565263 0.0034398370748764022 0.003285606644487583 0.0031416772472584024 0.003007154382131474 0.0028812380237591153 0.0027632109737211526 0.0026524288421755507 0.00254831140609063
