8.155026147511258 5.165767601455358
8.155026269030618 5.165767601455358
8.155026147511258 5.165767678431294
5.612167073076558 3.5735248210766826
5.612167156704364 3.5735248210766826
5.612167073076558 3.573524874326352
5.463070981826406 3.850759104769521
5.4630710632325075 3.850759104769521
5.463070981826406 3.8507591621503034
5.418012074836598 3.9399314271601695
5.41801215557127 3.9399314271601695
5.418012074836598 3.9399314858697227
5.40485534284909 3.965210748066793
5.404855423387711 3.965210748066793
5.40485534284909 3.965210807153037
5.401290335012217 3.971988131239822
5.401290415497715 3.971988131239822
5.401290335012217 3.9719881904270578
0.08959902151351706 5.401290335012217 3.971988131239822 0.00016341583195215678
0.054376311037455126 0.05245646280324393 0.05066822332962935 0.04899868965015179 0.04743656987838484 0.04597194273096 0.04459605830122808 0.04330117216536365 0.042080406571453885 0.040927633750190796 0.03983737738617031 0.03880472907035152 0.037825277168304514 0.036895046024009885 0.036010443804272305 0.03516821759637574 0.034365414618327955 0.033599348599885684 0.032867570553546055 0.03216784328560245 0.03149811910427301 0.030856520269570146
0.00752855864843619 0.007029208531227584 0.006577615231778226 0.006167971855245769 0.005795313396134321 0.005455376829894818 0.005144487158298936 0.004859464134701635 0.004597545552878445 0.004356323869188581 0.004133693609849322 0.003927807542938597 0.00373704000538198 0.0035599560962738964 0.003395285700196037 0.0032419015034100994 0.00309880032382011 0.0029650872015034085 0.00283996179736189 0.0027227067284104527 0.0026126775335497507 0.0025092940165932394
