7.248940710539768 5.846776236567744
7.248940818557402 5.846776236567744
7.248940710539768 5.8467763236915
5.36524552762061 4.35468365476982
5.3652456075689985 4.35468365476982
5.36524552762061 4.354683719659663
4.932495105376892 5.166254781213946
4.932495178876797 5.166254781213946
4.932495105376892 5.166254858197141
3.4003362133481407 8.452382799243505
4.558023140175912 5.9917273798566075
4.55802320809575 5.9917273798566075
4.558023140175912 5.991727469140303
3.8366271119229416 7.65489448683842
3.836627169093141 7.65489448683842
3.8366271119229416 7.654894600905236
2.5451265194025465 11.042839946969252
3.538979369450445 8.511072088292918
3.538979422185347 8.511072088292918
3.538979369450445 8.511072215117775
2.91358870316684 10.212666508197604
2.913588746582695 10.212666508197604
2.91358870316684 10.212666660378193
2.657587964522379 11.067368165950038
2.657588004123526 11.067368165950038
2.657587964522379 11.067368330866675
2.6734406834084807 11.038802862975132
2.6734407232458515 11.038802862975132
2.6734406834084807 11.038803027466113
2.6733971364771913 11.039018323899132
2.673397176313913 11.039018323899132
2.6733971364771913 11.039018488393323
0.03282432930983192 2.6733971364771913 11.039018323899132 0.00022462813968304656
0.05219791941199089 0.050430507118291945 0.048783969990766764 0.047246339474502026 0.04580717433395281 0.04445732516429624 0.043188741023837844 0.041994309685825314 0.04086772490611182 0.03980337553945409 0.03879625243279515 0.03784186986582631 0.03693619896079483 0.03607561099136867 0.035256828918693355 0.03447688579713352 0.033733088941742456 0.033022988948720924 0.03234435282001911 0.0316951405722212 0.03107348481441684 0.030477672864928848
0.008325728689372371 0.007846914679605623 0.007410612655993496 0.007011849006965219 0.006646365254914016 0.006310497048095663 0.0060010765298185295 0.0057153530434168225 0.0054509283243280165 0.0052057032180119174 0.004977833628147508 0.004765693902890218 0.00456784625045031 0.004383015069525654 0.0042100653075025 0.004047984136192403 0.0038958653732968267 0.003752896186787594 0.0036183457057111274 0.0034915552296615232 0.0033719297841917585 0.003258930813701186
