7.191648388447707 4.5110275180164185
7.191648495611618 4.5110275180164185
7.191648388447707 4.511027585235967
5.591151781802644 3.522452276781936
5.591151865117298 3.522452276781936
5.591151781802644 3.522452329270565
4.9243318927879685 4.715332605169707
5.422861468146608 3.820118839476099
5.4228615489535406 3.820118839476099
5.422861468146608 3.820118896400306
5.260254437167281 4.129775651938633
5.26025451555118 4.129775651938633
5.260254437167281 4.129775713477086
4.941642184722874 4.752511378154641
4.941642258359081 4.752511378154641
4.941642184722874 4.752511448972579
4.3398847671699325 6.015500775922462
4.339884831839255 6.015500775922462
4.3398847671699325 6.0155008655604085
4.048213425585203 6.757972851634116
4.048213485908284 6.757972851634116
4.048213425585203 6.757972952335758
4.073888998922979 6.716330845621284
4.073889059628656 6.716330845621284
4.073888998922979 6.7163309457024125
4.074083836371914 6.715960723760272
4.074083897080494 6.715960723760272
4.074083836371914 6.715960823835886
0.0510763013769423 4.074083836371914 6.715960723760272 0.00019812698265022087
0.053028429485913915 0.0511883635567226 0.04947384324187347 0.04787256960181882 0.0463737842261673 0.04496803771214691 0.04364699826512191 0.042403292615916265 0.04123037312173597 0.040122406200742255 0.0390741782418436 0.038081015902303894 0.03713871830904028 0.03624349915429537 0.035391937052185046 0.03458093282170357 0.03380767260101896 0.03306959589023806 0.03236436777520308 0.031689854710980056 0.031044103346487537 0.030425321955858425
0.008268775741443636 0.0077451243220305116 0.007270231073037359 0.0068382610024068135 0.006444219527983047 0.006083812561265433 0.005753332790598065 0.005449566753646169 0.005169718502905883 0.004911346589343114 0.0046723117930918 0.004450733571166659 0.0042449536105189775 0.004053505200162547 0.0038750873905914716 0.003708543108819759 0.0035528405555295284 0.003407057336437101 0.003270366880245298 0.003142026775936413 0.003021368726899937 0.0029077898717514367
