7.7026938757904 1.0534009814272745
7.702693990569483 1.0534009814272745
7.7026938757904 1.0534009971241722
7.569329456412748 1.0367819784112147
7.569329569204546 1.0367819784112147
7.569329456412748 1.03678199386047
5.198812780780118 2.822625497348527
6.976725312250547 1.483276073888086
7.421203444765425 1.1484387078740075
7.532322976468784 1.06472932582043
7.532323088709143 1.06472932582043
7.532322976468784 1.0647293416861334
7.459056334570468 1.1215987756609327
7.459056445719068 1.1215987756609327
7.459056334570468 1.121598792374057
7.3876077123855115 1.1807361540952943
7.387607822469445 1.1807361540952943
7.3876077123855115 1.180736171689634
7.317502204615723 1.241459732057711
7.370609749549855 1.1965064649895425
7.370609859380499 1.1965064649895425
7.370609749549855 1.1965064828188783
7.335432444539183 1.2267238605960564
7.361849656627114 1.2041004845806973
7.361849766327222 1.2041004845806973
7.361849656627114 1.2041005025231928
7.364055357194983 1.2022202166203342
7.364055466927959 1.2022202166203342
7.364055357194983 1.2022202345348114
0.2675634421999724 7.364055357194983 1.2022202166203342 0.0001596001985935878
0.054624760137193286 0.052689451182644634 0.05088685792053864 0.04920397894737239 0.04762943311829192 0.04615321842834197 0.04476651208639662 0.043461503914927806 0.04223125685658102 0.04106958964311568 0.03997097767404906 0.03893046892849559 0.03794361234447218 0.03700639658314822 0.03611519747977293 0.03526673279009887 0.03445802308771215 0.03368635786661012 0.032949266064567675 0.03224449035401985 0.031569964654395107 0.03092379440779606
0.007467730120953584 0.006967682665504153 0.006515703593622915 0.006105933630778134 0.005733363120377718 0.005393691111758556 0.005083210483726189 0.004798713844204574 0.004537416092151812 0.004296890407285629 0.0040750151117874035 0.003869929374552945 0.003679996138926768 0.003503770976329959 0.0033399758212186853 0.003187476742880583 0.003045265068479441 0.0029124412985130506 0.0027882013573848844 0.002671824803457462 0.0025626646889026754 0.0024601388131231527
