3.2406077010412746 4.689173678423537
3.2406077493300924 4.689173678423537
3.2406077010412746 4.68917374829767
3.9857940200461432 6.079621080445184
3.9857940794391022 6.079621080445184
3.9857940200461432 6.079621171038598
5.169975591729213 4.206223966745845
5.169975668767853 4.206223966745845
5.169975591729213 4.206224029423466
6.101465650152353 2.569391980707401
5.455397314016205 3.831770721449508
5.455397395307959 3.831770721449508
5.455397314016205 3.831770778547341
5.903942242255352 3.003802958057802
5.570680610847813 3.626514882097266
5.5706806938574225 3.626514882097266
5.570680610847813 3.626514936136549
5.798531286985387 3.2144895650961365
5.798531373390237 3.2144895650961365
5.798531286985387 3.214489612995764
6.040862306864722 2.810810894281746
6.040862396880585 2.810810894281746
6.040862306864722 2.8108109361660922
6.297029715490993 2.4157677938180977
6.297029809324048 2.4157677938180977
6.297029715490993 2.415767829815843
6.370793120792933 2.3240398833033518
6.370793215725148 2.3240398833033518
6.370793120792933 2.3240399179342446
6.506617836424704 2.1317592427278993
6.506617933380865 2.1317592427278993
6.506617836424704 2.1317592744935876
6.64943004433288 1.944609913610882
6.649430143417109 1.944609913610882
6.64943004433288 1.9446099425878278
6.7981983825154 1.7621594280785897
6.79819848381645 1.7621594280785897
6.7981983825154 1.7621594543368113
6.953670755331915 1.5853868640100661
6.953670858949684 1.5853868640100661
6.953670755331915 1.5853868876341712
6.996767449627445 1.5453064782449248
6.996767553887405 1.5453064782449248
6.996767449627445 1.5453065012717857
7.07765399977189 1.4597938152360486
7.017139512218056 1.5240716092466133
7.0171396167815825 1.5240716092466133
7.017139512218056 1.52407163195705
7.057778659579306 1.4815014074143984
7.057778764748403 1.4815014074143984
7.057778659579306 1.4815014294904896
7.099087168040283 1.4395804161210828
7.099087273824925 1.4395804161210828
7.099087168040283 1.4395804375725025
7.140893650148922 1.398156021907228
7.14089375655653 1.398156021907228
7.140893650148922 1.3981560427413762
7.1306282398997425 1.4086967287767334
7.130628346154383 1.4086967287767334
7.1306282398997425 1.4086967497679503
7.10967535222792 1.4293587009426034
7.125402018768576 1.4138743633632362
7.1254021249453405 1.4138743633632362
7.125402018768576 1.413874384431606
0.22088932793615246 7.125402018768576 1.4138743633632362 0.000227324027244879
0.053199927946172225 0.0513158086516321 0.04956085293895066 0.04792241163141864 0.04638941136771689 0.044952120181845946 0.04360195311620633 0.042331310225447845 0.04113344092884071 0.04000232990678993 0.03893260070043347 0.03791943392722976 0.03695849761881714 0.03604588765691516 0.035178076656415085 0.03435186994322542 0.03356436751408921 0.032812931058936 0.03209515528301727 0.03140884289359557 0.030751982720176246 0.030122730522785236
0.007856667699255283 0.007330777199492798 0.006855420589389773 0.006424440448572565 0.0060325718412030755 0.005675294358694369 0.005348711487101986 0.005049451782026789 0.0047745875349785825 0.004521567537305881 0.004288161259536162 0.0040724123161363975 0.0038725995162173462 0.003687204138002802 0.0035148823303990527 0.003354441754967365 0.003204821748384208 0.0030650764185264417 0.002934360193909707 0.0028119154319490467 0.0026970617607536677 0.002589186885302398
