1.6851933371489949 2.8944840527687976
1.6851933622603323 2.8944840527687976
1.6851933371489949 2.894484095899971
2.0430829429544946 6.224623621219441
2.043082973398803 6.224623621219441
2.0430829429544946 6.2246237139735605
2.79730136252759 8.762652282021026
2.7973014042106286 8.762652282021026
2.79730136252759 8.76265241259472
3.940754085805368 7.4691891015477685
3.9407541445271796 7.4691891015477685
3.940754085805368 7.469189212847359
4.4916238667768855 6.3519598050367465
4.491623933707297 6.3519598050367465
4.4916238667768855 6.351959899688324
4.578975632349287 6.194823763571374
4.578975700581341 6.194823763571374
4.578975632349287 6.194823855881441
4.579803361833572 6.193975931723566
4.57980343007796 6.193975931723566
4.579803361833572 6.193976024021
0.05671356002218064 4.579803361833572 6.193975931723566 0.00018226468558796974
0.05193992211100565 0.05010308923330481 0.04839304592228957 0.04679724273580719 0.045304716271358986 0.04390584894419852 0.04259217067800765 0.041356194306492976 0.0401912782501486 0.03909151138593829 0.038051616072073066 0.03706686610117877 0.036133016988981775 0.035246246503871814 0.034403103736568644 0.03360046532218115 0.03283549767708582 0.03210562431391409 0.031408497460014666 0.030741973336139497 0.03010409055908111 0.0294930512194686
0.007515300542954285 0.007024837302627067 0.006581026019755894 0.006178186056401815 0.00581146664955237 0.0054767071490450046 0.005170323668560091 0.004889216655531992 0.004630695125579174 0.004392414246728431 0.004172323675520022 0.0039686245972765846 0.003779733847649607 0.003604253822476307 0.0034409471406117715 0.0032887152266598257 0.003146580140130401 0.0030136691041216354 0.0028892012874791894 0.002772476475118947 0.002662865326114306 0.0025598009715692743
