3.90283353820909 5.7457380813578585
3.902833596365842 5.7457380813578585
3.90283353820909 5.745738166976028
5.123101009978316 4.578145368895792
5.12310108631847 4.578145368895792
5.123101009978316 4.578145437115475
6.2021441701194435 2.615081505621556
5.456216642071691 4.127971965970526
5.456216723375655 4.127971965970526
5.456216642071691 4.127972027482102
5.976602804542788 3.1361621504848474
5.590506377913975 3.882265238124136
5.590506461219012 3.882265238124136
5.590506377913975 3.882265295974396
5.8550997701993115 3.388694114773893
5.855099857447097 3.388694114773893
5.8550997701993115 3.3886941652693703
6.138254137256307 2.9055319044730097
6.138254228723421 2.9055319044730097
6.138254137256307 2.905531947768809
6.439766971806048 2.4336080465805923
6.219401392928276 2.791442004778512
6.219401485604579 2.791442004778512
6.219401392928276 2.791442046374239
6.3691726250891785 2.554853528139062
6.3691727199972465 2.554853528139062
6.3691726250891785 2.554853566209346
6.410430767086432 2.4983016820349544
6.410430862609294 2.4983016820349544
6.410430767086432 2.4983017192625505
6.488658537358136 2.3821905358270636
6.488658634046683 2.3821905358270636
6.488658537358136 2.3821905713244687
6.509326095312495 2.3539427316130146
6.509326192309013 2.3539427316130146
6.509326095312495 2.3539427666894945
6.469367627169317 2.4114202611571653
6.499374266117958 2.3683383105996607
6.499374362966182 2.3683383105996607
6.499374266117958 2.3683383458906517
6.489409889862773 2.3827252075730567
6.496892317492559 2.3719413518065102
6.496892414303799 2.3719413518065102
6.496892317492559 2.3719413871511907
0.13640588807089626 6.496892317492559 2.3719413518065102 0.00020557159743181454
0.051839822686552677 0.049990139832664635 0.04826803195560634 0.04666092858273068 0.04515783495860527 0.04374909616732395 0.042426201794398176 0.04118162333873143 0.04000867822695626 0.03890141554997716 0.037854519626149954 0.036863228264781715 0.035923263208042996 0.0350307707068479 0.034182270565418324 0.033374612291865356 0.032604937234821406 0.031870645781717895 0.031169368852595792 0.030498943052019934 0.029857388946723868 0.029242892022726015
0.007655189857637516 0.007138160141506529 0.006671220256803568 0.006248217528071737 0.005863898282174975 0.005513757602216078 0.005193917055006035 0.004901024697565583 0.004632172918107191 0.004384830624192819 0.004156787027815111 0.003946104847648132 0.0037510811925547203 0.0035702147374563585 0.0034021780752986268 0.00324579434403165 0.0031000173981452425 0.0029639149301794896 0.0028366540563102005 0.0027174889673918868 0.0026057503172239246 0.002500836076782816
