4.932791340839236 2.875196191583332
4.932791414343555 2.875196191583332
4.932791340839236 2.875196234427094
2.7069186007805084 8.133016471644005
2.7069186411167387 8.133016471644005
2.7069186007805084 8.133016592835395
3.60449675715358 7.9425501086577475
3.604496810864767 7.9425501086577475
3.60449675715358 7.942550227010967
4.043195622933295 7.102908075341196
4.0431956831816045 7.102908075341196
4.043195622933295 7.102908181182774
4.097717380248134 6.998941642392099
4.097717441308881 6.998941642392099
4.097717380248134 6.998941746684457
4.098047172733058 6.998625376151601
4.09804723379872 6.998625376151601
4.098047172733058 6.998625480439246
0.050662722689434836 4.098047172733058 6.998625376151601 0.0002329697088568906
0.05287276939954325 0.05102624660849939 0.04930639017526822 0.04770072152992866 0.04619833423462128 0.044789656285855795 0.043466253867332334 0.04222066843722803 0.041046280784184104 0.03993719702673124 0.03888815256460596 0.03789443079279222 0.036951794015851996 0.0360564244925913 0.03520487393032589 0.034394020057318335 0.033621029149063786 0.03288332358251288 0.03217855365241441 0.03150457301373802 0.030859417219812228 0.030241284912236866
0.007829782565266875 0.007331687653872586 0.006880190098923167 0.006469683843588407 0.006095375103785101 0.005753146234353929 0.005439445273114966 0.0051511958183231244 0.004885723104351441 0.004640693055696893 0.004414061796746894 0.004204033629461486 0.004009025903674201 0.0038276395248964027 0.0036586340944254176 0.0035009068726987343 0.003353474911589473 0.0032154598240573895 0.003086074757362944 0.002964613214349655 0.0028504394302737183 0.0027429800635304716
