3.9307753234566087 2.5943630350006632
3.9307753820297253 2.5943630350006632
3.9307753234566087 2.594363073659685
7.126345898485007 0.1930592152164161
4.769140487061934 3.1382054394563346
4.769140558127665 3.1382054394563346
4.769140487061934 3.1382054862192397
6.370874547955033 1.9428264903781194
6.370874642888461 1.9428264903781194
6.370874547955033 1.9428265193284902
8.053355210922849 0.10056649537230955
6.880173814445438 1.582749138888124
6.880173916968017 1.582749138888124
6.880173814445438 1.5827491624729242
7.741253759518288 0.6801378738309041
7.106149214735646 1.3678178034816535
7.106149320625521 1.3678178034816535
7.106149214735646 1.367817823863727
6.662092952292465 1.8058309056700543
6.999603487440271 1.4816734055137077
6.999603591742491 1.4816734055137077
6.999603487440271 1.481673427592362
6.783999358853037 1.7070069809348327
6.94722688453369 1.5394268815797585
6.947226988055438 1.5394268815797585
6.94722688453369 1.5394269045190065
7.0267345019840945 1.456114377944499
6.967432635917133 1.518917621063008
6.967432739739969 1.518917621063008
6.967432635917133 1.5189176436966443
6.947609867646739 1.5397972765681096
6.947609971174193 1.5397972765681096
6.947609867646739 1.539797299512877
6.967428492114332 1.518913687793046
6.9526051779652365 1.5346152634876067
6.948898590465752 1.5385414531162294
6.94889869401241 1.5385414531162294
6.948898590465752 1.5385414760422835
0.20356031754687753 6.948898590465752 1.5385414531162294 0.00023489263404964043
0.053349612053789505 0.05146530984471602 0.04970990559983571 0.04807080336995705 0.04653697301510845 0.045098717775971256 0.04374748145188175 0.04247568764111159 0.04127660507521333 0.04014423429927856 0.03907321190000944 0.03805872922752345 0.037096463142688066 0.036182516785577844 0.035313368729682215 0.03448582918157969 0.033697002122876935 0.0329442524825662 0.03222517758308956 0.03153758222970697 0.030879456916029138 0.0302489587033383
0.007998905866301106 0.007465116065414151 0.006982477482571219 0.0065447745639256455 0.006146690185344572 0.005783657122969116 0.005451736877291206 0.005147520343362617 0.004868046015321872 0.004610732332121208 0.0043733214809906365 0.004153832526158253 0.00395052216025951 0.0037618517129366365 0.0035864593166441733 0.0034231363397813084 0.0032708073642662683 0.0031285131179692055 0.0029953958792706733 0.0028706869570090158 0.0027536959185649927 0.002643801295190826
