6.551464645258914 6.1316657670258445
6.551464742883344 6.1316657670258445
6.551464645258914 6.1316658583947845
5.271378038344018 4.95778965531954
5.271378116893672 4.95778965531954
5.271378038344018 4.957789729196363
4.8490371335201035 5.808816515794448
4.849037205776387 5.808816515794448
4.8490371335201035 5.808816602352559
3.4022220718731937 9.070758830009042
4.495346359821728 6.627809299244123
4.495346426807608 6.627809299244123
4.495346359821728 6.627809398006177
3.8101422526540345 8.275195320335879
3.8101423094295783 8.275195320335879
3.8101422526540345 8.275195443645899
3.474036292607645 9.25442972192903
3.47403634437482 9.25442972192903
3.474036292607645 9.254429859830779
3.50219979833053 9.204672313862758
3.502199850517374 9.204672313862758
3.50219979833053 9.204672451023065
3.5024450576650077 9.204165998625028
3.5024451098555063 9.204165998625028
3.5024450576650077 9.20416613577779
0.037655730112611474 3.5024450576650077 9.204165998625028 0.00014212883932055313
0.05031002776162459 0.048556956182836244 0.04692489948479486 0.045401818436599864 0.04397721070924682 0.04264187469348154 0.04138771529645032 0.0402075833183825 0.03909514186547829 0.038044754664458065 0.03705139222301401 0.03611055261212427 0.03521819429181423 0.03437067890638785 0.03356472237172827 0.03279735289089508 0.03206587478368702 0.03136783721529771 0.03070100706951814 0.03006334534144619 0.02945298652977219 0.028868220594409296
0.007851053934614148 0.007365459780484528 0.006924747581810659 0.006523532827939133 0.00615721536598726 0.005821846267872122 0.0055140202946087 0.005230788496866161 0.00496958676330596 0.004728177080890496 0.004504598990012303 0.004297129263402277 0.004104248255672101 0.0039246116922774495 0.0037570269162844395 0.0036004328060251986 0.003453882729504986 0.0033165300219772 0.003187615568743562 0.0030664571515056733 0.0029524402777166303 0.0028450102615985022
