5.606217134480263 7.159510717263885
5.606217218019409 7.159510717263885
5.606217134480263 7.159510823948908
4.639331308091188 5.93157973881357
4.639331377222612 5.93157973881357
4.639331308091188 5.931579827200995
4.84504604836472 5.4434012730597985
4.845046120561532 5.4434012730597985
4.84504604836472 5.443401354172798
5.523984449691882 3.968938875521895
5.017317208638717 5.07596428254684
5.01731728340257 5.07596428254684
5.017317208638717 5.075964358184602
5.365774960808669 4.342938789408886
5.365775040764947 4.342938789408886
5.365774960808669 4.342938854123717
5.741319799793037 3.623414465602052
5.741319885345368 3.623414465602052
5.741319799793037 3.623414519595135
6.143889456389392 2.9186543289418054
5.850415064562158 3.452329554315879
5.850415151740136 3.452329554315879
5.850415064562158 3.4523296057595982
6.050375548839488 3.099196294218583
6.050375638997109 3.099196294218583
6.050375548839488 3.0991963404002063
6.261778844843102 2.752791991274498
6.2617789381508775 2.752791991274498
6.261778844843102 2.752792032294295
6.483812944176876 2.413103673264577
6.483813040793217 2.413103673264577
6.483812944176876 2.4131037092226237
6.718868763393679 2.082292463491258
6.7188688635126255 2.082292463491258
6.718868763393679 2.082292494519834
6.969979761621959 1.7634969785355177
6.969979865482751 1.7634969785355177
6.969979761621959 1.7634970048136704
7.043495888076798 1.6935803491310146
7.043495993033066 1.6935803491310146
7.043495888076798 1.6935803743673283
7.17769507577796 1.541388359574433
7.1776951827339515 1.541388359574433
7.17769507577796 1.5413883825429096
7.31949981898789 1.3962565626861982
7.319499928056937 1.3962565626861982
7.31949981898789 1.3962565834920424
7.358416034972513 1.3637178609221317
7.358416144621456 1.3637178609221317
7.358416034972513 1.3637178812431112
7.4318371299501 1.2937014433580865
7.376893236996482 1.346342512001071
7.363155017475049 1.3595049161220711
7.3631551271946085 1.3595049161220711
7.363155017475049 1.3595049363802731
0.22454833249565564 7.363155017475049 1.3595049161220711 0.00019868096200020783
0.05154569426106632 0.0497039623558399 0.04798937899378082 0.046389404642268525 0.04489307287052679 0.04349075469159999 0.04217396343293682 0.040935192343564006 0.03976777878900758 0.03866579015358852 0.03762392755487771 0.036637444244693236 0.03570207617562042 0.03481398268958752 0.03396969566421351 0.03316607575524008 0.03240027461601624 0.03166970217050432 0.030971998174502614 0.030305007428394124 0.02966675810971956 0.02905544277992159
0.007652056605079196 0.00713459398824743 0.0066673180125306035 0.006244057611283418 0.005859544332776606 0.005509261340005606 0.0051893205514929 0.004896362189211789 0.0046274722594586044 0.004380114456961342 0.0041520737249389796 0.003941409278347397 0.0037464153444150728 0.003565588223878035 0.003397598550687473 0.003241267844474658 0.0030955486216931675 0.0029595074680205313 0.0028323105838837476 0.0027132114027247573 0.0026015399523698812 0.0024966936871300026
