1.08901595651413 6.751285230141607
1.0890159727417323 6.751285230141607
1.08901595651413 6.751285330743597
2.0678226547373826 9.391753115839272
2.0678226855503414 9.391753115839272
2.0678226547373826 9.391753255787298
3.6155651262555306 7.553582750526776
3.6155651801316493 7.553582750526776
3.6155651262555306 7.55358286308393
4.817636907717902 5.0479336715675736
4.817636979506286 5.0479336715675736
4.817636907717902 5.047933746787647
5.44205058648011 3.9512792150653366
5.442050667572983 3.9512792150653366
5.44205058648011 3.9512792739439853
5.6485241004616045 3.6194447787308697
5.648524184631173 3.6194447787308697
5.6485241004616045 3.6194448326648
5.676826538724597 3.5751164641784854
5.676826623315904 3.5751164641784854
5.676826538724597 3.575116517451872
5.678208434626658 3.5727656598863358
5.678208519238557 3.5727656598863358
5.678208434626658 3.5727657131246926
0.09940223890041977 5.678208434626658 3.5727656598863358 0.00016791320092029947
0.05408795079296669 0.052169956940895636 0.05038378873704202 0.04871649315186034 0.04715673744391487 0.04569456695472297 0.04432120449748726 0.04302888334918569 0.04181070754030969 0.040660534436957996 0.03957287561987795 0.03854281285393611 0.037565926561267955 0.03663823470092365 0.03575614034658939 0.03491638656424485 0.034116017440476626 0.033352344312701586 0.032622916414886585 0.03192549528433199 0.03125803238284688 0.030618649473985758
0.007380933655288685 0.0068877352473012575 0.006441957633364171 0.0060378101041824155 0.005670344331622311 0.005335314018681249 0.005029060632769497 0.004748419916022029 0.004490645031644801 0.004253343097285395 0.004034422542985063 0.0038320492625646798 0.003644609940579867 0.0034706812600888873 0.0033090039503238956 0.0031584608337363942 0.0030180581907913446 0.002886909887459319 0.002764223811616319 0.00264929024590923 0.002541471870263053 0.0024401951403446288
