7.287458468339945 5.4093756464025216
7.287458576931538 5.4093756464025216
7.287458468339945 5.4093757270085
5.672553652041934 4.222767642078852
5.67255373656957 4.222767642078852
5.672553652041934 4.222767705002993
5.839554975146548 3.8930634239865074
5.839555062162698 3.8930634239865074
5.839554975146548 3.893063481997673
6.413577473459106 2.823601643378553
5.98486514036281 3.62667442002481
5.98486522954425 3.62667442002481
5.98486514036281 3.62667447406647
6.279877281161996 3.096315655631675
6.059962180032041 3.4948413019564026
6.059962270332514 3.4948413019564026
6.059962180032041 3.4948413540335963
6.20906525150148 3.230556569848658
6.209065344023762 3.230556569848658
6.20906525150148 3.2305566179877023
6.364227883228166 2.969783290422771
6.3642279780625515 2.969783290422771
6.364227883228166 2.96978333467599
6.335322152164483 3.022593420671596
6.33532224656814 3.022593420671596
6.335322152164483 3.0225934657117475
6.3746725093016945 2.9577363972288406
6.345241869364304 3.0064292792864773
6.345241963915775 3.0064292792864773
6.345241869364304 3.0064293240857647
0.11033775077039776 6.345241869364304 3.0064292792864773 9.672982403265095e-05
0.05054055197507007 0.04871731660716343 0.0470210114897246 0.045439009433144543 0.043960281630094675 0.042575155970938944 0.041275117328173336 0.0400526416594717 0.038901057515677344 0.03781442987649437 0.0367874622714481 0.035815413949800715 0.03489402949472666 0.03401947877471548 0.033188305519401225 0.032397383120935985 0.031643876513241485 0.03092520918347852 0.030239034533264462 0.029583210939590408 0.02895577997330777 0.02835494732136749
0.007185461123774925 0.006694477500843603 0.006251600107830265 0.005850850700821204 0.005487135184684171 0.005156093980800782 0.004853980619251353 0.004577562732008744 0.004324040919814838 0.004090981953646163 0.003876263529428853 0.003678028378884335 0.00349464599221767 0.003324680561164805 0.0031668640271658634 0.0030200733367917437 0.002883311178380815 0.0027556896102994485 0.0026364161000864334 0.0025247815809364875 0.002420150202119857 0.0023219505065864344
