8.225374487318884 1.5414260988930648
8.225374609886515 1.5414260988930648
8.225374487318884 1.5414261218621035
7.289353214306509 1.371577137575829
7.289353322926336 1.371577137575829
7.289353214306509 1.371577158013921
8.672933083909292 0.05253833958318088
7.640076879157195 1.0469578239175832
7.381674445105228 1.2957428472666288
7.381674555100749 1.2957428472666288
7.381674445105228 1.295742866574702
7.558679989440722 1.1352273207713486
7.426594278481643 1.2563636537736471
7.426594389146521 1.2563636537736471
7.426594278481643 1.2563636724949245
7.337736520717334 1.3362282149255738
7.404578982523857 1.2765491639621898
7.404579092860682 1.2765491639621898
7.404578982523857 1.2765491829842546
7.426789121919445 1.256578240455521
7.426789232587226 1.256578240455521
7.426789121919445 1.2565782591799959
7.40458081355149 1.276551200103868
7.421290371702941 1.2616301461268045
7.421290482288786 1.2616301461268045
7.421290371702941 1.2616301649265587
0.24569244719072014 7.421290371702941 1.2616301461268045 0.00015499661680396708
0.052557432266196684 0.050683883903043195 0.048939443721901725 0.0473114021171474 0.045788641042703034 0.044361396018186255 0.04302105899154224 0.041760014217334565 0.04057150096032545 0.03944949810875856 0.0383886267723231 0.03738406771397375 0.03643149107326841 0.03552699631972069 0.0346670607566087 0.033848495200601465 0.03306840570717394 0.03232416040892566 0.03161336069352785 0.030933816077804106 0.030283522240422613 0.029660641762557963
0.00757711357580592 0.007066106811963588 0.006604539504006393 0.006186346998807314 0.005806349591569141 0.005460104829867474 0.0051437872783731495 0.004854090162049316 0.004588144529152986 0.004343452512803967 0.004117831991991642 0.00390937051204863 0.003716386759806408 0.0035373982290240595 0.0033710939791818705 0.0032163116019406053 0.003072017677085976 0.0029372911332281853 0.0028113090352909218 0.002693334406593055 0.00258270576250566 0.0024788280886835243
