5.806914369480763 1.6068148779869063
5.806914456010531 1.6068148779869063
5.806914369480763 1.6068149019303137
8.076909720649816 0.3687093685490588
8.076909841005149 0.3687093685490588
8.076909720649816 0.36870938345022
7.950226924202412 0.69174846021079
7.950227042670025 0.69174846021079
7.950226924202412 0.6917484751119511
6.619508385829381 1.5640491178388154
7.7060199778312795 1.0057476384713915
7.706020092659926 1.0057476384713915
7.7060199778312795 1.005747653458199
7.106763569421088 1.5290275094738057
7.596085416792737 1.171496006307472
7.59608552998323 1.171496006307472
7.596085416792737 1.1714960237641228
7.298598613995243 1.4355681910706
7.527439367729137 1.2434491315747134
7.527439479896724 1.2434491315747134
7.527439367729137 1.2434491501035494
7.379490645934806 1.3763750691131982
7.491210610260693 1.277505851972221
7.4912107218884305 1.277505851972221
7.491210610260693 1.2775058710085416
7.417715365083834 1.3444982487360229
7.417715475616406 1.3444982487360229
7.417715365083834 1.344498268770608
7.400436791654525 1.3623741170571235
7.400436901929627 1.3623741170571235
7.400436791654525 1.3623741373580798
7.436401796371577 1.3280389818798188
7.4094644276833055 1.3538286077260069
7.409464538092929 1.3538286077260069
7.4094644276833055 1.3538286278996252
7.400474558998676 1.362413839407764
7.407226039231119 1.3559843821835724
7.407226149607388 1.3559843821835724
7.407226039231119 1.3559844023893142
0.23271830851057707 7.407226039231119 1.3559843821835724 0.0003026751660552726
0.05225812968602086 0.050387439439758375 0.04864609112799284 0.04702130975785753 0.045501925371486965 0.04407813224452324 0.04274128956014434 0.04148375557244596 0.04029874895970142 0.03918023236949489 0.038122814168078056 0.037121665195259564 0.03617244794570593 0.03527125608673393 0.03441456261097178 0.03359917523203552 0.03282219787969643 0.03208099735103071 0.031373174335874124 0.030696538166417552 0.030049084748104547 0.029428977216936377
0.007373385338010458 0.0068736975055628605 0.006422567256789034 0.006014012292906991 0.005642927011093437 0.0053049355560353135 0.004996272310651963 0.004713684224203516 0.004454350609089548 0.004215816981162567 0.003995940244272 0.003792843081173843 0.003604875849390112 0.00343058462159543 0.003268684277815461 0.003118035767884676 0.0029776268299339884 0.002846555583852464 0.0027240165251179362 0.002609288529837106 0.002501724550699644 0.0024007427392694863
