2.2857698658560626 1.0024962813680292
2.285769899916688 1.0024962813680292
2.2857698658560626 1.002496296306388
1.482348611518936 3.365599529618458
1.4823486336076515 3.365599529618458
1.482348611518936 3.3655995797697993
2.583607533872989 5.605459226061063
2.5836075723717413 5.605459226061063
2.583607533872989 5.605459309588914
3.80710959168747 6.5391805174492195
3.807109648417824 6.5391805174492195
3.80710959168747 6.539180614890602
5.5265355404603245 3.657873001435182
5.526535622812121 3.657873001435182
5.5265355404603245 3.6578730559417374
7.694680785027863 0.07547150077711695
6.18092441997039 2.840756982154759
6.180924512073341 2.840756982154759
6.18092441997039 2.840757024485337
7.314550002847861 1.0804994395746366
6.482473773308895 2.4129207563055317
6.482473869905282 2.4129207563055317
6.482473773308895 2.4129207922608527
7.083731900337924 1.5559539779105536
6.63912578717924 2.2032684042741018
6.639125886109923 2.2032684042741018
6.63912578717924 2.2032684371053595
6.949754437711328 1.781977898664973
6.718785831717718 2.0994523754316634
6.718785931835429 2.0994523754316634
6.718785831717718 2.0994524067159417
6.876736359279319 1.8907765670470853
6.876736461750676 1.8907765670470853
6.876736359279319 1.8907765952218516
6.921198097606379 1.8427762914222763
6.9211982007402675 1.8427762914222763
6.921198097606379 1.842776318881783
7.004562621695211 1.7419108034497843
7.0045627260713275 1.7419108034497843
7.004562621695211 1.741910829406278
7.09076314450686 1.6434579700345657
7.0907632501674644 1.6434579700345657
7.09076314450686 1.6434579945239978
7.113630734995934 1.620063708686868
7.113630840997292 1.620063708686868
7.113630734995934 1.6200637328276986
7.069739701487035 1.6685863818679934
7.102706173254218 1.6322377996363608
7.1027062790927875 1.6322377996363608
7.102706173254218 1.6322378239585995
7.091769722457404 1.6444012113149968
7.099984905694038 1.6352901530885116
7.099985011492057 1.6352901530885116
7.099984905694038 1.6352901774562336
0.1956063502900014 7.099984905694038 1.6352901530885116 0.0001740923656736779
0.052257287116822634 0.05038971650933202 0.04865109689615233 0.04702870936124842 0.04551143077024637 0.04408949469236913 0.04275429344240677 0.04149821333648916 0.040314496922771184 0.03919712723525413 0.038140730118593445 0.03714049145263466 0.03619208671888088 0.03529162083564467 0.034435576573369084 0.033620770168624886 0.03284431300149053 0.032103578399377046 0.031396172790893004 0.030719910563833094 0.030072792087890744 0.029452984449995813
0.007484028483934977 0.0069777042770983455 0.006520502960902052 0.006106382593316391 0.005730185160115576 0.005387488674775491 0.005074486845198025 0.004787890689901349 0.004524847720470274 0.004282875251963551 0.0040598051303425055 0.0038537377288495843 0.003663003503060816 0.0034861307365466306 0.0033218183778619234 0.003168913081692339 0.0030263897351237882 0.0028933348838785797 0.0027689325804138207 0.002652452261736828 0.0025432383340933304 0.002440701197774549
