5.642979001725399 5.214816286555565
5.642979085812339 5.214816286555565
5.642979001725399 5.214816364262383
5.166041694493737 4.804778630748698
5.166041771473757 4.804778630748698
5.166041694493737 4.804778702345479
4.11840468515126 6.961719486640552
4.900924555402934 5.342569077978127
4.900924628432401 5.342569077978127
4.900924555402934 5.34256915758861
4.676793111667176 5.840057970334718
4.676793181356824 5.840057970334718
4.676793111667176 5.840058057358363
4.237567462451807 6.839058089167739
4.237567525596483 6.839058089167739
4.237567462451807 6.839058191077646
3.4173091207150983 8.861645018384763
3.4173091716369726 8.861645018384763
3.4173091207150983 8.861645150433564
3.503775327202852 8.764606065726532
3.503775379413173 8.764606065726532
3.503775327202852 8.764606196329341
3.5083061752408033 8.75396091327366
3.508306227518639 8.75396091327366
3.5083061752408033 8.753961043717844
0.03871828725905213 3.5083061752408033 8.75396091327366 0.00022860408647201215
0.05083780018057058 0.049076887134961535 0.04743687589807223 0.04590580819719363 0.04447324292093882 0.0431300244913367 0.041868092122222034 0.04068032184268483 0.03956039494451525 0.038502687868392615 0.03750217958378865 0.0365543733212415 0.0356552301407537 0.034801112309361386 0.03398873484625395 0.03321512389904702 0.032477580857930406 0.031773651309092314 0.03110109808550814 0.030457877799909185 0.029842120347717164 0.029252110951780146
0.008210605395288584 0.007703944873092429 0.007243962893730337 0.006825083081327111 0.0064425370733805064 0.006092228241021023 0.005770621419736856 0.005474653147001913 0.005201658174151106 0.004949308974380744 0.004715565690972356 0.004498634520159217 0.004296932945239392 0.00410906056453085 0.0039337745090497625 0.0037699686437649127 0.003616655901905398 0.0034729532248059 0.003338068677512605 0.0032112903884263296 0.003091977023895088 0.00297954955916577
