1.9805240773909727 3.064904598182184
1.9805241069030812 3.064904598182184
1.9805240773909727 3.0649046438528216
2.147668574490416 6.710199995563997
2.1476686064931716 6.710199995563997
2.147668574490416 6.710200095553769
3.156200078374603 8.225729019912277
3.156200125405649 8.225729019912277
3.156200078374603 8.225729142485191
4.400925684070402 6.246373215661893
4.400925749649305 6.246373215661893
4.400925684070402 6.246373308740107
5.119485239154072 4.81946469969907
5.119485315440347 4.81946469969907
5.119485239154072 4.81946477151469
5.392994158625199 4.333228344711656
5.392994238987074 4.333228344711656
5.392994158625199 4.33322840928179
5.4640352838364965 4.204936601155651
5.464035365256967 4.204936601155651
5.4640352838364965 4.204936663814089
5.479325814626606 4.176129144698661
5.479325896274924 4.176129144698661
5.479325814626606 4.176129206927834
5.482494632602108 4.170043075885628
5.482494714297644 4.170043075885628
5.482494632602108 4.170043138024112
0.08322444983008181 5.482494632602108 4.170043075885628 0.00013498692412898734
0.052500794480790765 0.05063150079258107 0.04889123366476238 0.04726725475506778 0.045748427507309626 0.044324976340174564 0.04298828744764114 0.04173074316352268 0.040545583551641916 0.03942679019925069 0.038368988211235605 0.03736736319783692 0.03641759067219533 0.0355157757657954 0.03465840155976146 0.03384228464068687 0.03306453673855047 0.032322531504564246 0.0316138756487369 0.03093638378845222 0.030288056466628042 0.02966706088587235
0.007413778717496884 0.006917611111285535 0.0064692949209608904 0.006062962151144702 0.005693602992405291 0.005356921922625257 0.005049220748976267 0.004767303064193068 0.004508395815585703 0.00427008461986689 0.004050260174227212 0.0038470736677481145 0.0036588995268648137 0.003484304163708817 0.0033220196588842946 0.003170921517212225 0.0030300097988127253 0.002898393058177946 0.0027752746279485247 0.0026599408675813123 0.002551751064336848 0.0024501287283979125
