8.356819099014842 1.5729808544521156
8.356819223541152 1.5729808544521156
8.356819099014842 1.5729808778913568
7.236286702922539 1.3686277229307824
7.236286810751613 1.3686277229307824
7.236286702922539 1.3686277433249248
8.621750700054116 0.05315321131975992
7.588554495528329 1.046088760678897
7.329970711511991 1.2945935735335012
7.329970820737066 1.2945935735335012
7.329970711511991 1.2945935928244487
7.5069056226624316 1.1342033238745661
7.374859510998107 1.2552307374277638
7.374859620892077 1.2552307374277638
7.374859510998107 1.2552307561321594
7.464214646557343 1.1760258859882344
7.397394938271362 1.2356536126641584
7.397395048501137 1.2356536126641584
7.397394938271362 1.235653631076832
7.419873288438694 1.2160109786719266
7.419873399003422 1.2160109786719266
7.419873288438694 1.2160109967919022
7.41431002551388 1.2209853566887512
7.414310135995709 1.2209853566887512
7.41431002551388 1.2209853748828507
0.2564297243681114 7.41431002551388 1.2209853566887512 0.00021368343809012458
0.053312487117625075 0.051416920670607325 0.04965171219873242 0.04800405525594972 0.0464627438311108 0.04501793351195271 0.04366094356667739 0.042384092106659374 0.04118055813995308 0.04004426559749318 0.03896978540303153 0.03795225243136544 0.0369872948076775 0.03607097348170089 0.03519973039259464 0.03437034384564692 0.0335798899668885 0.03282570929920698 0.03210537776351744 0.03141668133866145 0.030757593919989244 0.030126257903743514
0.007567087799536116 0.007058280252360208 0.006598566470924213 0.006181940188431279 0.005803269252813638 0.0054581501234195855 0.005142789349442494 0.004853906559684527 0.004588654689125214 0.004344554084742226 0.004119437839922222 0.0039114062545749055 0.003718788744687488 0.003540111858958616 0.003374072322730433 0.0032195142368874443 0.0030754097240237536 0.0029408424454047677 0.002814993517289132 0.0026971294396028796 0.002586591718087481 0.002482787916235814
