4.88608835870294 2.9978868725206205
4.886088431511331 2.9978868725206205
4.88608835870294 2.997886917192616
7.399146812969111 0.26347569936225623
5.809935750799484 2.905500727619654
5.809935837374273 2.905500727619654
5.809935750799484 2.9055007709149887
6.8646759092989384 1.377220644434134
6.130458291118782 2.5696844057105244
6.13045838246973 2.5696844057105244
6.130458291118782 2.569684444001806
6.648157972254573 1.7989599129083629
6.2642293465914864 2.3799948436728444
6.264229439935778 2.3799948436728444
6.2642293465914864 2.379994879137531
6.5304330776812005 1.9996754062689335
6.530433174992236 1.9996754062689335
6.5304330776812005 1.999675436066419
6.6106310521279905 1.9157856500306776
6.610631150634069 1.9157856500306776
6.6106310521279905 1.9157856785781084
6.756240687163048 1.735024317292491
6.7562407878388795 1.735024317292491
6.756240687163048 1.735024343146368
6.797066608325315 1.69378664352174
6.7970667096095 1.69378664352174
6.797066608325315 1.6937866687611278
6.720748951833778 1.7812213140747988
6.778119866056455 1.7157604085971665
6.778119967058312 1.7157604085971665
6.778119866056455 1.715760434163989
6.759151338198363 1.7377153703390917
6.773414340483008 1.721280564049205
6.773414441414746 1.721280564049205
6.773414340483008 1.7212805896982841
0.18723600748536062 6.773414340483008 1.721280564049205 0.0003248828311227772
0.05390446078951724 0.05200154764005525 0.05022875083040318 0.0485733607570511 0.04702424707758094 0.04557162438696065 0.0442068578057373 0.04292230088109337 0.04171115978851775 0.04056737905036268 0.03948554494431991 0.03846080352421351 0.03748879076565825 0.0365655728163646 0.03568759470267718 0.03485163614126664 0.03405477334380113 0.033294345895270146 0.03256792794298751 0.031873303060613596 0.03120844225562859 0.03057148467413692
0.007904093423949349 0.007376858524270815 0.0069001245249352 0.006467757780965366 0.006074510790836635 0.00571587577676783 0.0053879652147241965 0.005087413891272094 0.004811298240918863 0.004557069621783024 0.0043224988860335045 0.004105630144023848 0.0039047420444018877 0.003718315224452372 0.0035450048464723883 0.003383617342969251 0.003233090658010868 0.003092477403416933 0.0029609304537849806 0.0028376905891075344 0.0027220758622316745 0.002613472423973881
