8.547947621923228 5.186717033125942
8.547947749297574 5.186717033125942
8.547947621923228 5.186717110414048
5.659295978682415 3.4551323792719613
5.659296063012497 3.4551323792719613
5.659295978682415 3.4551324307574456
3.8372900518243016 6.69016649805973
5.2056593526003265 4.264938387324847
5.205659430170695 4.264938387324847
5.2056593526003265 4.2649384508773815
4.379607342295635 5.927444301022101
5.01285809436448 4.687100281179677
5.012858169061887 4.687100281179677
5.01285809436448 4.687100351022914
4.608456999161877 5.522583203447168
4.608457067833238 5.522583203447168
4.608456999161877 5.52258328574007
3.8518530046630066 7.217823078012156
4.428433009107313 5.9503499071599
4.428433075096107 5.9503499071599
4.428433009107313 5.950349995827024
4.057165581869896 6.801074572768109
4.057165642326374 6.801074572768109
4.057165581869896 6.801074674112018
3.837944480265069 7.358163400386649
3.837944537454898 7.358163400386649
3.837944480265069 7.358163510031829
3.8533783271331705 7.3300920636899
3.853378384552982 7.3300920636899
3.8533783271331705 7.330092172916784
3.85324332517595 7.33046960849299
3.85324338259375 7.33046960849299
3.85324332517595 7.330469717725499
0.048695220731678646 3.85324332517595 7.33046960849299 0.00034494316750017525
0.05367369530679169 0.05181522817220802 0.05008366315421977 0.048466545409338174 0.046952984647076444 0.04553341909816437 0.04419942057799866 0.04294353260710393 0.04175913528294155 0.040640331924377916 0.03958185353348069 0.03857897791372903 0.03762746090431693 0.03672347767795927 0.03586357243514037 0.03504461513417847 0.03426376414133921 0.03351843388188172 0.03280626673162914 0.032125108517340774 0.03147298709897328 0.030848093592655463
0.00804839038179399 0.00754451388638318 0.007087284905974343 0.006671135183242597 0.006291298658392632 0.005943677548253753 0.005624733625720095 0.005331399460325763 0.00506100556611323 0.004811220299899646 0.004580000036330356 0.004365547670007969 0.004166277899185662 0.003980788059235763 0.0038078335190075106 0.0036463068454293023 0.003495220093419903 0.00335368969851089 0.0032209235455077233 0.0030962098633455113 0.0029789076581110754 0.0028684384461583447
