6.000763732837336 8.177710407756603
6.000763822255683 8.177710407756603
6.000763732837336 8.177710529613984
4.366384141981917 5.962760978956402
4.366384207046111 5.962760978956402
4.366384141981917 5.962761067808464
4.541048929248201 5.5055854865818405
4.541048996915103 5.5055854865818405
4.541048929248201 5.505585568621457
5.898543919704721 2.511723393047755
4.882828894823221 4.758215674912298
4.882828967583041 4.758215674912298
4.882828894823221 4.758215745815237
5.6060002966452585 3.2822333428227637
5.070122565289457 4.392476866376559
5.07012264084017 4.392476866376559
5.070122565289457 4.392476931829565
5.440451838129887 3.6588343035839506
5.440451919198937 3.6588343035839506
5.440451838129887 3.6588343581048304
5.845699327746675 2.943886996139046
5.845699414854383 2.943886996139046
5.845699327746675 2.9438870400063806
6.2889943204654175 2.251886468903757
5.967771232856826 2.7786314402589407
5.967771321783547 2.7786314402589407
5.967771232856826 2.778631481663776
6.187926788650109 2.4316799648056606
6.187926880857403 2.4316799648056606
6.187926788650109 2.4316800010405157
6.425102094661928 2.0961331435063717
6.42510219040341 2.0961331435063717
6.425102094661928 2.0961331747411895
6.678613849860356 1.7727516581951845
6.678613949379457 1.7727516581951845
6.678613849860356 1.7727516846112428
6.752982669974045 1.70188547594643
6.752982770601329 1.70188547594643
6.752982669974045 1.7018855013064997
6.888565943575812 1.5475218640235002
6.787273966070434 1.6636455581911074
6.787274067208697 1.6636455581911074
6.787273966070434 1.6636455829813581
6.8556360923618636 1.586968593719822
6.8556361945188025 1.586968593719822
6.8556360923618636 1.5869686173674968
6.925924747280891 1.5120536941250822
6.925924850485211 1.5120536941250822
6.925924747280891 1.512053716656438
6.997685827931132 1.438548017503983
6.997685932204777 1.438548017503983
6.997685827931132 1.438548038940019
7.070978964271166 1.3665698725080384
7.016544650804594 1.4211155514046787
7.016544755359257 1.4211155514046787
7.016544650804594 1.4211155725809506
6.9801223029134825 1.4573315267747122
7.007472518506704 1.430203066697023
7.007472622926182 1.430203066697023
7.007472518506704 1.4302030880087093
6.998391073393656 1.4392812754012607
7.005210520568819 1.4324809544779926
7.00521062495459 1.4324809544779926
7.005210520568819 1.4324809758236223
0.21305844043171207 7.005210520568819 1.4324809544779926 0.00033765586809427926
0.05312452446856258 0.05125267556226604 0.0495086334074547 0.0478799318662849 0.0463556516294476 0.04492619102449268 0.04358307580774549 0.042318800527811076 0.04112669559425043 0.040000815382118825 0.038935843635711904 0.0379270131656116 0.036970037408813924 0.03606105187765034 0.03519656388614103 0.034373409232734305 0.03358871475172293 0.03283986583402575 0.03212447817081244 0.03144037309788747 0.030785556020515723 0.030158197481929685
0.008198694952348247 0.007653131030528313 0.007159714394512681 0.006712124018280185 0.006304950341432802 0.005933544945046152 0.005593897845944897 0.005282536861749208 0.00499644470054374 0.004732990352920885 0.004489872078300631 0.004265069832256167 0.004056805414752485 0.0038635089590323525 0.003683790648721907 0.003516416762785208 0.0033602893165902512 0.003214428702024605 0.003077958837602408 0.0029500944264680496 0.0028301299904991734 0.0027174304057531614
