7.299381535092989 7.66935467666866
7.29938164386225 7.66935467666866
7.299381535092989 7.66935479095095
4.926321005607905 5.196103531388747
4.926321079015809 5.196103531388747
4.926321005607905 5.196103608816723
4.989091825793817 5.010869426384328
4.989091900137078 5.010869426384328
4.989091825793817 5.010869501052102
5.783334973968206 3.338673616461496
5.187794086893633 4.593154076140992
5.187794164197789 4.593154076140992
5.187794086893633 4.593154144584322
5.432704739937168 4.104647092550059
5.432704820890777 4.104647092550059
5.432704739937168 4.104647153714067
5.940718451213311 3.136967769054547
5.563251762628594 3.8646209479027833
5.563251845527505 3.8646209479027833
5.563251762628594 3.864621005490123
5.821807848676049 3.3831969649530924
5.8218079354277465 3.3831969649530924
5.821807848676049 3.383197015366656
6.098135238945278 2.911748691673488
5.895418318557212 3.268108878967478
5.895418406405791 3.268108878967478
5.895418318557212 3.2681089276660953
6.0327463637498875 3.0318969333521277
6.032746453644814 3.0318969333521277
6.0327463637498875 3.0318969785309124
6.175595855354032 2.7989825757090916
6.175595947377582 2.7989825757090916
6.175595855354032 2.7989826174171824
6.271918909060459 2.6506162858127755
6.271919002519334 2.6506162858127755
6.271918909060459 2.650616325310036
6.124263812526918 2.8805141929704994
6.235772837935229 2.708576649383057
6.235772930855485 2.708576649383057
6.235772837935229 2.7085766897439942
6.186714183285069 2.7855315303712436
6.223632662999275 2.727894166926049
6.223632755738628 2.727894166926049
6.223632662999275 2.7278942075748396
6.210118795580952 2.749116424384053
6.220267391456742 2.7332081107494615
6.22026748414595 2.7332081107494615
6.220267391456742 2.7332081514774362
0.12000999502253629 6.220267391456742 2.7332081107494615 0.00027709639017078186
0.05217120106958865 0.050313882218222236 0.04858447142563241 0.04697038266493427 0.045460605648456935 0.044045470203245264 0.04271645110360728 0.041466005593632366 0.0402874374684675 0.039174782846361444 0.038122713744880916 0.03712645634160138 0.036181721402239846 0.03528464483537075 0.03443173671106927 0.03361983738273115 0.032846079593489785 0.0321078556438199 0.03140278885491709 0.030728708690909948 0.030083629007857167 0.029465728983477827
0.0076990018923747405 0.0071806355693778 0.006712364829992458 0.006288049530958277 0.0059024450036368305 0.005551052644540604 0.005229998284075487 0.004935932685545799 0.0046659497649875915 0.004417519071102094 0.0041884297952187585 0.003976744146910705 0.003780758371102366 0.003598970026785615 0.003430050418005163 0.0032728212813737554 0.0031262350037852124 0.002989357778944651 0.0028613552192989222 0.0027414800266822117 0.0026290613949484344 0.0025234958745088375
