4.314651999218019 2.015506417600606
4.314652063511344 2.015506417600606
4.314651999218019 2.015506447633992
2.5398753016475277 6.434630275053127
2.539875339494619 6.434630275053127
2.5398753016475277 6.43463037093659
2.4004484140697135 9.996694725421078
2.4004484498391823 9.996694725421078
2.4004484140697135 9.996694874383437
2.7455720012786404 10.151140981939319
2.7455720421908514 10.151140981939319
2.7455720012786404 10.151141133203106
2.809577872408791 10.030963881334939
2.809577914274764 10.030963881334939
2.809577872408791 10.030964030807949
2.8111571509805175 10.027192274843388
2.811157192870023 10.027192274843388
2.8111571509805175 10.027192424260196
0.03547501856223223 2.8111571509805175 10.027192274843388 0.00023498654270698752
0.05330172002283163 0.051503951758271084 0.049828338026758234 0.04826287932769182 0.04679709334515771 0.0454217834358796 0.044128848059404355 0.04291112298697425 0.041762249924767125 0.04067656655459079 0.039649014042256785 0.038675058871546354 0.03775062648897379 0.036872044734938554 0.036035995422618865 0.035239472731231604 0.03447974732323775 0.0337543352894822 0.033060971182636366 0.03239758452572269 0.031762279285176144 0.03115331588167553
0.008674900437173557 0.00817106852102234 0.007712079861799991 0.007292697066010098 0.006908431759052098 0.0065554189288342555 0.006230315271373039 0.005930216431823974 0.005652589224225012 0.005395215803476916 0.005156147434386524 0.0049336660125977845 0.004726251882469324 0.004532556797600755 0.0043513811028524085 0.0041816543986367425 0.004022419091086099 0.0038728163444727054 0.0037320740417886096 0.003599496430849831 0.003474455190608477 0.0033563816985587285
