6.394187245774671 4.458489954646911
6.394187341055487 4.458489954646911
6.394187245774671 4.4584900210835885
5.622520444341068 3.938575629118247
5.622520528123151 3.938575629118247
5.622520444341068 3.9385756878075973
4.757045759908397 5.559399097280376
4.757045830793903 5.559399097280376
4.757045759908397 5.559399180121877
3.4428879184044625 8.588628942577365
4.469507366428019 6.333204266735997
4.469507433028869 6.333204266735997
4.469507366428019 6.333204361108095
3.8255655826878807 7.853450974069924
3.82556563969325 7.853450974069924
3.8255655826878807 7.8534510910954625
3.549024292198875 8.64818426855387
3.549024345083458 8.64818426855387
3.549024292198875 8.648184397421858
3.573645547310367 8.60153035162609
3.5736456005618358 8.60153035162609
3.573645547310367 8.60153047979888
3.5729370051966836 8.603535608533118
3.572937058437594 8.603535608533118
3.5729370051966836 8.60353573673579
0.04149278107593335 3.5729370051966836 8.603535608533118 0.00016116331435960213
0.052039854811892355 0.05023299948924096 0.04855032455133185 0.04697953933037024 0.04550991299348352 0.0441320363943263 0.04283762595200774 0.041619361213335176 0.0404707495821586 0.03938601309204393 0.03835999316707553 0.037388070141346035 0.03646609495006712 0.03559033090813318 0.034757403888064795 0.03396425952304768 0.033208126310745475 0.03248648369374273 0.031797034353598 0.031137680085809367 0.030506500728892653 0.029901735707212947
0.007856129115012309 0.00737006344203323 0.006928842901937159 0.0065271051999593955 0.006160265462717587 0.005824385084572943 0.005516065606453331 0.005232362331510513 0.004970713604425497 0.004728882599469755 0.0045049091573324904 0.00429706974029424 0.004103843981633427 0.003923886618909671 0.0037560038445636082 0.0035991332978372536 0.0034523270718260506 0.0033147372278862566 0.0031856034037108702 0.003064242176527323 0.0029500379031678152 0.002842434807375488
