6.80900839970832 1.1352225158291454
6.809008501170452 1.1352225158291454
6.80900839970832 1.135222532745279
4.277130607975987 3.723446695986357
6.438783955004176 1.9612162857706168
6.4387840509495335 1.9612162857706168
6.438783955004176 1.9612163149950168
7.715454585259813 0.6776900914149502
6.851936076836897 1.7764507963393532
6.851936178938701 1.7764507963393532
6.851936076836897 1.776450822810533
7.443926286861635 1.091703077340974
7.00576863564474 1.6104875946483008
7.005768740038828 1.6104875946483008
7.00576863564474 1.610487618646436
6.703951681285483 1.9477404492262214
6.932529687036349 1.6967321105491153
6.932529790339092 1.6967321105491153
6.932529687036349 1.696732135832394
7.082373701369277 1.5271590825242938
6.970646525318135 1.6549275453862375
6.970646629188862 1.6549275453862375
6.970646525318135 1.6549275700465798
6.933200376372088 1.697333924130096
6.933200479684825 1.697333924130096
6.933200376372088 1.6973339494223423
6.9427109370902835 1.686865809488882
6.942711040544738 1.686865809488882
6.9427109370902835 1.6868658346251413
6.9613912373136975 1.6656249257778073
6.947390680830972 1.6815641073234922
6.947390784355161 1.6815641073234922
6.947390680830972 1.68156413238075
0.1858636392533055 6.947390680830972 1.6815641073234922 0.00012982333952425576
0.0522104026556122 0.05035442994381443 0.04862606329699929 0.04701276979876689 0.04550358234618115 0.044088866052053026 0.04276012465400147 0.041509839271042945 0.04033133345674225 0.039218659741076016 0.03816650381979259 0.03717010330603471 0.03622517855353102 0.03532787353074864 0.0344747050990107 0.0336625193460063 0.032888453865634715 0.03214990506825548 0.03144449976184269 0.03077007037179004 0.03012463327105705 0.02950636977759846
0.007835919826056748 0.00730902272964266 0.006832960865929046 0.006401515900851 0.0060093742633046815 0.005651976587430859 0.005325395063087516 0.005026233038871368 0.004751542457766213 0.004498755653193359 0.0042656287639332 0.004050194592694299 0.0038507231742258446 0.003665688664160917 0.003493741431346958 0.003333684450995274 0.0031844532662863912 0.0030450989218262113 0.0029147733810259147 0.002792717026835947 0.0026782479157646468 0.002570752512228563
