8.54924432809436 7.810647338136235
8.549244455488028 7.810647338136235
8.54924432809436 7.8106474545239495
5.13489328562217 4.717927326879332
5.134893362138043 4.717927326879332
5.13489328562217 4.717927397181928
5.0823204515162415 4.778737577138849
5.082320527248718 4.778737577138849
5.0823204515162415 4.7787376483475885
4.6219270939126185 5.729198022644114
4.967167359832268 5.016347468842791
4.96716743384883 5.016347468842791
4.967167359832268 5.016347543592193
4.759973034435968 5.456052729753112
4.759973105365094 5.456052729753112
4.759973034435968 5.456052811054633
4.692064300665161 5.613119962482033
4.692064370582367 5.613119962482033
4.692064300665161 5.613120046124038
4.6959922270698 5.6054058037685115
4.695992297045537 5.6054058037685115
4.6959922270698 5.605405887295567
0.060473962058909425 4.6959922270698 5.6054058037685115 0.00013643963985076748
0.052096172485617445 0.05026226480018862 0.0485543080296502 0.04695990690953154 0.045468222763826095 0.044069739394693906 0.04275606950691037 0.041519793800257755 0.040354326541976245 0.039253802721878464 0.038212982891147586 0.03722717256311606 0.03629215366308489 0.03540412599377439 0.03455965706282197 0.033755638921194306 0.032989250903450534 0.032257927355487874 0.031559329592730334 0.030891321459435878 0.030251947963923137 0.02963941654977059
0.00791157107609885 0.007395118670198192 0.006927684838387463 0.006503324328919931 0.006116955523397204 0.0057642160412017425 0.005441345395151723 0.005145089127959556 0.004872620101936787 0.004621473560101867 0.004389493300872645 0.004174786866112443 0.0039756880741629854 0.0037907255658324174 0.003618596294638382 0.0034581430998403655 0.0033083356646918366 0.003168254292585288 0.003037076037741325 0.002914062810473681 0.0027985511442145186 0.0026899433657924954
