6.473333625244334 4.746495745740548
6.473333721704521 4.746495745740548
6.473333625244334 4.746495816468846
5.290827594819453 3.8911661833612965
5.290827673658928 3.8911661833612965
5.290827594819453 3.891166241344191
5.255740282107002 3.9515926134845896
5.255740360423635 3.9515926134845896
5.255740282107002 3.9515926723679082
5.123225559025361 4.2031236103517715
5.123225635367371 4.2031236103517715
5.123225559025361 4.203123672983194
5.082227995962704 4.286893718483144
5.082228071693803 4.286893718483144
5.082227995962704 4.286893782362839
5.069639601622145 4.3120708738147675
5.069639677165663 4.3120708738147675
5.069639601622145 4.31207093806963
5.065974314500992 4.319344173513272
5.065974389989892 4.319344173513272
5.065974314500992 4.319344237876516
0.07989056230919056 5.065974314500992 4.319344173513272 0.00021470049601958864
0.05448692949430093 0.052581759232533345 0.050806337024052954 0.049148019622039164 0.047595733623289053 0.0461397423523838 0.04477145254296581 0.04348325321077429 0.04226838070931537 0.04112080519253187 0.04003513466787185 0.03900653357318809 0.038030653400816364 0.03710357335869215 0.036221749429227984 0.035381970482991014 0.034581320342131024 0.033817144880421625 0.0330870234022869 0.032388743669745805 0.031720280049640545 0.03107977433839048
0.008076446973355885 0.007548121468210063 0.0070697845643582025 0.006635414657390878 0.006239855958287322 0.005878675661205989 0.0055480474359014004 0.005244655926086644 0.004965618096599181 0.004708418162528361 0.004470853519675886 0.0042509896274916005 0.004047122209875584 0.0038577454635750213 0.003681525219094224 0.003517276200777211 0.0033639426929447 0.003220582046784658 0.0030863505651031 0.0029604913844350506 0.0028423240405755215 0.002731235457571345
