4.941089514305543 3.426940302891442
4.941089587933514 3.426940302891442
4.941089514305543 3.4269403539568315
6.0494276437804695 2.5041899703484063
6.049427733923966 2.5041899703484063
6.0494276437804695 2.5041900076637447
6.412893442155727 2.10663413350831
6.412893537715285 2.10663413350831
6.412893442155727 2.1066341648996048
2.8189135146865487 6.927587743418958
5.5220420475804985 3.3175332341896953
6.197913960471402 2.4148988329270322
6.1979140528275165 2.4148988329270322
6.197913960471402 2.414898868911829
5.992434284242112 2.7295755004918236
5.992434373536341 2.7295755004918236
5.992434284242112 2.7295755411656684
6.200022846114916 2.416286031418002
6.200022938502455 2.416286031418002
6.200022846114916 2.4162860674234694
6.151908809073521 2.496987616550453
6.151908900744106 2.496987616550453
6.151908809073521 2.496987653758468
6.257068949265503 2.341256532536867
6.178485532319567 2.458249981331834
6.178485624386176 2.458249981331834
6.178485532319567 2.458250017962613
6.152206093557828 2.497189905563858
6.171980674786114 2.4680285160391
6.171980766755793 2.4680285160391
6.171980674786114 2.4680285528155905
0.13331374150723796 6.171980674786114 2.4680285160391 0.0002127031092461216
0.05385598884773164 0.051959113179861904 0.05019174458932844 0.04854125040151348 0.04699656571360031 0.04554796103039061 0.04418684943981895 0.04290562580640184 0.04169753203036091 0.040556543635514 0.03947727389570777 0.03845489245116539 0.03748505595026668 0.03656384871483493 0.03568773179515669 0.03485349907542195 0.034058239326914035 0.033299303297326006 0.03257427507950569 0.031880947129098385 0.031217298403729173 0.030581475181073577
0.008030943059948253 0.007496650821229414 0.007013426247969522 0.006575078821438362 0.006176310808397182 0.005812569980143429 0.005479929400653927 0.005174988843936098 0.004894793579562262 0.004636767171657287 0.004398655637016388 0.004178480852084068 0.0039745015232266695 0.0037851803678614054 0.0036091564165317996 0.003445221553848345 0.0032923005814672877 0.00314943421824563 0.0030157645585316578 0.00289052259475057 0.0027730174793121278 0.0026626272567452642
