2.445064729793356 4.185894085885347
2.4450647662276594 4.185894085885347
2.445064729793356 4.185894148260029
2.7190293268688563 7.664919445674839
2.719029367385551 7.664919445674839
2.7190293268688563 7.664919559891039
4.560738938253804 5.425664878846354
4.56073900621411 5.425664878846354
4.560738938253804 5.4256649596950615
6.795461009548898 1.1237969014212048
5.2780826963253 4.448848053796002
5.278082774974861 4.448848053796002
5.2780826963253 4.448848120089004
6.388477115986661 2.294309369862187
5.573989565818206 3.9200499648969354
5.573989648877123 3.9200499648969354
5.573989565818206 3.920050023310232
6.148160661182262 2.8527727140412695
5.721940873803624 3.6556497303575104
5.7219409590671875 3.6556497303575104
5.721940873803624 3.655649784830936
6.015150228314507 3.125351164770436
6.0151503179472305 3.125351164770436
6.015150228314507 3.1253512113417976
6.3325119324641514 2.609143994173562
6.332512026825933 2.609143994173562
6.3325119324641514 2.6091440330528375
6.675038415805796 2.1092801102551464
6.4257283028080305 2.4897288498672907
6.425728398558844 2.4897288498672907
6.4257283028080305 2.4897288869671415
6.59578209311366 2.2389724302848832
6.595782191398472 2.2389724302848832
6.59578209311366 2.2389724636481723
6.776440561211239 1.9957449822784237
6.776440662188072 1.9957449822784237
6.776440561211239 1.9957450120173414
6.966572159561556 1.7598487151018256
6.827012483278747 1.9393552864480539
6.82701258500916 1.9393552864480539
6.827012483278747 1.9393553153466996
6.921426684500368 1.8208849230762043
6.921426787637663 1.8208849230762043
6.921426684500368 1.8208849502095041
6.94686545463862 1.792827869627667
6.946865558154982 1.792827869627667
6.94686545463862 1.792827896342884
6.898239261616834 1.8509037721144277
6.934767781100817 1.8073959379128917
6.943900401002835 1.796518377973248
6.943900504475014 1.796518377973248
6.943900401002835 1.7965184047434581
0.17927381521938934 6.943900401002835 1.796518377973248 0.00019836336436884544
0.052285119116753744 0.05041797655160924 0.04867967665997615 0.04705751896327973 0.045540395483656404 0.04411855230248459 0.04278339210439162 0.0415273098312267 0.040343555230324235 0.039226117362934264 0.03816962713417986 0.03716927468368225 0.03622073908710922 0.03532012830166775 0.03446392767193307 0.0336489556183803 0.03287232537637809 0.032131411851130706 0.03142382281409802 0.030747373796528754 0.030100066141955 0.029480067766558607
0.007525807391261744 0.007017034037970896 0.0065575862241119606 0.006141401483154731 0.005763303615571335 0.005418854511640682 0.005104233570859115 0.0048161390990839525 0.004551707298004634 0.004308445406155376 0.004084176278009784 0.0038769922506606495 0.0036852165855566733 0.00350737111518528 0.003342148993593135 0.003188391661952662 0.0030450693087201567 0.0029112642379873752 0.002786156666842152 0.0026690125586555247 0.002559173168639388 0.0024560460342183863
