7.961993631760677 3.294537672700443
7.961993750403628 3.294537672700443
7.961993631760677 3.2945377217928797
6.3496812445734365 2.638211923381554
6.3496813391910605 2.638211923381554
6.3496812445734365 2.6382119626939753
5.6140560686210605 3.789701354043395
6.173871122344684 2.9310989667928613
6.173871214342532 2.9310989667928613
6.173871122344684 2.9310990104696395
5.820185040612669 3.515628035953907
6.088575161670024 3.0790773568086447
6.088575252396864 3.0790773568086447
6.088575161670024 3.079077402690473
5.913938397846755 3.372665537765647
5.913938485971304 3.372665537765647
5.913938397846755 3.37266558802228
5.5779528071899405 3.967545155819767
5.832283277660932 3.522683690555619
5.832283364568725 3.522683690555619
5.832283277660932 3.5226837430476965
5.666158873490315 3.821171046427293
5.666158957922661 3.821171046427293
5.666158873490315 3.821171103367179
5.383433135344553 4.3523957342044515
5.597377423098458 3.9549711083727863
5.5973775065058815 3.9549711083727863
5.597377423098458 3.9549711673064483
5.456959738538151 4.221084339613218
5.4569598198531875 4.221084339613218
5.456959738538151 4.221084402512276
5.379824818105659 4.375134821143164
5.379824898271296 4.375134821143164
5.379824818105659 4.3751348863377535
5.3717748974094075 4.392287050371838
5.371774977455091 4.392287050371838
5.3717748974094075 4.392287115822016
0.0791308002843496 5.3717748974094075 4.392287050371838 0.0002145668280280276
0.05244949063883104 0.05058330037372778 0.04884591382729169 0.04722461262646511 0.04570827829260982 0.044287151569499715 0.042952633372553006 0.04169711930183414 0.04051386137453014 0.03939685195137905 0.038340725853139024 0.0373406774594177 0.036392390206394454 0.03549197639208128 0.03463592558783998 0.03382106026567577 0.03304449749970999 0.032303615800495955 0.03159602630273004 0.03091954765836286 0.03027218409431616 0.029652106181795434
0.00742832800200393 0.006932312427096223 0.006484072581221847 0.006077753740342613 0.005708357292182821 0.005371597138157201 0.005063783000547641 0.004781725109296447 0.004522655969304307 0.004284165844556477 0.004064149312985031 0.0038607607995437675 0.003672377424341928 0.0034975678374758244 0.003335065974578595 0.003183748873755529 0.0030426178581024928 0.0029107825180132167 0.002787447031302192 0.002671898442437798 0.002563496589244343 0.002461665419664636
