5.585045255580045 5.227929161361622
5.585045338803705 5.227929161361622
5.585045255580045 5.227929239263838
5.064041842227607 4.72794816004644
5.064041917687711 4.72794816004644
5.064041842227607 4.727948230498358
6.397735784861922 1.9911250451044276
5.397120814193992 4.042957872177616
5.39712089461736 4.042957872177616
5.397120814193992 4.042957932422383
5.83243461264897 3.2333407765390114
5.832434699559018 3.2333407765390114
5.83243461264897 3.2333408247195434
6.31173177131935 2.448960652896087
6.311731865371482 2.448960652896087
6.31173177131935 2.4489606893884446
6.463571711757174 2.2764620904961
6.463571808071898 2.2764620904961
6.463571711757174 2.2764621244180283
6.732062388174122 1.9034242333742433
6.532059216327582 2.184200277684545
6.532059313662849 2.184200277684545
6.532059216327582 2.1842003102316654
6.668332741253673 1.999157990770331
6.668332840619574 1.999157990770331
6.668332741253673 1.9991580205601065
6.811814570799927 1.8196473054831204
6.811814672303874 1.8196473054831204
6.811814570799927 1.8196473325979783
6.961413523476593 1.6452016838691947
6.851229136569597 1.777847938244161
6.851229238660867 1.777847938244161
6.851229136569597 1.7778479647361598
6.925565699936517 1.6902302703206649
6.869942512991698 1.7560538262644994
6.869942615361818 1.7560538262644994
6.869942512991698 1.7560538524317404
6.90727386395363 1.712383867119269
6.907273966880032 1.712383867119269
6.90727386395363 1.712383892635777
6.945168258241601 1.6692015793390131
6.916900083407339 1.7017241606245594
6.916900186477182 1.7017241606245594
6.916900083407339 1.7017241859822254
6.935808534278068 1.6800990765838788
6.921636887932664 1.696326379249778
6.91809393731223 1.7003832475368306
6.918094040399863 1.7003832475368306
6.91809393731223 1.7003832728745154
0.18964084339709786 6.91809393731223 1.7003832475368306 0.00016435615748031074
0.05314436471580814 0.051256401077395784 0.04949817696907723 0.04785695640524706 0.046321593780799745 0.044882296728275366 0.04353042956829027 0.0422583495856983 0.041059269994109804 0.03992714471163426 0.03885657105079799 0.03784270719219849 0.03688120191443148 0.03596813452964062 0.03509996335304352 0.034273481337549615 0.03348577774760898 0.032734204942409036 0.03201634949728441 0.03133000702135432 0.030673160134906795 0.030043959156588456
0.007668617454986188 0.00715335176322815 0.006687765789204675 0.0062657865511840435 0.0058822241015823165 0.005532624681486585 0.0052131510773675074 0.0049204846710367124 0.004651744876779268 0.0044044225822846205 0.004176324921550363 0.003965529259504618 0.003770344697808671 0.003589279747722659 0.003421015080551459 0.003264380475315897 0.0031183352492997938 0.0029819515894725034 0.0028544003087496005 0.002734938636240232 0.002622899719385691 0.0025176835716037268
