3.5313145588080133 1.3568388774099613
3.5313146114287006 1.3568388774099613
3.5313145588080133 1.3568388976284362
7.028348617709294 0.056534194387049874
4.174469095188591 2.0323791868630785
4.174469157393029 2.0323791868630785
4.174469095188591 2.0323792171478883
6.032490441107782 1.8657462142545351
6.032490530998895 1.8657462142545351
6.032490441107782 1.8657462420563202
8.05732927073145 0.1467327454405094
6.694731489117448 1.8170325731896741
6.694731588876721 1.8170325731896741
6.694731489117448 1.8170326002655695
7.576803500322291 0.8242114085139872
6.9384843353066055 1.5916027479704522
6.938484438698079 1.5916027479704522
6.9384843353066055 1.5916027716871812
7.393362075517482 1.1078440623064294
7.056089884668662 1.474438552116216
7.056089989812595 1.474438552116216
7.056089884668662 1.4744385740870625
7.2899578602449955 1.2387696612470322
7.115811917141161 1.4167938876182422
7.115812023175022 1.4167938876182422
7.115811917141161 1.4167939087301162
7.234295427468007 1.3005176139784784
7.145778292139241 1.3880811117787835
7.145778398619635 1.3880811117787835
7.145778292139241 1.388081132462804
7.2054087387283134 1.3303417114760614
7.205408846097271 1.3303417114760614
7.2054087387283134 1.3303417312996977
7.1907944429309305 1.3450734506836273
7.190794550082118 1.3450734506836273
7.1907944429309305 1.3450734707267835
7.220960664125187 1.3165707100120398
7.198359938987333 1.3379731890790214
7.198360046251255 1.3379731890790214
7.198359938987333 1.3379732090163756
7.2059186714784556 1.3308657276080789
7.200256484716775 1.3362036504002357
7.200256592008957 1.3362036504002357
7.200256484716775 1.3362036703112217
0.23667066894060274 7.200256484716775 1.3362036504002357 0.0001280650636116119
0.053804742922201096 0.05189981340225385 0.050125442625625814 0.0484688477805833 0.046918838158072115 0.04546557836093615 0.04410039194242849 0.042815597757639275 0.04160437292675764 0.04046063755875374 0.03937895735662539 0.03835446098658899 0.03738276969272686 0.03645993711266517 0.03558239762689167 0.03474692187567613 0.033950578319577 0.03319069991478165 0.03246485513277537 0.03177082268263071 0.03110656939947394 0.030470230849061232
0.007733349440779837 0.007215934210371765 0.0067482203786609855 0.006324154020520654 0.0059385584122964045 0.005586988652451477 0.005265613123051756 0.004971116374097565 0.004700619191928491 0.004451612518340958 0.004221902585925039 0.0040095651773437565 0.003812907339063771 0.0036304352113109154 0.003460826896805698 0.003302909497071729 0.0031556396089392454 0.0030180867045704503 0.0028894189230492893 0.0027688908858154106 0.0026558332162541507 0.002549643498910334
