3.9949942630211295 7.175484945538132
3.994994322551183 7.175484945538132
3.9949942630211295 7.17548505246119
3.8987819998559243 6.761117525701432
3.898782057952303 6.761117525701432
3.8987819998559243 6.761117626449934
5.547711782093188 2.7734800670515853
4.310977416155752 5.764105410412139
4.310977480394321 5.764105410412139
4.310977416155752 5.764105496304003
4.78280144242675 4.739668071670577
4.782801513696046 4.739668071670577
4.78280144242675 4.739668142297135
5.783288157000592 2.7179397454459275
5.044584001563848 4.240175994731163
5.044584076734007 4.240175994731163
5.044584001563848 4.240176057914709
5.562255679229453 3.238125194163972
5.562255762113521 3.238125194163972
5.562255679229453 3.238125242415798
6.153609995435323 2.2777139044140244
5.727572262196722 3.009704445994218
5.7275723475442 3.009704445994218
5.727572262196722 3.009704490842309
6.021426950809442 2.5283814097971757
6.021427040535696 2.5283814097971757
6.021426950809442 2.5283814474729946
6.3444211066464185 2.0661074450438313
6.34442120118566 2.0661074450438313
6.3444211066464185 2.0661074758312314
6.441703137045177 1.964065251510489
6.441703233034034 1.964065251510489
6.441703137045177 1.964065280777342
6.6169452509870785 1.7431675097846437
6.48614377152602 1.909346601291022
6.486143868177094 1.909346601291022
6.48614377152602 1.9093466297425035
6.574682702631689 1.7996321520226297
6.574682800602096 1.7996321520226297
6.574682702631689 1.7996321788392384
6.6663682514500255 1.6925333059154868
6.59842970019067 1.7735868976437839
6.5984297985149345 1.7735868976437839
6.59842970019067 1.7735869240722881
6.644067319303825 1.7198625233190612
6.60989045077772 1.7601995906643086
6.601345805806463 1.7702843414294445
6.60134590417418 1.7702843414294445
6.601345805806463 1.7702843678087368
0.1871824198874541 6.601345805806463 1.7702843414294445 0.00033892339091910983
0.05547846940128491 0.05353318324978257 0.05172020966959452 0.05002669243349385 0.04844136446371889 0.04695431326955839 0.04555678612838769 0.04424102748307242 0.043000142592071376 0.04182798268088418 0.040719047789025305 0.03966840424831028 0.03867161431305508 0.037724675926374726 0.0368239709761121 0.03596622068962296 0.03514844705449154 0.03436793934443523 0.03362222498562852 0.03290904412579206 0.03222632737241702 0.03157217625195681
0.007961591212022424 0.007434630513934168 0.006957793805283102 0.006525034698360454 0.006131174426737097 0.005771759455016755 0.005442945119568525 0.00514140009763654 0.00486422762330917 0.004608900232208073 0.00437320548509787 0.004155200640574941 0.003953174653485784 0.003765616195019891 0.0035911866423803387 0.003428697185649198 0.0032770893584567456 0.0031354184261723683 0.003002839167372518 0.002878593666579373 0.0027620008028022875 0.002652447172452787
