2.649962478318802 6.625500436758488
2.64996251780632 6.625500436758488
2.649962478318802 6.625500535486138
3.859628004864655 6.966809137014612
3.859628062377594 6.966809137014612
3.859628004864655 6.966809240828158
5.155620491846495 4.590490442590745
5.155620568671227 4.590490442590745
5.155620491846495 4.590490510994384
6.090008879575821 2.9285359876291466
6.090008970324025 2.9285359876291466
6.090008879575821 2.9285360312677335
7.364565920805942 0.9944746374345581
6.453870899712463 2.4780667987202993
6.4538709958826335 2.4780667987202993
6.453870899712463 2.478066835646372
7.111868865847152 1.5250133290875287
6.625486372387287 2.244876652054269
6.625486471114727 2.244876652054269
6.625486372387287 2.2448766855055378
6.966596724820911 1.776943123316777
6.713131609917078 2.129656466846865
6.7131317099505345 2.129656466846865
6.713131609917078 2.129656498581219
6.886853493681912 1.8980312910461203
6.75724644443572 2.0722698302437896
6.757246545126538 2.0722698302437896
6.75724644443572 2.0722698611230164
6.844917499020983 1.9570692880194158
6.844917601018202 1.9570692880194158
6.844917499020983 1.9570693171820208
6.935583556489869 1.8442107714425495
6.935583659838117 1.8442107714425495
6.935583556489869 1.8442107989234315
7.028653184883077 1.7333260429555655
7.0286532896181715 1.7333260429555655
7.028653184883077 1.7333260687841363
7.053447026428247 1.706961263556941
7.053447131532798 1.706961263556941
7.053447026428247 1.706961288992646
7.101064201452917 1.652445675622016
7.065407470120713 1.693381615936121
7.065407575403488 1.693381615936121
7.065407470120713 1.6933816411694735
7.08928120559882 1.6661808636372144
7.089281311237342 1.6661808636372144
7.08928120559882 1.666180888465244
7.113384798484565 1.6391835863429494
7.113384904482258 1.6391835863429494
7.113384798484565 1.6391836107686881
7.137658848250509 1.612339468192681
7.119515888207118 1.6325296777532132
7.119515994296172 1.6325296777532132
7.119515888207118 1.632529702079801
0.19516416343627252 7.119515888207118 1.6325296777532132 0.00016276834824148368
0.052047502688541615 0.05018593100618486 0.048452979094880666 0.04683595253105219 0.04532375062183033 0.04390662748081433 0.04257599422398239 0.04132425437434466 0.04014466623346098 0.0390312272664967 0.0379785765480465 0.036981912097438764 0.036036920546057026 0.03513971706397454 0.03428679385804062 0.033474975860623375 0.03270138247441715 0.03196339443705527 0.031258625029763475 0.03058489498473375 0.0299402105523651 0.029322744276769813
0.007479449756485647 0.0069729627400145575 0.006515656138473773 0.006101475872730182 0.00572525430616175 0.005382561799964119 0.0050695859599218145 0.004783032927161599 0.004520046307217708 0.004278140282260279 0.004055144182852101 0.0038491563615392216 0.003658505650671083 0.0034817190307767 0.0033174944059063322 0.0031646775954358524 0.0030222428207179832 0.002889276099411802 0.0027649610678124785 0.0026485668378002513 0.0025394375645903374 0.002436983457759244
