5.480634975164541 8.938070950876991
5.480635056832367 8.938070950876991
5.480634975164541 8.938071084064626
4.3616594879755155 7.109776022243874
4.361659552969306 7.109776022243874
4.3616594879755155 7.109776128187793
4.628293253910688 6.414745016585839
4.628293322877632 6.414745016585839
4.628293253910688 6.414745112172989
5.718094614126131 3.8970443953220366
4.9051097083051305 5.787227794099904
4.905109781396961 5.787227794099904
4.9051097083051305 5.787227880336318
5.473043930259129 4.5385999170711235
5.473044011813839 4.5385999170711235
5.473043930259129 4.538599984701532
6.109440021720683 3.323437018307197
5.649217791746524 4.244382184747571
5.649217875926428 4.244382184747571
5.649217791746524 4.244382247993794
5.96506080058768 3.6355731771711897
5.965060889474013 3.6355731771711897
5.96506080058768 3.6355732313454516
6.305221636515369 3.04000972997102
6.056289021571894 3.4903914373851417
6.056289111817633 3.4903914373851417
6.056289021571894 3.490391489396027
6.225296684506305 3.191999558550543
6.225296777270454 3.191999558550543
6.225296684506305 3.191999606115043
6.271540603379808 3.119808274900556
6.271540696833045 3.119808274900556
6.271540603379808 3.119808321389322
6.288081420921402 3.0924937971761333
6.288081514621116 3.0924937971761333
6.288081420921402 3.092493843257882
6.263944242751513 3.132866013490431
6.282068748910749 3.102599747232939
6.282068842520868 3.102599747232939
6.282068748910749 3.102599793465278
0.11103941280635965 6.282068748910749 3.102599747232939 0.00017618267885685703
0.051481273530044516 0.04962475265996236 0.04789745617497956 0.04628653029338715 0.04478074817803565 0.04337026393883955 0.04204640935427562 0.040801525015225625 0.03962881936263887 0.03852225045097509 0.037476426322796325 0.0364865207004488 0.03554820134370095 0.03465756892876302 0.03381110470538342 0.03300562550823481 0.03223824495449595 0.03150633986513891 0.030807521113526724 0.030139608239703564 0.029500607278598035 0.028888691340243924
0.0069812501223446115 0.006504547363091888 0.0060745295726744725 0.005685397147631463 0.005332208008607084 0.005010732493864104 0.004717335622466504 0.004448881079763959 0.004202652534911662 0.003976288858578378 0.0037677305438469353 0.00357517519984821 0.0033970404267763873 0.003231932723034839 0.0030786213431263734 0.0029360162356596425 0.0028031493574520693 0.002679158792019793 0.002563275206283559 0.0024548102638650496 0.002353146681359037 0.0022577296688976144
