8.633208823696037 7.1434567250847945
8.633208952340874 7.1434567250847945
8.633208823696037 7.143456831530594
5.304764174827966 4.412596999459577
5.304764253875112 4.412596999459577
5.304764174827966 4.412597065212396
5.413270204665189 4.181314873989296
5.4132702853292 4.181314873989296
5.413270204665189 4.181314936295743
6.237382172426471 2.584529454236353
5.620143421230239 3.782555879699556
5.620143504976902 3.782555879699556
5.620143421230239 3.782555936064031
6.0504781575845445 2.993865149614177
5.73044492579454 3.586890619866378
5.730445011184823 3.586890619866378
5.73044492579454 3.5868906733152133
5.949027396827106 3.1944279253128296
5.949027485474523 3.1944279253128296
5.949027396827106 3.194427972913515
6.180878929741559 2.8096550963030964
6.1808790218438325 2.8096550963030964
6.180878929741559 2.80965513817022
6.425294257216676 2.4327381147883784
6.425294352961021 2.4327381147883784
6.425294257216676 2.4327381510390014
6.495179883512515 2.34482436051226
6.4951799802982375 2.34482436051226
6.495179883512515 2.344824395452866
6.624327545788708 2.161052226761443
6.62432764449888 2.161052226761443
6.624327545788708 2.1610522589636307
6.759710878811044 1.9818242463719487
6.7597109795385855 1.9818242463719487
6.759710878811044 1.9818242759034312
6.900379484693777 1.8067138265399412
6.900379587517444 1.8067138265399412
6.900379484693777 1.806713853462075
7.0469762687626405 1.6365353945475154
7.04697637377077 1.6365353945475154
7.0469762687626405 1.636535418933793
7.08738302165856 1.597541785342558
7.087383127268797 1.597541785342558
7.08738302165856 1.5975418091477855
7.163465541204698 1.5149325898907502
7.163465647948653 1.5149325898907502
7.163465541204698 1.5149326124650049
7.183698504537747 1.495466491042529
7.183698611583196 1.495466491042529
7.183698504537747 1.4954665133267162
7.222778677427793 1.4551434538887509
7.222778785055582 1.4551434538887509
7.222778677427793 1.455143475572078
7.262478772906312 1.4154306139321662
7.262478881125679 1.4154306139321662
7.262478772906312 1.415430635023726
7.302636296166791 1.376180383818128
7.272683963685373 1.4057906173780037
7.272684072056809 1.4057906173780037
7.272683963685373 1.4057906383259162
7.252674746419898 1.4254866330671792
7.267692143600922 1.410725249618079
7.267692251897974 1.410725249618079
7.267692143600922 1.4107252706395235
0.22262923482204022 7.267692143600922 1.410725249618079 0.0002913339996083475
0.05249596550395448 0.05062409765820904 0.04888124770626753 0.04725471255476799 0.04573338013326046 0.0443074914413913 0.04296844345186984 0.04170862502738006 0.040521279660498365 0.03940039012074819 0.03834058108368025 0.03733703659118156 0.036385429800779925 0.035481862962587145 0.034622815944491146 0.03380510193113522 0.03302582916683048 0.03228236780968634 0.03157232112384302 0.03089350036646015 0.030243902832075002 0.029621692603813466
0.007575624067903792 0.007064538229475099 0.006602914252690753 0.006184683059500638 0.005804661394019243 0.0054584039453383715 0.005142082970787099 0.004852389828221829 0.004586454051706536 0.00434177654404813 0.004116174183011519 0.0039077336981397075 0.0037147731110025598 0.0035358093726148582 0.0033695310996773287 0.003214775522819493 0.0030705089277849305 0.002935810004137699 0.002809855622978781 0.0026919086510436506 0.002581307477820042 0.0024774569884110473
