5.56605144332256 7.268314478953893
5.566051526263189 7.268314478953893
5.56605144332256 7.268314587260218
4.629265155949068 6.050794267178331
4.629265224930494 6.050794267178331
4.629265155949068 6.050794357342191
4.769033000869091 5.704993648930713
4.769033071933221 5.704993648930713
4.769033000869091 5.704993733941743
5.287737074875752 4.558403581666955
4.899986693982172 5.418927574515669
4.899986766997664 5.418927574515669
4.899986693982172 5.418927655263982
5.164531613522446 4.848010189747799
5.164531690479964 4.848010189747799
5.164531613522446 4.84801026198878
5.366710769596974 4.44321827132618
5.3667108495671965 4.44321827132618
5.366710769596974 4.443218337535292
5.362436175437553 4.459220854407132
5.362436255344079 4.459220854407132
5.362436175437553 4.4592209208547
0.07795567460122088 5.362436175437553 4.459220854407132 0.00011556480703761208
0.05228271385031694 0.050420720234149015 0.048687351228436836 0.047069894497026615 0.045557238392336184 0.04413963091624513 0.042808480411022726 0.0415561898925089 0.04037601865945168 0.039261966137730316 0.038208673944136864 0.037211342953734045 0.03626566278126904 0.035367751580870375 0.03451410445951585 0.033701549111432645 0.032927207530110976 0.0321884628553433 0.031482930574934787 0.030808433432438748 0.030162979499658415 0.02954474296058174
0.007395016283602934 0.006900888127983451 0.006454392008985766 0.006049685368849252 0.005681780891595447 0.005346402879974396 0.00503987057765131 0.0047590028949032305 0.0045010402280691005 0.004263580002116642 0.00404452328576079 0.003842030383810934 0.003654483741914734 0.003480456834404077 0.0033186879688188718 0.003168058147647073 0.0030275722915474096 0.0028963432584484593 0.002773578196804955 0.0026585668545915913 0.002550671532687677 0.0024493184255338606
