4.194446153740582 6.739317434305729
4.1944462162427 6.739317434305729
4.194446153740582 6.739317534729384
4.258653281778111 6.432810556197217
4.25865334523699 6.432810556197217
4.258653281778111 6.432810652053564
5.310592858922096 3.9546824825402456
4.521828434529609 5.8137944323089865
4.521828501910103 5.8137944323089865
4.521828434529609 5.8137945189412745
4.8191085885699065 5.158964518005576
4.819108660380221 5.158964518005576
4.8191085885699065 5.158964594880138
5.434758997096701 3.859085523217164
4.97765471374292 4.8362300251855
4.977654787915755 4.8362300251855
4.97765471374292 4.836230097250944
5.291344351647229 4.189100580851294
5.291344430494404 4.189100580851294
5.291344351647229 4.189100643273757
5.95623157338069 2.9137042467704326
5.463405256919124 3.8733641851978553
5.463405338330206 3.8733641851978553
5.463405256919124 3.8733642429154793
5.803759930132216 3.2398530147558144
5.803760016614978 3.2398530147558144
5.803759930132216 3.2398530630333866
5.904735804959169 3.091099932876031
5.904735892946589 3.091099932876031
5.904735804959169 3.0910999789370095
6.089572334524789 2.782668605022736
6.089572425266487 2.782668605022736
6.089572334524789 2.7826686464877293
6.285132341818453 2.4809225027935424
6.285132435474223 2.4809225027935424
6.285132341818453 2.4809225397621684
6.49053720510088 2.185789873619579
6.339662355959897 2.4094565722798746
6.339662450428228 2.4094565722798746
6.339662355959897 2.4094566081835755
6.441735981021581 2.26145460698019
6.441736077010927 2.26145460698019
6.441735981021581 2.26145464067849
6.547613217418614 2.1161493507823192
6.547613314985654 2.1161493507823192
6.547613217418614 2.1161493823154016
6.656618668384808 1.97317586259147
6.6566187675761554 1.97317586259147
6.656618668384808 1.9731758919940816
6.685891980027439 1.9390686985040515
6.685892079654993 1.9390686985040515
6.685891980027439 1.9390687273984268
6.741847614849621 1.868713395945558
6.699956667253588 1.921540409158432
6.699956767090722 1.921540409158432
6.699956667253588 1.9215404377916154
6.728022007278265 1.886432545282772
6.728022107533605 1.886432545282772
6.728022007278265 1.8864325733928073
6.756397868688138 1.851575180123306
6.756397969366311 1.851575180123306
6.756397868688138 1.8515752077139263
6.749389339095572 1.8603583800805203
6.749389439669311 1.8603583800805203
6.749389339095572 1.8603584078020206
0.1725700083315742 6.749389339095572 1.8603583800805203 0.00015792651321575848
0.05298887372055179 0.051109566022476745 0.04935923354080051 0.047725231845773965 0.046196493412940964 0.044763292792841955 0.043417051926196416 0.04215017793266544 0.040955927309304016 0.039828291718386276 0.03876190151176571 0.037751943895939895 0.036794093237606774 0.03588445148064098 0.035019497020022335 0.034196040677580905 0.03341118766475535 0.0326623046114183 0.03194699089689141 0.031263053647082636 0.030608485866114025 0.029981447256486896
0.007810865524810508 0.007286979841928206 0.006813521960668797 0.006384337548165782 0.005994165657928388 0.005638490410262322 0.0053134201017813396 0.005015588198515329 0.004742071875915718 0.004490324696774231 0.004258120733848504 0.0040435079990976085 0.0038447694740974515 0.0036603903750830886 0.003489030552740441 0.0033295011376933423 0.0031807447100456365 0.003041818404857622 0.0029118794723727096 0.0027901728978066607 0.0026760207549437484 0.0025688130240585283
