5.094572997602054 8.603709570607482
5.0945730735171075 8.603709570607482
5.094572997602054 8.603709698812745
4.002120212113501 6.739995110321566
4.002120271749739 6.739995110321566
4.002120212113501 6.739995210755319
4.5429374606780195 5.386744590167256
4.542937528373063 5.386744590167256
4.5429374606780195 5.386744670436006
6.106092604548843 2.024435735339431
4.951092182095376 4.554461194426247
4.951092255872399 4.554461194426247
4.951092182095376 4.554461262293008
5.7814323421594285 2.896848776413322
5.167018316292995 4.144342447682286
5.1670183932875675 4.144342447682286
5.167018316292995 4.1443425094378
5.594318562473616 3.3217244153881693
5.594318645835458 3.3217244153881693
5.594318562473616 3.3217244648857203
6.071338560410915 2.5269050340131542
6.071338650880909 2.5269050340131542
6.071338560410915 2.5269050716669734
6.222075169338127 2.350882747940577
6.222075262054272 2.350882747940577
6.222075169338127 2.3508827829714596
6.488762599692306 1.9718058476268663
6.290090524466125 2.2570730784864894
6.290090618195777 2.2570730784864894
6.290090524466125 2.257073112119499
6.425418428244467 2.06894618268461
6.425418523990663 2.06894618268461
6.425418428244467 2.0689462135143106
6.567811058097497 1.8861082505462559
6.567811155965509 1.8861082505462559
6.567811058097497 1.886108278651459
6.716213608632832 1.708113718440073
6.716213708712213 1.708113718440073
6.716213608632832 1.7081137438929508
6.681310784483198 1.754356323475343
6.681310884042487 1.754356323475343
6.681310784483198 1.7543563496172894
6.756713959672034 1.6663750539475928
6.700327236926926 1.7325040707316899
6.700327336769582 1.7325040707316899
6.700327236926926 1.7325040965480123
6.681481861361193 1.7545040305794604
6.69565573840712 1.7380379439163833
6.695655838180166 1.7380379439163833
6.69565573840712 1.738037969815167
0.18114431606040082 6.69565573840712 1.7380379439163833 0.00021425242727582966
0.05361433292756733 0.051727781220595556 0.049969899931378736 0.048328152471258545 0.04679155610328851 0.04535045196715792 0.04399631417655913 0.042721590568681626 0.041519569231018995 0.040384266128131216 0.039310330084239 0.038292962108954526 0.03732784662984673 0.036411092652153774 0.035539183229521466 0.03470893192054596 0.033917445139759285 0.033162089500559724 0.0324404634007868 0.03175037222643814 0.031089806651104272 0.03045692359252632
0.008179716111897418 0.007636117793974642 0.007144414134383043 0.006698322845840652 0.0062924663019706464 0.005922222544485525 0.005583603624375551 0.0052731557948379245 0.004987877259186736 0.00472515008901496 0.004482683633174893 0.004258467286325599 0.004050730913960614 0.003857911566852682 0.0036786253827895896 0.00351164378330844 0.0033558732400556478 0.003210338018749023 0.00307416541568995 0.002946573087930669 0.002826858147865709 0.0027143877495587145
