6.839187962117741 6.547319654415043
6.8391880640295835 6.547319654415043
6.839187962117741 6.547319751977708
4.991785254070955 4.806424746419962
4.991785328454351 4.806424746419962
4.991785254070955 4.806424818041272
4.702009068005228 5.350864117827461
4.702009138070624 5.350864117827461
4.702009068005228 5.35086419756155
3.1712267536284537 8.681569433008383
4.3224382069378295 6.184969468391765
4.322438271347178 6.184969468391765
4.3224382069378295 6.184969560554992
3.6053944061913614 7.871703379077398
3.6053944599159244 7.871703379077398
3.6053944061913614 7.871703496374919
2.9066253510568347 9.792925624278945
2.9066253943689278 9.792925624278945
2.9066253510568347 9.792925770204908
3.0011204791165382 9.637012710892819
3.0011205238367182 9.637012710892819
3.0011204791165382 9.637012854495499
3.004473895059271 9.629184783926828
3.004473939829421 9.629184783926828
3.004473895059271 9.629184927412863
0.036937474675780124 3.004473895059271 9.629184783926828 0.00017495880290491908
0.053013751947757565 0.05121197149057136 0.04953293607410247 0.04796457022682798 0.046496325913627665 0.04511894956919942 0.043824290281744 0.04260514093649479 0.041455105929749235 0.0403684904340098 0.03934020724471955 0.03836569804942053 0.037440866589895726 0.03656202168041425 0.035725828432857265 0.034929266346403545 0.03416959316379997 0.033444313591830845 0.03275115214097387 0.03208802946648002 0.03145304169649403 0.030844442317202524
0.008472220059101553 0.007971423806167088 0.007515624587857112 0.007099536169618456 0.006718630606336042 0.006369010935692214 0.006047308164193977 0.005750597389438826 0.005476329099734704 0.0052222725893801576 0.004986469105250535 0.004767192855466368 0.004562918405450609 0.004372293290887625 0.0041941149131740855 0.004027310967292525 0.0038709227968336383 0.0037240911852723054 0.003586044183445968 0.0034560866457108495 0.003333591205444355 0.00321799046747736
