4.350904702642576 8.321082430316018
4.350904767476108 8.321082430316018
4.350904702642576 8.32108255430981
3.896448819558131 7.402655320908929
3.896448877619743 7.402655320908929
3.896448819558131 7.402655431217089
4.642077800852714 5.512511469525581
4.642077870025064 5.512511469525581
4.642077800852714 5.512511551668403
5.7539132539946785 3.1713981954852204
4.950636399413357 4.942771677119211
4.950636473183588 4.942771677119211
4.950636399413357 4.942771750772248
5.513387310982687 3.7754847497891175
5.0953489265922185 4.652924744365477
5.095349002518835 4.652924744365477
5.0953489265922185 4.6529248136994585
5.381640621674202 4.071677030284772
5.381640701866896 4.071677030284772
5.381640621674202 4.071677090957488
5.986015722256092 2.925388193653937
5.537675040704598 3.7877646846090567
5.537675123222386 3.7877646846090567
5.537675040704598 3.787764741051149
5.846481874626003 3.218159400995572
5.846481961745372 3.218159400995572
5.846481874626003 3.218159448949884
6.181715297351436 2.6636953425709056
6.181715389466173 2.6636953425709056
6.181715297351436 2.663695382263059
6.280844497937614 2.5355874131580256
6.28084459152949 2.5355874131580256
6.280844497937614 2.535587450941222
6.461122171228247 2.2664166115056994
6.46112226750647 2.2664166115056994
6.461122171228247 2.2664166452779386
6.653292078894255 2.005603102390703
6.653292178036033 2.005603102390703
6.653292078894255 2.005603132276518
6.8562608699408445 1.7531023502921674
6.856260972107093 1.7531023502921674
6.8562608699408445 1.753102376415428
6.914102699751985 1.6964112335195498
6.914102802780143 1.6964112335195498
6.914102699751985 1.696411258798047
7.0210912869515285 1.5747901736805743
7.0210913915739415 1.5747901736805743
7.0210912869515285 1.5747901971467766
7.050246568122279 1.5466857331228725
7.05024667317914 1.5466857331228725
7.050246568122279 1.546685756170286
7.105833754568207 1.487782212855802
7.105833860453381 1.487782212855802
7.105833754568207 1.4877822350254846
7.162693429095079 1.430106070391819
7.162693535827528 1.430106070391819
7.162693429095079 1.43010609170206
7.220501659667978 1.3733806926949002
7.177483327206252 1.4162774257126451
7.177483434159088 1.4162774257126451
7.177483327206252 1.4162774468168233
7.148720605306208 1.4447834922267677
7.17031390415254 1.4234253273646915
7.170314010998543 1.4234253273646915
7.17031390415254 1.4234253485753818
0.21637047318436864 7.17031390415254 1.4234253273646915 0.0002864488519276662
0.052426445131070164 0.05056467194492964 0.04883080469601597 0.047212290534460986 0.04569814375407218 0.04427871216616237 0.04294548345627508 0.041690923874578845 0.04050834321574772 0.039391781285015276 0.03833591201216263 0.03733596213010388 0.03638764192852818 0.035487086062634246 0.0346308027702593 0.033815630148897886 0.03303869838347032 0.03229739700873541 0.03158934644661373 0.03091237318590598 0.030264488075823603 0.029643867290001027
0.007853306245016015 0.007325974350023355 0.006849459403349014 0.006417552179452896 0.006024945945446669 0.005667086430432308 0.005340049579016191 0.005040441463568577 0.004765315957857996 0.0045121067167492365 0.0042785707331761185 0.0040627413068064135 0.0038628886976196744 0.003677487081172668 0.0035051866925867184 0.0033447902598760654 0.003195232996788655 0.0030555655605149713 0.00292493948785908 0.0028025947104859546 0.0026878488200991293 0.0025800878113180375
