6.934415957140485 7.029350536956863
6.934416060471334 7.029350536956863
6.934415957140485 7.029350641702348
5.006671211909915 5.0954667784798
5.00667128651513 5.0954667784798
5.006671211909915 5.095466854408172
4.943859162075064 5.1836072968058975
4.9438592357443065 5.1836072968058975
4.943859162075064 5.183607374047665
4.5085105767212665 6.110912994742778
4.50851064390331 6.110912994742778
4.5085105767212665 6.110913085802477
4.566252843634797 6.014595853996083
4.5662529116772665 6.014595853996083
4.566252843634797 6.014595943620545
4.56672767257316 6.013979105670965
4.566727740622706 6.013979105670965
4.56672767257316 6.013979195286237
0.058795951534404756 4.56672767257316 6.013979105670965 0.00015128102636888837
0.05271166327711514 0.05085446857478617 0.04912505825048922 0.0475108268093621 0.04600075632128026 0.04458517684258536 0.043255568479516365 0.042004396976875566 0.040824976455857837 0.03971135426065396 0.038658213905347724 0.037660792914930755 0.036714812981861585 0.03581642035341756 0.034962134755827434 0.03414880547202006 0.033373573438392735 0.03263383842575981 0.03192723053094126 0.031251585336292555 0.030604922201084687 0.02998542523587077
0.007608966868508671 0.007114003213064101 0.0066659666832553695 0.006259163205364971 0.0058887273640118995 0.005550483423276493 0.005240832495688963 0.0049566604460102946 0.004695262332029417 0.004454280107295187 0.004231651015672196 0.004025564649514047 0.0038344270622526007 0.0036568306520149804 0.003491528787612228 0.0033374143484506793 0.0031935015080693605 0.003058910216549665 0.002932852937171917 0.0028146232729158527 0.002703586182958876 0.0025991695414968193
