8.98111001908212 7.83830359141198
8.981110152911087 7.83830359141198
8.98111001908212 7.8383037082118046
5.16088187133343 4.527702808667833
5.160881948236563 4.527702808667833
5.16088187133343 4.527702876135862
5.7822308713847885 3.266402720966054
5.7822309575467425 3.266402720966054
5.7822308713847885 3.2664027696392477
7.689204092671634 0.05336470190769438
6.284694503719477 2.478976337521382
6.2846945973687225 2.478976337521382
6.284694503719477 2.478976374461008
6.830630918565464 1.721042671486659
6.437889172411106 2.302728588082716
6.43788926834313 2.302728588082716
6.437889172411106 2.302728622396046
6.7093300655322095 1.922666298013642
6.507140479317002 2.2087220701371044
6.507140576280951 2.2087220701371044
6.507140479317002 2.2087221030496282
6.644925812444254 2.020182743542505
6.644925911461365 2.020182743542505
6.644925812444254 2.0201827736455735
6.790061511273776 1.8372414835080368
6.790061612453577 1.8372414835080368
6.790061511273776 1.8372415108850684
6.941450923289102 1.6594406915317732
6.829971547863428 1.7946336061785935
6.829971649637935 1.7946336061785935
6.829971547863428 1.7946336329207182
6.905191733875619 1.7053313523395974
6.848908495571603 1.7724198138577194
6.848908597628292 1.7724198138577194
6.848908495571603 1.7724198402688327
6.867823611289242 1.7501874285793602
6.853676431494067 1.766895271170732
6.853676533621805 1.766895271170732
6.853676431494067 1.7668952974995231
0.18192597418484424 6.853676431494067 1.766895271170732 0.00017178422045055226
0.052993642866875086 0.05111169020732201 0.04935902824313976 0.047722968546603815 0.046192406698290556 0.044757586158927595 0.04340990254975231 0.04214174061131279 0.040946337732509254 0.03981766919558569 0.03875035125802166 0.03773955895515018 0.03678095610740699 0.035870635490671564 0.03500506750539269 0.034181055981555804 0.03339569999846471 0.032646360793404716 0.03193063299129595 0.03124631951602449 0.03059140964918459 0.02996405978813035
0.007725991801365109 0.0072070477360151415 0.006738121878292242 0.006313101883607597 0.005926763863894726 0.005574624691842843 0.005252821655073361 0.004958013923408203 0.004687301500899314 0.004438158261418527 0.00420837638165652 0.00399602003972018 0.0037993866794332645 0.003616974478620085 0.003447454925689322 0.0032896496190896155 0.003142510571121636 0.003005103430674306 0.002876593146011134 0.0027562316744030343 0.0026433474145556904 0.002537336093813584
