8.539529570163335 3.457106886309921
8.539529697412242 3.457106886309921
8.539529570163335 3.457106937824828
6.185278403344009 2.5177390678029035
6.18527849551184 2.5177390678029035
6.185278403344009 2.517739105320139
7.871573587788853 0.05369833915293665
6.625452257942295 1.9148792268584514
6.625452356669228 1.9148792268584514
6.625452257942295 1.9148792553923755
6.7625221811197935 1.7882443213581016
6.762522281889226 1.7882443213581016
6.7625221811197935 1.7882443480050185
6.523693314422113 2.07505266320989
6.703970939453455 1.8608934292815433
6.703971039350407 1.8608934292815433
6.703970939453455 1.8608934570110163
6.763553258444091 1.7890875239085176
6.763553359228888 1.7890875239085176
6.763553258444091 1.789087550567999
6.703980698219901 1.8609015256844748
6.749042785267344 1.8073516955871969
6.749042885835919 1.8073516955871969
6.749042785267344 1.8073517225188358
6.7789797579765745 1.7715702358532472
6.756549788464079 1.7984254224155671
6.756549889144516 1.7984254224155671
6.756549788464079 1.7984254492141942
6.7490660699987135 1.8073712263292179
6.7546856042944965 1.8006674991292473
6.756090529579161 1.79899151599408
6.756090630252755 1.79899151599408
6.756090529579161 1.7989915428011425
0.18255774250787626 6.756090529579161 1.79899151599408 0.0002482169155769668
0.05399750637690092 0.05208662176313161 0.050306651728089846 0.048644783974547266 0.047089801286609875 0.04563184440354688 0.04426221536098528 0.04297321357965002 0.04175799859701049 0.04061047458697104 0.039525192785530405 0.03849726870185288 0.03752231159362649 0.03659636415994101 0.03571585078223012 0.03487753294543191 0.0340784707137677 0.033315989331009585 0.03258765017353062 0.03189122541338586 0.031224675854073358 0.030586131488118302
0.007716419701134734 0.007200207562906959 0.006733569108923909 0.006310468010606786 0.005925742217977392 0.005574959138743022 0.005254297539342407 0.004960450777534721 0.004690547148473976 0.004442084026573632 0.0042128731805895995 0.004000995178774512 0.003804761221646418 0.0036226810695973873 0.0034534359921474275 0.003295855870968773 0.003148899751929351 0.0030116392715637055 0.002883244487672162 0.0027629717276554683 0.002650153135964725 0.002544187656997614
