2.028561622153597 4.99422289952092
2.0285616523815206 4.99422289952092
2.028561622153597 4.99422297394064
2.3024617274752184 8.704961252664605
2.3024617617845715 8.704961252664605
2.3024617274752184 8.704961382378636
3.563625274976869 7.7756630183259015
3.5636253280790235 7.7756630183259015
3.563625274976869 7.7756631341923095
4.4002425349133825 6.067350836986174
4.400242600482105 6.067350836986174
4.4002425349133825 6.067350927396747
4.6559763233273195 5.590651118592545
4.655976392706773 5.590651118592545
4.6559763233273195 5.590651201899738
4.681840579279804 5.543186332441856
4.681840649044665 5.543186332441856
4.681840579279804 5.5431864150417685
4.682584043059748 5.541650367926139
4.682584112835688 5.541650367926139
4.682584043059748 5.541650450503164
0.06463663479835435 4.682584043059748 5.541650367926139 0.00016107468495855072
0.05375144001979163 0.05186208989815645 0.05010233478729664 0.048459437539783795 0.04692225835391318 0.045481014873385274 0.04412708376301331 0.04285283572333007 0.04165149761949941 0.04051703671692022 0.03944406303529418 0.038427746626876806 0.03746374720670071 0.03654815405276062 0.03567743448256344 0.03484838952184025 0.03405811562892216 0.03330397153756649 0.03258354944210404 0.03189464987957517 0.0312352597701877 0.030603533164780705
0.007622846870309206 0.007126343994460145 0.006676877385490061 0.006268752467922392 0.005897100436013932 0.005557740427871226 0.005247067475347112 0.004961960931197031 0.0046997092550765925 0.00445794793843139 0.004234608036553622 0.00402787330636233 0.0038361443593752796 0.0036580085595007404 0.00349221464605157 0.00333765125981505 0.0031933287062147083 0.003058363413773987 0.0029319646452587384 0.002813423098424384 0.0027021010973799346 0.0025974241274250376
