5.874561334862652 6.982186432121433
5.874561422400437 6.982186432121433
5.874561334862652 6.982186536164119
4.726430126544919 5.621250025457093
4.726430196974216 5.621250025457093
4.726430126544919 5.621250109220246
5.0777711334531395 4.8210486223423565
5.0777712091178255 4.8210486223423565
5.0777711334531395 4.821048694181579
6.651222647431216 1.5912872168011973
5.478404387800375 4.017190879496126
5.478404469434962 4.017190879496126
5.478404387800375 4.017190939356935
6.325256856205496 2.4330134911816326
5.699165005774618 3.6261175892329014
5.699165090698794 3.6261175892329014
5.699165005774618 3.626117643266264
6.136192371704908 2.8414511909140194
5.8112041026634795 3.43152665170048
5.811204189257168 3.43152665170048
5.8112041026634795 3.431526702834212
6.033413514375299 3.0412747508052242
6.033413604280167 3.0412747508052242
6.033413514375299 3.0412747961237496
6.501454362959203 2.2747031368776316
6.1540725464644535 2.851907936984199
6.15407263816728 2.851907936984199
6.1540725464644535 2.8519079794809388
6.392980888255312 2.4716496392069955
6.39298098351815 2.4716496392069955
6.392980888255312 2.4716496760374453
6.651272591747758 2.1042820239867046
6.651272690859443 2.1042820239867046
6.651272591747758 2.10428205534295
6.7264379927029 2.0208868169924936
6.726438092934637 2.0208868169924936
6.7264379927029 2.0208868471060537
6.864071779491388 1.843473928690433
6.864071881774028 1.843473928690433
6.864071779491388 1.843473956160335
7.009369323406884 1.6722810084701654
7.009369427854626 1.6722810084701654
7.009369323406884 1.6722810333890943
7.049369454372971 1.6328965059941334
7.049369559416761 1.6328965059941334
7.049369454372971 1.6328965303261875
7.124717298985389 1.54966610071687
7.0683383306052 1.6122090916406302
7.068338435931649 1.6122090916406302
7.0683383306052 1.6122091156644178
7.106181819737514 1.5707480274613177
7.106181925627874 1.5707480274613177
7.106181819737514 1.5707480508672873
7.144606927006875 1.5298254097062578
7.115944348577644 1.5606663671227414
7.115944454613477 1.5606663671227414
7.115944348577644 1.5606663903784825
7.096797556948135 1.5811892262910774
7.111167435691891 1.5658061934248764
7.111167541656543 1.5658061934248764
7.111167435691891 1.5658062167572069
0.20364346589788562 7.111167435691891 1.5658061934248764 0.0002048534365992399
0.05262326872943491 0.05074732889020864 0.04900065931191286 0.04737053495999707 0.04584582419240702 0.0444167505113943 0.04307469521124007 0.0418120330744738 0.040621994920774306 0.03949855208847127 0.038436318919912255 0.03743047009679858 0.03647667028060755 0.03557101399448591 0.03470997406529948 0.03389035724973572 0.03310926591320559 0.032364064827634396 0.03165235231400396 0.030971935085425922 0.030320806252610428 0.029697126040569465
0.0075635650828940245 0.007053378735048755 0.006592557584093817 0.006175045780050397 0.005795671137056217 0.0054499976589418775 0.005134205481631157 0.004844992659882274 0.004579494447057275 0.0043352166522957975 0.004109980380280119 0.0039018760169648265 0.003709224759096288 0.0035305463251643367 0.0033645317525008408 0.0032100203961182654 0.0030659804121430326 0.002931492141947825 0.002805733919693233 0.0026879699116327017 0.0025775396646142658 0.002473849097149195
