3.092897073994531 3.3879291473129864
3.0928971200822892 3.3879291473129864
3.092897073994531 3.3879291977970647
2.5011368818124855 7.93698356471508
2.501136919082329 7.93698356471508
2.5011368818124855 7.9369836829853515
3.129123526489251 9.276458869734462
3.1291235731168254 9.276458869734462
3.129123526489251 9.27645900796447
3.5414811950987786 8.722851800596537
3.5414812478709607 8.722851800596537
3.5414811950987786 8.722851930577157
3.5960833819622895 8.60748651104421
3.5960834355481075 8.60748651104421
3.5960833819622895 8.607486639305753
3.596485229046353 8.606977299589019
3.596485282638159 8.606977299589019
3.596485229046353 8.606977427842976
0.039593499477324046 3.596485229046353 8.606977299589019 0.000215708744251175
0.05078997596388787 0.04902500512951481 0.04738139700857067 0.04584713432623181 0.044411725576705544 0.04306597198644524 0.041801775617666875 0.040611980441351545 0.03949023999940588 0.03843090663952556 0.03742893835284293 0.036479820053093415 0.03557949676504385 0.034724316682320816 0.03391098244256542 0.033136509275026524 0.03239818892038965 0.03169355841857582 0.031020373017946478 0.030376582586893748 0.029760311012433364 0.029169838155004582
0.008088754355513922 0.007586481038681245 0.007130658910128742 0.006715723872785052 0.006336919490692924 0.005990160630951691 0.005671923141218845 0.005379154054488103 0.005109198084229169 0.0048597371281040675 0.004628740221305753 0.004414421931451334 0.0042152076096431184 0.004029704238723177 0.0038566758733811234 0.0036950228650304948 0.003543764220221247 0.0034020225645444717 0.003269011281866968 0.0031440234768984367 0.003026422471816148 0.0029156335982357586
