3.0273094194984216 5.220310685171406
3.027309464608847 5.220310685171406
3.0273094194984216 5.220310762960097
4.958967366040149 3.887058500298404
4.958967439934521 3.887058500298404
4.958967366040149 3.8870585582200894
7.322684620353301 0.1381742833294406
5.753287517822297 3.114636171106771
5.753287603552962 3.114636171106771
5.753287517822297 3.1146362175184668
6.91367557156456 1.2268272301976486
6.066734361309249 2.6578580347557326
6.066734451710635 2.6578580347557326
6.066734361309249 2.6578580743609037
6.676492422123146 1.7327764894671458
6.2253332328297635 2.4307673142551267
6.225333325594457 2.4307673142551267
6.2253332328297635 2.4307673504763825
6.540089408417961 1.9748904235605522
6.30599030907982 2.318182300167732
6.3059904030463985 2.318182300167732
6.30599030907982 2.31818233471134
6.4659682337117115 2.0920609588141614
6.465968330062147 2.0920609588141614
6.4659682337117115 2.092060989988299
6.635775233461616 1.8732245353810384
6.635775332342372 1.8732245353810384
6.635775233461616 1.8732245632942592
6.814218532906632 1.661371316693567
6.814218634446401 1.661371316693567
6.814218532906632 1.661371341449929
6.864411123206201 1.6136644910227451
6.864411225493898 1.6136644910227451
6.864411123206201 1.6136645150682198
6.957839002666443 1.511428583994789
6.887960842024129 1.5882830001733448
6.887960944662744 1.5882830001733448
6.887960842024129 1.5882830238406058
6.934945942143814 1.5374141717682228
6.8997677478127795 1.575622063824348
6.899767850627331 1.575622063824348
6.8997677478127795 1.5756220873029465
6.923321990573863 1.5502447711773069
6.905672386709985 1.5692927018598635
6.905672489612522 1.5692927018598635
6.905672386709985 1.569292725244147
0.19725730112167106 6.905672386709985 1.5692927018598635 0.00027056265212737376
0.053038931254329215 0.051166944353563754 0.04942294038080239 0.04779441989506355 0.04627043638988677 0.044841365906444317 0.043498715882903154 0.04223496577059463 0.041043433507080646 0.03991816314366439 0.038853829865288826 0.037845659377332634 0.036889359213906826 0.035981059981535835 0.0351172649175973 0.03429480643518356 0.03351080856090931 0.032762654361773426 0.03204795761089805 0.031364538067132505 0.030710399845848942 0.030083712442266743
0.008111786189018644 0.007570890537551482 0.007081789654400042 0.0066381942981171465 0.0062347236522900555 0.00586675525303864 0.005530302533873835 0.005221914431538221 0.004938592701753431 0.004677723520184789 0.004437020659683088 0.0042144780906920145 0.004008330285490321 0.0038170188471019716 0.003639164351708663 0.003473542505507629 0.0033190638855722793 0.0031747566688885135 0.0030397518616596393 0.0029132706278420344 0.0027946133860736085 0.0026831504011032223
