8.648013677031802 2.661454480633175
8.648013805897248 2.661454480633175
8.648013677031802 2.661454520291937
6.653873422549422 2.0593067382947474
6.653873521699863 2.0593067382947474
6.653873422549422 2.059306768980809
8.217543273988026 0.0560494897844408
7.062397433959502 1.5727478311705831
7.062397539197424 1.5727478311705831
7.062397433959502 1.572747854606352
6.975470172458221 1.7056787007341112
6.975470276400826 1.7056787007341112
6.975470172458221 1.7056787261507045
7.186511641516018 1.4682563811471823
7.029887876781164 1.647838795175944
7.029887981534656 1.647838795175944
7.029887876781164 1.6478388197306555
6.924302408622766 1.7664923825165704
7.003771475847426 1.6777489758333306
7.003771580211754 1.6777489758333306
7.003771475847426 1.6777490008337386
6.951302630124663 1.7373624092798101
6.990730954988704 1.6927194849063565
6.990731059158713 1.6927194849063565
6.990730954988704 1.6927195101298425
7.003847821539484 1.6778158230052889
6.9940283350546615 1.689009634156475
6.994028439273805 1.689009634156475
6.9940283350546615 1.68900965932468
0.19338023695110618 6.9940283350546615 1.689009634156475 0.00021027591002704369
0.053105596750176266 0.05121297523033232 0.04945074423517221 0.04780607137844497 0.046267730738221165 0.044825862710478385 0.04347177507457608 0.04219777736450074 0.04099704230330781 0.03986348934323603 0.03879168635262935 0.03777676627140536 0.03681435617039546 0.035900516634789416 0.035031689777130934 0.034204654492865104 0.03341648781817939 0.032664531448756993 0.03194636263908367 0.03125976883288636 0.030602725482206466 0.029973376600274448
0.007465263735331143 0.00696181272527277 0.00650706450069953 0.0060950459139192895 0.00572065518397543 0.005379516515918291 0.005067861739434818 0.004782433476910165 0.004520405553665725 0.004279317284731826 0.004057018982553102 0.0038516265799228367 0.0036614836904821746 0.0034851297639503904 0.003321273256426326 0.0031687689439172852 0.0030265986720962126 0.0028938549666205522 0.0027697270334256585 0.002653488762827634 0.0025444884193686628 0.002442139754482802
