5.9261036384194625 5.593810365082335
5.926103726725288 5.593810365082335
5.9261036384194625 5.593810448436606
4.963750374494662 4.689616951843903
4.963750448460306 4.689616951843903
4.963750374494662 4.689617021724642
5.343486689814408 3.9048238649909273
5.343486769438564 3.9048238649909273
5.343486689814408 3.904823923177337
6.953907469553216 0.9086746916246815
5.75524061677466 3.160776478437038
5.7552407025344285 3.160776478437038
5.75524061677466 3.1607765255362774
6.2026368070130475 2.4375998342033913
5.877968336790773 2.9871831466168017
5.877968424379326 2.9871831466168017
5.877968336790773 2.9871831911292994
6.10018653533515 2.6246834573936146
6.100186626235013 2.6246834573936146
6.10018653533515 2.624683496504446
6.338497731829736 2.272554608708173
6.338497826280713 2.272554608708173
6.338497731829736 2.2725546425718757
6.592272218090372 1.9314014721633577
6.592272316322883 1.9314014721633577
6.592272218090372 1.9314015009434824
6.666288370204192 1.8551073455580624
6.66628846953963 1.8551073455580624
6.666288370204192 1.8551073732013161
6.801648463557073 1.6911732635607448
6.801648564909533 1.6911732635607448
6.801648463557073 1.6911732887611903
6.8392588551635916 1.6536199071827253
6.83925895707649 1.6536199071827253
6.8392588551635916 1.653619931823582
6.910250472692136 1.5745036966511161
6.910250575662892 1.5745036966511161
6.910250472692136 1.5745037201130494
6.9833045849620685 1.4972878873329911
6.983304689021415 1.4972878873329911
6.9833045849620685 1.4972879096443192
7.057920952961248 1.421580673972493
7.002507215982707 1.478917857531769
7.002507320328196 1.478917857531769
7.002507215982707 1.4789178795693623
7.039678333732362 1.4409296470278312
7.011834106831626 1.4694543029487654
7.011834211316096 1.4694543029487654
7.011834106831626 1.4694543248453409
7.021153192236304 1.4599830619807903
7.02115329685964 1.4599830619807903
7.021153192236304 1.4599830837362333
7.011835324732681 1.4694555011301367
7.018833644026346 1.4623608878769612
7.018833748615117 1.4623608878769612
7.018833644026346 1.4623609096678365
0.22485941391118103 7.018833644026346 1.4623608878769612 0.00021575511087809998
0.05494546205607841 0.05300525982043927 0.051197755836920454 0.04950998502525158 0.04793059373399148 0.046449600578617356 0.04505819802718754 0.04374858697313464 0.04251383815573675 0.041347775543697306 0.04024487777447393 0.03920019450731118 0.03820927515060125 0.037268107901302354 0.03637306741378389 0.035520869719043016 0.034708533259147904 0.03393334509863407 0.03319283153419259 0.03248473245394504 0.03180697890385093 0.031157673406007187
0.007617469682558059 0.00710933715657354 0.0066498815151525325 0.006233189564030672 0.005854202613930236 0.0055085752454741834 0.005192560078882516 0.004902913313590922 0.0046368169391537315 0.004391814391924093 0.004165757106491025 0.00395675993455283 0.0037631638125499595 0.0035835043797859717 0.0034164855011647225 0.003260956848406693 0.0031158948523660373 0.0029803864658019996 0.002853615277547311 0.0027348496007807937 0.0026234322241797327 0.002518771568317155
