3.594270501610212 1.2171711351600365
3.594270555169016 1.2171711351600365
3.594270501610212 1.2171711532972997
1.877473992609911 4.601383858630072
1.8774740205864537 4.601383858630072
1.877473992609911 4.601383927196035
2.389741137575419 7.87526195637758
2.3897411731853366 7.87526195637758
2.389741137575419 7.875262073728128
4.20785343452952 5.786354701063342
4.207853497231422 5.786354701063342
4.20785343452952 5.786354787286746
5.977014659895035 2.4292198259540196
5.977014748959494 2.4292198259540196
5.977014659895035 2.4292198621522156
6.699843341493989 1.8147797778238748
6.699843441329435 1.8147797778238748
6.699843341493989 1.8147798048662007
5.517626941825556 3.298840385450137
6.428623432107281 2.203938138487409
6.428623527901235 2.203938138487409
6.428623432107281 2.2039381713286463
7.000829888144162 1.4472363165271545
6.582162052499331 2.0231703059545665
6.58216215058119 2.0231703059545665
6.582162052499331 2.023170336102153
6.873946788115328 1.6491834920378625
6.656884386199181 1.9310869081345616
6.656884485394488 1.9310869081345616
6.656884386199181 1.931086936909999
6.805248281539634 1.7460483397496889
6.6945061688395535 1.8852579184242502
6.694506268595469 1.8852579184242502
6.6945061688395535 1.8852579465167822
6.731998659820166 1.839323095610007
6.7040222907747 1.8738924289936476
6.704022390672416 1.8738924289936476
6.7040222907747 1.8738924569168207
6.722734442104111 1.850897231683078
6.70870989872815 1.8681514305312574
6.705203730293111 1.8724650200145052
6.705203830208433 1.8724650200145052
6.705203730293111 1.8724650479164082
0.1725746513627594 6.705203730293111 1.8724650200145052 0.00014456526857976548
0.05337357384411862 0.05148385865489499 0.049723657825828035 0.048080291160189886 0.0465426577131831 0.04510100092641664 0.04374671385998482 0.042472176869755685 0.04127062167921271 0.04013601703441335 0.03906297209508796 0.0380466544698177 0.03708272039740435 0.03616725504669601 0.035296721281062794 0.034467915532597725 0.03367792967115399 0.03292411794699832 0.03220406824281552 0.031515576998546874 0.030856627276953603 0.0302253695234709
0.007833637526320509 0.0073092588942891825 0.006835265805378325 0.00640551982351815 0.006014772042584877 0.005658515663460723 0.005332865787028319 0.0050344609302560754 0.004760381967770587 0.004508085119106073 0.004275346310299074 0.004060214788208666 0.003860974294598795 0.0036761104429019484 0.003504283205013119 0.0033443036245944793 0.003195114039504978 0.003055771228516201 0.0029254320036707277 0.002803340855067849 0.0026888193238571194 0.0025812568351580873
