6.6332242529085566 6.293349766419793
6.6332243517513 6.293349766419793
6.6332242529085566 6.293349860198012
5.0241970935401685 4.786559788015742
5.024197168406539 4.786559788015742
5.0241970935401685 4.786559859341041
4.918502832552769 4.9716933460489905
4.918502905844172 4.9716933460489905
4.918502832552769 4.971693420132994
4.17817279463815 6.526688100063959
4.733802342835897 5.3606236832903065
4.733802413375049 5.3606236832903065
4.733802342835897 5.360623763169824
4.375924352524607 6.143852676984958
4.375924417730961 6.143852676984958
4.375924352524607 6.1438527685354964
4.326000211538701 6.284347837862251
4.326000276001127 6.284347837862251
4.326000211538701 6.284347931506331
4.326912986005971 6.28297352208319
4.326913050481999 6.28297352208319
4.326912986005971 6.2829736157067915
0.055681886759457844 4.326912986005971 6.28297352208319 0.00016007982078100174
0.053169143028695076 0.05131136602145298 0.04958076594646691 0.04796485325621143 0.04645270531174932 0.045034730703735405 0.04370247442111485 0.04244845592506595 0.04126603388535195 0.04014929264129697 0.039092946458362775 0.038092258436011155 0.03714297153669051 0.036241249689268645 0.035383627302986664 0.03456696583265349 0.033788416279529464 0.03304538670830923 0.03233551401892469 0.03165663934036737 0.031006786518457 0.030384143255215077
0.007942360908986573 0.007432595845960245 0.0069707028488833955 0.006550917895138339 0.006168310549995069 0.0058186448628341604 0.005498266331392832 0.00520400955382997 0.004933122393608928 0.004683203397691661 0.004452149908382066 0.004238114847423496 0.004039470567392164 0.003854778489441595 0.0036827634999371975 0.0035222922778743774 0.0033723548825556116 0.003232049056175824 0.003100566795867051 0.002977182829848962 0.002861244696830977 0.0027521641799721826
