7.814671487857262 8.079143632614908
7.814671604304942 8.079143632614908
7.814671487857262 8.07914375300353
5.104354061740806 5.302323661541527
5.104354137801609 5.302323661541527
5.104354061740806 5.302323740552306
4.998498460294568 5.463349018995972
4.998498534777999 5.463349018995972
4.998498460294568 5.463349100406217
4.019126729164081 7.590854535606756
4.753605699923746 5.995220808776939
4.753605770757991 5.995220808776939
4.753605699923746 5.995220898112691
4.318601954829608 6.990366289886561
4.318602019181792 6.990366289886561
4.318601954829608 6.990366394051136
4.246378735610378 7.20142887505589
4.246378798886352 7.20142887505589
4.246378735610378 7.201428982365543
4.250737136759318 7.192174552014346
4.250737200100237 7.192174552014346
4.250737136759318 7.192174659186098
0.04901806286229782 4.250737136759318 7.192174552014346 0.00020951360585942113
0.051253379527238276 0.04944311576246275 0.047758076337405385 0.046185822146941204 0.044715494067957766 0.04333757213602 0.042043677058241 0.04082640570543227 0.03967919404357892 0.03859620235275875 0.03757221864950089 0.036602577055629915 0.03568308850129364 0.03480998165543654 0.03397985237579457 0.03318962028686286 0.03243649134661765 0.03171792546506293 0.031031608400648426 0.030375427292532984 0.029747449293949586 0.029145902859548874
0.007476639362714385 0.0069945228603799136 0.00655800605208581 0.006161546381254295 0.005800412329257247 0.005470546168442292 0.005168452852268519 0.004891109550084422 0.004635891588926269 0.004400511511457226 0.004182968678354903 0.003981507393383483 0.0037945819525545175 0.003620827346389415 0.0034590345994090894 0.0033081299307524607 0.00316715707711402 0.0030352622436714363 0.002911681247683163 0.0027957284985639583 0.002686787521778402 0.002584302785130046
