8.389871023487451 6.542545048994614
8.389871148506272 6.542545048994614
8.389871023487451 6.542545146486132
5.173258008840968 4.059956611100885
5.173258085928519 4.059956611100885
5.173258008840968 4.059956671598953
5.02325993028837 4.316754895986996
5.023260005140776 4.316754895986996
5.02325993028837 4.316754960311656
3.2724127284373195 7.76890425620664
4.586574142200036 5.180311838565237
4.586574210545317 5.180311838565237
4.586574142200036 5.180311915757899
3.7818142145116758 6.940443010143271
4.396475995717405 5.625248870461011
4.396476061230002 5.625248870461011
4.396475995717405 5.625248954283751
4.002126781021053 6.508942124628869
4.002126840657389 6.508942124628869
4.002126781021053 6.508942221619665
3.80672876349069 7.004085551749542
3.8067288202153686 7.004085551749542
3.80672876349069 7.00408565611855
3.8164180321046395 6.989035143652506
3.8164180889736996 6.989035143652506
3.8164180321046395 6.989035247797245
0.05236864951215525 3.8164180321046395 6.989035143652506 0.0003318728084723273
0.05553584254057436 0.053627691176907265 0.05184900708376757 0.05018716789776081 0.04863112596675881 0.04717117247789794 0.04579874234904771 0.04450625197164178 0.04328696358459544 0.04213487135805711 0.041044605269882954 0.04001134963892231 0.03903077379071463 0.0380989728127077 0.03721241673740316 0.036367906795411575 0.0355625376233574 0.03479366450698964 0.03405887489778563 0.03335596356955802 0.03268291088614211 0.032037863736877455
0.008151598789956615 0.007645039949584318 0.007185059269753 0.006766135881019418 0.006383538359742067 0.006033193981193301 0.005711582368122853 0.0054156485082641655 0.005142731240802941 0.004890504166954141 0.004656926593145992 0.004440202617638771 0.004238746859961271 0.004051155634850866 0.003876182608901025 0.003712718164169042 0.0035597718401076065 0.003416457342088838 0.0032819796981393414 0.003155624220392126 0.003036746988106826 0.0029247666179471445
