6.0956934985716344 3.1582937101109625
6.095693589404545 3.1582937101109625
6.0956934985716344 3.1582937571732064
2.6474815095159525 9.0948021508013
5.264117933119704 4.659709950926359
5.919146836922127 3.5493714732706345
5.919146925124288 3.5493714732706345
5.919146836922127 3.549371526160391
5.5071705949588345 4.302178047609645
5.507170677022072 4.302178047609645
5.5071705949588345 4.302178111717093
4.742937928643993 5.838965957823101
4.742937999319276 5.838965957823101
4.742937928643993 5.838966044830474
4.087899306744598 7.4253748121418965
4.087899367659045 7.4253748121418965
4.087899306744598 7.4253749227886034
3.6429651937804453 8.633278284730793
3.642965248064857 8.633278284730793
3.6429651937804453 8.633278413376663
3.6982029347841063 8.530966967884043
3.6982029898916244 8.530966967884043
3.6982029347841063 8.530967095005357
3.6980786177587377 8.531865867866445
3.6980786728644035 8.531865867866445
3.6980786177587377 8.531865995001153
0.04030634096871577 3.6980786177587377 8.531865867866445 0.00019288906271068017
0.050572713720809334 0.04880657765019227 0.04716223655284632 0.045627599560714924 0.044192114300881165 0.04284653146608415 0.04158271101750642 0.04039346173909255 0.039272407679613965 0.03821387640222406 0.03721280502248618 0.03626466083558554 0.0353653739708489 0.03451128001049939 0.033699070902290885 0.03292575280665456 0.03218860976663278 0.031485172287120666 0.030813190069450096 0.030170608276324885 0.02955554680688611 0.02896628214717803
0.00788321250795673 0.007389925019183117 0.006942493287344443 0.006535402078570669 0.0061639393483738135 0.005824060282677262 0.005512277353105942 0.005225570873264616 0.004961315817079216 0.004717221617254719 0.004491282385843359 0.0042817355504322085 0.00408702732245816 0.0039057837406912726 0.003736786286559121 0.003578951266164096 0.0034313123095800107 0.0032930054610644187 0.003163256431558931 0.003041369662870232 0.002926718915508059 0.0028187391425904844
