7.4400233899630415 7.46352631789195
7.440023500828029 7.46352631789195
7.4400233899630415 7.463526429107159
5.046997070776934 5.087827397429224
5.046997145983051 5.087827397429224
5.046997070776934 5.08782747324376
4.916438547635765 5.308496634500916
4.9164386208964075 5.308496634500916
4.916438547635765 5.30849671360368
3.7199905627225975 7.8900690404759795
4.617700770676952 5.9540630388011415
4.617700839486055 5.9540630388011415
4.617700770676952 5.954063127523595
4.050071708578847 7.258592921492715
4.050071768929619 7.258592921492715
4.050071708578847 7.258593029654178
4.031748086110529 7.367493524796425
4.0317481461882565 7.367493524796425
4.031748086110529 7.367493634580633
4.033188349378991 7.364418969299675
4.03318840947818 7.364418969299675
4.033188349378991 7.364419079038069
0.04682019752282429 4.033188349378991 7.364418969299675 0.0003373142575949257
0.05159406311500528 0.049788786451863645 0.048107658228776704 0.046538411184240576 0.04507032893601603 0.043694010576869446 0.0424011764993794 0.04118450733881068 0.04003750968119807 0.03895440352805334 0.037930027544141875 0.03695975891703313 0.03603944528294212 0.03516534666454023 0.03433408575415031 0.033542605183546306 0.03278813066724439 0.032068139103249675 0.03138033087410448 0.030722605719777963 0.030093041658652064 0.029489876518438277
0.007905401151811427 0.007402771471740548 0.00694720645301013 0.006533032726531438 0.006155401361533152 0.005810149160474502 0.005493686239813913 0.005202904395706533 0.004935102006056825 0.004687922166149776 0.004459301474255887 0.0042474274340513745 0.004050702864664327 0.003867716037695112 0.0036972155166321912 0.003538088874796458 0.003389344626115374 0.0032500968283170045 0.0031195519178735 0.0029969974158048267 0.002881792207565227 0.0027733581519836193
