4.472906328845056 2.693026583716237
4.472906395496555 2.693026583716237
4.472906328845056 2.69302662384546
2.7389546611791165 7.617729094672915
2.7389547019927214 7.617729094672915
2.7389546611791165 7.617729208185923
3.722107236284778 7.579883321376618
3.7221072917484976 7.579883321376618
3.722107236284778 7.579883434325682
4.323511875969311 6.44965214816971
4.323511940394659 6.44965214816971
4.323511875969311 6.449652244277016
4.454689116567513 6.194297311730445
4.454689182947554 6.194297311730445
4.454689116567513 6.1942974040326675
4.4636901539774305 6.176059135611857
4.463690220491597 6.176059135611857
4.4636901539774305 6.17605922764231
0.05566658344328068 4.4636901539774305 6.176059135611857 0.00015198012842954447
0.05218720062672855 0.05035378333081721 0.04864631522763074 0.04705238775782736 0.04556115359926396 0.044163091227222964 0.04284981037830813 0.04161389044725246 0.04044874555498942 0.03934851133794118 0.038307949521754335 0.03732236713052022 0.03638754779878129 0.03549969313853294 0.034655372497126885 0.03385147974723878 0.03308519599417058 0.03235395728194254 0.03165542653805156 0.030987469125290518 0.030348131473743024 0.02973562235175848
0.007868223613613274 0.007358832838703168 0.006897580446009943 0.006478639946926577 0.006097031193851706 0.005748478623853324 0.005429296150325068 0.005136293188306336 0.004866697537118296 0.00461809178380123 0.004388360608863517 0.004175646927777753 0.003978315228413699 0.0037949207964459147 0.003624183780237439 0.003464967250641232 0.0033162585722765654 0.00317715353074623 0.0030468427622877634 0.002924600114106551 0.0028097726294378862 0.0027017719045681066
