6.833352178013019 6.871116825963507
6.833352279837901 6.871116825963507
6.833352178013019 6.871116928351126
4.7999188824594015 4.849733809707452
4.799918953983767 4.849733809707452
4.7999188824594015 4.849733881974117
4.686524564555182 5.031441823547147
4.68652463438984 5.031441823547147
4.686524564555182 5.031441898521472
3.5759955028451573 7.3839884789746915
4.4091523264914265 5.619701164085503
4.409152392192916 5.619701164085503
4.4091523264914265 5.619701247825575
3.881716024229404 6.808712765278961
3.8817160820714802 6.808712765278961
3.881716024229404 6.808712866736688
3.8313481393079254 6.987710854820555
3.831348196399462 6.987710854820555
3.8313481393079254 6.98771095894556
3.8316679203821313 6.9880396924811
3.831667977478433 6.9880396924811
3.8316679203821313 6.988039796611005
0.05050350096220857 3.8316679203821313 6.9880396924811 0.00026433818534052524
0.05454011552157424 0.05266522860539275 0.050917591085882036 0.049284793297910946 0.04775597415873488 0.04632158915252873 0.044973218421415884 0.04370340717659526 0.04250553230850315 0.04137369035353723 0.04030260296314955 0.03928753678992902 0.03832423530707504 0.037408860551486046 0.03653794315587367 0.035708339334013815 0.0349171937222881 0.03416190717292903 0.033440108749753214 0.03274963130331041 0.03208849010523974 0.031454864105863935
0.008388408474298932 0.007866026856325996 0.007391744284034693 0.0069598539562596646 0.006565465656659299 0.006204370456716014 0.005872930668039941 0.005567989841401797 0.005286798775799395 0.005026954385906924 0.004786348952498632 0.004563127800387352 0.004355653850615041 0.004162477806556613 0.003982312978430124 0.003814013943297001 0.0036565583899197444 0.0035090316188598866 0.003370613264829907 0.0032405658858309723 0.003118225126072513 0.003002991210220302
