5.701977269330914 7.608529345590682
5.7019773542969965 7.608529345590682
5.701977269330914 7.608529458966604
4.443629882296322 5.971883103028484
4.443629948511567 5.971883103028484
4.443629882296322 5.9718831920164765
4.062003590403603 6.771484320688689
4.062003650932174 6.771484320688689
4.062003590403603 6.771484421591668
2.674166511184228 10.153014389849345
3.719696158337159 7.6187611098169175
3.719696213764951 7.6187611098169175
3.719696158337159 7.618761223345305
3.064043276577537 9.32472964423183
3.06404332223534 9.32472964423183
3.064043276577537 9.32472978318113
2.622606271702594 10.685326311022651
2.622606310782473 10.685326311022651
2.622606271702594 10.685326470246421
2.6695998400529413 10.596169679371126
2.6695998798330787 10.596169679371126
2.6695998400529413 10.596169837266359
2.6695895716512767 10.596811807762727
2.6695896114312614 10.596811807762727
2.6695895716512767 10.596811965667527
0.032421450173774846 2.6695895716512767 10.596811807762727 0.00022517848326639346
0.052026863247891485 0.05027711326081089 0.048646358168166134 0.047122885624688 0.0456964686582549 0.04435813812004143 0.04309999556486403 0.04191505845741479 0.040797131396678066 0.03974069841352917 0.03874083243815461 0.037793118836043686 0.03689359053330161 0.03603867273760208 0.03522513564256941 0.03445005380489649 0.033710771123206654 0.033004870539277434 0.03233014773622601 0.031684588232621436 0.031066347372420474 0.030473732792916465
0.008900946667564087 0.008388982030622457 0.00792241290544102 0.0074959426596443845 0.007105033085854677 0.006745776779280859 0.006414794002595896 0.0061091487988783645 0.005826280342128236 0.005563946431972325 0.00532017672919786 0.00509323385191647 0.004881580851733181 0.004683853896619278 0.004498839225149896 0.004325453622206231 0.004162727811638766 0.004009792276058612 0.003865865104870372 0.003730241544178382 0.0036022849803204553 0.0034814191355972664
