1.3791318837077684 5.145777420316694
1.379131904258435 5.145777420316694
1.3791318837077684 5.145777496994753
1.6181874006055714 9.743571013276282
1.6181874247184427 9.743571013276282
1.6181874006055714 9.743571158466805
3.090541970658843 9.342988339021536
3.090542016711507 9.342988339021536
3.090541970658843 9.342988478242912
4.395092094558698 6.66800628108431
4.395092160050673 6.66800628108431
4.395092094558698 6.668006380445346
4.975158082259753 5.559963729541
4.975158156395386 5.559963729541
4.975158082259753 5.559963812390915
5.0782603411059375 5.381306858799056
5.078260416777914 5.381306858799056
5.0782603411059375 5.381306938986778
5.080658460508588 5.377466557963186
5.080658536216299 5.377466557963186
5.080658460508588 5.377466638093682
0.0641294952984397 5.080658460508588 5.377466557963186 0.00018290375371871095
0.0508714689361543 0.049052888865671676 0.04736056304640103 0.04578193897093233 0.04430605562064247 0.042923301932753365 0.04162521744872685 0.04040432689003973 0.03925400218284878 0.038168346814644795 0.037142098457117176 0.03617054660605515 0.03524946262739815 0.034375040100370124 0.03354384374538935 0.03275276553982077 0.03199898687662939 0.031279945823337305 0.03059330870194711 0.02993694534282372 0.029308907473261592 0.028707409789549648
0.007292495850591732 0.0068062356582250134 0.006366906808342017 0.005968731894141485 0.005606784140632456 0.0052768434250700155 0.004975279576185202 0.00469895727633407 0.004445158169311814 0.004211516746751765 0.003995967326745491 0.0037967000072451425 0.0036121239163188173 0.0034408364227622654 0.0032815972372436794 0.003133306543527552 0.0029949864645291853 0.0028657652989424747 0.0027448640685331874 0.002631584999693088 0.002525301629964033 0.0024254502844104795
