7.918380696132692 7.842420119456472
7.918380814125759 7.842420119456472
7.918380696132692 7.842420236317638
5.081261257664615 5.054873438382698
5.081261333381308 5.054873438382698
5.081261257664615 5.054873513706182
5.098100972849347 4.968952350202238
5.098101048816972 4.968952350202238
5.098100972849347 4.968952424245398
5.450453607242078 4.23128262066802
5.450453688460166 4.23128262066802
5.450453607242078 4.231282683719044
5.490597344434869 4.177187466127203
5.490597426251146 4.177187466127203
5.490597344434869 4.177187528372146
5.487029062279324 4.184332506074753
5.487029144042428 4.184332506074753
5.487029062279324 4.184332568426166
0.08069315560515822 5.487029062279324 4.184332506074753 0.00037183081424636274
0.05172828754729122 0.04988575136766194 0.048170438433778925 0.04656978400382994 0.045072803865225 0.04366985663035762 0.04235244712297601 0.041113062905254884 0.03994503768463437 0.03884243664001067 0.03779995971458978 0.0368128597083045 0.0358768726186871 0.03498815816481176 0.0341432488139858 0.03333900593772715 0.03257258196931848 0.031841387632995155 0.031143063474710714 0.03047545505426229 0.029836591264450745 0.02922466532967002
0.007564872907405425 0.007058327556763183 0.0066006575445978705 0.006185866525127428 0.005808835517710535 0.005465175723264628 0.005151108909393192 0.004863369706341454 0.004599125410422396 0.004355909848766768 0.004131568593824391 0.003924213382911248 0.00373218403791176 0.0035540165232709688 0.0033884160493037043 0.0032342343396628594 0.0030904503494549916 0.0029561538537893678 0.002830531433005835 0.002712854466217969 0.0026024688135863373 0.0024987859233585774
