6.856785911423325 8.20162930185468
6.856786013597397 8.20162930185468
6.856785911423325 8.20162942406848
4.784160701292498 5.743679078182028
4.784160772582047 5.743679078182028
4.784160701292498 5.743679163769516
4.789309631895211 5.670171730982191
4.789309703261486 5.670171730982191
4.789309631895211 5.670171815474334
4.97645502270256 5.254355489410016
4.976455096857519 5.254355489410016
4.97645502270256 5.254355567706014
4.995916743626268 5.219205992914669
4.995916818071229 5.219205992914669
4.995916743626268 5.219206070686899
4.996070899196804 5.21893460632658
4.996070973644062 5.21893460632658
4.996070899196804 5.218934684094766
0.06362504027826532 4.996070899196804 5.21893460632658 0.0001538497444680535
0.0509180698033435 0.049111014165845374 0.04742868012502238 0.04585874062383111 0.04439042224668372 0.04301427084398034 0.04172195783874909 0.04050611930410455 0.03936022159127595 0.03827844858732265 0.03725560668657354 0.036287044341876906 0.03536858367400884 0.03449646209968562 0.03366728232032959 0.03287796931756169 0.03212573324446369 0.03140803729707065 0.030722569808405337 0.030067219935450584 0.029440056413841998 0.02883930894049405
0.0077576495406259695 0.007244210937342764 0.006779988778158544 0.006358966127900019 0.005976005682299484 0.005626701965332102 0.005307261319269185 0.005014403949355818 0.004745283567400132 0.004497421154098333 0.00426865010654217 0.004057070612132271 0.0038610115351116452 0.003678998448330354 0.0035097267139249733 0.003352038729807351 0.003204904627384337 0.0030674058397728013 0.0029387210665603146 0.002818114246739904 0.0027049242203243335 0.0025985558148111736
