1.0322259479443483 7.977415314164339
1.0322259633257136 7.977415314164339
1.0322259479443483 7.97741543303709
2.168839750993067 9.934471226035546
2.168839783311298 9.934471226035546
2.168839750993067 9.934471374070704
3.6775570234445887 7.562290030900052
3.6775570782444587 7.562290030900052
3.6775570234445887 7.562290143586955
4.71720193704186 5.360303171525733
4.717202007333647 5.360303171525733
4.71720193704186 5.360303251400475
5.179482163407498 4.523426532058896
5.179482240587797 4.523426532058896
5.179482163407498 4.523426599463204
5.314382860150913 4.282972049994591
5.314382939341389 4.282972049994591
5.314382860150913 4.282972113815847
5.345851756907053 4.224019507163335
5.345851836566452 4.224019507163335
5.345851756907053 4.2240195701061305
5.35338812421078 4.209467527906863
5.35338820398248 4.209467527906863
5.35338812421078 4.209467590632817
0.07938649053214941 5.35338812421078 4.209467527906863 0.0002459403937012063
0.052197573485628035 0.05034967932734065 0.048628785515934185 0.04702240646130275 0.045519620159732904 0.04411083406643271 0.04278759126522314 0.04154240917246801 0.04036864465453559 0.03926038070419997 0.03821233080363518 0.03721975786824964 0.03627840526735607 0.03538443789264693 0.03453439162235652 0.03372512982963129 0.03295380582461204 0.03221783031382497 0.0315148431175174 0.030842688513200225 0.030199393677820277 0.029583149786349097
0.007840061404825632 0.007319002528698813 0.006847897654526315 0.006420655373420753 0.006032070311044637 0.005677675340060205 0.005353621319711319 0.005056578744103738 0.004783656919840263 0.004532337240651631 0.004300417854527747 0.004085967581385921 0.0038872873763911827 0.0037028779754041063 0.003531412626971806 0.0033717140266096763 0.0032227347365880563 0.0030835405077480945 0.0029532960264590283 0.0028312526954149893 0.0027167381259758094 0.0026091470756177053
