7.647866551112892 3.8875733346740526
7.647866665074984 3.8875733346740526
7.647866551112892 3.8875733926034095
6.119722652840023 3.1224827355013463
6.119722744030997 3.1224827355013463
6.119722652840023 3.122482782029965
4.384824960760478 6.051001360532229
5.689218475674785 3.856510570218302
6.015335572515136 3.307851305530746
6.015335662150621 3.307851305530746
6.015335572515136 3.3078513548215716
5.803859836875175 3.6770540823479476
5.8038599233594255 3.6770540823479476
5.803859836875175 3.677054137140323
5.399075275827004 4.425572731302682
5.399075356279495 4.425572731302682
5.399075275827004 4.425572797248855
5.030401514705386 5.192521469196175
5.03040158966421 5.192521469196175
5.030401514705386 5.192521546570775
4.970699457166221 5.348344393227408
4.9706995312354145 5.348344393227408
4.970699457166221 5.34834447292395
4.975853772885925 5.338241807077537
4.9758538470319245 5.338241807077537
4.975853772885925 5.338241886623539
0.06495858389073084 4.975853772885925 5.338241807077537 0.00023016236765234656
0.05175508350372692 0.04991561579360774 0.04820328568400104 0.046605508151807314 0.04511128692438563 0.04371097438843939 0.04239607325070998 0.04115907181515936 0.03999330648386 0.03889284642686998 0.03785239640058214 0.03686721449842388 0.0359330422472026 0.035046044957749954 0.03420276063054391 0.03340005602888878 0.0326350887816678 0.031905274578137875 0.031208258679100924 0.030541891100082257 0.029904204929117127 0.029293397329264715
0.007460560961405715 0.006966601836299279 0.0065200309528026966 0.006115047934538715 0.0057467016966049915 0.005410747470551979 0.0051035307735923865 0.0048218927452853095 0.004563092524674961 0.004324743290685149 0.004104759314884082 0.0039013119344278205 0.0037127927852082603 0.0035377829714526984 0.003375027110962994 0.0032234114018744723 0.0030819450200989078 0.002949744286228277 0.0028260191440376728 0.0027100615755228817 0.0026012356440196166 0.002498968910765673
