7.760598342383212 2.2877847293528557
7.7605984580251395 2.2877847293528557
7.760598342383212 2.2877847634435047
6.5369539862531365 1.9346508162257274
6.536954083661342 1.9346508162257274
6.5369539862531365 1.9346508450542712
8.051499891775629 0.05292285943660513
6.924485179833572 1.4715186410228294
6.642380698293112 1.826589730514599
6.642380797272298 1.826589730514599
6.642380698293112 1.826589757732907
6.836027872316026 1.594924602755908
6.691583791701858 1.7693441799174816
6.691583891414227 1.7693441799174816
6.691583791701858 1.7693442062827645
6.789543912010873 1.6544711861997625
6.789544013182962 1.6544711861997625
6.789543912010873 1.6544712108533044
6.891442681952084 1.543077153410317
6.891442784642582 1.543077153410317
6.891442681952084 1.5430771764039584
6.9964489470401 1.4346074611046171
6.996449051295313 1.4346074611046171
6.9964489470401 1.4346074824819341
7.104749059633859 1.329426305621294
7.0246338890678555 1.4095055008438873
7.024633993743057 1.4095055008438873
7.0246338890678555 1.409505521847156
7.078504028315418 1.3566282319884977
7.038170047017233 1.3963564602142706
7.028085629446481 1.4062894021275962
7.028085734173118 1.4062894021275962
7.028085629446481 1.4062894230829412
0.22334869082748365 7.028085629446481 1.4062894021275962 0.0002545667922401744
0.054063133621668535 0.05215862223677874 0.05038412637531389 0.0487269665093319 0.047176036168095174 0.04572156889654265 0.044354944846039926 0.04306852946322802 0.04185553831361601 0.04070992329326878 0.03962627642990596 0.03859974821750089 0.03762597801365353 0.036701034492478676 0.03582136451468969 0.034983749071693576 0.034185265197729804 0.03342325293562288 0.032695286597057754 0.03199914968480566 0.03133281294779938 0.03069441512491415
0.008004028514544697 0.007471576007001709 0.0069900047412880025 0.0065531486041754015 0.006155730412303225 0.005793215335826139 0.005461691246474528 0.005157770582823251 0.004878509496435001 0.0046213409429358854 0.004384019078095612 0.004164572859748373 0.00396126717860959 0.0037725701722886467 0.0035971256378834644 0.003433729665262845 0.003281310777538535 0.003138912996526028 0.003005681356291432 0.002880849472670224 0.0027637288451853722 0.0026536996234112044
