8.883923010818041 5.345425156178551
8.88392314319881 5.345425156178551
8.883923010818041 5.345425235831592
5.816689839482648 3.520420582858304
5.816689926158081 3.520420582858304
5.816689839482648 3.5204206353166585
3.9764402623267703 6.820920812580859
5.362391471895404 4.348733181003702
5.362391551801264 4.348733181003702
5.362391471895404 4.348733245804876
4.952690692265466 5.199987572011135
4.952690766066309 5.199987572011135
4.952690692265466 5.199987649496988
4.265884796610283 6.6981419741380925
4.791425728685506 5.579136844665056
4.791425800083313 5.579136844665056
4.791425728685506 5.579136927800674
4.4520065249608205 6.330027543683679
4.452006591300887 6.330027543683679
4.4520065249608205 6.330027638008439
4.376519302198733 6.527164705967798
4.376519367413953 6.527164705967798
4.376519302198733 6.527164803230131
4.377011924295816 6.5273175863333535
4.377011989518376 6.5273175863333535
4.377011924295816 6.527317683597965
0.05507613576240389 4.377011924295816 6.5273175863333535 0.0002925304689904353
0.05278715845443754 0.050929468855526745 0.0491996928780423 0.04758519335878966 0.04607492825687792 0.04465920922774724 0.043329502310448194 0.04207826248543474 0.04089879563599291 0.03978514280715251 0.03873198270565466 0.03773454919961699 0.03678856121334901 0.03589016291327793 0.03503587247657061 0.03422253804847467 0.03344729974562548 0.032707556764296424 0.0320009388153424 0.031325281239538046 0.03067860326445333 0.030059088951872093
0.007516367525182744 0.007030937909586482 0.006591365237414987 0.006192093549484626 0.00582837576965358 0.005496137754793301 0.005191868016747465 0.004912527774870961 0.004655477204443198 0.004418414660307919 0.0041993263520012265 0.003996444481321436 0.0038082122660129196 0.0036332545936644083 0.0034703533000948403 0.003318426262877444 0.0031765096556056406 0.0030437428313845006 0.002919355401948459 0.0028026561571945466 0.0026930235329571867 0.002589897385761629
