2.2819426429981444 5.577835963776671
2.2819426770017395 5.577835963776671
2.2819426429981444 5.577836046892904
3.3161630242357734 7.2658477323047235
3.3161630736504533 7.2658477323047235
3.3161630242357734 7.265847840574292
4.91696319697397 4.84582921829848
4.916963270242432 4.84582921829848
4.91696319697397 4.845829290506962
6.360255291854229 2.2058778758685147
5.376046856473572 4.24999418141595
5.376046936582912 4.24999418141595
5.376046856473572 4.249994244745798
6.071724242264666 2.916149450840358
5.557449471822546 3.920544047793819
5.557449554634996 3.920544047793819
5.557449471822546 3.920544106214478
5.912794100291451 3.2575905104967875
5.912794188398949 3.2575905104967875
5.912794100291451 3.2575905590386687
6.3022702418310645 2.6140957298126195
6.302270335742209 2.6140957298126195
6.3022702418310645 2.614095768765681
6.420123275462099 2.46756335347983
6.420123371129391 2.46756335347983
6.420123275462099 2.4675633902493894
6.63232586484433 2.157056734454464
6.632325963673687 2.157056734454464
6.63232586484433 2.1570567665971145
6.693734696766478 2.0858582508020693
6.693734796510898 2.0858582508020693
6.693734696766478 2.0858582818837794
6.807404814632246 1.936057786336319
6.807404916070483 1.936057786336319
6.807404814632246 1.9360578151858283
6.926169265352499 1.790263135903292
6.926169368560464 1.790263135903292
6.926169265352499 1.7902631625802914
7.0491055988263005 1.6479686076817532
7.049105703866159 1.6479686076817532
7.0491055988263005 1.647968632238399
7.176605408586709 1.5097482279947056
7.176605515526463 1.5097482279947056
7.176605408586709 1.5097482504917075
7.2113219779495505 1.4780492218622459
7.211322085406621 1.4780492218622459
7.2113219779495505 1.4780492438868955
7.277133175801403 1.4108989802413305
7.227874871436082 1.4613603479712
7.227874979139811 1.4613603479712
7.227874871436082 1.4613603697471662
7.211416858435451 1.4781427972143457
7.211416965893936 1.4781427972143457
7.211416858435451 1.4781428192403898
7.22787430400661 1.461359791530022
7.215560021561675 1.4739754840550694
7.215560129081898 1.4739754840550694
7.215560021561675 1.4739755060190156
0.21696238277571278 7.215560021561675 1.4739754840550694 0.00015502239335813347
0.0527940838729482 0.05091059496653464 0.049156978307199985 0.047520441493500556 0.045989794971739724 0.044555212219983674 0.04320803112392958 0.04194058863518984 0.04074608246833443 0.0396184548794505 0.03855229456844181 0.03754275352833131 0.03658547627861737 0.035676539404694944 0.03481239971052922 0.03398984959923388 0.033205978542829175 0.032458139701201906 0.03174392091118021 0.031061119397445745 0.030407719663808914 0.029781874110926528
0.00747131878706245 0.006966945871690726 0.006511412934756423 0.006098723915186017 0.005723758385869002 0.005382125300481118 0.005070043952757615 0.004784246612557524 0.004521898517215463 0.004280531826740589 0.00405799086771522 0.0038523865452986636 0.003662058234265835 0.0034855417974634616 0.003321542645225602 0.003168912958616474 0.0030266323653678185 0.0028937914895980008 0.0027695779021646464 0.0026532640834562703 0.0025441970789408263 0.0024417895832583485
