4.363030365834087 8.40695475853363
4.363030430848306 8.40695475853363
4.363030365834087 8.406954883807018
3.9537576955072544 7.5507002309042575
3.9537577544228353 7.5507002309042575
3.9537576955072544 7.550700343418459
4.944805190937219 5.0377261881481505
4.944805264620558 5.0377261881481505
4.944805190937219 5.03772626321612
5.123856590024666 4.847760452951709
5.12385666637608 4.847760452951709
5.123856590024666 4.847760525188969
5.3522405493487835 4.3782646559747525
5.352240629103383 4.3782646559747525
5.3522405493487835 4.37826472121598
5.826694493861766 3.448084243603893
5.82669458068628 3.448084243603893
5.826694493861766 3.448084294984352
6.359030914033068 2.549774675146809
5.973824432234884 3.2324475925025102
5.973824521251805 3.2324475925025102
5.973824432234884 3.232447640669733
6.2382657612865735 2.7822739374037653
6.238265854243977 2.7822739374037653
6.2382657612865735 2.782273978862878
6.524389574546823 2.3455604160410743
6.524389671767803 2.3455604160410743
6.524389574546823 2.345560450992648
6.832579640222233 1.9241290222477625
6.608087388894306 2.2454041786445527
6.608087487362481 2.2454041786445527
6.608087388894306 2.2454042121036824
6.761038344279164 2.0338565733384275
6.761038445026487 2.0338565733384275
6.761038344279164 2.033856603645252
6.923058982837258 1.8291721900916234
6.923059085998876 1.8291721900916234
6.923058982837258 1.829172217348413
7.092918298966929 1.630944551282457
7.092918404659647 1.630944551282457
7.092918298966929 1.6309445755854246
7.140410741421085 1.586182771673819
7.140410847821496 1.586182771673819
7.140410741421085 1.5861827953097842
7.229126927592334 1.4904433632402885
7.162767916432633 1.5624142215181749
7.162768023166192 1.5624142215181749
7.162767916432633 1.5624142447999612
7.207364108085736 1.514766255202357
7.20736421548383 1.514766255202357
7.207364108085736 1.5147662777741333
7.252769406750718 1.4678886714640997
7.252769514825404 1.4678886714640997
7.252769406750718 1.4678886933373454
7.29877879878088 1.4216038483683109
7.264490452620945 1.4565390504811044
7.264490560870287 1.4565390504811044
7.264490452620945 1.4565390721852276
7.241577555926068 1.4797723545089072
7.2587760298275255 1.462360955266091
7.263075728805425 1.4580080234982193
7.2630758370336865 1.4580080234982193
7.263075728805425 1.4580080452242319
0.2153623700635079 7.263075728805425 1.4580080234982193 0.0001370844505677242
0.05211549073639601 0.050253380504162656 0.04851982495213362 0.04690214603581938 0.045389256156952475 0.043971419913741316 0.04264005682403486 0.04138757714429001 0.04020724456827058 0.03909306087168514 0.03803966856487168 0.037042268393635495 0.03609654913955171 0.03519862765382192 0.034344997442109844 0.0335324844236935 0.032758208733589006 0.03201955163394849 0.03131412676099775 0.03063975506380849 0.029994442897342145 0.029376362819198604
0.007529474014614566 0.007020275482988123 0.006560463439266458 0.006143965133226782 0.005765596046770369 0.00542091130243904 0.005106084763144951 0.004817810181148204 0.004553219993749436 0.004309818312130525 0.00408542538029005 0.0038781313463334363 0.0036862576280898935 0.003508324498746457 0.003343023788167784 0.0031891958086230775 0.0030458097825369194 0.0029119471843625138 0.002786787516215347 0.002669596123258144 0.002559713724448534 0.00245654739061145
