6.581889731814282 3.510514177779453
6.5818898298920825 3.510514177779453
6.581889731814282 3.5105142300901906
5.910121590000647 3.160687380963563
5.910121678068322 3.160687380963563
5.910121590000647 3.1606874280614754
4.085102731518322 6.255775225174094
5.453562722306051 3.93442898609456
5.453562803570469 3.93442898609456
5.453562722306051 3.9344290447221204
5.100507647299394 4.648079818512824
5.100507723302881 4.648079818512824
5.100507647299394 4.64807988777461
4.410345704731474 6.083161028559079
4.936620795937765 5.010884792432119
4.936620869499147 5.010884792432119
4.936620795937765 5.010884867100121
4.597448510638857 5.7312371766749655
4.597448579146179 5.7312371766749655
4.597448510638857 5.731237262077054
4.262398327478246 6.502453171854382
4.262398390992931 6.502453171854382
4.262398327478246 6.502453268748485
4.286755200457679 6.467466872808225
4.2867552643353095 6.467466872808225
4.286755200457679 6.467466969180991
4.288464585827068 6.463535063591349
4.28846464973017 6.463535063591349
4.288464585827068 6.463535159905527
0.05369039064021064 4.288464585827068 6.463535063591349 0.0002369775185220192
0.05267975436357765 0.05083732996176736 0.0491211890572608 0.04751891138916667 0.046019637590464076 0.04461383395810346 0.04329309808072598 0.04204999736092959 0.040877934177363934 0.03977103274262548 0.03872404372527295 0.03773226349123157 0.03679146543535982 0.035897841358211016 0.0350479512261711 0.034238679957958894 0.03346720012421217 0.0327309396427637 0.032027553710391975 0.031354900340150114 0.030711018977940527 0.030094111757566967
0.00794854731711534 0.0074386142306292966 0.006976586236920299 0.006556689984789341 0.006173988274256965 0.005824240253472844 0.005503787877543256 0.005209463193841741 0.004938512239799051 0.004688532265968789 0.004457419704933186 0.004243326850465835 0.004044625631763784 0.0038598771943957515 0.0036878062551171952 0.0035272793985110856 0.0033772866420461512 0.003236925722081345 0.0031053886538032287 0.0029819501985857482 0.0028659579370601857 0.0027568236985639565
