5.331652059126344 8.306459732461068
5.33165213857415 8.306459732461068
5.331652059126344 8.306459856236964
4.212886967853022 6.597299829746326
4.21288703062993 6.597299829746326
4.212886967853022 6.597299928053754
3.9777555890322547 7.0954768234087995
3.9777556483054317 7.0954768234087995
3.9777555890322547 7.095476929139643
3.0890677578789782 9.299760168729765
3.7570876323892497 7.6471516355873215
3.757087688374218 7.6471516355873215
3.7570876323892497 7.647151749538761
3.3289319687222805 8.755682424331921
3.328932018327232 8.755682424331921
3.3289319687222805 8.755682554801757
3.23697968602576 9.049366167078102
3.236979734260516 9.049366167078102
3.23697968602576 9.049366301924165
3.2385226784154306 9.047568445205403
3.238522726673179 9.047568445205403
3.2385226784154306 9.047568580024679
0.03798259933780623 3.2385226784154306 9.047568445205403 0.00020552693952123716
0.05213642355307376 0.05035272581869219 0.048690712236351394 0.04713841089588552 0.045685362384719604 0.04432238963333596 0.043041408283041496 0.04183526954280716 0.0406976292602818 0.03962283827169208 0.03860585012347923 0.037642143053153956 0.03672765373513054 0.03585872078143817 0.03503203636862296 0.034244604664393476 0.033493705968398374 0.032776865674449575 0.032091827316845144 0.03143652908912936 0.03080908332579462 0.030207758520853105
0.008518990238935362 0.008005148873311814 0.007537977896266837 0.007111960106350023 0.006722371715583084 0.00636514922651635 0.006036781632451866 0.005734222593016058 0.005454818471104857 0.005196249043969733 0.0049564784024843525 0.0047337140870746105 0.004526372918884233 0.004333052301481475 0.004152506014578846 0.003983623713711302 0.0038254135011783806 0.0036769870532430316 0.00353754688372399 0.0034063754001371943 0.00328282546957601 0.0031663122607533136
