2.8863904385002623 4.432855989326489
2.8863904815108317 4.432855989326489
2.8863904385002623 4.43285605538119
3.188375503455934 7.377639767229754
3.1883755509664313 7.377639767229754
3.188375503455934 7.377639877165153
4.516788815959296 5.743989659495441
4.516788883264694 5.743989659495441
4.516788815959296 5.743989745087557
5.438834272393353 3.9666999933500233
5.438834353438299 3.9666999933500233
5.438834272393353 3.9667000524584592
5.945872257171413 3.1359727637011403
5.9458723457718134 3.1359727637011403
5.945872257171413 3.135972810430776
6.1918047941343515 2.7641588428623063
6.191804886399432 2.7641588428623063
6.1918047941343515 2.764158884051483
6.296360839503456 2.6113016101281725
6.296360933326544 2.6113016101281725
6.296360839503456 2.6113016490395986
6.338535836865834 2.5493928206636256
6.338535931317378 2.5493928206636256
6.338535836865834 2.549392858652539
6.357988065359179 2.520571294930593
6.357988160100584 2.520571294930593
6.357988065359179 2.5205713324900323
6.3666511472170075 2.507728389998252
6.366651242087502 2.507728389998252
6.3666511472170075 2.507728427366317
0.13437233025886908 6.3666511472170075 2.507728389998252 0.00022744951044774745
0.05305680370715498 0.051167351134556595 0.049408027956608334 0.04776602993777868 0.046230155702896555 0.04479056710866679 0.04343859074723238 0.04216655268820548 0.040967640227300865 0.03983578569310345 0.03876556836071808 0.037752131300417505 0.036791110601942886 0.03587857489913797 0.03501097350407756 0.03418509176679158 0.033398012522918935 0.032647082690078474 0.03192988423441696 0.031244208859439484 0.03058803587590908 0.029959512799066158
0.007492427922978682 0.006987584925401963 0.006531551727258019 0.006118344391155227 0.005742851720005323 0.0054006896575149975 0.005088082751082272 0.004801767177048585 0.004538911033646534 0.00429704853051553 0.004074025415066619 0.0038679535268642084 0.0036771727999536214 0.0035002193684267264 0.003335798694090249 0.003182762843218784 0.003040091204449461 0.002906874071385984 0.0027822986186984418 0.0026656368850372565 0.0025562354442654413 0.0024535065017286905
