8.244834213522497 1.6178143456939456
8.2448343363801 1.6178143456939456
8.244834213522497 1.617814369801258
7.268415076726636 1.4322175225622396
7.268415185034461 1.4322175225622396
7.268415076726636 1.4322175439039437
5.050345686693211 3.667035483106077
6.72185551725979 1.998709220596017
7.14001030254974 1.5813474196911925
7.1400104089441845 1.5813474196911925
7.14001030254974 1.5813474432551053
6.875918547598148 1.8731788675562817
7.076428589841636 1.6564423187948067
7.076428695288639 1.6564423187948067
7.076428589841636 1.6564423434777207
6.946076575452373 1.8038731995280264
7.044352632034467 1.6937465068481905
7.044352737003502 1.6937465068481905
7.044352632034467 1.6937465320869802
6.979610923958069 1.7678436680463658
6.979611027962377 1.7678436680463658
6.979610923958069 1.7678436943892892
7.043915138617472 1.693366516923922
6.996125910507717 1.74961257926491
6.996126014758118 1.74961257926491
6.996125910507717 1.7496126053361691
6.964163071735252 1.7870137350381592
6.988161453865395 1.758985240312641
6.988161557997115 1.758985240312641
6.988161453865395 1.7589852665235635
0.19012624777908105 6.988161453865395 1.758985240312641 0.0001959765687804878
0.053295334400053206 0.051391009841543496 0.04961815468112178 0.04796380352230204 0.04641661743393748 0.044966640311491266 0.043605097136443796 0.04232422607922128 0.04111713808940547 0.039977698928111344 0.03890042961574305 0.037880422063865 0.0369132672849105 0.035994994067118466 0.03512201639407518 0.03429108820105931 0.033499264311246744 0.032743866596946176 0.032022454574615576 0.03133279977537925 0.030672863341308417 0.030040776386693033
0.007238086889620217 0.006748458542595238 0.006306327108686625 0.005905851494245615 0.0055420450094778705 0.00521063243403244 0.004907933718699669 0.004630768896634502 0.004376379969502393 0.004142366446621565 0.003926631917781907 0.0037273395841574855 0.003542875094672397 0.0033718153657985124 0.003212902322458876 0.0030650207026526335 0.002927179230885769 0.002798494594858132 0.002678177763307202 0.0025655222659788403 0.0024598941236693645 0.002360723170492129
