8.544448844578941 5.090620422514893
8.54444897190115 5.090620422514893
8.544448844578941 5.090620498371048
5.687276377623469 3.404470218032646
5.687276462370491 3.404470218032646
5.687276377623469 3.4044702687632054
7.530814000549653 0.1971451221557574
6.159938073595453 2.6095244660957517
6.159938165385683 2.6095244660957517
6.159938073595453 2.6095245049806963
6.689038924449556 1.8509731382430545
6.307974910265398 2.431917219062142
6.307975004261549 2.431917219062142
6.307974910265398 2.4319172553005326
6.570835639972232 2.0514685449700942
6.374980659989363 2.3377097920382877
6.374980754983977 2.3377097920382877
6.374980659989363 2.337709826872878
6.50826157967554 2.1487774346780184
6.508261676656194 2.1487774346780184
6.50826157967554 2.148777466697297
6.648172567599115 1.9647009433263232
6.648172666664606 1.9647009433263232
6.648172567599115 1.9647009726026485
6.7937257917872484 1.7850526810510072
6.686448506774354 1.9213863391969455
6.686448606410202 1.9213863391969455
6.686448506774354 1.9213863678278331
6.6144315537055665 2.0118206704722605
6.668568049447843 1.9440929430480862
6.668568148817251 1.9440929430480862
6.668568049447843 1.9440929720173286
6.650655972460136 1.9667746120925875
6.650656071562633 1.9667746120925875
6.650655972460136 1.966774641399813
6.655163000846123 1.9611272247834841
6.65516310001578 1.9611272247834841
6.655163000846123 1.961127254006557
0.16981016327309895 6.655163000846123 1.9611272247834841 0.0002125760529948414
0.053959945794369704 0.052047536855830905 0.0502663042930588 0.04860339466884621 0.0470475566896125 0.0455889027377881 0.04421871115102962 0.042929261465319855 0.04171369646948742 0.04056590617981242 0.03948042982465645 0.038452372696956234 0.03747733533668143 0.03655135298339241 0.03567084361916228 0.03483256322590416 0.0340335671250731 0.03327117646448633 0.032542949076454074 0.031846654061170834 0.031180249555352337 0.030541863233102432
0.007620671675846133 0.007109927764559847 0.00664831315070543 0.00622983599611334 0.005849373679935274 0.0055025285876735995 0.005185510551793712 0.0048950405591736065 0.004628271513631941 0.004382722742186226 0.004156225628533889 0.003946878296218828 0.003753007684105932 0.0035731376859216824 0.003405962284669597 0.003250322817555962 0.0031051886697367566 0.002969640824955382 0.0028428578050790905 0.002724103614138144 0.0026127173699738966 0.002508104361318747
