6.89193065074763 1.1473503746112348
6.8919307534454 1.1473503746112348
6.89193065074763 1.1473503917080876
1.7893176795177697 5.920029060912249
5.866560101588526 2.561408470295198
5.8665601890070835 2.561408470295198
5.866560101588526 2.5614085084631584
5.308718996359006 4.216630015094717
5.308719075465083 4.216630015094717
5.308718996359006 4.216630077927401
3.858432771778089 7.394750546320622
5.05827121190683 5.053297316072857
5.058271287280945 5.053297316072857
5.05827121190683 5.053297391372856
4.326684341530892 6.639401257227326
4.326684406003513 6.639401257227326
4.326684341530892 6.639401356162114
3.8759207100089217 7.818491290239659
3.875920767764641 7.818491290239659
3.8759207100089217 7.818491406744258
3.9296259102615796 7.727713500040932
3.9296259688175685 7.727713500040932
3.9296259102615796 7.727713615192837
3.931033003449998 7.724622043321683
3.9310330620269545 7.724622043321683
3.931033003449998 7.724622158427522
0.04484574306794864 3.931033003449998 7.724622043321683 0.0002291975179833993
0.05137899023685557 0.049581600206623784 0.0479079523574093 0.0463457992649348 0.04488444528666749 0.04351451038377435 0.042227735438458 0.041016820874059425 0.03987529216817362 0.038797387210394475 0.03777796150322897 0.036812408015290295 0.03589658912752924 0.03502677860853684 0.034199611945593754 0.033412043668008096 0.03266131054641 0.0319448997497845 0.031260521201640946 0.030606083505930335 0.029979672918402468 0.029379534924929573
0.007856869221130689 0.007359567844094043 0.006908742010301934 0.0064987917078491945 0.006124931460765467 0.005783052994703188 0.005469614013149132 0.00518154759700849 0.004916187995873483 0.004671209525692867 0.004444576005987016 0.004234498718792894 0.004039401293823636 0.003857890251160766 0.003688730187251561 0.003530822789222304 0.00338318901937887 0.0032449539359150513 0.003115333714606457 0.0029936245152099223 0.002879192899687128 0.0027714675605165513
