4.874933798772531 7.786610196424686
4.874933871414705 7.786610196424686
4.874933798772531 7.786610312454219
4.317287980703084 6.865427487607889
4.3172880450356885 6.865427487607889
4.317287980703084 6.86542758991073
4.980786427990165 5.248239057287146
4.980786502209667 5.248239057287146
4.980786427990165 5.2482391354920015
6.263042857586699 2.576359701597839
5.325295790591929 4.59229824308037
5.325295869945021 4.59229824308037
5.325295790591929 4.592298311510946
5.988435289410343 3.2671468495569904
5.496575586666302 4.263817658231962
5.496575668571661 4.263817658231962
5.496575586666302 4.263817721767796
5.835372393799356 3.6049081226058863
5.835372480753181 3.6049081226058863
5.835372393799356 3.604908176323203
6.202929593448068 2.9615988986327495
6.202929685878922 2.9615988986327495
6.202929593448068 2.961598942764012
6.31166179559574 2.811644325486329
6.31166188964683 2.811644325486329
6.31166179559574 2.811644367383094
6.5093800404144115 2.498365282408988
6.3618112489618905 2.7337835601745994
6.361811343760265 2.7337835601745994
6.3618112489618905 2.733783600911149
6.461578282572147 2.5777207369397956
6.461578378857167 2.5777207369397956
6.461578282572147 2.5777207753508278
6.564648211411927 2.4238192893820476
6.564648309232808 2.4238192893820476
6.564648211411927 2.4238193254997698
6.6704521045195175 2.2717844183994824
6.670452203917 2.2717844183994824
6.6704521045195175 2.2717844522517083
6.779270967578664 2.121892721384863
6.698689512031955 2.235083390771642
6.698689611850208 2.235083390771642
6.698689512031955 2.23508342407698
6.752866848069374 2.159969592387187
6.712302573982832 2.2163547042904086
6.712302674003935 2.2163547042904086
6.712302573982832 2.216354737316667
6.71241415234398 2.21625292058946
6.712414252366745 2.21625292058946
6.71241415234398 2.216252953614202
0.1431298810454138 6.71241415234398 2.21625292058946 0.00018935574684579757
0.0508058333561336 0.04898381035888367 0.04728795707241533 0.045705792383007045 0.04422640577822798 0.04284022132892912 0.041538802390614644 0.04031468917018704 0.03916126296575932 0.03807263216873083 0.03704353611167267 0.03606926362166618 0.03514558374793423 0.03426868661341701 0.0334351327214303 0.032641809352767906 0.0318858929324087 0.03116481644128803 0.03047624110737096 0.02981803173925563 0.029188235170773777 0.02858506137126648
0.007558662841580032 0.007045097523333633 0.006581552876642152 0.006161852696258325 0.005780727852167231 0.005433663924476092 0.005116777348971853 0.0048267142406186675 0.004560567348870634 0.004315807582513585 0.004090227298197879 0.0038818931315369844 0.0036891066039518817 0.0035103710931974888 0.003344364033878879 0.0031899134337333825 0.0030459779652785386 0.002911630030712314 0.0027860413084426863 0.002668470378276212 0.002558252093715871 0.002454788427584212
